2023-01-10 14:50:58,757 - INFO - setup : Browser Launched!
2023-01-10 14:51:12,200 - INFO - <module> : Go to Outages & Incidents > Report Streetlight And Safety Concerns
2023-01-10 14:51:12,200 - INFO - <module> : Go to Outages & Incidents > Report Streetlight And Safety Concerns
2023-01-10 14:51:12,200 - INFO - <module> : Go to Outages & Incidents > Report Streetlight And Safety Concerns
2023-01-10 14:51:12,200 - INFO - <module> : Go to Outages & Incidents > Report Streetlight And Safety Concerns
2023-01-10 14:51:12,200 - INFO - <module> : Go to Outages & Incidents > Report Streetlight And Safety Concerns
2023-01-10 14:51:21,427 - INFO - <module> : Opened: https://fuat-meralco.cs73.force.com/customers/s/outagemap
2023-01-10 14:51:21,427 - INFO - <module> : Opened: https://fuat-meralco.cs73.force.com/customers/s/outagemap
2023-01-10 14:51:21,427 - INFO - <module> : Opened: https://fuat-meralco.cs73.force.com/customers/s/outagemap
2023-01-10 14:51:21,427 - INFO - <module> : Opened: https://fuat-meralco.cs73.force.com/customers/s/outagemap
2023-01-10 14:51:21,427 - INFO - <module> : Opened: https://fuat-meralco.cs73.force.com/customers/s/outagemap
2023-01-10 14:51:24,267 - INFO - <module> : Meralco would like to access your location to identify if your area is affected by an outage. exists
2023-01-10 14:51:24,267 - INFO - <module> : Meralco would like to access your location to identify if your area is affected by an outage. exists
2023-01-10 14:51:24,267 - INFO - <module> : Meralco would like to access your location to identify if your area is affected by an outage. exists
2023-01-10 14:51:24,267 - INFO - <module> : Meralco would like to access your location to identify if your area is affected by an outage. exists
2023-01-10 14:51:24,267 - INFO - <module> : Meralco would like to access your location to identify if your area is affected by an outage. exists
2023-01-10 14:51:26,367 - INFO - <module> : Clicked
2023-01-10 14:51:26,367 - INFO - <module> : Clicked
2023-01-10 14:51:26,367 - INFO - <module> : Clicked
2023-01-10 14:51:26,367 - INFO - <module> : Clicked
2023-01-10 14:51:26,367 - INFO - <module> : Clicked
2023-01-10 14:51:31,013 - INFO - <module> : Clicked
2023-01-10 14:51:31,013 - INFO - <module> : Clicked
2023-01-10 14:51:31,013 - INFO - <module> : Clicked
2023-01-10 14:51:31,013 - INFO - <module> : Clicked
2023-01-10 14:51:31,013 - INFO - <module> : Clicked
2023-01-10 14:51:35,105 - INFO - setup : Close Browser
