2022-11-18 15:02:10,195 - INFO - setup : Browser Launched!
2022-11-18 15:02:20,317 - INFO - <module> : Go to lower right of Internal Map
2022-11-18 15:02:20,317 - INFO - <module> : Go to lower right of Internal Map
2022-11-18 15:02:20,317 - INFO - <module> : Go to lower right of Internal Map
2022-11-18 15:02:20,317 - INFO - <module> : Go to lower right of Internal Map
2022-11-18 15:02:22,531 - INFO - <module> : Opened: https://outage-api.meralco.com.ph/
2022-11-18 15:02:22,531 - INFO - <module> : Opened: https://outage-api.meralco.com.ph/
2022-11-18 15:02:22,531 - INFO - <module> : Opened: https://outage-api.meralco.com.ph/
2022-11-18 15:02:22,531 - INFO - <module> : Opened: https://outage-api.meralco.com.ph/
2022-11-18 15:02:25,386 - INFO - <module> : input: v-agsealmoy@meralco.com.ph
2022-11-18 15:02:25,386 - INFO - <module> : input: v-agsealmoy@meralco.com.ph
2022-11-18 15:02:25,386 - INFO - <module> : input: v-agsealmoy@meralco.com.ph
2022-11-18 15:02:25,386 - INFO - <module> : input: v-agsealmoy@meralco.com.ph
2022-11-18 15:02:25,476 - INFO - <module> : Clicked
2022-11-18 15:02:25,476 - INFO - <module> : Clicked
2022-11-18 15:02:25,476 - INFO - <module> : Clicked
2022-11-18 15:02:25,476 - INFO - <module> : Clicked
2022-11-18 15:02:26,585 - INFO - <module> : input: Meco@@##00018
2022-11-18 15:02:26,585 - INFO - <module> : input: Meco@@##00018
2022-11-18 15:02:26,585 - INFO - <module> : input: Meco@@##00018
2022-11-18 15:02:26,585 - INFO - <module> : input: Meco@@##00018
2022-11-18 15:02:27,162 - INFO - <module> : Clicked
2022-11-18 15:02:27,162 - INFO - <module> : Clicked
2022-11-18 15:02:27,162 - INFO - <module> : Clicked
2022-11-18 15:02:27,162 - INFO - <module> : Clicked
2022-11-18 15:02:27,842 - INFO - <module> : Clicked
2022-11-18 15:02:27,842 - INFO - <module> : Clicked
2022-11-18 15:02:27,842 - INFO - <module> : Clicked
2022-11-18 15:02:27,842 - INFO - <module> : Clicked
2022-11-18 15:02:56,067 - INFO - <module> : Clicked
2022-11-18 15:02:56,067 - INFO - <module> : Clicked
2022-11-18 15:02:56,067 - INFO - <module> : Clicked
2022-11-18 15:02:56,067 - INFO - <module> : Clicked
2022-11-18 15:03:29,195 - INFO - <module> : Go to lower right of Internal Map
2022-11-18 15:03:29,195 - INFO - <module> : Go to lower right of Internal Map
2022-11-18 15:03:29,195 - INFO - <module> : Go to lower right of Internal Map
2022-11-18 15:03:29,195 - INFO - <module> : Go to lower right of Internal Map
2022-11-18 15:03:32,279 - INFO - <module> : Click Street View icon
2022-11-18 15:03:32,279 - INFO - <module> : Click Street View icon
2022-11-18 15:03:32,279 - INFO - <module> : Click Street View icon
2022-11-18 15:03:32,279 - INFO - <module> : Click Street View icon
2022-11-18 15:03:46,930 - INFO - <module> : Click X at the lower right
2022-11-18 15:03:46,930 - INFO - <module> : Click X at the lower right
2022-11-18 15:03:46,930 - INFO - <module> : Click X at the lower right
2022-11-18 15:03:46,930 - INFO - <module> : Click X at the lower right
2022-11-18 15:03:47,092 - INFO - <module> : Clicked
2022-11-18 15:03:47,092 - INFO - <module> : Clicked
2022-11-18 15:03:47,092 - INFO - <module> : Clicked
2022-11-18 15:03:47,092 - INFO - <module> : Clicked
2022-11-18 15:03:49,665 - INFO - setup : Close Browser
