2022-12-27 13:08:26,273 - INFO - setup : Browser Launched!
2022-12-27 13:08:39,376 - INFO - <module> : Opened: https://fuat-meralco.cs73.force.com/customers/s/cxe-apply
2022-12-27 13:08:39,376 - INFO - <module> : Opened: https://fuat-meralco.cs73.force.com/customers/s/cxe-apply
2022-12-27 13:08:39,376 - INFO - <module> : Opened: https://fuat-meralco.cs73.force.com/customers/s/cxe-apply
2022-12-27 13:08:39,376 - INFO - <module> : Opened: https://fuat-meralco.cs73.force.com/customers/s/cxe-apply
2022-12-27 13:08:40,764 - INFO - <module> : Service Application exists
2022-12-27 13:08:40,764 - INFO - <module> : Service Application exists
2022-12-27 13:08:40,764 - INFO - <module> : Service Application exists
2022-12-27 13:08:40,764 - INFO - <module> : Service Application exists
2022-12-27 13:08:43,746 - INFO - <module> : Clicked
2022-12-27 13:08:43,746 - INFO - <module> : Clicked
2022-12-27 13:08:43,746 - INFO - <module> : Clicked
2022-12-27 13:08:43,746 - INFO - <module> : Clicked
2022-12-27 13:08:43,792 - INFO - <module> : Start Service exists
2022-12-27 13:08:43,792 - INFO - <module> : Start Service exists
2022-12-27 13:08:43,792 - INFO - <module> : Start Service exists
2022-12-27 13:08:43,792 - INFO - <module> : Start Service exists
2022-12-27 13:08:43,837 - INFO - <module> : Modify Service exists
2022-12-27 13:08:43,837 - INFO - <module> : Modify Service exists
2022-12-27 13:08:43,837 - INFO - <module> : Modify Service exists
2022-12-27 13:08:43,837 - INFO - <module> : Modify Service exists
2022-12-27 13:08:43,883 - INFO - <module> : Reactivate Service exists
2022-12-27 13:08:43,883 - INFO - <module> : Reactivate Service exists
2022-12-27 13:08:43,883 - INFO - <module> : Reactivate Service exists
2022-12-27 13:08:43,883 - INFO - <module> : Reactivate Service exists
2022-12-27 13:08:43,927 - INFO - <module> : Stop Service exists
2022-12-27 13:08:43,927 - INFO - <module> : Stop Service exists
2022-12-27 13:08:43,927 - INFO - <module> : Stop Service exists
2022-12-27 13:08:43,927 - INFO - <module> : Stop Service exists
2022-12-27 13:08:47,205 - INFO - <module> : Clicked
2022-12-27 13:08:47,205 - INFO - <module> : Clicked
2022-12-27 13:08:47,205 - INFO - <module> : Clicked
2022-12-27 13:08:47,205 - INFO - <module> : Clicked
2022-12-27 13:08:47,299 - INFO - <module> : Requests exists
2022-12-27 13:08:47,299 - INFO - <module> : Requests exists
2022-12-27 13:08:47,299 - INFO - <module> : Requests exists
2022-12-27 13:08:47,299 - INFO - <module> : Requests exists
2022-12-27 13:08:50,355 - INFO - <module> :  exists
2022-12-27 13:08:50,355 - INFO - <module> :  exists
2022-12-27 13:08:50,355 - INFO - <module> :  exists
2022-12-27 13:08:50,355 - INFO - <module> :  exists
2022-12-27 13:08:53,630 - INFO - <module> : input: 3535069832
2022-12-27 13:08:53,630 - INFO - <module> : input: 3535069832
2022-12-27 13:08:53,630 - INFO - <module> : input: 3535069832
2022-12-27 13:08:53,630 - INFO - <module> : input: 3535069832
2022-12-27 13:08:56,813 - INFO - setup : Close Browser
