2022-10-12 16:24:59,935 - INFO - setup : Browser Launched!
2022-10-12 16:25:07,285 - INFO - <module> : Go to External Map 
2022-10-12 16:25:07,285 - INFO - <module> : Go to External Map 
2022-10-12 16:25:07,285 - INFO - <module> : Go to External Map 
2022-10-12 16:25:08,401 - INFO - <module> : Opened: https://fuat-meralco.cs73.force.com/customers/s/outagemap
2022-10-12 16:25:08,401 - INFO - <module> : Opened: https://fuat-meralco.cs73.force.com/customers/s/outagemap
2022-10-12 16:25:08,401 - INFO - <module> : Opened: https://fuat-meralco.cs73.force.com/customers/s/outagemap
2022-10-12 16:25:13,967 - INFO - <module> : Meralco would like to access your location to identify if your area is affected by an outage. exists
2022-10-12 16:25:13,967 - INFO - <module> : Meralco would like to access your location to identify if your area is affected by an outage. exists
2022-10-12 16:25:13,967 - INFO - <module> : Meralco would like to access your location to identify if your area is affected by an outage. exists
2022-10-12 16:25:16,933 - INFO - <module> : Select weather information to be displayed
2022-10-12 16:25:16,933 - INFO - <module> : Select weather information to be displayed
2022-10-12 16:25:16,933 - INFO - <module> : Select weather information to be displayed
2022-10-12 16:25:17,060 - INFO - <module> : Disagree clicked
2022-10-12 16:25:17,060 - INFO - <module> : Disagree clicked
2022-10-12 16:25:17,060 - INFO - <module> : Disagree clicked
2022-10-12 16:25:17,546 - INFO - <module> :  clicked
2022-10-12 16:25:17,546 - INFO - <module> :  clicked
2022-10-12 16:25:17,546 - INFO - <module> :  clicked
2022-10-12 16:25:19,965 - INFO - <module> :  clicked
2022-10-12 16:25:19,965 - INFO - <module> :  clicked
2022-10-12 16:25:19,965 - INFO - <module> :  clicked
2022-10-12 16:25:21,674 - INFO - setup : Close Browser
