2022-11-23 15:45:09,457 - INFO - setup : Browser Launched!
2022-11-23 15:45:17,016 - INFO - <module> : Opened: https://fuat-meralco.cs73.force.com/customers/s/contact
2022-11-23 15:45:17,016 - INFO - <module> : Opened: https://fuat-meralco.cs73.force.com/customers/s/contact
2022-11-23 15:45:17,016 - INFO - <module> : Opened: https://fuat-meralco.cs73.force.com/customers/s/contact
2022-11-23 15:45:17,016 - INFO - <module> : Opened: https://fuat-meralco.cs73.force.com/customers/s/contact
2022-11-23 15:45:17,319 - INFO - <module> : Clicked
2022-11-23 15:45:17,319 - INFO - <module> : Clicked
2022-11-23 15:45:17,319 - INFO - <module> : Clicked
2022-11-23 15:45:17,319 - INFO - <module> : Clicked
2022-11-23 15:45:31,158 - INFO - <module> :  exists
2022-11-23 15:45:31,158 - INFO - <module> :  exists
2022-11-23 15:45:31,158 - INFO - <module> :  exists
2022-11-23 15:45:31,158 - INFO - <module> :  exists
2022-11-23 15:45:34,707 - INFO - <module> : input: 3535100272
2022-11-23 15:45:34,707 - INFO - <module> : input: 3535100272
2022-11-23 15:45:34,707 - INFO - <module> : input: 3535100272
2022-11-23 15:45:34,707 - INFO - <module> : input: 3535100272
2022-11-23 15:45:34,779 - INFO - <module> : input: automation
2022-11-23 15:45:34,779 - INFO - <module> : input: automation
2022-11-23 15:45:34,779 - INFO - <module> : input: automation
2022-11-23 15:45:34,779 - INFO - <module> : input: automation
2022-11-23 15:45:34,852 - INFO - <module> : input: outage
2022-11-23 15:45:34,852 - INFO - <module> : input: outage
2022-11-23 15:45:34,852 - INFO - <module> : input: outage
2022-11-23 15:45:34,852 - INFO - <module> : input: outage
2022-11-23 15:45:34,927 - INFO - <module> : input: atconcernsingle@yopmail.com
2022-11-23 15:45:34,927 - INFO - <module> : input: atconcernsingle@yopmail.com
2022-11-23 15:45:34,927 - INFO - <module> : input: atconcernsingle@yopmail.com
2022-11-23 15:45:34,927 - INFO - <module> : input: atconcernsingle@yopmail.com
2022-11-23 15:45:35,002 - INFO - <module> : input: +639758880795
2022-11-23 15:45:35,002 - INFO - <module> : input: +639758880795
2022-11-23 15:45:35,002 - INFO - <module> : input: +639758880795
2022-11-23 15:45:35,002 - INFO - <module> : input: +639758880795
2022-11-23 15:45:35,106 - INFO - <module> : input: Sample Remarks
2022-11-23 15:45:35,106 - INFO - <module> : input: Sample Remarks
2022-11-23 15:45:35,106 - INFO - <module> : input: Sample Remarks
2022-11-23 15:45:35,106 - INFO - <module> : input: Sample Remarks
2022-11-23 15:45:35,165 - INFO - <module> : input: Sample Remarks
2022-11-23 15:45:35,165 - INFO - <module> : input: Sample Remarks
2022-11-23 15:45:35,165 - INFO - <module> : input: Sample Remarks
2022-11-23 15:45:35,165 - INFO - <module> : input: Sample Remarks
2022-11-23 15:45:38,167 - INFO - <module> : Clicked
2022-11-23 15:45:38,167 - INFO - <module> : Clicked
2022-11-23 15:45:38,167 - INFO - <module> : Clicked
2022-11-23 15:45:38,167 - INFO - <module> : Clicked
2022-11-23 15:45:47,528 - INFO - <module> : Opened: https://fuat-meralco.cs73.force.com/customers/s/concernstatus
2022-11-23 15:45:47,528 - INFO - <module> : Opened: https://fuat-meralco.cs73.force.com/customers/s/concernstatus
2022-11-23 15:45:47,528 - INFO - <module> : Opened: https://fuat-meralco.cs73.force.com/customers/s/concernstatus
2022-11-23 15:45:47,528 - INFO - <module> : Opened: https://fuat-meralco.cs73.force.com/customers/s/concernstatus
2022-11-23 15:45:47,716 - INFO - <module> : input: 22112251408
2022-11-23 15:45:47,716 - INFO - <module> : input: 22112251408
2022-11-23 15:45:47,716 - INFO - <module> : input: 22112251408
2022-11-23 15:45:47,716 - INFO - <module> : input: 22112251408
2022-11-23 15:45:47,853 - INFO - <module> : input: outage
2022-11-23 15:45:47,853 - INFO - <module> : input: outage
2022-11-23 15:45:47,853 - INFO - <module> : input: outage
2022-11-23 15:45:47,853 - INFO - <module> : input: outage
2022-11-23 15:45:47,919 - INFO - <module> : Clicked
2022-11-23 15:45:47,919 - INFO - <module> : Clicked
2022-11-23 15:45:47,919 - INFO - <module> : Clicked
2022-11-23 15:45:47,919 - INFO - <module> : Clicked
2022-11-23 15:45:57,583 - INFO - <module> : Opened: https://yopmail.com/en/
2022-11-23 15:45:57,583 - INFO - <module> : Opened: https://yopmail.com/en/
2022-11-23 15:45:57,583 - INFO - <module> : Opened: https://yopmail.com/en/
2022-11-23 15:45:57,583 - INFO - <module> : Opened: https://yopmail.com/en/
2022-11-23 15:45:57,775 - INFO - <module> : input: atconcernsingle@yopmail.com
2022-11-23 15:45:57,775 - INFO - <module> : input: atconcernsingle@yopmail.com
2022-11-23 15:45:57,775 - INFO - <module> : input: atconcernsingle@yopmail.com
2022-11-23 15:45:57,775 - INFO - <module> : input: atconcernsingle@yopmail.com
2022-11-23 15:45:58,958 - INFO - <module> : Clicked
2022-11-23 15:45:58,958 - INFO - <module> : Clicked
2022-11-23 15:45:58,958 - INFO - <module> : Clicked
2022-11-23 15:45:58,958 - INFO - <module> : Clicked
2022-11-23 15:46:01,228 - INFO - setup : Close Browser
