2022-11-18 14:11:32,608 - INFO - setup : Browser Launched!
2022-11-18 14:11:39,522 - INFO - <module> : Go to lower right of Internal Map
2022-11-18 14:11:39,522 - INFO - <module> : Go to lower right of Internal Map
2022-11-18 14:11:39,522 - INFO - <module> : Go to lower right of Internal Map
2022-11-18 14:11:39,522 - INFO - <module> : Go to lower right of Internal Map
2022-11-18 14:11:40,839 - INFO - <module> : Opened: https://outage-api.meralco.com.ph/
2022-11-18 14:11:40,839 - INFO - <module> : Opened: https://outage-api.meralco.com.ph/
2022-11-18 14:11:40,839 - INFO - <module> : Opened: https://outage-api.meralco.com.ph/
2022-11-18 14:11:40,839 - INFO - <module> : Opened: https://outage-api.meralco.com.ph/
2022-11-18 14:11:43,629 - INFO - <module> : input: v-agsealmoy@meralco.com.ph
2022-11-18 14:11:43,629 - INFO - <module> : input: v-agsealmoy@meralco.com.ph
2022-11-18 14:11:43,629 - INFO - <module> : input: v-agsealmoy@meralco.com.ph
2022-11-18 14:11:43,629 - INFO - <module> : input: v-agsealmoy@meralco.com.ph
2022-11-18 14:11:43,695 - INFO - <module> : Clicked
2022-11-18 14:11:43,695 - INFO - <module> : Clicked
2022-11-18 14:11:43,695 - INFO - <module> : Clicked
2022-11-18 14:11:43,695 - INFO - <module> : Clicked
2022-11-18 14:11:45,324 - INFO - <module> : input: Meco@@##00018
2022-11-18 14:11:45,324 - INFO - <module> : input: Meco@@##00018
2022-11-18 14:11:45,324 - INFO - <module> : input: Meco@@##00018
2022-11-18 14:11:45,324 - INFO - <module> : input: Meco@@##00018
2022-11-18 14:11:45,774 - INFO - <module> : Clicked
2022-11-18 14:11:45,774 - INFO - <module> : Clicked
2022-11-18 14:11:45,774 - INFO - <module> : Clicked
2022-11-18 14:11:45,774 - INFO - <module> : Clicked
2022-11-18 14:11:46,388 - INFO - <module> : Clicked
2022-11-18 14:11:46,388 - INFO - <module> : Clicked
2022-11-18 14:11:46,388 - INFO - <module> : Clicked
2022-11-18 14:11:46,388 - INFO - <module> : Clicked
2022-11-18 14:12:14,750 - INFO - <module> : Clicked
2022-11-18 14:12:14,750 - INFO - <module> : Clicked
2022-11-18 14:12:14,750 - INFO - <module> : Clicked
2022-11-18 14:12:14,750 - INFO - <module> : Clicked
2022-11-18 14:12:47,813 - INFO - <module> : Go to lower right of Internal Map
2022-11-18 14:12:47,813 - INFO - <module> : Go to lower right of Internal Map
2022-11-18 14:12:47,813 - INFO - <module> : Go to lower right of Internal Map
2022-11-18 14:12:47,813 - INFO - <module> : Go to lower right of Internal Map
2022-11-18 14:12:51,060 - INFO - <module> : Click Street View icon
2022-11-18 14:12:51,060 - INFO - <module> : Click Street View icon
2022-11-18 14:12:51,060 - INFO - <module> : Click Street View icon
2022-11-18 14:12:51,060 - INFO - <module> : Click Street View icon
2022-11-18 14:13:00,188 - INFO - setup : Close Browser
