2023-01-10 15:03:15,387 - INFO - setup : Browser Launched!
2023-01-10 15:03:32,429 - INFO - <module> : Go to Outages & Incidents > Report Streetlight And Safety Concerns
2023-01-10 15:03:32,429 - INFO - <module> : Go to Outages & Incidents > Report Streetlight And Safety Concerns
2023-01-10 15:03:32,429 - INFO - <module> : Go to Outages & Incidents > Report Streetlight And Safety Concerns
2023-01-10 15:03:32,429 - INFO - <module> : Go to Outages & Incidents > Report Streetlight And Safety Concerns
2023-01-10 15:03:32,429 - INFO - <module> : Go to Outages & Incidents > Report Streetlight And Safety Concerns
2023-01-10 15:03:39,046 - INFO - <module> : Opened: https://fuat-meralco.cs73.force.com/customers/s/outagemap
2023-01-10 15:03:39,046 - INFO - <module> : Opened: https://fuat-meralco.cs73.force.com/customers/s/outagemap
2023-01-10 15:03:39,046 - INFO - <module> : Opened: https://fuat-meralco.cs73.force.com/customers/s/outagemap
2023-01-10 15:03:39,046 - INFO - <module> : Opened: https://fuat-meralco.cs73.force.com/customers/s/outagemap
2023-01-10 15:03:39,046 - INFO - <module> : Opened: https://fuat-meralco.cs73.force.com/customers/s/outagemap
2023-01-10 15:03:42,466 - INFO - <module> : Meralco would like to access your location to identify if your area is affected by an outage. exists
2023-01-10 15:03:42,466 - INFO - <module> : Meralco would like to access your location to identify if your area is affected by an outage. exists
2023-01-10 15:03:42,466 - INFO - <module> : Meralco would like to access your location to identify if your area is affected by an outage. exists
2023-01-10 15:03:42,466 - INFO - <module> : Meralco would like to access your location to identify if your area is affected by an outage. exists
2023-01-10 15:03:42,466 - INFO - <module> : Meralco would like to access your location to identify if your area is affected by an outage. exists
2023-01-10 15:03:44,569 - INFO - <module> : Clicked
2023-01-10 15:03:44,569 - INFO - <module> : Clicked
2023-01-10 15:03:44,569 - INFO - <module> : Clicked
2023-01-10 15:03:44,569 - INFO - <module> : Clicked
2023-01-10 15:03:44,569 - INFO - <module> : Clicked
2023-01-10 15:03:48,679 - INFO - <module> : Clicked
2023-01-10 15:03:48,679 - INFO - <module> : Clicked
2023-01-10 15:03:48,679 - INFO - <module> : Clicked
2023-01-10 15:03:48,679 - INFO - <module> : Clicked
2023-01-10 15:03:48,679 - INFO - <module> : Clicked
2023-01-10 15:03:56,738 - INFO - <module> : Report an Outage or Incident exists
2023-01-10 15:03:56,738 - INFO - <module> : Report an Outage or Incident exists
2023-01-10 15:03:56,738 - INFO - <module> : Report an Outage or Incident exists
2023-01-10 15:03:56,738 - INFO - <module> : Report an Outage or Incident exists
2023-01-10 15:03:56,738 - INFO - <module> : Report an Outage or Incident exists
2023-01-10 15:03:56,803 - INFO - <module> : Clicked
2023-01-10 15:03:56,803 - INFO - <module> : Clicked
2023-01-10 15:03:56,803 - INFO - <module> : Clicked
2023-01-10 15:03:56,803 - INFO - <module> : Clicked
2023-01-10 15:03:56,803 - INFO - <module> : Clicked
2023-01-10 15:04:19,196 - INFO - setup : Close Browser
