2023-01-10 10:41:20,286 - INFO - setup : Browser Launched!
2023-01-10 10:41:27,161 - INFO - <module> : Go to Outages & Incidents > Report Streetlight And Safety Concerns
2023-01-10 10:41:27,161 - INFO - <module> : Go to Outages & Incidents > Report Streetlight And Safety Concerns
2023-01-10 10:41:27,161 - INFO - <module> : Go to Outages & Incidents > Report Streetlight And Safety Concerns
2023-01-10 10:41:27,161 - INFO - <module> : Go to Outages & Incidents > Report Streetlight And Safety Concerns
2023-01-10 10:41:27,161 - INFO - <module> : Go to Outages & Incidents > Report Streetlight And Safety Concerns
2023-01-10 10:41:30,259 - INFO - <module> : Opened: https://fuat-meralco.cs73.force.com/customers/s/outagemap
2023-01-10 10:41:30,259 - INFO - <module> : Opened: https://fuat-meralco.cs73.force.com/customers/s/outagemap
2023-01-10 10:41:30,259 - INFO - <module> : Opened: https://fuat-meralco.cs73.force.com/customers/s/outagemap
2023-01-10 10:41:30,259 - INFO - <module> : Opened: https://fuat-meralco.cs73.force.com/customers/s/outagemap
2023-01-10 10:41:30,259 - INFO - <module> : Opened: https://fuat-meralco.cs73.force.com/customers/s/outagemap
2023-01-10 10:41:33,171 - INFO - <module> : Meralco would like to access your location to identify if your area is affected by an outage. exists
2023-01-10 10:41:33,171 - INFO - <module> : Meralco would like to access your location to identify if your area is affected by an outage. exists
2023-01-10 10:41:33,171 - INFO - <module> : Meralco would like to access your location to identify if your area is affected by an outage. exists
2023-01-10 10:41:33,171 - INFO - <module> : Meralco would like to access your location to identify if your area is affected by an outage. exists
2023-01-10 10:41:33,171 - INFO - <module> : Meralco would like to access your location to identify if your area is affected by an outage. exists
2023-01-10 10:41:35,316 - INFO - <module> : Clicked
2023-01-10 10:41:35,316 - INFO - <module> : Clicked
2023-01-10 10:41:35,316 - INFO - <module> : Clicked
2023-01-10 10:41:35,316 - INFO - <module> : Clicked
2023-01-10 10:41:35,316 - INFO - <module> : Clicked
2023-01-10 10:41:39,426 - INFO - <module> : Clicked
2023-01-10 10:41:39,426 - INFO - <module> : Clicked
2023-01-10 10:41:39,426 - INFO - <module> : Clicked
2023-01-10 10:41:39,426 - INFO - <module> : Clicked
2023-01-10 10:41:39,426 - INFO - <module> : Clicked
2023-01-10 10:41:47,496 - INFO - <module> : Report an Outage or Incident exists
2023-01-10 10:41:47,496 - INFO - <module> : Report an Outage or Incident exists
2023-01-10 10:41:47,496 - INFO - <module> : Report an Outage or Incident exists
2023-01-10 10:41:47,496 - INFO - <module> : Report an Outage or Incident exists
2023-01-10 10:41:47,496 - INFO - <module> : Report an Outage or Incident exists
2023-01-10 10:41:47,550 - INFO - <module> : Clicked
2023-01-10 10:41:47,550 - INFO - <module> : Clicked
2023-01-10 10:41:47,550 - INFO - <module> : Clicked
2023-01-10 10:41:47,550 - INFO - <module> : Clicked
2023-01-10 10:41:47,550 - INFO - <module> : Clicked
2023-01-10 10:41:50,621 - INFO - <module> : Populate required fields > click Submit
2023-01-10 10:41:50,621 - INFO - <module> : Populate required fields > click Submit
2023-01-10 10:41:50,621 - INFO - <module> : Populate required fields > click Submit
2023-01-10 10:41:50,621 - INFO - <module> : Populate required fields > click Submit
2023-01-10 10:41:50,621 - INFO - <module> : Populate required fields > click Submit
2023-01-10 10:41:50,720 - INFO - <module> : Clicked
2023-01-10 10:41:50,720 - INFO - <module> : Clicked
2023-01-10 10:41:50,720 - INFO - <module> : Clicked
2023-01-10 10:41:50,720 - INFO - <module> : Clicked
2023-01-10 10:41:50,720 - INFO - <module> : Clicked
2023-01-10 10:42:20,839 - ERROR - <module> : Cannot Locate: province_metro_manila
2023-01-10 10:42:20,839 - ERROR - <module> : Cannot Locate: province_metro_manila
2023-01-10 10:42:20,839 - ERROR - <module> : Cannot Locate: province_metro_manila
2023-01-10 10:42:20,839 - ERROR - <module> : Cannot Locate: province_metro_manila
2023-01-10 10:42:20,839 - ERROR - <module> : Cannot Locate: province_metro_manila
2023-01-10 10:42:20,866 - INFO - setup : Close Browser
