2023-01-10 10:59:22,421 - INFO - setup : Browser Launched!
2023-01-10 10:59:29,009 - INFO - <module> : Go to Outages & Incidents > Report Streetlight And Safety Concerns
2023-01-10 10:59:29,009 - INFO - <module> : Go to Outages & Incidents > Report Streetlight And Safety Concerns
2023-01-10 10:59:29,009 - INFO - <module> : Go to Outages & Incidents > Report Streetlight And Safety Concerns
2023-01-10 10:59:29,009 - INFO - <module> : Go to Outages & Incidents > Report Streetlight And Safety Concerns
2023-01-10 10:59:29,009 - INFO - <module> : Go to Outages & Incidents > Report Streetlight And Safety Concerns
2023-01-10 10:59:32,722 - INFO - <module> : Opened: https://fuat-meralco.cs73.force.com/customers/s/outagemap
2023-01-10 10:59:32,722 - INFO - <module> : Opened: https://fuat-meralco.cs73.force.com/customers/s/outagemap
2023-01-10 10:59:32,722 - INFO - <module> : Opened: https://fuat-meralco.cs73.force.com/customers/s/outagemap
2023-01-10 10:59:32,722 - INFO - <module> : Opened: https://fuat-meralco.cs73.force.com/customers/s/outagemap
2023-01-10 10:59:32,722 - INFO - <module> : Opened: https://fuat-meralco.cs73.force.com/customers/s/outagemap
2023-01-10 10:59:35,691 - INFO - <module> : Meralco would like to access your location to identify if your area is affected by an outage. exists
2023-01-10 10:59:35,691 - INFO - <module> : Meralco would like to access your location to identify if your area is affected by an outage. exists
2023-01-10 10:59:35,691 - INFO - <module> : Meralco would like to access your location to identify if your area is affected by an outage. exists
2023-01-10 10:59:35,691 - INFO - <module> : Meralco would like to access your location to identify if your area is affected by an outage. exists
2023-01-10 10:59:35,691 - INFO - <module> : Meralco would like to access your location to identify if your area is affected by an outage. exists
2023-01-10 10:59:37,792 - INFO - <module> : Clicked
2023-01-10 10:59:37,792 - INFO - <module> : Clicked
2023-01-10 10:59:37,792 - INFO - <module> : Clicked
2023-01-10 10:59:37,792 - INFO - <module> : Clicked
2023-01-10 10:59:37,792 - INFO - <module> : Clicked
2023-01-10 10:59:41,926 - INFO - <module> : Clicked
2023-01-10 10:59:41,926 - INFO - <module> : Clicked
2023-01-10 10:59:41,926 - INFO - <module> : Clicked
2023-01-10 10:59:41,926 - INFO - <module> : Clicked
2023-01-10 10:59:41,926 - INFO - <module> : Clicked
2023-01-10 11:00:01,774 - INFO - setup : Close Browser
