2022-10-25 15:33:47,050 - INFO - setup : Browser Launched!
2022-10-25 15:34:03,206 - INFO - <module> : Go to Internal Map 
2022-10-25 15:34:03,206 - INFO - <module> : Go to Internal Map 
2022-10-25 15:34:03,206 - INFO - <module> : Go to Internal Map 
2022-10-25 15:34:03,206 - INFO - <module> : Go to Internal Map 
2022-10-25 15:34:05,179 - INFO - <module> : Opened: https://outage-api.meralco.com.ph/
2022-10-25 15:34:05,179 - INFO - <module> : Opened: https://outage-api.meralco.com.ph/
2022-10-25 15:34:05,179 - INFO - <module> : Opened: https://outage-api.meralco.com.ph/
2022-10-25 15:34:05,179 - INFO - <module> : Opened: https://outage-api.meralco.com.ph/
2022-10-25 15:34:06,628 - INFO - <module> : input: v-lvlgalvez@meralco.com.ph
2022-10-25 15:34:06,628 - INFO - <module> : input: v-lvlgalvez@meralco.com.ph
2022-10-25 15:34:06,628 - INFO - <module> : input: v-lvlgalvez@meralco.com.ph
2022-10-25 15:34:06,628 - INFO - <module> : input: v-lvlgalvez@meralco.com.ph
2022-10-25 15:34:06,806 - INFO - <module> : Clicked
2022-10-25 15:34:06,806 - INFO - <module> : Clicked
2022-10-25 15:34:06,806 - INFO - <module> : Clicked
2022-10-25 15:34:06,806 - INFO - <module> : Clicked
2022-10-25 15:34:08,013 - INFO - <module> : input: Mecopass@@!!129
2022-10-25 15:34:08,013 - INFO - <module> : input: Mecopass@@!!129
2022-10-25 15:34:08,013 - INFO - <module> : input: Mecopass@@!!129
2022-10-25 15:34:08,013 - INFO - <module> : input: Mecopass@@!!129
2022-10-25 15:34:08,755 - INFO - <module> : Clicked
2022-10-25 15:34:08,755 - INFO - <module> : Clicked
2022-10-25 15:34:08,755 - INFO - <module> : Clicked
2022-10-25 15:34:08,755 - INFO - <module> : Clicked
2022-10-25 15:34:09,504 - INFO - <module> : Clicked
2022-10-25 15:34:09,504 - INFO - <module> : Clicked
2022-10-25 15:34:09,504 - INFO - <module> : Clicked
2022-10-25 15:34:09,504 - INFO - <module> : Clicked
2022-10-25 15:34:38,249 - INFO - <module> : Clicked
2022-10-25 15:34:38,249 - INFO - <module> : Clicked
2022-10-25 15:34:38,249 - INFO - <module> : Clicked
2022-10-25 15:34:38,249 - INFO - <module> : Clicked
2022-10-25 15:34:49,153 - INFO - <module> : Open Menu -> Map Displays -> tick weather
2022-10-25 15:34:49,153 - INFO - <module> : Open Menu -> Map Displays -> tick weather
2022-10-25 15:34:49,153 - INFO - <module> : Open Menu -> Map Displays -> tick weather
2022-10-25 15:34:49,153 - INFO - <module> : Open Menu -> Map Displays -> tick weather
2022-10-25 15:35:19,629 - ERROR - <module> : Cannot Locate: menu
2022-10-25 15:35:19,629 - ERROR - <module> : Cannot Locate: menu
2022-10-25 15:35:19,629 - ERROR - <module> : Cannot Locate: menu
2022-10-25 15:35:19,629 - ERROR - <module> : Cannot Locate: menu
2022-10-25 15:35:19,870 - INFO - setup : Close Browser
