2023-01-11 14:11:37,315 - INFO - setup : Browser Launched!
2023-01-11 14:11:51,148 - INFO - <module> : Go to https://fuat-meralco.cs73.force.com/customers/s/cxe-apply
2023-01-11 14:11:51,148 - INFO - <module> : Go to https://fuat-meralco.cs73.force.com/customers/s/cxe-apply
2023-01-11 14:11:51,148 - INFO - <module> : Go to https://fuat-meralco.cs73.force.com/customers/s/cxe-apply
2023-01-11 14:11:51,148 - INFO - <module> : Go to https://fuat-meralco.cs73.force.com/customers/s/cxe-apply
2023-01-11 14:11:54,632 - INFO - <module> : Opened: https://fuat-meralco.cs73.force.com/customers/s/cxe-apply
2023-01-11 14:11:54,632 - INFO - <module> : Opened: https://fuat-meralco.cs73.force.com/customers/s/cxe-apply
2023-01-11 14:11:54,632 - INFO - <module> : Opened: https://fuat-meralco.cs73.force.com/customers/s/cxe-apply
2023-01-11 14:11:54,632 - INFO - <module> : Opened: https://fuat-meralco.cs73.force.com/customers/s/cxe-apply
2023-01-11 14:11:54,775 - INFO - <module> : Service Application exists
2023-01-11 14:11:54,775 - INFO - <module> : Service Application exists
2023-01-11 14:11:54,775 - INFO - <module> : Service Application exists
2023-01-11 14:11:54,775 - INFO - <module> : Service Application exists
2023-01-11 14:11:57,561 - INFO - <module> : Click on Contractor
2023-01-11 14:11:57,561 - INFO - <module> : Click on Contractor
2023-01-11 14:11:57,561 - INFO - <module> : Click on Contractor
2023-01-11 14:11:57,561 - INFO - <module> : Click on Contractor
2023-01-11 14:11:57,630 - INFO - <module> : Clicked
2023-01-11 14:11:57,630 - INFO - <module> : Clicked
2023-01-11 14:11:57,630 - INFO - <module> : Clicked
2023-01-11 14:11:57,630 - INFO - <module> : Clicked
2023-01-11 14:11:57,668 - INFO - <module> : Start Service exists
2023-01-11 14:11:57,668 - INFO - <module> : Start Service exists
2023-01-11 14:11:57,668 - INFO - <module> : Start Service exists
2023-01-11 14:11:57,668 - INFO - <module> : Start Service exists
2023-01-11 14:11:57,719 - INFO - <module> : Modify Service exists
2023-01-11 14:11:57,719 - INFO - <module> : Modify Service exists
2023-01-11 14:11:57,719 - INFO - <module> : Modify Service exists
2023-01-11 14:11:57,719 - INFO - <module> : Modify Service exists
2023-01-11 14:11:57,769 - INFO - <module> : Reactivate Service exists
2023-01-11 14:11:57,769 - INFO - <module> : Reactivate Service exists
2023-01-11 14:11:57,769 - INFO - <module> : Reactivate Service exists
2023-01-11 14:11:57,769 - INFO - <module> : Reactivate Service exists
2023-01-11 14:11:57,812 - INFO - <module> : Stop Service exists
2023-01-11 14:11:57,812 - INFO - <module> : Stop Service exists
2023-01-11 14:11:57,812 - INFO - <module> : Stop Service exists
2023-01-11 14:11:57,812 - INFO - <module> : Stop Service exists
2023-01-11 14:12:00,548 - INFO - <module> : Click on Modify Service
2023-01-11 14:12:00,548 - INFO - <module> : Click on Modify Service
2023-01-11 14:12:00,548 - INFO - <module> : Click on Modify Service
2023-01-11 14:12:00,548 - INFO - <module> : Click on Modify Service
2023-01-11 14:12:02,113 - INFO - <module> : Clicked
2023-01-11 14:12:02,113 - INFO - <module> : Clicked
2023-01-11 14:12:02,113 - INFO - <module> : Clicked
2023-01-11 14:12:02,113 - INFO - <module> : Clicked
2023-01-11 14:12:02,698 - INFO - <module> : REQUEST DETAILS exists
2023-01-11 14:12:02,698 - INFO - <module> : REQUEST DETAILS exists
2023-01-11 14:12:02,698 - INFO - <module> : REQUEST DETAILS exists
2023-01-11 14:12:02,698 - INFO - <module> : REQUEST DETAILS exists
2023-01-11 14:12:05,665 - INFO - <module> : Validate if CAN field is visible and enabled
2023-01-11 14:12:05,665 - INFO - <module> : Validate if CAN field is visible and enabled
2023-01-11 14:12:05,665 - INFO - <module> : Validate if CAN field is visible and enabled
2023-01-11 14:12:05,665 - INFO - <module> : Validate if CAN field is visible and enabled
2023-01-11 14:12:05,722 - INFO - <module> :  exists
2023-01-11 14:12:05,722 - INFO - <module> :  exists
2023-01-11 14:12:05,722 - INFO - <module> :  exists
2023-01-11 14:12:05,722 - INFO - <module> :  exists
2023-01-11 14:12:08,518 - INFO - <module> : Populate CAN field
2023-01-11 14:12:08,518 - INFO - <module> : Populate CAN field
2023-01-11 14:12:08,518 - INFO - <module> : Populate CAN field
2023-01-11 14:12:08,518 - INFO - <module> : Populate CAN field
2023-01-11 14:12:08,646 - INFO - <module> : input: 3534823912
2023-01-11 14:12:08,646 - INFO - <module> : input: 3534823912
2023-01-11 14:12:08,646 - INFO - <module> : input: 3534823912
2023-01-11 14:12:08,646 - INFO - <module> : input: 3534823912
2023-01-11 14:12:11,503 - INFO - <module> : Tick Change my Service Details > tick Request to downgrade electrical load > click Next
2023-01-11 14:12:11,503 - INFO - <module> : Tick Change my Service Details > tick Request to downgrade electrical load > click Next
2023-01-11 14:12:11,503 - INFO - <module> : Tick Change my Service Details > tick Request to downgrade electrical load > click Next
2023-01-11 14:12:11,503 - INFO - <module> : Tick Change my Service Details > tick Request to downgrade electrical load > click Next
2023-01-11 14:12:11,592 - INFO - <module> : Clicked
2023-01-11 14:12:11,592 - INFO - <module> : Clicked
2023-01-11 14:12:11,592 - INFO - <module> : Clicked
2023-01-11 14:12:11,592 - INFO - <module> : Clicked
2023-01-11 14:12:11,651 - INFO - <module> : Clicked
2023-01-11 14:12:11,651 - INFO - <module> : Clicked
2023-01-11 14:12:11,651 - INFO - <module> : Clicked
2023-01-11 14:12:11,651 - INFO - <module> : Clicked
2023-01-11 14:12:13,963 - INFO - <module> : Clicked
2023-01-11 14:12:13,963 - INFO - <module> : Clicked
2023-01-11 14:12:13,963 - INFO - <module> : Clicked
2023-01-11 14:12:13,963 - INFO - <module> : Clicked
2023-01-11 14:12:14,685 - INFO - <module> : input: atcontFname
2023-01-11 14:12:14,685 - INFO - <module> : input: atcontFname
2023-01-11 14:12:14,685 - INFO - <module> : input: atcontFname
2023-01-11 14:12:14,685 - INFO - <module> : input: atcontFname
2023-01-11 14:12:14,777 - INFO - <module> : input: atcontLname
2023-01-11 14:12:14,777 - INFO - <module> : input: atcontLname
2023-01-11 14:12:14,777 - INFO - <module> : input: atcontLname
2023-01-11 14:12:14,777 - INFO - <module> : input: atcontLname
2023-01-11 14:12:14,865 - INFO - <module> : input: atcontCompname
2023-01-11 14:12:14,865 - INFO - <module> : input: atcontCompname
2023-01-11 14:12:14,865 - INFO - <module> : input: atcontCompname
2023-01-11 14:12:14,865 - INFO - <module> : input: atcontCompname
2023-01-11 14:12:14,969 - INFO - <module> : input: atcontEmailAddress@yopmail.com
2023-01-11 14:12:14,969 - INFO - <module> : input: atcontEmailAddress@yopmail.com
2023-01-11 14:12:14,969 - INFO - <module> : input: atcontEmailAddress@yopmail.com
2023-01-11 14:12:14,969 - INFO - <module> : input: atcontEmailAddress@yopmail.com
2023-01-11 14:12:15,054 - INFO - <module> : input: +639234567891
2023-01-11 14:12:15,054 - INFO - <module> : input: +639234567891
2023-01-11 14:12:15,054 - INFO - <module> : input: +639234567891
2023-01-11 14:12:15,054 - INFO - <module> : input: +639234567891
2023-01-11 14:12:17,370 - INFO - <module> : Clicked
2023-01-11 14:12:17,370 - INFO - <module> : Clicked
2023-01-11 14:12:17,370 - INFO - <module> : Clicked
2023-01-11 14:12:17,370 - INFO - <module> : Clicked
2023-01-11 14:12:17,422 - INFO - <module> : TERMS AND CONDITIONS
(FOR THE ACCESS AND USE OF MERALCO WEBSITE, MERALCO ONLINE, MERALCO MOBILE APPLICATION AND SUBSCRIBERS TO MERALCO NOTIFICATIONS) exists
2023-01-11 14:12:17,422 - INFO - <module> : TERMS AND CONDITIONS
(FOR THE ACCESS AND USE OF MERALCO WEBSITE, MERALCO ONLINE, MERALCO MOBILE APPLICATION AND SUBSCRIBERS TO MERALCO NOTIFICATIONS) exists
2023-01-11 14:12:17,422 - INFO - <module> : TERMS AND CONDITIONS
(FOR THE ACCESS AND USE OF MERALCO WEBSITE, MERALCO ONLINE, MERALCO MOBILE APPLICATION AND SUBSCRIBERS TO MERALCO NOTIFICATIONS) exists
2023-01-11 14:12:17,422 - INFO - <module> : TERMS AND CONDITIONS
(FOR THE ACCESS AND USE OF MERALCO WEBSITE, MERALCO ONLINE, MERALCO MOBILE APPLICATION AND SUBSCRIBERS TO MERALCO NOTIFICATIONS) exists
2023-01-11 14:12:20,286 - INFO - <module> : Populate the following field:
2023-01-11 14:12:20,286 - INFO - <module> : Populate the following field:
2023-01-11 14:12:20,286 - INFO - <module> : Populate the following field:
2023-01-11 14:12:20,286 - INFO - <module> : Populate the following field:
2023-01-11 14:12:20,376 - INFO - <module> : Clicked
2023-01-11 14:12:20,376 - INFO - <module> : Clicked
2023-01-11 14:12:20,376 - INFO - <module> : Clicked
2023-01-11 14:12:20,376 - INFO - <module> : Clicked
2023-01-11 14:12:30,416 - INFO - <module> : Next exists
2023-01-11 14:12:30,416 - INFO - <module> : Next exists
2023-01-11 14:12:30,416 - INFO - <module> : Next exists
2023-01-11 14:12:30,416 - INFO - <module> : Next exists
2023-01-11 14:12:33,229 - INFO - <module> : Tick on I have read and agree to the Meralco Online Terms & Conditions and consent to the processing of my personal data in accordance with the Privacy Policy
2023-01-11 14:12:33,229 - INFO - <module> : Tick on I have read and agree to the Meralco Online Terms & Conditions and consent to the processing of my personal data in accordance with the Privacy Policy
2023-01-11 14:12:33,229 - INFO - <module> : Tick on I have read and agree to the Meralco Online Terms & Conditions and consent to the processing of my personal data in accordance with the Privacy Policy
2023-01-11 14:12:33,229 - INFO - <module> : Tick on I have read and agree to the Meralco Online Terms & Conditions and consent to the processing of my personal data in accordance with the Privacy Policy
2023-01-11 14:12:33,331 - INFO - <module> : Clicked
2023-01-11 14:12:33,331 - INFO - <module> : Clicked
2023-01-11 14:12:33,331 - INFO - <module> : Clicked
2023-01-11 14:12:33,331 - INFO - <module> : Clicked
2023-01-11 14:13:14,052 - INFO - setup : Close Browser
