2022-10-13 14:33:29,335 - INFO - setup : Browser Launched!
2022-10-13 14:33:52,998 - INFO - <module> : Go to External Map 
2022-10-13 14:33:52,998 - INFO - <module> : Go to External Map 
2022-10-13 14:33:52,998 - INFO - <module> : Go to External Map 
2022-10-13 14:33:52,998 - INFO - <module> : Go to External Map 
2022-10-13 14:33:53,136 - INFO - <module> : input: atmooutageaccount@yopmail.com
2022-10-13 14:33:53,136 - INFO - <module> : input: atmooutageaccount@yopmail.com
2022-10-13 14:33:53,136 - INFO - <module> : input: atmooutageaccount@yopmail.com
2022-10-13 14:33:53,136 - INFO - <module> : input: atmooutageaccount@yopmail.com
2022-10-13 14:33:53,223 - INFO - <module> : input: Meralco01
2022-10-13 14:33:53,223 - INFO - <module> : input: Meralco01
2022-10-13 14:33:53,223 - INFO - <module> : input: Meralco01
2022-10-13 14:33:53,223 - INFO - <module> : input: Meralco01
2022-10-13 14:33:53,294 - INFO - <module> : Log in clicked
2022-10-13 14:33:53,294 - INFO - <module> : Log in clicked
2022-10-13 14:33:53,294 - INFO - <module> : Log in clicked
2022-10-13 14:33:53,294 - INFO - <module> : Log in clicked
2022-10-13 14:34:09,947 - INFO - <module> : Hello, ATMO exists
2022-10-13 14:34:09,947 - INFO - <module> : Hello, ATMO exists
2022-10-13 14:34:09,947 - INFO - <module> : Hello, ATMO exists
2022-10-13 14:34:09,947 - INFO - <module> : Hello, ATMO exists
2022-10-13 14:34:09,964 - INFO - <module> : Hello, ATMO exists
2022-10-13 14:34:09,964 - INFO - <module> : Hello, ATMO exists
2022-10-13 14:34:09,964 - INFO - <module> : Hello, ATMO exists
2022-10-13 14:34:09,964 - INFO - <module> : Hello, ATMO exists
2022-10-13 14:34:12,229 - INFO - <module> : Outages & Incidents clicked
2022-10-13 14:34:12,229 - INFO - <module> : Outages & Incidents clicked
2022-10-13 14:34:12,229 - INFO - <module> : Outages & Incidents clicked
2022-10-13 14:34:12,229 - INFO - <module> : Outages & Incidents clicked
2022-10-13 14:34:12,282 - INFO - <module> :  clicked
2022-10-13 14:34:12,282 - INFO - <module> :  clicked
2022-10-13 14:34:12,282 - INFO - <module> :  clicked
2022-10-13 14:34:12,282 - INFO - <module> :  clicked
2022-10-13 14:34:43,529 - ERROR - <module> : Cannot Locate: service_message_button
2022-10-13 14:34:43,529 - ERROR - <module> : Cannot Locate: service_message_button
2022-10-13 14:34:43,529 - ERROR - <module> : Cannot Locate: service_message_button
2022-10-13 14:34:43,529 - ERROR - <module> : Cannot Locate: service_message_button
2022-10-13 14:34:43,560 - INFO - setup : Close Browser
