2023-01-12 14:15:54,223 - INFO - setup : Browser Launched!
2023-01-12 14:16:40,172 - INFO - <module> : Clicked
2023-01-12 14:16:40,172 - INFO - <module> : Clicked
2023-01-12 14:16:40,172 - INFO - <module> : Clicked
2023-01-12 14:16:40,172 - INFO - <module> : Clicked
2023-01-12 14:16:40,172 - INFO - <module> : Clicked
2023-01-12 14:16:49,573 - INFO - <module> : input: arcebido.earljohn@gmail.com
2023-01-12 14:16:49,573 - INFO - <module> : input: arcebido.earljohn@gmail.com
2023-01-12 14:16:49,573 - INFO - <module> : input: arcebido.earljohn@gmail.com
2023-01-12 14:16:49,573 - INFO - <module> : input: arcebido.earljohn@gmail.com
2023-01-12 14:16:49,573 - INFO - <module> : input: arcebido.earljohn@gmail.com
2023-01-12 14:16:50,914 - INFO - <module> : Clicked
2023-01-12 14:16:50,914 - INFO - <module> : Clicked
2023-01-12 14:16:50,914 - INFO - <module> : Clicked
2023-01-12 14:16:50,914 - INFO - <module> : Clicked
2023-01-12 14:16:50,914 - INFO - <module> : Clicked
2023-01-12 14:16:52,536 - INFO - <module> : input: Eja09202903164!
2023-01-12 14:16:52,536 - INFO - <module> : input: Eja09202903164!
2023-01-12 14:16:52,536 - INFO - <module> : input: Eja09202903164!
2023-01-12 14:16:52,536 - INFO - <module> : input: Eja09202903164!
2023-01-12 14:16:52,536 - INFO - <module> : input: Eja09202903164!
2023-01-12 14:16:55,019 - INFO - <module> : Clicked
2023-01-12 14:16:55,019 - INFO - <module> : Clicked
2023-01-12 14:16:55,019 - INFO - <module> : Clicked
2023-01-12 14:16:55,019 - INFO - <module> : Clicked
2023-01-12 14:16:55,019 - INFO - <module> : Clicked
2023-01-12 14:17:25,464 - INFO - <module> : input: 9234567891
2023-01-12 14:17:25,464 - INFO - <module> : input: 9234567891
2023-01-12 14:17:25,464 - INFO - <module> : input: 9234567891
2023-01-12 14:17:25,464 - INFO - <module> : input: 9234567891
2023-01-12 14:17:25,464 - INFO - <module> : input: 9234567891
2023-01-12 14:17:25,798 - INFO - <module> : input: 3534057721
2023-01-12 14:17:25,798 - INFO - <module> : input: 3534057721
2023-01-12 14:17:25,798 - INFO - <module> : input: 3534057721
2023-01-12 14:17:25,798 - INFO - <module> : input: 3534057721
2023-01-12 14:17:25,798 - INFO - <module> : input: 3534057721
2023-01-12 14:17:25,906 - INFO - <module> : input: 400
2023-01-12 14:17:25,906 - INFO - <module> : input: 400
2023-01-12 14:17:25,906 - INFO - <module> : input: 400
2023-01-12 14:17:25,906 - INFO - <module> : input: 400
2023-01-12 14:17:25,906 - INFO - <module> : input: 400
2023-01-12 14:17:26,963 - INFO - <module> : input: 12/13/2022
2023-01-12 14:17:26,963 - INFO - <module> : input: 12/13/2022
2023-01-12 14:17:26,963 - INFO - <module> : input: 12/13/2022
2023-01-12 14:17:26,963 - INFO - <module> : input: 12/13/2022
2023-01-12 14:17:26,963 - INFO - <module> : input: 12/13/2022
2023-01-12 14:17:30,278 - INFO - <module> :  clicked
2023-01-12 14:17:30,278 - INFO - <module> :  clicked
2023-01-12 14:17:30,278 - INFO - <module> :  clicked
2023-01-12 14:17:30,278 - INFO - <module> :  clicked
2023-01-12 14:17:30,278 - INFO - <module> :  clicked
2023-01-12 14:17:32,743 - INFO - <module> : Submit clicked
2023-01-12 14:17:32,743 - INFO - <module> : Submit clicked
2023-01-12 14:17:32,743 - INFO - <module> : Submit clicked
2023-01-12 14:17:32,743 - INFO - <module> : Submit clicked
2023-01-12 14:17:32,743 - INFO - <module> : Submit clicked
2023-01-12 14:17:40,936 - INFO - setup : Close Browser
