2023-01-04 14:48:08,704 - INFO - setup : Browser Launched!
2023-01-04 14:48:15,828 - INFO - <module> : Go tohttps://fuat-meralco.cs73.force.com/customers/s/cxe-apply
2023-01-04 14:48:15,828 - INFO - <module> : Go tohttps://fuat-meralco.cs73.force.com/customers/s/cxe-apply
2023-01-04 14:48:15,828 - INFO - <module> : Go tohttps://fuat-meralco.cs73.force.com/customers/s/cxe-apply
2023-01-04 14:48:15,828 - INFO - <module> : Go tohttps://fuat-meralco.cs73.force.com/customers/s/cxe-apply
2023-01-04 14:48:17,033 - INFO - <module> : Opened: https://fuat-meralco.cs73.force.com/customers/s/cxe-apply
2023-01-04 14:48:17,033 - INFO - <module> : Opened: https://fuat-meralco.cs73.force.com/customers/s/cxe-apply
2023-01-04 14:48:17,033 - INFO - <module> : Opened: https://fuat-meralco.cs73.force.com/customers/s/cxe-apply
2023-01-04 14:48:17,033 - INFO - <module> : Opened: https://fuat-meralco.cs73.force.com/customers/s/cxe-apply
2023-01-04 14:48:17,256 - INFO - <module> : Service Application exists
2023-01-04 14:48:17,256 - INFO - <module> : Service Application exists
2023-01-04 14:48:17,256 - INFO - <module> : Service Application exists
2023-01-04 14:48:17,256 - INFO - <module> : Service Application exists
2023-01-04 14:48:20,116 - INFO - <module> : Click on Business
2023-01-04 14:48:20,116 - INFO - <module> : Click on Business
2023-01-04 14:48:20,116 - INFO - <module> : Click on Business
2023-01-04 14:48:20,116 - INFO - <module> : Click on Business
2023-01-04 14:48:20,185 - INFO - <module> : Clicked
2023-01-04 14:48:20,185 - INFO - <module> : Clicked
2023-01-04 14:48:20,185 - INFO - <module> : Clicked
2023-01-04 14:48:20,185 - INFO - <module> : Clicked
2023-01-04 14:48:20,232 - INFO - <module> : Start Service exists
2023-01-04 14:48:20,232 - INFO - <module> : Start Service exists
2023-01-04 14:48:20,232 - INFO - <module> : Start Service exists
2023-01-04 14:48:20,232 - INFO - <module> : Start Service exists
2023-01-04 14:48:20,277 - INFO - <module> : Modify Service exists
2023-01-04 14:48:20,277 - INFO - <module> : Modify Service exists
2023-01-04 14:48:20,277 - INFO - <module> : Modify Service exists
2023-01-04 14:48:20,277 - INFO - <module> : Modify Service exists
2023-01-04 14:48:20,333 - INFO - <module> : Reactivate Service exists
2023-01-04 14:48:20,333 - INFO - <module> : Reactivate Service exists
2023-01-04 14:48:20,333 - INFO - <module> : Reactivate Service exists
2023-01-04 14:48:20,333 - INFO - <module> : Reactivate Service exists
2023-01-04 14:48:20,384 - INFO - <module> : Stop Service exists
2023-01-04 14:48:20,384 - INFO - <module> : Stop Service exists
2023-01-04 14:48:20,384 - INFO - <module> : Stop Service exists
2023-01-04 14:48:20,384 - INFO - <module> : Stop Service exists
2023-01-04 14:48:23,259 - INFO - <module> : Click on Reactivate Service
2023-01-04 14:48:23,259 - INFO - <module> : Click on Reactivate Service
2023-01-04 14:48:23,259 - INFO - <module> : Click on Reactivate Service
2023-01-04 14:48:23,259 - INFO - <module> : Click on Reactivate Service
2023-01-04 14:48:23,490 - INFO - <module> : Clicked
2023-01-04 14:48:23,490 - INFO - <module> : Clicked
2023-01-04 14:48:23,490 - INFO - <module> : Clicked
2023-01-04 14:48:23,490 - INFO - <module> : Clicked
2023-01-04 14:48:23,567 - INFO - <module> : Reactivate a Service exists
2023-01-04 14:48:23,567 - INFO - <module> : Reactivate a Service exists
2023-01-04 14:48:23,567 - INFO - <module> : Reactivate a Service exists
2023-01-04 14:48:23,567 - INFO - <module> : Reactivate a Service exists
2023-01-04 14:48:25,759 - INFO - setup : Close Browser
