2022-12-22 10:01:45,495 - INFO - setup : Browser Launched!
2022-12-22 10:02:25,051 - INFO - <module> : Login to Meralco Online
2022-12-22 10:02:25,051 - INFO - <module> : Login to Meralco Online
2022-12-22 10:02:25,051 - INFO - <module> : Login to Meralco Online
2022-12-22 10:02:25,051 - INFO - <module> : Login to Meralco Online
2022-12-22 10:02:28,773 - INFO - <module> : input: atconcernmultiple@yopmail.com
2022-12-22 10:02:28,773 - INFO - <module> : input: atconcernmultiple@yopmail.com
2022-12-22 10:02:28,773 - INFO - <module> : input: atconcernmultiple@yopmail.com
2022-12-22 10:02:28,773 - INFO - <module> : input: atconcernmultiple@yopmail.com
2022-12-22 10:02:29,249 - INFO - <module> : input: Meralco01
2022-12-22 10:02:29,249 - INFO - <module> : input: Meralco01
2022-12-22 10:02:29,249 - INFO - <module> : input: Meralco01
2022-12-22 10:02:29,249 - INFO - <module> : input: Meralco01
2022-12-22 10:02:30,108 - INFO - <module> : Clicked
2022-12-22 10:02:30,108 - INFO - <module> : Clicked
2022-12-22 10:02:30,108 - INFO - <module> : Clicked
2022-12-22 10:02:30,108 - INFO - <module> : Clicked
2022-12-22 10:02:35,493 - INFO - <module> : Hello, exists
2022-12-22 10:02:35,493 - INFO - <module> : Hello, exists
2022-12-22 10:02:35,493 - INFO - <module> : Hello, exists
2022-12-22 10:02:35,493 - INFO - <module> : Hello, exists
2022-12-22 10:02:48,452 - INFO - <module> : Go to Accounts> Manage Accounts
2022-12-22 10:02:48,452 - INFO - <module> : Go to Accounts> Manage Accounts
2022-12-22 10:02:48,452 - INFO - <module> : Go to Accounts> Manage Accounts
2022-12-22 10:02:48,452 - INFO - <module> : Go to Accounts> Manage Accounts
2022-12-22 10:02:48,572 - INFO - <module> : Accounts clicked
2022-12-22 10:02:48,572 - INFO - <module> : Accounts clicked
2022-12-22 10:02:48,572 - INFO - <module> : Accounts clicked
2022-12-22 10:02:48,572 - INFO - <module> : Accounts clicked
2022-12-22 10:02:48,732 - INFO - <module> :  clicked
2022-12-22 10:02:48,732 - INFO - <module> :  clicked
2022-12-22 10:02:48,732 - INFO - <module> :  clicked
2022-12-22 10:02:48,732 - INFO - <module> :  clicked
2022-12-22 10:02:56,693 - INFO - <module> : Search then Select Account > Click Change Service Details button
2022-12-22 10:02:56,693 - INFO - <module> : Search then Select Account > Click Change Service Details button
2022-12-22 10:02:56,693 - INFO - <module> : Search then Select Account > Click Change Service Details button
2022-12-22 10:02:56,693 - INFO - <module> : Search then Select Account > Click Change Service Details button
2022-12-22 10:02:56,949 - INFO - <module> : Clicked
2022-12-22 10:02:56,949 - INFO - <module> : Clicked
2022-12-22 10:02:56,949 - INFO - <module> : Clicked
2022-12-22 10:02:56,949 - INFO - <module> : Clicked
2022-12-22 10:03:00,844 - INFO - <module> : Clicked
2022-12-22 10:03:00,844 - INFO - <module> : Clicked
2022-12-22 10:03:00,844 - INFO - <module> : Clicked
2022-12-22 10:03:00,844 - INFO - <module> : Clicked
2022-12-22 10:03:06,582 - INFO - <module> : Select Change Service Details request options then click Next
2022-12-22 10:03:06,582 - INFO - <module> : Select Change Service Details request options then click Next
2022-12-22 10:03:06,582 - INFO - <module> : Select Change Service Details request options then click Next
2022-12-22 10:03:06,582 - INFO - <module> : Select Change Service Details request options then click Next
2022-12-22 10:03:37,000 - ERROR - <module> : Cannot Locate: change_service
2022-12-22 10:03:37,000 - ERROR - <module> : Cannot Locate: change_service
2022-12-22 10:03:37,000 - ERROR - <module> : Cannot Locate: change_service
2022-12-22 10:03:37,000 - ERROR - <module> : Cannot Locate: change_service
2022-12-22 10:03:37,108 - INFO - setup : Close Browser
