2022-12-22 11:54:41,215 - INFO - setup : Browser Launched!
2022-12-22 11:55:13,413 - INFO - <module> : Login to Meralco Online
2022-12-22 11:55:13,413 - INFO - <module> : Login to Meralco Online
2022-12-22 11:55:13,413 - INFO - <module> : Login to Meralco Online
2022-12-22 11:55:13,413 - INFO - <module> : Login to Meralco Online
2022-12-22 11:55:26,203 - INFO - <module> : input: atmooutageaccount@yopmail.com
2022-12-22 11:55:26,203 - INFO - <module> : input: atmooutageaccount@yopmail.com
2022-12-22 11:55:26,203 - INFO - <module> : input: atmooutageaccount@yopmail.com
2022-12-22 11:55:26,203 - INFO - <module> : input: atmooutageaccount@yopmail.com
2022-12-22 11:55:28,718 - INFO - <module> : input: Meralco01
2022-12-22 11:55:28,718 - INFO - <module> : input: Meralco01
2022-12-22 11:55:28,718 - INFO - <module> : input: Meralco01
2022-12-22 11:55:28,718 - INFO - <module> : input: Meralco01
2022-12-22 11:55:29,735 - INFO - <module> : Clicked
2022-12-22 11:55:29,735 - INFO - <module> : Clicked
2022-12-22 11:55:29,735 - INFO - <module> : Clicked
2022-12-22 11:55:29,735 - INFO - <module> : Clicked
2022-12-22 11:55:38,983 - INFO - <module> : Hello, exists
2022-12-22 11:55:38,983 - INFO - <module> : Hello, exists
2022-12-22 11:55:38,983 - INFO - <module> : Hello, exists
2022-12-22 11:55:38,983 - INFO - <module> : Hello, exists
2022-12-22 11:55:51,969 - INFO - <module> : Go to Accounts> Manage Accounts
2022-12-22 11:55:51,969 - INFO - <module> : Go to Accounts> Manage Accounts
2022-12-22 11:55:51,969 - INFO - <module> : Go to Accounts> Manage Accounts
2022-12-22 11:55:51,969 - INFO - <module> : Go to Accounts> Manage Accounts
2022-12-22 11:55:52,122 - INFO - <module> : Accounts clicked
2022-12-22 11:55:52,122 - INFO - <module> : Accounts clicked
2022-12-22 11:55:52,122 - INFO - <module> : Accounts clicked
2022-12-22 11:55:52,122 - INFO - <module> : Accounts clicked
2022-12-22 11:55:52,294 - INFO - <module> :  clicked
2022-12-22 11:55:52,294 - INFO - <module> :  clicked
2022-12-22 11:55:52,294 - INFO - <module> :  clicked
2022-12-22 11:55:52,294 - INFO - <module> :  clicked
2022-12-22 11:56:01,172 - INFO - <module> : Search then Select Account > Click Reactivate Electric Service button
2022-12-22 11:56:01,172 - INFO - <module> : Search then Select Account > Click Reactivate Electric Service button
2022-12-22 11:56:01,172 - INFO - <module> : Search then Select Account > Click Reactivate Electric Service button
2022-12-22 11:56:01,172 - INFO - <module> : Search then Select Account > Click Reactivate Electric Service button
2022-12-22 11:56:01,412 - INFO - <module> : Clicked
2022-12-22 11:56:01,412 - INFO - <module> : Clicked
2022-12-22 11:56:01,412 - INFO - <module> : Clicked
2022-12-22 11:56:01,412 - INFO - <module> : Clicked
2022-12-22 11:56:08,636 - INFO - <module> : Clicked
2022-12-22 11:56:08,636 - INFO - <module> : Clicked
2022-12-22 11:56:08,636 - INFO - <module> : Clicked
2022-12-22 11:56:08,636 - INFO - <module> : Clicked
2022-12-22 11:56:18,707 - INFO - setup : Close Browser
