2023-01-03 15:30:19,695 - INFO - setup : Browser Launched!
2023-01-03 15:30:51,001 - INFO - <module> : Opened: https://fuat-meralco.cs73.force.com/customers/s/cxe-apply
2023-01-03 15:30:51,001 - INFO - <module> : Opened: https://fuat-meralco.cs73.force.com/customers/s/cxe-apply
2023-01-03 15:30:51,001 - INFO - <module> : Opened: https://fuat-meralco.cs73.force.com/customers/s/cxe-apply
2023-01-03 15:30:51,001 - INFO - <module> : Opened: https://fuat-meralco.cs73.force.com/customers/s/cxe-apply
2023-01-03 15:30:57,153 - INFO - <module> : Service Application exists
2023-01-03 15:30:57,153 - INFO - <module> : Service Application exists
2023-01-03 15:30:57,153 - INFO - <module> : Service Application exists
2023-01-03 15:30:57,153 - INFO - <module> : Service Application exists
2023-01-03 15:31:00,514 - INFO - <module> : Clicked
2023-01-03 15:31:00,514 - INFO - <module> : Clicked
2023-01-03 15:31:00,514 - INFO - <module> : Clicked
2023-01-03 15:31:00,514 - INFO - <module> : Clicked
2023-01-03 15:31:03,855 - INFO - <module> : Clicked
2023-01-03 15:31:03,855 - INFO - <module> : Clicked
2023-01-03 15:31:03,855 - INFO - <module> : Clicked
2023-01-03 15:31:03,855 - INFO - <module> : Clicked
2023-01-03 15:31:17,948 - INFO - <module> : Clicked
2023-01-03 15:31:17,948 - INFO - <module> : Clicked
2023-01-03 15:31:17,948 - INFO - <module> : Clicked
2023-01-03 15:31:17,948 - INFO - <module> : Clicked
2023-01-03 15:31:23,367 - INFO - <module> : input: EarlMO18@yopmail.com
2023-01-03 15:31:23,367 - INFO - <module> : input: EarlMO18@yopmail.com
2023-01-03 15:31:23,367 - INFO - <module> : input: EarlMO18@yopmail.com
2023-01-03 15:31:23,367 - INFO - <module> : input: EarlMO18@yopmail.com
2023-01-03 15:31:23,483 - INFO - <module> : input: atfirst1
2023-01-03 15:31:23,483 - INFO - <module> : input: atfirst1
2023-01-03 15:31:23,483 - INFO - <module> : input: atfirst1
2023-01-03 15:31:23,483 - INFO - <module> : input: atfirst1
2023-01-03 15:31:23,557 - INFO - <module> : input: atlast1
2023-01-03 15:31:23,557 - INFO - <module> : input: atlast1
2023-01-03 15:31:23,557 - INFO - <module> : input: atlast1
2023-01-03 15:31:23,557 - INFO - <module> : input: atlast1
2023-01-03 15:31:23,620 - INFO - <module> : input: 9234567891
2023-01-03 15:31:23,620 - INFO - <module> : input: 9234567891
2023-01-03 15:31:23,620 - INFO - <module> : input: 9234567891
2023-01-03 15:31:23,620 - INFO - <module> : input: 9234567891
2023-01-03 15:31:24,092 - INFO - <module> : Clicked
2023-01-03 15:31:24,092 - INFO - <module> : Clicked
2023-01-03 15:31:24,092 - INFO - <module> : Clicked
2023-01-03 15:31:24,092 - INFO - <module> : Clicked
2023-01-03 15:31:24,503 - INFO - <module> : Clicked
2023-01-03 15:31:24,503 - INFO - <module> : Clicked
2023-01-03 15:31:24,503 - INFO - <module> : Clicked
2023-01-03 15:31:24,503 - INFO - <module> : Clicked
2023-01-03 15:31:41,224 - INFO - <module> : Opened: https://yopmail.com/en/
2023-01-03 15:31:41,224 - INFO - <module> : Opened: https://yopmail.com/en/
2023-01-03 15:31:41,224 - INFO - <module> : Opened: https://yopmail.com/en/
2023-01-03 15:31:41,224 - INFO - <module> : Opened: https://yopmail.com/en/
2023-01-03 15:31:44,448 - INFO - <module> : input: EarlMO18@yopmail.com
2023-01-03 15:31:44,448 - INFO - <module> : input: EarlMO18@yopmail.com
2023-01-03 15:31:44,448 - INFO - <module> : input: EarlMO18@yopmail.com
2023-01-03 15:31:44,448 - INFO - <module> : input: EarlMO18@yopmail.com
2023-01-03 15:31:46,169 - INFO - <module> : Clicked
2023-01-03 15:31:46,169 - INFO - <module> : Clicked
2023-01-03 15:31:46,169 - INFO - <module> : Clicked
2023-01-03 15:31:46,169 - INFO - <module> : Clicked
2023-01-03 15:32:17,310 - INFO - setup : Close Browser
