2023-01-11 09:38:10,635 - INFO - setup : Browser Launched!
2023-01-11 09:38:23,737 - INFO - <module> : Go to Outages & Incidents > Report Streetlight And Safety Concerns
2023-01-11 09:38:23,737 - INFO - <module> : Go to Outages & Incidents > Report Streetlight And Safety Concerns
2023-01-11 09:38:23,737 - INFO - <module> : Go to Outages & Incidents > Report Streetlight And Safety Concerns
2023-01-11 09:38:23,737 - INFO - <module> : Go to Outages & Incidents > Report Streetlight And Safety Concerns
2023-01-11 09:38:23,737 - INFO - <module> : Go to Outages & Incidents > Report Streetlight And Safety Concerns
2023-01-11 09:38:26,125 - INFO - <module> : Opened: https://fuat-meralco.cs73.force.com/customers/s/outagemap
2023-01-11 09:38:26,125 - INFO - <module> : Opened: https://fuat-meralco.cs73.force.com/customers/s/outagemap
2023-01-11 09:38:26,125 - INFO - <module> : Opened: https://fuat-meralco.cs73.force.com/customers/s/outagemap
2023-01-11 09:38:26,125 - INFO - <module> : Opened: https://fuat-meralco.cs73.force.com/customers/s/outagemap
2023-01-11 09:38:26,125 - INFO - <module> : Opened: https://fuat-meralco.cs73.force.com/customers/s/outagemap
2023-01-11 09:38:34,737 - INFO - <module> : Meralco would like to access your location to identify if your area is affected by an outage. exists
2023-01-11 09:38:34,737 - INFO - <module> : Meralco would like to access your location to identify if your area is affected by an outage. exists
2023-01-11 09:38:34,737 - INFO - <module> : Meralco would like to access your location to identify if your area is affected by an outage. exists
2023-01-11 09:38:34,737 - INFO - <module> : Meralco would like to access your location to identify if your area is affected by an outage. exists
2023-01-11 09:38:34,737 - INFO - <module> : Meralco would like to access your location to identify if your area is affected by an outage. exists
2023-01-11 09:38:36,878 - INFO - <module> : Clicked
2023-01-11 09:38:36,878 - INFO - <module> : Clicked
2023-01-11 09:38:36,878 - INFO - <module> : Clicked
2023-01-11 09:38:36,878 - INFO - <module> : Clicked
2023-01-11 09:38:36,878 - INFO - <module> : Clicked
2023-01-11 09:38:40,971 - INFO - <module> : Clicked
2023-01-11 09:38:40,971 - INFO - <module> : Clicked
2023-01-11 09:38:40,971 - INFO - <module> : Clicked
2023-01-11 09:38:40,971 - INFO - <module> : Clicked
2023-01-11 09:38:40,971 - INFO - <module> : Clicked
2023-01-11 09:38:50,625 - INFO - <module> : Report an Outage or Incident exists
2023-01-11 09:38:50,625 - INFO - <module> : Report an Outage or Incident exists
2023-01-11 09:38:50,625 - INFO - <module> : Report an Outage or Incident exists
2023-01-11 09:38:50,625 - INFO - <module> : Report an Outage or Incident exists
2023-01-11 09:38:50,625 - INFO - <module> : Report an Outage or Incident exists
2023-01-11 09:38:50,686 - INFO - <module> : Clicked
2023-01-11 09:38:50,686 - INFO - <module> : Clicked
2023-01-11 09:38:50,686 - INFO - <module> : Clicked
2023-01-11 09:38:50,686 - INFO - <module> : Clicked
2023-01-11 09:38:50,686 - INFO - <module> : Clicked
2023-01-11 09:38:51,763 - INFO - <module> : Clicked
2023-01-11 09:38:51,763 - INFO - <module> : Clicked
2023-01-11 09:38:51,763 - INFO - <module> : Clicked
2023-01-11 09:38:51,763 - INFO - <module> : Clicked
2023-01-11 09:38:51,763 - INFO - <module> : Clicked
2023-01-11 09:39:07,893 - INFO - setup : Close Browser
