2022-10-27 13:01:06,224 - INFO - setup : Browser Launched!
2022-10-27 13:01:20,958 - INFO - <module> : Go to Map Displays -> Establishment -> Tick Sector Offices
2022-10-27 13:01:20,958 - INFO - <module> : Go to Map Displays -> Establishment -> Tick Sector Offices
2022-10-27 13:01:20,958 - INFO - <module> : Go to Map Displays -> Establishment -> Tick Sector Offices
2022-10-27 13:01:20,958 - INFO - <module> : Go to Map Displays -> Establishment -> Tick Sector Offices
2022-10-27 13:01:23,745 - INFO - <module> : Opened: https://outage-api.meralco.com.ph/
2022-10-27 13:01:23,745 - INFO - <module> : Opened: https://outage-api.meralco.com.ph/
2022-10-27 13:01:23,745 - INFO - <module> : Opened: https://outage-api.meralco.com.ph/
2022-10-27 13:01:23,745 - INFO - <module> : Opened: https://outage-api.meralco.com.ph/
2022-10-27 13:01:27,374 - INFO - <module> : input: v-lvlgalvez@meralco.com.ph
2022-10-27 13:01:27,374 - INFO - <module> : input: v-lvlgalvez@meralco.com.ph
2022-10-27 13:01:27,374 - INFO - <module> : input: v-lvlgalvez@meralco.com.ph
2022-10-27 13:01:27,374 - INFO - <module> : input: v-lvlgalvez@meralco.com.ph
2022-10-27 13:01:27,465 - INFO - <module> : Clicked
2022-10-27 13:01:27,465 - INFO - <module> : Clicked
2022-10-27 13:01:27,465 - INFO - <module> : Clicked
2022-10-27 13:01:27,465 - INFO - <module> : Clicked
2022-10-27 13:01:28,613 - INFO - <module> : input: Mecopass@@!!129
2022-10-27 13:01:28,613 - INFO - <module> : input: Mecopass@@!!129
2022-10-27 13:01:28,613 - INFO - <module> : input: Mecopass@@!!129
2022-10-27 13:01:28,613 - INFO - <module> : input: Mecopass@@!!129
2022-10-27 13:01:29,244 - INFO - <module> : Clicked
2022-10-27 13:01:29,244 - INFO - <module> : Clicked
2022-10-27 13:01:29,244 - INFO - <module> : Clicked
2022-10-27 13:01:29,244 - INFO - <module> : Clicked
2022-10-27 13:01:29,894 - INFO - <module> : Clicked
2022-10-27 13:01:29,894 - INFO - <module> : Clicked
2022-10-27 13:01:29,894 - INFO - <module> : Clicked
2022-10-27 13:01:29,894 - INFO - <module> : Clicked
2022-10-27 13:01:59,147 - INFO - <module> : Clicked
2022-10-27 13:01:59,147 - INFO - <module> : Clicked
2022-10-27 13:01:59,147 - INFO - <module> : Clicked
2022-10-27 13:01:59,147 - INFO - <module> : Clicked
2022-10-27 13:02:20,647 - INFO - <module> :  clicked
2022-10-27 13:02:20,647 - INFO - <module> :  clicked
2022-10-27 13:02:20,647 - INFO - <module> :  clicked
2022-10-27 13:02:20,647 - INFO - <module> :  clicked
2022-10-27 13:02:20,790 - INFO - <module> : Map Displays clicked
2022-10-27 13:02:20,790 - INFO - <module> : Map Displays clicked
2022-10-27 13:02:20,790 - INFO - <module> : Map Displays clicked
2022-10-27 13:02:20,790 - INFO - <module> : Map Displays clicked
2022-10-27 13:02:21,378 - INFO - <module> :  clicked
2022-10-27 13:02:21,378 - INFO - <module> :  clicked
2022-10-27 13:02:21,378 - INFO - <module> :  clicked
2022-10-27 13:02:21,378 - INFO - <module> :  clicked
2022-10-27 13:02:24,792 - INFO - <module> : Click on any Sector Office pin
2022-10-27 13:02:24,792 - INFO - <module> : Click on any Sector Office pin
2022-10-27 13:02:24,792 - INFO - <module> : Click on any Sector Office pin
2022-10-27 13:02:24,792 - INFO - <module> : Click on any Sector Office pin
2022-10-27 13:02:35,018 - INFO - <module> : Clicked
2022-10-27 13:02:35,018 - INFO - <module> : Clicked
2022-10-27 13:02:35,018 - INFO - <module> : Clicked
2022-10-27 13:02:35,018 - INFO - <module> : Clicked
2022-10-27 13:02:37,607 - INFO - setup : Close Browser
