2022-10-27 13:35:07,694 - INFO - setup : Browser Launched!
2022-10-27 13:35:13,980 - INFO - <module> : Go to Map Displays -> Establishment -> Tick Vital Customers
2022-10-27 13:35:13,980 - INFO - <module> : Go to Map Displays -> Establishment -> Tick Vital Customers
2022-10-27 13:35:13,980 - INFO - <module> : Go to Map Displays -> Establishment -> Tick Vital Customers
2022-10-27 13:35:13,980 - INFO - <module> : Go to Map Displays -> Establishment -> Tick Vital Customers
2022-10-27 13:35:16,056 - INFO - <module> : Opened: https://outage-api.meralco.com.ph/
2022-10-27 13:35:16,056 - INFO - <module> : Opened: https://outage-api.meralco.com.ph/
2022-10-27 13:35:16,056 - INFO - <module> : Opened: https://outage-api.meralco.com.ph/
2022-10-27 13:35:16,056 - INFO - <module> : Opened: https://outage-api.meralco.com.ph/
2022-10-27 13:35:17,309 - INFO - <module> : input: v-lvlgalvez@meralco.com.ph
2022-10-27 13:35:17,309 - INFO - <module> : input: v-lvlgalvez@meralco.com.ph
2022-10-27 13:35:17,309 - INFO - <module> : input: v-lvlgalvez@meralco.com.ph
2022-10-27 13:35:17,309 - INFO - <module> : input: v-lvlgalvez@meralco.com.ph
2022-10-27 13:35:17,367 - INFO - <module> : Clicked
2022-10-27 13:35:17,367 - INFO - <module> : Clicked
2022-10-27 13:35:17,367 - INFO - <module> : Clicked
2022-10-27 13:35:17,367 - INFO - <module> : Clicked
2022-10-27 13:35:19,006 - INFO - <module> : input: Mecopass@@!!129
2022-10-27 13:35:19,006 - INFO - <module> : input: Mecopass@@!!129
2022-10-27 13:35:19,006 - INFO - <module> : input: Mecopass@@!!129
2022-10-27 13:35:19,006 - INFO - <module> : input: Mecopass@@!!129
2022-10-27 13:35:19,498 - INFO - <module> : Clicked
2022-10-27 13:35:19,498 - INFO - <module> : Clicked
2022-10-27 13:35:19,498 - INFO - <module> : Clicked
2022-10-27 13:35:19,498 - INFO - <module> : Clicked
2022-10-27 13:35:20,089 - INFO - <module> : Clicked
2022-10-27 13:35:20,089 - INFO - <module> : Clicked
2022-10-27 13:35:20,089 - INFO - <module> : Clicked
2022-10-27 13:35:20,089 - INFO - <module> : Clicked
2022-10-27 13:35:56,457 - INFO - <module> : Clicked
2022-10-27 13:35:56,457 - INFO - <module> : Clicked
2022-10-27 13:35:56,457 - INFO - <module> : Clicked
2022-10-27 13:35:56,457 - INFO - <module> : Clicked
2022-10-27 13:36:00,606 - INFO - <module> :  clicked
2022-10-27 13:36:00,606 - INFO - <module> :  clicked
2022-10-27 13:36:00,606 - INFO - <module> :  clicked
2022-10-27 13:36:00,606 - INFO - <module> :  clicked
2022-10-27 13:36:00,688 - INFO - <module> : Map Displays clicked
2022-10-27 13:36:00,688 - INFO - <module> : Map Displays clicked
2022-10-27 13:36:00,688 - INFO - <module> : Map Displays clicked
2022-10-27 13:36:00,688 - INFO - <module> : Map Displays clicked
2022-10-27 13:36:01,268 - INFO - <module> :  clicked
2022-10-27 13:36:01,268 - INFO - <module> :  clicked
2022-10-27 13:36:01,268 - INFO - <module> :  clicked
2022-10-27 13:36:01,268 - INFO - <module> :  clicked
2022-10-27 13:36:24,341 - INFO - <module> : Click on any Vital Customer pin
2022-10-27 13:36:24,341 - INFO - <module> : Click on any Vital Customer pin
2022-10-27 13:36:24,341 - INFO - <module> : Click on any Vital Customer pin
2022-10-27 13:36:24,341 - INFO - <module> : Click on any Vital Customer pin
2022-10-27 13:36:43,850 - INFO - <module> : Clicked
2022-10-27 13:36:43,850 - INFO - <module> : Clicked
2022-10-27 13:36:43,850 - INFO - <module> : Clicked
2022-10-27 13:36:43,850 - INFO - <module> : Clicked
2022-10-27 13:37:06,566 - INFO - setup : Close Browser
