2022-11-18 14:06:16,265 - INFO - setup : Browser Launched!
2022-11-18 14:06:23,042 - INFO - <module> : Go to lower right of Internal Map
2022-11-18 14:06:23,042 - INFO - <module> : Go to lower right of Internal Map
2022-11-18 14:06:23,042 - INFO - <module> : Go to lower right of Internal Map
2022-11-18 14:06:23,042 - INFO - <module> : Go to lower right of Internal Map
2022-11-18 14:06:24,347 - INFO - <module> : Opened: https://outage-api.meralco.com.ph/
2022-11-18 14:06:24,347 - INFO - <module> : Opened: https://outage-api.meralco.com.ph/
2022-11-18 14:06:24,347 - INFO - <module> : Opened: https://outage-api.meralco.com.ph/
2022-11-18 14:06:24,347 - INFO - <module> : Opened: https://outage-api.meralco.com.ph/
2022-11-18 14:06:25,641 - INFO - <module> : input: v-agsealmoy@meralco.com.ph
2022-11-18 14:06:25,641 - INFO - <module> : input: v-agsealmoy@meralco.com.ph
2022-11-18 14:06:25,641 - INFO - <module> : input: v-agsealmoy@meralco.com.ph
2022-11-18 14:06:25,641 - INFO - <module> : input: v-agsealmoy@meralco.com.ph
2022-11-18 14:06:25,723 - INFO - <module> : Clicked
2022-11-18 14:06:25,723 - INFO - <module> : Clicked
2022-11-18 14:06:25,723 - INFO - <module> : Clicked
2022-11-18 14:06:25,723 - INFO - <module> : Clicked
2022-11-18 14:06:26,833 - INFO - <module> : input: Meco@@##00018
2022-11-18 14:06:26,833 - INFO - <module> : input: Meco@@##00018
2022-11-18 14:06:26,833 - INFO - <module> : input: Meco@@##00018
2022-11-18 14:06:26,833 - INFO - <module> : input: Meco@@##00018
2022-11-18 14:06:27,398 - INFO - <module> : Clicked
2022-11-18 14:06:27,398 - INFO - <module> : Clicked
2022-11-18 14:06:27,398 - INFO - <module> : Clicked
2022-11-18 14:06:27,398 - INFO - <module> : Clicked
2022-11-18 14:06:28,050 - INFO - <module> : Clicked
2022-11-18 14:06:28,050 - INFO - <module> : Clicked
2022-11-18 14:06:28,050 - INFO - <module> : Clicked
2022-11-18 14:06:28,050 - INFO - <module> : Clicked
2022-11-18 14:07:13,734 - INFO - <module> : Clicked
2022-11-18 14:07:13,734 - INFO - <module> : Clicked
2022-11-18 14:07:13,734 - INFO - <module> : Clicked
2022-11-18 14:07:13,734 - INFO - <module> : Clicked
2022-11-18 14:07:46,812 - INFO - <module> : Go to lower right of Internal Map
2022-11-18 14:07:46,812 - INFO - <module> : Go to lower right of Internal Map
2022-11-18 14:07:46,812 - INFO - <module> : Go to lower right of Internal Map
2022-11-18 14:07:46,812 - INFO - <module> : Go to lower right of Internal Map
2022-11-18 14:07:50,147 - INFO - <module> : Click Street View icon
2022-11-18 14:07:50,147 - INFO - <module> : Click Street View icon
2022-11-18 14:07:50,147 - INFO - <module> : Click Street View icon
2022-11-18 14:07:50,147 - INFO - <module> : Click Street View icon
2022-11-18 14:07:50,812 - INFO - setup : Close Browser
