2022-11-22 14:06:35,995 - INFO - setup : Browser Launched!
2022-11-22 14:06:44,721 - INFO - <module> : Opened: https://fuat-meralco.cs73.force.com/customers/s/contact
2022-11-22 14:06:44,721 - INFO - <module> : Opened: https://fuat-meralco.cs73.force.com/customers/s/contact
2022-11-22 14:06:44,721 - INFO - <module> : Opened: https://fuat-meralco.cs73.force.com/customers/s/contact
2022-11-22 14:06:44,721 - INFO - <module> : Opened: https://fuat-meralco.cs73.force.com/customers/s/contact
2022-11-22 14:06:44,973 - INFO - <module> : Clicked
2022-11-22 14:06:44,973 - INFO - <module> : Clicked
2022-11-22 14:06:44,973 - INFO - <module> : Clicked
2022-11-22 14:06:44,973 - INFO - <module> : Clicked
2022-11-22 14:06:58,397 - INFO - <module> :  exists
2022-11-22 14:06:58,397 - INFO - <module> :  exists
2022-11-22 14:06:58,397 - INFO - <module> :  exists
2022-11-22 14:06:58,397 - INFO - <module> :  exists
2022-11-22 14:07:02,274 - INFO - <module> : input: 3535100272
2022-11-22 14:07:02,274 - INFO - <module> : input: 3535100272
2022-11-22 14:07:02,274 - INFO - <module> : input: 3535100272
2022-11-22 14:07:02,274 - INFO - <module> : input: 3535100272
2022-11-22 14:07:02,357 - INFO - <module> : input: automation
2022-11-22 14:07:02,357 - INFO - <module> : input: automation
2022-11-22 14:07:02,357 - INFO - <module> : input: automation
2022-11-22 14:07:02,357 - INFO - <module> : input: automation
2022-11-22 14:07:02,452 - INFO - <module> : input: outage
2022-11-22 14:07:02,452 - INFO - <module> : input: outage
2022-11-22 14:07:02,452 - INFO - <module> : input: outage
2022-11-22 14:07:02,452 - INFO - <module> : input: outage
2022-11-22 14:07:02,556 - INFO - <module> : input: atconcernsingle@yopmail.com
2022-11-22 14:07:02,556 - INFO - <module> : input: atconcernsingle@yopmail.com
2022-11-22 14:07:02,556 - INFO - <module> : input: atconcernsingle@yopmail.com
2022-11-22 14:07:02,556 - INFO - <module> : input: atconcernsingle@yopmail.com
2022-11-22 14:07:02,641 - INFO - <module> : input: +639758880795
2022-11-22 14:07:02,641 - INFO - <module> : input: +639758880795
2022-11-22 14:07:02,641 - INFO - <module> : input: +639758880795
2022-11-22 14:07:02,641 - INFO - <module> : input: +639758880795
2022-11-22 14:07:02,789 - INFO - <module> : input: Sample Remarks
2022-11-22 14:07:02,789 - INFO - <module> : input: Sample Remarks
2022-11-22 14:07:02,789 - INFO - <module> : input: Sample Remarks
2022-11-22 14:07:02,789 - INFO - <module> : input: Sample Remarks
2022-11-22 14:07:02,874 - INFO - <module> : input: Sample Remarks
2022-11-22 14:07:02,874 - INFO - <module> : input: Sample Remarks
2022-11-22 14:07:02,874 - INFO - <module> : input: Sample Remarks
2022-11-22 14:07:02,874 - INFO - <module> : input: Sample Remarks
2022-11-22 14:07:06,116 - INFO - <module> : Clicked
2022-11-22 14:07:06,116 - INFO - <module> : Clicked
2022-11-22 14:07:06,116 - INFO - <module> : Clicked
2022-11-22 14:07:06,116 - INFO - <module> : Clicked
2022-11-22 14:07:16,206 - INFO - <module> : Opened: https://fuat-meralco.cs73.force.com/customers/s/concernstatus
2022-11-22 14:07:16,206 - INFO - <module> : Opened: https://fuat-meralco.cs73.force.com/customers/s/concernstatus
2022-11-22 14:07:16,206 - INFO - <module> : Opened: https://fuat-meralco.cs73.force.com/customers/s/concernstatus
2022-11-22 14:07:16,206 - INFO - <module> : Opened: https://fuat-meralco.cs73.force.com/customers/s/concernstatus
2022-11-22 14:07:16,664 - INFO - <module> : input: 22112251408
2022-11-22 14:07:16,664 - INFO - <module> : input: 22112251408
2022-11-22 14:07:16,664 - INFO - <module> : input: 22112251408
2022-11-22 14:07:16,664 - INFO - <module> : input: 22112251408
2022-11-22 14:07:16,790 - INFO - <module> : input: outage
2022-11-22 14:07:16,790 - INFO - <module> : input: outage
2022-11-22 14:07:16,790 - INFO - <module> : input: outage
2022-11-22 14:07:16,790 - INFO - <module> : input: outage
2022-11-22 14:07:16,887 - INFO - <module> : Clicked
2022-11-22 14:07:16,887 - INFO - <module> : Clicked
2022-11-22 14:07:16,887 - INFO - <module> : Clicked
2022-11-22 14:07:16,887 - INFO - <module> : Clicked
2022-11-22 14:07:29,492 - INFO - <module> : Opened: https://yopmail.com/en/
2022-11-22 14:07:29,492 - INFO - <module> : Opened: https://yopmail.com/en/
2022-11-22 14:07:29,492 - INFO - <module> : Opened: https://yopmail.com/en/
2022-11-22 14:07:29,492 - INFO - <module> : Opened: https://yopmail.com/en/
2022-11-22 14:07:29,975 - INFO - <module> : input: atconcernsingle@yopmail.com
2022-11-22 14:07:29,975 - INFO - <module> : input: atconcernsingle@yopmail.com
2022-11-22 14:07:29,975 - INFO - <module> : input: atconcernsingle@yopmail.com
2022-11-22 14:07:29,975 - INFO - <module> : input: atconcernsingle@yopmail.com
2022-11-22 14:07:31,274 - INFO - <module> : Clicked
2022-11-22 14:07:31,274 - INFO - <module> : Clicked
2022-11-22 14:07:31,274 - INFO - <module> : Clicked
2022-11-22 14:07:31,274 - INFO - <module> : Clicked
2022-11-22 14:07:35,813 - INFO - setup : Close Browser
