2022-11-23 15:47:31,593 - INFO - setup : Browser Launched!
2022-11-23 15:47:39,641 - INFO - <module> : Opened: https://fuat-meralco.cs73.force.com/customers/s/contact
2022-11-23 15:47:39,641 - INFO - <module> : Opened: https://fuat-meralco.cs73.force.com/customers/s/contact
2022-11-23 15:47:39,641 - INFO - <module> : Opened: https://fuat-meralco.cs73.force.com/customers/s/contact
2022-11-23 15:47:39,641 - INFO - <module> : Opened: https://fuat-meralco.cs73.force.com/customers/s/contact
2022-11-23 15:47:39,899 - INFO - <module> : Clicked
2022-11-23 15:47:39,899 - INFO - <module> : Clicked
2022-11-23 15:47:39,899 - INFO - <module> : Clicked
2022-11-23 15:47:39,899 - INFO - <module> : Clicked
2022-11-23 15:47:53,427 - INFO - <module> :  exists
2022-11-23 15:47:53,427 - INFO - <module> :  exists
2022-11-23 15:47:53,427 - INFO - <module> :  exists
2022-11-23 15:47:53,427 - INFO - <module> :  exists
2022-11-23 15:47:57,407 - INFO - <module> : input: 3535100272
2022-11-23 15:47:57,407 - INFO - <module> : input: 3535100272
2022-11-23 15:47:57,407 - INFO - <module> : input: 3535100272
2022-11-23 15:47:57,407 - INFO - <module> : input: 3535100272
2022-11-23 15:47:57,520 - INFO - <module> : input: automation
2022-11-23 15:47:57,520 - INFO - <module> : input: automation
2022-11-23 15:47:57,520 - INFO - <module> : input: automation
2022-11-23 15:47:57,520 - INFO - <module> : input: automation
2022-11-23 15:47:57,615 - INFO - <module> : input: outage
2022-11-23 15:47:57,615 - INFO - <module> : input: outage
2022-11-23 15:47:57,615 - INFO - <module> : input: outage
2022-11-23 15:47:57,615 - INFO - <module> : input: outage
2022-11-23 15:47:57,734 - INFO - <module> : input: atconcernsingle@yopmail.com
2022-11-23 15:47:57,734 - INFO - <module> : input: atconcernsingle@yopmail.com
2022-11-23 15:47:57,734 - INFO - <module> : input: atconcernsingle@yopmail.com
2022-11-23 15:47:57,734 - INFO - <module> : input: atconcernsingle@yopmail.com
2022-11-23 15:47:57,829 - INFO - <module> : input: +639758880795
2022-11-23 15:47:57,829 - INFO - <module> : input: +639758880795
2022-11-23 15:47:57,829 - INFO - <module> : input: +639758880795
2022-11-23 15:47:57,829 - INFO - <module> : input: +639758880795
2022-11-23 15:47:58,009 - INFO - <module> : input: Sample Remarks
2022-11-23 15:47:58,009 - INFO - <module> : input: Sample Remarks
2022-11-23 15:47:58,009 - INFO - <module> : input: Sample Remarks
2022-11-23 15:47:58,009 - INFO - <module> : input: Sample Remarks
2022-11-23 15:47:58,085 - INFO - <module> : input: Sample Remarks
2022-11-23 15:47:58,085 - INFO - <module> : input: Sample Remarks
2022-11-23 15:47:58,085 - INFO - <module> : input: Sample Remarks
2022-11-23 15:47:58,085 - INFO - <module> : input: Sample Remarks
2022-11-23 15:48:01,116 - INFO - <module> : Clicked
2022-11-23 15:48:01,116 - INFO - <module> : Clicked
2022-11-23 15:48:01,116 - INFO - <module> : Clicked
2022-11-23 15:48:01,116 - INFO - <module> : Clicked
2022-11-23 15:48:12,145 - INFO - <module> : Opened: https://fuat-meralco.cs73.force.com/customers/s/concernstatus
2022-11-23 15:48:12,145 - INFO - <module> : Opened: https://fuat-meralco.cs73.force.com/customers/s/concernstatus
2022-11-23 15:48:12,145 - INFO - <module> : Opened: https://fuat-meralco.cs73.force.com/customers/s/concernstatus
2022-11-23 15:48:12,145 - INFO - <module> : Opened: https://fuat-meralco.cs73.force.com/customers/s/concernstatus
2022-11-23 15:48:12,356 - INFO - <module> : input: 22112251408
2022-11-23 15:48:12,356 - INFO - <module> : input: 22112251408
2022-11-23 15:48:12,356 - INFO - <module> : input: 22112251408
2022-11-23 15:48:12,356 - INFO - <module> : input: 22112251408
2022-11-23 15:48:12,457 - INFO - <module> : input: outage
2022-11-23 15:48:12,457 - INFO - <module> : input: outage
2022-11-23 15:48:12,457 - INFO - <module> : input: outage
2022-11-23 15:48:12,457 - INFO - <module> : input: outage
2022-11-23 15:48:12,543 - INFO - <module> : Clicked
2022-11-23 15:48:12,543 - INFO - <module> : Clicked
2022-11-23 15:48:12,543 - INFO - <module> : Clicked
2022-11-23 15:48:12,543 - INFO - <module> : Clicked
2022-11-23 15:48:18,978 - INFO - <module> : Opened: https://yopmail.com/en/
2022-11-23 15:48:18,978 - INFO - <module> : Opened: https://yopmail.com/en/
2022-11-23 15:48:18,978 - INFO - <module> : Opened: https://yopmail.com/en/
2022-11-23 15:48:18,978 - INFO - <module> : Opened: https://yopmail.com/en/
2022-11-23 15:48:23,395 - INFO - <module> : input: atconcernsingle@yopmail.com
2022-11-23 15:48:23,395 - INFO - <module> : input: atconcernsingle@yopmail.com
2022-11-23 15:48:23,395 - INFO - <module> : input: atconcernsingle@yopmail.com
2022-11-23 15:48:23,395 - INFO - <module> : input: atconcernsingle@yopmail.com
2022-11-23 15:48:24,690 - INFO - <module> : Clicked
2022-11-23 15:48:24,690 - INFO - <module> : Clicked
2022-11-23 15:48:24,690 - INFO - <module> : Clicked
2022-11-23 15:48:24,690 - INFO - <module> : Clicked
2022-11-23 15:48:26,948 - INFO - setup : Close Browser
