2023-01-03 14:35:29,883 - INFO - setup : Browser Launched!
2023-01-03 14:35:59,281 - INFO - <module> : Opened: https://fuat-meralco.cs73.force.com/customers/s/cxe-apply
2023-01-03 14:35:59,281 - INFO - <module> : Opened: https://fuat-meralco.cs73.force.com/customers/s/cxe-apply
2023-01-03 14:35:59,281 - INFO - <module> : Opened: https://fuat-meralco.cs73.force.com/customers/s/cxe-apply
2023-01-03 14:35:59,281 - INFO - <module> : Opened: https://fuat-meralco.cs73.force.com/customers/s/cxe-apply
2023-01-03 14:36:05,488 - INFO - <module> : Service Application exists
2023-01-03 14:36:05,488 - INFO - <module> : Service Application exists
2023-01-03 14:36:05,488 - INFO - <module> : Service Application exists
2023-01-03 14:36:05,488 - INFO - <module> : Service Application exists
2023-01-03 14:36:08,862 - INFO - <module> : Clicked
2023-01-03 14:36:08,862 - INFO - <module> : Clicked
2023-01-03 14:36:08,862 - INFO - <module> : Clicked
2023-01-03 14:36:08,862 - INFO - <module> : Clicked
2023-01-03 14:36:12,119 - INFO - <module> : Clicked
2023-01-03 14:36:12,119 - INFO - <module> : Clicked
2023-01-03 14:36:12,119 - INFO - <module> : Clicked
2023-01-03 14:36:12,119 - INFO - <module> : Clicked
2023-01-03 14:36:21,021 - INFO - <module> : Clicked
2023-01-03 14:36:21,021 - INFO - <module> : Clicked
2023-01-03 14:36:21,021 - INFO - <module> : Clicked
2023-01-03 14:36:21,021 - INFO - <module> : Clicked
2023-01-03 14:36:26,089 - INFO - setup : Close Browser
