2022-12-22 10:03:52,241 - INFO - setup : Browser Launched!
2022-12-22 10:04:30,338 - INFO - <module> : Login to Meralco Online
2022-12-22 10:04:30,338 - INFO - <module> : Login to Meralco Online
2022-12-22 10:04:30,338 - INFO - <module> : Login to Meralco Online
2022-12-22 10:04:30,338 - INFO - <module> : Login to Meralco Online
2022-12-22 10:04:34,403 - INFO - <module> : input: atconcernmultiple@yopmail.com
2022-12-22 10:04:34,403 - INFO - <module> : input: atconcernmultiple@yopmail.com
2022-12-22 10:04:34,403 - INFO - <module> : input: atconcernmultiple@yopmail.com
2022-12-22 10:04:34,403 - INFO - <module> : input: atconcernmultiple@yopmail.com
2022-12-22 10:04:35,012 - INFO - <module> : input: Meralco01
2022-12-22 10:04:35,012 - INFO - <module> : input: Meralco01
2022-12-22 10:04:35,012 - INFO - <module> : input: Meralco01
2022-12-22 10:04:35,012 - INFO - <module> : input: Meralco01
2022-12-22 10:04:35,832 - INFO - <module> : Clicked
2022-12-22 10:04:35,832 - INFO - <module> : Clicked
2022-12-22 10:04:35,832 - INFO - <module> : Clicked
2022-12-22 10:04:35,832 - INFO - <module> : Clicked
2022-12-22 10:04:41,509 - INFO - <module> : Hello, exists
2022-12-22 10:04:41,509 - INFO - <module> : Hello, exists
2022-12-22 10:04:41,509 - INFO - <module> : Hello, exists
2022-12-22 10:04:41,509 - INFO - <module> : Hello, exists
2022-12-22 10:04:55,000 - INFO - <module> : Go to Accounts> Manage Accounts
2022-12-22 10:04:55,000 - INFO - <module> : Go to Accounts> Manage Accounts
2022-12-22 10:04:55,000 - INFO - <module> : Go to Accounts> Manage Accounts
2022-12-22 10:04:55,000 - INFO - <module> : Go to Accounts> Manage Accounts
2022-12-22 10:04:55,192 - INFO - <module> : Accounts clicked
2022-12-22 10:04:55,192 - INFO - <module> : Accounts clicked
2022-12-22 10:04:55,192 - INFO - <module> : Accounts clicked
2022-12-22 10:04:55,192 - INFO - <module> : Accounts clicked
2022-12-22 10:04:55,410 - INFO - <module> :  clicked
2022-12-22 10:04:55,410 - INFO - <module> :  clicked
2022-12-22 10:04:55,410 - INFO - <module> :  clicked
2022-12-22 10:04:55,410 - INFO - <module> :  clicked
2022-12-22 10:05:03,364 - INFO - <module> : Search then Select Account > Click Change Service Details button
2022-12-22 10:05:03,364 - INFO - <module> : Search then Select Account > Click Change Service Details button
2022-12-22 10:05:03,364 - INFO - <module> : Search then Select Account > Click Change Service Details button
2022-12-22 10:05:03,364 - INFO - <module> : Search then Select Account > Click Change Service Details button
2022-12-22 10:05:04,426 - INFO - <module> : Clicked
2022-12-22 10:05:04,426 - INFO - <module> : Clicked
2022-12-22 10:05:04,426 - INFO - <module> : Clicked
2022-12-22 10:05:04,426 - INFO - <module> : Clicked
2022-12-22 10:05:14,502 - INFO - <module> : Clicked
2022-12-22 10:05:14,502 - INFO - <module> : Clicked
2022-12-22 10:05:14,502 - INFO - <module> : Clicked
2022-12-22 10:05:14,502 - INFO - <module> : Clicked
2022-12-22 10:05:20,141 - INFO - <module> : Select Change Service Details request options then click Next
2022-12-22 10:05:20,141 - INFO - <module> : Select Change Service Details request options then click Next
2022-12-22 10:05:20,141 - INFO - <module> : Select Change Service Details request options then click Next
2022-12-22 10:05:20,141 - INFO - <module> : Select Change Service Details request options then click Next
2022-12-22 10:05:20,455 - INFO - <module> : Clicked
2022-12-22 10:05:20,455 - INFO - <module> : Clicked
2022-12-22 10:05:20,455 - INFO - <module> : Clicked
2022-12-22 10:05:20,455 - INFO - <module> : Clicked
2022-12-22 10:05:23,525 - INFO - <module> : Clicked
2022-12-22 10:05:23,525 - INFO - <module> : Clicked
2022-12-22 10:05:23,525 - INFO - <module> : Clicked
2022-12-22 10:05:23,525 - INFO - <module> : Clicked
2022-12-22 10:05:27,370 - INFO - <module> : Populate the following:
Notification indicator
AMC indicator
> Attach documents
> Click Next
2022-12-22 10:05:27,370 - INFO - <module> : Populate the following:
Notification indicator
AMC indicator
> Attach documents
> Click Next
2022-12-22 10:05:27,370 - INFO - <module> : Populate the following:
Notification indicator
AMC indicator
> Attach documents
> Click Next
2022-12-22 10:05:27,370 - INFO - <module> : Populate the following:
Notification indicator
AMC indicator
> Attach documents
> Click Next
2022-12-22 10:05:35,517 - INFO - <module> : Clicked
2022-12-22 10:05:35,517 - INFO - <module> : Clicked
2022-12-22 10:05:35,517 - INFO - <module> : Clicked
2022-12-22 10:05:35,517 - INFO - <module> : Clicked
2022-12-22 10:05:36,105 - INFO - <module> : Tick on I have read and agree to the Meralco Online Terms & Conditions and consent to the processing of my personal data in accordance with the Privacy Policy
2022-12-22 10:05:36,105 - INFO - <module> : Tick on I have read and agree to the Meralco Online Terms & Conditions and consent to the processing of my personal data in accordance with the Privacy Policy
2022-12-22 10:05:36,105 - INFO - <module> : Tick on I have read and agree to the Meralco Online Terms & Conditions and consent to the processing of my personal data in accordance with the Privacy Policy
2022-12-22 10:05:36,105 - INFO - <module> : Tick on I have read and agree to the Meralco Online Terms & Conditions and consent to the processing of my personal data in accordance with the Privacy Policy
2022-12-22 10:05:48,952 - INFO - <module> : Clicked
2022-12-22 10:05:48,952 - INFO - <module> : Clicked
2022-12-22 10:05:48,952 - INFO - <module> : Clicked
2022-12-22 10:05:48,952 - INFO - <module> : Clicked
2022-12-22 10:05:49,483 - INFO - <module> : Click Submit
2022-12-22 10:05:49,483 - INFO - <module> : Click Submit
2022-12-22 10:05:49,483 - INFO - <module> : Click Submit
2022-12-22 10:05:49,483 - INFO - <module> : Click Submit
2022-12-22 10:06:24,742 - ERROR - <module> : Cannot Locate: back_to_home
2022-12-22 10:06:24,742 - ERROR - <module> : Cannot Locate: back_to_home
2022-12-22 10:06:24,742 - ERROR - <module> : Cannot Locate: back_to_home
2022-12-22 10:06:24,742 - ERROR - <module> : Cannot Locate: back_to_home
2022-12-22 10:06:24,890 - INFO - setup : Close Browser
