2022-11-18 16:36:25,658 - INFO - setup : Browser Launched!
2022-11-18 16:36:43,938 - INFO - <module> : Opened: https://outage-api.meralco.com.ph/
2022-11-18 16:36:43,938 - INFO - <module> : Opened: https://outage-api.meralco.com.ph/
2022-11-18 16:36:43,938 - INFO - <module> : Opened: https://outage-api.meralco.com.ph/
2022-11-18 16:36:43,938 - INFO - <module> : Opened: https://outage-api.meralco.com.ph/
2022-11-18 16:36:47,148 - INFO - <module> : input: v-agsealmoy@meralco.com.ph
2022-11-18 16:36:47,148 - INFO - <module> : input: v-agsealmoy@meralco.com.ph
2022-11-18 16:36:47,148 - INFO - <module> : input: v-agsealmoy@meralco.com.ph
2022-11-18 16:36:47,148 - INFO - <module> : input: v-agsealmoy@meralco.com.ph
2022-11-18 16:36:47,413 - INFO - <module> : Clicked
2022-11-18 16:36:47,413 - INFO - <module> : Clicked
2022-11-18 16:36:47,413 - INFO - <module> : Clicked
2022-11-18 16:36:47,413 - INFO - <module> : Clicked
2022-11-18 16:36:48,801 - INFO - <module> : input: Meco@@##00018
2022-11-18 16:36:48,801 - INFO - <module> : input: Meco@@##00018
2022-11-18 16:36:48,801 - INFO - <module> : input: Meco@@##00018
2022-11-18 16:36:48,801 - INFO - <module> : input: Meco@@##00018
2022-11-18 16:36:49,678 - INFO - <module> : Clicked
2022-11-18 16:36:49,678 - INFO - <module> : Clicked
2022-11-18 16:36:49,678 - INFO - <module> : Clicked
2022-11-18 16:36:49,678 - INFO - <module> : Clicked
2022-11-18 16:36:50,621 - INFO - <module> : Clicked
2022-11-18 16:36:50,621 - INFO - <module> : Clicked
2022-11-18 16:36:50,621 - INFO - <module> : Clicked
2022-11-18 16:36:50,621 - INFO - <module> : Clicked
2022-11-18 16:37:30,037 - INFO - <module> : Clicked
2022-11-18 16:37:30,037 - INFO - <module> : Clicked
2022-11-18 16:37:30,037 - INFO - <module> : Clicked
2022-11-18 16:37:30,037 - INFO - <module> : Clicked
2022-11-18 16:37:59,626 - INFO - <module> : Hover over Refresh data button
2022-11-18 16:37:59,626 - INFO - <module> : Hover over Refresh data button
2022-11-18 16:37:59,626 - INFO - <module> : Hover over Refresh data button
2022-11-18 16:37:59,626 - INFO - <module> : Hover over Refresh data button
2022-11-18 16:38:13,900 - INFO - setup : Close Browser
