2023-01-10 10:50:08,455 - INFO - setup : Browser Launched!
2023-01-10 10:50:14,781 - INFO - <module> : Go to Outages & Incidents > Report Streetlight And Safety Concerns
2023-01-10 10:50:14,781 - INFO - <module> : Go to Outages & Incidents > Report Streetlight And Safety Concerns
2023-01-10 10:50:14,781 - INFO - <module> : Go to Outages & Incidents > Report Streetlight And Safety Concerns
2023-01-10 10:50:14,781 - INFO - <module> : Go to Outages & Incidents > Report Streetlight And Safety Concerns
2023-01-10 10:50:14,781 - INFO - <module> : Go to Outages & Incidents > Report Streetlight And Safety Concerns
2023-01-10 10:50:15,738 - INFO - <module> : Opened: https://fuat-meralco.cs73.force.com/customers/s/outagemap
2023-01-10 10:50:15,738 - INFO - <module> : Opened: https://fuat-meralco.cs73.force.com/customers/s/outagemap
2023-01-10 10:50:15,738 - INFO - <module> : Opened: https://fuat-meralco.cs73.force.com/customers/s/outagemap
2023-01-10 10:50:15,738 - INFO - <module> : Opened: https://fuat-meralco.cs73.force.com/customers/s/outagemap
2023-01-10 10:50:15,738 - INFO - <module> : Opened: https://fuat-meralco.cs73.force.com/customers/s/outagemap
2023-01-10 10:50:28,052 - INFO - <module> : Meralco would like to access your location to identify if your area is affected by an outage. exists
2023-01-10 10:50:28,052 - INFO - <module> : Meralco would like to access your location to identify if your area is affected by an outage. exists
2023-01-10 10:50:28,052 - INFO - <module> : Meralco would like to access your location to identify if your area is affected by an outage. exists
2023-01-10 10:50:28,052 - INFO - <module> : Meralco would like to access your location to identify if your area is affected by an outage. exists
2023-01-10 10:50:28,052 - INFO - <module> : Meralco would like to access your location to identify if your area is affected by an outage. exists
2023-01-10 10:50:30,175 - INFO - <module> : Clicked
2023-01-10 10:50:30,175 - INFO - <module> : Clicked
2023-01-10 10:50:30,175 - INFO - <module> : Clicked
2023-01-10 10:50:30,175 - INFO - <module> : Clicked
2023-01-10 10:50:30,175 - INFO - <module> : Clicked
2023-01-10 10:50:34,266 - INFO - <module> : Clicked
2023-01-10 10:50:34,266 - INFO - <module> : Clicked
2023-01-10 10:50:34,266 - INFO - <module> : Clicked
2023-01-10 10:50:34,266 - INFO - <module> : Clicked
2023-01-10 10:50:34,266 - INFO - <module> : Clicked
2023-01-10 10:50:42,322 - INFO - <module> : Report an Outage or Incident exists
2023-01-10 10:50:42,322 - INFO - <module> : Report an Outage or Incident exists
2023-01-10 10:50:42,322 - INFO - <module> : Report an Outage or Incident exists
2023-01-10 10:50:42,322 - INFO - <module> : Report an Outage or Incident exists
2023-01-10 10:50:42,322 - INFO - <module> : Report an Outage or Incident exists
2023-01-10 10:50:42,377 - INFO - <module> : Clicked
2023-01-10 10:50:42,377 - INFO - <module> : Clicked
2023-01-10 10:50:42,377 - INFO - <module> : Clicked
2023-01-10 10:50:42,377 - INFO - <module> : Clicked
2023-01-10 10:50:42,377 - INFO - <module> : Clicked
2023-01-10 10:50:45,264 - INFO - <module> : Populate required fields > click Submit
2023-01-10 10:50:45,264 - INFO - <module> : Populate required fields > click Submit
2023-01-10 10:50:45,264 - INFO - <module> : Populate required fields > click Submit
2023-01-10 10:50:45,264 - INFO - <module> : Populate required fields > click Submit
2023-01-10 10:50:45,264 - INFO - <module> : Populate required fields > click Submit
2023-01-10 10:50:45,330 - INFO - <module> : Clicked
2023-01-10 10:50:45,330 - INFO - <module> : Clicked
2023-01-10 10:50:45,330 - INFO - <module> : Clicked
2023-01-10 10:50:45,330 - INFO - <module> : Clicked
2023-01-10 10:50:45,330 - INFO - <module> : Clicked
2023-01-10 10:50:45,371 - INFO - <module> : Clicked
2023-01-10 10:50:45,371 - INFO - <module> : Clicked
2023-01-10 10:50:45,371 - INFO - <module> : Clicked
2023-01-10 10:50:45,371 - INFO - <module> : Clicked
2023-01-10 10:50:45,371 - INFO - <module> : Clicked
2023-01-10 10:50:55,021 - INFO - setup : Close Browser
