2023-01-10 16:54:39,143 - INFO - setup : Browser Launched!
2023-01-10 16:55:13,854 - INFO - <module> : input: atconcernsingle@yopmail.com
2023-01-10 16:55:13,854 - INFO - <module> : input: atconcernsingle@yopmail.com
2023-01-10 16:55:13,854 - INFO - <module> : input: atconcernsingle@yopmail.com
2023-01-10 16:55:13,854 - INFO - <module> : input: atconcernsingle@yopmail.com
2023-01-10 16:55:14,322 - INFO - <module> : input: Meralco01
2023-01-10 16:55:14,322 - INFO - <module> : input: Meralco01
2023-01-10 16:55:14,322 - INFO - <module> : input: Meralco01
2023-01-10 16:55:14,322 - INFO - <module> : input: Meralco01
2023-01-10 16:55:15,107 - INFO - <module> : Clicked
2023-01-10 16:55:15,107 - INFO - <module> : Clicked
2023-01-10 16:55:15,107 - INFO - <module> : Clicked
2023-01-10 16:55:15,107 - INFO - <module> : Clicked
2023-01-10 16:55:20,609 - INFO - <module> : Hello, exists
2023-01-10 16:55:20,609 - INFO - <module> : Hello, exists
2023-01-10 16:55:20,609 - INFO - <module> : Hello, exists
2023-01-10 16:55:20,609 - INFO - <module> : Hello, exists
2023-01-10 16:55:23,782 - INFO - <module> : VIEW ACCOUNT DETAILS clicked
2023-01-10 16:55:23,782 - INFO - <module> : VIEW ACCOUNT DETAILS clicked
2023-01-10 16:55:23,782 - INFO - <module> : VIEW ACCOUNT DETAILS clicked
2023-01-10 16:55:23,782 - INFO - <module> : VIEW ACCOUNT DETAILS clicked
2023-01-10 16:55:26,267 - INFO - setup : Close Browser
