2022-10-18 11:37:07,605 - INFO - setup : Browser Launched!
2022-10-18 11:37:25,393 - INFO - <module> : Login to Meralco Online
2022-10-18 11:37:25,393 - INFO - <module> : Login to Meralco Online
2022-10-18 11:37:25,393 - INFO - <module> : Login to Meralco Online
2022-10-18 11:37:25,393 - INFO - <module> : Login to Meralco Online
2022-10-18 11:37:25,812 - INFO - <module> : input: atmooutageaccount@yopmail.com
2022-10-18 11:37:25,812 - INFO - <module> : input: atmooutageaccount@yopmail.com
2022-10-18 11:37:25,812 - INFO - <module> : input: atmooutageaccount@yopmail.com
2022-10-18 11:37:25,812 - INFO - <module> : input: atmooutageaccount@yopmail.com
2022-10-18 11:37:25,997 - INFO - <module> : input: Meralco01
2022-10-18 11:37:25,997 - INFO - <module> : input: Meralco01
2022-10-18 11:37:25,997 - INFO - <module> : input: Meralco01
2022-10-18 11:37:25,997 - INFO - <module> : input: Meralco01
2022-10-18 11:37:26,154 - INFO - <module> : Clicked
2022-10-18 11:37:26,154 - INFO - <module> : Clicked
2022-10-18 11:37:26,154 - INFO - <module> : Clicked
2022-10-18 11:37:26,154 - INFO - <module> : Clicked
2022-10-18 11:37:42,661 - INFO - <module> : Hello, exists
2022-10-18 11:37:42,661 - INFO - <module> : Hello, exists
2022-10-18 11:37:42,661 - INFO - <module> : Hello, exists
2022-10-18 11:37:42,661 - INFO - <module> : Hello, exists
2022-10-18 11:37:42,738 - INFO - <module> : Hello, exists
2022-10-18 11:37:42,738 - INFO - <module> : Hello, exists
2022-10-18 11:37:42,738 - INFO - <module> : Hello, exists
2022-10-18 11:37:42,738 - INFO - <module> : Hello, exists
2022-10-18 11:37:47,905 - INFO - <module> : Go to Outages & Incidents > View/Report Outages
2022-10-18 11:37:47,905 - INFO - <module> : Go to Outages & Incidents > View/Report Outages
2022-10-18 11:37:47,905 - INFO - <module> : Go to Outages & Incidents > View/Report Outages
2022-10-18 11:37:47,905 - INFO - <module> : Go to Outages & Incidents > View/Report Outages
2022-10-18 11:37:48,114 - INFO - <module> : Clicked
2022-10-18 11:37:48,114 - INFO - <module> : Clicked
2022-10-18 11:37:48,114 - INFO - <module> : Clicked
2022-10-18 11:37:48,114 - INFO - <module> : Clicked
2022-10-18 11:37:48,277 - INFO - <module> :  clicked
2022-10-18 11:37:48,277 - INFO - <module> :  clicked
2022-10-18 11:37:48,277 - INFO - <module> :  clicked
2022-10-18 11:37:48,277 - INFO - <module> :  clicked
2022-10-18 11:38:00,377 - INFO - <module> : Okay clicked
2022-10-18 11:38:00,377 - INFO - <module> : Okay clicked
2022-10-18 11:38:00,377 - INFO - <module> : Okay clicked
2022-10-18 11:38:00,377 - INFO - <module> : Okay clicked
2022-10-18 11:38:06,077 - INFO - <module> : Click on Map Views button > Select All under Outage Type
2022-10-18 11:38:06,077 - INFO - <module> : Click on Map Views button > Select All under Outage Type
2022-10-18 11:38:06,077 - INFO - <module> : Click on Map Views button > Select All under Outage Type
2022-10-18 11:38:06,077 - INFO - <module> : Click on Map Views button > Select All under Outage Type
2022-10-18 11:38:06,454 - INFO - <module> : Clicked
2022-10-18 11:38:06,454 - INFO - <module> : Clicked
2022-10-18 11:38:06,454 - INFO - <module> : Clicked
2022-10-18 11:38:06,454 - INFO - <module> : Clicked
2022-10-18 11:38:09,464 - INFO - setup : Close Browser
