2023-01-11 10:46:41,540 - INFO - setup : Browser Launched!
2023-01-11 10:46:57,041 - INFO - <module> : Go to Outages & Incidents > Report Streetlight And Safety Concerns
2023-01-11 10:46:57,041 - INFO - <module> : Go to Outages & Incidents > Report Streetlight And Safety Concerns
2023-01-11 10:46:57,041 - INFO - <module> : Go to Outages & Incidents > Report Streetlight And Safety Concerns
2023-01-11 10:46:57,041 - INFO - <module> : Go to Outages & Incidents > Report Streetlight And Safety Concerns
2023-01-11 10:46:57,041 - INFO - <module> : Go to Outages & Incidents > Report Streetlight And Safety Concerns
2023-01-11 10:47:00,284 - INFO - <module> : Opened: https://fuat-meralco.cs73.force.com/customers/s/outagemap
2023-01-11 10:47:00,284 - INFO - <module> : Opened: https://fuat-meralco.cs73.force.com/customers/s/outagemap
2023-01-11 10:47:00,284 - INFO - <module> : Opened: https://fuat-meralco.cs73.force.com/customers/s/outagemap
2023-01-11 10:47:00,284 - INFO - <module> : Opened: https://fuat-meralco.cs73.force.com/customers/s/outagemap
2023-01-11 10:47:00,284 - INFO - <module> : Opened: https://fuat-meralco.cs73.force.com/customers/s/outagemap
2023-01-11 10:47:09,492 - INFO - <module> : Meralco would like to access your location to identify if your area is affected by an outage. exists
2023-01-11 10:47:09,492 - INFO - <module> : Meralco would like to access your location to identify if your area is affected by an outage. exists
2023-01-11 10:47:09,492 - INFO - <module> : Meralco would like to access your location to identify if your area is affected by an outage. exists
2023-01-11 10:47:09,492 - INFO - <module> : Meralco would like to access your location to identify if your area is affected by an outage. exists
2023-01-11 10:47:09,492 - INFO - <module> : Meralco would like to access your location to identify if your area is affected by an outage. exists
2023-01-11 10:47:11,586 - INFO - <module> : Clicked
2023-01-11 10:47:11,586 - INFO - <module> : Clicked
2023-01-11 10:47:11,586 - INFO - <module> : Clicked
2023-01-11 10:47:11,586 - INFO - <module> : Clicked
2023-01-11 10:47:11,586 - INFO - <module> : Clicked
2023-01-11 10:47:15,687 - INFO - <module> : Clicked
2023-01-11 10:47:15,687 - INFO - <module> : Clicked
2023-01-11 10:47:15,687 - INFO - <module> : Clicked
2023-01-11 10:47:15,687 - INFO - <module> : Clicked
2023-01-11 10:47:15,687 - INFO - <module> : Clicked
2023-01-11 10:47:26,660 - INFO - <module> : Report an Outage or Incident exists
2023-01-11 10:47:26,660 - INFO - <module> : Report an Outage or Incident exists
2023-01-11 10:47:26,660 - INFO - <module> : Report an Outage or Incident exists
2023-01-11 10:47:26,660 - INFO - <module> : Report an Outage or Incident exists
2023-01-11 10:47:26,660 - INFO - <module> : Report an Outage or Incident exists
2023-01-11 10:47:26,758 - INFO - <module> : Clicked
2023-01-11 10:47:26,758 - INFO - <module> : Clicked
2023-01-11 10:47:26,758 - INFO - <module> : Clicked
2023-01-11 10:47:26,758 - INFO - <module> : Clicked
2023-01-11 10:47:26,758 - INFO - <module> : Clicked
2023-01-11 10:47:27,354 - INFO - <module> : Clicked
2023-01-11 10:47:27,354 - INFO - <module> : Clicked
2023-01-11 10:47:27,354 - INFO - <module> : Clicked
2023-01-11 10:47:27,354 - INFO - <module> : Clicked
2023-01-11 10:47:27,354 - INFO - <module> : Clicked
2023-01-11 10:47:27,428 - INFO - <module> : Clicked
2023-01-11 10:47:27,428 - INFO - <module> : Clicked
2023-01-11 10:47:27,428 - INFO - <module> : Clicked
2023-01-11 10:47:27,428 - INFO - <module> : Clicked
2023-01-11 10:47:27,428 - INFO - <module> : Clicked
2023-01-11 10:47:30,610 - INFO - <module> : Populate required fields > click Submit
2023-01-11 10:47:30,610 - INFO - <module> : Populate required fields > click Submit
2023-01-11 10:47:30,610 - INFO - <module> : Populate required fields > click Submit
2023-01-11 10:47:30,610 - INFO - <module> : Populate required fields > click Submit
2023-01-11 10:47:30,610 - INFO - <module> : Populate required fields > click Submit
2023-01-11 10:47:30,691 - INFO - <module> : Clicked
2023-01-11 10:47:30,691 - INFO - <module> : Clicked
2023-01-11 10:47:30,691 - INFO - <module> : Clicked
2023-01-11 10:47:30,691 - INFO - <module> : Clicked
2023-01-11 10:47:30,691 - INFO - <module> : Clicked
2023-01-11 10:47:32,320 - INFO - <module> : Clicked
2023-01-11 10:47:32,320 - INFO - <module> : Clicked
2023-01-11 10:47:32,320 - INFO - <module> : Clicked
2023-01-11 10:47:32,320 - INFO - <module> : Clicked
2023-01-11 10:47:32,320 - INFO - <module> : Clicked
2023-01-11 10:47:32,888 - INFO - <module> : Clicked
2023-01-11 10:47:32,888 - INFO - <module> : Clicked
2023-01-11 10:47:32,888 - INFO - <module> : Clicked
2023-01-11 10:47:32,888 - INFO - <module> : Clicked
2023-01-11 10:47:32,888 - INFO - <module> : Clicked
2023-01-11 10:47:33,972 - INFO - <module> : Clicked
2023-01-11 10:47:33,972 - INFO - <module> : Clicked
2023-01-11 10:47:33,972 - INFO - <module> : Clicked
2023-01-11 10:47:33,972 - INFO - <module> : Clicked
2023-01-11 10:47:33,972 - INFO - <module> : Clicked
2023-01-11 10:47:35,067 - INFO - <module> : Clicked
2023-01-11 10:47:35,067 - INFO - <module> : Clicked
2023-01-11 10:47:35,067 - INFO - <module> : Clicked
2023-01-11 10:47:35,067 - INFO - <module> : Clicked
2023-01-11 10:47:35,067 - INFO - <module> : Clicked
2023-01-11 10:47:35,163 - INFO - <module> : input: 123
2023-01-11 10:47:35,163 - INFO - <module> : input: 123
2023-01-11 10:47:35,163 - INFO - <module> : input: 123
2023-01-11 10:47:35,163 - INFO - <module> : input: 123
2023-01-11 10:47:35,163 - INFO - <module> : input: 123
2023-01-11 10:47:35,226 - INFO - <module> : Clicked
2023-01-11 10:47:35,226 - INFO - <module> : Clicked
2023-01-11 10:47:35,226 - INFO - <module> : Clicked
2023-01-11 10:47:35,226 - INFO - <module> : Clicked
2023-01-11 10:47:35,226 - INFO - <module> : Clicked
2023-01-11 10:47:36,381 - INFO - setup : Close Browser
