2023-01-10 15:04:41,001 - INFO - setup : Browser Launched!
2023-01-10 15:04:54,290 - INFO - <module> : Go to Outages & Incidents > Report Streetlight And Safety Concerns
2023-01-10 15:04:54,290 - INFO - <module> : Go to Outages & Incidents > Report Streetlight And Safety Concerns
2023-01-10 15:04:54,290 - INFO - <module> : Go to Outages & Incidents > Report Streetlight And Safety Concerns
2023-01-10 15:04:54,290 - INFO - <module> : Go to Outages & Incidents > Report Streetlight And Safety Concerns
2023-01-10 15:04:54,290 - INFO - <module> : Go to Outages & Incidents > Report Streetlight And Safety Concerns
2023-01-10 15:05:00,150 - INFO - <module> : Opened: https://fuat-meralco.cs73.force.com/customers/s/outagemap
2023-01-10 15:05:00,150 - INFO - <module> : Opened: https://fuat-meralco.cs73.force.com/customers/s/outagemap
2023-01-10 15:05:00,150 - INFO - <module> : Opened: https://fuat-meralco.cs73.force.com/customers/s/outagemap
2023-01-10 15:05:00,150 - INFO - <module> : Opened: https://fuat-meralco.cs73.force.com/customers/s/outagemap
2023-01-10 15:05:00,150 - INFO - <module> : Opened: https://fuat-meralco.cs73.force.com/customers/s/outagemap
2023-01-10 15:05:04,619 - INFO - <module> : Meralco would like to access your location to identify if your area is affected by an outage. exists
2023-01-10 15:05:04,619 - INFO - <module> : Meralco would like to access your location to identify if your area is affected by an outage. exists
2023-01-10 15:05:04,619 - INFO - <module> : Meralco would like to access your location to identify if your area is affected by an outage. exists
2023-01-10 15:05:04,619 - INFO - <module> : Meralco would like to access your location to identify if your area is affected by an outage. exists
2023-01-10 15:05:04,619 - INFO - <module> : Meralco would like to access your location to identify if your area is affected by an outage. exists
2023-01-10 15:05:06,740 - INFO - <module> : Clicked
2023-01-10 15:05:06,740 - INFO - <module> : Clicked
2023-01-10 15:05:06,740 - INFO - <module> : Clicked
2023-01-10 15:05:06,740 - INFO - <module> : Clicked
2023-01-10 15:05:06,740 - INFO - <module> : Clicked
2023-01-10 15:05:10,848 - INFO - <module> : Clicked
2023-01-10 15:05:10,848 - INFO - <module> : Clicked
2023-01-10 15:05:10,848 - INFO - <module> : Clicked
2023-01-10 15:05:10,848 - INFO - <module> : Clicked
2023-01-10 15:05:10,848 - INFO - <module> : Clicked
2023-01-10 15:05:18,916 - INFO - <module> : Report an Outage or Incident exists
2023-01-10 15:05:18,916 - INFO - <module> : Report an Outage or Incident exists
2023-01-10 15:05:18,916 - INFO - <module> : Report an Outage or Incident exists
2023-01-10 15:05:18,916 - INFO - <module> : Report an Outage or Incident exists
2023-01-10 15:05:18,916 - INFO - <module> : Report an Outage or Incident exists
2023-01-10 15:05:18,978 - INFO - <module> : Clicked
2023-01-10 15:05:18,978 - INFO - <module> : Clicked
2023-01-10 15:05:18,978 - INFO - <module> : Clicked
2023-01-10 15:05:18,978 - INFO - <module> : Clicked
2023-01-10 15:05:18,978 - INFO - <module> : Clicked
2023-01-10 15:05:19,542 - INFO - <module> : Clicked
2023-01-10 15:05:19,542 - INFO - <module> : Clicked
2023-01-10 15:05:19,542 - INFO - <module> : Clicked
2023-01-10 15:05:19,542 - INFO - <module> : Clicked
2023-01-10 15:05:19,542 - INFO - <module> : Clicked
2023-01-10 15:05:22,678 - INFO - <module> : Populate required fields > click Submit
2023-01-10 15:05:22,678 - INFO - <module> : Populate required fields > click Submit
2023-01-10 15:05:22,678 - INFO - <module> : Populate required fields > click Submit
2023-01-10 15:05:22,678 - INFO - <module> : Populate required fields > click Submit
2023-01-10 15:05:22,678 - INFO - <module> : Populate required fields > click Submit
2023-01-10 15:05:22,744 - INFO - <module> : Clicked
2023-01-10 15:05:22,744 - INFO - <module> : Clicked
2023-01-10 15:05:22,744 - INFO - <module> : Clicked
2023-01-10 15:05:22,744 - INFO - <module> : Clicked
2023-01-10 15:05:22,744 - INFO - <module> : Clicked
2023-01-10 15:05:22,793 - INFO - <module> : Clicked
2023-01-10 15:05:22,793 - INFO - <module> : Clicked
2023-01-10 15:05:22,793 - INFO - <module> : Clicked
2023-01-10 15:05:22,793 - INFO - <module> : Clicked
2023-01-10 15:05:22,793 - INFO - <module> : Clicked
2023-01-10 15:05:23,366 - INFO - <module> : Clicked
2023-01-10 15:05:23,366 - INFO - <module> : Clicked
2023-01-10 15:05:23,366 - INFO - <module> : Clicked
2023-01-10 15:05:23,366 - INFO - <module> : Clicked
2023-01-10 15:05:23,366 - INFO - <module> : Clicked
2023-01-10 15:05:23,923 - INFO - <module> : Clicked
2023-01-10 15:05:23,923 - INFO - <module> : Clicked
2023-01-10 15:05:23,923 - INFO - <module> : Clicked
2023-01-10 15:05:23,923 - INFO - <module> : Clicked
2023-01-10 15:05:23,923 - INFO - <module> : Clicked
2023-01-10 15:05:25,518 - INFO - <module> : Clicked
2023-01-10 15:05:25,518 - INFO - <module> : Clicked
2023-01-10 15:05:25,518 - INFO - <module> : Clicked
2023-01-10 15:05:25,518 - INFO - <module> : Clicked
2023-01-10 15:05:25,518 - INFO - <module> : Clicked
2023-01-10 15:05:26,588 - INFO - <module> : Clicked
2023-01-10 15:05:26,588 - INFO - <module> : Clicked
2023-01-10 15:05:26,588 - INFO - <module> : Clicked
2023-01-10 15:05:26,588 - INFO - <module> : Clicked
2023-01-10 15:05:26,588 - INFO - <module> : Clicked
2023-01-10 15:05:26,660 - INFO - <module> : input: 123
2023-01-10 15:05:26,660 - INFO - <module> : input: 123
2023-01-10 15:05:26,660 - INFO - <module> : input: 123
2023-01-10 15:05:26,660 - INFO - <module> : input: 123
2023-01-10 15:05:26,660 - INFO - <module> : input: 123
2023-01-10 15:05:26,731 - INFO - <module> : Clicked
2023-01-10 15:05:26,731 - INFO - <module> : Clicked
2023-01-10 15:05:26,731 - INFO - <module> : Clicked
2023-01-10 15:05:26,731 - INFO - <module> : Clicked
2023-01-10 15:05:26,731 - INFO - <module> : Clicked
2023-01-10 15:05:26,774 - INFO - <module> : Clicked
2023-01-10 15:05:26,774 - INFO - <module> : Clicked
2023-01-10 15:05:26,774 - INFO - <module> : Clicked
2023-01-10 15:05:26,774 - INFO - <module> : Clicked
2023-01-10 15:05:26,774 - INFO - <module> : Clicked
2023-01-10 15:05:26,902 - INFO - <module> : input: Sample Text
2023-01-10 15:05:26,902 - INFO - <module> : input: Sample Text
2023-01-10 15:05:26,902 - INFO - <module> : input: Sample Text
2023-01-10 15:05:26,902 - INFO - <module> : input: Sample Text
2023-01-10 15:05:26,902 - INFO - <module> : input: Sample Text
2023-01-10 15:05:26,987 - INFO - <module> : input: sample
2023-01-10 15:05:26,987 - INFO - <module> : input: sample
2023-01-10 15:05:26,987 - INFO - <module> : input: sample
2023-01-10 15:05:26,987 - INFO - <module> : input: sample
2023-01-10 15:05:26,987 - INFO - <module> : input: sample
2023-01-10 15:05:27,058 - INFO - <module> : input: middle
2023-01-10 15:05:27,058 - INFO - <module> : input: middle
2023-01-10 15:05:27,058 - INFO - <module> : input: middle
2023-01-10 15:05:27,058 - INFO - <module> : input: middle
2023-01-10 15:05:27,058 - INFO - <module> : input: middle
2023-01-10 15:05:27,131 - INFO - <module> : input: report
2023-01-10 15:05:27,131 - INFO - <module> : input: report
2023-01-10 15:05:27,131 - INFO - <module> : input: report
2023-01-10 15:05:27,131 - INFO - <module> : input: report
2023-01-10 15:05:27,131 - INFO - <module> : input: report
2023-01-10 15:05:27,214 - INFO - <module> : input: +639276597262
2023-01-10 15:05:27,214 - INFO - <module> : input: +639276597262
2023-01-10 15:05:27,214 - INFO - <module> : input: +639276597262
2023-01-10 15:05:27,214 - INFO - <module> : input: +639276597262
2023-01-10 15:05:27,214 - INFO - <module> : input: +639276597262
2023-01-10 15:05:27,279 - INFO - <module> : input: 
2023-01-10 15:05:27,279 - INFO - <module> : input: 
2023-01-10 15:05:27,279 - INFO - <module> : input: 
2023-01-10 15:05:27,279 - INFO - <module> : input: 
2023-01-10 15:05:27,279 - INFO - <module> : input: 
2023-01-10 15:05:27,364 - INFO - <module> : input: testautomationoutage@yopmail.com
2023-01-10 15:05:27,364 - INFO - <module> : input: testautomationoutage@yopmail.com
2023-01-10 15:05:27,364 - INFO - <module> : input: testautomationoutage@yopmail.com
2023-01-10 15:05:27,364 - INFO - <module> : input: testautomationoutage@yopmail.com
2023-01-10 15:05:27,364 - INFO - <module> : input: testautomationoutage@yopmail.com
2023-01-10 15:05:27,421 - INFO - <module> : Clicked
2023-01-10 15:05:27,421 - INFO - <module> : Clicked
2023-01-10 15:05:27,421 - INFO - <module> : Clicked
2023-01-10 15:05:27,421 - INFO - <module> : Clicked
2023-01-10 15:05:27,421 - INFO - <module> : Clicked
2023-01-10 15:05:27,501 - INFO - <module> : Clicked
2023-01-10 15:05:27,501 - INFO - <module> : Clicked
2023-01-10 15:05:27,501 - INFO - <module> : Clicked
2023-01-10 15:05:27,501 - INFO - <module> : Clicked
2023-01-10 15:05:27,501 - INFO - <module> : Clicked
2023-01-10 15:05:27,568 - INFO - <module> : Clicked
2023-01-10 15:05:27,568 - INFO - <module> : Clicked
2023-01-10 15:05:27,568 - INFO - <module> : Clicked
2023-01-10 15:05:27,568 - INFO - <module> : Clicked
2023-01-10 15:05:27,568 - INFO - <module> : Clicked
2023-01-10 15:05:29,857 - INFO - <module> : Clicked
2023-01-10 15:05:29,857 - INFO - <module> : Clicked
2023-01-10 15:05:29,857 - INFO - <module> : Clicked
2023-01-10 15:05:29,857 - INFO - <module> : Clicked
2023-01-10 15:05:29,857 - INFO - <module> : Clicked
2023-01-10 15:05:38,132 - INFO - setup : Close Browser
