2023-01-03 14:43:45,875 - INFO - setup : Browser Launched!
2023-01-03 14:44:19,158 - INFO - <module> : Opened: https://fuat-meralco.cs73.force.com/customers/s/cxe-apply
2023-01-03 14:44:19,158 - INFO - <module> : Opened: https://fuat-meralco.cs73.force.com/customers/s/cxe-apply
2023-01-03 14:44:19,158 - INFO - <module> : Opened: https://fuat-meralco.cs73.force.com/customers/s/cxe-apply
2023-01-03 14:44:19,158 - INFO - <module> : Opened: https://fuat-meralco.cs73.force.com/customers/s/cxe-apply
2023-01-03 14:44:25,392 - INFO - <module> : Service Application exists
2023-01-03 14:44:25,392 - INFO - <module> : Service Application exists
2023-01-03 14:44:25,392 - INFO - <module> : Service Application exists
2023-01-03 14:44:25,392 - INFO - <module> : Service Application exists
2023-01-03 14:44:28,726 - INFO - <module> : Clicked
2023-01-03 14:44:28,726 - INFO - <module> : Clicked
2023-01-03 14:44:28,726 - INFO - <module> : Clicked
2023-01-03 14:44:28,726 - INFO - <module> : Clicked
2023-01-03 14:44:32,042 - INFO - <module> : Clicked
2023-01-03 14:44:32,042 - INFO - <module> : Clicked
2023-01-03 14:44:32,042 - INFO - <module> : Clicked
2023-01-03 14:44:32,042 - INFO - <module> : Clicked
2023-01-03 14:44:45,279 - INFO - <module> : Clicked
2023-01-03 14:44:45,279 - INFO - <module> : Clicked
2023-01-03 14:44:45,279 - INFO - <module> : Clicked
2023-01-03 14:44:45,279 - INFO - <module> : Clicked
2023-01-03 14:44:50,392 - INFO - setup : Close Browser
