2022-10-27 11:12:12,306 - INFO - setup : Browser Launched!
2022-10-27 11:12:22,653 - INFO - <module> : Click on burger menu > Outages by Area
2022-10-27 11:12:22,653 - INFO - <module> : Click on burger menu > Outages by Area
2022-10-27 11:12:22,653 - INFO - <module> : Click on burger menu > Outages by Area
2022-10-27 11:12:22,653 - INFO - <module> : Click on burger menu > Outages by Area
2022-10-27 11:12:24,073 - INFO - <module> : Opened: https://outage-api.meralco.com.ph/
2022-10-27 11:12:24,073 - INFO - <module> : Opened: https://outage-api.meralco.com.ph/
2022-10-27 11:12:24,073 - INFO - <module> : Opened: https://outage-api.meralco.com.ph/
2022-10-27 11:12:24,073 - INFO - <module> : Opened: https://outage-api.meralco.com.ph/
2022-10-27 11:12:26,370 - INFO - <module> : input: v-lvlgalvez@meralco.com.ph
2022-10-27 11:12:26,370 - INFO - <module> : input: v-lvlgalvez@meralco.com.ph
2022-10-27 11:12:26,370 - INFO - <module> : input: v-lvlgalvez@meralco.com.ph
2022-10-27 11:12:26,370 - INFO - <module> : input: v-lvlgalvez@meralco.com.ph
2022-10-27 11:12:26,436 - INFO - <module> : Clicked
2022-10-27 11:12:26,436 - INFO - <module> : Clicked
2022-10-27 11:12:26,436 - INFO - <module> : Clicked
2022-10-27 11:12:26,436 - INFO - <module> : Clicked
2022-10-27 11:12:27,542 - INFO - <module> : input: Mecopass@@!!129
2022-10-27 11:12:27,542 - INFO - <module> : input: Mecopass@@!!129
2022-10-27 11:12:27,542 - INFO - <module> : input: Mecopass@@!!129
2022-10-27 11:12:27,542 - INFO - <module> : input: Mecopass@@!!129
2022-10-27 11:12:28,000 - INFO - <module> : Clicked
2022-10-27 11:12:28,000 - INFO - <module> : Clicked
2022-10-27 11:12:28,000 - INFO - <module> : Clicked
2022-10-27 11:12:28,000 - INFO - <module> : Clicked
2022-10-27 11:12:28,656 - INFO - <module> : Clicked
2022-10-27 11:12:28,656 - INFO - <module> : Clicked
2022-10-27 11:12:28,656 - INFO - <module> : Clicked
2022-10-27 11:12:28,656 - INFO - <module> : Clicked
2022-10-27 11:12:53,757 - INFO - setup : Close Browser
