2023-01-10 11:08:37,881 - INFO - setup : Browser Launched!
2023-01-10 11:08:44,795 - INFO - <module> : Go to Outages & Incidents > Report Streetlight And Safety Concerns
2023-01-10 11:08:44,795 - INFO - <module> : Go to Outages & Incidents > Report Streetlight And Safety Concerns
2023-01-10 11:08:44,795 - INFO - <module> : Go to Outages & Incidents > Report Streetlight And Safety Concerns
2023-01-10 11:08:44,795 - INFO - <module> : Go to Outages & Incidents > Report Streetlight And Safety Concerns
2023-01-10 11:08:44,795 - INFO - <module> : Go to Outages & Incidents > Report Streetlight And Safety Concerns
2023-01-10 11:08:46,222 - INFO - <module> : Opened: https://fuat-meralco.cs73.force.com/customers/s/outagemap
2023-01-10 11:08:46,222 - INFO - <module> : Opened: https://fuat-meralco.cs73.force.com/customers/s/outagemap
2023-01-10 11:08:46,222 - INFO - <module> : Opened: https://fuat-meralco.cs73.force.com/customers/s/outagemap
2023-01-10 11:08:46,222 - INFO - <module> : Opened: https://fuat-meralco.cs73.force.com/customers/s/outagemap
2023-01-10 11:08:46,222 - INFO - <module> : Opened: https://fuat-meralco.cs73.force.com/customers/s/outagemap
2023-01-10 11:08:51,289 - INFO - <module> : Meralco would like to access your location to identify if your area is affected by an outage. exists
2023-01-10 11:08:51,289 - INFO - <module> : Meralco would like to access your location to identify if your area is affected by an outage. exists
2023-01-10 11:08:51,289 - INFO - <module> : Meralco would like to access your location to identify if your area is affected by an outage. exists
2023-01-10 11:08:51,289 - INFO - <module> : Meralco would like to access your location to identify if your area is affected by an outage. exists
2023-01-10 11:08:51,289 - INFO - <module> : Meralco would like to access your location to identify if your area is affected by an outage. exists
2023-01-10 11:08:53,383 - INFO - <module> : Clicked
2023-01-10 11:08:53,383 - INFO - <module> : Clicked
2023-01-10 11:08:53,383 - INFO - <module> : Clicked
2023-01-10 11:08:53,383 - INFO - <module> : Clicked
2023-01-10 11:08:53,383 - INFO - <module> : Clicked
2023-01-10 11:08:57,487 - INFO - <module> : Clicked
2023-01-10 11:08:57,487 - INFO - <module> : Clicked
2023-01-10 11:08:57,487 - INFO - <module> : Clicked
2023-01-10 11:08:57,487 - INFO - <module> : Clicked
2023-01-10 11:08:57,487 - INFO - <module> : Clicked
2023-01-10 11:09:05,543 - INFO - <module> : Report an Outage or Incident exists
2023-01-10 11:09:05,543 - INFO - <module> : Report an Outage or Incident exists
2023-01-10 11:09:05,543 - INFO - <module> : Report an Outage or Incident exists
2023-01-10 11:09:05,543 - INFO - <module> : Report an Outage or Incident exists
2023-01-10 11:09:05,543 - INFO - <module> : Report an Outage or Incident exists
2023-01-10 11:09:05,605 - INFO - <module> : Clicked
2023-01-10 11:09:05,605 - INFO - <module> : Clicked
2023-01-10 11:09:05,605 - INFO - <module> : Clicked
2023-01-10 11:09:05,605 - INFO - <module> : Clicked
2023-01-10 11:09:05,605 - INFO - <module> : Clicked
2023-01-10 11:09:08,562 - INFO - <module> : Populate required fields > click Submit
2023-01-10 11:09:08,562 - INFO - <module> : Populate required fields > click Submit
2023-01-10 11:09:08,562 - INFO - <module> : Populate required fields > click Submit
2023-01-10 11:09:08,562 - INFO - <module> : Populate required fields > click Submit
2023-01-10 11:09:08,562 - INFO - <module> : Populate required fields > click Submit
2023-01-10 11:09:08,631 - INFO - <module> : Clicked
2023-01-10 11:09:08,631 - INFO - <module> : Clicked
2023-01-10 11:09:08,631 - INFO - <module> : Clicked
2023-01-10 11:09:08,631 - INFO - <module> : Clicked
2023-01-10 11:09:08,631 - INFO - <module> : Clicked
2023-01-10 11:09:08,684 - INFO - <module> : Clicked
2023-01-10 11:09:08,684 - INFO - <module> : Clicked
2023-01-10 11:09:08,684 - INFO - <module> : Clicked
2023-01-10 11:09:08,684 - INFO - <module> : Clicked
2023-01-10 11:09:08,684 - INFO - <module> : Clicked
2023-01-10 11:09:09,248 - INFO - <module> : Clicked
2023-01-10 11:09:09,248 - INFO - <module> : Clicked
2023-01-10 11:09:09,248 - INFO - <module> : Clicked
2023-01-10 11:09:09,248 - INFO - <module> : Clicked
2023-01-10 11:09:09,248 - INFO - <module> : Clicked
2023-01-10 11:09:09,813 - INFO - <module> : Clicked
2023-01-10 11:09:09,813 - INFO - <module> : Clicked
2023-01-10 11:09:09,813 - INFO - <module> : Clicked
2023-01-10 11:09:09,813 - INFO - <module> : Clicked
2023-01-10 11:09:09,813 - INFO - <module> : Clicked
2023-01-10 11:09:10,387 - INFO - <module> : Clicked
2023-01-10 11:09:10,387 - INFO - <module> : Clicked
2023-01-10 11:09:10,387 - INFO - <module> : Clicked
2023-01-10 11:09:10,387 - INFO - <module> : Clicked
2023-01-10 11:09:10,387 - INFO - <module> : Clicked
2023-01-10 11:09:10,963 - INFO - <module> : Clicked
2023-01-10 11:09:10,963 - INFO - <module> : Clicked
2023-01-10 11:09:10,963 - INFO - <module> : Clicked
2023-01-10 11:09:10,963 - INFO - <module> : Clicked
2023-01-10 11:09:10,963 - INFO - <module> : Clicked
2023-01-10 11:09:11,038 - INFO - <module> : input: 123
2023-01-10 11:09:11,038 - INFO - <module> : input: 123
2023-01-10 11:09:11,038 - INFO - <module> : input: 123
2023-01-10 11:09:11,038 - INFO - <module> : input: 123
2023-01-10 11:09:11,038 - INFO - <module> : input: 123
2023-01-10 11:09:11,098 - INFO - <module> : Clicked
2023-01-10 11:09:11,098 - INFO - <module> : Clicked
2023-01-10 11:09:11,098 - INFO - <module> : Clicked
2023-01-10 11:09:11,098 - INFO - <module> : Clicked
2023-01-10 11:09:11,098 - INFO - <module> : Clicked
2023-01-10 11:09:11,138 - INFO - <module> : Clicked
2023-01-10 11:09:11,138 - INFO - <module> : Clicked
2023-01-10 11:09:11,138 - INFO - <module> : Clicked
2023-01-10 11:09:11,138 - INFO - <module> : Clicked
2023-01-10 11:09:11,138 - INFO - <module> : Clicked
2023-01-10 11:09:11,249 - INFO - <module> : input: Sample Text
2023-01-10 11:09:11,249 - INFO - <module> : input: Sample Text
2023-01-10 11:09:11,249 - INFO - <module> : input: Sample Text
2023-01-10 11:09:11,249 - INFO - <module> : input: Sample Text
2023-01-10 11:09:11,249 - INFO - <module> : input: Sample Text
2023-01-10 11:09:11,326 - INFO - <module> : input: sample
2023-01-10 11:09:11,326 - INFO - <module> : input: sample
2023-01-10 11:09:11,326 - INFO - <module> : input: sample
2023-01-10 11:09:11,326 - INFO - <module> : input: sample
2023-01-10 11:09:11,326 - INFO - <module> : input: sample
2023-01-10 11:09:11,397 - INFO - <module> : input: middle
2023-01-10 11:09:11,397 - INFO - <module> : input: middle
2023-01-10 11:09:11,397 - INFO - <module> : input: middle
2023-01-10 11:09:11,397 - INFO - <module> : input: middle
2023-01-10 11:09:11,397 - INFO - <module> : input: middle
2023-01-10 11:09:11,463 - INFO - <module> : input: report
2023-01-10 11:09:11,463 - INFO - <module> : input: report
2023-01-10 11:09:11,463 - INFO - <module> : input: report
2023-01-10 11:09:11,463 - INFO - <module> : input: report
2023-01-10 11:09:11,463 - INFO - <module> : input: report
2023-01-10 11:09:11,535 - INFO - <module> : input: +639276597262
2023-01-10 11:09:11,535 - INFO - <module> : input: +639276597262
2023-01-10 11:09:11,535 - INFO - <module> : input: +639276597262
2023-01-10 11:09:11,535 - INFO - <module> : input: +639276597262
2023-01-10 11:09:11,535 - INFO - <module> : input: +639276597262
2023-01-10 11:09:11,593 - INFO - <module> : input: 
2023-01-10 11:09:11,593 - INFO - <module> : input: 
2023-01-10 11:09:11,593 - INFO - <module> : input: 
2023-01-10 11:09:11,593 - INFO - <module> : input: 
2023-01-10 11:09:11,593 - INFO - <module> : input: 
2023-01-10 11:09:11,675 - INFO - <module> : input: testautomationoutage@yopmail.com
2023-01-10 11:09:11,675 - INFO - <module> : input: testautomationoutage@yopmail.com
2023-01-10 11:09:11,675 - INFO - <module> : input: testautomationoutage@yopmail.com
2023-01-10 11:09:11,675 - INFO - <module> : input: testautomationoutage@yopmail.com
2023-01-10 11:09:11,675 - INFO - <module> : input: testautomationoutage@yopmail.com
2023-01-10 11:09:11,723 - INFO - <module> : Clicked
2023-01-10 11:09:11,723 - INFO - <module> : Clicked
2023-01-10 11:09:11,723 - INFO - <module> : Clicked
2023-01-10 11:09:11,723 - INFO - <module> : Clicked
2023-01-10 11:09:11,723 - INFO - <module> : Clicked
2023-01-10 11:09:11,800 - INFO - <module> : Clicked
2023-01-10 11:09:11,800 - INFO - <module> : Clicked
2023-01-10 11:09:11,800 - INFO - <module> : Clicked
2023-01-10 11:09:11,800 - INFO - <module> : Clicked
2023-01-10 11:09:11,800 - INFO - <module> : Clicked
2023-01-10 11:09:11,856 - INFO - <module> : Clicked
2023-01-10 11:09:11,856 - INFO - <module> : Clicked
2023-01-10 11:09:11,856 - INFO - <module> : Clicked
2023-01-10 11:09:11,856 - INFO - <module> : Clicked
2023-01-10 11:09:11,856 - INFO - <module> : Clicked
2023-01-10 11:09:11,918 - INFO - <module> : Clicked
2023-01-10 11:09:11,918 - INFO - <module> : Clicked
2023-01-10 11:09:11,918 - INFO - <module> : Clicked
2023-01-10 11:09:11,918 - INFO - <module> : Clicked
2023-01-10 11:09:11,918 - INFO - <module> : Clicked
2023-01-10 11:09:14,186 - INFO - setup : Close Browser
