2023-01-11 09:22:26,015 - INFO - setup : Browser Launched!
2023-01-11 09:22:52,871 - INFO - <module> : Go to Outages & Incidents > Report Streetlight And Safety Concerns
2023-01-11 09:22:52,871 - INFO - <module> : Go to Outages & Incidents > Report Streetlight And Safety Concerns
2023-01-11 09:22:52,871 - INFO - <module> : Go to Outages & Incidents > Report Streetlight And Safety Concerns
2023-01-11 09:22:52,871 - INFO - <module> : Go to Outages & Incidents > Report Streetlight And Safety Concerns
2023-01-11 09:22:52,871 - INFO - <module> : Go to Outages & Incidents > Report Streetlight And Safety Concerns
2023-01-11 09:22:58,927 - INFO - <module> : Opened: https://fuat-meralco.cs73.force.com/customers/s/outagemap
2023-01-11 09:22:58,927 - INFO - <module> : Opened: https://fuat-meralco.cs73.force.com/customers/s/outagemap
2023-01-11 09:22:58,927 - INFO - <module> : Opened: https://fuat-meralco.cs73.force.com/customers/s/outagemap
2023-01-11 09:22:58,927 - INFO - <module> : Opened: https://fuat-meralco.cs73.force.com/customers/s/outagemap
2023-01-11 09:22:58,927 - INFO - <module> : Opened: https://fuat-meralco.cs73.force.com/customers/s/outagemap
2023-01-11 09:23:02,404 - INFO - <module> : Meralco would like to access your location to identify if your area is affected by an outage. exists
2023-01-11 09:23:02,404 - INFO - <module> : Meralco would like to access your location to identify if your area is affected by an outage. exists
2023-01-11 09:23:02,404 - INFO - <module> : Meralco would like to access your location to identify if your area is affected by an outage. exists
2023-01-11 09:23:02,404 - INFO - <module> : Meralco would like to access your location to identify if your area is affected by an outage. exists
2023-01-11 09:23:02,404 - INFO - <module> : Meralco would like to access your location to identify if your area is affected by an outage. exists
2023-01-11 09:23:04,507 - INFO - <module> : Clicked
2023-01-11 09:23:04,507 - INFO - <module> : Clicked
2023-01-11 09:23:04,507 - INFO - <module> : Clicked
2023-01-11 09:23:04,507 - INFO - <module> : Clicked
2023-01-11 09:23:04,507 - INFO - <module> : Clicked
2023-01-11 09:23:08,630 - INFO - <module> : Clicked
2023-01-11 09:23:08,630 - INFO - <module> : Clicked
2023-01-11 09:23:08,630 - INFO - <module> : Clicked
2023-01-11 09:23:08,630 - INFO - <module> : Clicked
2023-01-11 09:23:08,630 - INFO - <module> : Clicked
2023-01-11 09:23:16,728 - INFO - <module> : Report an Outage or Incident exists
2023-01-11 09:23:16,728 - INFO - <module> : Report an Outage or Incident exists
2023-01-11 09:23:16,728 - INFO - <module> : Report an Outage or Incident exists
2023-01-11 09:23:16,728 - INFO - <module> : Report an Outage or Incident exists
2023-01-11 09:23:16,728 - INFO - <module> : Report an Outage or Incident exists
2023-01-11 09:23:16,822 - INFO - <module> : Clicked
2023-01-11 09:23:16,822 - INFO - <module> : Clicked
2023-01-11 09:23:16,822 - INFO - <module> : Clicked
2023-01-11 09:23:16,822 - INFO - <module> : Clicked
2023-01-11 09:23:16,822 - INFO - <module> : Clicked
2023-01-11 09:23:19,907 - INFO - <module> : Populate required fields > click Submit
2023-01-11 09:23:19,907 - INFO - <module> : Populate required fields > click Submit
2023-01-11 09:23:19,907 - INFO - <module> : Populate required fields > click Submit
2023-01-11 09:23:19,907 - INFO - <module> : Populate required fields > click Submit
2023-01-11 09:23:19,907 - INFO - <module> : Populate required fields > click Submit
2023-01-11 09:23:50,290 - ERROR - <module> : Cannot Locate: address
2023-01-11 09:23:50,290 - ERROR - <module> : Cannot Locate: address
2023-01-11 09:23:50,290 - ERROR - <module> : Cannot Locate: address
2023-01-11 09:23:50,290 - ERROR - <module> : Cannot Locate: address
2023-01-11 09:23:50,290 - ERROR - <module> : Cannot Locate: address
2023-01-11 09:23:50,368 - INFO - setup : Close Browser
