2023-01-11 10:44:47,263 - INFO - setup : Browser Launched!
2023-01-11 10:45:06,919 - INFO - <module> : Go to Outages & Incidents > Report Streetlight And Safety Concerns
2023-01-11 10:45:06,919 - INFO - <module> : Go to Outages & Incidents > Report Streetlight And Safety Concerns
2023-01-11 10:45:06,919 - INFO - <module> : Go to Outages & Incidents > Report Streetlight And Safety Concerns
2023-01-11 10:45:06,919 - INFO - <module> : Go to Outages & Incidents > Report Streetlight And Safety Concerns
2023-01-11 10:45:06,919 - INFO - <module> : Go to Outages & Incidents > Report Streetlight And Safety Concerns
2023-01-11 10:45:21,180 - INFO - <module> : Opened: https://fuat-meralco.cs73.force.com/customers/s/outagemap
2023-01-11 10:45:21,180 - INFO - <module> : Opened: https://fuat-meralco.cs73.force.com/customers/s/outagemap
2023-01-11 10:45:21,180 - INFO - <module> : Opened: https://fuat-meralco.cs73.force.com/customers/s/outagemap
2023-01-11 10:45:21,180 - INFO - <module> : Opened: https://fuat-meralco.cs73.force.com/customers/s/outagemap
2023-01-11 10:45:21,180 - INFO - <module> : Opened: https://fuat-meralco.cs73.force.com/customers/s/outagemap
2023-01-11 10:45:24,603 - INFO - <module> : Meralco would like to access your location to identify if your area is affected by an outage. exists
2023-01-11 10:45:24,603 - INFO - <module> : Meralco would like to access your location to identify if your area is affected by an outage. exists
2023-01-11 10:45:24,603 - INFO - <module> : Meralco would like to access your location to identify if your area is affected by an outage. exists
2023-01-11 10:45:24,603 - INFO - <module> : Meralco would like to access your location to identify if your area is affected by an outage. exists
2023-01-11 10:45:24,603 - INFO - <module> : Meralco would like to access your location to identify if your area is affected by an outage. exists
2023-01-11 10:45:26,704 - INFO - <module> : Clicked
2023-01-11 10:45:26,704 - INFO - <module> : Clicked
2023-01-11 10:45:26,704 - INFO - <module> : Clicked
2023-01-11 10:45:26,704 - INFO - <module> : Clicked
2023-01-11 10:45:26,704 - INFO - <module> : Clicked
2023-01-11 10:45:30,803 - INFO - <module> : Clicked
2023-01-11 10:45:30,803 - INFO - <module> : Clicked
2023-01-11 10:45:30,803 - INFO - <module> : Clicked
2023-01-11 10:45:30,803 - INFO - <module> : Clicked
2023-01-11 10:45:30,803 - INFO - <module> : Clicked
2023-01-11 10:45:38,862 - INFO - <module> : Report an Outage or Incident exists
2023-01-11 10:45:38,862 - INFO - <module> : Report an Outage or Incident exists
2023-01-11 10:45:38,862 - INFO - <module> : Report an Outage or Incident exists
2023-01-11 10:45:38,862 - INFO - <module> : Report an Outage or Incident exists
2023-01-11 10:45:38,862 - INFO - <module> : Report an Outage or Incident exists
2023-01-11 10:45:38,929 - INFO - <module> : Clicked
2023-01-11 10:45:38,929 - INFO - <module> : Clicked
2023-01-11 10:45:38,929 - INFO - <module> : Clicked
2023-01-11 10:45:38,929 - INFO - <module> : Clicked
2023-01-11 10:45:38,929 - INFO - <module> : Clicked
2023-01-11 10:45:39,528 - INFO - <module> : Clicked
2023-01-11 10:45:39,528 - INFO - <module> : Clicked
2023-01-11 10:45:39,528 - INFO - <module> : Clicked
2023-01-11 10:45:39,528 - INFO - <module> : Clicked
2023-01-11 10:45:39,528 - INFO - <module> : Clicked
2023-01-11 10:45:39,582 - INFO - <module> : Clicked
2023-01-11 10:45:39,582 - INFO - <module> : Clicked
2023-01-11 10:45:39,582 - INFO - <module> : Clicked
2023-01-11 10:45:39,582 - INFO - <module> : Clicked
2023-01-11 10:45:39,582 - INFO - <module> : Clicked
2023-01-11 10:45:42,680 - INFO - <module> : Populate required fields > click Submit
2023-01-11 10:45:42,680 - INFO - <module> : Populate required fields > click Submit
2023-01-11 10:45:42,680 - INFO - <module> : Populate required fields > click Submit
2023-01-11 10:45:42,680 - INFO - <module> : Populate required fields > click Submit
2023-01-11 10:45:42,680 - INFO - <module> : Populate required fields > click Submit
2023-01-11 10:45:42,769 - INFO - <module> : Clicked
2023-01-11 10:45:42,769 - INFO - <module> : Clicked
2023-01-11 10:45:42,769 - INFO - <module> : Clicked
2023-01-11 10:45:42,769 - INFO - <module> : Clicked
2023-01-11 10:45:42,769 - INFO - <module> : Clicked
2023-01-11 10:45:43,882 - INFO - <module> : Clicked
2023-01-11 10:45:43,882 - INFO - <module> : Clicked
2023-01-11 10:45:43,882 - INFO - <module> : Clicked
2023-01-11 10:45:43,882 - INFO - <module> : Clicked
2023-01-11 10:45:43,882 - INFO - <module> : Clicked
2023-01-11 10:45:44,479 - INFO - <module> : Clicked
2023-01-11 10:45:44,479 - INFO - <module> : Clicked
2023-01-11 10:45:44,479 - INFO - <module> : Clicked
2023-01-11 10:45:44,479 - INFO - <module> : Clicked
2023-01-11 10:45:44,479 - INFO - <module> : Clicked
2023-01-11 10:45:45,054 - INFO - <module> : Clicked
2023-01-11 10:45:45,054 - INFO - <module> : Clicked
2023-01-11 10:45:45,054 - INFO - <module> : Clicked
2023-01-11 10:45:45,054 - INFO - <module> : Clicked
2023-01-11 10:45:45,054 - INFO - <module> : Clicked
2023-01-11 10:45:45,620 - INFO - <module> : Clicked
2023-01-11 10:45:45,620 - INFO - <module> : Clicked
2023-01-11 10:45:45,620 - INFO - <module> : Clicked
2023-01-11 10:45:45,620 - INFO - <module> : Clicked
2023-01-11 10:45:45,620 - INFO - <module> : Clicked
2023-01-11 10:45:45,690 - INFO - <module> : input: 123
2023-01-11 10:45:45,690 - INFO - <module> : input: 123
2023-01-11 10:45:45,690 - INFO - <module> : input: 123
2023-01-11 10:45:45,690 - INFO - <module> : input: 123
2023-01-11 10:45:45,690 - INFO - <module> : input: 123
2023-01-11 10:45:45,757 - INFO - <module> : Clicked
2023-01-11 10:45:45,757 - INFO - <module> : Clicked
2023-01-11 10:45:45,757 - INFO - <module> : Clicked
2023-01-11 10:45:45,757 - INFO - <module> : Clicked
2023-01-11 10:45:45,757 - INFO - <module> : Clicked
2023-01-11 10:45:46,934 - INFO - setup : Close Browser
