2022-10-26 15:27:56,445 - INFO - setup : Browser Launched!
2022-10-26 15:28:06,901 - INFO - <module> : Click on burger menu > Search Locations > Select Service ID No. > Search SIN
2022-10-26 15:28:06,901 - INFO - <module> : Click on burger menu > Search Locations > Select Service ID No. > Search SIN
2022-10-26 15:28:06,901 - INFO - <module> : Click on burger menu > Search Locations > Select Service ID No. > Search SIN
2022-10-26 15:28:06,901 - INFO - <module> : Click on burger menu > Search Locations > Select Service ID No. > Search SIN
2022-10-26 15:28:09,337 - INFO - <module> : Opened: https://outage-api.meralco.com.ph/
2022-10-26 15:28:09,337 - INFO - <module> : Opened: https://outage-api.meralco.com.ph/
2022-10-26 15:28:09,337 - INFO - <module> : Opened: https://outage-api.meralco.com.ph/
2022-10-26 15:28:09,337 - INFO - <module> : Opened: https://outage-api.meralco.com.ph/
2022-10-26 15:28:10,553 - INFO - <module> : input: v-lvlgalvez@meralco.com.ph
2022-10-26 15:28:10,553 - INFO - <module> : input: v-lvlgalvez@meralco.com.ph
2022-10-26 15:28:10,553 - INFO - <module> : input: v-lvlgalvez@meralco.com.ph
2022-10-26 15:28:10,553 - INFO - <module> : input: v-lvlgalvez@meralco.com.ph
2022-10-26 15:28:10,630 - INFO - <module> : Clicked
2022-10-26 15:28:10,630 - INFO - <module> : Clicked
2022-10-26 15:28:10,630 - INFO - <module> : Clicked
2022-10-26 15:28:10,630 - INFO - <module> : Clicked
2022-10-26 15:28:11,720 - INFO - <module> : input: Mecopass@@!!129
2022-10-26 15:28:11,720 - INFO - <module> : input: Mecopass@@!!129
2022-10-26 15:28:11,720 - INFO - <module> : input: Mecopass@@!!129
2022-10-26 15:28:11,720 - INFO - <module> : input: Mecopass@@!!129
2022-10-26 15:28:12,734 - INFO - <module> : Clicked
2022-10-26 15:28:12,734 - INFO - <module> : Clicked
2022-10-26 15:28:12,734 - INFO - <module> : Clicked
2022-10-26 15:28:12,734 - INFO - <module> : Clicked
2022-10-26 15:28:13,335 - INFO - <module> : Clicked
2022-10-26 15:28:13,335 - INFO - <module> : Clicked
2022-10-26 15:28:13,335 - INFO - <module> : Clicked
2022-10-26 15:28:13,335 - INFO - <module> : Clicked
2022-10-26 15:28:44,979 - INFO - <module> : Clicked
2022-10-26 15:28:44,979 - INFO - <module> : Clicked
2022-10-26 15:28:44,979 - INFO - <module> : Clicked
2022-10-26 15:28:44,979 - INFO - <module> : Clicked
2022-10-26 15:28:49,141 - INFO - <module> :  clicked
2022-10-26 15:28:49,141 - INFO - <module> :  clicked
2022-10-26 15:28:49,141 - INFO - <module> :  clicked
2022-10-26 15:28:49,141 - INFO - <module> :  clicked
2022-10-26 15:28:49,220 - INFO - <module> : Search Locations clicked
2022-10-26 15:28:49,220 - INFO - <module> : Search Locations clicked
2022-10-26 15:28:49,220 - INFO - <module> : Search Locations clicked
2022-10-26 15:28:49,220 - INFO - <module> : Search Locations clicked
2022-10-26 15:28:49,285 - INFO - <module> : Service ID No.
arrow_drop_down clicked
2022-10-26 15:28:49,285 - INFO - <module> : Service ID No.
arrow_drop_down clicked
2022-10-26 15:28:49,285 - INFO - <module> : Service ID No.
arrow_drop_down clicked
2022-10-26 15:28:49,285 - INFO - <module> : Service ID No.
arrow_drop_down clicked
2022-10-26 15:28:49,331 - INFO - <module> : Service ID No. clicked
2022-10-26 15:28:49,331 - INFO - <module> : Service ID No. clicked
2022-10-26 15:28:49,331 - INFO - <module> : Service ID No. clicked
2022-10-26 15:28:49,331 - INFO - <module> : Service ID No. clicked
2022-10-26 15:28:49,478 - INFO - setup : Close Browser
