2022-11-18 15:20:28,982 - INFO - setup : Browser Launched!
2022-11-18 15:20:40,004 - INFO - <module> : Opened: https://outage-api.meralco.com.ph/
2022-11-18 15:20:40,004 - INFO - <module> : Opened: https://outage-api.meralco.com.ph/
2022-11-18 15:20:40,004 - INFO - <module> : Opened: https://outage-api.meralco.com.ph/
2022-11-18 15:20:40,004 - INFO - <module> : Opened: https://outage-api.meralco.com.ph/
2022-11-18 15:20:43,332 - INFO - <module> : input: v-agsealmoy@meralco.com.ph
2022-11-18 15:20:43,332 - INFO - <module> : input: v-agsealmoy@meralco.com.ph
2022-11-18 15:20:43,332 - INFO - <module> : input: v-agsealmoy@meralco.com.ph
2022-11-18 15:20:43,332 - INFO - <module> : input: v-agsealmoy@meralco.com.ph
2022-11-18 15:20:43,407 - INFO - <module> : Clicked
2022-11-18 15:20:43,407 - INFO - <module> : Clicked
2022-11-18 15:20:43,407 - INFO - <module> : Clicked
2022-11-18 15:20:43,407 - INFO - <module> : Clicked
2022-11-18 15:20:44,995 - INFO - <module> : input: Meco@@##00018
2022-11-18 15:20:44,995 - INFO - <module> : input: Meco@@##00018
2022-11-18 15:20:44,995 - INFO - <module> : input: Meco@@##00018
2022-11-18 15:20:44,995 - INFO - <module> : input: Meco@@##00018
2022-11-18 15:20:45,441 - INFO - <module> : Clicked
2022-11-18 15:20:45,441 - INFO - <module> : Clicked
2022-11-18 15:20:45,441 - INFO - <module> : Clicked
2022-11-18 15:20:45,441 - INFO - <module> : Clicked
2022-11-18 15:20:46,048 - INFO - <module> : Clicked
2022-11-18 15:20:46,048 - INFO - <module> : Clicked
2022-11-18 15:20:46,048 - INFO - <module> : Clicked
2022-11-18 15:20:46,048 - INFO - <module> : Clicked
2022-11-18 15:21:15,809 - INFO - <module> : Clicked
2022-11-18 15:21:15,809 - INFO - <module> : Clicked
2022-11-18 15:21:15,809 - INFO - <module> : Clicked
2022-11-18 15:21:15,809 - INFO - <module> : Clicked
2022-11-18 15:21:48,826 - INFO - <module> : Zoom in using scroll wheel
2022-11-18 15:21:48,826 - INFO - <module> : Zoom in using scroll wheel
2022-11-18 15:21:48,826 - INFO - <module> : Zoom in using scroll wheel
2022-11-18 15:21:48,826 - INFO - <module> : Zoom in using scroll wheel
2022-11-18 15:21:49,037 - INFO - setup : Close Browser
