2023-01-12 14:22:02,118 - INFO - setup : Browser Launched!
2023-01-12 14:22:42,577 - INFO - <module> : Clicked
2023-01-12 14:22:42,577 - INFO - <module> : Clicked
2023-01-12 14:22:42,577 - INFO - <module> : Clicked
2023-01-12 14:22:42,577 - INFO - <module> : Clicked
2023-01-12 14:22:42,577 - INFO - <module> : Clicked
2023-01-12 14:22:51,896 - INFO - <module> : input: arcebido.earljohn@gmail.com
2023-01-12 14:22:51,896 - INFO - <module> : input: arcebido.earljohn@gmail.com
2023-01-12 14:22:51,896 - INFO - <module> : input: arcebido.earljohn@gmail.com
2023-01-12 14:22:51,896 - INFO - <module> : input: arcebido.earljohn@gmail.com
2023-01-12 14:22:51,896 - INFO - <module> : input: arcebido.earljohn@gmail.com
2023-01-12 14:22:53,367 - INFO - <module> : Clicked
2023-01-12 14:22:53,367 - INFO - <module> : Clicked
2023-01-12 14:22:53,367 - INFO - <module> : Clicked
2023-01-12 14:22:53,367 - INFO - <module> : Clicked
2023-01-12 14:22:53,367 - INFO - <module> : Clicked
2023-01-12 14:22:54,934 - INFO - <module> : input: Eja09202903164!
2023-01-12 14:22:54,934 - INFO - <module> : input: Eja09202903164!
2023-01-12 14:22:54,934 - INFO - <module> : input: Eja09202903164!
2023-01-12 14:22:54,934 - INFO - <module> : input: Eja09202903164!
2023-01-12 14:22:54,934 - INFO - <module> : input: Eja09202903164!
2023-01-12 14:22:57,396 - INFO - <module> : Clicked
2023-01-12 14:22:57,396 - INFO - <module> : Clicked
2023-01-12 14:22:57,396 - INFO - <module> : Clicked
2023-01-12 14:22:57,396 - INFO - <module> : Clicked
2023-01-12 14:22:57,396 - INFO - <module> : Clicked
2023-01-12 14:23:28,693 - INFO - <module> : input: 9234567891
2023-01-12 14:23:28,693 - INFO - <module> : input: 9234567891
2023-01-12 14:23:28,693 - INFO - <module> : input: 9234567891
2023-01-12 14:23:28,693 - INFO - <module> : input: 9234567891
2023-01-12 14:23:28,693 - INFO - <module> : input: 9234567891
2023-01-12 14:23:28,995 - INFO - <module> : input: 3534057721
2023-01-12 14:23:28,995 - INFO - <module> : input: 3534057721
2023-01-12 14:23:28,995 - INFO - <module> : input: 3534057721
2023-01-12 14:23:28,995 - INFO - <module> : input: 3534057721
2023-01-12 14:23:28,995 - INFO - <module> : input: 3534057721
2023-01-12 14:23:29,116 - INFO - <module> : input: 400
2023-01-12 14:23:29,116 - INFO - <module> : input: 400
2023-01-12 14:23:29,116 - INFO - <module> : input: 400
2023-01-12 14:23:29,116 - INFO - <module> : input: 400
2023-01-12 14:23:29,116 - INFO - <module> : input: 400
2023-01-12 14:23:30,042 - INFO - <module> : input: 12/13/2022
2023-01-12 14:23:30,042 - INFO - <module> : input: 12/13/2022
2023-01-12 14:23:30,042 - INFO - <module> : input: 12/13/2022
2023-01-12 14:23:30,042 - INFO - <module> : input: 12/13/2022
2023-01-12 14:23:30,042 - INFO - <module> : input: 12/13/2022
2023-01-12 14:23:33,366 - INFO - <module> :  clicked
2023-01-12 14:23:33,366 - INFO - <module> :  clicked
2023-01-12 14:23:33,366 - INFO - <module> :  clicked
2023-01-12 14:23:33,366 - INFO - <module> :  clicked
2023-01-12 14:23:33,366 - INFO - <module> :  clicked
2023-01-12 14:23:35,822 - INFO - <module> : Submit clicked
2023-01-12 14:23:35,822 - INFO - <module> : Submit clicked
2023-01-12 14:23:35,822 - INFO - <module> : Submit clicked
2023-01-12 14:23:35,822 - INFO - <module> : Submit clicked
2023-01-12 14:23:35,822 - INFO - <module> : Submit clicked
2023-01-12 14:23:43,383 - INFO - setup : Close Browser
