2022-11-23 12:24:54,923 - INFO - setup : Browser Launched!
2022-11-23 12:25:01,055 - INFO - <module> : input: atconcernmultiple@yopmail.com
2022-11-23 12:25:01,055 - INFO - <module> : input: atconcernmultiple@yopmail.com
2022-11-23 12:25:01,055 - INFO - <module> : input: atconcernmultiple@yopmail.com
2022-11-23 12:25:01,055 - INFO - <module> : input: atconcernmultiple@yopmail.com
2022-11-23 12:25:01,122 - INFO - <module> : input: Meralco01
2022-11-23 12:25:01,122 - INFO - <module> : input: Meralco01
2022-11-23 12:25:01,122 - INFO - <module> : input: Meralco01
2022-11-23 12:25:01,122 - INFO - <module> : input: Meralco01
2022-11-23 12:25:01,184 - INFO - <module> : Clicked
2022-11-23 12:25:01,184 - INFO - <module> : Clicked
2022-11-23 12:25:01,184 - INFO - <module> : Clicked
2022-11-23 12:25:01,184 - INFO - <module> : Clicked
2022-11-23 12:25:03,174 - INFO - <module> : Hello, exists
2022-11-23 12:25:03,174 - INFO - <module> : Hello, exists
2022-11-23 12:25:03,174 - INFO - <module> : Hello, exists
2022-11-23 12:25:03,174 - INFO - <module> : Hello, exists
2022-11-23 12:25:06,420 - INFO - <module> : Clicked
2022-11-23 12:25:06,420 - INFO - <module> : Clicked
2022-11-23 12:25:06,420 - INFO - <module> : Clicked
2022-11-23 12:25:06,420 - INFO - <module> : Clicked
2022-11-23 12:25:11,819 - INFO - setup : Close Browser
