2023-01-06 12:36:45,787 - INFO - setup : Browser Launched!
2023-01-06 12:36:54,557 - INFO - <module> : ==========Log in==========
2023-01-06 12:36:54,557 - INFO - <module> : ==========Log in==========
2023-01-06 12:36:54,557 - INFO - <module> : ==========Log in==========
2023-01-06 12:36:54,557 - INFO - <module> : ==========Log in==========
2023-01-06 12:36:55,917 - INFO - <module> : Login to Meralco Online
2023-01-06 12:36:55,917 - INFO - <module> : Login to Meralco Online
2023-01-06 12:36:55,917 - INFO - <module> : Login to Meralco Online
2023-01-06 12:36:55,917 - INFO - <module> : Login to Meralco Online
2023-01-06 12:36:56,101 - INFO - <module> : input: ATNewSAMO@yopmail.com
2023-01-06 12:36:56,101 - INFO - <module> : input: ATNewSAMO@yopmail.com
2023-01-06 12:36:56,101 - INFO - <module> : input: ATNewSAMO@yopmail.com
2023-01-06 12:36:56,101 - INFO - <module> : input: ATNewSAMO@yopmail.com
2023-01-06 12:36:56,201 - INFO - <module> : input: Meralco01
2023-01-06 12:36:56,201 - INFO - <module> : input: Meralco01
2023-01-06 12:36:56,201 - INFO - <module> : input: Meralco01
2023-01-06 12:36:56,201 - INFO - <module> : input: Meralco01
2023-01-06 12:36:56,310 - INFO - <module> : Clicked
2023-01-06 12:36:56,310 - INFO - <module> : Clicked
2023-01-06 12:36:56,310 - INFO - <module> : Clicked
2023-01-06 12:36:56,310 - INFO - <module> : Clicked
2023-01-06 12:37:22,636 - INFO - setup : Close Browser
