2022-10-13 08:16:32,172 - INFO - setup : Browser Launched!
2022-10-13 08:16:43,408 - INFO - <module> : Go to External Map 
2022-10-13 08:16:43,408 - INFO - <module> : Go to External Map 
2022-10-13 08:16:43,408 - INFO - <module> : Go to External Map 
2022-10-13 08:16:47,973 - INFO - <module> : Opened: https://fuat-meralco.cs73.force.com/customers/s/outagemap
2022-10-13 08:16:47,973 - INFO - <module> : Opened: https://fuat-meralco.cs73.force.com/customers/s/outagemap
2022-10-13 08:16:47,973 - INFO - <module> : Opened: https://fuat-meralco.cs73.force.com/customers/s/outagemap
2022-10-13 08:16:50,870 - INFO - <module> : Meralco would like to access your location to identify if your area is affected by an outage. exists
2022-10-13 08:16:50,870 - INFO - <module> : Meralco would like to access your location to identify if your area is affected by an outage. exists
2022-10-13 08:16:50,870 - INFO - <module> : Meralco would like to access your location to identify if your area is affected by an outage. exists
2022-10-13 08:16:53,644 - INFO - <module> : Select weather information to be displayed
2022-10-13 08:16:53,644 - INFO - <module> : Select weather information to be displayed
2022-10-13 08:16:53,644 - INFO - <module> : Select weather information to be displayed
2022-10-13 08:16:53,752 - INFO - <module> : Disagree clicked
2022-10-13 08:16:53,752 - INFO - <module> : Disagree clicked
2022-10-13 08:16:53,752 - INFO - <module> : Disagree clicked
2022-10-13 08:16:54,278 - INFO - <module> :  clicked
2022-10-13 08:16:54,278 - INFO - <module> :  clicked
2022-10-13 08:16:54,278 - INFO - <module> :  clicked
2022-10-13 08:16:56,634 - INFO - <module> :  clicked
2022-10-13 08:16:56,634 - INFO - <module> :  clicked
2022-10-13 08:16:56,634 - INFO - <module> :  clicked
2022-10-13 08:16:57,188 - INFO - <module> : close clicked
2022-10-13 08:16:57,188 - INFO - <module> : close clicked
2022-10-13 08:16:57,188 - INFO - <module> : close clicked
2022-10-13 08:17:10,050 - INFO - <module> : Adjust outage map zoom level to greater than 8
2022-10-13 08:17:10,050 - INFO - <module> : Adjust outage map zoom level to greater than 8
2022-10-13 08:17:10,050 - INFO - <module> : Adjust outage map zoom level to greater than 8
2022-10-13 08:17:10,164 - INFO - <module> :  clicked
2022-10-13 08:17:10,164 - INFO - <module> :  clicked
2022-10-13 08:17:10,164 - INFO - <module> :  clicked
2022-10-13 08:17:10,329 - INFO - <module> : add clicked
2022-10-13 08:17:10,329 - INFO - <module> : add clicked
2022-10-13 08:17:10,329 - INFO - <module> : add clicked
2022-10-13 08:17:10,510 - INFO - <module> : add clicked
2022-10-13 08:17:10,510 - INFO - <module> : add clicked
2022-10-13 08:17:10,510 - INFO - <module> : add clicked
2022-10-13 08:17:10,663 - INFO - <module> : add clicked
2022-10-13 08:17:10,663 - INFO - <module> : add clicked
2022-10-13 08:17:10,663 - INFO - <module> : add clicked
2022-10-13 08:17:11,403 - INFO - <module> : add clicked
2022-10-13 08:17:11,403 - INFO - <module> : add clicked
2022-10-13 08:17:11,403 - INFO - <module> : add clicked
2022-10-13 08:17:11,523 - INFO - <module> : add clicked
2022-10-13 08:17:11,523 - INFO - <module> : add clicked
2022-10-13 08:17:11,523 - INFO - <module> : add clicked
2022-10-13 08:17:11,688 - INFO - <module> : add clicked
2022-10-13 08:17:11,688 - INFO - <module> : add clicked
2022-10-13 08:17:11,688 - INFO - <module> : add clicked
2022-10-13 08:17:11,838 - INFO - <module> : add clicked
2022-10-13 08:17:11,838 - INFO - <module> : add clicked
2022-10-13 08:17:11,838 - INFO - <module> : add clicked
2022-10-13 08:17:14,735 - INFO - <module> : Validate weather icons in Internal Map
2022-10-13 08:17:14,735 - INFO - <module> : Validate weather icons in Internal Map
2022-10-13 08:17:14,735 - INFO - <module> : Validate weather icons in Internal Map
2022-10-13 08:17:17,208 - INFO - setup : Close Browser
