2022-10-27 13:09:55,833 - INFO - setup : Browser Launched!
2022-10-27 13:10:04,455 - INFO - <module> : Go to Map Displays -> Establishment -> Tick Sector Offices
2022-10-27 13:10:04,455 - INFO - <module> : Go to Map Displays -> Establishment -> Tick Sector Offices
2022-10-27 13:10:04,455 - INFO - <module> : Go to Map Displays -> Establishment -> Tick Sector Offices
2022-10-27 13:10:04,455 - INFO - <module> : Go to Map Displays -> Establishment -> Tick Sector Offices
2022-10-27 13:10:06,304 - INFO - <module> : Opened: https://outage-api.meralco.com.ph/
2022-10-27 13:10:06,304 - INFO - <module> : Opened: https://outage-api.meralco.com.ph/
2022-10-27 13:10:06,304 - INFO - <module> : Opened: https://outage-api.meralco.com.ph/
2022-10-27 13:10:06,304 - INFO - <module> : Opened: https://outage-api.meralco.com.ph/
2022-10-27 13:10:07,561 - INFO - <module> : input: v-lvlgalvez@meralco.com.ph
2022-10-27 13:10:07,561 - INFO - <module> : input: v-lvlgalvez@meralco.com.ph
2022-10-27 13:10:07,561 - INFO - <module> : input: v-lvlgalvez@meralco.com.ph
2022-10-27 13:10:07,561 - INFO - <module> : input: v-lvlgalvez@meralco.com.ph
2022-10-27 13:10:07,628 - INFO - <module> : Clicked
2022-10-27 13:10:07,628 - INFO - <module> : Clicked
2022-10-27 13:10:07,628 - INFO - <module> : Clicked
2022-10-27 13:10:07,628 - INFO - <module> : Clicked
2022-10-27 13:10:08,706 - INFO - <module> : input: Mecopass@@!!129
2022-10-27 13:10:08,706 - INFO - <module> : input: Mecopass@@!!129
2022-10-27 13:10:08,706 - INFO - <module> : input: Mecopass@@!!129
2022-10-27 13:10:08,706 - INFO - <module> : input: Mecopass@@!!129
2022-10-27 13:10:09,802 - INFO - <module> : Clicked
2022-10-27 13:10:09,802 - INFO - <module> : Clicked
2022-10-27 13:10:09,802 - INFO - <module> : Clicked
2022-10-27 13:10:09,802 - INFO - <module> : Clicked
2022-10-27 13:10:10,397 - INFO - <module> : Clicked
2022-10-27 13:10:10,397 - INFO - <module> : Clicked
2022-10-27 13:10:10,397 - INFO - <module> : Clicked
2022-10-27 13:10:10,397 - INFO - <module> : Clicked
2022-10-27 13:10:38,478 - INFO - <module> : Clicked
2022-10-27 13:10:38,478 - INFO - <module> : Clicked
2022-10-27 13:10:38,478 - INFO - <module> : Clicked
2022-10-27 13:10:38,478 - INFO - <module> : Clicked
2022-10-27 13:10:42,572 - INFO - <module> :  clicked
2022-10-27 13:10:42,572 - INFO - <module> :  clicked
2022-10-27 13:10:42,572 - INFO - <module> :  clicked
2022-10-27 13:10:42,572 - INFO - <module> :  clicked
2022-10-27 13:10:42,664 - INFO - <module> : Map Displays clicked
2022-10-27 13:10:42,664 - INFO - <module> : Map Displays clicked
2022-10-27 13:10:42,664 - INFO - <module> : Map Displays clicked
2022-10-27 13:10:42,664 - INFO - <module> : Map Displays clicked
2022-10-27 13:10:43,256 - INFO - <module> :  clicked
2022-10-27 13:10:43,256 - INFO - <module> :  clicked
2022-10-27 13:10:43,256 - INFO - <module> :  clicked
2022-10-27 13:10:43,256 - INFO - <module> :  clicked
2022-10-27 13:10:56,230 - INFO - <module> : Click on any Sector Office pin
2022-10-27 13:10:56,230 - INFO - <module> : Click on any Sector Office pin
2022-10-27 13:10:56,230 - INFO - <module> : Click on any Sector Office pin
2022-10-27 13:10:56,230 - INFO - <module> : Click on any Sector Office pin
2022-10-27 13:10:56,365 - INFO - <module> : Clicked
2022-10-27 13:10:56,365 - INFO - <module> : Clicked
2022-10-27 13:10:56,365 - INFO - <module> : Clicked
2022-10-27 13:10:56,365 - INFO - <module> : Clicked
2022-10-27 13:11:03,805 - INFO - setup : Close Browser
