2022-12-27 11:57:14,246 - INFO - setup : Browser Launched!
2022-12-27 11:57:24,972 - INFO - <module> : Go to Meralco Mobile App > Login using account with expired password
2022-12-27 11:57:24,972 - INFO - <module> : Go to Meralco Mobile App > Login using account with expired password
2022-12-27 11:57:24,972 - INFO - <module> : Go to Meralco Mobile App > Login using account with expired password
2022-12-27 11:57:24,972 - INFO - <module> : Go to Meralco Mobile App > Login using account with expired password
2022-12-27 11:57:26,564 - INFO - <module> : Opened: https://fuat-meralco.cs73.force.com/customers/s/cxe-apply
2022-12-27 11:57:26,564 - INFO - <module> : Opened: https://fuat-meralco.cs73.force.com/customers/s/cxe-apply
2022-12-27 11:57:26,564 - INFO - <module> : Opened: https://fuat-meralco.cs73.force.com/customers/s/cxe-apply
2022-12-27 11:57:26,564 - INFO - <module> : Opened: https://fuat-meralco.cs73.force.com/customers/s/cxe-apply
2022-12-27 11:57:27,479 - INFO - <module> : Service Application exists
2022-12-27 11:57:27,479 - INFO - <module> : Service Application exists
2022-12-27 11:57:27,479 - INFO - <module> : Service Application exists
2022-12-27 11:57:27,479 - INFO - <module> : Service Application exists
2022-12-27 11:57:30,476 - INFO - <module> : Update Password
2022-12-27 11:57:30,476 - INFO - <module> : Update Password
2022-12-27 11:57:30,476 - INFO - <module> : Update Password
2022-12-27 11:57:30,476 - INFO - <module> : Update Password
2022-12-27 11:57:30,571 - INFO - <module> : Clicked
2022-12-27 11:57:30,571 - INFO - <module> : Clicked
2022-12-27 11:57:30,571 - INFO - <module> : Clicked
2022-12-27 11:57:30,571 - INFO - <module> : Clicked
2022-12-27 11:58:01,008 - INFO - setup : Close Browser
