2022-12-22 10:58:39,504 - INFO - setup : Browser Launched!
2022-12-22 10:59:17,881 - INFO - <module> : Login to Meralco Online
2022-12-22 10:59:17,881 - INFO - <module> : Login to Meralco Online
2022-12-22 10:59:17,881 - INFO - <module> : Login to Meralco Online
2022-12-22 10:59:17,881 - INFO - <module> : Login to Meralco Online
2022-12-22 10:59:21,071 - INFO - <module> : input: ATNewSAMObiz@yopmail.com
2022-12-22 10:59:21,071 - INFO - <module> : input: ATNewSAMObiz@yopmail.com
2022-12-22 10:59:21,071 - INFO - <module> : input: ATNewSAMObiz@yopmail.com
2022-12-22 10:59:21,071 - INFO - <module> : input: ATNewSAMObiz@yopmail.com
2022-12-22 10:59:21,469 - INFO - <module> : input: Meralco01
2022-12-22 10:59:21,469 - INFO - <module> : input: Meralco01
2022-12-22 10:59:21,469 - INFO - <module> : input: Meralco01
2022-12-22 10:59:21,469 - INFO - <module> : input: Meralco01
2022-12-22 10:59:22,468 - INFO - <module> : Clicked
2022-12-22 10:59:22,468 - INFO - <module> : Clicked
2022-12-22 10:59:22,468 - INFO - <module> : Clicked
2022-12-22 10:59:22,468 - INFO - <module> : Clicked
2022-12-22 10:59:28,405 - INFO - <module> : Hello, exists
2022-12-22 10:59:28,405 - INFO - <module> : Hello, exists
2022-12-22 10:59:28,405 - INFO - <module> : Hello, exists
2022-12-22 10:59:28,405 - INFO - <module> : Hello, exists
2022-12-22 10:59:41,433 - INFO - <module> : Go to Accounts> Manage Accounts
2022-12-22 10:59:41,433 - INFO - <module> : Go to Accounts> Manage Accounts
2022-12-22 10:59:41,433 - INFO - <module> : Go to Accounts> Manage Accounts
2022-12-22 10:59:41,433 - INFO - <module> : Go to Accounts> Manage Accounts
2022-12-22 10:59:41,590 - INFO - <module> : Accounts clicked
2022-12-22 10:59:41,590 - INFO - <module> : Accounts clicked
2022-12-22 10:59:41,590 - INFO - <module> : Accounts clicked
2022-12-22 10:59:41,590 - INFO - <module> : Accounts clicked
2022-12-22 10:59:41,817 - INFO - <module> :  clicked
2022-12-22 10:59:41,817 - INFO - <module> :  clicked
2022-12-22 10:59:41,817 - INFO - <module> :  clicked
2022-12-22 10:59:41,817 - INFO - <module> :  clicked
2022-12-22 10:59:51,520 - INFO - <module> : Search then Select Account > Click Change Contract Details button
2022-12-22 10:59:51,520 - INFO - <module> : Search then Select Account > Click Change Contract Details button
2022-12-22 10:59:51,520 - INFO - <module> : Search then Select Account > Click Change Contract Details button
2022-12-22 10:59:51,520 - INFO - <module> : Search then Select Account > Click Change Contract Details button
2022-12-22 10:59:51,751 - INFO - <module> : Clicked
2022-12-22 10:59:51,751 - INFO - <module> : Clicked
2022-12-22 10:59:51,751 - INFO - <module> : Clicked
2022-12-22 10:59:51,751 - INFO - <module> : Clicked
2022-12-22 11:00:17,627 - INFO - <module> : Clicked
2022-12-22 11:00:17,627 - INFO - <module> : Clicked
2022-12-22 11:00:17,627 - INFO - <module> : Clicked
2022-12-22 11:00:17,627 - INFO - <module> : Clicked
2022-12-22 11:00:23,730 - INFO - <module> : Select Change in Contract Name then populate the following fields:
- Email
- First Name
- Middle Name (Optional)
- Last Name
- Email Address
- Mobile Number
- Telephone Number (Optional)
Click Next
2022-12-22 11:00:23,730 - INFO - <module> : Select Change in Contract Name then populate the following fields:
- Email
- First Name
- Middle Name (Optional)
- Last Name
- Email Address
- Mobile Number
- Telephone Number (Optional)
Click Next
2022-12-22 11:00:23,730 - INFO - <module> : Select Change in Contract Name then populate the following fields:
- Email
- First Name
- Middle Name (Optional)
- Last Name
- Email Address
- Mobile Number
- Telephone Number (Optional)
Click Next
2022-12-22 11:00:23,730 - INFO - <module> : Select Change in Contract Name then populate the following fields:
- Email
- First Name
- Middle Name (Optional)
- Last Name
- Email Address
- Mobile Number
- Telephone Number (Optional)
Click Next
2022-12-22 11:00:32,277 - INFO - setup : Close Browser
