2023-01-05 13:27:42,308 - INFO - setup : Browser Launched!
2023-01-05 13:28:14,268 - INFO - <module> : Opened: https://fuat-meralco.cs73.force.com/customers/s/cxe-apply
2023-01-05 13:28:14,268 - INFO - <module> : Opened: https://fuat-meralco.cs73.force.com/customers/s/cxe-apply
2023-01-05 13:28:14,268 - INFO - <module> : Opened: https://fuat-meralco.cs73.force.com/customers/s/cxe-apply
2023-01-05 13:28:14,268 - INFO - <module> : Opened: https://fuat-meralco.cs73.force.com/customers/s/cxe-apply
2023-01-05 13:28:20,480 - INFO - <module> : Service Application exists
2023-01-05 13:28:20,480 - INFO - <module> : Service Application exists
2023-01-05 13:28:20,480 - INFO - <module> : Service Application exists
2023-01-05 13:28:20,480 - INFO - <module> : Service Application exists
2023-01-05 13:28:23,839 - INFO - <module> : Clicked
2023-01-05 13:28:23,839 - INFO - <module> : Clicked
2023-01-05 13:28:23,839 - INFO - <module> : Clicked
2023-01-05 13:28:23,839 - INFO - <module> : Clicked
2023-01-05 13:28:32,620 - INFO - <module> : Clicked
2023-01-05 13:28:32,620 - INFO - <module> : Clicked
2023-01-05 13:28:32,620 - INFO - <module> : Clicked
2023-01-05 13:28:32,620 - INFO - <module> : Clicked
2023-01-05 13:28:36,358 - INFO - <module> : input: 0104248103
2023-01-05 13:28:36,358 - INFO - <module> : input: 0104248103
2023-01-05 13:28:36,358 - INFO - <module> : input: 0104248103
2023-01-05 13:28:36,358 - INFO - <module> : input: 0104248103
2023-01-05 13:28:37,155 - INFO - <module> : Clicked
2023-01-05 13:28:37,155 - INFO - <module> : Clicked
2023-01-05 13:28:37,155 - INFO - <module> : Clicked
2023-01-05 13:28:37,155 - INFO - <module> : Clicked
2023-01-05 13:28:37,317 - INFO - <module> : Clicked
2023-01-05 13:28:37,317 - INFO - <module> : Clicked
2023-01-05 13:28:37,317 - INFO - <module> : Clicked
2023-01-05 13:28:37,317 - INFO - <module> : Clicked
2023-01-05 13:28:37,437 - INFO - <module> : input: automation1
2023-01-05 13:28:37,437 - INFO - <module> : input: automation1
2023-01-05 13:28:37,437 - INFO - <module> : input: automation1
2023-01-05 13:28:37,437 - INFO - <module> : input: automation1
2023-01-05 13:28:37,585 - INFO - <module> : input: +6321234543
2023-01-05 13:28:37,585 - INFO - <module> : input: +6321234543
2023-01-05 13:28:37,585 - INFO - <module> : input: +6321234543
2023-01-05 13:28:37,585 - INFO - <module> : input: +6321234543
2023-01-05 13:28:37,706 - INFO - <module> : input: automation5
2023-01-05 13:28:37,706 - INFO - <module> : input: automation5
2023-01-05 13:28:37,706 - INFO - <module> : input: automation5
2023-01-05 13:28:37,706 - INFO - <module> : input: automation5
2023-01-05 13:28:37,805 - INFO - <module> : input: automation6
2023-01-05 13:28:37,805 - INFO - <module> : input: automation6
2023-01-05 13:28:37,805 - INFO - <module> : input: automation6
2023-01-05 13:28:37,805 - INFO - <module> : input: automation6
2023-01-05 13:28:38,002 - INFO - <module> : input: automation2@yopmail.com
2023-01-05 13:28:38,002 - INFO - <module> : input: automation2@yopmail.com
2023-01-05 13:28:38,002 - INFO - <module> : input: automation2@yopmail.com
2023-01-05 13:28:38,002 - INFO - <module> : input: automation2@yopmail.com
2023-01-05 13:28:38,117 - INFO - <module> : input: +639234567891
2023-01-05 13:28:38,117 - INFO - <module> : input: +639234567891
2023-01-05 13:28:38,117 - INFO - <module> : input: +639234567891
2023-01-05 13:28:38,117 - INFO - <module> : input: +639234567891
2023-01-05 13:28:38,177 - INFO - <module> : input: manager
2023-01-05 13:28:38,177 - INFO - <module> : input: manager
2023-01-05 13:28:38,177 - INFO - <module> : input: manager
2023-01-05 13:28:38,177 - INFO - <module> : input: manager
2023-01-05 13:28:41,107 - INFO - <module> : Clicked
2023-01-05 13:28:41,107 - INFO - <module> : Clicked
2023-01-05 13:28:41,107 - INFO - <module> : Clicked
2023-01-05 13:28:41,107 - INFO - <module> : Clicked
2023-01-05 13:29:14,492 - ERROR - <module> : Cannot Locate: cxe_contact_firstname
2023-01-05 13:29:14,492 - ERROR - <module> : Cannot Locate: cxe_contact_firstname
2023-01-05 13:29:14,492 - ERROR - <module> : Cannot Locate: cxe_contact_firstname
2023-01-05 13:29:14,492 - ERROR - <module> : Cannot Locate: cxe_contact_firstname
2023-01-05 13:29:14,611 - INFO - setup : Close Browser
