2022-12-22 09:27:45,057 - INFO - setup : Browser Launched!
2022-12-22 09:28:30,139 - INFO - <module> : Login to Meralco Online
2022-12-22 09:28:30,139 - INFO - <module> : Login to Meralco Online
2022-12-22 09:28:30,139 - INFO - <module> : Login to Meralco Online
2022-12-22 09:28:30,139 - INFO - <module> : Login to Meralco Online
2022-12-22 09:28:34,187 - INFO - <module> : input: EarlMO@yopmail.com
2022-12-22 09:28:34,187 - INFO - <module> : input: EarlMO@yopmail.com
2022-12-22 09:28:34,187 - INFO - <module> : input: EarlMO@yopmail.com
2022-12-22 09:28:34,187 - INFO - <module> : input: EarlMO@yopmail.com
2022-12-22 09:28:34,571 - INFO - <module> : input: Meralco01
2022-12-22 09:28:34,571 - INFO - <module> : input: Meralco01
2022-12-22 09:28:34,571 - INFO - <module> : input: Meralco01
2022-12-22 09:28:34,571 - INFO - <module> : input: Meralco01
2022-12-22 09:28:35,677 - INFO - <module> : Clicked
2022-12-22 09:28:35,677 - INFO - <module> : Clicked
2022-12-22 09:28:35,677 - INFO - <module> : Clicked
2022-12-22 09:28:35,677 - INFO - <module> : Clicked
2022-12-22 09:28:42,968 - INFO - <module> : Hello, Earl exists
2022-12-22 09:28:42,968 - INFO - <module> : Hello, Earl exists
2022-12-22 09:28:42,968 - INFO - <module> : Hello, Earl exists
2022-12-22 09:28:42,968 - INFO - <module> : Hello, Earl exists
2022-12-22 09:28:55,935 - INFO - <module> : Click on Request for a Service tile
2022-12-22 09:28:55,935 - INFO - <module> : Click on Request for a Service tile
2022-12-22 09:28:55,935 - INFO - <module> : Click on Request for a Service tile
2022-12-22 09:28:55,935 - INFO - <module> : Click on Request for a Service tile
2022-12-22 09:28:59,339 - INFO - <module> : Clicked
2022-12-22 09:28:59,339 - INFO - <module> : Clicked
2022-12-22 09:28:59,339 - INFO - <module> : Clicked
2022-12-22 09:28:59,339 - INFO - <module> : Clicked
2022-12-22 09:29:04,632 - INFO - <module> :  clicked
2022-12-22 09:29:04,632 - INFO - <module> :  clicked
2022-12-22 09:29:04,632 - INFO - <module> :  clicked
2022-12-22 09:29:04,632 - INFO - <module> :  clicked
2022-12-22 09:29:10,460 - INFO - <module> : Populate all required fields in Contact Information tab > Click Next
2022-12-22 09:29:10,460 - INFO - <module> : Populate all required fields in Contact Information tab > Click Next
2022-12-22 09:29:10,460 - INFO - <module> : Populate all required fields in Contact Information tab > Click Next
2022-12-22 09:29:10,460 - INFO - <module> : Populate all required fields in Contact Information tab > Click Next
2022-12-22 09:29:19,545 - INFO - <module> : Clicked
2022-12-22 09:29:19,545 - INFO - <module> : Clicked
2022-12-22 09:29:19,545 - INFO - <module> : Clicked
2022-12-22 09:29:19,545 - INFO - <module> : Clicked
2022-12-22 09:29:25,117 - INFO - <module> : Populate the following:
Service Address
Province
City / Municipality
Home Ownership
Billing Address Indicator
2022-12-22 09:29:25,117 - INFO - <module> : Populate the following:
Service Address
Province
City / Municipality
Home Ownership
Billing Address Indicator
2022-12-22 09:29:25,117 - INFO - <module> : Populate the following:
Service Address
Province
City / Municipality
Home Ownership
Billing Address Indicator
2022-12-22 09:29:25,117 - INFO - <module> : Populate the following:
Service Address
Province
City / Municipality
Home Ownership
Billing Address Indicator
2022-12-22 09:29:25,325 - INFO - <module> : input: 123 Santo Tomas
2022-12-22 09:29:25,325 - INFO - <module> : input: 123 Santo Tomas
2022-12-22 09:29:25,325 - INFO - <module> : input: 123 Santo Tomas
2022-12-22 09:29:25,325 - INFO - <module> : input: 123 Santo Tomas
2022-12-22 09:29:28,382 - INFO - <module> : Clicked
2022-12-22 09:29:28,382 - INFO - <module> : Clicked
2022-12-22 09:29:28,382 - INFO - <module> : Clicked
2022-12-22 09:29:28,382 - INFO - <module> : Clicked
2022-12-22 09:29:33,971 - INFO - <module> : Populate the following:
Notification indicator
AMC indicator
Paperless Billing indicator
APA indicator
> Attach documents
> Click Next
2022-12-22 09:29:33,971 - INFO - <module> : Populate the following:
Notification indicator
AMC indicator
Paperless Billing indicator
APA indicator
> Attach documents
> Click Next
2022-12-22 09:29:33,971 - INFO - <module> : Populate the following:
Notification indicator
AMC indicator
Paperless Billing indicator
APA indicator
> Attach documents
> Click Next
2022-12-22 09:29:33,971 - INFO - <module> : Populate the following:
Notification indicator
AMC indicator
Paperless Billing indicator
APA indicator
> Attach documents
> Click Next
2022-12-22 09:29:36,716 - INFO - <module> : Clicked
2022-12-22 09:29:36,716 - INFO - <module> : Clicked
2022-12-22 09:29:36,716 - INFO - <module> : Clicked
2022-12-22 09:29:36,716 - INFO - <module> : Clicked
2022-12-22 09:29:42,260 - INFO - <module> : Tick on I have read and agree to the Meralco Online Terms & Conditions and consent to the processing of my personal data in accordance with the Privacy Policy
2022-12-22 09:29:42,260 - INFO - <module> : Tick on I have read and agree to the Meralco Online Terms & Conditions and consent to the processing of my personal data in accordance with the Privacy Policy
2022-12-22 09:29:42,260 - INFO - <module> : Tick on I have read and agree to the Meralco Online Terms & Conditions and consent to the processing of my personal data in accordance with the Privacy Policy
2022-12-22 09:29:42,260 - INFO - <module> : Tick on I have read and agree to the Meralco Online Terms & Conditions and consent to the processing of my personal data in accordance with the Privacy Policy
2022-12-22 09:30:05,061 - INFO - <module> : Clicked
2022-12-22 09:30:05,061 - INFO - <module> : Clicked
2022-12-22 09:30:05,061 - INFO - <module> : Clicked
2022-12-22 09:30:05,061 - INFO - <module> : Clicked
2022-12-22 09:30:10,659 - INFO - <module> : Click Submit
2022-12-22 09:30:10,659 - INFO - <module> : Click Submit
2022-12-22 09:30:10,659 - INFO - <module> : Click Submit
2022-12-22 09:30:10,659 - INFO - <module> : Click Submit
2022-12-22 09:30:13,092 - INFO - setup : Close Browser
