2022-10-27 10:19:06,544 - INFO - setup : Browser Launched!
2022-10-27 10:19:16,812 - INFO - <module> : Click on burger menu > Outages by Area
2022-10-27 10:19:16,812 - INFO - <module> : Click on burger menu > Outages by Area
2022-10-27 10:19:16,812 - INFO - <module> : Click on burger menu > Outages by Area
2022-10-27 10:19:16,812 - INFO - <module> : Click on burger menu > Outages by Area
2022-10-27 10:19:20,236 - INFO - <module> : Opened: https://outage-api.meralco.com.ph/
2022-10-27 10:19:20,236 - INFO - <module> : Opened: https://outage-api.meralco.com.ph/
2022-10-27 10:19:20,236 - INFO - <module> : Opened: https://outage-api.meralco.com.ph/
2022-10-27 10:19:20,236 - INFO - <module> : Opened: https://outage-api.meralco.com.ph/
2022-10-27 10:19:23,629 - INFO - <module> : input: v-lvlgalvez@meralco.com.ph
2022-10-27 10:19:23,629 - INFO - <module> : input: v-lvlgalvez@meralco.com.ph
2022-10-27 10:19:23,629 - INFO - <module> : input: v-lvlgalvez@meralco.com.ph
2022-10-27 10:19:23,629 - INFO - <module> : input: v-lvlgalvez@meralco.com.ph
2022-10-27 10:19:23,695 - INFO - <module> : Clicked
2022-10-27 10:19:23,695 - INFO - <module> : Clicked
2022-10-27 10:19:23,695 - INFO - <module> : Clicked
2022-10-27 10:19:23,695 - INFO - <module> : Clicked
2022-10-27 10:19:25,321 - INFO - <module> : input: Mecopass@@!!129
2022-10-27 10:19:25,321 - INFO - <module> : input: Mecopass@@!!129
2022-10-27 10:19:25,321 - INFO - <module> : input: Mecopass@@!!129
2022-10-27 10:19:25,321 - INFO - <module> : input: Mecopass@@!!129
2022-10-27 10:19:25,847 - INFO - <module> : Clicked
2022-10-27 10:19:25,847 - INFO - <module> : Clicked
2022-10-27 10:19:25,847 - INFO - <module> : Clicked
2022-10-27 10:19:25,847 - INFO - <module> : Clicked
2022-10-27 10:19:26,455 - INFO - <module> : Clicked
2022-10-27 10:19:26,455 - INFO - <module> : Clicked
2022-10-27 10:19:26,455 - INFO - <module> : Clicked
2022-10-27 10:19:26,455 - INFO - <module> : Clicked
2022-10-27 10:19:55,761 - INFO - <module> : Clicked
2022-10-27 10:19:55,761 - INFO - <module> : Clicked
2022-10-27 10:19:55,761 - INFO - <module> : Clicked
2022-10-27 10:19:55,761 - INFO - <module> : Clicked
2022-10-27 10:19:59,910 - INFO - <module> :  clicked
2022-10-27 10:19:59,910 - INFO - <module> :  clicked
2022-10-27 10:19:59,910 - INFO - <module> :  clicked
2022-10-27 10:19:59,910 - INFO - <module> :  clicked
2022-10-27 10:20:00,078 - INFO - <module> : Outages by Area clicked
2022-10-27 10:20:00,078 - INFO - <module> : Outages by Area clicked
2022-10-27 10:20:00,078 - INFO - <module> : Outages by Area clicked
2022-10-27 10:20:00,078 - INFO - <module> : Outages by Area clicked
2022-10-27 10:20:00,783 - INFO - <module> : Select
arrow_drop_down clicked
2022-10-27 10:20:00,783 - INFO - <module> : Select
arrow_drop_down clicked
2022-10-27 10:20:00,783 - INFO - <module> : Select
arrow_drop_down clicked
2022-10-27 10:20:00,783 - INFO - <module> : Select
arrow_drop_down clicked
2022-10-27 10:20:30,858 - ERROR - <module> : Cannot Locate: sector_value
2022-10-27 10:20:30,858 - ERROR - <module> : Cannot Locate: sector_value
2022-10-27 10:20:30,858 - ERROR - <module> : Cannot Locate: sector_value
2022-10-27 10:20:30,858 - ERROR - <module> : Cannot Locate: sector_value
2022-10-27 10:20:30,979 - INFO - setup : Close Browser
