2022-11-22 13:54:33,904 - INFO - setup : Browser Launched!
2022-11-22 13:54:41,377 - INFO - <module> : Opened: https://fuat-meralco.cs73.force.com/customers/s/contact
2022-11-22 13:54:41,377 - INFO - <module> : Opened: https://fuat-meralco.cs73.force.com/customers/s/contact
2022-11-22 13:54:41,377 - INFO - <module> : Opened: https://fuat-meralco.cs73.force.com/customers/s/contact
2022-11-22 13:54:41,377 - INFO - <module> : Opened: https://fuat-meralco.cs73.force.com/customers/s/contact
2022-11-22 13:54:41,583 - INFO - <module> : Clicked
2022-11-22 13:54:41,583 - INFO - <module> : Clicked
2022-11-22 13:54:41,583 - INFO - <module> : Clicked
2022-11-22 13:54:41,583 - INFO - <module> : Clicked
2022-11-22 13:54:54,972 - INFO - <module> :  exists
2022-11-22 13:54:54,972 - INFO - <module> :  exists
2022-11-22 13:54:54,972 - INFO - <module> :  exists
2022-11-22 13:54:54,972 - INFO - <module> :  exists
2022-11-22 13:54:58,555 - INFO - <module> : input: 3535100272
2022-11-22 13:54:58,555 - INFO - <module> : input: 3535100272
2022-11-22 13:54:58,555 - INFO - <module> : input: 3535100272
2022-11-22 13:54:58,555 - INFO - <module> : input: 3535100272
2022-11-22 13:54:58,622 - INFO - <module> : input: automation
2022-11-22 13:54:58,622 - INFO - <module> : input: automation
2022-11-22 13:54:58,622 - INFO - <module> : input: automation
2022-11-22 13:54:58,622 - INFO - <module> : input: automation
2022-11-22 13:54:58,680 - INFO - <module> : input: outage
2022-11-22 13:54:58,680 - INFO - <module> : input: outage
2022-11-22 13:54:58,680 - INFO - <module> : input: outage
2022-11-22 13:54:58,680 - INFO - <module> : input: outage
2022-11-22 13:54:58,757 - INFO - <module> : input: atconcernsingle@yopmail.com
2022-11-22 13:54:58,757 - INFO - <module> : input: atconcernsingle@yopmail.com
2022-11-22 13:54:58,757 - INFO - <module> : input: atconcernsingle@yopmail.com
2022-11-22 13:54:58,757 - INFO - <module> : input: atconcernsingle@yopmail.com
2022-11-22 13:54:58,817 - INFO - <module> : input: +639758880795
2022-11-22 13:54:58,817 - INFO - <module> : input: +639758880795
2022-11-22 13:54:58,817 - INFO - <module> : input: +639758880795
2022-11-22 13:54:58,817 - INFO - <module> : input: +639758880795
2022-11-22 13:54:58,916 - INFO - <module> : input: Sample Remarks
2022-11-22 13:54:58,916 - INFO - <module> : input: Sample Remarks
2022-11-22 13:54:58,916 - INFO - <module> : input: Sample Remarks
2022-11-22 13:54:58,916 - INFO - <module> : input: Sample Remarks
2022-11-22 13:54:58,970 - INFO - <module> : input: Sample Remarks
2022-11-22 13:54:58,970 - INFO - <module> : input: Sample Remarks
2022-11-22 13:54:58,970 - INFO - <module> : input: Sample Remarks
2022-11-22 13:54:58,970 - INFO - <module> : input: Sample Remarks
2022-11-22 13:55:02,076 - INFO - <module> : Clicked
2022-11-22 13:55:02,076 - INFO - <module> : Clicked
2022-11-22 13:55:02,076 - INFO - <module> : Clicked
2022-11-22 13:55:02,076 - INFO - <module> : Clicked
2022-11-22 13:55:11,320 - INFO - <module> : Opened: https://fuat-meralco.cs73.force.com/customers/s/concernstatus
2022-11-22 13:55:11,320 - INFO - <module> : Opened: https://fuat-meralco.cs73.force.com/customers/s/concernstatus
2022-11-22 13:55:11,320 - INFO - <module> : Opened: https://fuat-meralco.cs73.force.com/customers/s/concernstatus
2022-11-22 13:55:11,320 - INFO - <module> : Opened: https://fuat-meralco.cs73.force.com/customers/s/concernstatus
2022-11-22 13:55:11,649 - INFO - <module> : input: 22102250650
2022-11-22 13:55:11,649 - INFO - <module> : input: 22102250650
2022-11-22 13:55:11,649 - INFO - <module> : input: 22102250650
2022-11-22 13:55:11,649 - INFO - <module> : input: 22102250650
2022-11-22 13:55:11,750 - INFO - <module> : input: outage
2022-11-22 13:55:11,750 - INFO - <module> : input: outage
2022-11-22 13:55:11,750 - INFO - <module> : input: outage
2022-11-22 13:55:11,750 - INFO - <module> : input: outage
2022-11-22 13:55:11,817 - INFO - <module> : Clicked
2022-11-22 13:55:11,817 - INFO - <module> : Clicked
2022-11-22 13:55:11,817 - INFO - <module> : Clicked
2022-11-22 13:55:11,817 - INFO - <module> : Clicked
2022-11-22 13:55:20,284 - INFO - <module> : Opened: https://yopmail.com/en/
2022-11-22 13:55:20,284 - INFO - <module> : Opened: https://yopmail.com/en/
2022-11-22 13:55:20,284 - INFO - <module> : Opened: https://yopmail.com/en/
2022-11-22 13:55:20,284 - INFO - <module> : Opened: https://yopmail.com/en/
2022-11-22 13:55:20,445 - INFO - <module> : input: atmooutageaccount@yopmail.com
2022-11-22 13:55:20,445 - INFO - <module> : input: atmooutageaccount@yopmail.com
2022-11-22 13:55:20,445 - INFO - <module> : input: atmooutageaccount@yopmail.com
2022-11-22 13:55:20,445 - INFO - <module> : input: atmooutageaccount@yopmail.com
2022-11-22 13:55:21,848 - INFO - <module> : Clicked
2022-11-22 13:55:21,848 - INFO - <module> : Clicked
2022-11-22 13:55:21,848 - INFO - <module> : Clicked
2022-11-22 13:55:21,848 - INFO - <module> : Clicked
2022-11-22 13:55:26,322 - INFO - setup : Close Browser
