2022-10-20 12:56:01,572 - INFO - setup : Browser Launched!
2022-10-20 12:56:15,554 - INFO - <module> : Access outage reporting form for Guest users.
2022-10-20 12:56:15,554 - INFO - <module> : Access outage reporting form for Guest users.
2022-10-20 12:56:15,554 - INFO - <module> : Access outage reporting form for Guest users.
2022-10-20 12:56:15,554 - INFO - <module> : Access outage reporting form for Guest users.
2022-10-20 12:56:20,520 - INFO - <module> : Opened: https://fuat-meralco.cs73.force.com/customers/s/outagemap
2022-10-20 12:56:20,520 - INFO - <module> : Opened: https://fuat-meralco.cs73.force.com/customers/s/outagemap
2022-10-20 12:56:20,520 - INFO - <module> : Opened: https://fuat-meralco.cs73.force.com/customers/s/outagemap
2022-10-20 12:56:20,520 - INFO - <module> : Opened: https://fuat-meralco.cs73.force.com/customers/s/outagemap
2022-10-20 12:56:23,684 - INFO - <module> : Meralco would like to access your location to identify if your area is affected by an outage. exists
2022-10-20 12:56:23,684 - INFO - <module> : Meralco would like to access your location to identify if your area is affected by an outage. exists
2022-10-20 12:56:23,684 - INFO - <module> : Meralco would like to access your location to identify if your area is affected by an outage. exists
2022-10-20 12:56:23,684 - INFO - <module> : Meralco would like to access your location to identify if your area is affected by an outage. exists
2022-10-20 12:56:25,932 - INFO - <module> : Clicked
2022-10-20 12:56:25,932 - INFO - <module> : Clicked
2022-10-20 12:56:25,932 - INFO - <module> : Clicked
2022-10-20 12:56:25,932 - INFO - <module> : Clicked
2022-10-20 12:56:30,227 - INFO - <module> : Clicked
2022-10-20 12:56:30,227 - INFO - <module> : Clicked
2022-10-20 12:56:30,227 - INFO - <module> : Clicked
2022-10-20 12:56:30,227 - INFO - <module> : Clicked
2022-10-20 12:56:39,202 - INFO - <module> : Report an Outage or Incident exists
2022-10-20 12:56:39,202 - INFO - <module> : Report an Outage or Incident exists
2022-10-20 12:56:39,202 - INFO - <module> : Report an Outage or Incident exists
2022-10-20 12:56:39,202 - INFO - <module> : Report an Outage or Incident exists
2022-10-20 12:56:44,370 - INFO - <module> : Choose 'Streetlight Concern' from the 'What are you reporting?' option.
2022-10-20 12:56:44,370 - INFO - <module> : Choose 'Streetlight Concern' from the 'What are you reporting?' option.
2022-10-20 12:56:44,370 - INFO - <module> : Choose 'Streetlight Concern' from the 'What are you reporting?' option.
2022-10-20 12:56:44,370 - INFO - <module> : Choose 'Streetlight Concern' from the 'What are you reporting?' option.
2022-10-20 12:56:44,569 - INFO - <module> : Clicked
2022-10-20 12:56:44,569 - INFO - <module> : Clicked
2022-10-20 12:56:44,569 - INFO - <module> : Clicked
2022-10-20 12:56:44,569 - INFO - <module> : Clicked
2022-10-20 12:56:49,810 - INFO - <module> : Choose 'Yes' from the options.
2022-10-20 12:56:49,810 - INFO - <module> : Choose 'Yes' from the options.
2022-10-20 12:56:49,810 - INFO - <module> : Choose 'Yes' from the options.
2022-10-20 12:56:49,810 - INFO - <module> : Choose 'Yes' from the options.
2022-10-20 12:56:50,093 - INFO - <module> : Clicked
2022-10-20 12:56:50,093 - INFO - <module> : Clicked
2022-10-20 12:56:50,093 - INFO - <module> : Clicked
2022-10-20 12:56:50,093 - INFO - <module> : Clicked
2022-10-20 12:56:55,893 - INFO - <module> : Click the dropdown field for Q2.
2022-10-20 12:56:55,893 - INFO - <module> : Click the dropdown field for Q2.
2022-10-20 12:56:55,893 - INFO - <module> : Click the dropdown field for Q2.
2022-10-20 12:56:55,893 - INFO - <module> : Click the dropdown field for Q2.
2022-10-20 12:56:56,152 - INFO - <module> : Clicked
2022-10-20 12:56:56,152 - INFO - <module> : Clicked
2022-10-20 12:56:56,152 - INFO - <module> : Clicked
2022-10-20 12:56:56,152 - INFO - <module> : Clicked
2022-10-20 12:57:01,402 - INFO - <module> : Choose 'Streetlight is always on, even during daytime' from the option.
2022-10-20 12:57:01,402 - INFO - <module> : Choose 'Streetlight is always on, even during daytime' from the option.
2022-10-20 12:57:01,402 - INFO - <module> : Choose 'Streetlight is always on, even during daytime' from the option.
2022-10-20 12:57:01,402 - INFO - <module> : Choose 'Streetlight is always on, even during daytime' from the option.
2022-10-20 12:57:01,686 - INFO - <module> : Clicked
2022-10-20 12:57:01,686 - INFO - <module> : Clicked
2022-10-20 12:57:01,686 - INFO - <module> : Clicked
2022-10-20 12:57:01,686 - INFO - <module> : Clicked
2022-10-20 12:57:07,051 - INFO - <module> : Populate the following fields by selecting from one of the picklist values, as applicable:
- Province
- City/Municipality
- Barangay
- Subdivision
- Street
- House/Unit No./ Floor/ Building
2022-10-20 12:57:07,051 - INFO - <module> : Populate the following fields by selecting from one of the picklist values, as applicable:
- Province
- City/Municipality
- Barangay
- Subdivision
- Street
- House/Unit No./ Floor/ Building
2022-10-20 12:57:07,051 - INFO - <module> : Populate the following fields by selecting from one of the picklist values, as applicable:
- Province
- City/Municipality
- Barangay
- Subdivision
- Street
- House/Unit No./ Floor/ Building
2022-10-20 12:57:07,051 - INFO - <module> : Populate the following fields by selecting from one of the picklist values, as applicable:
- Province
- City/Municipality
- Barangay
- Subdivision
- Street
- House/Unit No./ Floor/ Building
2022-10-20 12:57:07,395 - INFO - <module> : Clicked
2022-10-20 12:57:07,395 - INFO - <module> : Clicked
2022-10-20 12:57:07,395 - INFO - <module> : Clicked
2022-10-20 12:57:07,395 - INFO - <module> : Clicked
2022-10-20 12:57:08,102 - INFO - <module> : Clicked
2022-10-20 12:57:08,102 - INFO - <module> : Clicked
2022-10-20 12:57:08,102 - INFO - <module> : Clicked
2022-10-20 12:57:08,102 - INFO - <module> : Clicked
2022-10-20 12:57:08,791 - INFO - <module> : Clicked
2022-10-20 12:57:08,791 - INFO - <module> : Clicked
2022-10-20 12:57:08,791 - INFO - <module> : Clicked
2022-10-20 12:57:08,791 - INFO - <module> : Clicked
2022-10-20 12:57:09,483 - INFO - <module> : Clicked
2022-10-20 12:57:09,483 - INFO - <module> : Clicked
2022-10-20 12:57:09,483 - INFO - <module> : Clicked
2022-10-20 12:57:09,483 - INFO - <module> : Clicked
2022-10-20 12:57:10,172 - INFO - <module> : Clicked
2022-10-20 12:57:10,172 - INFO - <module> : Clicked
2022-10-20 12:57:10,172 - INFO - <module> : Clicked
2022-10-20 12:57:10,172 - INFO - <module> : Clicked
2022-10-20 12:57:10,448 - INFO - <module> : input: 123
2022-10-20 12:57:10,448 - INFO - <module> : input: 123
2022-10-20 12:57:10,448 - INFO - <module> : input: 123
2022-10-20 12:57:10,448 - INFO - <module> : input: 123
2022-10-20 12:57:15,006 - INFO - <module> : Populate 'Pole Number' field.
Note: There should be no pending case associated to the encoded Pole Number.
2022-10-20 12:57:15,006 - INFO - <module> : Populate 'Pole Number' field.
Note: There should be no pending case associated to the encoded Pole Number.
2022-10-20 12:57:15,006 - INFO - <module> : Populate 'Pole Number' field.
Note: There should be no pending case associated to the encoded Pole Number.
2022-10-20 12:57:15,006 - INFO - <module> : Populate 'Pole Number' field.
Note: There should be no pending case associated to the encoded Pole Number.
2022-10-20 12:57:15,186 - INFO - <module> : input: 30
2022-10-20 12:57:15,186 - INFO - <module> : input: 30
2022-10-20 12:57:15,186 - INFO - <module> : input: 30
2022-10-20 12:57:15,186 - INFO - <module> : input: 30
2022-10-20 12:57:20,178 - INFO - <module> : Select the 'Landmarks/Directions' option and input values in the text box.
2022-10-20 12:57:20,178 - INFO - <module> : Select the 'Landmarks/Directions' option and input values in the text box.
2022-10-20 12:57:20,178 - INFO - <module> : Select the 'Landmarks/Directions' option and input values in the text box.
2022-10-20 12:57:20,178 - INFO - <module> : Select the 'Landmarks/Directions' option and input values in the text box.
2022-10-20 12:57:20,527 - INFO - <module> : Clicked
2022-10-20 12:57:20,527 - INFO - <module> : Clicked
2022-10-20 12:57:20,527 - INFO - <module> : Clicked
2022-10-20 12:57:20,527 - INFO - <module> : Clicked
2022-10-20 12:57:20,770 - INFO - <module> : Clicked
2022-10-20 12:57:20,770 - INFO - <module> : Clicked
2022-10-20 12:57:20,770 - INFO - <module> : Clicked
2022-10-20 12:57:20,770 - INFO - <module> : Clicked
2022-10-20 12:57:21,164 - INFO - <module> : input: Sample Text
2022-10-20 12:57:21,164 - INFO - <module> : input: Sample Text
2022-10-20 12:57:21,164 - INFO - <module> : input: Sample Text
2022-10-20 12:57:21,164 - INFO - <module> : input: Sample Text
2022-10-20 12:57:31,687 - INFO - <module> : Populate the following fields:
a) First Name
b) Middle Name
c) Last Name
d) Mobile Number
e) Landline
f) Email
2022-10-20 12:57:31,687 - INFO - <module> : Populate the following fields:
a) First Name
b) Middle Name
c) Last Name
d) Mobile Number
e) Landline
f) Email
2022-10-20 12:57:31,687 - INFO - <module> : Populate the following fields:
a) First Name
b) Middle Name
c) Last Name
d) Mobile Number
e) Landline
f) Email
2022-10-20 12:57:31,687 - INFO - <module> : Populate the following fields:
a) First Name
b) Middle Name
c) Last Name
d) Mobile Number
e) Landline
f) Email
2022-10-20 12:57:32,126 - INFO - <module> : input: sample
2022-10-20 12:57:32,126 - INFO - <module> : input: sample
2022-10-20 12:57:32,126 - INFO - <module> : input: sample
2022-10-20 12:57:32,126 - INFO - <module> : input: sample
2022-10-20 12:57:32,363 - INFO - <module> : input: middle
2022-10-20 12:57:32,363 - INFO - <module> : input: middle
2022-10-20 12:57:32,363 - INFO - <module> : input: middle
2022-10-20 12:57:32,363 - INFO - <module> : input: middle
2022-10-20 12:57:32,596 - INFO - <module> : input: report
2022-10-20 12:57:32,596 - INFO - <module> : input: report
2022-10-20 12:57:32,596 - INFO - <module> : input: report
2022-10-20 12:57:32,596 - INFO - <module> : input: report
2022-10-20 12:57:32,853 - INFO - <module> : input: +639758880793
2022-10-20 12:57:32,853 - INFO - <module> : input: +639758880793
2022-10-20 12:57:32,853 - INFO - <module> : input: +639758880793
2022-10-20 12:57:32,853 - INFO - <module> : input: +639758880793
2022-10-20 12:57:33,056 - INFO - <module> : input: 
2022-10-20 12:57:33,056 - INFO - <module> : input: 
2022-10-20 12:57:33,056 - INFO - <module> : input: 
2022-10-20 12:57:33,056 - INFO - <module> : input: 
2022-10-20 12:57:33,312 - INFO - <module> : input: testautomationoutage@yopmail.com
2022-10-20 12:57:33,312 - INFO - <module> : input: testautomationoutage@yopmail.com
2022-10-20 12:57:33,312 - INFO - <module> : input: testautomationoutage@yopmail.com
2022-10-20 12:57:33,312 - INFO - <module> : input: testautomationoutage@yopmail.com
2022-10-20 12:57:38,746 - INFO - <module> : Verify if 'Yes' is selected from the options under 'Do you want to receive updates related to this report?'
2022-10-20 12:57:38,746 - INFO - <module> : Verify if 'Yes' is selected from the options under 'Do you want to receive updates related to this report?'
2022-10-20 12:57:38,746 - INFO - <module> : Verify if 'Yes' is selected from the options under 'Do you want to receive updates related to this report?'
2022-10-20 12:57:38,746 - INFO - <module> : Verify if 'Yes' is selected from the options under 'Do you want to receive updates related to this report?'
2022-10-20 12:57:44,441 - INFO - <module> : Select SMS and Email as preferred Case Notification Channel.
Note: Ensure that 'Email' field has valid value if Email has been selected as preferred Case Notification Channel.
2022-10-20 12:57:44,441 - INFO - <module> : Select SMS and Email as preferred Case Notification Channel.
Note: Ensure that 'Email' field has valid value if Email has been selected as preferred Case Notification Channel.
2022-10-20 12:57:44,441 - INFO - <module> : Select SMS and Email as preferred Case Notification Channel.
Note: Ensure that 'Email' field has valid value if Email has been selected as preferred Case Notification Channel.
2022-10-20 12:57:44,441 - INFO - <module> : Select SMS and Email as preferred Case Notification Channel.
Note: Ensure that 'Email' field has valid value if Email has been selected as preferred Case Notification Channel.
2022-10-20 12:57:44,843 - INFO - <module> : Clicked
2022-10-20 12:57:44,843 - INFO - <module> : Clicked
2022-10-20 12:57:44,843 - INFO - <module> : Clicked
2022-10-20 12:57:44,843 - INFO - <module> : Clicked
2022-10-20 12:57:45,038 - INFO - <module> : Clicked
2022-10-20 12:57:45,038 - INFO - <module> : Clicked
2022-10-20 12:57:45,038 - INFO - <module> : Clicked
2022-10-20 12:57:45,038 - INFO - <module> : Clicked
2022-10-20 12:57:50,477 - INFO - <module> : Select the checkbox for:
I have read and agree to the Meralco Online Terms & Conditions and consent to the processing of my personal data in accordance with the Privacy Policy.
2022-10-20 12:57:50,477 - INFO - <module> : Select the checkbox for:
I have read and agree to the Meralco Online Terms & Conditions and consent to the processing of my personal data in accordance with the Privacy Policy.
2022-10-20 12:57:50,477 - INFO - <module> : Select the checkbox for:
I have read and agree to the Meralco Online Terms & Conditions and consent to the processing of my personal data in accordance with the Privacy Policy.
2022-10-20 12:57:50,477 - INFO - <module> : Select the checkbox for:
I have read and agree to the Meralco Online Terms & Conditions and consent to the processing of my personal data in accordance with the Privacy Policy.
2022-10-20 12:57:50,851 - INFO - <module> : Clicked
2022-10-20 12:57:50,851 - INFO - <module> : Clicked
2022-10-20 12:57:50,851 - INFO - <module> : Clicked
2022-10-20 12:57:50,851 - INFO - <module> : Clicked
2022-10-20 12:57:56,391 - INFO - <module> : Click ‘Submit’ button.
2022-10-20 12:57:56,391 - INFO - <module> : Click ‘Submit’ button.
2022-10-20 12:57:56,391 - INFO - <module> : Click ‘Submit’ button.
2022-10-20 12:57:56,391 - INFO - <module> : Click ‘Submit’ button.
2022-10-20 12:57:56,804 - INFO - <module> : Clicked
2022-10-20 12:57:56,804 - INFO - <module> : Clicked
2022-10-20 12:57:56,804 - INFO - <module> : Clicked
2022-10-20 12:57:56,804 - INFO - <module> : Clicked
2022-10-20 12:58:17,492 - INFO - <module> : Verify received SMS notification.
2022-10-20 12:58:17,492 - INFO - <module> : Verify received SMS notification.
2022-10-20 12:58:17,492 - INFO - <module> : Verify received SMS notification.
2022-10-20 12:58:17,492 - INFO - <module> : Verify received SMS notification.
2022-10-20 12:58:20,534 - INFO - <module> : Verify received Email notification.
2022-10-20 12:58:20,534 - INFO - <module> : Verify received Email notification.
2022-10-20 12:58:20,534 - INFO - <module> : Verify received Email notification.
2022-10-20 12:58:20,534 - INFO - <module> : Verify received Email notification.
2022-10-20 12:58:27,897 - INFO - <module> : Opened: https://yopmail.com/en/
2022-10-20 12:58:27,897 - INFO - <module> : Opened: https://yopmail.com/en/
2022-10-20 12:58:27,897 - INFO - <module> : Opened: https://yopmail.com/en/
2022-10-20 12:58:27,897 - INFO - <module> : Opened: https://yopmail.com/en/
2022-10-20 12:58:28,243 - INFO - <module> : input: testautomationoutage@yopmail.com
2022-10-20 12:58:28,243 - INFO - <module> : input: testautomationoutage@yopmail.com
2022-10-20 12:58:28,243 - INFO - <module> : input: testautomationoutage@yopmail.com
2022-10-20 12:58:28,243 - INFO - <module> : input: testautomationoutage@yopmail.com
2022-10-20 12:58:29,927 - INFO - <module> : Clicked
2022-10-20 12:58:29,927 - INFO - <module> : Clicked
2022-10-20 12:58:29,927 - INFO - <module> : Clicked
2022-10-20 12:58:29,927 - INFO - <module> : Clicked
2022-10-20 12:58:35,635 - INFO - <module> : Access outage reporting form for Guest users.
2022-10-20 12:58:35,635 - INFO - <module> : Access outage reporting form for Guest users.
2022-10-20 12:58:35,635 - INFO - <module> : Access outage reporting form for Guest users.
2022-10-20 12:58:35,635 - INFO - <module> : Access outage reporting form for Guest users.
2022-10-20 12:58:38,870 - INFO - <module> : Opened: https://fuat-meralco.cs73.force.com/customers/s/outagemap
2022-10-20 12:58:38,870 - INFO - <module> : Opened: https://fuat-meralco.cs73.force.com/customers/s/outagemap
2022-10-20 12:58:38,870 - INFO - <module> : Opened: https://fuat-meralco.cs73.force.com/customers/s/outagemap
2022-10-20 12:58:38,870 - INFO - <module> : Opened: https://fuat-meralco.cs73.force.com/customers/s/outagemap
2022-10-20 12:58:42,260 - INFO - <module> : Meralco would like to access your location to identify if your area is affected by an outage. exists
2022-10-20 12:58:42,260 - INFO - <module> : Meralco would like to access your location to identify if your area is affected by an outage. exists
2022-10-20 12:58:42,260 - INFO - <module> : Meralco would like to access your location to identify if your area is affected by an outage. exists
2022-10-20 12:58:42,260 - INFO - <module> : Meralco would like to access your location to identify if your area is affected by an outage. exists
2022-10-20 12:58:44,560 - INFO - <module> : Clicked
2022-10-20 12:58:44,560 - INFO - <module> : Clicked
2022-10-20 12:58:44,560 - INFO - <module> : Clicked
2022-10-20 12:58:44,560 - INFO - <module> : Clicked
2022-10-20 12:58:48,845 - INFO - <module> : Clicked
2022-10-20 12:58:48,845 - INFO - <module> : Clicked
2022-10-20 12:58:48,845 - INFO - <module> : Clicked
2022-10-20 12:58:48,845 - INFO - <module> : Clicked
2022-10-20 12:58:56,966 - INFO - <module> : Report an Outage or Incident exists
2022-10-20 12:58:56,966 - INFO - <module> : Report an Outage or Incident exists
2022-10-20 12:58:56,966 - INFO - <module> : Report an Outage or Incident exists
2022-10-20 12:58:56,966 - INFO - <module> : Report an Outage or Incident exists
2022-10-20 12:59:02,559 - INFO - <module> : Choose 'Streetlight Concern' from the 'What are you reporting?' option.
2022-10-20 12:59:02,559 - INFO - <module> : Choose 'Streetlight Concern' from the 'What are you reporting?' option.
2022-10-20 12:59:02,559 - INFO - <module> : Choose 'Streetlight Concern' from the 'What are you reporting?' option.
2022-10-20 12:59:02,559 - INFO - <module> : Choose 'Streetlight Concern' from the 'What are you reporting?' option.
2022-10-20 12:59:03,069 - INFO - <module> : Clicked
2022-10-20 12:59:03,069 - INFO - <module> : Clicked
2022-10-20 12:59:03,069 - INFO - <module> : Clicked
2022-10-20 12:59:03,069 - INFO - <module> : Clicked
2022-10-20 12:59:08,292 - INFO - <module> : Choose 'Yes' from the options.
2022-10-20 12:59:08,292 - INFO - <module> : Choose 'Yes' from the options.
2022-10-20 12:59:08,292 - INFO - <module> : Choose 'Yes' from the options.
2022-10-20 12:59:08,292 - INFO - <module> : Choose 'Yes' from the options.
2022-10-20 12:59:08,741 - INFO - <module> : Clicked
2022-10-20 12:59:08,741 - INFO - <module> : Clicked
2022-10-20 12:59:08,741 - INFO - <module> : Clicked
2022-10-20 12:59:08,741 - INFO - <module> : Clicked
2022-10-20 12:59:14,350 - INFO - <module> : Click the dropdown field for Q2.
2022-10-20 12:59:14,350 - INFO - <module> : Click the dropdown field for Q2.
2022-10-20 12:59:14,350 - INFO - <module> : Click the dropdown field for Q2.
2022-10-20 12:59:14,350 - INFO - <module> : Click the dropdown field for Q2.
2022-10-20 12:59:14,873 - INFO - <module> : Clicked
2022-10-20 12:59:14,873 - INFO - <module> : Clicked
2022-10-20 12:59:14,873 - INFO - <module> : Clicked
2022-10-20 12:59:14,873 - INFO - <module> : Clicked
2022-10-20 12:59:20,559 - INFO - <module> : Choose 'Streetlight is flickering' from the option.
2022-10-20 12:59:20,559 - INFO - <module> : Choose 'Streetlight is flickering' from the option.
2022-10-20 12:59:20,559 - INFO - <module> : Choose 'Streetlight is flickering' from the option.
2022-10-20 12:59:20,559 - INFO - <module> : Choose 'Streetlight is flickering' from the option.
2022-10-20 12:59:21,017 - INFO - <module> : Clicked
2022-10-20 12:59:21,017 - INFO - <module> : Clicked
2022-10-20 12:59:21,017 - INFO - <module> : Clicked
2022-10-20 12:59:21,017 - INFO - <module> : Clicked
2022-10-20 12:59:27,039 - INFO - <module> : Populate the following fields by selecting from one of the picklist values, as applicable:
- Province
- City/Municipality
- Barangay
- Subdivision
- Street
- House/Unit No./ Floor/ Building
2022-10-20 12:59:27,039 - INFO - <module> : Populate the following fields by selecting from one of the picklist values, as applicable:
- Province
- City/Municipality
- Barangay
- Subdivision
- Street
- House/Unit No./ Floor/ Building
2022-10-20 12:59:27,039 - INFO - <module> : Populate the following fields by selecting from one of the picklist values, as applicable:
- Province
- City/Municipality
- Barangay
- Subdivision
- Street
- House/Unit No./ Floor/ Building
2022-10-20 12:59:27,039 - INFO - <module> : Populate the following fields by selecting from one of the picklist values, as applicable:
- Province
- City/Municipality
- Barangay
- Subdivision
- Street
- House/Unit No./ Floor/ Building
2022-10-20 12:59:27,513 - INFO - <module> : Clicked
2022-10-20 12:59:27,513 - INFO - <module> : Clicked
2022-10-20 12:59:27,513 - INFO - <module> : Clicked
2022-10-20 12:59:27,513 - INFO - <module> : Clicked
2022-10-20 12:59:28,743 - INFO - <module> : Clicked
2022-10-20 12:59:28,743 - INFO - <module> : Clicked
2022-10-20 12:59:28,743 - INFO - <module> : Clicked
2022-10-20 12:59:28,743 - INFO - <module> : Clicked
2022-10-20 12:59:29,440 - INFO - <module> : Clicked
2022-10-20 12:59:29,440 - INFO - <module> : Clicked
2022-10-20 12:59:29,440 - INFO - <module> : Clicked
2022-10-20 12:59:29,440 - INFO - <module> : Clicked
2022-10-20 12:59:30,148 - INFO - <module> : Clicked
2022-10-20 12:59:30,148 - INFO - <module> : Clicked
2022-10-20 12:59:30,148 - INFO - <module> : Clicked
2022-10-20 12:59:30,148 - INFO - <module> : Clicked
2022-10-20 12:59:30,851 - INFO - <module> : Clicked
2022-10-20 12:59:30,851 - INFO - <module> : Clicked
2022-10-20 12:59:30,851 - INFO - <module> : Clicked
2022-10-20 12:59:30,851 - INFO - <module> : Clicked
2022-10-20 12:59:31,083 - INFO - <module> : input: 123
2022-10-20 12:59:31,083 - INFO - <module> : input: 123
2022-10-20 12:59:31,083 - INFO - <module> : input: 123
2022-10-20 12:59:31,083 - INFO - <module> : input: 123
2022-10-20 12:59:36,636 - INFO - <module> : Populate 'Pole Number' field using the values encoded in the prior report.
2022-10-20 12:59:36,636 - INFO - <module> : Populate 'Pole Number' field using the values encoded in the prior report.
2022-10-20 12:59:36,636 - INFO - <module> : Populate 'Pole Number' field using the values encoded in the prior report.
2022-10-20 12:59:36,636 - INFO - <module> : Populate 'Pole Number' field using the values encoded in the prior report.
2022-10-20 12:59:37,242 - INFO - <module> : input: 30
2022-10-20 12:59:37,242 - INFO - <module> : input: 30
2022-10-20 12:59:37,242 - INFO - <module> : input: 30
2022-10-20 12:59:37,242 - INFO - <module> : input: 30
2022-10-20 12:59:42,978 - INFO - <module> : Clicked
2022-10-20 12:59:42,978 - INFO - <module> : Clicked
2022-10-20 12:59:42,978 - INFO - <module> : Clicked
2022-10-20 12:59:42,978 - INFO - <module> : Clicked
2022-10-20 12:59:50,182 - INFO - setup : Close Browser
