2022-12-22 09:08:14,514 - INFO - setup : Browser Launched!
2022-12-22 09:09:18,316 - INFO - <module> : Login to Meralco Online
2022-12-22 09:09:18,316 - INFO - <module> : Login to Meralco Online
2022-12-22 09:09:18,316 - INFO - <module> : Login to Meralco Online
2022-12-22 09:09:18,316 - INFO - <module> : Login to Meralco Online
2022-12-22 09:09:22,272 - INFO - <module> : input: EarlMO@yopmail.com
2022-12-22 09:09:22,272 - INFO - <module> : input: EarlMO@yopmail.com
2022-12-22 09:09:22,272 - INFO - <module> : input: EarlMO@yopmail.com
2022-12-22 09:09:22,272 - INFO - <module> : input: EarlMO@yopmail.com
2022-12-22 09:09:22,576 - INFO - <module> : input: Meralco01
2022-12-22 09:09:22,576 - INFO - <module> : input: Meralco01
2022-12-22 09:09:22,576 - INFO - <module> : input: Meralco01
2022-12-22 09:09:22,576 - INFO - <module> : input: Meralco01
2022-12-22 09:09:23,580 - INFO - <module> : Clicked
2022-12-22 09:09:23,580 - INFO - <module> : Clicked
2022-12-22 09:09:23,580 - INFO - <module> : Clicked
2022-12-22 09:09:23,580 - INFO - <module> : Clicked
2022-12-22 09:09:30,836 - INFO - <module> : Hello, Earl exists
2022-12-22 09:09:30,836 - INFO - <module> : Hello, Earl exists
2022-12-22 09:09:30,836 - INFO - <module> : Hello, Earl exists
2022-12-22 09:09:30,836 - INFO - <module> : Hello, Earl exists
2022-12-22 09:09:44,451 - INFO - <module> : Click on Request for a Service tile
2022-12-22 09:09:44,451 - INFO - <module> : Click on Request for a Service tile
2022-12-22 09:09:44,451 - INFO - <module> : Click on Request for a Service tile
2022-12-22 09:09:44,451 - INFO - <module> : Click on Request for a Service tile
2022-12-22 09:09:47,588 - INFO - <module> : Clicked
2022-12-22 09:09:47,588 - INFO - <module> : Clicked
2022-12-22 09:09:47,588 - INFO - <module> : Clicked
2022-12-22 09:09:47,588 - INFO - <module> : Clicked
2022-12-22 09:09:53,170 - INFO - <module> :  clicked
2022-12-22 09:09:53,170 - INFO - <module> :  clicked
2022-12-22 09:09:53,170 - INFO - <module> :  clicked
2022-12-22 09:09:53,170 - INFO - <module> :  clicked
2022-12-22 09:09:58,874 - INFO - <module> : Populate all required fields in Contact Information tab > Click Next
2022-12-22 09:09:58,874 - INFO - <module> : Populate all required fields in Contact Information tab > Click Next
2022-12-22 09:09:58,874 - INFO - <module> : Populate all required fields in Contact Information tab > Click Next
2022-12-22 09:09:58,874 - INFO - <module> : Populate all required fields in Contact Information tab > Click Next
2022-12-22 09:10:08,456 - INFO - <module> : Clicked
2022-12-22 09:10:08,456 - INFO - <module> : Clicked
2022-12-22 09:10:08,456 - INFO - <module> : Clicked
2022-12-22 09:10:08,456 - INFO - <module> : Clicked
2022-12-22 09:10:14,040 - INFO - <module> : Populate the following:
Service Address
Province
City / Municipality
Home Ownership
Billing Address Indicator
2022-12-22 09:10:14,040 - INFO - <module> : Populate the following:
Service Address
Province
City / Municipality
Home Ownership
Billing Address Indicator
2022-12-22 09:10:14,040 - INFO - <module> : Populate the following:
Service Address
Province
City / Municipality
Home Ownership
Billing Address Indicator
2022-12-22 09:10:14,040 - INFO - <module> : Populate the following:
Service Address
Province
City / Municipality
Home Ownership
Billing Address Indicator
2022-12-22 09:10:14,459 - INFO - <module> : input: 123 Santo Tomas
2022-12-22 09:10:14,459 - INFO - <module> : input: 123 Santo Tomas
2022-12-22 09:10:14,459 - INFO - <module> : input: 123 Santo Tomas
2022-12-22 09:10:14,459 - INFO - <module> : input: 123 Santo Tomas
2022-12-22 09:10:17,706 - INFO - <module> : Clicked
2022-12-22 09:10:17,706 - INFO - <module> : Clicked
2022-12-22 09:10:17,706 - INFO - <module> : Clicked
2022-12-22 09:10:17,706 - INFO - <module> : Clicked
2022-12-22 09:10:23,331 - INFO - <module> : Populate the following:
Notification indicator
AMC indicator
Paperless Billing indicator
APA indicator
> Attach documents
> Click Next
2022-12-22 09:10:23,331 - INFO - <module> : Populate the following:
Notification indicator
AMC indicator
Paperless Billing indicator
APA indicator
> Attach documents
> Click Next
2022-12-22 09:10:23,331 - INFO - <module> : Populate the following:
Notification indicator
AMC indicator
Paperless Billing indicator
APA indicator
> Attach documents
> Click Next
2022-12-22 09:10:23,331 - INFO - <module> : Populate the following:
Notification indicator
AMC indicator
Paperless Billing indicator
APA indicator
> Attach documents
> Click Next
2022-12-22 09:10:26,177 - INFO - <module> : Clicked
2022-12-22 09:10:26,177 - INFO - <module> : Clicked
2022-12-22 09:10:26,177 - INFO - <module> : Clicked
2022-12-22 09:10:26,177 - INFO - <module> : Clicked
2022-12-22 09:10:31,728 - INFO - <module> : Tick on I have read and agree to the Meralco Online Terms & Conditions and consent to the processing of my personal data in accordance with the Privacy Policy
2022-12-22 09:10:31,728 - INFO - <module> : Tick on I have read and agree to the Meralco Online Terms & Conditions and consent to the processing of my personal data in accordance with the Privacy Policy
2022-12-22 09:10:31,728 - INFO - <module> : Tick on I have read and agree to the Meralco Online Terms & Conditions and consent to the processing of my personal data in accordance with the Privacy Policy
2022-12-22 09:10:31,728 - INFO - <module> : Tick on I have read and agree to the Meralco Online Terms & Conditions and consent to the processing of my personal data in accordance with the Privacy Policy
2022-12-22 09:10:54,698 - INFO - <module> : Clicked
2022-12-22 09:10:54,698 - INFO - <module> : Clicked
2022-12-22 09:10:54,698 - INFO - <module> : Clicked
2022-12-22 09:10:54,698 - INFO - <module> : Clicked
2022-12-22 09:11:00,283 - INFO - <module> : Click Submit
2022-12-22 09:11:00,283 - INFO - <module> : Click Submit
2022-12-22 09:11:00,283 - INFO - <module> : Click Submit
2022-12-22 09:11:00,283 - INFO - <module> : Click Submit
2022-12-22 09:11:07,607 - INFO - <module> : Clicked
2022-12-22 09:11:07,607 - INFO - <module> : Clicked
2022-12-22 09:11:07,607 - INFO - <module> : Clicked
2022-12-22 09:11:07,607 - INFO - <module> : Clicked
2022-12-22 09:11:08,563 - INFO - <module> : Clicked
2022-12-22 09:11:08,563 - INFO - <module> : Clicked
2022-12-22 09:11:08,563 - INFO - <module> : Clicked
2022-12-22 09:11:08,563 - INFO - <module> : Clicked
2022-12-22 09:11:14,341 - INFO - <module> : Go to Activity Tracker page
2022-12-22 09:11:14,341 - INFO - <module> : Go to Activity Tracker page
2022-12-22 09:11:14,341 - INFO - <module> : Go to Activity Tracker page
2022-12-22 09:11:14,341 - INFO - <module> : Go to Activity Tracker page
2022-12-22 09:11:21,363 - INFO - <module> : Clicked
2022-12-22 09:11:21,363 - INFO - <module> : Clicked
2022-12-22 09:11:21,363 - INFO - <module> : Clicked
2022-12-22 09:11:21,363 - INFO - <module> : Clicked
2022-12-22 09:11:22,034 - INFO - <module> : Check if created case is included in activity tracker page
2022-12-22 09:11:22,034 - INFO - <module> : Check if created case is included in activity tracker page
2022-12-22 09:11:22,034 - INFO - <module> : Check if created case is included in activity tracker page
2022-12-22 09:11:22,034 - INFO - <module> : Check if created case is included in activity tracker page
2022-12-22 09:11:25,448 - INFO - <module> : Validate email notification
2022-12-22 09:11:25,448 - INFO - <module> : Validate email notification
2022-12-22 09:11:25,448 - INFO - <module> : Validate email notification
2022-12-22 09:11:25,448 - INFO - <module> : Validate email notification
2022-12-22 09:11:39,434 - INFO - <module> : Opened: https://yopmail.com/en/
2022-12-22 09:11:39,434 - INFO - <module> : Opened: https://yopmail.com/en/
2022-12-22 09:11:39,434 - INFO - <module> : Opened: https://yopmail.com/en/
2022-12-22 09:11:39,434 - INFO - <module> : Opened: https://yopmail.com/en/
2022-12-22 09:11:40,409 - INFO - <module> : input: EarlMO@yopmail.com
2022-12-22 09:11:40,409 - INFO - <module> : input: EarlMO@yopmail.com
2022-12-22 09:11:40,409 - INFO - <module> : input: EarlMO@yopmail.com
2022-12-22 09:11:40,409 - INFO - <module> : input: EarlMO@yopmail.com
2022-12-22 09:11:42,994 - INFO - <module> : Clicked
2022-12-22 09:11:42,994 - INFO - <module> : Clicked
2022-12-22 09:11:42,994 - INFO - <module> : Clicked
2022-12-22 09:11:42,994 - INFO - <module> : Clicked
2022-12-22 09:11:45,717 - INFO - setup : Close Browser
