2022-11-18 15:41:20,648 - INFO - setup : Browser Launched!
2022-11-18 15:41:34,269 - INFO - <module> : Opened: https://outage-api.meralco.com.ph/
2022-11-18 15:41:34,269 - INFO - <module> : Opened: https://outage-api.meralco.com.ph/
2022-11-18 15:41:34,269 - INFO - <module> : Opened: https://outage-api.meralco.com.ph/
2022-11-18 15:41:34,269 - INFO - <module> : Opened: https://outage-api.meralco.com.ph/
2022-11-18 15:41:37,866 - INFO - <module> : input: v-agsealmoy@meralco.com.ph
2022-11-18 15:41:37,866 - INFO - <module> : input: v-agsealmoy@meralco.com.ph
2022-11-18 15:41:37,866 - INFO - <module> : input: v-agsealmoy@meralco.com.ph
2022-11-18 15:41:37,866 - INFO - <module> : input: v-agsealmoy@meralco.com.ph
2022-11-18 15:41:37,962 - INFO - <module> : Clicked
2022-11-18 15:41:37,962 - INFO - <module> : Clicked
2022-11-18 15:41:37,962 - INFO - <module> : Clicked
2022-11-18 15:41:37,962 - INFO - <module> : Clicked
2022-11-18 15:41:39,099 - INFO - <module> : input: Meco@@##00018
2022-11-18 15:41:39,099 - INFO - <module> : input: Meco@@##00018
2022-11-18 15:41:39,099 - INFO - <module> : input: Meco@@##00018
2022-11-18 15:41:39,099 - INFO - <module> : input: Meco@@##00018
2022-11-18 15:41:40,032 - INFO - <module> : Clicked
2022-11-18 15:41:40,032 - INFO - <module> : Clicked
2022-11-18 15:41:40,032 - INFO - <module> : Clicked
2022-11-18 15:41:40,032 - INFO - <module> : Clicked
2022-11-18 15:41:40,671 - INFO - <module> : Clicked
2022-11-18 15:41:40,671 - INFO - <module> : Clicked
2022-11-18 15:41:40,671 - INFO - <module> : Clicked
2022-11-18 15:41:40,671 - INFO - <module> : Clicked
2022-11-18 15:42:17,677 - INFO - <module> : Clicked
2022-11-18 15:42:17,677 - INFO - <module> : Clicked
2022-11-18 15:42:17,677 - INFO - <module> : Clicked
2022-11-18 15:42:17,677 - INFO - <module> : Clicked
2022-11-18 15:42:50,937 - INFO - <module> : Zoom in using scroll wheel
2022-11-18 15:42:50,937 - INFO - <module> : Zoom in using scroll wheel
2022-11-18 15:42:50,937 - INFO - <module> : Zoom in using scroll wheel
2022-11-18 15:42:50,937 - INFO - <module> : Zoom in using scroll wheel
2022-11-18 15:42:59,730 - INFO - setup : Close Browser
