2022-10-13 10:29:20,443 - INFO - setup : Browser Launched!
2022-10-13 10:29:31,636 - INFO - <module> : Go to External Map 
2022-10-13 10:29:31,636 - INFO - <module> : Go to External Map 
2022-10-13 10:29:31,636 - INFO - <module> : Go to External Map 
2022-10-13 10:29:31,636 - INFO - <module> : Go to External Map 
2022-10-13 10:29:31,825 - INFO - <module> : input: atmooutageaccount@yopmail.com
2022-10-13 10:29:31,825 - INFO - <module> : input: atmooutageaccount@yopmail.com
2022-10-13 10:29:31,825 - INFO - <module> : input: atmooutageaccount@yopmail.com
2022-10-13 10:29:31,825 - INFO - <module> : input: atmooutageaccount@yopmail.com
2022-10-13 10:29:31,902 - INFO - <module> : input: Meralco01
2022-10-13 10:29:31,902 - INFO - <module> : input: Meralco01
2022-10-13 10:29:31,902 - INFO - <module> : input: Meralco01
2022-10-13 10:29:31,902 - INFO - <module> : input: Meralco01
2022-10-13 10:29:31,962 - INFO - <module> : Log in clicked
2022-10-13 10:29:31,962 - INFO - <module> : Log in clicked
2022-10-13 10:29:31,962 - INFO - <module> : Log in clicked
2022-10-13 10:29:31,962 - INFO - <module> : Log in clicked
2022-10-13 10:29:36,798 - INFO - <module> : Hello, exists
2022-10-13 10:29:36,798 - INFO - <module> : Hello, exists
2022-10-13 10:29:36,798 - INFO - <module> : Hello, exists
2022-10-13 10:29:36,798 - INFO - <module> : Hello, exists
2022-10-13 10:29:36,819 - INFO - <module> : Hello, exists
2022-10-13 10:29:36,819 - INFO - <module> : Hello, exists
2022-10-13 10:29:36,819 - INFO - <module> : Hello, exists
2022-10-13 10:29:36,819 - INFO - <module> : Hello, exists
2022-10-13 10:29:39,079 - INFO - <module> : Outages & Incidents clicked
2022-10-13 10:29:39,079 - INFO - <module> : Outages & Incidents clicked
2022-10-13 10:29:39,079 - INFO - <module> : Outages & Incidents clicked
2022-10-13 10:29:39,079 - INFO - <module> : Outages & Incidents clicked
2022-10-13 10:29:39,125 - INFO - <module> :  clicked
2022-10-13 10:29:39,125 - INFO - <module> :  clicked
2022-10-13 10:29:39,125 - INFO - <module> :  clicked
2022-10-13 10:29:39,125 - INFO - <module> :  clicked
2022-10-13 10:30:10,305 - ERROR - <module> : Cannot Locate: location_message
2022-10-13 10:30:10,305 - ERROR - <module> : Cannot Locate: location_message
2022-10-13 10:30:10,305 - ERROR - <module> : Cannot Locate: location_message
2022-10-13 10:30:10,305 - ERROR - <module> : Cannot Locate: location_message
2022-10-13 10:30:10,339 - INFO - setup : Close Browser
