2023-01-11 09:30:54,275 - INFO - setup : Browser Launched!
2023-01-11 09:31:06,847 - INFO - <module> : Go to Outages & Incidents > Report Streetlight And Safety Concerns
2023-01-11 09:31:06,847 - INFO - <module> : Go to Outages & Incidents > Report Streetlight And Safety Concerns
2023-01-11 09:31:06,847 - INFO - <module> : Go to Outages & Incidents > Report Streetlight And Safety Concerns
2023-01-11 09:31:06,847 - INFO - <module> : Go to Outages & Incidents > Report Streetlight And Safety Concerns
2023-01-11 09:31:06,847 - INFO - <module> : Go to Outages & Incidents > Report Streetlight And Safety Concerns
2023-01-11 09:31:12,974 - INFO - <module> : Opened: https://fuat-meralco.cs73.force.com/customers/s/outagemap
2023-01-11 09:31:12,974 - INFO - <module> : Opened: https://fuat-meralco.cs73.force.com/customers/s/outagemap
2023-01-11 09:31:12,974 - INFO - <module> : Opened: https://fuat-meralco.cs73.force.com/customers/s/outagemap
2023-01-11 09:31:12,974 - INFO - <module> : Opened: https://fuat-meralco.cs73.force.com/customers/s/outagemap
2023-01-11 09:31:12,974 - INFO - <module> : Opened: https://fuat-meralco.cs73.force.com/customers/s/outagemap
2023-01-11 09:31:16,002 - INFO - <module> : Meralco would like to access your location to identify if your area is affected by an outage. exists
2023-01-11 09:31:16,002 - INFO - <module> : Meralco would like to access your location to identify if your area is affected by an outage. exists
2023-01-11 09:31:16,002 - INFO - <module> : Meralco would like to access your location to identify if your area is affected by an outage. exists
2023-01-11 09:31:16,002 - INFO - <module> : Meralco would like to access your location to identify if your area is affected by an outage. exists
2023-01-11 09:31:16,002 - INFO - <module> : Meralco would like to access your location to identify if your area is affected by an outage. exists
2023-01-11 09:31:18,110 - INFO - <module> : Clicked
2023-01-11 09:31:18,110 - INFO - <module> : Clicked
2023-01-11 09:31:18,110 - INFO - <module> : Clicked
2023-01-11 09:31:18,110 - INFO - <module> : Clicked
2023-01-11 09:31:18,110 - INFO - <module> : Clicked
2023-01-11 09:31:22,195 - INFO - <module> : Clicked
2023-01-11 09:31:22,195 - INFO - <module> : Clicked
2023-01-11 09:31:22,195 - INFO - <module> : Clicked
2023-01-11 09:31:22,195 - INFO - <module> : Clicked
2023-01-11 09:31:22,195 - INFO - <module> : Clicked
2023-01-11 09:31:35,395 - INFO - <module> : Report an Outage or Incident exists
2023-01-11 09:31:35,395 - INFO - <module> : Report an Outage or Incident exists
2023-01-11 09:31:35,395 - INFO - <module> : Report an Outage or Incident exists
2023-01-11 09:31:35,395 - INFO - <module> : Report an Outage or Incident exists
2023-01-11 09:31:35,395 - INFO - <module> : Report an Outage or Incident exists
2023-01-11 09:31:35,452 - INFO - <module> : Clicked
2023-01-11 09:31:35,452 - INFO - <module> : Clicked
2023-01-11 09:31:35,452 - INFO - <module> : Clicked
2023-01-11 09:31:35,452 - INFO - <module> : Clicked
2023-01-11 09:31:35,452 - INFO - <module> : Clicked
2023-01-11 09:31:49,938 - INFO - setup : Close Browser
