2022-10-19 15:36:17,904 - INFO - setup : Browser Launched!
2022-10-19 15:36:29,024 - INFO - <module> : Access outage reporting form for Guest users.
2022-10-19 15:36:29,024 - INFO - <module> : Access outage reporting form for Guest users.
2022-10-19 15:36:29,024 - INFO - <module> : Access outage reporting form for Guest users.
2022-10-19 15:36:29,024 - INFO - <module> : Access outage reporting form for Guest users.
2022-10-19 15:36:31,589 - INFO - <module> : Opened: https://fuat-meralco.cs73.force.com/customers/s/outagemap
2022-10-19 15:36:31,589 - INFO - <module> : Opened: https://fuat-meralco.cs73.force.com/customers/s/outagemap
2022-10-19 15:36:31,589 - INFO - <module> : Opened: https://fuat-meralco.cs73.force.com/customers/s/outagemap
2022-10-19 15:36:31,589 - INFO - <module> : Opened: https://fuat-meralco.cs73.force.com/customers/s/outagemap
2022-10-19 15:36:36,619 - INFO - <module> : Meralco would like to access your location to identify if your area is affected by an outage. exists
2022-10-19 15:36:36,619 - INFO - <module> : Meralco would like to access your location to identify if your area is affected by an outage. exists
2022-10-19 15:36:36,619 - INFO - <module> : Meralco would like to access your location to identify if your area is affected by an outage. exists
2022-10-19 15:36:36,619 - INFO - <module> : Meralco would like to access your location to identify if your area is affected by an outage. exists
2022-10-19 15:36:38,760 - INFO - <module> : Clicked
2022-10-19 15:36:38,760 - INFO - <module> : Clicked
2022-10-19 15:36:38,760 - INFO - <module> : Clicked
2022-10-19 15:36:38,760 - INFO - <module> : Clicked
2022-10-19 15:36:42,860 - INFO - <module> : Clicked
2022-10-19 15:36:42,860 - INFO - <module> : Clicked
2022-10-19 15:36:42,860 - INFO - <module> : Clicked
2022-10-19 15:36:42,860 - INFO - <module> : Clicked
2022-10-19 15:36:50,928 - INFO - <module> : Report an Outage or Incident exists
2022-10-19 15:36:50,928 - INFO - <module> : Report an Outage or Incident exists
2022-10-19 15:36:50,928 - INFO - <module> : Report an Outage or Incident exists
2022-10-19 15:36:50,928 - INFO - <module> : Report an Outage or Incident exists
2022-10-19 15:36:54,012 - INFO - <module> : Choose 'Streetlight Concern' from the 'What are you reporting?' option.
2022-10-19 15:36:54,012 - INFO - <module> : Choose 'Streetlight Concern' from the 'What are you reporting?' option.
2022-10-19 15:36:54,012 - INFO - <module> : Choose 'Streetlight Concern' from the 'What are you reporting?' option.
2022-10-19 15:36:54,012 - INFO - <module> : Choose 'Streetlight Concern' from the 'What are you reporting?' option.
2022-10-19 15:36:54,111 - INFO - <module> : Clicked
2022-10-19 15:36:54,111 - INFO - <module> : Clicked
2022-10-19 15:36:54,111 - INFO - <module> : Clicked
2022-10-19 15:36:54,111 - INFO - <module> : Clicked
2022-10-19 15:36:57,448 - INFO - <module> : Choose 'Yes' from the options.
2022-10-19 15:36:57,448 - INFO - <module> : Choose 'Yes' from the options.
2022-10-19 15:36:57,448 - INFO - <module> : Choose 'Yes' from the options.
2022-10-19 15:36:57,448 - INFO - <module> : Choose 'Yes' from the options.
2022-10-19 15:36:57,556 - INFO - <module> : Clicked
2022-10-19 15:36:57,556 - INFO - <module> : Clicked
2022-10-19 15:36:57,556 - INFO - <module> : Clicked
2022-10-19 15:36:57,556 - INFO - <module> : Clicked
2022-10-19 15:37:00,500 - INFO - <module> : Click the dropdown field for Q2.
2022-10-19 15:37:00,500 - INFO - <module> : Click the dropdown field for Q2.
2022-10-19 15:37:00,500 - INFO - <module> : Click the dropdown field for Q2.
2022-10-19 15:37:00,500 - INFO - <module> : Click the dropdown field for Q2.
2022-10-19 15:37:00,581 - INFO - <module> : Clicked
2022-10-19 15:37:00,581 - INFO - <module> : Clicked
2022-10-19 15:37:00,581 - INFO - <module> : Clicked
2022-10-19 15:37:00,581 - INFO - <module> : Clicked
2022-10-19 15:37:03,830 - INFO - <module> : Choose 'Streetlight is always on, even during daytime' from the option.
2022-10-19 15:37:03,830 - INFO - <module> : Choose 'Streetlight is always on, even during daytime' from the option.
2022-10-19 15:37:03,830 - INFO - <module> : Choose 'Streetlight is always on, even during daytime' from the option.
2022-10-19 15:37:03,830 - INFO - <module> : Choose 'Streetlight is always on, even during daytime' from the option.
2022-10-19 15:37:04,029 - INFO - <module> : Clicked
2022-10-19 15:37:04,029 - INFO - <module> : Clicked
2022-10-19 15:37:04,029 - INFO - <module> : Clicked
2022-10-19 15:37:04,029 - INFO - <module> : Clicked
2022-10-19 15:37:07,265 - INFO - <module> : Populate the following fields by selecting from one of the picklist values, as applicable:
- Province
- City/Municipality
- Barangay
- Subdivision
- Street
- House/Unit No./ Floor/ Building
2022-10-19 15:37:07,265 - INFO - <module> : Populate the following fields by selecting from one of the picklist values, as applicable:
- Province
- City/Municipality
- Barangay
- Subdivision
- Street
- House/Unit No./ Floor/ Building
2022-10-19 15:37:07,265 - INFO - <module> : Populate the following fields by selecting from one of the picklist values, as applicable:
- Province
- City/Municipality
- Barangay
- Subdivision
- Street
- House/Unit No./ Floor/ Building
2022-10-19 15:37:07,265 - INFO - <module> : Populate the following fields by selecting from one of the picklist values, as applicable:
- Province
- City/Municipality
- Barangay
- Subdivision
- Street
- House/Unit No./ Floor/ Building
2022-10-19 15:37:07,407 - INFO - <module> : Clicked
2022-10-19 15:37:07,407 - INFO - <module> : Clicked
2022-10-19 15:37:07,407 - INFO - <module> : Clicked
2022-10-19 15:37:07,407 - INFO - <module> : Clicked
2022-10-19 15:37:07,992 - INFO - <module> : Clicked
2022-10-19 15:37:07,992 - INFO - <module> : Clicked
2022-10-19 15:37:07,992 - INFO - <module> : Clicked
2022-10-19 15:37:07,992 - INFO - <module> : Clicked
2022-10-19 15:37:08,562 - INFO - <module> : Clicked
2022-10-19 15:37:08,562 - INFO - <module> : Clicked
2022-10-19 15:37:08,562 - INFO - <module> : Clicked
2022-10-19 15:37:08,562 - INFO - <module> : Clicked
2022-10-19 15:37:09,117 - INFO - <module> : Clicked
2022-10-19 15:37:09,117 - INFO - <module> : Clicked
2022-10-19 15:37:09,117 - INFO - <module> : Clicked
2022-10-19 15:37:09,117 - INFO - <module> : Clicked
2022-10-19 15:37:09,689 - INFO - <module> : Clicked
2022-10-19 15:37:09,689 - INFO - <module> : Clicked
2022-10-19 15:37:09,689 - INFO - <module> : Clicked
2022-10-19 15:37:09,689 - INFO - <module> : Clicked
2022-10-19 15:37:09,781 - INFO - <module> : input: 123
2022-10-19 15:37:09,781 - INFO - <module> : input: 123
2022-10-19 15:37:09,781 - INFO - <module> : input: 123
2022-10-19 15:37:09,781 - INFO - <module> : input: 123
2022-10-19 15:37:12,724 - INFO - <module> : Populate 'Pole Number' field.
Note: There should be no pending case associated to the encoded Pole Number.
2022-10-19 15:37:12,724 - INFO - <module> : Populate 'Pole Number' field.
Note: There should be no pending case associated to the encoded Pole Number.
2022-10-19 15:37:12,724 - INFO - <module> : Populate 'Pole Number' field.
Note: There should be no pending case associated to the encoded Pole Number.
2022-10-19 15:37:12,724 - INFO - <module> : Populate 'Pole Number' field.
Note: There should be no pending case associated to the encoded Pole Number.
2022-10-19 15:37:12,858 - INFO - <module> : input: 12
2022-10-19 15:37:12,858 - INFO - <module> : input: 12
2022-10-19 15:37:12,858 - INFO - <module> : input: 12
2022-10-19 15:37:12,858 - INFO - <module> : input: 12
2022-10-19 15:37:16,007 - INFO - <module> : Select the 'Landmarks/Directions' option and input values in the text box.
2022-10-19 15:37:16,007 - INFO - <module> : Select the 'Landmarks/Directions' option and input values in the text box.
2022-10-19 15:37:16,007 - INFO - <module> : Select the 'Landmarks/Directions' option and input values in the text box.
2022-10-19 15:37:16,007 - INFO - <module> : Select the 'Landmarks/Directions' option and input values in the text box.
2022-10-19 15:37:16,118 - INFO - <module> : Clicked
2022-10-19 15:37:16,118 - INFO - <module> : Clicked
2022-10-19 15:37:16,118 - INFO - <module> : Clicked
2022-10-19 15:37:16,118 - INFO - <module> : Clicked
2022-10-19 15:37:46,328 - ERROR - <module> : Cannot Locate: landmark_text
2022-10-19 15:37:46,328 - ERROR - <module> : Cannot Locate: landmark_text
2022-10-19 15:37:46,328 - ERROR - <module> : Cannot Locate: landmark_text
2022-10-19 15:37:46,328 - ERROR - <module> : Cannot Locate: landmark_text
2022-10-19 15:37:46,375 - INFO - setup : Close Browser
