2022-11-23 15:35:04,329 - INFO - setup : Browser Launched!
2022-11-23 15:35:12,512 - INFO - <module> : Opened: https://fuat-meralco.cs73.force.com/customers/s/contact
2022-11-23 15:35:12,512 - INFO - <module> : Opened: https://fuat-meralco.cs73.force.com/customers/s/contact
2022-11-23 15:35:12,512 - INFO - <module> : Opened: https://fuat-meralco.cs73.force.com/customers/s/contact
2022-11-23 15:35:12,512 - INFO - <module> : Opened: https://fuat-meralco.cs73.force.com/customers/s/contact
2022-11-23 15:35:13,268 - INFO - <module> : Clicked
2022-11-23 15:35:13,268 - INFO - <module> : Clicked
2022-11-23 15:35:13,268 - INFO - <module> : Clicked
2022-11-23 15:35:13,268 - INFO - <module> : Clicked
2022-11-23 15:35:26,617 - INFO - <module> :  exists
2022-11-23 15:35:26,617 - INFO - <module> :  exists
2022-11-23 15:35:26,617 - INFO - <module> :  exists
2022-11-23 15:35:26,617 - INFO - <module> :  exists
2022-11-23 15:35:30,461 - INFO - <module> : input: 3535100272
2022-11-23 15:35:30,461 - INFO - <module> : input: 3535100272
2022-11-23 15:35:30,461 - INFO - <module> : input: 3535100272
2022-11-23 15:35:30,461 - INFO - <module> : input: 3535100272
2022-11-23 15:35:30,532 - INFO - <module> : input: automation
2022-11-23 15:35:30,532 - INFO - <module> : input: automation
2022-11-23 15:35:30,532 - INFO - <module> : input: automation
2022-11-23 15:35:30,532 - INFO - <module> : input: automation
2022-11-23 15:35:30,588 - INFO - <module> : input: outage
2022-11-23 15:35:30,588 - INFO - <module> : input: outage
2022-11-23 15:35:30,588 - INFO - <module> : input: outage
2022-11-23 15:35:30,588 - INFO - <module> : input: outage
2022-11-23 15:35:30,679 - INFO - <module> : input: atconcernsingle@yopmail.com
2022-11-23 15:35:30,679 - INFO - <module> : input: atconcernsingle@yopmail.com
2022-11-23 15:35:30,679 - INFO - <module> : input: atconcernsingle@yopmail.com
2022-11-23 15:35:30,679 - INFO - <module> : input: atconcernsingle@yopmail.com
2022-11-23 15:35:30,743 - INFO - <module> : input: +639758880795
2022-11-23 15:35:30,743 - INFO - <module> : input: +639758880795
2022-11-23 15:35:30,743 - INFO - <module> : input: +639758880795
2022-11-23 15:35:30,743 - INFO - <module> : input: +639758880795
2022-11-23 15:35:30,820 - INFO - <module> : input: Sample Remarks
2022-11-23 15:35:30,820 - INFO - <module> : input: Sample Remarks
2022-11-23 15:35:30,820 - INFO - <module> : input: Sample Remarks
2022-11-23 15:35:30,820 - INFO - <module> : input: Sample Remarks
2022-11-23 15:35:30,870 - INFO - <module> : input: Sample Remarks
2022-11-23 15:35:30,870 - INFO - <module> : input: Sample Remarks
2022-11-23 15:35:30,870 - INFO - <module> : input: Sample Remarks
2022-11-23 15:35:30,870 - INFO - <module> : input: Sample Remarks
2022-11-23 15:35:33,896 - INFO - <module> : Clicked
2022-11-23 15:35:33,896 - INFO - <module> : Clicked
2022-11-23 15:35:33,896 - INFO - <module> : Clicked
2022-11-23 15:35:33,896 - INFO - <module> : Clicked
2022-11-23 15:35:43,098 - INFO - <module> : Opened: https://fuat-meralco.cs73.force.com/customers/s/concernstatus
2022-11-23 15:35:43,098 - INFO - <module> : Opened: https://fuat-meralco.cs73.force.com/customers/s/concernstatus
2022-11-23 15:35:43,098 - INFO - <module> : Opened: https://fuat-meralco.cs73.force.com/customers/s/concernstatus
2022-11-23 15:35:43,098 - INFO - <module> : Opened: https://fuat-meralco.cs73.force.com/customers/s/concernstatus
2022-11-23 15:35:43,891 - INFO - <module> : input: 22112251408
2022-11-23 15:35:43,891 - INFO - <module> : input: 22112251408
2022-11-23 15:35:43,891 - INFO - <module> : input: 22112251408
2022-11-23 15:35:43,891 - INFO - <module> : input: 22112251408
2022-11-23 15:35:43,949 - INFO - <module> : input: outage
2022-11-23 15:35:43,949 - INFO - <module> : input: outage
2022-11-23 15:35:43,949 - INFO - <module> : input: outage
2022-11-23 15:35:43,949 - INFO - <module> : input: outage
2022-11-23 15:35:43,993 - INFO - <module> : Clicked
2022-11-23 15:35:43,993 - INFO - <module> : Clicked
2022-11-23 15:35:43,993 - INFO - <module> : Clicked
2022-11-23 15:35:43,993 - INFO - <module> : Clicked
2022-11-23 15:35:49,988 - INFO - <module> : Opened: https://yopmail.com/en/
2022-11-23 15:35:49,988 - INFO - <module> : Opened: https://yopmail.com/en/
2022-11-23 15:35:49,988 - INFO - <module> : Opened: https://yopmail.com/en/
2022-11-23 15:35:49,988 - INFO - <module> : Opened: https://yopmail.com/en/
2022-11-23 15:35:50,163 - INFO - <module> : input: atconcernsingle@yopmail.com
2022-11-23 15:35:50,163 - INFO - <module> : input: atconcernsingle@yopmail.com
2022-11-23 15:35:50,163 - INFO - <module> : input: atconcernsingle@yopmail.com
2022-11-23 15:35:50,163 - INFO - <module> : input: atconcernsingle@yopmail.com
2022-11-23 15:35:51,752 - INFO - <module> : Clicked
2022-11-23 15:35:51,752 - INFO - <module> : Clicked
2022-11-23 15:35:51,752 - INFO - <module> : Clicked
2022-11-23 15:35:51,752 - INFO - <module> : Clicked
2022-11-23 15:35:54,031 - INFO - setup : Close Browser
