2022-11-18 15:35:51,819 - INFO - setup : Browser Launched!
2022-11-18 15:36:02,533 - INFO - <module> : Opened: https://outage-api.meralco.com.ph/
2022-11-18 15:36:02,533 - INFO - <module> : Opened: https://outage-api.meralco.com.ph/
2022-11-18 15:36:02,533 - INFO - <module> : Opened: https://outage-api.meralco.com.ph/
2022-11-18 15:36:02,533 - INFO - <module> : Opened: https://outage-api.meralco.com.ph/
2022-11-18 15:36:05,683 - INFO - <module> : input: v-agsealmoy@meralco.com.ph
2022-11-18 15:36:05,683 - INFO - <module> : input: v-agsealmoy@meralco.com.ph
2022-11-18 15:36:05,683 - INFO - <module> : input: v-agsealmoy@meralco.com.ph
2022-11-18 15:36:05,683 - INFO - <module> : input: v-agsealmoy@meralco.com.ph
2022-11-18 15:36:05,791 - INFO - <module> : Clicked
2022-11-18 15:36:05,791 - INFO - <module> : Clicked
2022-11-18 15:36:05,791 - INFO - <module> : Clicked
2022-11-18 15:36:05,791 - INFO - <module> : Clicked
2022-11-18 15:36:07,017 - INFO - <module> : input: Meco@@##00018
2022-11-18 15:36:07,017 - INFO - <module> : input: Meco@@##00018
2022-11-18 15:36:07,017 - INFO - <module> : input: Meco@@##00018
2022-11-18 15:36:07,017 - INFO - <module> : input: Meco@@##00018
2022-11-18 15:36:07,632 - INFO - <module> : Clicked
2022-11-18 15:36:07,632 - INFO - <module> : Clicked
2022-11-18 15:36:07,632 - INFO - <module> : Clicked
2022-11-18 15:36:07,632 - INFO - <module> : Clicked
2022-11-18 15:36:08,284 - INFO - <module> : Clicked
2022-11-18 15:36:08,284 - INFO - <module> : Clicked
2022-11-18 15:36:08,284 - INFO - <module> : Clicked
2022-11-18 15:36:08,284 - INFO - <module> : Clicked
2022-11-18 15:36:36,428 - INFO - <module> : Clicked
2022-11-18 15:36:36,428 - INFO - <module> : Clicked
2022-11-18 15:36:36,428 - INFO - <module> : Clicked
2022-11-18 15:36:36,428 - INFO - <module> : Clicked
2022-11-18 15:37:10,135 - INFO - <module> : Zoom in using scroll wheel
2022-11-18 15:37:10,135 - INFO - <module> : Zoom in using scroll wheel
2022-11-18 15:37:10,135 - INFO - <module> : Zoom in using scroll wheel
2022-11-18 15:37:10,135 - INFO - <module> : Zoom in using scroll wheel
2022-11-18 15:37:10,417 - INFO - setup : Close Browser
