2023-01-12 13:35:12,423 - INFO - setup : Browser Launched!
2023-01-12 13:35:54,197 - INFO - <module> : Clicked
2023-01-12 13:35:54,197 - INFO - <module> : Clicked
2023-01-12 13:35:54,197 - INFO - <module> : Clicked
2023-01-12 13:35:54,197 - INFO - <module> : Clicked
2023-01-12 13:35:54,197 - INFO - <module> : Clicked
2023-01-12 13:36:03,628 - INFO - <module> : input: arcebido.earljohn@gmail.com
2023-01-12 13:36:03,628 - INFO - <module> : input: arcebido.earljohn@gmail.com
2023-01-12 13:36:03,628 - INFO - <module> : input: arcebido.earljohn@gmail.com
2023-01-12 13:36:03,628 - INFO - <module> : input: arcebido.earljohn@gmail.com
2023-01-12 13:36:03,628 - INFO - <module> : input: arcebido.earljohn@gmail.com
2023-01-12 13:36:04,882 - INFO - <module> : Clicked
2023-01-12 13:36:04,882 - INFO - <module> : Clicked
2023-01-12 13:36:04,882 - INFO - <module> : Clicked
2023-01-12 13:36:04,882 - INFO - <module> : Clicked
2023-01-12 13:36:04,882 - INFO - <module> : Clicked
2023-01-12 13:36:06,649 - INFO - <module> : input: Eja09202903164!
2023-01-12 13:36:06,649 - INFO - <module> : input: Eja09202903164!
2023-01-12 13:36:06,649 - INFO - <module> : input: Eja09202903164!
2023-01-12 13:36:06,649 - INFO - <module> : input: Eja09202903164!
2023-01-12 13:36:06,649 - INFO - <module> : input: Eja09202903164!
2023-01-12 13:36:09,101 - INFO - <module> : Clicked
2023-01-12 13:36:09,101 - INFO - <module> : Clicked
2023-01-12 13:36:09,101 - INFO - <module> : Clicked
2023-01-12 13:36:09,101 - INFO - <module> : Clicked
2023-01-12 13:36:09,101 - INFO - <module> : Clicked
2023-01-12 13:36:41,667 - INFO - <module> : input: 9234567891
2023-01-12 13:36:41,667 - INFO - <module> : input: 9234567891
2023-01-12 13:36:41,667 - INFO - <module> : input: 9234567891
2023-01-12 13:36:41,667 - INFO - <module> : input: 9234567891
2023-01-12 13:36:41,667 - INFO - <module> : input: 9234567891
2023-01-12 13:36:42,046 - INFO - <module> : input: 3534057721
2023-01-12 13:36:42,046 - INFO - <module> : input: 3534057721
2023-01-12 13:36:42,046 - INFO - <module> : input: 3534057721
2023-01-12 13:36:42,046 - INFO - <module> : input: 3534057721
2023-01-12 13:36:42,046 - INFO - <module> : input: 3534057721
2023-01-12 13:36:42,218 - INFO - <module> : input: 400
2023-01-12 13:36:42,218 - INFO - <module> : input: 400
2023-01-12 13:36:42,218 - INFO - <module> : input: 400
2023-01-12 13:36:42,218 - INFO - <module> : input: 400
2023-01-12 13:36:42,218 - INFO - <module> : input: 400
2023-01-12 13:36:43,258 - INFO - <module> : input: 12/13/2022
2023-01-12 13:36:43,258 - INFO - <module> : input: 12/13/2022
2023-01-12 13:36:43,258 - INFO - <module> : input: 12/13/2022
2023-01-12 13:36:43,258 - INFO - <module> : input: 12/13/2022
2023-01-12 13:36:43,258 - INFO - <module> : input: 12/13/2022
2023-01-12 13:36:47,499 - INFO - setup : Close Browser
