2022-10-27 13:47:16,735 - INFO - setup : Browser Launched!
2022-10-27 13:47:28,950 - INFO - <module> : Go to Map Displays -> Establishment -> Tick Vital Customers
2022-10-27 13:47:28,950 - INFO - <module> : Go to Map Displays -> Establishment -> Tick Vital Customers
2022-10-27 13:47:28,950 - INFO - <module> : Go to Map Displays -> Establishment -> Tick Vital Customers
2022-10-27 13:47:28,950 - INFO - <module> : Go to Map Displays -> Establishment -> Tick Vital Customers
2022-10-27 13:47:30,350 - INFO - <module> : Opened: https://outage-api.meralco.com.ph/
2022-10-27 13:47:30,350 - INFO - <module> : Opened: https://outage-api.meralco.com.ph/
2022-10-27 13:47:30,350 - INFO - <module> : Opened: https://outage-api.meralco.com.ph/
2022-10-27 13:47:30,350 - INFO - <module> : Opened: https://outage-api.meralco.com.ph/
2022-10-27 13:47:31,089 - INFO - <module> : input: v-lvlgalvez@meralco.com.ph
2022-10-27 13:47:31,089 - INFO - <module> : input: v-lvlgalvez@meralco.com.ph
2022-10-27 13:47:31,089 - INFO - <module> : input: v-lvlgalvez@meralco.com.ph
2022-10-27 13:47:31,089 - INFO - <module> : input: v-lvlgalvez@meralco.com.ph
2022-10-27 13:47:31,156 - INFO - <module> : Clicked
2022-10-27 13:47:31,156 - INFO - <module> : Clicked
2022-10-27 13:47:31,156 - INFO - <module> : Clicked
2022-10-27 13:47:31,156 - INFO - <module> : Clicked
2022-10-27 13:47:32,241 - INFO - <module> : input: Mecopass@@!!129
2022-10-27 13:47:32,241 - INFO - <module> : input: Mecopass@@!!129
2022-10-27 13:47:32,241 - INFO - <module> : input: Mecopass@@!!129
2022-10-27 13:47:32,241 - INFO - <module> : input: Mecopass@@!!129
2022-10-27 13:47:32,696 - INFO - <module> : Clicked
2022-10-27 13:47:32,696 - INFO - <module> : Clicked
2022-10-27 13:47:32,696 - INFO - <module> : Clicked
2022-10-27 13:47:32,696 - INFO - <module> : Clicked
2022-10-27 13:47:33,299 - INFO - <module> : Clicked
2022-10-27 13:47:33,299 - INFO - <module> : Clicked
2022-10-27 13:47:33,299 - INFO - <module> : Clicked
2022-10-27 13:47:33,299 - INFO - <module> : Clicked
2022-10-27 13:48:02,554 - INFO - <module> : Clicked
2022-10-27 13:48:02,554 - INFO - <module> : Clicked
2022-10-27 13:48:02,554 - INFO - <module> : Clicked
2022-10-27 13:48:02,554 - INFO - <module> : Clicked
2022-10-27 13:48:06,627 - INFO - <module> :  clicked
2022-10-27 13:48:06,627 - INFO - <module> :  clicked
2022-10-27 13:48:06,627 - INFO - <module> :  clicked
2022-10-27 13:48:06,627 - INFO - <module> :  clicked
2022-10-27 13:48:06,764 - INFO - <module> : Map Displays clicked
2022-10-27 13:48:06,764 - INFO - <module> : Map Displays clicked
2022-10-27 13:48:06,764 - INFO - <module> : Map Displays clicked
2022-10-27 13:48:06,764 - INFO - <module> : Map Displays clicked
2022-10-27 13:48:07,363 - INFO - <module> :  clicked
2022-10-27 13:48:07,363 - INFO - <module> :  clicked
2022-10-27 13:48:07,363 - INFO - <module> :  clicked
2022-10-27 13:48:07,363 - INFO - <module> :  clicked
2022-10-27 13:48:30,456 - INFO - <module> : Click on any Vital Customer pin
2022-10-27 13:48:30,456 - INFO - <module> : Click on any Vital Customer pin
2022-10-27 13:48:30,456 - INFO - <module> : Click on any Vital Customer pin
2022-10-27 13:48:30,456 - INFO - <module> : Click on any Vital Customer pin
2022-10-27 13:49:00,528 - ERROR - <module> : Cannot Locate: vital_pin
2022-10-27 13:49:00,528 - ERROR - <module> : Cannot Locate: vital_pin
2022-10-27 13:49:00,528 - ERROR - <module> : Cannot Locate: vital_pin
2022-10-27 13:49:00,528 - ERROR - <module> : Cannot Locate: vital_pin
2022-10-27 13:49:00,582 - INFO - setup : Close Browser
