2023-01-03 15:04:48,293 - INFO - setup : Browser Launched!
2023-01-03 15:05:16,043 - INFO - <module> : input: atconcernsingle@yopmail.com
2023-01-03 15:05:16,043 - INFO - <module> : input: atconcernsingle@yopmail.com
2023-01-03 15:05:16,043 - INFO - <module> : input: atconcernsingle@yopmail.com
2023-01-03 15:05:16,043 - INFO - <module> : input: atconcernsingle@yopmail.com
2023-01-03 15:05:16,549 - INFO - <module> : input: Meralco01
2023-01-03 15:05:16,549 - INFO - <module> : input: Meralco01
2023-01-03 15:05:16,549 - INFO - <module> : input: Meralco01
2023-01-03 15:05:16,549 - INFO - <module> : input: Meralco01
2023-01-03 15:05:17,400 - INFO - <module> : Clicked
2023-01-03 15:05:17,400 - INFO - <module> : Clicked
2023-01-03 15:05:17,400 - INFO - <module> : Clicked
2023-01-03 15:05:17,400 - INFO - <module> : Clicked
2023-01-03 15:05:24,004 - INFO - <module> : Hello, exists
2023-01-03 15:05:24,004 - INFO - <module> : Hello, exists
2023-01-03 15:05:24,004 - INFO - <module> : Hello, exists
2023-01-03 15:05:24,004 - INFO - <module> : Hello, exists
2023-01-03 15:05:36,963 - INFO - <module> : Accounts clicked
2023-01-03 15:05:36,963 - INFO - <module> : Accounts clicked
2023-01-03 15:05:36,963 - INFO - <module> : Accounts clicked
2023-01-03 15:05:36,963 - INFO - <module> : Accounts clicked
2023-01-03 15:05:37,116 - INFO - <module> :  clicked
2023-01-03 15:05:37,116 - INFO - <module> :  clicked
2023-01-03 15:05:37,116 - INFO - <module> :  clicked
2023-01-03 15:05:37,116 - INFO - <module> :  clicked
2023-01-03 15:05:46,354 - INFO - <module> : Clicked
2023-01-03 15:05:46,354 - INFO - <module> : Clicked
2023-01-03 15:05:46,354 - INFO - <module> : Clicked
2023-01-03 15:05:46,354 - INFO - <module> : Clicked
2023-01-03 15:05:54,827 - INFO - <module> : Clicked
2023-01-03 15:05:54,827 - INFO - <module> : Clicked
2023-01-03 15:05:54,827 - INFO - <module> : Clicked
2023-01-03 15:05:54,827 - INFO - <module> : Clicked
2023-01-03 15:05:58,057 - INFO - setup : Close Browser
