2022-10-13 08:07:13,036 - INFO - setup : Browser Launched!
2022-10-13 08:07:25,134 - INFO - <module> : Go to External Map 
2022-10-13 08:07:25,134 - INFO - <module> : Go to External Map 
2022-10-13 08:07:25,134 - INFO - <module> : Go to External Map 
2022-10-13 08:07:28,009 - INFO - <module> : Opened: https://fuat-meralco.cs73.force.com/customers/s/outagemap
2022-10-13 08:07:28,009 - INFO - <module> : Opened: https://fuat-meralco.cs73.force.com/customers/s/outagemap
2022-10-13 08:07:28,009 - INFO - <module> : Opened: https://fuat-meralco.cs73.force.com/customers/s/outagemap
2022-10-13 08:07:33,590 - INFO - <module> : Meralco would like to access your location to identify if your area is affected by an outage. exists
2022-10-13 08:07:33,590 - INFO - <module> : Meralco would like to access your location to identify if your area is affected by an outage. exists
2022-10-13 08:07:33,590 - INFO - <module> : Meralco would like to access your location to identify if your area is affected by an outage. exists
2022-10-13 08:07:36,409 - INFO - <module> : Select weather information to be displayed
2022-10-13 08:07:36,409 - INFO - <module> : Select weather information to be displayed
2022-10-13 08:07:36,409 - INFO - <module> : Select weather information to be displayed
2022-10-13 08:07:36,521 - INFO - <module> : Disagree clicked
2022-10-13 08:07:36,521 - INFO - <module> : Disagree clicked
2022-10-13 08:07:36,521 - INFO - <module> : Disagree clicked
2022-10-13 08:07:36,995 - INFO - <module> :  clicked
2022-10-13 08:07:36,995 - INFO - <module> :  clicked
2022-10-13 08:07:36,995 - INFO - <module> :  clicked
2022-10-13 08:07:39,357 - INFO - <module> :  clicked
2022-10-13 08:07:39,357 - INFO - <module> :  clicked
2022-10-13 08:07:39,357 - INFO - <module> :  clicked
2022-10-13 08:07:39,923 - INFO - <module> : close clicked
2022-10-13 08:07:39,923 - INFO - <module> : close clicked
2022-10-13 08:07:39,923 - INFO - <module> : close clicked
2022-10-13 08:07:42,857 - INFO - <module> : Adjust outage map zoom level to greater than 8
2022-10-13 08:07:42,857 - INFO - <module> : Adjust outage map zoom level to greater than 8
2022-10-13 08:07:42,857 - INFO - <module> : Adjust outage map zoom level to greater than 8
2022-10-13 08:07:52,976 - INFO - <module> :  clicked
2022-10-13 08:07:52,976 - INFO - <module> :  clicked
2022-10-13 08:07:52,976 - INFO - <module> :  clicked
2022-10-13 08:07:53,115 - INFO - <module> : remove clicked
2022-10-13 08:07:53,115 - INFO - <module> : remove clicked
2022-10-13 08:07:53,115 - INFO - <module> : remove clicked
2022-10-13 08:07:55,930 - INFO - <module> : Validate weather icons in Internal Map
2022-10-13 08:07:55,930 - INFO - <module> : Validate weather icons in Internal Map
2022-10-13 08:07:55,930 - INFO - <module> : Validate weather icons in Internal Map
2022-10-13 08:07:58,354 - INFO - setup : Close Browser
