2023-01-09 16:02:42,938 - INFO - setup : Browser Launched!
2023-01-09 16:02:49,705 - INFO - <module> : Go to https://fuat-meralco.cs73.force.com/customers/s/cxe-apply
2023-01-09 16:02:49,705 - INFO - <module> : Go to https://fuat-meralco.cs73.force.com/customers/s/cxe-apply
2023-01-09 16:02:49,705 - INFO - <module> : Go to https://fuat-meralco.cs73.force.com/customers/s/cxe-apply
2023-01-09 16:02:49,705 - INFO - <module> : Go to https://fuat-meralco.cs73.force.com/customers/s/cxe-apply
2023-01-09 16:02:49,705 - INFO - <module> : Go to https://fuat-meralco.cs73.force.com/customers/s/cxe-apply
2023-01-09 16:02:51,200 - INFO - <module> : Opened: https://fuat-meralco.cs73.force.com/customers/s/cxe-apply
2023-01-09 16:02:51,200 - INFO - <module> : Opened: https://fuat-meralco.cs73.force.com/customers/s/cxe-apply
2023-01-09 16:02:51,200 - INFO - <module> : Opened: https://fuat-meralco.cs73.force.com/customers/s/cxe-apply
2023-01-09 16:02:51,200 - INFO - <module> : Opened: https://fuat-meralco.cs73.force.com/customers/s/cxe-apply
2023-01-09 16:02:51,200 - INFO - <module> : Opened: https://fuat-meralco.cs73.force.com/customers/s/cxe-apply
2023-01-09 16:02:51,882 - INFO - <module> : Service Application exists
2023-01-09 16:02:51,882 - INFO - <module> : Service Application exists
2023-01-09 16:02:51,882 - INFO - <module> : Service Application exists
2023-01-09 16:02:51,882 - INFO - <module> : Service Application exists
2023-01-09 16:02:51,882 - INFO - <module> : Service Application exists
2023-01-09 16:02:54,881 - INFO - <module> : Click on Business
2023-01-09 16:02:54,881 - INFO - <module> : Click on Business
2023-01-09 16:02:54,881 - INFO - <module> : Click on Business
2023-01-09 16:02:54,881 - INFO - <module> : Click on Business
2023-01-09 16:02:54,881 - INFO - <module> : Click on Business
2023-01-09 16:02:54,951 - INFO - <module> : Clicked
2023-01-09 16:02:54,951 - INFO - <module> : Clicked
2023-01-09 16:02:54,951 - INFO - <module> : Clicked
2023-01-09 16:02:54,951 - INFO - <module> : Clicked
2023-01-09 16:02:54,951 - INFO - <module> : Clicked
2023-01-09 16:02:54,995 - INFO - <module> : INDIVIDUAL
Are you applying for your home or microbusiness? Get started by clicking an option below. exists
2023-01-09 16:02:54,995 - INFO - <module> : INDIVIDUAL
Are you applying for your home or microbusiness? Get started by clicking an option below. exists
2023-01-09 16:02:54,995 - INFO - <module> : INDIVIDUAL
Are you applying for your home or microbusiness? Get started by clicking an option below. exists
2023-01-09 16:02:54,995 - INFO - <module> : INDIVIDUAL
Are you applying for your home or microbusiness? Get started by clicking an option below. exists
2023-01-09 16:02:54,995 - INFO - <module> : INDIVIDUAL
Are you applying for your home or microbusiness? Get started by clicking an option below. exists
2023-01-09 16:02:55,033 - INFO - <module> : Start Service exists
2023-01-09 16:02:55,033 - INFO - <module> : Start Service exists
2023-01-09 16:02:55,033 - INFO - <module> : Start Service exists
2023-01-09 16:02:55,033 - INFO - <module> : Start Service exists
2023-01-09 16:02:55,033 - INFO - <module> : Start Service exists
2023-01-09 16:02:55,059 - INFO - <module> : Start Service exists
2023-01-09 16:02:55,059 - INFO - <module> : Start Service exists
2023-01-09 16:02:55,059 - INFO - <module> : Start Service exists
2023-01-09 16:02:55,059 - INFO - <module> : Start Service exists
2023-01-09 16:02:55,059 - INFO - <module> : Start Service exists
2023-01-09 16:02:55,083 - INFO - <module> : Start Service exists
2023-01-09 16:02:55,083 - INFO - <module> : Start Service exists
2023-01-09 16:02:55,083 - INFO - <module> : Start Service exists
2023-01-09 16:02:55,083 - INFO - <module> : Start Service exists
2023-01-09 16:02:55,083 - INFO - <module> : Start Service exists
2023-01-09 16:02:57,971 - INFO - <module> : Click on Start a Service
2023-01-09 16:02:57,971 - INFO - <module> : Click on Start a Service
2023-01-09 16:02:57,971 - INFO - <module> : Click on Start a Service
2023-01-09 16:02:57,971 - INFO - <module> : Click on Start a Service
2023-01-09 16:02:57,971 - INFO - <module> : Click on Start a Service
2023-01-09 16:02:58,035 - INFO - <module> : Clicked
2023-01-09 16:02:58,035 - INFO - <module> : Clicked
2023-01-09 16:02:58,035 - INFO - <module> : Clicked
2023-01-09 16:02:58,035 - INFO - <module> : Clicked
2023-01-09 16:02:58,035 - INFO - <module> : Clicked
2023-01-09 16:02:58,238 - INFO - <module> : Clicked
2023-01-09 16:02:58,238 - INFO - <module> : Clicked
2023-01-09 16:02:58,238 - INFO - <module> : Clicked
2023-01-09 16:02:58,238 - INFO - <module> : Clicked
2023-01-09 16:02:58,238 - INFO - <module> : Clicked
2023-01-09 16:03:00,447 - INFO - <module> : Start a Service exists
2023-01-09 16:03:00,447 - INFO - <module> : Start a Service exists
2023-01-09 16:03:00,447 - INFO - <module> : Start a Service exists
2023-01-09 16:03:00,447 - INFO - <module> : Start a Service exists
2023-01-09 16:03:00,447 - INFO - <module> : Start a Service exists
2023-01-09 16:03:03,326 - INFO - <module> : Populate the following fields:
- Company Name
- Trade Name (Optional)
- Company Email Address (Optional)
- Company Landline
- First Name
- Last Name
- Email Address
- Mobile Number
- Designation

> Click Next
2023-01-09 16:03:03,326 - INFO - <module> : Populate the following fields:
- Company Name
- Trade Name (Optional)
- Company Email Address (Optional)
- Company Landline
- First Name
- Last Name
- Email Address
- Mobile Number
- Designation

> Click Next
2023-01-09 16:03:03,326 - INFO - <module> : Populate the following fields:
- Company Name
- Trade Name (Optional)
- Company Email Address (Optional)
- Company Landline
- First Name
- Last Name
- Email Address
- Mobile Number
- Designation

> Click Next
2023-01-09 16:03:03,326 - INFO - <module> : Populate the following fields:
- Company Name
- Trade Name (Optional)
- Company Email Address (Optional)
- Company Landline
- First Name
- Last Name
- Email Address
- Mobile Number
- Designation

> Click Next
2023-01-09 16:03:03,326 - INFO - <module> : Populate the following fields:
- Company Name
- Trade Name (Optional)
- Company Email Address (Optional)
- Company Landline
- First Name
- Last Name
- Email Address
- Mobile Number
- Designation

> Click Next
2023-01-09 16:03:03,432 - INFO - <module> : input: automation1
2023-01-09 16:03:03,432 - INFO - <module> : input: automation1
2023-01-09 16:03:03,432 - INFO - <module> : input: automation1
2023-01-09 16:03:03,432 - INFO - <module> : input: automation1
2023-01-09 16:03:03,432 - INFO - <module> : input: automation1
2023-01-09 16:03:03,509 - INFO - <module> : input: automation2
2023-01-09 16:03:03,509 - INFO - <module> : input: automation2
2023-01-09 16:03:03,509 - INFO - <module> : input: automation2
2023-01-09 16:03:03,509 - INFO - <module> : input: automation2
2023-01-09 16:03:03,509 - INFO - <module> : input: automation2
2023-01-09 16:03:03,547 - INFO - <module> : input: automation3
2023-01-09 16:03:03,547 - INFO - <module> : input: automation3
2023-01-09 16:03:03,547 - INFO - <module> : input: automation3
2023-01-09 16:03:03,547 - INFO - <module> : input: automation3
2023-01-09 16:03:03,547 - INFO - <module> : input: automation3
2023-01-09 16:03:03,616 - INFO - <module> : input: +63945113252
2023-01-09 16:03:03,616 - INFO - <module> : input: +63945113252
2023-01-09 16:03:03,616 - INFO - <module> : input: +63945113252
2023-01-09 16:03:03,616 - INFO - <module> : input: +63945113252
2023-01-09 16:03:03,616 - INFO - <module> : input: +63945113252
2023-01-09 16:03:03,691 - INFO - <module> : input: automation5
2023-01-09 16:03:03,691 - INFO - <module> : input: automation5
2023-01-09 16:03:03,691 - INFO - <module> : input: automation5
2023-01-09 16:03:03,691 - INFO - <module> : input: automation5
2023-01-09 16:03:03,691 - INFO - <module> : input: automation5
2023-01-09 16:03:03,754 - INFO - <module> : input: automation6
2023-01-09 16:03:03,754 - INFO - <module> : input: automation6
2023-01-09 16:03:03,754 - INFO - <module> : input: automation6
2023-01-09 16:03:03,754 - INFO - <module> : input: automation6
2023-01-09 16:03:03,754 - INFO - <module> : input: automation6
2023-01-09 16:03:03,831 - INFO - <module> : input: automation2@yopmail.com
2023-01-09 16:03:03,831 - INFO - <module> : input: automation2@yopmail.com
2023-01-09 16:03:03,831 - INFO - <module> : input: automation2@yopmail.com
2023-01-09 16:03:03,831 - INFO - <module> : input: automation2@yopmail.com
2023-01-09 16:03:03,831 - INFO - <module> : input: automation2@yopmail.com
2023-01-09 16:03:03,915 - INFO - <module> : input: +639234567891
2023-01-09 16:03:03,915 - INFO - <module> : input: +639234567891
2023-01-09 16:03:03,915 - INFO - <module> : input: +639234567891
2023-01-09 16:03:03,915 - INFO - <module> : input: +639234567891
2023-01-09 16:03:03,915 - INFO - <module> : input: +639234567891
2023-01-09 16:03:03,979 - INFO - <module> : input: manager
2023-01-09 16:03:03,979 - INFO - <module> : input: manager
2023-01-09 16:03:03,979 - INFO - <module> : input: manager
2023-01-09 16:03:03,979 - INFO - <module> : input: manager
2023-01-09 16:03:03,979 - INFO - <module> : input: manager
2023-01-09 16:03:06,231 - INFO - <module> : Clicked
2023-01-09 16:03:06,231 - INFO - <module> : Clicked
2023-01-09 16:03:06,231 - INFO - <module> : Clicked
2023-01-09 16:03:06,231 - INFO - <module> : Clicked
2023-01-09 16:03:06,231 - INFO - <module> : Clicked
2023-01-09 16:03:06,293 - INFO - <module> : 2NEW ADDRESS exists
2023-01-09 16:03:06,293 - INFO - <module> : 2NEW ADDRESS exists
2023-01-09 16:03:06,293 - INFO - <module> : 2NEW ADDRESS exists
2023-01-09 16:03:06,293 - INFO - <module> : 2NEW ADDRESS exists
2023-01-09 16:03:06,293 - INFO - <module> : 2NEW ADDRESS exists
2023-01-09 16:03:09,336 - INFO - <module> : Populate the following:
Service Address
Province
City / Municipality
Home Ownership
Billing Address Indicator

> Click Next
2023-01-09 16:03:09,336 - INFO - <module> : Populate the following:
Service Address
Province
City / Municipality
Home Ownership
Billing Address Indicator

> Click Next
2023-01-09 16:03:09,336 - INFO - <module> : Populate the following:
Service Address
Province
City / Municipality
Home Ownership
Billing Address Indicator

> Click Next
2023-01-09 16:03:09,336 - INFO - <module> : Populate the following:
Service Address
Province
City / Municipality
Home Ownership
Billing Address Indicator

> Click Next
2023-01-09 16:03:09,336 - INFO - <module> : Populate the following:
Service Address
Province
City / Municipality
Home Ownership
Billing Address Indicator

> Click Next
2023-01-09 16:03:09,440 - INFO - <module> : input: atsrviceadd
2023-01-09 16:03:09,440 - INFO - <module> : input: atsrviceadd
2023-01-09 16:03:09,440 - INFO - <module> : input: atsrviceadd
2023-01-09 16:03:09,440 - INFO - <module> : input: atsrviceadd
2023-01-09 16:03:09,440 - INFO - <module> : input: atsrviceadd
2023-01-09 16:03:09,507 - INFO - <module> : Clicked
2023-01-09 16:03:09,507 - INFO - <module> : Clicked
2023-01-09 16:03:09,507 - INFO - <module> : Clicked
2023-01-09 16:03:09,507 - INFO - <module> : Clicked
2023-01-09 16:03:09,507 - INFO - <module> : Clicked
2023-01-09 16:03:09,578 - INFO - <module> : Clicked
2023-01-09 16:03:09,578 - INFO - <module> : Clicked
2023-01-09 16:03:09,578 - INFO - <module> : Clicked
2023-01-09 16:03:09,578 - INFO - <module> : Clicked
2023-01-09 16:03:09,578 - INFO - <module> : Clicked
2023-01-09 16:03:09,668 - INFO - <module> : Clicked
2023-01-09 16:03:09,668 - INFO - <module> : Clicked
2023-01-09 16:03:09,668 - INFO - <module> : Clicked
2023-01-09 16:03:09,668 - INFO - <module> : Clicked
2023-01-09 16:03:09,668 - INFO - <module> : Clicked
2023-01-09 16:03:09,725 - INFO - <module> : Clicked
2023-01-09 16:03:09,725 - INFO - <module> : Clicked
2023-01-09 16:03:09,725 - INFO - <module> : Clicked
2023-01-09 16:03:09,725 - INFO - <module> : Clicked
2023-01-09 16:03:09,725 - INFO - <module> : Clicked
2023-01-09 16:03:09,824 - INFO - <module> : Clicked
2023-01-09 16:03:09,824 - INFO - <module> : Clicked
2023-01-09 16:03:09,824 - INFO - <module> : Clicked
2023-01-09 16:03:09,824 - INFO - <module> : Clicked
2023-01-09 16:03:09,824 - INFO - <module> : Clicked
2023-01-09 16:03:09,899 - INFO - <module> : Clicked
2023-01-09 16:03:09,899 - INFO - <module> : Clicked
2023-01-09 16:03:09,899 - INFO - <module> : Clicked
2023-01-09 16:03:09,899 - INFO - <module> : Clicked
2023-01-09 16:03:09,899 - INFO - <module> : Clicked
2023-01-09 16:03:12,151 - INFO - <module> : 3VALUE ADDED SERVICES exists
2023-01-09 16:03:12,151 - INFO - <module> : 3VALUE ADDED SERVICES exists
2023-01-09 16:03:12,151 - INFO - <module> : 3VALUE ADDED SERVICES exists
2023-01-09 16:03:12,151 - INFO - <module> : 3VALUE ADDED SERVICES exists
2023-01-09 16:03:12,151 - INFO - <module> : 3VALUE ADDED SERVICES exists
2023-01-09 16:03:15,152 - INFO - <module> : Clicked
2023-01-09 16:03:15,152 - INFO - <module> : Clicked
2023-01-09 16:03:15,152 - INFO - <module> : Clicked
2023-01-09 16:03:15,152 - INFO - <module> : Clicked
2023-01-09 16:03:15,152 - INFO - <module> : Clicked
2023-01-09 16:03:18,141 - INFO - <module> : Clicked
2023-01-09 16:03:18,141 - INFO - <module> : Clicked
2023-01-09 16:03:18,141 - INFO - <module> : Clicked
2023-01-09 16:03:18,141 - INFO - <module> : Clicked
2023-01-09 16:03:18,141 - INFO - <module> : Clicked
2023-01-09 16:03:41,154 - INFO - <module> : Submit exists
2023-01-09 16:03:41,154 - INFO - <module> : Submit exists
2023-01-09 16:03:41,154 - INFO - <module> : Submit exists
2023-01-09 16:03:41,154 - INFO - <module> : Submit exists
2023-01-09 16:03:41,154 - INFO - <module> : Submit exists
2023-01-09 16:03:44,181 - INFO - <module> : Clicked
2023-01-09 16:03:44,181 - INFO - <module> : Clicked
2023-01-09 16:03:44,181 - INFO - <module> : Clicked
2023-01-09 16:03:44,181 - INFO - <module> : Clicked
2023-01-09 16:03:44,181 - INFO - <module> : Clicked
2023-01-09 16:03:49,517 - INFO - <module> : Clicked
2023-01-09 16:03:49,517 - INFO - <module> : Clicked
2023-01-09 16:03:49,517 - INFO - <module> : Clicked
2023-01-09 16:03:49,517 - INFO - <module> : Clicked
2023-01-09 16:03:49,517 - INFO - <module> : Clicked
2023-01-09 16:03:51,716 - INFO - <module> : TC051 Passed
2023-01-09 16:03:51,716 - INFO - <module> : TC051 Passed
2023-01-09 16:03:51,716 - INFO - <module> : TC051 Passed
2023-01-09 16:03:51,716 - INFO - <module> : TC051 Passed
2023-01-09 16:03:51,716 - INFO - <module> : TC051 Passed
2023-01-09 16:03:51,784 - INFO - setup : Close Browser
