2022-11-18 16:23:54,379 - INFO - setup : Browser Launched!
2022-11-18 16:24:04,999 - INFO - <module> : Opened: https://outage-api.meralco.com.ph/
2022-11-18 16:24:04,999 - INFO - <module> : Opened: https://outage-api.meralco.com.ph/
2022-11-18 16:24:04,999 - INFO - <module> : Opened: https://outage-api.meralco.com.ph/
2022-11-18 16:24:04,999 - INFO - <module> : Opened: https://outage-api.meralco.com.ph/
2022-11-18 16:24:07,864 - INFO - <module> : input: v-agsealmoy@meralco.com.ph
2022-11-18 16:24:07,864 - INFO - <module> : input: v-agsealmoy@meralco.com.ph
2022-11-18 16:24:07,864 - INFO - <module> : input: v-agsealmoy@meralco.com.ph
2022-11-18 16:24:07,864 - INFO - <module> : input: v-agsealmoy@meralco.com.ph
2022-11-18 16:24:08,087 - INFO - <module> : Clicked
2022-11-18 16:24:08,087 - INFO - <module> : Clicked
2022-11-18 16:24:08,087 - INFO - <module> : Clicked
2022-11-18 16:24:08,087 - INFO - <module> : Clicked
2022-11-18 16:24:09,847 - INFO - <module> : input: Meco@@##00018
2022-11-18 16:24:09,847 - INFO - <module> : input: Meco@@##00018
2022-11-18 16:24:09,847 - INFO - <module> : input: Meco@@##00018
2022-11-18 16:24:09,847 - INFO - <module> : input: Meco@@##00018
2022-11-18 16:24:10,487 - INFO - <module> : Clicked
2022-11-18 16:24:10,487 - INFO - <module> : Clicked
2022-11-18 16:24:10,487 - INFO - <module> : Clicked
2022-11-18 16:24:10,487 - INFO - <module> : Clicked
2022-11-18 16:24:11,220 - INFO - <module> : Clicked
2022-11-18 16:24:11,220 - INFO - <module> : Clicked
2022-11-18 16:24:11,220 - INFO - <module> : Clicked
2022-11-18 16:24:11,220 - INFO - <module> : Clicked
2022-11-18 16:24:40,418 - INFO - <module> : Clicked
2022-11-18 16:24:40,418 - INFO - <module> : Clicked
2022-11-18 16:24:40,418 - INFO - <module> : Clicked
2022-11-18 16:24:40,418 - INFO - <module> : Clicked
2022-11-18 16:25:07,402 - INFO - <module> : Hover over Refresh data button
2022-11-18 16:25:07,402 - INFO - <module> : Hover over Refresh data button
2022-11-18 16:25:07,402 - INFO - <module> : Hover over Refresh data button
2022-11-18 16:25:07,402 - INFO - <module> : Hover over Refresh data button
2022-11-18 16:25:20,467 - INFO - setup : Close Browser
