2022-10-27 09:50:07,705 - INFO - setup : Browser Launched!
2022-10-27 09:50:14,694 - INFO - <module> : Click on burger menu > Search Locations
2022-10-27 09:50:14,694 - INFO - <module> : Click on burger menu > Search Locations
2022-10-27 09:50:14,694 - INFO - <module> : Click on burger menu > Search Locations
2022-10-27 09:50:14,694 - INFO - <module> : Click on burger menu > Search Locations
2022-10-27 09:50:16,598 - INFO - <module> : Opened: https://outage-api.meralco.com.ph/
2022-10-27 09:50:16,598 - INFO - <module> : Opened: https://outage-api.meralco.com.ph/
2022-10-27 09:50:16,598 - INFO - <module> : Opened: https://outage-api.meralco.com.ph/
2022-10-27 09:50:16,598 - INFO - <module> : Opened: https://outage-api.meralco.com.ph/
2022-10-27 09:50:18,584 - INFO - <module> : input: v-lvlgalvez@meralco.com.ph
2022-10-27 09:50:18,584 - INFO - <module> : input: v-lvlgalvez@meralco.com.ph
2022-10-27 09:50:18,584 - INFO - <module> : input: v-lvlgalvez@meralco.com.ph
2022-10-27 09:50:18,584 - INFO - <module> : input: v-lvlgalvez@meralco.com.ph
2022-10-27 09:50:18,645 - INFO - <module> : Clicked
2022-10-27 09:50:18,645 - INFO - <module> : Clicked
2022-10-27 09:50:18,645 - INFO - <module> : Clicked
2022-10-27 09:50:18,645 - INFO - <module> : Clicked
2022-10-27 09:50:19,762 - INFO - <module> : input: Mecopass@@!!129
2022-10-27 09:50:19,762 - INFO - <module> : input: Mecopass@@!!129
2022-10-27 09:50:19,762 - INFO - <module> : input: Mecopass@@!!129
2022-10-27 09:50:19,762 - INFO - <module> : input: Mecopass@@!!129
2022-10-27 09:50:20,258 - INFO - <module> : Clicked
2022-10-27 09:50:20,258 - INFO - <module> : Clicked
2022-10-27 09:50:20,258 - INFO - <module> : Clicked
2022-10-27 09:50:20,258 - INFO - <module> : Clicked
2022-10-27 09:50:20,880 - INFO - <module> : Clicked
2022-10-27 09:50:20,880 - INFO - <module> : Clicked
2022-10-27 09:50:20,880 - INFO - <module> : Clicked
2022-10-27 09:50:20,880 - INFO - <module> : Clicked
2022-10-27 09:50:50,399 - INFO - <module> : Clicked
2022-10-27 09:50:50,399 - INFO - <module> : Clicked
2022-10-27 09:50:50,399 - INFO - <module> : Clicked
2022-10-27 09:50:50,399 - INFO - <module> : Clicked
2022-10-27 09:50:54,512 - INFO - <module> :  clicked
2022-10-27 09:50:54,512 - INFO - <module> :  clicked
2022-10-27 09:50:54,512 - INFO - <module> :  clicked
2022-10-27 09:50:54,512 - INFO - <module> :  clicked
2022-10-27 09:50:55,126 - INFO - <module> : Search Locations clicked
2022-10-27 09:50:55,126 - INFO - <module> : Search Locations clicked
2022-10-27 09:50:55,126 - INFO - <module> : Search Locations clicked
2022-10-27 09:50:55,126 - INFO - <module> : Search Locations clicked
2022-10-27 09:50:55,195 - INFO - <module> : Service ID No.
arrow_drop_down clicked
2022-10-27 09:50:55,195 - INFO - <module> : Service ID No.
arrow_drop_down clicked
2022-10-27 09:50:55,195 - INFO - <module> : Service ID No.
arrow_drop_down clicked
2022-10-27 09:50:55,195 - INFO - <module> : Service ID No.
arrow_drop_down clicked
2022-10-27 09:50:55,249 - INFO - <module> : Service ID No. clicked
2022-10-27 09:50:55,249 - INFO - <module> : Service ID No. clicked
2022-10-27 09:50:55,249 - INFO - <module> : Service ID No. clicked
2022-10-27 09:50:55,249 - INFO - <module> : Service ID No. clicked
2022-10-27 09:50:55,364 - INFO - <module> : input: 200102850101
2022-10-27 09:50:55,364 - INFO - <module> : input: 200102850101
2022-10-27 09:50:55,364 - INFO - <module> : input: 200102850101
2022-10-27 09:50:55,364 - INFO - <module> : input: 200102850101
2022-10-27 09:50:55,412 - INFO - <module> : Enter: 
2022-10-27 09:50:55,412 - INFO - <module> : Enter: 
2022-10-27 09:50:55,412 - INFO - <module> : Enter: 
2022-10-27 09:50:55,412 - INFO - <module> : Enter: 
2022-10-27 09:50:58,506 - INFO - <module> :  clicked
2022-10-27 09:50:58,506 - INFO - <module> :  clicked
2022-10-27 09:50:58,506 - INFO - <module> :  clicked
2022-10-27 09:50:58,506 - INFO - <module> :  clicked
2022-10-27 09:50:58,600 - INFO - <module> : input: 200102850101
2022-10-27 09:50:58,600 - INFO - <module> : input: 200102850101
2022-10-27 09:50:58,600 - INFO - <module> : input: 200102850101
2022-10-27 09:50:58,600 - INFO - <module> : input: 200102850101
2022-10-27 09:51:03,651 - INFO - <module> : ArrowDown: 
2022-10-27 09:51:03,651 - INFO - <module> : ArrowDown: 
2022-10-27 09:51:03,651 - INFO - <module> : ArrowDown: 
2022-10-27 09:51:03,651 - INFO - <module> : ArrowDown: 
2022-10-27 09:51:03,695 - INFO - <module> : Enter: 
2022-10-27 09:51:03,695 - INFO - <module> : Enter: 
2022-10-27 09:51:03,695 - INFO - <module> : Enter: 
2022-10-27 09:51:03,695 - INFO - <module> : Enter: 
2022-10-27 09:51:12,157 - INFO - setup : Close Browser
