2022-10-20 16:40:09,752 - INFO - setup : Browser Launched!
2022-10-20 16:40:17,379 - INFO - <module> : Access outage reporting form for Guest users.
2022-10-20 16:40:17,379 - INFO - <module> : Access outage reporting form for Guest users.
2022-10-20 16:40:17,379 - INFO - <module> : Access outage reporting form for Guest users.
2022-10-20 16:40:17,379 - INFO - <module> : Access outage reporting form for Guest users.
2022-10-20 16:40:20,148 - INFO - <module> : Opened: https://fuat-meralco.cs73.force.com/customers/s/outagemap
2022-10-20 16:40:20,148 - INFO - <module> : Opened: https://fuat-meralco.cs73.force.com/customers/s/outagemap
2022-10-20 16:40:20,148 - INFO - <module> : Opened: https://fuat-meralco.cs73.force.com/customers/s/outagemap
2022-10-20 16:40:20,148 - INFO - <module> : Opened: https://fuat-meralco.cs73.force.com/customers/s/outagemap
2022-10-20 16:40:25,779 - INFO - <module> : Meralco would like to access your location to identify if your area is affected by an outage. exists
2022-10-20 16:40:25,779 - INFO - <module> : Meralco would like to access your location to identify if your area is affected by an outage. exists
2022-10-20 16:40:25,779 - INFO - <module> : Meralco would like to access your location to identify if your area is affected by an outage. exists
2022-10-20 16:40:25,779 - INFO - <module> : Meralco would like to access your location to identify if your area is affected by an outage. exists
2022-10-20 16:40:27,868 - INFO - <module> : Clicked
2022-10-20 16:40:27,868 - INFO - <module> : Clicked
2022-10-20 16:40:27,868 - INFO - <module> : Clicked
2022-10-20 16:40:27,868 - INFO - <module> : Clicked
2022-10-20 16:40:31,961 - INFO - <module> : Clicked
2022-10-20 16:40:31,961 - INFO - <module> : Clicked
2022-10-20 16:40:31,961 - INFO - <module> : Clicked
2022-10-20 16:40:31,961 - INFO - <module> : Clicked
2022-10-20 16:40:40,014 - INFO - <module> : Report an Outage or Incident exists
2022-10-20 16:40:40,014 - INFO - <module> : Report an Outage or Incident exists
2022-10-20 16:40:40,014 - INFO - <module> : Report an Outage or Incident exists
2022-10-20 16:40:40,014 - INFO - <module> : Report an Outage or Incident exists
2022-10-20 16:40:42,923 - INFO - <module> : Choose 'Streetlight Concern' from the 'What are you reporting?' option.
2022-10-20 16:40:42,923 - INFO - <module> : Choose 'Streetlight Concern' from the 'What are you reporting?' option.
2022-10-20 16:40:42,923 - INFO - <module> : Choose 'Streetlight Concern' from the 'What are you reporting?' option.
2022-10-20 16:40:42,923 - INFO - <module> : Choose 'Streetlight Concern' from the 'What are you reporting?' option.
2022-10-20 16:40:43,009 - INFO - <module> : Clicked
2022-10-20 16:40:43,009 - INFO - <module> : Clicked
2022-10-20 16:40:43,009 - INFO - <module> : Clicked
2022-10-20 16:40:43,009 - INFO - <module> : Clicked
2022-10-20 16:40:45,953 - INFO - <module> : Choose 'Yes' from the options.
2022-10-20 16:40:45,953 - INFO - <module> : Choose 'Yes' from the options.
2022-10-20 16:40:45,953 - INFO - <module> : Choose 'Yes' from the options.
2022-10-20 16:40:45,953 - INFO - <module> : Choose 'Yes' from the options.
2022-10-20 16:40:46,025 - INFO - <module> : Clicked
2022-10-20 16:40:46,025 - INFO - <module> : Clicked
2022-10-20 16:40:46,025 - INFO - <module> : Clicked
2022-10-20 16:40:46,025 - INFO - <module> : Clicked
2022-10-20 16:40:48,960 - INFO - <module> : Click the dropdown field for Q2.
2022-10-20 16:40:48,960 - INFO - <module> : Click the dropdown field for Q2.
2022-10-20 16:40:48,960 - INFO - <module> : Click the dropdown field for Q2.
2022-10-20 16:40:48,960 - INFO - <module> : Click the dropdown field for Q2.
2022-10-20 16:40:49,052 - INFO - <module> : Clicked
2022-10-20 16:40:49,052 - INFO - <module> : Clicked
2022-10-20 16:40:49,052 - INFO - <module> : Clicked
2022-10-20 16:40:49,052 - INFO - <module> : Clicked
2022-10-20 16:40:52,044 - INFO - <module> : Choose 'Streetlight is always on, even during daytime' from the option.
2022-10-20 16:40:52,044 - INFO - <module> : Choose 'Streetlight is always on, even during daytime' from the option.
2022-10-20 16:40:52,044 - INFO - <module> : Choose 'Streetlight is always on, even during daytime' from the option.
2022-10-20 16:40:52,044 - INFO - <module> : Choose 'Streetlight is always on, even during daytime' from the option.
2022-10-20 16:40:52,113 - INFO - <module> : Clicked
2022-10-20 16:40:52,113 - INFO - <module> : Clicked
2022-10-20 16:40:52,113 - INFO - <module> : Clicked
2022-10-20 16:40:52,113 - INFO - <module> : Clicked
2022-10-20 16:40:55,128 - INFO - <module> : Populate the following fields by selecting from one of the picklist values, as applicable:
- Province
- City/Municipality
- Barangay
- Subdivision
- Street
- House/Unit No./ Floor/ Building
2022-10-20 16:40:55,128 - INFO - <module> : Populate the following fields by selecting from one of the picklist values, as applicable:
- Province
- City/Municipality
- Barangay
- Subdivision
- Street
- House/Unit No./ Floor/ Building
2022-10-20 16:40:55,128 - INFO - <module> : Populate the following fields by selecting from one of the picklist values, as applicable:
- Province
- City/Municipality
- Barangay
- Subdivision
- Street
- House/Unit No./ Floor/ Building
2022-10-20 16:40:55,128 - INFO - <module> : Populate the following fields by selecting from one of the picklist values, as applicable:
- Province
- City/Municipality
- Barangay
- Subdivision
- Street
- House/Unit No./ Floor/ Building
2022-10-20 16:40:55,217 - INFO - <module> : Clicked
2022-10-20 16:40:55,217 - INFO - <module> : Clicked
2022-10-20 16:40:55,217 - INFO - <module> : Clicked
2022-10-20 16:40:55,217 - INFO - <module> : Clicked
2022-10-20 16:40:55,790 - INFO - <module> : Clicked
2022-10-20 16:40:55,790 - INFO - <module> : Clicked
2022-10-20 16:40:55,790 - INFO - <module> : Clicked
2022-10-20 16:40:55,790 - INFO - <module> : Clicked
2022-10-20 16:40:56,356 - INFO - <module> : Clicked
2022-10-20 16:40:56,356 - INFO - <module> : Clicked
2022-10-20 16:40:56,356 - INFO - <module> : Clicked
2022-10-20 16:40:56,356 - INFO - <module> : Clicked
2022-10-20 16:40:57,473 - INFO - <module> : Clicked
2022-10-20 16:40:57,473 - INFO - <module> : Clicked
2022-10-20 16:40:57,473 - INFO - <module> : Clicked
2022-10-20 16:40:57,473 - INFO - <module> : Clicked
2022-10-20 16:40:58,042 - INFO - <module> : Clicked
2022-10-20 16:40:58,042 - INFO - <module> : Clicked
2022-10-20 16:40:58,042 - INFO - <module> : Clicked
2022-10-20 16:40:58,042 - INFO - <module> : Clicked
2022-10-20 16:40:58,108 - INFO - <module> : input: 123
2022-10-20 16:40:58,108 - INFO - <module> : input: 123
2022-10-20 16:40:58,108 - INFO - <module> : input: 123
2022-10-20 16:40:58,108 - INFO - <module> : input: 123
2022-10-20 16:41:00,977 - INFO - <module> : Populate 'Pole Number' field.
Note: There should be no pending case associated to the encoded Pole Number.
2022-10-20 16:41:00,977 - INFO - <module> : Populate 'Pole Number' field.
Note: There should be no pending case associated to the encoded Pole Number.
2022-10-20 16:41:00,977 - INFO - <module> : Populate 'Pole Number' field.
Note: There should be no pending case associated to the encoded Pole Number.
2022-10-20 16:41:00,977 - INFO - <module> : Populate 'Pole Number' field.
Note: There should be no pending case associated to the encoded Pole Number.
2022-10-20 16:41:01,092 - INFO - <module> : input: 52
2022-10-20 16:41:01,092 - INFO - <module> : input: 52
2022-10-20 16:41:01,092 - INFO - <module> : input: 52
2022-10-20 16:41:01,092 - INFO - <module> : input: 52
2022-10-20 16:41:04,094 - INFO - <module> : Select the 'Landmarks/Directions' option and input values in the text box.
2022-10-20 16:41:04,094 - INFO - <module> : Select the 'Landmarks/Directions' option and input values in the text box.
2022-10-20 16:41:04,094 - INFO - <module> : Select the 'Landmarks/Directions' option and input values in the text box.
2022-10-20 16:41:04,094 - INFO - <module> : Select the 'Landmarks/Directions' option and input values in the text box.
2022-10-20 16:41:04,194 - INFO - <module> : Clicked
2022-10-20 16:41:04,194 - INFO - <module> : Clicked
2022-10-20 16:41:04,194 - INFO - <module> : Clicked
2022-10-20 16:41:04,194 - INFO - <module> : Clicked
2022-10-20 16:41:04,432 - INFO - <module> : Clicked
2022-10-20 16:41:04,432 - INFO - <module> : Clicked
2022-10-20 16:41:04,432 - INFO - <module> : Clicked
2022-10-20 16:41:04,432 - INFO - <module> : Clicked
2022-10-20 16:41:04,526 - INFO - <module> : input: Sample Text
2022-10-20 16:41:04,526 - INFO - <module> : input: Sample Text
2022-10-20 16:41:04,526 - INFO - <module> : input: Sample Text
2022-10-20 16:41:04,526 - INFO - <module> : input: Sample Text
2022-10-20 16:41:12,420 - INFO - <module> : Populate the following fields:
a) First Name
b) Middle Name
c) Last Name
d) Mobile Number
e) Landline
f) Email
2022-10-20 16:41:12,420 - INFO - <module> : Populate the following fields:
a) First Name
b) Middle Name
c) Last Name
d) Mobile Number
e) Landline
f) Email
2022-10-20 16:41:12,420 - INFO - <module> : Populate the following fields:
a) First Name
b) Middle Name
c) Last Name
d) Mobile Number
e) Landline
f) Email
2022-10-20 16:41:12,420 - INFO - <module> : Populate the following fields:
a) First Name
b) Middle Name
c) Last Name
d) Mobile Number
e) Landline
f) Email
2022-10-20 16:41:12,532 - INFO - <module> : input: sample
2022-10-20 16:41:12,532 - INFO - <module> : input: sample
2022-10-20 16:41:12,532 - INFO - <module> : input: sample
2022-10-20 16:41:12,532 - INFO - <module> : input: sample
2022-10-20 16:41:12,602 - INFO - <module> : input: middle
2022-10-20 16:41:12,602 - INFO - <module> : input: middle
2022-10-20 16:41:12,602 - INFO - <module> : input: middle
2022-10-20 16:41:12,602 - INFO - <module> : input: middle
2022-10-20 16:41:12,668 - INFO - <module> : input: report
2022-10-20 16:41:12,668 - INFO - <module> : input: report
2022-10-20 16:41:12,668 - INFO - <module> : input: report
2022-10-20 16:41:12,668 - INFO - <module> : input: report
2022-10-20 16:41:12,741 - INFO - <module> : input: +639758880793
2022-10-20 16:41:12,741 - INFO - <module> : input: +639758880793
2022-10-20 16:41:12,741 - INFO - <module> : input: +639758880793
2022-10-20 16:41:12,741 - INFO - <module> : input: +639758880793
2022-10-20 16:41:12,798 - INFO - <module> : input: 
2022-10-20 16:41:12,798 - INFO - <module> : input: 
2022-10-20 16:41:12,798 - INFO - <module> : input: 
2022-10-20 16:41:12,798 - INFO - <module> : input: 
2022-10-20 16:41:12,882 - INFO - <module> : input: testautomationoutage@yopmail.com
2022-10-20 16:41:12,882 - INFO - <module> : input: testautomationoutage@yopmail.com
2022-10-20 16:41:12,882 - INFO - <module> : input: testautomationoutage@yopmail.com
2022-10-20 16:41:12,882 - INFO - <module> : input: testautomationoutage@yopmail.com
2022-10-20 16:41:15,808 - INFO - <module> : Verify if 'Yes' is selected from the options under 'Do you want to receive updates related to this report?'
2022-10-20 16:41:15,808 - INFO - <module> : Verify if 'Yes' is selected from the options under 'Do you want to receive updates related to this report?'
2022-10-20 16:41:15,808 - INFO - <module> : Verify if 'Yes' is selected from the options under 'Do you want to receive updates related to this report?'
2022-10-20 16:41:15,808 - INFO - <module> : Verify if 'Yes' is selected from the options under 'Do you want to receive updates related to this report?'
2022-10-20 16:41:18,848 - INFO - <module> : Select SMS and Email as preferred Case Notification Channel.
Note: Ensure that 'Email' field has valid value if Email has been selected as preferred Case Notification Channel.
2022-10-20 16:41:18,848 - INFO - <module> : Select SMS and Email as preferred Case Notification Channel.
Note: Ensure that 'Email' field has valid value if Email has been selected as preferred Case Notification Channel.
2022-10-20 16:41:18,848 - INFO - <module> : Select SMS and Email as preferred Case Notification Channel.
Note: Ensure that 'Email' field has valid value if Email has been selected as preferred Case Notification Channel.
2022-10-20 16:41:18,848 - INFO - <module> : Select SMS and Email as preferred Case Notification Channel.
Note: Ensure that 'Email' field has valid value if Email has been selected as preferred Case Notification Channel.
2022-10-20 16:41:18,959 - INFO - <module> : Clicked
2022-10-20 16:41:18,959 - INFO - <module> : Clicked
2022-10-20 16:41:18,959 - INFO - <module> : Clicked
2022-10-20 16:41:18,959 - INFO - <module> : Clicked
2022-10-20 16:41:19,006 - INFO - <module> : Clicked
2022-10-20 16:41:19,006 - INFO - <module> : Clicked
2022-10-20 16:41:19,006 - INFO - <module> : Clicked
2022-10-20 16:41:19,006 - INFO - <module> : Clicked
2022-10-20 16:41:21,921 - INFO - <module> : Select the checkbox for:
I have read and agree to the Meralco Online Terms & Conditions and consent to the processing of my personal data in accordance with the Privacy Policy.
2022-10-20 16:41:21,921 - INFO - <module> : Select the checkbox for:
I have read and agree to the Meralco Online Terms & Conditions and consent to the processing of my personal data in accordance with the Privacy Policy.
2022-10-20 16:41:21,921 - INFO - <module> : Select the checkbox for:
I have read and agree to the Meralco Online Terms & Conditions and consent to the processing of my personal data in accordance with the Privacy Policy.
2022-10-20 16:41:21,921 - INFO - <module> : Select the checkbox for:
I have read and agree to the Meralco Online Terms & Conditions and consent to the processing of my personal data in accordance with the Privacy Policy.
2022-10-20 16:41:22,028 - INFO - <module> : Clicked
2022-10-20 16:41:22,028 - INFO - <module> : Clicked
2022-10-20 16:41:22,028 - INFO - <module> : Clicked
2022-10-20 16:41:22,028 - INFO - <module> : Clicked
2022-10-20 16:41:25,095 - INFO - <module> : Click ‘Submit’ button.
2022-10-20 16:41:25,095 - INFO - <module> : Click ‘Submit’ button.
2022-10-20 16:41:25,095 - INFO - <module> : Click ‘Submit’ button.
2022-10-20 16:41:25,095 - INFO - <module> : Click ‘Submit’ button.
2022-10-20 16:41:25,219 - INFO - <module> : Clicked
2022-10-20 16:41:25,219 - INFO - <module> : Clicked
2022-10-20 16:41:25,219 - INFO - <module> : Clicked
2022-10-20 16:41:25,219 - INFO - <module> : Clicked
2022-10-20 16:41:43,359 - INFO - <module> : Verify received SMS notification.
2022-10-20 16:41:43,359 - INFO - <module> : Verify received SMS notification.
2022-10-20 16:41:43,359 - INFO - <module> : Verify received SMS notification.
2022-10-20 16:41:43,359 - INFO - <module> : Verify received SMS notification.
2022-10-20 16:41:44,249 - INFO - <module> : Verify received Email notification.
2022-10-20 16:41:44,249 - INFO - <module> : Verify received Email notification.
2022-10-20 16:41:44,249 - INFO - <module> : Verify received Email notification.
2022-10-20 16:41:44,249 - INFO - <module> : Verify received Email notification.
2022-10-20 16:41:47,667 - INFO - <module> : Opened: https://yopmail.com/en/
2022-10-20 16:41:47,667 - INFO - <module> : Opened: https://yopmail.com/en/
2022-10-20 16:41:47,667 - INFO - <module> : Opened: https://yopmail.com/en/
2022-10-20 16:41:47,667 - INFO - <module> : Opened: https://yopmail.com/en/
2022-10-20 16:41:47,808 - INFO - <module> : input: testautomationoutage@yopmail.com
2022-10-20 16:41:47,808 - INFO - <module> : input: testautomationoutage@yopmail.com
2022-10-20 16:41:47,808 - INFO - <module> : input: testautomationoutage@yopmail.com
2022-10-20 16:41:47,808 - INFO - <module> : input: testautomationoutage@yopmail.com
2022-10-20 16:41:49,275 - INFO - <module> : Clicked
2022-10-20 16:41:49,275 - INFO - <module> : Clicked
2022-10-20 16:41:49,275 - INFO - <module> : Clicked
2022-10-20 16:41:49,275 - INFO - <module> : Clicked
2022-10-20 16:41:52,213 - INFO - <module> : Access outage reporting form for Guest users.
2022-10-20 16:41:52,213 - INFO - <module> : Access outage reporting form for Guest users.
2022-10-20 16:41:52,213 - INFO - <module> : Access outage reporting form for Guest users.
2022-10-20 16:41:52,213 - INFO - <module> : Access outage reporting form for Guest users.
2022-10-20 16:41:54,662 - INFO - <module> : Opened: https://fuat-meralco.cs73.force.com/customers/s/outagemap
2022-10-20 16:41:54,662 - INFO - <module> : Opened: https://fuat-meralco.cs73.force.com/customers/s/outagemap
2022-10-20 16:41:54,662 - INFO - <module> : Opened: https://fuat-meralco.cs73.force.com/customers/s/outagemap
2022-10-20 16:41:54,662 - INFO - <module> : Opened: https://fuat-meralco.cs73.force.com/customers/s/outagemap
2022-10-20 16:41:57,499 - INFO - <module> : Meralco would like to access your location to identify if your area is affected by an outage. exists
2022-10-20 16:41:57,499 - INFO - <module> : Meralco would like to access your location to identify if your area is affected by an outage. exists
2022-10-20 16:41:57,499 - INFO - <module> : Meralco would like to access your location to identify if your area is affected by an outage. exists
2022-10-20 16:41:57,499 - INFO - <module> : Meralco would like to access your location to identify if your area is affected by an outage. exists
2022-10-20 16:41:59,592 - INFO - <module> : Clicked
2022-10-20 16:41:59,592 - INFO - <module> : Clicked
2022-10-20 16:41:59,592 - INFO - <module> : Clicked
2022-10-20 16:41:59,592 - INFO - <module> : Clicked
2022-10-20 16:42:03,677 - INFO - <module> : Clicked
2022-10-20 16:42:03,677 - INFO - <module> : Clicked
2022-10-20 16:42:03,677 - INFO - <module> : Clicked
2022-10-20 16:42:03,677 - INFO - <module> : Clicked
2022-10-20 16:42:11,740 - INFO - <module> : Report an Outage or Incident exists
2022-10-20 16:42:11,740 - INFO - <module> : Report an Outage or Incident exists
2022-10-20 16:42:11,740 - INFO - <module> : Report an Outage or Incident exists
2022-10-20 16:42:11,740 - INFO - <module> : Report an Outage or Incident exists
2022-10-20 16:42:14,678 - INFO - <module> : Choose 'Streetlight Concern' from the 'What are you reporting?' option.
2022-10-20 16:42:14,678 - INFO - <module> : Choose 'Streetlight Concern' from the 'What are you reporting?' option.
2022-10-20 16:42:14,678 - INFO - <module> : Choose 'Streetlight Concern' from the 'What are you reporting?' option.
2022-10-20 16:42:14,678 - INFO - <module> : Choose 'Streetlight Concern' from the 'What are you reporting?' option.
2022-10-20 16:42:14,820 - INFO - <module> : Clicked
2022-10-20 16:42:14,820 - INFO - <module> : Clicked
2022-10-20 16:42:14,820 - INFO - <module> : Clicked
2022-10-20 16:42:14,820 - INFO - <module> : Clicked
2022-10-20 16:42:17,761 - INFO - <module> : Choose 'Yes' from the options.
2022-10-20 16:42:17,761 - INFO - <module> : Choose 'Yes' from the options.
2022-10-20 16:42:17,761 - INFO - <module> : Choose 'Yes' from the options.
2022-10-20 16:42:17,761 - INFO - <module> : Choose 'Yes' from the options.
2022-10-20 16:42:17,861 - INFO - <module> : Clicked
2022-10-20 16:42:17,861 - INFO - <module> : Clicked
2022-10-20 16:42:17,861 - INFO - <module> : Clicked
2022-10-20 16:42:17,861 - INFO - <module> : Clicked
2022-10-20 16:42:21,207 - INFO - <module> : Click the dropdown field for Q2.
2022-10-20 16:42:21,207 - INFO - <module> : Click the dropdown field for Q2.
2022-10-20 16:42:21,207 - INFO - <module> : Click the dropdown field for Q2.
2022-10-20 16:42:21,207 - INFO - <module> : Click the dropdown field for Q2.
2022-10-20 16:42:21,334 - INFO - <module> : Clicked
2022-10-20 16:42:21,334 - INFO - <module> : Clicked
2022-10-20 16:42:21,334 - INFO - <module> : Clicked
2022-10-20 16:42:21,334 - INFO - <module> : Clicked
2022-10-20 16:42:24,762 - INFO - <module> : Choose 'Streetlight is flickering' from the option.
2022-10-20 16:42:24,762 - INFO - <module> : Choose 'Streetlight is flickering' from the option.
2022-10-20 16:42:24,762 - INFO - <module> : Choose 'Streetlight is flickering' from the option.
2022-10-20 16:42:24,762 - INFO - <module> : Choose 'Streetlight is flickering' from the option.
2022-10-20 16:42:24,885 - INFO - <module> : Clicked
2022-10-20 16:42:24,885 - INFO - <module> : Clicked
2022-10-20 16:42:24,885 - INFO - <module> : Clicked
2022-10-20 16:42:24,885 - INFO - <module> : Clicked
2022-10-20 16:42:27,821 - INFO - <module> : Populate the following fields by selecting from one of the picklist values, as applicable:
- Province
- City/Municipality
- Barangay
- Subdivision
- Street
- House/Unit No./ Floor/ Building
2022-10-20 16:42:27,821 - INFO - <module> : Populate the following fields by selecting from one of the picklist values, as applicable:
- Province
- City/Municipality
- Barangay
- Subdivision
- Street
- House/Unit No./ Floor/ Building
2022-10-20 16:42:27,821 - INFO - <module> : Populate the following fields by selecting from one of the picklist values, as applicable:
- Province
- City/Municipality
- Barangay
- Subdivision
- Street
- House/Unit No./ Floor/ Building
2022-10-20 16:42:27,821 - INFO - <module> : Populate the following fields by selecting from one of the picklist values, as applicable:
- Province
- City/Municipality
- Barangay
- Subdivision
- Street
- House/Unit No./ Floor/ Building
2022-10-20 16:42:27,943 - INFO - <module> : Clicked
2022-10-20 16:42:27,943 - INFO - <module> : Clicked
2022-10-20 16:42:27,943 - INFO - <module> : Clicked
2022-10-20 16:42:27,943 - INFO - <module> : Clicked
2022-10-20 16:42:28,508 - INFO - <module> : Clicked
2022-10-20 16:42:28,508 - INFO - <module> : Clicked
2022-10-20 16:42:28,508 - INFO - <module> : Clicked
2022-10-20 16:42:28,508 - INFO - <module> : Clicked
2022-10-20 16:42:29,083 - INFO - <module> : Clicked
2022-10-20 16:42:29,083 - INFO - <module> : Clicked
2022-10-20 16:42:29,083 - INFO - <module> : Clicked
2022-10-20 16:42:29,083 - INFO - <module> : Clicked
2022-10-20 16:42:29,637 - INFO - <module> : Clicked
2022-10-20 16:42:29,637 - INFO - <module> : Clicked
2022-10-20 16:42:29,637 - INFO - <module> : Clicked
2022-10-20 16:42:29,637 - INFO - <module> : Clicked
2022-10-20 16:42:30,204 - INFO - <module> : Clicked
2022-10-20 16:42:30,204 - INFO - <module> : Clicked
2022-10-20 16:42:30,204 - INFO - <module> : Clicked
2022-10-20 16:42:30,204 - INFO - <module> : Clicked
2022-10-20 16:42:30,285 - INFO - <module> : input: 123
2022-10-20 16:42:30,285 - INFO - <module> : input: 123
2022-10-20 16:42:30,285 - INFO - <module> : input: 123
2022-10-20 16:42:30,285 - INFO - <module> : input: 123
2022-10-20 16:42:33,317 - INFO - <module> : Populate 'Pole Number' field using the values encoded in the prior report.
2022-10-20 16:42:33,317 - INFO - <module> : Populate 'Pole Number' field using the values encoded in the prior report.
2022-10-20 16:42:33,317 - INFO - <module> : Populate 'Pole Number' field using the values encoded in the prior report.
2022-10-20 16:42:33,317 - INFO - <module> : Populate 'Pole Number' field using the values encoded in the prior report.
2022-10-20 16:42:33,474 - INFO - <module> : input: 52
2022-10-20 16:42:33,474 - INFO - <module> : input: 52
2022-10-20 16:42:33,474 - INFO - <module> : input: 52
2022-10-20 16:42:33,474 - INFO - <module> : input: 52
2022-10-20 16:42:36,570 - INFO - <module> : Select any other field in the form.
2022-10-20 16:42:36,570 - INFO - <module> : Select any other field in the form.
2022-10-20 16:42:36,570 - INFO - <module> : Select any other field in the form.
2022-10-20 16:42:36,570 - INFO - <module> : Select any other field in the form.
2022-10-20 16:42:36,686 - INFO - <module> : Clicked
2022-10-20 16:42:36,686 - INFO - <module> : Clicked
2022-10-20 16:42:36,686 - INFO - <module> : Clicked
2022-10-20 16:42:36,686 - INFO - <module> : Clicked
2022-10-20 16:42:43,628 - INFO - <module> : Select 'No' from the options.
2022-10-20 16:42:43,628 - INFO - <module> : Select 'No' from the options.
2022-10-20 16:42:43,628 - INFO - <module> : Select 'No' from the options.
2022-10-20 16:42:43,628 - INFO - <module> : Select 'No' from the options.
2022-10-20 16:42:44,807 - INFO - <module> : Clicked
2022-10-20 16:42:44,807 - INFO - <module> : Clicked
2022-10-20 16:42:44,807 - INFO - <module> : Clicked
2022-10-20 16:42:44,807 - INFO - <module> : Clicked
2022-10-20 16:42:47,924 - INFO - <module> : Access outage reporting form for Guest users.
2022-10-20 16:42:47,924 - INFO - <module> : Access outage reporting form for Guest users.
2022-10-20 16:42:47,924 - INFO - <module> : Access outage reporting form for Guest users.
2022-10-20 16:42:47,924 - INFO - <module> : Access outage reporting form for Guest users.
2022-10-20 16:42:49,795 - INFO - <module> : Opened: https://fuat-meralco.cs73.force.com/customers/s/outagemap
2022-10-20 16:42:49,795 - INFO - <module> : Opened: https://fuat-meralco.cs73.force.com/customers/s/outagemap
2022-10-20 16:42:49,795 - INFO - <module> : Opened: https://fuat-meralco.cs73.force.com/customers/s/outagemap
2022-10-20 16:42:49,795 - INFO - <module> : Opened: https://fuat-meralco.cs73.force.com/customers/s/outagemap
2022-10-20 16:42:53,149 - INFO - <module> : Meralco would like to access your location to identify if your area is affected by an outage. exists
2022-10-20 16:42:53,149 - INFO - <module> : Meralco would like to access your location to identify if your area is affected by an outage. exists
2022-10-20 16:42:53,149 - INFO - <module> : Meralco would like to access your location to identify if your area is affected by an outage. exists
2022-10-20 16:42:53,149 - INFO - <module> : Meralco would like to access your location to identify if your area is affected by an outage. exists
2022-10-20 16:42:55,238 - INFO - <module> : Clicked
2022-10-20 16:42:55,238 - INFO - <module> : Clicked
2022-10-20 16:42:55,238 - INFO - <module> : Clicked
2022-10-20 16:42:55,238 - INFO - <module> : Clicked
2022-10-20 16:42:59,320 - INFO - <module> : Clicked
2022-10-20 16:42:59,320 - INFO - <module> : Clicked
2022-10-20 16:42:59,320 - INFO - <module> : Clicked
2022-10-20 16:42:59,320 - INFO - <module> : Clicked
2022-10-20 16:43:07,391 - INFO - <module> : Report an Outage or Incident exists
2022-10-20 16:43:07,391 - INFO - <module> : Report an Outage or Incident exists
2022-10-20 16:43:07,391 - INFO - <module> : Report an Outage or Incident exists
2022-10-20 16:43:07,391 - INFO - <module> : Report an Outage or Incident exists
2022-10-20 16:43:10,584 - INFO - <module> : Choose 'Streetlight Concern' from the 'What are you reporting?' option.
2022-10-20 16:43:10,584 - INFO - <module> : Choose 'Streetlight Concern' from the 'What are you reporting?' option.
2022-10-20 16:43:10,584 - INFO - <module> : Choose 'Streetlight Concern' from the 'What are you reporting?' option.
2022-10-20 16:43:10,584 - INFO - <module> : Choose 'Streetlight Concern' from the 'What are you reporting?' option.
2022-10-20 16:43:10,751 - INFO - <module> : Clicked
2022-10-20 16:43:10,751 - INFO - <module> : Clicked
2022-10-20 16:43:10,751 - INFO - <module> : Clicked
2022-10-20 16:43:10,751 - INFO - <module> : Clicked
2022-10-20 16:43:14,095 - INFO - <module> : Choose 'Yes' from the options.
2022-10-20 16:43:14,095 - INFO - <module> : Choose 'Yes' from the options.
2022-10-20 16:43:14,095 - INFO - <module> : Choose 'Yes' from the options.
2022-10-20 16:43:14,095 - INFO - <module> : Choose 'Yes' from the options.
2022-10-20 16:43:14,333 - INFO - <module> : Clicked
2022-10-20 16:43:14,333 - INFO - <module> : Clicked
2022-10-20 16:43:14,333 - INFO - <module> : Clicked
2022-10-20 16:43:14,333 - INFO - <module> : Clicked
2022-10-20 16:43:17,295 - INFO - <module> : Click the dropdown field for Q2.
2022-10-20 16:43:17,295 - INFO - <module> : Click the dropdown field for Q2.
2022-10-20 16:43:17,295 - INFO - <module> : Click the dropdown field for Q2.
2022-10-20 16:43:17,295 - INFO - <module> : Click the dropdown field for Q2.
2022-10-20 16:43:17,491 - INFO - <module> : Clicked
2022-10-20 16:43:17,491 - INFO - <module> : Clicked
2022-10-20 16:43:17,491 - INFO - <module> : Clicked
2022-10-20 16:43:17,491 - INFO - <module> : Clicked
2022-10-20 16:43:20,608 - INFO - <module> : Choose 'Streetlight is not on or has no power' from the option.
2022-10-20 16:43:20,608 - INFO - <module> : Choose 'Streetlight is not on or has no power' from the option.
2022-10-20 16:43:20,608 - INFO - <module> : Choose 'Streetlight is not on or has no power' from the option.
2022-10-20 16:43:20,608 - INFO - <module> : Choose 'Streetlight is not on or has no power' from the option.
2022-10-20 16:43:20,767 - INFO - <module> : Clicked
2022-10-20 16:43:20,767 - INFO - <module> : Clicked
2022-10-20 16:43:20,767 - INFO - <module> : Clicked
2022-10-20 16:43:20,767 - INFO - <module> : Clicked
2022-10-20 16:43:23,856 - INFO - <module> : Populate the following fields by selecting from one of the picklist values, as applicable:
- Province
- City/Municipality
- Barangay
- Subdivision
- Street
- House/Unit No./ Floor/ Building
2022-10-20 16:43:23,856 - INFO - <module> : Populate the following fields by selecting from one of the picklist values, as applicable:
- Province
- City/Municipality
- Barangay
- Subdivision
- Street
- House/Unit No./ Floor/ Building
2022-10-20 16:43:23,856 - INFO - <module> : Populate the following fields by selecting from one of the picklist values, as applicable:
- Province
- City/Municipality
- Barangay
- Subdivision
- Street
- House/Unit No./ Floor/ Building
2022-10-20 16:43:23,856 - INFO - <module> : Populate the following fields by selecting from one of the picklist values, as applicable:
- Province
- City/Municipality
- Barangay
- Subdivision
- Street
- House/Unit No./ Floor/ Building
2022-10-20 16:43:24,046 - INFO - <module> : Clicked
2022-10-20 16:43:24,046 - INFO - <module> : Clicked
2022-10-20 16:43:24,046 - INFO - <module> : Clicked
2022-10-20 16:43:24,046 - INFO - <module> : Clicked
2022-10-20 16:43:24,612 - INFO - <module> : Clicked
2022-10-20 16:43:24,612 - INFO - <module> : Clicked
2022-10-20 16:43:24,612 - INFO - <module> : Clicked
2022-10-20 16:43:24,612 - INFO - <module> : Clicked
2022-10-20 16:43:25,179 - INFO - <module> : Clicked
2022-10-20 16:43:25,179 - INFO - <module> : Clicked
2022-10-20 16:43:25,179 - INFO - <module> : Clicked
2022-10-20 16:43:25,179 - INFO - <module> : Clicked
2022-10-20 16:43:25,746 - INFO - <module> : Clicked
2022-10-20 16:43:25,746 - INFO - <module> : Clicked
2022-10-20 16:43:25,746 - INFO - <module> : Clicked
2022-10-20 16:43:25,746 - INFO - <module> : Clicked
2022-10-20 16:43:26,298 - INFO - <module> : Clicked
2022-10-20 16:43:26,298 - INFO - <module> : Clicked
2022-10-20 16:43:26,298 - INFO - <module> : Clicked
2022-10-20 16:43:26,298 - INFO - <module> : Clicked
2022-10-20 16:43:26,383 - INFO - <module> : input: 123
2022-10-20 16:43:26,383 - INFO - <module> : input: 123
2022-10-20 16:43:26,383 - INFO - <module> : input: 123
2022-10-20 16:43:26,383 - INFO - <module> : input: 123
2022-10-20 16:43:29,349 - INFO - <module> : Populate 'Pole Number' field using the values encoded in the prior report.
2022-10-20 16:43:29,349 - INFO - <module> : Populate 'Pole Number' field using the values encoded in the prior report.
2022-10-20 16:43:29,349 - INFO - <module> : Populate 'Pole Number' field using the values encoded in the prior report.
2022-10-20 16:43:29,349 - INFO - <module> : Populate 'Pole Number' field using the values encoded in the prior report.
2022-10-20 16:43:29,544 - INFO - <module> : input: 52
2022-10-20 16:43:29,544 - INFO - <module> : input: 52
2022-10-20 16:43:29,544 - INFO - <module> : input: 52
2022-10-20 16:43:29,544 - INFO - <module> : input: 52
2022-10-20 16:43:32,462 - INFO - <module> : Select any other field in the form.
2022-10-20 16:43:32,462 - INFO - <module> : Select any other field in the form.
2022-10-20 16:43:32,462 - INFO - <module> : Select any other field in the form.
2022-10-20 16:43:32,462 - INFO - <module> : Select any other field in the form.
2022-10-20 16:43:32,617 - INFO - <module> : Clicked
2022-10-20 16:43:32,617 - INFO - <module> : Clicked
2022-10-20 16:43:32,617 - INFO - <module> : Clicked
2022-10-20 16:43:32,617 - INFO - <module> : Clicked
2022-10-20 16:43:35,584 - INFO - <module> : Select 'Yes' from the options.
2022-10-20 16:43:35,584 - INFO - <module> : Select 'Yes' from the options.
2022-10-20 16:43:35,584 - INFO - <module> : Select 'Yes' from the options.
2022-10-20 16:43:35,584 - INFO - <module> : Select 'Yes' from the options.
2022-10-20 16:43:35,771 - INFO - <module> : Clicked
2022-10-20 16:43:35,771 - INFO - <module> : Clicked
2022-10-20 16:43:35,771 - INFO - <module> : Clicked
2022-10-20 16:43:35,771 - INFO - <module> : Clicked
2022-10-20 16:43:42,907 - INFO - <module> : Select the 'Landmarks/Directions' option and input values in the text box.
2022-10-20 16:43:42,907 - INFO - <module> : Select the 'Landmarks/Directions' option and input values in the text box.
2022-10-20 16:43:42,907 - INFO - <module> : Select the 'Landmarks/Directions' option and input values in the text box.
2022-10-20 16:43:42,907 - INFO - <module> : Select the 'Landmarks/Directions' option and input values in the text box.
2022-10-20 16:43:43,097 - INFO - <module> : Clicked
2022-10-20 16:43:43,097 - INFO - <module> : Clicked
2022-10-20 16:43:43,097 - INFO - <module> : Clicked
2022-10-20 16:43:43,097 - INFO - <module> : Clicked
2022-10-20 16:43:43,148 - INFO - <module> : Clicked
2022-10-20 16:43:43,148 - INFO - <module> : Clicked
2022-10-20 16:43:43,148 - INFO - <module> : Clicked
2022-10-20 16:43:43,148 - INFO - <module> : Clicked
2022-10-20 16:43:45,902 - INFO - <module> : input: Sample Text
2022-10-20 16:43:45,902 - INFO - <module> : input: Sample Text
2022-10-20 16:43:45,902 - INFO - <module> : input: Sample Text
2022-10-20 16:43:45,902 - INFO - <module> : input: Sample Text
2022-10-20 16:43:54,062 - INFO - <module> : Populate the following fields:
a) First Name
b) Middle Name
c) Last Name
d) Mobile Number
e) Landline
f) Email
2022-10-20 16:43:54,062 - INFO - <module> : Populate the following fields:
a) First Name
b) Middle Name
c) Last Name
d) Mobile Number
e) Landline
f) Email
2022-10-20 16:43:54,062 - INFO - <module> : Populate the following fields:
a) First Name
b) Middle Name
c) Last Name
d) Mobile Number
e) Landline
f) Email
2022-10-20 16:43:54,062 - INFO - <module> : Populate the following fields:
a) First Name
b) Middle Name
c) Last Name
d) Mobile Number
e) Landline
f) Email
2022-10-20 16:43:54,284 - INFO - <module> : input: sample
2022-10-20 16:43:54,284 - INFO - <module> : input: sample
2022-10-20 16:43:54,284 - INFO - <module> : input: sample
2022-10-20 16:43:54,284 - INFO - <module> : input: sample
2022-10-20 16:43:54,370 - INFO - <module> : input: middle
2022-10-20 16:43:54,370 - INFO - <module> : input: middle
2022-10-20 16:43:54,370 - INFO - <module> : input: middle
2022-10-20 16:43:54,370 - INFO - <module> : input: middle
2022-10-20 16:43:54,438 - INFO - <module> : input: report
2022-10-20 16:43:54,438 - INFO - <module> : input: report
2022-10-20 16:43:54,438 - INFO - <module> : input: report
2022-10-20 16:43:54,438 - INFO - <module> : input: report
2022-10-20 16:43:54,521 - INFO - <module> : input: +639758880793
2022-10-20 16:43:54,521 - INFO - <module> : input: +639758880793
2022-10-20 16:43:54,521 - INFO - <module> : input: +639758880793
2022-10-20 16:43:54,521 - INFO - <module> : input: +639758880793
2022-10-20 16:43:54,587 - INFO - <module> : input: 
2022-10-20 16:43:54,587 - INFO - <module> : input: 
2022-10-20 16:43:54,587 - INFO - <module> : input: 
2022-10-20 16:43:54,587 - INFO - <module> : input: 
2022-10-20 16:43:54,679 - INFO - <module> : input: testautomationoutage@yopmail.com
2022-10-20 16:43:54,679 - INFO - <module> : input: testautomationoutage@yopmail.com
2022-10-20 16:43:54,679 - INFO - <module> : input: testautomationoutage@yopmail.com
2022-10-20 16:43:54,679 - INFO - <module> : input: testautomationoutage@yopmail.com
2022-10-20 16:43:57,760 - INFO - <module> : Verify if 'Yes' is selected from the options under 'Do you want to receive updates related to this report?'
2022-10-20 16:43:57,760 - INFO - <module> : Verify if 'Yes' is selected from the options under 'Do you want to receive updates related to this report?'
2022-10-20 16:43:57,760 - INFO - <module> : Verify if 'Yes' is selected from the options under 'Do you want to receive updates related to this report?'
2022-10-20 16:43:57,760 - INFO - <module> : Verify if 'Yes' is selected from the options under 'Do you want to receive updates related to this report?'
2022-10-20 16:44:01,061 - INFO - <module> : Select SMS and Email as preferred Case Notification Channel.
Note: Ensure that 'Email' field has valid value if Email has been selected as preferred Case Notification Channel.
2022-10-20 16:44:01,061 - INFO - <module> : Select SMS and Email as preferred Case Notification Channel.
Note: Ensure that 'Email' field has valid value if Email has been selected as preferred Case Notification Channel.
2022-10-20 16:44:01,061 - INFO - <module> : Select SMS and Email as preferred Case Notification Channel.
Note: Ensure that 'Email' field has valid value if Email has been selected as preferred Case Notification Channel.
2022-10-20 16:44:01,061 - INFO - <module> : Select SMS and Email as preferred Case Notification Channel.
Note: Ensure that 'Email' field has valid value if Email has been selected as preferred Case Notification Channel.
2022-10-20 16:44:01,250 - INFO - <module> : Clicked
2022-10-20 16:44:01,250 - INFO - <module> : Clicked
2022-10-20 16:44:01,250 - INFO - <module> : Clicked
2022-10-20 16:44:01,250 - INFO - <module> : Clicked
2022-10-20 16:44:01,310 - INFO - <module> : Clicked
2022-10-20 16:44:01,310 - INFO - <module> : Clicked
2022-10-20 16:44:01,310 - INFO - <module> : Clicked
2022-10-20 16:44:01,310 - INFO - <module> : Clicked
2022-10-20 16:44:04,483 - INFO - <module> : Select the checkbox for:
I have read and agree to the Meralco Online Terms & Conditions and consent to the processing of my personal data in accordance with the Privacy Policy.
2022-10-20 16:44:04,483 - INFO - <module> : Select the checkbox for:
I have read and agree to the Meralco Online Terms & Conditions and consent to the processing of my personal data in accordance with the Privacy Policy.
2022-10-20 16:44:04,483 - INFO - <module> : Select the checkbox for:
I have read and agree to the Meralco Online Terms & Conditions and consent to the processing of my personal data in accordance with the Privacy Policy.
2022-10-20 16:44:04,483 - INFO - <module> : Select the checkbox for:
I have read and agree to the Meralco Online Terms & Conditions and consent to the processing of my personal data in accordance with the Privacy Policy.
2022-10-20 16:44:04,679 - INFO - <module> : Clicked
2022-10-20 16:44:04,679 - INFO - <module> : Clicked
2022-10-20 16:44:04,679 - INFO - <module> : Clicked
2022-10-20 16:44:04,679 - INFO - <module> : Clicked
2022-10-20 16:44:07,855 - INFO - <module> : Click ‘Submit’ button.
2022-10-20 16:44:07,855 - INFO - <module> : Click ‘Submit’ button.
2022-10-20 16:44:07,855 - INFO - <module> : Click ‘Submit’ button.
2022-10-20 16:44:07,855 - INFO - <module> : Click ‘Submit’ button.
2022-10-20 16:44:08,063 - INFO - <module> : Clicked
2022-10-20 16:44:08,063 - INFO - <module> : Clicked
2022-10-20 16:44:08,063 - INFO - <module> : Clicked
2022-10-20 16:44:08,063 - INFO - <module> : Clicked
2022-10-20 16:44:26,379 - INFO - <module> : Verify received SMS notification.
2022-10-20 16:44:26,379 - INFO - <module> : Verify received SMS notification.
2022-10-20 16:44:26,379 - INFO - <module> : Verify received SMS notification.
2022-10-20 16:44:26,379 - INFO - <module> : Verify received SMS notification.
2022-10-20 16:44:27,581 - INFO - <module> : Verify received Email notification.
2022-10-20 16:44:27,581 - INFO - <module> : Verify received Email notification.
2022-10-20 16:44:27,581 - INFO - <module> : Verify received Email notification.
2022-10-20 16:44:27,581 - INFO - <module> : Verify received Email notification.
2022-10-20 16:44:29,937 - INFO - <module> : Opened: https://yopmail.com/en/
2022-10-20 16:44:29,937 - INFO - <module> : Opened: https://yopmail.com/en/
2022-10-20 16:44:29,937 - INFO - <module> : Opened: https://yopmail.com/en/
2022-10-20 16:44:29,937 - INFO - <module> : Opened: https://yopmail.com/en/
2022-10-20 16:44:30,186 - INFO - <module> : input: testautomationoutage@yopmail.com
2022-10-20 16:44:30,186 - INFO - <module> : input: testautomationoutage@yopmail.com
2022-10-20 16:44:30,186 - INFO - <module> : input: testautomationoutage@yopmail.com
2022-10-20 16:44:30,186 - INFO - <module> : input: testautomationoutage@yopmail.com
2022-10-20 16:44:30,237 - INFO - <module> : Clicked
2022-10-20 16:44:30,237 - INFO - <module> : Clicked
2022-10-20 16:44:30,237 - INFO - <module> : Clicked
2022-10-20 16:44:30,237 - INFO - <module> : Clicked
2022-10-20 16:44:30,443 - INFO - setup : Close Browser
