2023-01-11 10:54:09,334 - INFO - setup : Browser Launched!
2023-01-11 10:54:25,799 - INFO - <module> : Go to Outages & Incidents > Report Streetlight And Safety Concerns
2023-01-11 10:54:25,799 - INFO - <module> : Go to Outages & Incidents > Report Streetlight And Safety Concerns
2023-01-11 10:54:25,799 - INFO - <module> : Go to Outages & Incidents > Report Streetlight And Safety Concerns
2023-01-11 10:54:25,799 - INFO - <module> : Go to Outages & Incidents > Report Streetlight And Safety Concerns
2023-01-11 10:54:25,799 - INFO - <module> : Go to Outages & Incidents > Report Streetlight And Safety Concerns
2023-01-11 10:55:07,627 - INFO - <module> : Opened: https://fuat-meralco.cs73.force.com/customers/s/outagemap
2023-01-11 10:55:07,627 - INFO - <module> : Opened: https://fuat-meralco.cs73.force.com/customers/s/outagemap
2023-01-11 10:55:07,627 - INFO - <module> : Opened: https://fuat-meralco.cs73.force.com/customers/s/outagemap
2023-01-11 10:55:07,627 - INFO - <module> : Opened: https://fuat-meralco.cs73.force.com/customers/s/outagemap
2023-01-11 10:55:07,627 - INFO - <module> : Opened: https://fuat-meralco.cs73.force.com/customers/s/outagemap
2023-01-11 10:55:07,832 - INFO - <module> : Meralco would like to access your location to identify if your area is affected by an outage. exists
2023-01-11 10:55:07,832 - INFO - <module> : Meralco would like to access your location to identify if your area is affected by an outage. exists
2023-01-11 10:55:07,832 - INFO - <module> : Meralco would like to access your location to identify if your area is affected by an outage. exists
2023-01-11 10:55:07,832 - INFO - <module> : Meralco would like to access your location to identify if your area is affected by an outage. exists
2023-01-11 10:55:07,832 - INFO - <module> : Meralco would like to access your location to identify if your area is affected by an outage. exists
2023-01-11 10:55:09,966 - INFO - <module> : Clicked
2023-01-11 10:55:09,966 - INFO - <module> : Clicked
2023-01-11 10:55:09,966 - INFO - <module> : Clicked
2023-01-11 10:55:09,966 - INFO - <module> : Clicked
2023-01-11 10:55:09,966 - INFO - <module> : Clicked
2023-01-11 10:55:14,084 - INFO - <module> : Clicked
2023-01-11 10:55:14,084 - INFO - <module> : Clicked
2023-01-11 10:55:14,084 - INFO - <module> : Clicked
2023-01-11 10:55:14,084 - INFO - <module> : Clicked
2023-01-11 10:55:14,084 - INFO - <module> : Clicked
2023-01-11 10:55:28,255 - INFO - <module> : Report an Outage or Incident exists
2023-01-11 10:55:28,255 - INFO - <module> : Report an Outage or Incident exists
2023-01-11 10:55:28,255 - INFO - <module> : Report an Outage or Incident exists
2023-01-11 10:55:28,255 - INFO - <module> : Report an Outage or Incident exists
2023-01-11 10:55:28,255 - INFO - <module> : Report an Outage or Incident exists
2023-01-11 10:55:28,508 - INFO - <module> : Clicked
2023-01-11 10:55:28,508 - INFO - <module> : Clicked
2023-01-11 10:55:28,508 - INFO - <module> : Clicked
2023-01-11 10:55:28,508 - INFO - <module> : Clicked
2023-01-11 10:55:28,508 - INFO - <module> : Clicked
2023-01-11 10:55:29,095 - INFO - <module> : Clicked
2023-01-11 10:55:29,095 - INFO - <module> : Clicked
2023-01-11 10:55:29,095 - INFO - <module> : Clicked
2023-01-11 10:55:29,095 - INFO - <module> : Clicked
2023-01-11 10:55:29,095 - INFO - <module> : Clicked
2023-01-11 10:55:29,165 - INFO - <module> : Clicked
2023-01-11 10:55:29,165 - INFO - <module> : Clicked
2023-01-11 10:55:29,165 - INFO - <module> : Clicked
2023-01-11 10:55:29,165 - INFO - <module> : Clicked
2023-01-11 10:55:29,165 - INFO - <module> : Clicked
2023-01-11 10:55:32,691 - INFO - <module> : Populate required fields > click Submit
2023-01-11 10:55:32,691 - INFO - <module> : Populate required fields > click Submit
2023-01-11 10:55:32,691 - INFO - <module> : Populate required fields > click Submit
2023-01-11 10:55:32,691 - INFO - <module> : Populate required fields > click Submit
2023-01-11 10:55:32,691 - INFO - <module> : Populate required fields > click Submit
2023-01-11 10:55:32,797 - INFO - <module> : Clicked
2023-01-11 10:55:32,797 - INFO - <module> : Clicked
2023-01-11 10:55:32,797 - INFO - <module> : Clicked
2023-01-11 10:55:32,797 - INFO - <module> : Clicked
2023-01-11 10:55:32,797 - INFO - <module> : Clicked
2023-01-11 10:55:33,383 - INFO - <module> : Clicked
2023-01-11 10:55:33,383 - INFO - <module> : Clicked
2023-01-11 10:55:33,383 - INFO - <module> : Clicked
2023-01-11 10:55:33,383 - INFO - <module> : Clicked
2023-01-11 10:55:33,383 - INFO - <module> : Clicked
2023-01-11 10:55:34,463 - INFO - <module> : Clicked
2023-01-11 10:55:34,463 - INFO - <module> : Clicked
2023-01-11 10:55:34,463 - INFO - <module> : Clicked
2023-01-11 10:55:34,463 - INFO - <module> : Clicked
2023-01-11 10:55:34,463 - INFO - <module> : Clicked
2023-01-11 10:55:35,545 - INFO - <module> : Clicked
2023-01-11 10:55:35,545 - INFO - <module> : Clicked
2023-01-11 10:55:35,545 - INFO - <module> : Clicked
2023-01-11 10:55:35,545 - INFO - <module> : Clicked
2023-01-11 10:55:35,545 - INFO - <module> : Clicked
2023-01-11 10:55:37,674 - INFO - <module> : Clicked
2023-01-11 10:55:37,674 - INFO - <module> : Clicked
2023-01-11 10:55:37,674 - INFO - <module> : Clicked
2023-01-11 10:55:37,674 - INFO - <module> : Clicked
2023-01-11 10:55:37,674 - INFO - <module> : Clicked
2023-01-11 10:55:37,761 - INFO - <module> : input: 123
2023-01-11 10:55:37,761 - INFO - <module> : input: 123
2023-01-11 10:55:37,761 - INFO - <module> : input: 123
2023-01-11 10:55:37,761 - INFO - <module> : input: 123
2023-01-11 10:55:37,761 - INFO - <module> : input: 123
2023-01-11 10:55:37,840 - INFO - <module> : Clicked
2023-01-11 10:55:37,840 - INFO - <module> : Clicked
2023-01-11 10:55:37,840 - INFO - <module> : Clicked
2023-01-11 10:55:37,840 - INFO - <module> : Clicked
2023-01-11 10:55:37,840 - INFO - <module> : Clicked
2023-01-11 10:55:39,046 - INFO - setup : Close Browser
