2022-10-20 12:41:09,790 - INFO - setup : Browser Launched!
2022-10-20 12:41:27,248 - INFO - <module> : Access outage reporting form for Guest users.
2022-10-20 12:41:27,248 - INFO - <module> : Access outage reporting form for Guest users.
2022-10-20 12:41:27,248 - INFO - <module> : Access outage reporting form for Guest users.
2022-10-20 12:41:27,248 - INFO - <module> : Access outage reporting form for Guest users.
2022-10-20 12:41:30,745 - INFO - <module> : Opened: https://fuat-meralco.cs73.force.com/customers/s/outagemap
2022-10-20 12:41:30,745 - INFO - <module> : Opened: https://fuat-meralco.cs73.force.com/customers/s/outagemap
2022-10-20 12:41:30,745 - INFO - <module> : Opened: https://fuat-meralco.cs73.force.com/customers/s/outagemap
2022-10-20 12:41:30,745 - INFO - <module> : Opened: https://fuat-meralco.cs73.force.com/customers/s/outagemap
2022-10-20 12:41:38,398 - INFO - <module> : Meralco would like to access your location to identify if your area is affected by an outage. exists
2022-10-20 12:41:38,398 - INFO - <module> : Meralco would like to access your location to identify if your area is affected by an outage. exists
2022-10-20 12:41:38,398 - INFO - <module> : Meralco would like to access your location to identify if your area is affected by an outage. exists
2022-10-20 12:41:38,398 - INFO - <module> : Meralco would like to access your location to identify if your area is affected by an outage. exists
2022-10-20 12:41:40,688 - INFO - <module> : Clicked
2022-10-20 12:41:40,688 - INFO - <module> : Clicked
2022-10-20 12:41:40,688 - INFO - <module> : Clicked
2022-10-20 12:41:40,688 - INFO - <module> : Clicked
2022-10-20 12:41:44,973 - INFO - <module> : Clicked
2022-10-20 12:41:44,973 - INFO - <module> : Clicked
2022-10-20 12:41:44,973 - INFO - <module> : Clicked
2022-10-20 12:41:44,973 - INFO - <module> : Clicked
2022-10-20 12:41:53,118 - INFO - <module> : Report an Outage or Incident exists
2022-10-20 12:41:53,118 - INFO - <module> : Report an Outage or Incident exists
2022-10-20 12:41:53,118 - INFO - <module> : Report an Outage or Incident exists
2022-10-20 12:41:53,118 - INFO - <module> : Report an Outage or Incident exists
2022-10-20 12:41:58,042 - INFO - <module> : Choose 'Streetlight Concern' from the 'What are you reporting?' option.
2022-10-20 12:41:58,042 - INFO - <module> : Choose 'Streetlight Concern' from the 'What are you reporting?' option.
2022-10-20 12:41:58,042 - INFO - <module> : Choose 'Streetlight Concern' from the 'What are you reporting?' option.
2022-10-20 12:41:58,042 - INFO - <module> : Choose 'Streetlight Concern' from the 'What are you reporting?' option.
2022-10-20 12:41:58,279 - INFO - <module> : Clicked
2022-10-20 12:41:58,279 - INFO - <module> : Clicked
2022-10-20 12:41:58,279 - INFO - <module> : Clicked
2022-10-20 12:41:58,279 - INFO - <module> : Clicked
2022-10-20 12:42:03,263 - INFO - <module> : Choose 'Yes' from the options.
2022-10-20 12:42:03,263 - INFO - <module> : Choose 'Yes' from the options.
2022-10-20 12:42:03,263 - INFO - <module> : Choose 'Yes' from the options.
2022-10-20 12:42:03,263 - INFO - <module> : Choose 'Yes' from the options.
2022-10-20 12:42:03,470 - INFO - <module> : Clicked
2022-10-20 12:42:03,470 - INFO - <module> : Clicked
2022-10-20 12:42:03,470 - INFO - <module> : Clicked
2022-10-20 12:42:03,470 - INFO - <module> : Clicked
2022-10-20 12:42:08,460 - INFO - <module> : Click the dropdown field for Q2.
2022-10-20 12:42:08,460 - INFO - <module> : Click the dropdown field for Q2.
2022-10-20 12:42:08,460 - INFO - <module> : Click the dropdown field for Q2.
2022-10-20 12:42:08,460 - INFO - <module> : Click the dropdown field for Q2.
2022-10-20 12:42:08,746 - INFO - <module> : Clicked
2022-10-20 12:42:08,746 - INFO - <module> : Clicked
2022-10-20 12:42:08,746 - INFO - <module> : Clicked
2022-10-20 12:42:08,746 - INFO - <module> : Clicked
2022-10-20 12:42:13,667 - INFO - <module> : Choose 'Streetlight is always on, even during daytime' from the option.
2022-10-20 12:42:13,667 - INFO - <module> : Choose 'Streetlight is always on, even during daytime' from the option.
2022-10-20 12:42:13,667 - INFO - <module> : Choose 'Streetlight is always on, even during daytime' from the option.
2022-10-20 12:42:13,667 - INFO - <module> : Choose 'Streetlight is always on, even during daytime' from the option.
2022-10-20 12:42:13,921 - INFO - <module> : Clicked
2022-10-20 12:42:13,921 - INFO - <module> : Clicked
2022-10-20 12:42:13,921 - INFO - <module> : Clicked
2022-10-20 12:42:13,921 - INFO - <module> : Clicked
2022-10-20 12:42:19,146 - INFO - <module> : Populate the following fields by selecting from one of the picklist values, as applicable:
- Province
- City/Municipality
- Barangay
- Subdivision
- Street
- House/Unit No./ Floor/ Building
2022-10-20 12:42:19,146 - INFO - <module> : Populate the following fields by selecting from one of the picklist values, as applicable:
- Province
- City/Municipality
- Barangay
- Subdivision
- Street
- House/Unit No./ Floor/ Building
2022-10-20 12:42:19,146 - INFO - <module> : Populate the following fields by selecting from one of the picklist values, as applicable:
- Province
- City/Municipality
- Barangay
- Subdivision
- Street
- House/Unit No./ Floor/ Building
2022-10-20 12:42:19,146 - INFO - <module> : Populate the following fields by selecting from one of the picklist values, as applicable:
- Province
- City/Municipality
- Barangay
- Subdivision
- Street
- House/Unit No./ Floor/ Building
2022-10-20 12:42:19,467 - INFO - <module> : Clicked
2022-10-20 12:42:19,467 - INFO - <module> : Clicked
2022-10-20 12:42:19,467 - INFO - <module> : Clicked
2022-10-20 12:42:19,467 - INFO - <module> : Clicked
2022-10-20 12:42:20,136 - INFO - <module> : Clicked
2022-10-20 12:42:20,136 - INFO - <module> : Clicked
2022-10-20 12:42:20,136 - INFO - <module> : Clicked
2022-10-20 12:42:20,136 - INFO - <module> : Clicked
2022-10-20 12:42:20,792 - INFO - <module> : Clicked
2022-10-20 12:42:20,792 - INFO - <module> : Clicked
2022-10-20 12:42:20,792 - INFO - <module> : Clicked
2022-10-20 12:42:20,792 - INFO - <module> : Clicked
2022-10-20 12:42:21,432 - INFO - <module> : Clicked
2022-10-20 12:42:21,432 - INFO - <module> : Clicked
2022-10-20 12:42:21,432 - INFO - <module> : Clicked
2022-10-20 12:42:21,432 - INFO - <module> : Clicked
2022-10-20 12:42:22,101 - INFO - <module> : Clicked
2022-10-20 12:42:22,101 - INFO - <module> : Clicked
2022-10-20 12:42:22,101 - INFO - <module> : Clicked
2022-10-20 12:42:22,101 - INFO - <module> : Clicked
2022-10-20 12:42:22,264 - INFO - <module> : input: 123
2022-10-20 12:42:22,264 - INFO - <module> : input: 123
2022-10-20 12:42:22,264 - INFO - <module> : input: 123
2022-10-20 12:42:22,264 - INFO - <module> : input: 123
2022-10-20 12:42:27,340 - INFO - <module> : Populate 'Pole Number' field.
Note: There should be no pending case associated to the encoded Pole Number.
2022-10-20 12:42:27,340 - INFO - <module> : Populate 'Pole Number' field.
Note: There should be no pending case associated to the encoded Pole Number.
2022-10-20 12:42:27,340 - INFO - <module> : Populate 'Pole Number' field.
Note: There should be no pending case associated to the encoded Pole Number.
2022-10-20 12:42:27,340 - INFO - <module> : Populate 'Pole Number' field.
Note: There should be no pending case associated to the encoded Pole Number.
2022-10-20 12:42:27,628 - INFO - <module> : input: 29
2022-10-20 12:42:27,628 - INFO - <module> : input: 29
2022-10-20 12:42:27,628 - INFO - <module> : input: 29
2022-10-20 12:42:27,628 - INFO - <module> : input: 29
2022-10-20 12:42:32,754 - INFO - <module> : Select the 'Landmarks/Directions' option and input values in the text box.
2022-10-20 12:42:32,754 - INFO - <module> : Select the 'Landmarks/Directions' option and input values in the text box.
2022-10-20 12:42:32,754 - INFO - <module> : Select the 'Landmarks/Directions' option and input values in the text box.
2022-10-20 12:42:32,754 - INFO - <module> : Select the 'Landmarks/Directions' option and input values in the text box.
2022-10-20 12:42:33,030 - INFO - <module> : Clicked
2022-10-20 12:42:33,030 - INFO - <module> : Clicked
2022-10-20 12:42:33,030 - INFO - <module> : Clicked
2022-10-20 12:42:33,030 - INFO - <module> : Clicked
2022-10-20 12:42:34,655 - INFO - setup : Close Browser
