2022-10-14 14:34:22,074 - INFO - setup : Browser Launched!
2022-10-14 14:34:29,181 - INFO - <module> : Go to https://fuat-meralco.cs73.force.com/customers/s/outagemap
2022-10-14 14:34:29,181 - INFO - <module> : Go to https://fuat-meralco.cs73.force.com/customers/s/outagemap
2022-10-14 14:34:29,181 - INFO - <module> : Go to https://fuat-meralco.cs73.force.com/customers/s/outagemap
2022-10-14 14:34:29,181 - INFO - <module> : Go to https://fuat-meralco.cs73.force.com/customers/s/outagemap
2022-10-14 14:34:33,888 - INFO - <module> : Opened: https://fuat-meralco.cs73.force.com/customers/s/outagemap
2022-10-14 14:34:33,888 - INFO - <module> : Opened: https://fuat-meralco.cs73.force.com/customers/s/outagemap
2022-10-14 14:34:33,888 - INFO - <module> : Opened: https://fuat-meralco.cs73.force.com/customers/s/outagemap
2022-10-14 14:34:33,888 - INFO - <module> : Opened: https://fuat-meralco.cs73.force.com/customers/s/outagemap
2022-10-14 14:34:36,819 - INFO - <module> : Click on Map Views button > Select Terrain on Map Type 
2022-10-14 14:34:36,819 - INFO - <module> : Click on Map Views button > Select Terrain on Map Type 
2022-10-14 14:34:36,819 - INFO - <module> : Click on Map Views button > Select Terrain on Map Type 
2022-10-14 14:34:36,819 - INFO - <module> : Click on Map Views button > Select Terrain on Map Type 
2022-10-14 14:34:36,929 - INFO - <module> : Meralco would like to access your location to identify if your area is affected by an outage. exists
2022-10-14 14:34:36,929 - INFO - <module> : Meralco would like to access your location to identify if your area is affected by an outage. exists
2022-10-14 14:34:36,929 - INFO - <module> : Meralco would like to access your location to identify if your area is affected by an outage. exists
2022-10-14 14:34:36,929 - INFO - <module> : Meralco would like to access your location to identify if your area is affected by an outage. exists
2022-10-14 14:34:37,397 - INFO - <module> : Disagree clicked
2022-10-14 14:34:37,397 - INFO - <module> : Disagree clicked
2022-10-14 14:34:37,397 - INFO - <module> : Disagree clicked
2022-10-14 14:34:37,397 - INFO - <module> : Disagree clicked
2022-10-14 14:34:41,486 - INFO - <module> :  clicked
2022-10-14 14:34:41,486 - INFO - <module> :  clicked
2022-10-14 14:34:41,486 - INFO - <module> :  clicked
2022-10-14 14:34:41,486 - INFO - <module> :  clicked
2022-10-14 14:34:43,798 - INFO - <module> :  clicked
2022-10-14 14:34:43,798 - INFO - <module> :  clicked
2022-10-14 14:34:43,798 - INFO - <module> :  clicked
2022-10-14 14:34:43,798 - INFO - <module> :  clicked
2022-10-14 14:34:59,964 - INFO - setup : Close Browser
