2023-01-12 15:11:16,693 - INFO - setup : Browser Launched!
2023-01-12 15:11:46,656 - INFO - <module> : Clicked
2023-01-12 15:11:46,656 - INFO - <module> : Clicked
2023-01-12 15:11:46,656 - INFO - <module> : Clicked
2023-01-12 15:11:46,656 - INFO - <module> : Clicked
2023-01-12 15:12:01,281 - INFO - <module> : input: arcebido.earljohn@gmail.com
2023-01-12 15:12:01,281 - INFO - <module> : input: arcebido.earljohn@gmail.com
2023-01-12 15:12:01,281 - INFO - <module> : input: arcebido.earljohn@gmail.com
2023-01-12 15:12:01,281 - INFO - <module> : input: arcebido.earljohn@gmail.com
2023-01-12 15:12:02,496 - INFO - <module> : Clicked
2023-01-12 15:12:02,496 - INFO - <module> : Clicked
2023-01-12 15:12:02,496 - INFO - <module> : Clicked
2023-01-12 15:12:02,496 - INFO - <module> : Clicked
2023-01-12 15:12:04,217 - INFO - <module> : input: Eja09202903164!
2023-01-12 15:12:04,217 - INFO - <module> : input: Eja09202903164!
2023-01-12 15:12:04,217 - INFO - <module> : input: Eja09202903164!
2023-01-12 15:12:04,217 - INFO - <module> : input: Eja09202903164!
2023-01-12 15:12:04,354 - INFO - <module> : Clicked
2023-01-12 15:12:04,354 - INFO - <module> : Clicked
2023-01-12 15:12:04,354 - INFO - <module> : Clicked
2023-01-12 15:12:04,354 - INFO - <module> : Clicked
2023-01-12 15:12:41,768 - INFO - setup : Close Browser
