2022-10-17 09:38:57,172 - INFO - setup : Browser Launched!
2022-10-17 09:39:06,504 - INFO - <module> : Go to https://fuat-meralco.cs73.force.com/customers/s/outagemap
2022-10-17 09:39:06,504 - INFO - <module> : Go to https://fuat-meralco.cs73.force.com/customers/s/outagemap
2022-10-17 09:39:06,504 - INFO - <module> : Go to https://fuat-meralco.cs73.force.com/customers/s/outagemap
2022-10-17 09:39:06,504 - INFO - <module> : Go to https://fuat-meralco.cs73.force.com/customers/s/outagemap
2022-10-17 09:39:10,482 - INFO - <module> : Opened: https://fuat-meralco.cs73.force.com/customers/s/outagemap
2022-10-17 09:39:10,482 - INFO - <module> : Opened: https://fuat-meralco.cs73.force.com/customers/s/outagemap
2022-10-17 09:39:10,482 - INFO - <module> : Opened: https://fuat-meralco.cs73.force.com/customers/s/outagemap
2022-10-17 09:39:10,482 - INFO - <module> : Opened: https://fuat-meralco.cs73.force.com/customers/s/outagemap
2022-10-17 09:39:14,322 - INFO - <module> : Validate View Outages by
2022-10-17 09:39:14,322 - INFO - <module> : Validate View Outages by
2022-10-17 09:39:14,322 - INFO - <module> : Validate View Outages by
2022-10-17 09:39:14,322 - INFO - <module> : Validate View Outages by
2022-10-17 09:39:14,431 - INFO - <module> : Meralco would like to access your location to identify if your area is affected by an outage. exists
2022-10-17 09:39:14,431 - INFO - <module> : Meralco would like to access your location to identify if your area is affected by an outage. exists
2022-10-17 09:39:14,431 - INFO - <module> : Meralco would like to access your location to identify if your area is affected by an outage. exists
2022-10-17 09:39:14,431 - INFO - <module> : Meralco would like to access your location to identify if your area is affected by an outage. exists
2022-10-17 09:39:14,546 - INFO - <module> : Agree clicked
2022-10-17 09:39:14,546 - INFO - <module> : Agree clicked
2022-10-17 09:39:14,546 - INFO - <module> : Agree clicked
2022-10-17 09:39:14,546 - INFO - <module> : Agree clicked
2022-10-17 09:39:22,332 - INFO - <module> : Tick Other Address
2022-10-17 09:39:22,332 - INFO - <module> : Tick Other Address
2022-10-17 09:39:22,332 - INFO - <module> : Tick Other Address
2022-10-17 09:39:22,332 - INFO - <module> : Tick Other Address
2022-10-17 09:39:22,615 - INFO - <module> :  clicked
2022-10-17 09:39:22,615 - INFO - <module> :  clicked
2022-10-17 09:39:22,615 - INFO - <module> :  clicked
2022-10-17 09:39:22,615 - INFO - <module> :  clicked
2022-10-17 09:39:26,194 - INFO - <module> : Tick Anywhere on the map
2022-10-17 09:39:26,194 - INFO - <module> : Tick Anywhere on the map
2022-10-17 09:39:26,194 - INFO - <module> : Tick Anywhere on the map
2022-10-17 09:39:26,194 - INFO - <module> : Tick Anywhere on the map
2022-10-17 09:39:29,151 - INFO - setup : Close Browser
