2022-10-19 11:16:07,478 - INFO - setup : Browser Launched!
2022-10-19 11:16:20,497 - INFO - <module> : Go to https://fuat-meralco.cs73.force.com/customers/s/outagemap
2022-10-19 11:16:20,497 - INFO - <module> : Go to https://fuat-meralco.cs73.force.com/customers/s/outagemap
2022-10-19 11:16:20,497 - INFO - <module> : Go to https://fuat-meralco.cs73.force.com/customers/s/outagemap
2022-10-19 11:16:20,497 - INFO - <module> : Go to https://fuat-meralco.cs73.force.com/customers/s/outagemap
2022-10-19 11:16:25,622 - INFO - <module> : Opened: https://fuat-meralco.cs73.force.com/customers/s/outagemap
2022-10-19 11:16:25,622 - INFO - <module> : Opened: https://fuat-meralco.cs73.force.com/customers/s/outagemap
2022-10-19 11:16:25,622 - INFO - <module> : Opened: https://fuat-meralco.cs73.force.com/customers/s/outagemap
2022-10-19 11:16:25,622 - INFO - <module> : Opened: https://fuat-meralco.cs73.force.com/customers/s/outagemap
2022-10-19 11:16:28,732 - INFO - <module> : Click on Map Views button > Click Meralco Business Center under Map Layers
2022-10-19 11:16:28,732 - INFO - <module> : Click on Map Views button > Click Meralco Business Center under Map Layers
2022-10-19 11:16:28,732 - INFO - <module> : Click on Map Views button > Click Meralco Business Center under Map Layers
2022-10-19 11:16:28,732 - INFO - <module> : Click on Map Views button > Click Meralco Business Center under Map Layers
2022-10-19 11:16:28,794 - INFO - <module> : Meralco would like to access your location to identify if your area is affected by an outage. exists
2022-10-19 11:16:28,794 - INFO - <module> : Meralco would like to access your location to identify if your area is affected by an outage. exists
2022-10-19 11:16:28,794 - INFO - <module> : Meralco would like to access your location to identify if your area is affected by an outage. exists
2022-10-19 11:16:28,794 - INFO - <module> : Meralco would like to access your location to identify if your area is affected by an outage. exists
2022-10-19 11:16:28,881 - INFO - <module> : Clicked
2022-10-19 11:16:28,881 - INFO - <module> : Clicked
2022-10-19 11:16:28,881 - INFO - <module> : Clicked
2022-10-19 11:16:28,881 - INFO - <module> : Clicked
2022-10-19 11:16:34,050 - INFO - setup : Close Browser
