2022-10-27 10:25:07,395 - INFO - setup : Browser Launched!
2022-10-27 10:25:19,901 - INFO - <module> : Click on burger menu > Outages by Area
2022-10-27 10:25:19,901 - INFO - <module> : Click on burger menu > Outages by Area
2022-10-27 10:25:19,901 - INFO - <module> : Click on burger menu > Outages by Area
2022-10-27 10:25:19,901 - INFO - <module> : Click on burger menu > Outages by Area
2022-10-27 10:25:21,192 - INFO - <module> : Opened: https://outage-api.meralco.com.ph/
2022-10-27 10:25:21,192 - INFO - <module> : Opened: https://outage-api.meralco.com.ph/
2022-10-27 10:25:21,192 - INFO - <module> : Opened: https://outage-api.meralco.com.ph/
2022-10-27 10:25:21,192 - INFO - <module> : Opened: https://outage-api.meralco.com.ph/
2022-10-27 10:25:23,244 - INFO - <module> : input: v-lvlgalvez@meralco.com.ph
2022-10-27 10:25:23,244 - INFO - <module> : input: v-lvlgalvez@meralco.com.ph
2022-10-27 10:25:23,244 - INFO - <module> : input: v-lvlgalvez@meralco.com.ph
2022-10-27 10:25:23,244 - INFO - <module> : input: v-lvlgalvez@meralco.com.ph
2022-10-27 10:25:23,375 - INFO - <module> : Clicked
2022-10-27 10:25:23,375 - INFO - <module> : Clicked
2022-10-27 10:25:23,375 - INFO - <module> : Clicked
2022-10-27 10:25:23,375 - INFO - <module> : Clicked
2022-10-27 10:25:25,042 - INFO - <module> : input: Mecopass@@!!129
2022-10-27 10:25:25,042 - INFO - <module> : input: Mecopass@@!!129
2022-10-27 10:25:25,042 - INFO - <module> : input: Mecopass@@!!129
2022-10-27 10:25:25,042 - INFO - <module> : input: Mecopass@@!!129
2022-10-27 10:25:25,863 - INFO - <module> : Clicked
2022-10-27 10:25:25,863 - INFO - <module> : Clicked
2022-10-27 10:25:25,863 - INFO - <module> : Clicked
2022-10-27 10:25:25,863 - INFO - <module> : Clicked
2022-10-27 10:25:26,572 - INFO - <module> : Clicked
2022-10-27 10:25:26,572 - INFO - <module> : Clicked
2022-10-27 10:25:26,572 - INFO - <module> : Clicked
2022-10-27 10:25:26,572 - INFO - <module> : Clicked
2022-10-27 10:25:55,040 - INFO - <module> : Clicked
2022-10-27 10:25:55,040 - INFO - <module> : Clicked
2022-10-27 10:25:55,040 - INFO - <module> : Clicked
2022-10-27 10:25:55,040 - INFO - <module> : Clicked
2022-10-27 10:25:59,179 - INFO - <module> :  clicked
2022-10-27 10:25:59,179 - INFO - <module> :  clicked
2022-10-27 10:25:59,179 - INFO - <module> :  clicked
2022-10-27 10:25:59,179 - INFO - <module> :  clicked
2022-10-27 10:25:59,331 - INFO - <module> : Outages by Area clicked
2022-10-27 10:25:59,331 - INFO - <module> : Outages by Area clicked
2022-10-27 10:25:59,331 - INFO - <module> : Outages by Area clicked
2022-10-27 10:25:59,331 - INFO - <module> : Outages by Area clicked
2022-10-27 10:25:59,475 - INFO - <module> : Select
arrow_drop_down clicked
2022-10-27 10:25:59,475 - INFO - <module> : Select
arrow_drop_down clicked
2022-10-27 10:25:59,475 - INFO - <module> : Select
arrow_drop_down clicked
2022-10-27 10:25:59,475 - INFO - <module> : Select
arrow_drop_down clicked
2022-10-27 10:26:14,540 - INFO - <module> :  clicked
2022-10-27 10:26:14,540 - INFO - <module> :  clicked
2022-10-27 10:26:14,540 - INFO - <module> :  clicked
2022-10-27 10:26:14,540 - INFO - <module> :  clicked
2022-10-27 10:26:17,096 - INFO - setup : Close Browser
