2022-10-17 09:51:57,310 - INFO - setup : Browser Launched!
2022-10-17 09:52:03,926 - INFO - <module> : Go to https://fuat-meralco.cs73.force.com/customers/s/outagemap
2022-10-17 09:52:03,926 - INFO - <module> : Go to https://fuat-meralco.cs73.force.com/customers/s/outagemap
2022-10-17 09:52:03,926 - INFO - <module> : Go to https://fuat-meralco.cs73.force.com/customers/s/outagemap
2022-10-17 09:52:03,926 - INFO - <module> : Go to https://fuat-meralco.cs73.force.com/customers/s/outagemap
2022-10-17 09:52:08,855 - INFO - <module> : Opened: https://fuat-meralco.cs73.force.com/customers/s/outagemap
2022-10-17 09:52:08,855 - INFO - <module> : Opened: https://fuat-meralco.cs73.force.com/customers/s/outagemap
2022-10-17 09:52:08,855 - INFO - <module> : Opened: https://fuat-meralco.cs73.force.com/customers/s/outagemap
2022-10-17 09:52:08,855 - INFO - <module> : Opened: https://fuat-meralco.cs73.force.com/customers/s/outagemap
2022-10-17 09:52:11,910 - INFO - <module> : Validate View Outages by
2022-10-17 09:52:11,910 - INFO - <module> : Validate View Outages by
2022-10-17 09:52:11,910 - INFO - <module> : Validate View Outages by
2022-10-17 09:52:11,910 - INFO - <module> : Validate View Outages by
2022-10-17 09:52:11,969 - INFO - <module> : Meralco would like to access your location to identify if your area is affected by an outage. exists
2022-10-17 09:52:11,969 - INFO - <module> : Meralco would like to access your location to identify if your area is affected by an outage. exists
2022-10-17 09:52:11,969 - INFO - <module> : Meralco would like to access your location to identify if your area is affected by an outage. exists
2022-10-17 09:52:11,969 - INFO - <module> : Meralco would like to access your location to identify if your area is affected by an outage. exists
2022-10-17 09:52:12,051 - INFO - <module> : Agree clicked
2022-10-17 09:52:12,051 - INFO - <module> : Agree clicked
2022-10-17 09:52:12,051 - INFO - <module> : Agree clicked
2022-10-17 09:52:12,051 - INFO - <module> : Agree clicked
2022-10-17 09:52:18,863 - INFO - <module> : Tick Other Address
2022-10-17 09:52:18,863 - INFO - <module> : Tick Other Address
2022-10-17 09:52:18,863 - INFO - <module> : Tick Other Address
2022-10-17 09:52:18,863 - INFO - <module> : Tick Other Address
2022-10-17 09:52:18,976 - INFO - <module> :  clicked
2022-10-17 09:52:18,976 - INFO - <module> :  clicked
2022-10-17 09:52:18,976 - INFO - <module> :  clicked
2022-10-17 09:52:18,976 - INFO - <module> :  clicked
2022-10-17 09:52:22,047 - INFO - <module> : Tick Anywhere on the map
2022-10-17 09:52:22,047 - INFO - <module> : Tick Anywhere on the map
2022-10-17 09:52:22,047 - INFO - <module> : Tick Anywhere on the map
2022-10-17 09:52:22,047 - INFO - <module> : Tick Anywhere on the map
2022-10-17 09:52:24,860 - INFO - setup : Close Browser
