2022-10-26 16:04:22,620 - INFO - setup : Browser Launched!
2022-10-26 16:04:31,502 - INFO - <module> : Click on burger menu > Search Locations > Select Service ID No. > Search SIN
2022-10-26 16:04:31,502 - INFO - <module> : Click on burger menu > Search Locations > Select Service ID No. > Search SIN
2022-10-26 16:04:31,502 - INFO - <module> : Click on burger menu > Search Locations > Select Service ID No. > Search SIN
2022-10-26 16:04:31,502 - INFO - <module> : Click on burger menu > Search Locations > Select Service ID No. > Search SIN
2022-10-26 16:04:32,887 - INFO - <module> : Opened: https://outage-api.meralco.com.ph/
2022-10-26 16:04:32,887 - INFO - <module> : Opened: https://outage-api.meralco.com.ph/
2022-10-26 16:04:32,887 - INFO - <module> : Opened: https://outage-api.meralco.com.ph/
2022-10-26 16:04:32,887 - INFO - <module> : Opened: https://outage-api.meralco.com.ph/
2022-10-26 16:04:35,235 - INFO - <module> : input: v-lvlgalvez@meralco.com.ph
2022-10-26 16:04:35,235 - INFO - <module> : input: v-lvlgalvez@meralco.com.ph
2022-10-26 16:04:35,235 - INFO - <module> : input: v-lvlgalvez@meralco.com.ph
2022-10-26 16:04:35,235 - INFO - <module> : input: v-lvlgalvez@meralco.com.ph
2022-10-26 16:04:35,320 - INFO - <module> : Clicked
2022-10-26 16:04:35,320 - INFO - <module> : Clicked
2022-10-26 16:04:35,320 - INFO - <module> : Clicked
2022-10-26 16:04:35,320 - INFO - <module> : Clicked
2022-10-26 16:04:36,458 - INFO - <module> : input: Mecopass@@!!129
2022-10-26 16:04:36,458 - INFO - <module> : input: Mecopass@@!!129
2022-10-26 16:04:36,458 - INFO - <module> : input: Mecopass@@!!129
2022-10-26 16:04:36,458 - INFO - <module> : input: Mecopass@@!!129
2022-10-26 16:04:36,985 - INFO - <module> : Clicked
2022-10-26 16:04:36,985 - INFO - <module> : Clicked
2022-10-26 16:04:36,985 - INFO - <module> : Clicked
2022-10-26 16:04:36,985 - INFO - <module> : Clicked
2022-10-26 16:04:37,649 - INFO - <module> : Clicked
2022-10-26 16:04:37,649 - INFO - <module> : Clicked
2022-10-26 16:04:37,649 - INFO - <module> : Clicked
2022-10-26 16:04:37,649 - INFO - <module> : Clicked
2022-10-26 16:05:06,482 - INFO - <module> : Clicked
2022-10-26 16:05:06,482 - INFO - <module> : Clicked
2022-10-26 16:05:06,482 - INFO - <module> : Clicked
2022-10-26 16:05:06,482 - INFO - <module> : Clicked
2022-10-26 16:05:10,586 - INFO - <module> :  clicked
2022-10-26 16:05:10,586 - INFO - <module> :  clicked
2022-10-26 16:05:10,586 - INFO - <module> :  clicked
2022-10-26 16:05:10,586 - INFO - <module> :  clicked
2022-10-26 16:05:10,683 - INFO - <module> : Search Locations clicked
2022-10-26 16:05:10,683 - INFO - <module> : Search Locations clicked
2022-10-26 16:05:10,683 - INFO - <module> : Search Locations clicked
2022-10-26 16:05:10,683 - INFO - <module> : Search Locations clicked
2022-10-26 16:05:10,753 - INFO - <module> : Service ID No.
arrow_drop_down clicked
2022-10-26 16:05:10,753 - INFO - <module> : Service ID No.
arrow_drop_down clicked
2022-10-26 16:05:10,753 - INFO - <module> : Service ID No.
arrow_drop_down clicked
2022-10-26 16:05:10,753 - INFO - <module> : Service ID No.
arrow_drop_down clicked
2022-10-26 16:05:10,813 - INFO - <module> : Service ID No. clicked
2022-10-26 16:05:10,813 - INFO - <module> : Service ID No. clicked
2022-10-26 16:05:10,813 - INFO - <module> : Service ID No. clicked
2022-10-26 16:05:10,813 - INFO - <module> : Service ID No. clicked
2022-10-26 16:05:10,962 - INFO - <module> : input: 200102850101
2022-10-26 16:05:10,962 - INFO - <module> : input: 200102850101
2022-10-26 16:05:10,962 - INFO - <module> : input: 200102850101
2022-10-26 16:05:10,962 - INFO - <module> : input: 200102850101
2022-10-26 16:05:11,014 - INFO - <module> : Enter: 
2022-10-26 16:05:11,014 - INFO - <module> : Enter: 
2022-10-26 16:05:11,014 - INFO - <module> : Enter: 
2022-10-26 16:05:11,014 - INFO - <module> : Enter: 
2022-10-26 16:05:14,108 - INFO - <module> :  clicked
2022-10-26 16:05:14,108 - INFO - <module> :  clicked
2022-10-26 16:05:14,108 - INFO - <module> :  clicked
2022-10-26 16:05:14,108 - INFO - <module> :  clicked
2022-10-26 16:05:14,186 - INFO - <module> : input: 200102850101
2022-10-26 16:05:14,186 - INFO - <module> : input: 200102850101
2022-10-26 16:05:14,186 - INFO - <module> : input: 200102850101
2022-10-26 16:05:14,186 - INFO - <module> : input: 200102850101
2022-10-26 16:05:16,626 - INFO - setup : Close Browser
