2023-01-10 19:42:13,659 - INFO - setup : Browser Launched!
2023-01-10 19:42:48,871 - INFO - <module> : input: atconcernsingle@yopmail.com
2023-01-10 19:42:48,871 - INFO - <module> : input: atconcernsingle@yopmail.com
2023-01-10 19:42:48,871 - INFO - <module> : input: atconcernsingle@yopmail.com
2023-01-10 19:42:48,871 - INFO - <module> : input: atconcernsingle@yopmail.com
2023-01-10 19:42:49,335 - INFO - <module> : input: Meralco01
2023-01-10 19:42:49,335 - INFO - <module> : input: Meralco01
2023-01-10 19:42:49,335 - INFO - <module> : input: Meralco01
2023-01-10 19:42:49,335 - INFO - <module> : input: Meralco01
2023-01-10 19:42:50,289 - INFO - <module> : Clicked
2023-01-10 19:42:50,289 - INFO - <module> : Clicked
2023-01-10 19:42:50,289 - INFO - <module> : Clicked
2023-01-10 19:42:50,289 - INFO - <module> : Clicked
2023-01-10 19:42:55,651 - INFO - <module> : Hello, exists
2023-01-10 19:42:55,651 - INFO - <module> : Hello, exists
2023-01-10 19:42:55,651 - INFO - <module> : Hello, exists
2023-01-10 19:42:55,651 - INFO - <module> : Hello, exists
2023-01-10 19:42:55,733 - INFO - <module> : AT SINGLE clicked
2023-01-10 19:42:55,733 - INFO - <module> : AT SINGLE clicked
2023-01-10 19:42:55,733 - INFO - <module> : AT SINGLE clicked
2023-01-10 19:42:55,733 - INFO - <module> : AT SINGLE clicked
2023-01-10 19:42:55,886 - INFO - <module> :  clicked
2023-01-10 19:42:55,886 - INFO - <module> :  clicked
2023-01-10 19:42:55,886 - INFO - <module> :  clicked
2023-01-10 19:42:55,886 - INFO - <module> :  clicked
2023-01-10 19:43:01,631 - INFO - <module> : Clicked
2023-01-10 19:43:01,631 - INFO - <module> : Clicked
2023-01-10 19:43:01,631 - INFO - <module> : Clicked
2023-01-10 19:43:01,631 - INFO - <module> : Clicked
2023-01-10 19:43:04,107 - INFO - <module> : input: 21345654
2023-01-10 19:43:04,107 - INFO - <module> : input: 21345654
2023-01-10 19:43:04,107 - INFO - <module> : input: 21345654
2023-01-10 19:43:04,107 - INFO - <module> : input: 21345654
2023-01-10 19:43:04,124 - INFO - setup : Close Browser
