2022-10-27 10:23:31,126 - INFO - setup : Browser Launched!
2022-10-27 10:23:44,161 - INFO - <module> : Click on burger menu > Outages by Area
2022-10-27 10:23:44,161 - INFO - <module> : Click on burger menu > Outages by Area
2022-10-27 10:23:44,161 - INFO - <module> : Click on burger menu > Outages by Area
2022-10-27 10:23:44,161 - INFO - <module> : Click on burger menu > Outages by Area
2022-10-27 10:23:45,446 - INFO - <module> : Opened: https://outage-api.meralco.com.ph/
2022-10-27 10:23:45,446 - INFO - <module> : Opened: https://outage-api.meralco.com.ph/
2022-10-27 10:23:45,446 - INFO - <module> : Opened: https://outage-api.meralco.com.ph/
2022-10-27 10:23:45,446 - INFO - <module> : Opened: https://outage-api.meralco.com.ph/
2022-10-27 10:23:48,628 - INFO - <module> : input: v-lvlgalvez@meralco.com.ph
2022-10-27 10:23:48,628 - INFO - <module> : input: v-lvlgalvez@meralco.com.ph
2022-10-27 10:23:48,628 - INFO - <module> : input: v-lvlgalvez@meralco.com.ph
2022-10-27 10:23:48,628 - INFO - <module> : input: v-lvlgalvez@meralco.com.ph
2022-10-27 10:23:48,722 - INFO - <module> : Clicked
2022-10-27 10:23:48,722 - INFO - <module> : Clicked
2022-10-27 10:23:48,722 - INFO - <module> : Clicked
2022-10-27 10:23:48,722 - INFO - <module> : Clicked
2022-10-27 10:23:50,880 - INFO - <module> : input: Mecopass@@!!129
2022-10-27 10:23:50,880 - INFO - <module> : input: Mecopass@@!!129
2022-10-27 10:23:50,880 - INFO - <module> : input: Mecopass@@!!129
2022-10-27 10:23:50,880 - INFO - <module> : input: Mecopass@@!!129
2022-10-27 10:23:51,597 - INFO - <module> : Clicked
2022-10-27 10:23:51,597 - INFO - <module> : Clicked
2022-10-27 10:23:51,597 - INFO - <module> : Clicked
2022-10-27 10:23:51,597 - INFO - <module> : Clicked
2022-10-27 10:23:52,272 - INFO - <module> : Clicked
2022-10-27 10:23:52,272 - INFO - <module> : Clicked
2022-10-27 10:23:52,272 - INFO - <module> : Clicked
2022-10-27 10:23:52,272 - INFO - <module> : Clicked
2022-10-27 10:24:21,128 - INFO - <module> : Clicked
2022-10-27 10:24:21,128 - INFO - <module> : Clicked
2022-10-27 10:24:21,128 - INFO - <module> : Clicked
2022-10-27 10:24:21,128 - INFO - <module> : Clicked
2022-10-27 10:24:25,240 - INFO - <module> :  clicked
2022-10-27 10:24:25,240 - INFO - <module> :  clicked
2022-10-27 10:24:25,240 - INFO - <module> :  clicked
2022-10-27 10:24:25,240 - INFO - <module> :  clicked
2022-10-27 10:24:25,379 - INFO - <module> : Outages by Area clicked
2022-10-27 10:24:25,379 - INFO - <module> : Outages by Area clicked
2022-10-27 10:24:25,379 - INFO - <module> : Outages by Area clicked
2022-10-27 10:24:25,379 - INFO - <module> : Outages by Area clicked
2022-10-27 10:24:25,458 - INFO - <module> : Select
arrow_drop_down clicked
2022-10-27 10:24:25,458 - INFO - <module> : Select
arrow_drop_down clicked
2022-10-27 10:24:25,458 - INFO - <module> : Select
arrow_drop_down clicked
2022-10-27 10:24:25,458 - INFO - <module> : Select
arrow_drop_down clicked
2022-10-27 10:24:55,937 - ERROR - <module> : Cannot Locate: sector_value
2022-10-27 10:24:55,937 - ERROR - <module> : Cannot Locate: sector_value
2022-10-27 10:24:55,937 - ERROR - <module> : Cannot Locate: sector_value
2022-10-27 10:24:55,937 - ERROR - <module> : Cannot Locate: sector_value
2022-10-27 10:24:56,109 - INFO - setup : Close Browser
