2023-01-03 16:02:15,116 - INFO - setup : Browser Launched!
2023-01-03 16:02:44,977 - INFO - <module> : Opened: https://fuat-meralco.cs73.force.com/customers/s/cxe-apply
2023-01-03 16:02:44,977 - INFO - <module> : Opened: https://fuat-meralco.cs73.force.com/customers/s/cxe-apply
2023-01-03 16:02:44,977 - INFO - <module> : Opened: https://fuat-meralco.cs73.force.com/customers/s/cxe-apply
2023-01-03 16:02:44,977 - INFO - <module> : Opened: https://fuat-meralco.cs73.force.com/customers/s/cxe-apply
2023-01-03 16:02:51,385 - INFO - <module> : Service Application exists
2023-01-03 16:02:51,385 - INFO - <module> : Service Application exists
2023-01-03 16:02:51,385 - INFO - <module> : Service Application exists
2023-01-03 16:02:51,385 - INFO - <module> : Service Application exists
2023-01-03 16:02:54,733 - INFO - <module> : Clicked
2023-01-03 16:02:54,733 - INFO - <module> : Clicked
2023-01-03 16:02:54,733 - INFO - <module> : Clicked
2023-01-03 16:02:54,733 - INFO - <module> : Clicked
2023-01-03 16:02:58,039 - INFO - <module> : Clicked
2023-01-03 16:02:58,039 - INFO - <module> : Clicked
2023-01-03 16:02:58,039 - INFO - <module> : Clicked
2023-01-03 16:02:58,039 - INFO - <module> : Clicked
2023-01-03 16:03:07,172 - INFO - <module> : Clicked
2023-01-03 16:03:07,172 - INFO - <module> : Clicked
2023-01-03 16:03:07,172 - INFO - <module> : Clicked
2023-01-03 16:03:07,172 - INFO - <module> : Clicked
2023-01-03 16:03:12,248 - INFO - setup : Close Browser
