2023-01-12 14:20:43,718 - INFO - setup : Browser Launched!
2023-01-12 14:21:23,403 - INFO - <module> : Clicked
2023-01-12 14:21:23,403 - INFO - <module> : Clicked
2023-01-12 14:21:23,403 - INFO - <module> : Clicked
2023-01-12 14:21:23,403 - INFO - <module> : Clicked
2023-01-12 14:21:23,403 - INFO - <module> : Clicked
2023-01-12 14:21:33,166 - INFO - <module> : input: arcebido.earljohn@gmail.com
2023-01-12 14:21:33,166 - INFO - <module> : input: arcebido.earljohn@gmail.com
2023-01-12 14:21:33,166 - INFO - <module> : input: arcebido.earljohn@gmail.com
2023-01-12 14:21:33,166 - INFO - <module> : input: arcebido.earljohn@gmail.com
2023-01-12 14:21:33,166 - INFO - <module> : input: arcebido.earljohn@gmail.com
2023-01-12 14:21:34,462 - INFO - <module> : Clicked
2023-01-12 14:21:34,462 - INFO - <module> : Clicked
2023-01-12 14:21:34,462 - INFO - <module> : Clicked
2023-01-12 14:21:34,462 - INFO - <module> : Clicked
2023-01-12 14:21:34,462 - INFO - <module> : Clicked
2023-01-12 14:21:36,092 - INFO - <module> : input: Eja09202903164!
2023-01-12 14:21:36,092 - INFO - <module> : input: Eja09202903164!
2023-01-12 14:21:36,092 - INFO - <module> : input: Eja09202903164!
2023-01-12 14:21:36,092 - INFO - <module> : input: Eja09202903164!
2023-01-12 14:21:36,092 - INFO - <module> : input: Eja09202903164!
2023-01-12 14:21:38,690 - INFO - <module> : Clicked
2023-01-12 14:21:38,690 - INFO - <module> : Clicked
2023-01-12 14:21:38,690 - INFO - <module> : Clicked
2023-01-12 14:21:38,690 - INFO - <module> : Clicked
2023-01-12 14:21:38,690 - INFO - <module> : Clicked
2023-01-12 14:21:55,082 - INFO - setup : Close Browser
