2022-11-18 14:00:43,858 - INFO - setup : Browser Launched!
2022-11-18 14:00:52,883 - INFO - <module> : Go to lower right of Internal Map
2022-11-18 14:00:52,883 - INFO - <module> : Go to lower right of Internal Map
2022-11-18 14:00:52,883 - INFO - <module> : Go to lower right of Internal Map
2022-11-18 14:00:52,883 - INFO - <module> : Go to lower right of Internal Map
2022-11-18 14:00:56,342 - INFO - <module> : Opened: https://outage-api.meralco.com.ph/
2022-11-18 14:00:56,342 - INFO - <module> : Opened: https://outage-api.meralco.com.ph/
2022-11-18 14:00:56,342 - INFO - <module> : Opened: https://outage-api.meralco.com.ph/
2022-11-18 14:00:56,342 - INFO - <module> : Opened: https://outage-api.meralco.com.ph/
2022-11-18 14:00:58,171 - INFO - <module> : input: v-agsealmoy@meralco.com.ph
2022-11-18 14:00:58,171 - INFO - <module> : input: v-agsealmoy@meralco.com.ph
2022-11-18 14:00:58,171 - INFO - <module> : input: v-agsealmoy@meralco.com.ph
2022-11-18 14:00:58,171 - INFO - <module> : input: v-agsealmoy@meralco.com.ph
2022-11-18 14:00:58,231 - INFO - <module> : Clicked
2022-11-18 14:00:58,231 - INFO - <module> : Clicked
2022-11-18 14:00:58,231 - INFO - <module> : Clicked
2022-11-18 14:00:58,231 - INFO - <module> : Clicked
2022-11-18 14:00:59,855 - INFO - <module> : input: Meco@@##00018
2022-11-18 14:00:59,855 - INFO - <module> : input: Meco@@##00018
2022-11-18 14:00:59,855 - INFO - <module> : input: Meco@@##00018
2022-11-18 14:00:59,855 - INFO - <module> : input: Meco@@##00018
2022-11-18 14:01:00,434 - INFO - <module> : Clicked
2022-11-18 14:01:00,434 - INFO - <module> : Clicked
2022-11-18 14:01:00,434 - INFO - <module> : Clicked
2022-11-18 14:01:00,434 - INFO - <module> : Clicked
2022-11-18 14:01:01,042 - INFO - <module> : Clicked
2022-11-18 14:01:01,042 - INFO - <module> : Clicked
2022-11-18 14:01:01,042 - INFO - <module> : Clicked
2022-11-18 14:01:01,042 - INFO - <module> : Clicked
2022-11-18 14:01:29,142 - INFO - <module> : Clicked
2022-11-18 14:01:29,142 - INFO - <module> : Clicked
2022-11-18 14:01:29,142 - INFO - <module> : Clicked
2022-11-18 14:01:29,142 - INFO - <module> : Clicked
2022-11-18 14:02:02,197 - INFO - <module> : Go to lower right of Internal Map
2022-11-18 14:02:02,197 - INFO - <module> : Go to lower right of Internal Map
2022-11-18 14:02:02,197 - INFO - <module> : Go to lower right of Internal Map
2022-11-18 14:02:02,197 - INFO - <module> : Go to lower right of Internal Map
2022-11-18 14:02:05,231 - INFO - <module> : Click Street View icon
2022-11-18 14:02:05,231 - INFO - <module> : Click Street View icon
2022-11-18 14:02:05,231 - INFO - <module> : Click Street View icon
2022-11-18 14:02:05,231 - INFO - <module> : Click Street View icon
2022-11-18 14:02:08,305 - INFO - setup : Close Browser
