2022-10-26 10:47:16,940 - INFO - setup : Browser Launched!
2022-10-26 10:47:29,410 - INFO - <module> : Go to Internal Map 
2022-10-26 10:47:29,410 - INFO - <module> : Go to Internal Map 
2022-10-26 10:47:29,410 - INFO - <module> : Go to Internal Map 
2022-10-26 10:47:29,410 - INFO - <module> : Go to Internal Map 
2022-10-26 10:47:31,325 - INFO - <module> : Opened: https://outage-api.meralco.com.ph/
2022-10-26 10:47:31,325 - INFO - <module> : Opened: https://outage-api.meralco.com.ph/
2022-10-26 10:47:31,325 - INFO - <module> : Opened: https://outage-api.meralco.com.ph/
2022-10-26 10:47:31,325 - INFO - <module> : Opened: https://outage-api.meralco.com.ph/
2022-10-26 10:47:33,896 - INFO - <module> : input: v-lvlgalvez@meralco.com.ph
2022-10-26 10:47:33,896 - INFO - <module> : input: v-lvlgalvez@meralco.com.ph
2022-10-26 10:47:33,896 - INFO - <module> : input: v-lvlgalvez@meralco.com.ph
2022-10-26 10:47:33,896 - INFO - <module> : input: v-lvlgalvez@meralco.com.ph
2022-10-26 10:47:34,008 - INFO - <module> : Clicked
2022-10-26 10:47:34,008 - INFO - <module> : Clicked
2022-10-26 10:47:34,008 - INFO - <module> : Clicked
2022-10-26 10:47:34,008 - INFO - <module> : Clicked
2022-10-26 10:47:35,214 - INFO - <module> : input: Mecopass@@!!129
2022-10-26 10:47:35,214 - INFO - <module> : input: Mecopass@@!!129
2022-10-26 10:47:35,214 - INFO - <module> : input: Mecopass@@!!129
2022-10-26 10:47:35,214 - INFO - <module> : input: Mecopass@@!!129
2022-10-26 10:47:35,989 - INFO - <module> : Clicked
2022-10-26 10:47:35,989 - INFO - <module> : Clicked
2022-10-26 10:47:35,989 - INFO - <module> : Clicked
2022-10-26 10:47:35,989 - INFO - <module> : Clicked
2022-10-26 10:47:36,634 - INFO - <module> : Clicked
2022-10-26 10:47:36,634 - INFO - <module> : Clicked
2022-10-26 10:47:36,634 - INFO - <module> : Clicked
2022-10-26 10:47:36,634 - INFO - <module> : Clicked
2022-10-26 10:48:08,731 - INFO - <module> : Clicked
2022-10-26 10:48:08,731 - INFO - <module> : Clicked
2022-10-26 10:48:08,731 - INFO - <module> : Clicked
2022-10-26 10:48:08,731 - INFO - <module> : Clicked
2022-10-26 10:48:16,681 - INFO - <module> : Open Menu -> Map Displays -> tick weather
2022-10-26 10:48:16,681 - INFO - <module> : Open Menu -> Map Displays -> tick weather
2022-10-26 10:48:16,681 - INFO - <module> : Open Menu -> Map Displays -> tick weather
2022-10-26 10:48:16,681 - INFO - <module> : Open Menu -> Map Displays -> tick weather
2022-10-26 10:48:19,722 - INFO - <module> :  clicked
2022-10-26 10:48:19,722 - INFO - <module> :  clicked
2022-10-26 10:48:19,722 - INFO - <module> :  clicked
2022-10-26 10:48:19,722 - INFO - <module> :  clicked
2022-10-26 10:48:19,997 - INFO - <module> : Map Displays clicked
2022-10-26 10:48:19,997 - INFO - <module> : Map Displays clicked
2022-10-26 10:48:19,997 - INFO - <module> : Map Displays clicked
2022-10-26 10:48:19,997 - INFO - <module> : Map Displays clicked
2022-10-26 10:48:22,351 - INFO - <module> : tick weather icon to be displayed according to the scenario
2022-10-26 10:48:22,351 - INFO - <module> : tick weather icon to be displayed according to the scenario
2022-10-26 10:48:22,351 - INFO - <module> : tick weather icon to be displayed according to the scenario
2022-10-26 10:48:22,351 - INFO - <module> : tick weather icon to be displayed according to the scenario
2022-10-26 10:48:22,654 - INFO - <module> :  clicked
2022-10-26 10:48:22,654 - INFO - <module> :  clicked
2022-10-26 10:48:22,654 - INFO - <module> :  clicked
2022-10-26 10:48:22,654 - INFO - <module> :  clicked
2022-10-26 10:48:25,341 - INFO - <module> : OK clicked
2022-10-26 10:48:25,341 - INFO - <module> : OK clicked
2022-10-26 10:48:25,341 - INFO - <module> : OK clicked
2022-10-26 10:48:25,341 - INFO - <module> : OK clicked
2022-10-26 10:48:30,113 - INFO - <module> : Adjust zoom level according to scenario
2022-10-26 10:48:30,113 - INFO - <module> : Adjust zoom level according to scenario
2022-10-26 10:48:30,113 - INFO - <module> : Adjust zoom level according to scenario
2022-10-26 10:48:30,113 - INFO - <module> : Adjust zoom level according to scenario
2022-10-26 10:49:00,419 - ERROR - <module> : Cannot Locate: zoom_out
2022-10-26 10:49:00,419 - ERROR - <module> : Cannot Locate: zoom_out
2022-10-26 10:49:00,419 - ERROR - <module> : Cannot Locate: zoom_out
2022-10-26 10:49:00,419 - ERROR - <module> : Cannot Locate: zoom_out
2022-10-26 10:49:00,622 - INFO - setup : Close Browser
