2023-01-05 11:21:30,015 - INFO - setup : Browser Launched!
2023-01-05 11:22:00,890 - INFO - <module> : Opened: https://fuat-meralco.cs73.force.com/customers/s/cxe-apply
2023-01-05 11:22:00,890 - INFO - <module> : Opened: https://fuat-meralco.cs73.force.com/customers/s/cxe-apply
2023-01-05 11:22:00,890 - INFO - <module> : Opened: https://fuat-meralco.cs73.force.com/customers/s/cxe-apply
2023-01-05 11:22:00,890 - INFO - <module> : Opened: https://fuat-meralco.cs73.force.com/customers/s/cxe-apply
2023-01-05 11:22:07,191 - INFO - <module> : Service Application exists
2023-01-05 11:22:07,191 - INFO - <module> : Service Application exists
2023-01-05 11:22:07,191 - INFO - <module> : Service Application exists
2023-01-05 11:22:07,191 - INFO - <module> : Service Application exists
2023-01-05 11:22:10,700 - INFO - <module> : Clicked
2023-01-05 11:22:10,700 - INFO - <module> : Clicked
2023-01-05 11:22:10,700 - INFO - <module> : Clicked
2023-01-05 11:22:10,700 - INFO - <module> : Clicked
2023-01-05 11:22:14,063 - INFO - <module> : Clicked
2023-01-05 11:22:14,063 - INFO - <module> : Clicked
2023-01-05 11:22:14,063 - INFO - <module> : Clicked
2023-01-05 11:22:14,063 - INFO - <module> : Clicked
2023-01-05 11:22:23,664 - INFO - <module> : Clicked
2023-01-05 11:22:23,664 - INFO - <module> : Clicked
2023-01-05 11:22:23,664 - INFO - <module> : Clicked
2023-01-05 11:22:23,664 - INFO - <module> : Clicked
2023-01-05 11:22:30,631 - INFO - <module> : input: atcontFname
2023-01-05 11:22:30,631 - INFO - <module> : input: atcontFname
2023-01-05 11:22:30,631 - INFO - <module> : input: atcontFname
2023-01-05 11:22:30,631 - INFO - <module> : input: atcontFname
2023-01-05 11:22:30,808 - INFO - <module> : input: atcontLname
2023-01-05 11:22:30,808 - INFO - <module> : input: atcontLname
2023-01-05 11:22:30,808 - INFO - <module> : input: atcontLname
2023-01-05 11:22:30,808 - INFO - <module> : input: atcontLname
2023-01-05 11:22:30,921 - INFO - <module> : input: atcontbusinessName
2023-01-05 11:22:30,921 - INFO - <module> : input: atcontbusinessName
2023-01-05 11:22:30,921 - INFO - <module> : input: atcontbusinessName
2023-01-05 11:22:30,921 - INFO - <module> : input: atcontbusinessName
2023-01-05 11:22:31,020 - INFO - <module> : input: atcontEmailAddress@yopmail.com
2023-01-05 11:22:31,020 - INFO - <module> : input: atcontEmailAddress@yopmail.com
2023-01-05 11:22:31,020 - INFO - <module> : input: atcontEmailAddress@yopmail.com
2023-01-05 11:22:31,020 - INFO - <module> : input: atcontEmailAddress@yopmail.com
2023-01-05 11:22:31,189 - INFO - <module> : input: +639234567891
2023-01-05 11:22:31,189 - INFO - <module> : input: +639234567891
2023-01-05 11:22:31,189 - INFO - <module> : input: +639234567891
2023-01-05 11:22:31,189 - INFO - <module> : input: +639234567891
2023-01-05 11:22:34,417 - INFO - <module> : Clicked
2023-01-05 11:22:34,417 - INFO - <module> : Clicked
2023-01-05 11:22:34,417 - INFO - <module> : Clicked
2023-01-05 11:22:34,417 - INFO - <module> : Clicked
2023-01-05 11:22:42,406 - INFO - <module> : input: atfirst1
2023-01-05 11:22:42,406 - INFO - <module> : input: atfirst1
2023-01-05 11:22:42,406 - INFO - <module> : input: atfirst1
2023-01-05 11:22:42,406 - INFO - <module> : input: atfirst1
2023-01-05 11:22:42,530 - INFO - <module> : input: atlast1
2023-01-05 11:22:42,530 - INFO - <module> : input: atlast1
2023-01-05 11:22:42,530 - INFO - <module> : input: atlast1
2023-01-05 11:22:42,530 - INFO - <module> : input: atlast1
2023-01-05 11:22:42,630 - INFO - <module> : input: aaaaa@yopmail.com
2023-01-05 11:22:42,630 - INFO - <module> : input: aaaaa@yopmail.com
2023-01-05 11:22:42,630 - INFO - <module> : input: aaaaa@yopmail.com
2023-01-05 11:22:42,630 - INFO - <module> : input: aaaaa@yopmail.com
2023-01-05 11:22:42,739 - INFO - <module> : input: 10/04/1993
2023-01-05 11:22:42,739 - INFO - <module> : input: 10/04/1993
2023-01-05 11:22:42,739 - INFO - <module> : input: 10/04/1993
2023-01-05 11:22:42,739 - INFO - <module> : input: 10/04/1993
2023-01-05 11:22:43,121 - INFO - <module> : input: +639272222235
2023-01-05 11:22:43,121 - INFO - <module> : input: +639272222235
2023-01-05 11:22:43,121 - INFO - <module> : input: +639272222235
2023-01-05 11:22:43,121 - INFO - <module> : input: +639272222235
2023-01-05 11:22:45,703 - INFO - <module> : Clicked
2023-01-05 11:22:45,703 - INFO - <module> : Clicked
2023-01-05 11:22:45,703 - INFO - <module> : Clicked
2023-01-05 11:22:45,703 - INFO - <module> : Clicked
2023-01-05 11:22:53,609 - INFO - <module> : input: Quezon City
2023-01-05 11:22:53,609 - INFO - <module> : input: Quezon City
2023-01-05 11:22:53,609 - INFO - <module> : input: Quezon City
2023-01-05 11:22:53,609 - INFO - <module> : input: Quezon City
2023-01-05 11:22:56,798 - INFO - <module> : Clicked
2023-01-05 11:22:56,798 - INFO - <module> : Clicked
2023-01-05 11:22:56,798 - INFO - <module> : Clicked
2023-01-05 11:22:56,798 - INFO - <module> : Clicked
2023-01-05 11:23:29,901 - ERROR - <module> : Cannot Locate: cxe_apply_terms_conditions
2023-01-05 11:23:29,901 - ERROR - <module> : Cannot Locate: cxe_apply_terms_conditions
2023-01-05 11:23:29,901 - ERROR - <module> : Cannot Locate: cxe_apply_terms_conditions
2023-01-05 11:23:29,901 - ERROR - <module> : Cannot Locate: cxe_apply_terms_conditions
2023-01-05 11:23:29,973 - INFO - setup : Close Browser
