2023-01-10 19:45:20,582 - INFO - setup : Browser Launched!
2023-01-10 19:45:46,547 - INFO - <module> : input: atconcernsingle@yopmail.com
2023-01-10 19:45:46,547 - INFO - <module> : input: atconcernsingle@yopmail.com
2023-01-10 19:45:46,547 - INFO - <module> : input: atconcernsingle@yopmail.com
2023-01-10 19:45:46,547 - INFO - <module> : input: atconcernsingle@yopmail.com
2023-01-10 19:45:47,027 - INFO - <module> : input: Meralco01
2023-01-10 19:45:47,027 - INFO - <module> : input: Meralco01
2023-01-10 19:45:47,027 - INFO - <module> : input: Meralco01
2023-01-10 19:45:47,027 - INFO - <module> : input: Meralco01
2023-01-10 19:45:47,961 - INFO - <module> : Clicked
2023-01-10 19:45:47,961 - INFO - <module> : Clicked
2023-01-10 19:45:47,961 - INFO - <module> : Clicked
2023-01-10 19:45:47,961 - INFO - <module> : Clicked
2023-01-10 19:45:52,766 - INFO - <module> : Hello, exists
2023-01-10 19:45:52,766 - INFO - <module> : Hello, exists
2023-01-10 19:45:52,766 - INFO - <module> : Hello, exists
2023-01-10 19:45:52,766 - INFO - <module> : Hello, exists
2023-01-10 19:45:53,018 - INFO - <module> : AT SINGLE clicked
2023-01-10 19:45:53,018 - INFO - <module> : AT SINGLE clicked
2023-01-10 19:45:53,018 - INFO - <module> : AT SINGLE clicked
2023-01-10 19:45:53,018 - INFO - <module> : AT SINGLE clicked
2023-01-10 19:45:53,196 - INFO - <module> :  clicked
2023-01-10 19:45:53,196 - INFO - <module> :  clicked
2023-01-10 19:45:53,196 - INFO - <module> :  clicked
2023-01-10 19:45:53,196 - INFO - <module> :  clicked
2023-01-10 19:45:58,960 - INFO - <module> : Clicked
2023-01-10 19:45:58,960 - INFO - <module> : Clicked
2023-01-10 19:45:58,960 - INFO - <module> : Clicked
2023-01-10 19:45:58,960 - INFO - <module> : Clicked
2023-01-10 19:46:01,592 - INFO - <module> : input: 21345654
2023-01-10 19:46:01,592 - INFO - <module> : input: 21345654
2023-01-10 19:46:01,592 - INFO - <module> : input: 21345654
2023-01-10 19:46:01,592 - INFO - <module> : input: 21345654
2023-01-10 19:46:01,609 - INFO - setup : Close Browser
