2023-01-12 18:06:36,305 - INFO - setup : Browser Launched!
2023-01-12 18:07:05,915 - INFO - <module> : Opened: https://fuat-meralco.cs73.force.com/customers/s/cxe-apply
2023-01-12 18:07:05,915 - INFO - <module> : Opened: https://fuat-meralco.cs73.force.com/customers/s/cxe-apply
2023-01-12 18:07:05,915 - INFO - <module> : Opened: https://fuat-meralco.cs73.force.com/customers/s/cxe-apply
2023-01-12 18:07:05,915 - INFO - <module> : Opened: https://fuat-meralco.cs73.force.com/customers/s/cxe-apply
2023-01-12 18:07:09,289 - INFO - <module> : Service Application exists
2023-01-12 18:07:09,289 - INFO - <module> : Service Application exists
2023-01-12 18:07:09,289 - INFO - <module> : Service Application exists
2023-01-12 18:07:09,289 - INFO - <module> : Service Application exists
2023-01-12 18:07:12,558 - INFO - <module> : Clicked
2023-01-12 18:07:12,558 - INFO - <module> : Clicked
2023-01-12 18:07:12,558 - INFO - <module> : Clicked
2023-01-12 18:07:12,558 - INFO - <module> : Clicked
2023-01-12 18:07:15,702 - INFO - <module> : Clicked
2023-01-12 18:07:15,702 - INFO - <module> : Clicked
2023-01-12 18:07:15,702 - INFO - <module> : Clicked
2023-01-12 18:07:15,702 - INFO - <module> : Clicked
2023-01-12 18:07:18,054 - INFO - <module> : Clicked
2023-01-12 18:07:18,054 - INFO - <module> : Clicked
2023-01-12 18:07:18,054 - INFO - <module> : Clicked
2023-01-12 18:07:18,054 - INFO - <module> : Clicked
2023-01-12 18:07:21,843 - INFO - <module> : input: aaaaa3@yopmail.com
2023-01-12 18:07:21,843 - INFO - <module> : input: aaaaa3@yopmail.com
2023-01-12 18:07:21,843 - INFO - <module> : input: aaaaa3@yopmail.com
2023-01-12 18:07:21,843 - INFO - <module> : input: aaaaa3@yopmail.com
2023-01-12 18:07:21,948 - INFO - <module> : input: Zero Eleven
2023-01-12 18:07:21,948 - INFO - <module> : input: Zero Eleven
2023-01-12 18:07:21,948 - INFO - <module> : input: Zero Eleven
2023-01-12 18:07:21,948 - INFO - <module> : input: Zero Eleven
2023-01-12 18:07:22,088 - INFO - <module> : input: TS
2023-01-12 18:07:22,088 - INFO - <module> : input: TS
2023-01-12 18:07:22,088 - INFO - <module> : input: TS
2023-01-12 18:07:22,088 - INFO - <module> : input: TS
2023-01-12 18:07:22,210 - INFO - <module> : input: 9272437214
2023-01-12 18:07:22,210 - INFO - <module> : input: 9272437214
2023-01-12 18:07:22,210 - INFO - <module> : input: 9272437214
2023-01-12 18:07:22,210 - INFO - <module> : input: 9272437214
2023-01-12 18:07:22,860 - INFO - <module> : Clicked
2023-01-12 18:07:22,860 - INFO - <module> : Clicked
2023-01-12 18:07:22,860 - INFO - <module> : Clicked
2023-01-12 18:07:22,860 - INFO - <module> : Clicked
2023-01-12 18:07:25,984 - INFO - <module> : Clicked
2023-01-12 18:07:25,984 - INFO - <module> : Clicked
2023-01-12 18:07:25,984 - INFO - <module> : Clicked
2023-01-12 18:07:25,984 - INFO - <module> : Clicked
2023-01-12 18:07:32,265 - INFO - setup : Close Browser
