2022-10-13 15:48:28,308 - INFO - setup : Browser Launched!
2022-10-13 15:48:38,944 - INFO - <module> : Login to Meralco Online
2022-10-13 15:48:38,944 - INFO - <module> : Login to Meralco Online
2022-10-13 15:48:38,944 - INFO - <module> : Login to Meralco Online
2022-10-13 15:48:38,944 - INFO - <module> : Login to Meralco Online
2022-10-13 15:48:39,218 - INFO - <module> : input: atmooutageaccount@yopmail.com
2022-10-13 15:48:39,218 - INFO - <module> : input: atmooutageaccount@yopmail.com
2022-10-13 15:48:39,218 - INFO - <module> : input: atmooutageaccount@yopmail.com
2022-10-13 15:48:39,218 - INFO - <module> : input: atmooutageaccount@yopmail.com
2022-10-13 15:48:39,327 - INFO - <module> : input: Meralco01
2022-10-13 15:48:39,327 - INFO - <module> : input: Meralco01
2022-10-13 15:48:39,327 - INFO - <module> : input: Meralco01
2022-10-13 15:48:39,327 - INFO - <module> : input: Meralco01
2022-10-13 15:48:39,441 - INFO - <module> : Log in clicked
2022-10-13 15:48:39,441 - INFO - <module> : Log in clicked
2022-10-13 15:48:39,441 - INFO - <module> : Log in clicked
2022-10-13 15:48:39,441 - INFO - <module> : Log in clicked
2022-10-13 15:48:43,551 - INFO - <module> : Hello, exists
2022-10-13 15:48:43,551 - INFO - <module> : Hello, exists
2022-10-13 15:48:43,551 - INFO - <module> : Hello, exists
2022-10-13 15:48:43,551 - INFO - <module> : Hello, exists
2022-10-13 15:48:43,580 - INFO - <module> : Hello, exists
2022-10-13 15:48:43,580 - INFO - <module> : Hello, exists
2022-10-13 15:48:43,580 - INFO - <module> : Hello, exists
2022-10-13 15:48:43,580 - INFO - <module> : Hello, exists
2022-10-13 15:48:46,456 - INFO - <module> : Go to Outages & Incidents > View/Report Outages > Tick Address on View Outages by > tick Current Address
2022-10-13 15:48:46,456 - INFO - <module> : Go to Outages & Incidents > View/Report Outages > Tick Address on View Outages by > tick Current Address
2022-10-13 15:48:46,456 - INFO - <module> : Go to Outages & Incidents > View/Report Outages > Tick Address on View Outages by > tick Current Address
2022-10-13 15:48:46,456 - INFO - <module> : Go to Outages & Incidents > View/Report Outages > Tick Address on View Outages by > tick Current Address
2022-10-13 15:48:46,543 - INFO - <module> : Outages & Incidents clicked
2022-10-13 15:48:46,543 - INFO - <module> : Outages & Incidents clicked
2022-10-13 15:48:46,543 - INFO - <module> : Outages & Incidents clicked
2022-10-13 15:48:46,543 - INFO - <module> : Outages & Incidents clicked
2022-10-13 15:48:46,614 - INFO - <module> :  clicked
2022-10-13 15:48:46,614 - INFO - <module> :  clicked
2022-10-13 15:48:46,614 - INFO - <module> :  clicked
2022-10-13 15:48:46,614 - INFO - <module> :  clicked
2022-10-13 15:48:57,837 - INFO - <module> : Okay clicked
2022-10-13 15:48:57,837 - INFO - <module> : Okay clicked
2022-10-13 15:48:57,837 - INFO - <module> : Okay clicked
2022-10-13 15:48:57,837 - INFO - <module> : Okay clicked
2022-10-13 15:49:00,317 - INFO - <module> :  clicked
2022-10-13 15:49:00,317 - INFO - <module> :  clicked
2022-10-13 15:49:00,317 - INFO - <module> :  clicked
2022-10-13 15:49:00,317 - INFO - <module> :  clicked
2022-10-13 15:49:00,434 - INFO - <module> :  clicked
2022-10-13 15:49:00,434 - INFO - <module> :  clicked
2022-10-13 15:49:00,434 - INFO - <module> :  clicked
2022-10-13 15:49:00,434 - INFO - <module> :  clicked
2022-10-13 15:49:03,560 - INFO - <module> : Click Agree
2022-10-13 15:49:03,560 - INFO - <module> : Click Agree
2022-10-13 15:49:03,560 - INFO - <module> : Click Agree
2022-10-13 15:49:03,560 - INFO - <module> : Click Agree
2022-10-13 15:49:03,634 - INFO - <module> : Meralco would like to access your location to identify if your area is affected by an outage. exists
2022-10-13 15:49:03,634 - INFO - <module> : Meralco would like to access your location to identify if your area is affected by an outage. exists
2022-10-13 15:49:03,634 - INFO - <module> : Meralco would like to access your location to identify if your area is affected by an outage. exists
2022-10-13 15:49:03,634 - INFO - <module> : Meralco would like to access your location to identify if your area is affected by an outage. exists
2022-10-13 15:49:06,059 - INFO - <module> : Agree clicked
2022-10-13 15:49:06,059 - INFO - <module> : Agree clicked
2022-10-13 15:49:06,059 - INFO - <module> : Agree clicked
2022-10-13 15:49:06,059 - INFO - <module> : Agree clicked
2022-10-13 15:49:12,711 - INFO - setup : Close Browser
