2022-10-14 15:56:52,535 - INFO - setup : Browser Launched!
2022-10-14 15:56:59,738 - INFO - <module> : Go to https://fuat-meralco.cs73.force.com/customers/s/outagemap
2022-10-14 15:56:59,738 - INFO - <module> : Go to https://fuat-meralco.cs73.force.com/customers/s/outagemap
2022-10-14 15:56:59,738 - INFO - <module> : Go to https://fuat-meralco.cs73.force.com/customers/s/outagemap
2022-10-14 15:56:59,738 - INFO - <module> : Go to https://fuat-meralco.cs73.force.com/customers/s/outagemap
2022-10-14 15:57:54,382 - INFO - <module> : Opened: https://fuat-meralco.cs73.force.com/customers/s/outagemap
2022-10-14 15:57:54,382 - INFO - <module> : Opened: https://fuat-meralco.cs73.force.com/customers/s/outagemap
2022-10-14 15:57:54,382 - INFO - <module> : Opened: https://fuat-meralco.cs73.force.com/customers/s/outagemap
2022-10-14 15:57:54,382 - INFO - <module> : Opened: https://fuat-meralco.cs73.force.com/customers/s/outagemap
2022-10-14 15:57:54,649 - INFO - <module> : Meralco would like to access your location to identify if your area is affected by an outage. exists
2022-10-14 15:57:54,649 - INFO - <module> : Meralco would like to access your location to identify if your area is affected by an outage. exists
2022-10-14 15:57:54,649 - INFO - <module> : Meralco would like to access your location to identify if your area is affected by an outage. exists
2022-10-14 15:57:54,649 - INFO - <module> : Meralco would like to access your location to identify if your area is affected by an outage. exists
2022-10-14 15:57:54,831 - INFO - <module> : Disagree clicked
2022-10-14 15:57:54,831 - INFO - <module> : Disagree clicked
2022-10-14 15:57:54,831 - INFO - <module> : Disagree clicked
2022-10-14 15:57:54,831 - INFO - <module> : Disagree clicked
2022-10-14 16:14:49,491 - INFO - <module> : Clicked
2022-10-14 16:14:49,491 - INFO - <module> : Clicked
2022-10-14 16:14:49,491 - INFO - <module> : Clicked
2022-10-14 16:14:49,491 - INFO - <module> : Clicked
