2023-01-12 13:40:49,276 - INFO - setup : Browser Launched!
2023-01-12 13:41:29,987 - INFO - <module> : Clicked
2023-01-12 13:41:29,987 - INFO - <module> : Clicked
2023-01-12 13:41:29,987 - INFO - <module> : Clicked
2023-01-12 13:41:29,987 - INFO - <module> : Clicked
2023-01-12 13:41:29,987 - INFO - <module> : Clicked
2023-01-12 13:41:39,902 - INFO - <module> : input: arcebido.earljohn@gmail.com
2023-01-12 13:41:39,902 - INFO - <module> : input: arcebido.earljohn@gmail.com
2023-01-12 13:41:39,902 - INFO - <module> : input: arcebido.earljohn@gmail.com
2023-01-12 13:41:39,902 - INFO - <module> : input: arcebido.earljohn@gmail.com
2023-01-12 13:41:39,902 - INFO - <module> : input: arcebido.earljohn@gmail.com
2023-01-12 13:41:41,284 - INFO - <module> : Clicked
2023-01-12 13:41:41,284 - INFO - <module> : Clicked
2023-01-12 13:41:41,284 - INFO - <module> : Clicked
2023-01-12 13:41:41,284 - INFO - <module> : Clicked
2023-01-12 13:41:41,284 - INFO - <module> : Clicked
2023-01-12 13:41:42,884 - INFO - <module> : input: Eja09202903164!
2023-01-12 13:41:42,884 - INFO - <module> : input: Eja09202903164!
2023-01-12 13:41:42,884 - INFO - <module> : input: Eja09202903164!
2023-01-12 13:41:42,884 - INFO - <module> : input: Eja09202903164!
2023-01-12 13:41:42,884 - INFO - <module> : input: Eja09202903164!
2023-01-12 13:41:45,379 - INFO - <module> : Clicked
2023-01-12 13:41:45,379 - INFO - <module> : Clicked
2023-01-12 13:41:45,379 - INFO - <module> : Clicked
2023-01-12 13:41:45,379 - INFO - <module> : Clicked
2023-01-12 13:41:45,379 - INFO - <module> : Clicked
2023-01-12 13:42:21,267 - INFO - <module> : input: 9234567891
2023-01-12 13:42:21,267 - INFO - <module> : input: 9234567891
2023-01-12 13:42:21,267 - INFO - <module> : input: 9234567891
2023-01-12 13:42:21,267 - INFO - <module> : input: 9234567891
2023-01-12 13:42:21,267 - INFO - <module> : input: 9234567891
2023-01-12 13:42:21,562 - INFO - <module> : input: 3534057721
2023-01-12 13:42:21,562 - INFO - <module> : input: 3534057721
2023-01-12 13:42:21,562 - INFO - <module> : input: 3534057721
2023-01-12 13:42:21,562 - INFO - <module> : input: 3534057721
2023-01-12 13:42:21,562 - INFO - <module> : input: 3534057721
2023-01-12 13:42:21,670 - INFO - <module> : input: 400
2023-01-12 13:42:21,670 - INFO - <module> : input: 400
2023-01-12 13:42:21,670 - INFO - <module> : input: 400
2023-01-12 13:42:21,670 - INFO - <module> : input: 400
2023-01-12 13:42:21,670 - INFO - <module> : input: 400
2023-01-12 13:42:22,726 - INFO - <module> : input: 12/13/2022
2023-01-12 13:42:22,726 - INFO - <module> : input: 12/13/2022
2023-01-12 13:42:22,726 - INFO - <module> : input: 12/13/2022
2023-01-12 13:42:22,726 - INFO - <module> : input: 12/13/2022
2023-01-12 13:42:22,726 - INFO - <module> : input: 12/13/2022
2023-01-12 13:42:29,496 - INFO - setup : Close Browser
