2022-11-18 13:14:56,337 - INFO - setup : Browser Launched!
2022-11-18 13:15:07,600 - INFO - <module> : Opened: https://outage-api.meralco.com.ph/
2022-11-18 13:15:07,600 - INFO - <module> : Opened: https://outage-api.meralco.com.ph/
2022-11-18 13:15:07,600 - INFO - <module> : Opened: https://outage-api.meralco.com.ph/
2022-11-18 13:15:07,600 - INFO - <module> : Opened: https://outage-api.meralco.com.ph/
2022-11-18 13:15:08,847 - INFO - <module> : input: v-lvlgalvez@meralco.com.ph
2022-11-18 13:15:08,847 - INFO - <module> : input: v-lvlgalvez@meralco.com.ph
2022-11-18 13:15:08,847 - INFO - <module> : input: v-lvlgalvez@meralco.com.ph
2022-11-18 13:15:08,847 - INFO - <module> : input: v-lvlgalvez@meralco.com.ph
2022-11-18 13:15:08,905 - INFO - <module> : Clicked
2022-11-18 13:15:08,905 - INFO - <module> : Clicked
2022-11-18 13:15:08,905 - INFO - <module> : Clicked
2022-11-18 13:15:08,905 - INFO - <module> : Clicked
2022-11-18 13:15:09,995 - INFO - <module> : input: Mecopass@@!!121
2022-11-18 13:15:09,995 - INFO - <module> : input: Mecopass@@!!121
2022-11-18 13:15:09,995 - INFO - <module> : input: Mecopass@@!!121
2022-11-18 13:15:09,995 - INFO - <module> : input: Mecopass@@!!121
2022-11-18 13:15:10,464 - INFO - <module> : Clicked
2022-11-18 13:15:10,464 - INFO - <module> : Clicked
2022-11-18 13:15:10,464 - INFO - <module> : Clicked
2022-11-18 13:15:10,464 - INFO - <module> : Clicked
2022-11-18 13:15:11,054 - INFO - <module> : Clicked
2022-11-18 13:15:11,054 - INFO - <module> : Clicked
2022-11-18 13:15:11,054 - INFO - <module> : Clicked
2022-11-18 13:15:11,054 - INFO - <module> : Clicked
2022-11-18 13:15:45,556 - INFO - <module> : Clicked
2022-11-18 13:15:45,556 - INFO - <module> : Clicked
2022-11-18 13:15:45,556 - INFO - <module> : Clicked
2022-11-18 13:15:45,556 - INFO - <module> : Clicked
2022-11-18 13:16:18,779 - INFO - <module> : Hover over Refresh data button
2022-11-18 13:16:18,779 - INFO - <module> : Hover over Refresh data button
2022-11-18 13:16:18,779 - INFO - <module> : Hover over Refresh data button
2022-11-18 13:16:18,779 - INFO - <module> : Hover over Refresh data button
2022-11-18 13:16:22,951 - INFO - setup : Close Browser
