2022-10-26 12:58:01,656 - INFO - setup : Browser Launched!
2022-10-26 12:58:21,859 - INFO - <module> : In Outage Map for Internal users, click on  Admin option in the menu
2022-10-26 12:58:21,859 - INFO - <module> : In Outage Map for Internal users, click on  Admin option in the menu
2022-10-26 12:58:21,859 - INFO - <module> : In Outage Map for Internal users, click on  Admin option in the menu
2022-10-26 12:58:21,859 - INFO - <module> : In Outage Map for Internal users, click on  Admin option in the menu
2022-10-26 12:58:24,662 - INFO - <module> : Opened: https://outage-api.meralco.com.ph/
2022-10-26 12:58:24,662 - INFO - <module> : Opened: https://outage-api.meralco.com.ph/
2022-10-26 12:58:24,662 - INFO - <module> : Opened: https://outage-api.meralco.com.ph/
2022-10-26 12:58:24,662 - INFO - <module> : Opened: https://outage-api.meralco.com.ph/
2022-10-26 12:58:26,732 - INFO - <module> : input: v-lvlgalvez@meralco.com.ph
2022-10-26 12:58:26,732 - INFO - <module> : input: v-lvlgalvez@meralco.com.ph
2022-10-26 12:58:26,732 - INFO - <module> : input: v-lvlgalvez@meralco.com.ph
2022-10-26 12:58:26,732 - INFO - <module> : input: v-lvlgalvez@meralco.com.ph
2022-10-26 12:58:26,900 - INFO - <module> : Clicked
2022-10-26 12:58:26,900 - INFO - <module> : Clicked
2022-10-26 12:58:26,900 - INFO - <module> : Clicked
2022-10-26 12:58:26,900 - INFO - <module> : Clicked
2022-10-26 12:58:28,625 - INFO - <module> : input: Mecopass@@!!129
2022-10-26 12:58:28,625 - INFO - <module> : input: Mecopass@@!!129
2022-10-26 12:58:28,625 - INFO - <module> : input: Mecopass@@!!129
2022-10-26 12:58:28,625 - INFO - <module> : input: Mecopass@@!!129
2022-10-26 12:58:29,720 - INFO - <module> : Clicked
2022-10-26 12:58:29,720 - INFO - <module> : Clicked
2022-10-26 12:58:29,720 - INFO - <module> : Clicked
2022-10-26 12:58:29,720 - INFO - <module> : Clicked
2022-10-26 12:58:30,392 - INFO - <module> : Clicked
2022-10-26 12:58:30,392 - INFO - <module> : Clicked
2022-10-26 12:58:30,392 - INFO - <module> : Clicked
2022-10-26 12:58:30,392 - INFO - <module> : Clicked
2022-10-26 12:59:11,198 - INFO - <module> : Clicked
2022-10-26 12:59:11,198 - INFO - <module> : Clicked
2022-10-26 12:59:11,198 - INFO - <module> : Clicked
2022-10-26 12:59:11,198 - INFO - <module> : Clicked
2022-10-26 12:59:15,409 - INFO - <module> :  clicked
2022-10-26 12:59:15,409 - INFO - <module> :  clicked
2022-10-26 12:59:15,409 - INFO - <module> :  clicked
2022-10-26 12:59:15,409 - INFO - <module> :  clicked
2022-10-26 12:59:17,231 - INFO - <module> : Clicked
2022-10-26 12:59:17,231 - INFO - <module> : Clicked
2022-10-26 12:59:17,231 - INFO - <module> : Clicked
2022-10-26 12:59:17,231 - INFO - <module> : Clicked
2022-10-26 12:59:19,751 - INFO - setup : Close Browser
