2023-01-03 16:23:42,608 - INFO - setup : Browser Launched!
2023-01-03 16:24:10,367 - INFO - <module> : Opened: https://fuat-meralco.cs73.force.com/customers/s/cxe-apply
2023-01-03 16:24:10,367 - INFO - <module> : Opened: https://fuat-meralco.cs73.force.com/customers/s/cxe-apply
2023-01-03 16:24:10,367 - INFO - <module> : Opened: https://fuat-meralco.cs73.force.com/customers/s/cxe-apply
2023-01-03 16:24:10,367 - INFO - <module> : Opened: https://fuat-meralco.cs73.force.com/customers/s/cxe-apply
2023-01-03 16:24:16,880 - INFO - <module> : Service Application exists
2023-01-03 16:24:16,880 - INFO - <module> : Service Application exists
2023-01-03 16:24:16,880 - INFO - <module> : Service Application exists
2023-01-03 16:24:16,880 - INFO - <module> : Service Application exists
2023-01-03 16:24:20,182 - INFO - <module> : Clicked
2023-01-03 16:24:20,182 - INFO - <module> : Clicked
2023-01-03 16:24:20,182 - INFO - <module> : Clicked
2023-01-03 16:24:20,182 - INFO - <module> : Clicked
2023-01-03 16:24:23,471 - INFO - <module> : Clicked
2023-01-03 16:24:23,471 - INFO - <module> : Clicked
2023-01-03 16:24:23,471 - INFO - <module> : Clicked
2023-01-03 16:24:23,471 - INFO - <module> : Clicked
2023-01-03 16:24:32,355 - INFO - <module> : Clicked
2023-01-03 16:24:32,355 - INFO - <module> : Clicked
2023-01-03 16:24:32,355 - INFO - <module> : Clicked
2023-01-03 16:24:32,355 - INFO - <module> : Clicked
2023-01-03 16:24:38,511 - INFO - <module> : input: EarlEmail@yopmail.com
2023-01-03 16:24:38,511 - INFO - <module> : input: EarlEmail@yopmail.com
2023-01-03 16:24:38,511 - INFO - <module> : input: EarlEmail@yopmail.com
2023-01-03 16:24:38,511 - INFO - <module> : input: EarlEmail@yopmail.com
2023-01-03 16:24:38,672 - INFO - <module> : input: atfirst1
2023-01-03 16:24:38,672 - INFO - <module> : input: atfirst1
2023-01-03 16:24:38,672 - INFO - <module> : input: atfirst1
2023-01-03 16:24:38,672 - INFO - <module> : input: atfirst1
2023-01-03 16:24:38,823 - INFO - <module> : input: atlast1
2023-01-03 16:24:38,823 - INFO - <module> : input: atlast1
2023-01-03 16:24:38,823 - INFO - <module> : input: atlast1
2023-01-03 16:24:38,823 - INFO - <module> : input: atlast1
2023-01-03 16:24:38,923 - INFO - <module> : input: 9234567891
2023-01-03 16:24:38,923 - INFO - <module> : input: 9234567891
2023-01-03 16:24:38,923 - INFO - <module> : input: 9234567891
2023-01-03 16:24:38,923 - INFO - <module> : input: 9234567891
2023-01-03 16:24:39,820 - INFO - <module> : Clicked
2023-01-03 16:24:39,820 - INFO - <module> : Clicked
2023-01-03 16:24:39,820 - INFO - <module> : Clicked
2023-01-03 16:24:39,820 - INFO - <module> : Clicked
2023-01-03 16:24:42,834 - INFO - <module> : Clicked
2023-01-03 16:24:42,834 - INFO - <module> : Clicked
2023-01-03 16:24:42,834 - INFO - <module> : Clicked
2023-01-03 16:24:42,834 - INFO - <module> : Clicked
2023-01-03 16:24:55,615 - INFO - <module> : Opened: https://yopmail.com/en/
2023-01-03 16:24:55,615 - INFO - <module> : Opened: https://yopmail.com/en/
2023-01-03 16:24:55,615 - INFO - <module> : Opened: https://yopmail.com/en/
2023-01-03 16:24:55,615 - INFO - <module> : Opened: https://yopmail.com/en/
2023-01-03 16:24:56,353 - INFO - <module> : input: EarlEmail@yopmail.com
2023-01-03 16:24:56,353 - INFO - <module> : input: EarlEmail@yopmail.com
2023-01-03 16:24:56,353 - INFO - <module> : input: EarlEmail@yopmail.com
2023-01-03 16:24:56,353 - INFO - <module> : input: EarlEmail@yopmail.com
2023-01-03 16:24:58,151 - INFO - <module> : Clicked
2023-01-03 16:24:58,151 - INFO - <module> : Clicked
2023-01-03 16:24:58,151 - INFO - <module> : Clicked
2023-01-03 16:24:58,151 - INFO - <module> : Clicked
2023-01-03 16:25:18,340 - INFO - <module> : input: Meralco01
2023-01-03 16:25:18,340 - INFO - <module> : input: Meralco01
2023-01-03 16:25:18,340 - INFO - <module> : input: Meralco01
2023-01-03 16:25:18,340 - INFO - <module> : input: Meralco01
2023-01-03 16:25:18,728 - INFO - <module> : input: Meralco01
2023-01-03 16:25:18,728 - INFO - <module> : input: Meralco01
2023-01-03 16:25:18,728 - INFO - <module> : input: Meralco01
2023-01-03 16:25:18,728 - INFO - <module> : input: Meralco01
2023-01-03 16:25:19,730 - INFO - <module> : Clicked
2023-01-03 16:25:19,730 - INFO - <module> : Clicked
2023-01-03 16:25:19,730 - INFO - <module> : Clicked
2023-01-03 16:25:19,730 - INFO - <module> : Clicked
2023-01-03 16:25:28,511 - INFO - <module> : input: EarlEmail@yopmail.com
2023-01-03 16:25:28,511 - INFO - <module> : input: EarlEmail@yopmail.com
2023-01-03 16:25:28,511 - INFO - <module> : input: EarlEmail@yopmail.com
2023-01-03 16:25:28,511 - INFO - <module> : input: EarlEmail@yopmail.com
2023-01-03 16:25:28,836 - INFO - <module> : input: Meralco01
2023-01-03 16:25:28,836 - INFO - <module> : input: Meralco01
2023-01-03 16:25:28,836 - INFO - <module> : input: Meralco01
2023-01-03 16:25:28,836 - INFO - <module> : input: Meralco01
2023-01-03 16:25:29,497 - INFO - <module> : Clicked
2023-01-03 16:25:29,497 - INFO - <module> : Clicked
2023-01-03 16:25:29,497 - INFO - <module> : Clicked
2023-01-03 16:25:29,497 - INFO - <module> : Clicked
2023-01-03 16:25:34,409 - INFO - <module> : Hello, atfirst1 exists
2023-01-03 16:25:34,409 - INFO - <module> : Hello, atfirst1 exists
2023-01-03 16:25:34,409 - INFO - <module> : Hello, atfirst1 exists
2023-01-03 16:25:34,409 - INFO - <module> : Hello, atfirst1 exists
2023-01-03 16:25:36,981 - INFO - setup : Close Browser
