2023-01-04 14:54:07,646 - INFO - setup : Browser Launched!
2023-01-04 14:54:18,938 - INFO - <module> : Opened: https://fuat-meralco.cs73.force.com/customers/s/cxe-apply
2023-01-04 14:54:18,938 - INFO - <module> : Opened: https://fuat-meralco.cs73.force.com/customers/s/cxe-apply
2023-01-04 14:54:18,938 - INFO - <module> : Opened: https://fuat-meralco.cs73.force.com/customers/s/cxe-apply
2023-01-04 14:54:18,938 - INFO - <module> : Opened: https://fuat-meralco.cs73.force.com/customers/s/cxe-apply
2023-01-04 14:54:19,154 - INFO - <module> : Service Application exists
2023-01-04 14:54:19,154 - INFO - <module> : Service Application exists
2023-01-04 14:54:19,154 - INFO - <module> : Service Application exists
2023-01-04 14:54:19,154 - INFO - <module> : Service Application exists
2023-01-04 14:54:22,284 - INFO - <module> : Clicked
2023-01-04 14:54:22,284 - INFO - <module> : Clicked
2023-01-04 14:54:22,284 - INFO - <module> : Clicked
2023-01-04 14:54:22,284 - INFO - <module> : Clicked
2023-01-04 14:54:22,331 - INFO - <module> : Start Service exists
2023-01-04 14:54:22,331 - INFO - <module> : Start Service exists
2023-01-04 14:54:22,331 - INFO - <module> : Start Service exists
2023-01-04 14:54:22,331 - INFO - <module> : Start Service exists
2023-01-04 14:54:22,372 - INFO - <module> : Modify Service exists
2023-01-04 14:54:22,372 - INFO - <module> : Modify Service exists
2023-01-04 14:54:22,372 - INFO - <module> : Modify Service exists
2023-01-04 14:54:22,372 - INFO - <module> : Modify Service exists
2023-01-04 14:54:22,429 - INFO - <module> : Reactivate Service exists
2023-01-04 14:54:22,429 - INFO - <module> : Reactivate Service exists
2023-01-04 14:54:22,429 - INFO - <module> : Reactivate Service exists
2023-01-04 14:54:22,429 - INFO - <module> : Reactivate Service exists
2023-01-04 14:54:22,480 - INFO - <module> : Stop Service exists
2023-01-04 14:54:22,480 - INFO - <module> : Stop Service exists
2023-01-04 14:54:22,480 - INFO - <module> : Stop Service exists
2023-01-04 14:54:22,480 - INFO - <module> : Stop Service exists
2023-01-04 14:54:26,605 - INFO - <module> : Clicked
2023-01-04 14:54:26,605 - INFO - <module> : Clicked
2023-01-04 14:54:26,605 - INFO - <module> : Clicked
2023-01-04 14:54:26,605 - INFO - <module> : Clicked
2023-01-04 14:54:30,016 - INFO - <module> :  exists
2023-01-04 14:54:30,016 - INFO - <module> :  exists
2023-01-04 14:54:30,016 - INFO - <module> :  exists
2023-01-04 14:54:30,016 - INFO - <module> :  exists
2023-01-04 14:54:33,096 - INFO - <module> : input: 3518724842
2023-01-04 14:54:33,096 - INFO - <module> : input: 3518724842
2023-01-04 14:54:33,096 - INFO - <module> : input: 3518724842
2023-01-04 14:54:33,096 - INFO - <module> : input: 3518724842
2023-01-04 14:55:06,567 - INFO - setup : Close Browser
