2023-01-11 10:56:28,496 - INFO - setup : Browser Launched!
2023-01-11 10:56:45,192 - INFO - <module> : Go to Outages & Incidents > Report Streetlight And Safety Concerns
2023-01-11 10:56:45,192 - INFO - <module> : Go to Outages & Incidents > Report Streetlight And Safety Concerns
2023-01-11 10:56:45,192 - INFO - <module> : Go to Outages & Incidents > Report Streetlight And Safety Concerns
2023-01-11 10:56:45,192 - INFO - <module> : Go to Outages & Incidents > Report Streetlight And Safety Concerns
2023-01-11 10:56:45,192 - INFO - <module> : Go to Outages & Incidents > Report Streetlight And Safety Concerns
2023-01-11 10:56:49,494 - INFO - <module> : Opened: https://fuat-meralco.cs73.force.com/customers/s/outagemap
2023-01-11 10:56:49,494 - INFO - <module> : Opened: https://fuat-meralco.cs73.force.com/customers/s/outagemap
2023-01-11 10:56:49,494 - INFO - <module> : Opened: https://fuat-meralco.cs73.force.com/customers/s/outagemap
2023-01-11 10:56:49,494 - INFO - <module> : Opened: https://fuat-meralco.cs73.force.com/customers/s/outagemap
2023-01-11 10:56:49,494 - INFO - <module> : Opened: https://fuat-meralco.cs73.force.com/customers/s/outagemap
2023-01-11 10:56:56,681 - INFO - <module> : Meralco would like to access your location to identify if your area is affected by an outage. exists
2023-01-11 10:56:56,681 - INFO - <module> : Meralco would like to access your location to identify if your area is affected by an outage. exists
2023-01-11 10:56:56,681 - INFO - <module> : Meralco would like to access your location to identify if your area is affected by an outage. exists
2023-01-11 10:56:56,681 - INFO - <module> : Meralco would like to access your location to identify if your area is affected by an outage. exists
2023-01-11 10:56:56,681 - INFO - <module> : Meralco would like to access your location to identify if your area is affected by an outage. exists
2023-01-11 10:56:58,863 - INFO - <module> : Clicked
2023-01-11 10:56:58,863 - INFO - <module> : Clicked
2023-01-11 10:56:58,863 - INFO - <module> : Clicked
2023-01-11 10:56:58,863 - INFO - <module> : Clicked
2023-01-11 10:56:58,863 - INFO - <module> : Clicked
2023-01-11 10:57:03,100 - INFO - <module> : Clicked
2023-01-11 10:57:03,100 - INFO - <module> : Clicked
2023-01-11 10:57:03,100 - INFO - <module> : Clicked
2023-01-11 10:57:03,100 - INFO - <module> : Clicked
2023-01-11 10:57:03,100 - INFO - <module> : Clicked
2023-01-11 10:57:15,014 - INFO - <module> : Report an Outage or Incident exists
2023-01-11 10:57:15,014 - INFO - <module> : Report an Outage or Incident exists
2023-01-11 10:57:15,014 - INFO - <module> : Report an Outage or Incident exists
2023-01-11 10:57:15,014 - INFO - <module> : Report an Outage or Incident exists
2023-01-11 10:57:15,014 - INFO - <module> : Report an Outage or Incident exists
2023-01-11 10:57:15,175 - INFO - <module> : Clicked
2023-01-11 10:57:15,175 - INFO - <module> : Clicked
2023-01-11 10:57:15,175 - INFO - <module> : Clicked
2023-01-11 10:57:15,175 - INFO - <module> : Clicked
2023-01-11 10:57:15,175 - INFO - <module> : Clicked
2023-01-11 10:57:15,898 - INFO - <module> : Clicked
2023-01-11 10:57:15,898 - INFO - <module> : Clicked
2023-01-11 10:57:15,898 - INFO - <module> : Clicked
2023-01-11 10:57:15,898 - INFO - <module> : Clicked
2023-01-11 10:57:15,898 - INFO - <module> : Clicked
2023-01-11 10:57:16,015 - INFO - <module> : Clicked
2023-01-11 10:57:16,015 - INFO - <module> : Clicked
2023-01-11 10:57:16,015 - INFO - <module> : Clicked
2023-01-11 10:57:16,015 - INFO - <module> : Clicked
2023-01-11 10:57:16,015 - INFO - <module> : Clicked
2023-01-11 10:57:20,116 - INFO - <module> : Populate required fields > click Submit
2023-01-11 10:57:20,116 - INFO - <module> : Populate required fields > click Submit
2023-01-11 10:57:20,116 - INFO - <module> : Populate required fields > click Submit
2023-01-11 10:57:20,116 - INFO - <module> : Populate required fields > click Submit
2023-01-11 10:57:20,116 - INFO - <module> : Populate required fields > click Submit
2023-01-11 10:57:20,257 - INFO - <module> : Clicked
2023-01-11 10:57:20,257 - INFO - <module> : Clicked
2023-01-11 10:57:20,257 - INFO - <module> : Clicked
2023-01-11 10:57:20,257 - INFO - <module> : Clicked
2023-01-11 10:57:20,257 - INFO - <module> : Clicked
2023-01-11 10:57:20,866 - INFO - <module> : Clicked
2023-01-11 10:57:20,866 - INFO - <module> : Clicked
2023-01-11 10:57:20,866 - INFO - <module> : Clicked
2023-01-11 10:57:20,866 - INFO - <module> : Clicked
2023-01-11 10:57:20,866 - INFO - <module> : Clicked
2023-01-11 10:57:21,468 - INFO - <module> : Clicked
2023-01-11 10:57:21,468 - INFO - <module> : Clicked
2023-01-11 10:57:21,468 - INFO - <module> : Clicked
2023-01-11 10:57:21,468 - INFO - <module> : Clicked
2023-01-11 10:57:21,468 - INFO - <module> : Clicked
2023-01-11 10:57:22,578 - INFO - <module> : Clicked
2023-01-11 10:57:22,578 - INFO - <module> : Clicked
2023-01-11 10:57:22,578 - INFO - <module> : Clicked
2023-01-11 10:57:22,578 - INFO - <module> : Clicked
2023-01-11 10:57:22,578 - INFO - <module> : Clicked
2023-01-11 10:57:23,695 - INFO - <module> : Clicked
2023-01-11 10:57:23,695 - INFO - <module> : Clicked
2023-01-11 10:57:23,695 - INFO - <module> : Clicked
2023-01-11 10:57:23,695 - INFO - <module> : Clicked
2023-01-11 10:57:23,695 - INFO - <module> : Clicked
2023-01-11 10:57:23,844 - INFO - <module> : input: 123
2023-01-11 10:57:23,844 - INFO - <module> : input: 123
2023-01-11 10:57:23,844 - INFO - <module> : input: 123
2023-01-11 10:57:23,844 - INFO - <module> : input: 123
2023-01-11 10:57:23,844 - INFO - <module> : input: 123
2023-01-11 10:57:23,985 - INFO - <module> : Clicked
2023-01-11 10:57:23,985 - INFO - <module> : Clicked
2023-01-11 10:57:23,985 - INFO - <module> : Clicked
2023-01-11 10:57:23,985 - INFO - <module> : Clicked
2023-01-11 10:57:23,985 - INFO - <module> : Clicked
2023-01-11 10:57:25,207 - INFO - setup : Close Browser
