2023-01-12 14:25:31,640 - INFO - setup : Browser Launched!
2023-01-12 14:26:16,198 - INFO - <module> : Clicked
2023-01-12 14:26:16,198 - INFO - <module> : Clicked
2023-01-12 14:26:16,198 - INFO - <module> : Clicked
2023-01-12 14:26:16,198 - INFO - <module> : Clicked
2023-01-12 14:26:16,198 - INFO - <module> : Clicked
2023-01-12 14:26:25,855 - INFO - <module> : input: arcebido.earljohn@gmail.com
2023-01-12 14:26:25,855 - INFO - <module> : input: arcebido.earljohn@gmail.com
2023-01-12 14:26:25,855 - INFO - <module> : input: arcebido.earljohn@gmail.com
2023-01-12 14:26:25,855 - INFO - <module> : input: arcebido.earljohn@gmail.com
2023-01-12 14:26:25,855 - INFO - <module> : input: arcebido.earljohn@gmail.com
2023-01-12 14:26:27,290 - INFO - <module> : Clicked
2023-01-12 14:26:27,290 - INFO - <module> : Clicked
2023-01-12 14:26:27,290 - INFO - <module> : Clicked
2023-01-12 14:26:27,290 - INFO - <module> : Clicked
2023-01-12 14:26:27,290 - INFO - <module> : Clicked
2023-01-12 14:26:28,946 - INFO - <module> : input: Eja09202903164!
2023-01-12 14:26:28,946 - INFO - <module> : input: Eja09202903164!
2023-01-12 14:26:28,946 - INFO - <module> : input: Eja09202903164!
2023-01-12 14:26:28,946 - INFO - <module> : input: Eja09202903164!
2023-01-12 14:26:28,946 - INFO - <module> : input: Eja09202903164!
2023-01-12 14:26:31,399 - INFO - <module> : Clicked
2023-01-12 14:26:31,399 - INFO - <module> : Clicked
2023-01-12 14:26:31,399 - INFO - <module> : Clicked
2023-01-12 14:26:31,399 - INFO - <module> : Clicked
2023-01-12 14:26:31,399 - INFO - <module> : Clicked
2023-01-12 14:27:10,329 - INFO - <module> : input: 9234567891
2023-01-12 14:27:10,329 - INFO - <module> : input: 9234567891
2023-01-12 14:27:10,329 - INFO - <module> : input: 9234567891
2023-01-12 14:27:10,329 - INFO - <module> : input: 9234567891
2023-01-12 14:27:10,329 - INFO - <module> : input: 9234567891
2023-01-12 14:27:10,608 - INFO - <module> : input: 3534057721
2023-01-12 14:27:10,608 - INFO - <module> : input: 3534057721
2023-01-12 14:27:10,608 - INFO - <module> : input: 3534057721
2023-01-12 14:27:10,608 - INFO - <module> : input: 3534057721
2023-01-12 14:27:10,608 - INFO - <module> : input: 3534057721
2023-01-12 14:27:10,750 - INFO - <module> : input: 400
2023-01-12 14:27:10,750 - INFO - <module> : input: 400
2023-01-12 14:27:10,750 - INFO - <module> : input: 400
2023-01-12 14:27:10,750 - INFO - <module> : input: 400
2023-01-12 14:27:10,750 - INFO - <module> : input: 400
2023-01-12 14:27:11,919 - INFO - <module> : input: 12/13/2022
2023-01-12 14:27:11,919 - INFO - <module> : input: 12/13/2022
2023-01-12 14:27:11,919 - INFO - <module> : input: 12/13/2022
2023-01-12 14:27:11,919 - INFO - <module> : input: 12/13/2022
2023-01-12 14:27:11,919 - INFO - <module> : input: 12/13/2022
2023-01-12 14:27:15,271 - INFO - <module> :  clicked
2023-01-12 14:27:15,271 - INFO - <module> :  clicked
2023-01-12 14:27:15,271 - INFO - <module> :  clicked
2023-01-12 14:27:15,271 - INFO - <module> :  clicked
2023-01-12 14:27:15,271 - INFO - <module> :  clicked
2023-01-12 14:27:17,744 - INFO - <module> : Submit clicked
2023-01-12 14:27:17,744 - INFO - <module> : Submit clicked
2023-01-12 14:27:17,744 - INFO - <module> : Submit clicked
2023-01-12 14:27:17,744 - INFO - <module> : Submit clicked
2023-01-12 14:27:17,744 - INFO - <module> : Submit clicked
2023-01-12 14:27:28,433 - INFO - setup : Close Browser
