2022-10-26 11:06:28,609 - INFO - setup : Browser Launched!
2022-10-26 11:06:43,160 - INFO - <module> : Log in to Internal Map using this link:
https://outage-api.meralco.com.ph/
2022-10-26 11:06:43,160 - INFO - <module> : Log in to Internal Map using this link:
https://outage-api.meralco.com.ph/
2022-10-26 11:06:43,160 - INFO - <module> : Log in to Internal Map using this link:
https://outage-api.meralco.com.ph/
2022-10-26 11:06:43,160 - INFO - <module> : Log in to Internal Map using this link:
https://outage-api.meralco.com.ph/
2022-10-26 11:06:45,053 - INFO - <module> : Opened: https://outage-api.meralco.com.ph/
2022-10-26 11:06:45,053 - INFO - <module> : Opened: https://outage-api.meralco.com.ph/
2022-10-26 11:06:45,053 - INFO - <module> : Opened: https://outage-api.meralco.com.ph/
2022-10-26 11:06:45,053 - INFO - <module> : Opened: https://outage-api.meralco.com.ph/
2022-10-26 11:06:47,892 - INFO - <module> : input: v-lvlgalvez@meralco.com.ph
2022-10-26 11:06:47,892 - INFO - <module> : input: v-lvlgalvez@meralco.com.ph
2022-10-26 11:06:47,892 - INFO - <module> : input: v-lvlgalvez@meralco.com.ph
2022-10-26 11:06:47,892 - INFO - <module> : input: v-lvlgalvez@meralco.com.ph
2022-10-26 11:06:47,954 - INFO - <module> : Clicked
2022-10-26 11:06:47,954 - INFO - <module> : Clicked
2022-10-26 11:06:47,954 - INFO - <module> : Clicked
2022-10-26 11:06:47,954 - INFO - <module> : Clicked
2022-10-26 11:06:49,038 - INFO - <module> : input: Mecopass@@!!129
2022-10-26 11:06:49,038 - INFO - <module> : input: Mecopass@@!!129
2022-10-26 11:06:49,038 - INFO - <module> : input: Mecopass@@!!129
2022-10-26 11:06:49,038 - INFO - <module> : input: Mecopass@@!!129
2022-10-26 11:06:49,486 - INFO - <module> : Clicked
2022-10-26 11:06:49,486 - INFO - <module> : Clicked
2022-10-26 11:06:49,486 - INFO - <module> : Clicked
2022-10-26 11:06:49,486 - INFO - <module> : Clicked
2022-10-26 11:06:50,073 - INFO - <module> : Clicked
2022-10-26 11:06:50,073 - INFO - <module> : Clicked
2022-10-26 11:06:50,073 - INFO - <module> : Clicked
2022-10-26 11:06:50,073 - INFO - <module> : Clicked
2022-10-26 11:07:19,377 - INFO - <module> : Clicked
2022-10-26 11:07:19,377 - INFO - <module> : Clicked
2022-10-26 11:07:19,377 - INFO - <module> : Clicked
2022-10-26 11:07:19,377 - INFO - <module> : Clicked
2022-10-26 11:07:25,804 - INFO - setup : Close Browser
