2022-10-18 14:14:51,548 - INFO - setup : Browser Launched!
2022-10-18 14:15:06,919 - INFO - <module> : Go to https://fuat-meralco.cs73.force.com/customers/s/outagemap
2022-10-18 14:15:06,919 - INFO - <module> : Go to https://fuat-meralco.cs73.force.com/customers/s/outagemap
2022-10-18 14:15:06,919 - INFO - <module> : Go to https://fuat-meralco.cs73.force.com/customers/s/outagemap
2022-10-18 14:15:06,919 - INFO - <module> : Go to https://fuat-meralco.cs73.force.com/customers/s/outagemap
2022-10-18 14:15:11,278 - INFO - <module> : Opened: https://fuat-meralco.cs73.force.com/customers/s/outagemap
2022-10-18 14:15:11,278 - INFO - <module> : Opened: https://fuat-meralco.cs73.force.com/customers/s/outagemap
2022-10-18 14:15:11,278 - INFO - <module> : Opened: https://fuat-meralco.cs73.force.com/customers/s/outagemap
2022-10-18 14:15:11,278 - INFO - <module> : Opened: https://fuat-meralco.cs73.force.com/customers/s/outagemap
2022-10-18 14:15:17,505 - INFO - <module> : On the left side, hover on tooltip beside Other Address
2022-10-18 14:15:17,505 - INFO - <module> : On the left side, hover on tooltip beside Other Address
2022-10-18 14:15:17,505 - INFO - <module> : On the left side, hover on tooltip beside Other Address
2022-10-18 14:15:17,505 - INFO - <module> : On the left side, hover on tooltip beside Other Address
2022-10-18 14:15:20,941 - INFO - <module> : Meralco would like to access your location to identify if your area is affected by an outage. exists
2022-10-18 14:15:20,941 - INFO - <module> : Meralco would like to access your location to identify if your area is affected by an outage. exists
2022-10-18 14:15:20,941 - INFO - <module> : Meralco would like to access your location to identify if your area is affected by an outage. exists
2022-10-18 14:15:20,941 - INFO - <module> : Meralco would like to access your location to identify if your area is affected by an outage. exists
2022-10-18 14:15:21,270 - INFO - <module> : Clicked
2022-10-18 14:15:21,270 - INFO - <module> : Clicked
2022-10-18 14:15:21,270 - INFO - <module> : Clicked
2022-10-18 14:15:21,270 - INFO - <module> : Clicked
2022-10-18 14:15:28,511 - INFO - <module> : Clicked
2022-10-18 14:15:28,511 - INFO - <module> : Clicked
2022-10-18 14:15:28,511 - INFO - <module> : Clicked
2022-10-18 14:15:28,511 - INFO - <module> : Clicked
2022-10-18 14:15:41,763 - INFO - setup : Close Browser
