2023-01-05 14:43:06,308 - INFO - setup : Browser Launched!
2023-01-05 14:43:38,344 - INFO - <module> : Opened: https://fuat-meralco.cs73.force.com/customers/s/cxe-apply
2023-01-05 14:43:38,344 - INFO - <module> : Opened: https://fuat-meralco.cs73.force.com/customers/s/cxe-apply
2023-01-05 14:43:38,344 - INFO - <module> : Opened: https://fuat-meralco.cs73.force.com/customers/s/cxe-apply
2023-01-05 14:43:38,344 - INFO - <module> : Opened: https://fuat-meralco.cs73.force.com/customers/s/cxe-apply
2023-01-05 14:43:44,638 - INFO - <module> : Service Application exists
2023-01-05 14:43:44,638 - INFO - <module> : Service Application exists
2023-01-05 14:43:44,638 - INFO - <module> : Service Application exists
2023-01-05 14:43:44,638 - INFO - <module> : Service Application exists
2023-01-05 14:43:48,088 - INFO - <module> : Clicked
2023-01-05 14:43:48,088 - INFO - <module> : Clicked
2023-01-05 14:43:48,088 - INFO - <module> : Clicked
2023-01-05 14:43:48,088 - INFO - <module> : Clicked
2023-01-05 14:43:51,384 - INFO - <module> : Clicked
2023-01-05 14:43:51,384 - INFO - <module> : Clicked
2023-01-05 14:43:51,384 - INFO - <module> : Clicked
2023-01-05 14:43:51,384 - INFO - <module> : Clicked
2023-01-05 14:44:03,942 - INFO - <module> : Clicked
2023-01-05 14:44:03,942 - INFO - <module> : Clicked
2023-01-05 14:44:03,942 - INFO - <module> : Clicked
2023-01-05 14:44:03,942 - INFO - <module> : Clicked
2023-01-05 14:44:10,296 - INFO - <module> : input: EarlEmails@yopmail.com
2023-01-05 14:44:10,296 - INFO - <module> : input: EarlEmails@yopmail.com
2023-01-05 14:44:10,296 - INFO - <module> : input: EarlEmails@yopmail.com
2023-01-05 14:44:10,296 - INFO - <module> : input: EarlEmails@yopmail.com
2023-01-05 14:44:10,429 - INFO - <module> : input: atfirst1
2023-01-05 14:44:10,429 - INFO - <module> : input: atfirst1
2023-01-05 14:44:10,429 - INFO - <module> : input: atfirst1
2023-01-05 14:44:10,429 - INFO - <module> : input: atfirst1
2023-01-05 14:44:10,515 - INFO - <module> : input: atlast1
2023-01-05 14:44:10,515 - INFO - <module> : input: atlast1
2023-01-05 14:44:10,515 - INFO - <module> : input: atlast1
2023-01-05 14:44:10,515 - INFO - <module> : input: atlast1
2023-01-05 14:44:10,576 - INFO - <module> : input: 9234567891
2023-01-05 14:44:10,576 - INFO - <module> : input: 9234567891
2023-01-05 14:44:10,576 - INFO - <module> : input: 9234567891
2023-01-05 14:44:10,576 - INFO - <module> : input: 9234567891
2023-01-05 14:44:11,128 - INFO - <module> : Clicked
2023-01-05 14:44:11,128 - INFO - <module> : Clicked
2023-01-05 14:44:11,128 - INFO - <module> : Clicked
2023-01-05 14:44:11,128 - INFO - <module> : Clicked
2023-01-05 14:44:14,117 - INFO - <module> : Clicked
2023-01-05 14:44:14,117 - INFO - <module> : Clicked
2023-01-05 14:44:14,117 - INFO - <module> : Clicked
2023-01-05 14:44:14,117 - INFO - <module> : Clicked
2023-01-05 14:44:29,430 - INFO - <module> : Opened: https://yopmail.com/en/
2023-01-05 14:44:29,430 - INFO - <module> : Opened: https://yopmail.com/en/
2023-01-05 14:44:29,430 - INFO - <module> : Opened: https://yopmail.com/en/
2023-01-05 14:44:29,430 - INFO - <module> : Opened: https://yopmail.com/en/
2023-01-05 14:44:30,178 - INFO - <module> : input: EarlEmails@yopmail.com
2023-01-05 14:44:30,178 - INFO - <module> : input: EarlEmails@yopmail.com
2023-01-05 14:44:30,178 - INFO - <module> : input: EarlEmails@yopmail.com
2023-01-05 14:44:30,178 - INFO - <module> : input: EarlEmails@yopmail.com
2023-01-05 14:44:31,745 - INFO - <module> : Clicked
2023-01-05 14:44:31,745 - INFO - <module> : Clicked
2023-01-05 14:44:31,745 - INFO - <module> : Clicked
2023-01-05 14:44:31,745 - INFO - <module> : Clicked
2023-01-05 14:44:51,504 - INFO - <module> : input: Meralco01
2023-01-05 14:44:51,504 - INFO - <module> : input: Meralco01
2023-01-05 14:44:51,504 - INFO - <module> : input: Meralco01
2023-01-05 14:44:51,504 - INFO - <module> : input: Meralco01
2023-01-05 14:44:51,978 - INFO - <module> : input: Meralco01
2023-01-05 14:44:51,978 - INFO - <module> : input: Meralco01
2023-01-05 14:44:51,978 - INFO - <module> : input: Meralco01
2023-01-05 14:44:51,978 - INFO - <module> : input: Meralco01
2023-01-05 14:44:52,776 - INFO - <module> : Clicked
2023-01-05 14:44:52,776 - INFO - <module> : Clicked
2023-01-05 14:44:52,776 - INFO - <module> : Clicked
2023-01-05 14:44:52,776 - INFO - <module> : Clicked
2023-01-05 14:44:59,584 - INFO - <module> : input: EarlEmails@yopmail.com
2023-01-05 14:44:59,584 - INFO - <module> : input: EarlEmails@yopmail.com
2023-01-05 14:44:59,584 - INFO - <module> : input: EarlEmails@yopmail.com
2023-01-05 14:44:59,584 - INFO - <module> : input: EarlEmails@yopmail.com
2023-01-05 14:45:00,279 - INFO - <module> : input: Meralco01
2023-01-05 14:45:00,279 - INFO - <module> : input: Meralco01
2023-01-05 14:45:00,279 - INFO - <module> : input: Meralco01
2023-01-05 14:45:00,279 - INFO - <module> : input: Meralco01
2023-01-05 14:45:00,596 - INFO - <module> : Clicked
2023-01-05 14:45:00,596 - INFO - <module> : Clicked
2023-01-05 14:45:00,596 - INFO - <module> : Clicked
2023-01-05 14:45:00,596 - INFO - <module> : Clicked
2023-01-05 14:45:05,541 - INFO - <module> : Hello, exists
2023-01-05 14:45:05,541 - INFO - <module> : Hello, exists
2023-01-05 14:45:05,541 - INFO - <module> : Hello, exists
2023-01-05 14:45:05,541 - INFO - <module> : Hello, exists
2023-01-05 14:45:08,164 - INFO - setup : Close Browser
