2022-11-22 14:41:33,593 - INFO - setup : Browser Launched!
2022-11-22 14:41:41,875 - INFO - <module> : Opened: https://fuat-meralco.cs73.force.com/customers/s/contact
2022-11-22 14:41:41,875 - INFO - <module> : Opened: https://fuat-meralco.cs73.force.com/customers/s/contact
2022-11-22 14:41:41,875 - INFO - <module> : Opened: https://fuat-meralco.cs73.force.com/customers/s/contact
2022-11-22 14:41:41,875 - INFO - <module> : Opened: https://fuat-meralco.cs73.force.com/customers/s/contact
2022-11-22 14:41:42,089 - INFO - <module> : Clicked
2022-11-22 14:41:42,089 - INFO - <module> : Clicked
2022-11-22 14:41:42,089 - INFO - <module> : Clicked
2022-11-22 14:41:42,089 - INFO - <module> : Clicked
2022-11-22 14:41:45,602 - INFO - <module> : input: 3535100272
2022-11-22 14:41:45,602 - INFO - <module> : input: 3535100272
2022-11-22 14:41:45,602 - INFO - <module> : input: 3535100272
2022-11-22 14:41:45,602 - INFO - <module> : input: 3535100272
2022-11-22 14:41:45,637 - INFO - <module> :  exists
2022-11-22 14:41:45,637 - INFO - <module> :  exists
2022-11-22 14:41:45,637 - INFO - <module> :  exists
2022-11-22 14:41:45,637 - INFO - <module> :  exists
2022-11-22 14:41:46,194 - INFO - <module> :  exists
2022-11-22 14:41:46,194 - INFO - <module> :  exists
2022-11-22 14:41:46,194 - INFO - <module> :  exists
2022-11-22 14:41:46,194 - INFO - <module> :  exists
2022-11-22 14:41:49,662 - INFO - <module> : input: 3535100272
2022-11-22 14:41:49,662 - INFO - <module> : input: 3535100272
2022-11-22 14:41:49,662 - INFO - <module> : input: 3535100272
2022-11-22 14:41:49,662 - INFO - <module> : input: 3535100272
2022-11-22 14:41:49,723 - INFO - <module> : input: 3535099959
2022-11-22 14:41:49,723 - INFO - <module> : input: 3535099959
2022-11-22 14:41:49,723 - INFO - <module> : input: 3535099959
2022-11-22 14:41:49,723 - INFO - <module> : input: 3535099959
2022-11-22 14:41:49,777 - INFO - <module> : input: automation
2022-11-22 14:41:49,777 - INFO - <module> : input: automation
2022-11-22 14:41:49,777 - INFO - <module> : input: automation
2022-11-22 14:41:49,777 - INFO - <module> : input: automation
2022-11-22 14:41:49,835 - INFO - <module> : input: outage
2022-11-22 14:41:49,835 - INFO - <module> : input: outage
2022-11-22 14:41:49,835 - INFO - <module> : input: outage
2022-11-22 14:41:49,835 - INFO - <module> : input: outage
2022-11-22 14:41:49,903 - INFO - <module> : input: atconcernsingle@yopmail.com
2022-11-22 14:41:49,903 - INFO - <module> : input: atconcernsingle@yopmail.com
2022-11-22 14:41:49,903 - INFO - <module> : input: atconcernsingle@yopmail.com
2022-11-22 14:41:49,903 - INFO - <module> : input: atconcernsingle@yopmail.com
2022-11-22 14:41:49,961 - INFO - <module> : input: +639758880795
2022-11-22 14:41:49,961 - INFO - <module> : input: +639758880795
2022-11-22 14:41:49,961 - INFO - <module> : input: +639758880795
2022-11-22 14:41:49,961 - INFO - <module> : input: +639758880795
2022-11-22 14:41:50,058 - INFO - <module> : input: Sample Remarks
2022-11-22 14:41:50,058 - INFO - <module> : input: Sample Remarks
2022-11-22 14:41:50,058 - INFO - <module> : input: Sample Remarks
2022-11-22 14:41:50,058 - INFO - <module> : input: Sample Remarks
2022-11-22 14:41:50,112 - INFO - <module> : input: Sample Remarks
2022-11-22 14:41:50,112 - INFO - <module> : input: Sample Remarks
2022-11-22 14:41:50,112 - INFO - <module> : input: Sample Remarks
2022-11-22 14:41:50,112 - INFO - <module> : input: Sample Remarks
2022-11-22 14:41:53,169 - INFO - <module> : Clicked
2022-11-22 14:41:53,169 - INFO - <module> : Clicked
2022-11-22 14:41:53,169 - INFO - <module> : Clicked
2022-11-22 14:41:53,169 - INFO - <module> : Clicked
2022-11-22 14:42:02,589 - INFO - <module> : Opened: https://fuat-meralco.cs73.force.com/customers/s/concernstatus
2022-11-22 14:42:02,589 - INFO - <module> : Opened: https://fuat-meralco.cs73.force.com/customers/s/concernstatus
2022-11-22 14:42:02,589 - INFO - <module> : Opened: https://fuat-meralco.cs73.force.com/customers/s/concernstatus
2022-11-22 14:42:02,589 - INFO - <module> : Opened: https://fuat-meralco.cs73.force.com/customers/s/concernstatus
2022-11-22 14:42:02,785 - INFO - <module> : input: 22112251408
2022-11-22 14:42:02,785 - INFO - <module> : input: 22112251408
2022-11-22 14:42:02,785 - INFO - <module> : input: 22112251408
2022-11-22 14:42:02,785 - INFO - <module> : input: 22112251408
2022-11-22 14:42:02,883 - INFO - <module> : input: outage
2022-11-22 14:42:02,883 - INFO - <module> : input: outage
2022-11-22 14:42:02,883 - INFO - <module> : input: outage
2022-11-22 14:42:02,883 - INFO - <module> : input: outage
2022-11-22 14:42:02,991 - INFO - <module> : Clicked
2022-11-22 14:42:02,991 - INFO - <module> : Clicked
2022-11-22 14:42:02,991 - INFO - <module> : Clicked
2022-11-22 14:42:02,991 - INFO - <module> : Clicked
2022-11-22 14:42:05,082 - INFO - setup : Close Browser
