2022-10-18 10:59:40,485 - INFO - setup : Browser Launched!
2022-10-18 10:59:54,788 - INFO - <module> : Go to https://fuat-meralco.cs73.force.com/customers/s/outagemap
2022-10-18 10:59:54,788 - INFO - <module> : Go to https://fuat-meralco.cs73.force.com/customers/s/outagemap
2022-10-18 10:59:54,788 - INFO - <module> : Go to https://fuat-meralco.cs73.force.com/customers/s/outagemap
2022-10-18 10:59:54,788 - INFO - <module> : Go to https://fuat-meralco.cs73.force.com/customers/s/outagemap
2022-10-18 11:00:00,276 - INFO - <module> : Opened: https://fuat-meralco.cs73.force.com/customers/s/outagemap
2022-10-18 11:00:00,276 - INFO - <module> : Opened: https://fuat-meralco.cs73.force.com/customers/s/outagemap
2022-10-18 11:00:00,276 - INFO - <module> : Opened: https://fuat-meralco.cs73.force.com/customers/s/outagemap
2022-10-18 11:00:00,276 - INFO - <module> : Opened: https://fuat-meralco.cs73.force.com/customers/s/outagemap
2022-10-18 11:00:05,864 - INFO - <module> : Click Track your Outage Report
2022-10-18 11:00:05,864 - INFO - <module> : Click Track your Outage Report
2022-10-18 11:00:05,864 - INFO - <module> : Click Track your Outage Report
2022-10-18 11:00:05,864 - INFO - <module> : Click Track your Outage Report
2022-10-18 11:00:06,683 - INFO - <module> : Meralco would like to access your location to identify if your area is affected by an outage. exists
2022-10-18 11:00:06,683 - INFO - <module> : Meralco would like to access your location to identify if your area is affected by an outage. exists
2022-10-18 11:00:06,683 - INFO - <module> : Meralco would like to access your location to identify if your area is affected by an outage. exists
2022-10-18 11:00:06,683 - INFO - <module> : Meralco would like to access your location to identify if your area is affected by an outage. exists
2022-10-18 11:00:06,883 - INFO - <module> : Clicked
2022-10-18 11:00:06,883 - INFO - <module> : Clicked
2022-10-18 11:00:06,883 - INFO - <module> : Clicked
2022-10-18 11:00:06,883 - INFO - <module> : Clicked
2022-10-18 11:00:13,880 - INFO - <module> : Clicked
2022-10-18 11:00:13,880 - INFO - <module> : Clicked
2022-10-18 11:00:13,880 - INFO - <module> : Clicked
2022-10-18 11:00:13,880 - INFO - <module> : Clicked
2022-10-18 11:00:23,391 - INFO - <module> : Populate Reference No. and Last Name > click Submit
2022-10-18 11:00:23,391 - INFO - <module> : Populate Reference No. and Last Name > click Submit
2022-10-18 11:00:23,391 - INFO - <module> : Populate Reference No. and Last Name > click Submit
2022-10-18 11:00:23,391 - INFO - <module> : Populate Reference No. and Last Name > click Submit
2022-10-18 11:00:26,453 - INFO - <module> : input: 22102250650
2022-10-18 11:00:26,453 - INFO - <module> : input: 22102250650
2022-10-18 11:00:26,453 - INFO - <module> : input: 22102250650
2022-10-18 11:00:26,453 - INFO - <module> : input: 22102250650
2022-10-18 11:00:26,610 - INFO - <module> : input: outage
2022-10-18 11:00:26,610 - INFO - <module> : input: outage
2022-10-18 11:00:26,610 - INFO - <module> : input: outage
2022-10-18 11:00:26,610 - INFO - <module> : input: outage
2022-10-18 11:00:26,732 - INFO - <module> : Clicked
2022-10-18 11:00:26,732 - INFO - <module> : Clicked
2022-10-18 11:00:26,732 - INFO - <module> : Clicked
2022-10-18 11:00:26,732 - INFO - <module> : Clicked
2022-10-18 11:00:29,404 - INFO - setup : Close Browser
