2022-10-26 15:21:35,299 - INFO - setup : Browser Launched!
2022-10-26 15:21:45,607 - INFO - <module> : Click on burger menu > Search Locations > Select Service ID No. > Search SIN
2022-10-26 15:21:45,607 - INFO - <module> : Click on burger menu > Search Locations > Select Service ID No. > Search SIN
2022-10-26 15:21:45,607 - INFO - <module> : Click on burger menu > Search Locations > Select Service ID No. > Search SIN
2022-10-26 15:21:45,607 - INFO - <module> : Click on burger menu > Search Locations > Select Service ID No. > Search SIN
2022-10-26 15:21:47,519 - INFO - <module> : Opened: https://outage-api.meralco.com.ph/
2022-10-26 15:21:47,519 - INFO - <module> : Opened: https://outage-api.meralco.com.ph/
2022-10-26 15:21:47,519 - INFO - <module> : Opened: https://outage-api.meralco.com.ph/
2022-10-26 15:21:47,519 - INFO - <module> : Opened: https://outage-api.meralco.com.ph/
2022-10-26 15:21:48,836 - INFO - <module> : input: v-lvlgalvez@meralco.com.ph
2022-10-26 15:21:48,836 - INFO - <module> : input: v-lvlgalvez@meralco.com.ph
2022-10-26 15:21:48,836 - INFO - <module> : input: v-lvlgalvez@meralco.com.ph
2022-10-26 15:21:48,836 - INFO - <module> : input: v-lvlgalvez@meralco.com.ph
2022-10-26 15:21:48,915 - INFO - <module> : Clicked
2022-10-26 15:21:48,915 - INFO - <module> : Clicked
2022-10-26 15:21:48,915 - INFO - <module> : Clicked
2022-10-26 15:21:48,915 - INFO - <module> : Clicked
2022-10-26 15:21:50,006 - INFO - <module> : input: Mecopass@@!!129
2022-10-26 15:21:50,006 - INFO - <module> : input: Mecopass@@!!129
2022-10-26 15:21:50,006 - INFO - <module> : input: Mecopass@@!!129
2022-10-26 15:21:50,006 - INFO - <module> : input: Mecopass@@!!129
2022-10-26 15:21:50,556 - INFO - <module> : Clicked
2022-10-26 15:21:50,556 - INFO - <module> : Clicked
2022-10-26 15:21:50,556 - INFO - <module> : Clicked
2022-10-26 15:21:50,556 - INFO - <module> : Clicked
2022-10-26 15:21:51,207 - INFO - <module> : Clicked
2022-10-26 15:21:51,207 - INFO - <module> : Clicked
2022-10-26 15:21:51,207 - INFO - <module> : Clicked
2022-10-26 15:21:51,207 - INFO - <module> : Clicked
2022-10-26 15:22:20,174 - INFO - <module> : Clicked
2022-10-26 15:22:20,174 - INFO - <module> : Clicked
2022-10-26 15:22:20,174 - INFO - <module> : Clicked
2022-10-26 15:22:20,174 - INFO - <module> : Clicked
2022-10-26 15:22:24,263 - INFO - <module> :  clicked
2022-10-26 15:22:24,263 - INFO - <module> :  clicked
2022-10-26 15:22:24,263 - INFO - <module> :  clicked
2022-10-26 15:22:24,263 - INFO - <module> :  clicked
2022-10-26 15:22:24,358 - INFO - <module> : Search Locations clicked
2022-10-26 15:22:24,358 - INFO - <module> : Search Locations clicked
2022-10-26 15:22:24,358 - INFO - <module> : Search Locations clicked
2022-10-26 15:22:24,358 - INFO - <module> : Search Locations clicked
2022-10-26 15:22:24,448 - INFO - <module> : Service ID No.
arrow_drop_down clicked
2022-10-26 15:22:24,448 - INFO - <module> : Service ID No.
arrow_drop_down clicked
2022-10-26 15:22:24,448 - INFO - <module> : Service ID No.
arrow_drop_down clicked
2022-10-26 15:22:24,448 - INFO - <module> : Service ID No.
arrow_drop_down clicked
2022-10-26 15:22:54,714 - ERROR - <module> : Cannot Locate: faci_value
2022-10-26 15:22:54,714 - ERROR - <module> : Cannot Locate: faci_value
2022-10-26 15:22:54,714 - ERROR - <module> : Cannot Locate: faci_value
2022-10-26 15:22:54,714 - ERROR - <module> : Cannot Locate: faci_value
2022-10-26 15:22:54,859 - INFO - setup : Close Browser
