2022-10-18 14:41:01,364 - INFO - setup : Browser Launched!
2022-10-18 14:41:14,537 - INFO - <module> : Go to https://fuat-meralco.cs73.force.com/customers/s/outagemap
2022-10-18 14:41:14,537 - INFO - <module> : Go to https://fuat-meralco.cs73.force.com/customers/s/outagemap
2022-10-18 14:41:14,537 - INFO - <module> : Go to https://fuat-meralco.cs73.force.com/customers/s/outagemap
2022-10-18 14:41:14,537 - INFO - <module> : Go to https://fuat-meralco.cs73.force.com/customers/s/outagemap
2022-10-18 14:41:19,330 - INFO - <module> : Opened: https://fuat-meralco.cs73.force.com/customers/s/outagemap
2022-10-18 14:41:19,330 - INFO - <module> : Opened: https://fuat-meralco.cs73.force.com/customers/s/outagemap
2022-10-18 14:41:19,330 - INFO - <module> : Opened: https://fuat-meralco.cs73.force.com/customers/s/outagemap
2022-10-18 14:41:19,330 - INFO - <module> : Opened: https://fuat-meralco.cs73.force.com/customers/s/outagemap
2022-10-18 14:41:25,619 - INFO - <module> : On the left side, hover on tooltip beside Other Address
2022-10-18 14:41:25,619 - INFO - <module> : On the left side, hover on tooltip beside Other Address
2022-10-18 14:41:25,619 - INFO - <module> : On the left side, hover on tooltip beside Other Address
2022-10-18 14:41:25,619 - INFO - <module> : On the left side, hover on tooltip beside Other Address
2022-10-18 14:41:28,823 - INFO - <module> : Meralco would like to access your location to identify if your area is affected by an outage. exists
2022-10-18 14:41:28,823 - INFO - <module> : Meralco would like to access your location to identify if your area is affected by an outage. exists
2022-10-18 14:41:28,823 - INFO - <module> : Meralco would like to access your location to identify if your area is affected by an outage. exists
2022-10-18 14:41:28,823 - INFO - <module> : Meralco would like to access your location to identify if your area is affected by an outage. exists
2022-10-18 14:41:29,109 - INFO - <module> : Clicked
2022-10-18 14:41:29,109 - INFO - <module> : Clicked
2022-10-18 14:41:29,109 - INFO - <module> : Clicked
2022-10-18 14:41:29,109 - INFO - <module> : Clicked
2022-10-18 14:41:36,388 - INFO - <module> : Clicked
2022-10-18 14:41:36,388 - INFO - <module> : Clicked
2022-10-18 14:41:36,388 - INFO - <module> : Clicked
2022-10-18 14:41:36,388 - INFO - <module> : Clicked
2022-10-18 14:41:36,543 - INFO - setup : Close Browser
