2023-01-06 15:55:28,166 - INFO - setup : Browser Launched!
2023-01-06 15:55:58,201 - INFO - <module> : Opened: https://meralco--fuat.lightning.force.com/lightning/page/home
2023-01-06 15:55:58,201 - INFO - <module> : Opened: https://meralco--fuat.lightning.force.com/lightning/page/home
2023-01-06 15:55:58,201 - INFO - <module> : Opened: https://meralco--fuat.lightning.force.com/lightning/page/home
2023-01-06 15:55:58,201 - INFO - <module> : Opened: https://meralco--fuat.lightning.force.com/lightning/page/home
2023-01-06 15:55:59,815 - INFO - <module> : Clicked
2023-01-06 15:55:59,815 - INFO - <module> : Clicked
2023-01-06 15:55:59,815 - INFO - <module> : Clicked
2023-01-06 15:55:59,815 - INFO - <module> : Clicked
2023-01-06 15:56:07,391 - INFO - <module> : input: v-lvlgalvez@meralco.com.ph
2023-01-06 15:56:07,391 - INFO - <module> : input: v-lvlgalvez@meralco.com.ph
2023-01-06 15:56:07,391 - INFO - <module> : input: v-lvlgalvez@meralco.com.ph
2023-01-06 15:56:07,391 - INFO - <module> : input: v-lvlgalvez@meralco.com.ph
2023-01-06 15:56:07,858 - INFO - <module> : Clicked
2023-01-06 15:56:07,858 - INFO - <module> : Clicked
2023-01-06 15:56:07,858 - INFO - <module> : Clicked
2023-01-06 15:56:07,858 - INFO - <module> : Clicked
2023-01-06 15:56:09,218 - INFO - <module> : input: Mecopass@@!!123
2023-01-06 15:56:09,218 - INFO - <module> : input: Mecopass@@!!123
2023-01-06 15:56:09,218 - INFO - <module> : input: Mecopass@@!!123
2023-01-06 15:56:09,218 - INFO - <module> : input: Mecopass@@!!123
2023-01-06 15:56:10,495 - INFO - <module> : Clicked
2023-01-06 15:56:10,495 - INFO - <module> : Clicked
2023-01-06 15:56:10,495 - INFO - <module> : Clicked
2023-01-06 15:56:10,495 - INFO - <module> : Clicked
2023-01-06 15:56:12,535 - INFO - <module> : Clicked
2023-01-06 15:56:12,535 - INFO - <module> : Clicked
2023-01-06 15:56:12,535 - INFO - <module> : Clicked
2023-01-06 15:56:12,535 - INFO - <module> : Clicked
2023-01-06 15:56:47,513 - INFO - <module> : Clicked
2023-01-06 15:56:47,513 - INFO - <module> : Clicked
2023-01-06 15:56:47,513 - INFO - <module> : Clicked
2023-01-06 15:56:47,513 - INFO - <module> : Clicked
2023-01-06 15:56:59,080 - INFO - <module> : input: Search...22122252189
2023-01-06 15:56:59,080 - INFO - <module> : input: Search...22122252189
2023-01-06 15:56:59,080 - INFO - <module> : input: Search...22122252189
2023-01-06 15:56:59,080 - INFO - <module> : input: Search...22122252189
2023-01-06 15:56:59,138 - INFO - setup : Close Browser
