2023-01-11 12:54:49,290 - INFO - setup : Browser Launched!
2023-01-11 12:55:04,252 - INFO - <module> : ==========Log in==========
2023-01-11 12:55:04,252 - INFO - <module> : ==========Log in==========
2023-01-11 12:55:04,252 - INFO - <module> : ==========Log in==========
2023-01-11 12:55:04,252 - INFO - <module> : ==========Log in==========
2023-01-11 12:55:05,552 - INFO - <module> : Login to Meralco Online
2023-01-11 12:55:05,552 - INFO - <module> : Login to Meralco Online
2023-01-11 12:55:05,552 - INFO - <module> : Login to Meralco Online
2023-01-11 12:55:05,552 - INFO - <module> : Login to Meralco Online
2023-01-11 12:55:05,726 - INFO - <module> : input: ATNewSAMObiz@yopmail.com
2023-01-11 12:55:05,726 - INFO - <module> : input: ATNewSAMObiz@yopmail.com
2023-01-11 12:55:05,726 - INFO - <module> : input: ATNewSAMObiz@yopmail.com
2023-01-11 12:55:05,726 - INFO - <module> : input: ATNewSAMObiz@yopmail.com
2023-01-11 12:55:05,812 - INFO - <module> : input: Meralco003
2023-01-11 12:55:05,812 - INFO - <module> : input: Meralco003
2023-01-11 12:55:05,812 - INFO - <module> : input: Meralco003
2023-01-11 12:55:05,812 - INFO - <module> : input: Meralco003
2023-01-11 12:55:05,876 - INFO - <module> : Clicked
2023-01-11 12:55:05,876 - INFO - <module> : Clicked
2023-01-11 12:55:05,876 - INFO - <module> : Clicked
2023-01-11 12:55:05,876 - INFO - <module> : Clicked
2023-01-11 12:55:18,558 - INFO - <module> : Hello, exists
2023-01-11 12:55:18,558 - INFO - <module> : Hello, exists
2023-01-11 12:55:18,558 - INFO - <module> : Hello, exists
2023-01-11 12:55:18,558 - INFO - <module> : Hello, exists
2023-01-11 12:55:21,654 - INFO - <module> : Click on Request for a Service tile
2023-01-11 12:55:21,654 - INFO - <module> : Click on Request for a Service tile
2023-01-11 12:55:21,654 - INFO - <module> : Click on Request for a Service tile
2023-01-11 12:55:21,654 - INFO - <module> : Click on Request for a Service tile
2023-01-11 12:55:21,743 - INFO - <module> : Clicked
2023-01-11 12:55:21,743 - INFO - <module> : Clicked
2023-01-11 12:55:21,743 - INFO - <module> : Clicked
2023-01-11 12:55:21,743 - INFO - <module> : Clicked
2023-01-11 12:55:33,699 - INFO - <module> : Start a Service exists
2023-01-11 12:55:33,699 - INFO - <module> : Start a Service exists
2023-01-11 12:55:33,699 - INFO - <module> : Start a Service exists
2023-01-11 12:55:33,699 - INFO - <module> : Start a Service exists
2023-01-11 12:55:36,719 - INFO - <module> : Populate all required fields in Contact Information tab > Click Next
2023-01-11 12:55:36,719 - INFO - <module> : Populate all required fields in Contact Information tab > Click Next
2023-01-11 12:55:36,719 - INFO - <module> : Populate all required fields in Contact Information tab > Click Next
2023-01-11 12:55:36,719 - INFO - <module> : Populate all required fields in Contact Information tab > Click Next
2023-01-11 12:55:36,835 - INFO - <module> : input: 08/08/1993
2023-01-11 12:55:36,835 - INFO - <module> : input: 08/08/1993
2023-01-11 12:55:36,835 - INFO - <module> : input: 08/08/1993
2023-01-11 12:55:36,835 - INFO - <module> : input: 08/08/1993
2023-01-11 12:55:39,108 - INFO - <module> : Clicked
2023-01-11 12:55:39,108 - INFO - <module> : Clicked
2023-01-11 12:55:39,108 - INFO - <module> : Clicked
2023-01-11 12:55:39,108 - INFO - <module> : Clicked
2023-01-11 12:55:39,145 - INFO - <module> : Start a Service exists
2023-01-11 12:55:39,145 - INFO - <module> : Start a Service exists
2023-01-11 12:55:39,145 - INFO - <module> : Start a Service exists
2023-01-11 12:55:39,145 - INFO - <module> : Start a Service exists
2023-01-11 12:55:42,093 - INFO - <module> : Populate the following:
Service Address
Province
City / Municipality
Home Ownership
Billing Address Indicator
2023-01-11 12:55:42,093 - INFO - <module> : Populate the following:
Service Address
Province
City / Municipality
Home Ownership
Billing Address Indicator
2023-01-11 12:55:42,093 - INFO - <module> : Populate the following:
Service Address
Province
City / Municipality
Home Ownership
Billing Address Indicator
2023-01-11 12:55:42,093 - INFO - <module> : Populate the following:
Service Address
Province
City / Municipality
Home Ownership
Billing Address Indicator
2023-01-11 12:55:42,208 - INFO - <module> : input: atsrviceadd
2023-01-11 12:55:42,208 - INFO - <module> : input: atsrviceadd
2023-01-11 12:55:42,208 - INFO - <module> : input: atsrviceadd
2023-01-11 12:55:42,208 - INFO - <module> : input: atsrviceadd
2023-01-11 12:55:42,284 - INFO - <module> : Clicked
2023-01-11 12:55:42,284 - INFO - <module> : Clicked
2023-01-11 12:55:42,284 - INFO - <module> : Clicked
2023-01-11 12:55:42,284 - INFO - <module> : Clicked
2023-01-11 12:55:42,340 - INFO - <module> : Clicked
2023-01-11 12:55:42,340 - INFO - <module> : Clicked
2023-01-11 12:55:42,340 - INFO - <module> : Clicked
2023-01-11 12:55:42,340 - INFO - <module> : Clicked
2023-01-11 12:55:42,428 - INFO - <module> : Clicked
2023-01-11 12:55:42,428 - INFO - <module> : Clicked
2023-01-11 12:55:42,428 - INFO - <module> : Clicked
2023-01-11 12:55:42,428 - INFO - <module> : Clicked
2023-01-11 12:55:42,477 - INFO - <module> : Clicked
2023-01-11 12:55:42,477 - INFO - <module> : Clicked
2023-01-11 12:55:42,477 - INFO - <module> : Clicked
2023-01-11 12:55:42,477 - INFO - <module> : Clicked
2023-01-11 12:55:42,556 - INFO - <module> : Clicked
2023-01-11 12:55:42,556 - INFO - <module> : Clicked
2023-01-11 12:55:42,556 - INFO - <module> : Clicked
2023-01-11 12:55:42,556 - INFO - <module> : Clicked
2023-01-11 12:55:42,602 - INFO - <module> : Clicked
2023-01-11 12:55:42,602 - INFO - <module> : Clicked
2023-01-11 12:55:42,602 - INFO - <module> : Clicked
2023-01-11 12:55:42,602 - INFO - <module> : Clicked
2023-01-11 12:55:42,653 - INFO - <module> : Clicked
2023-01-11 12:55:42,653 - INFO - <module> : Clicked
2023-01-11 12:55:42,653 - INFO - <module> : Clicked
2023-01-11 12:55:42,653 - INFO - <module> : Clicked
2023-01-11 12:55:42,705 - INFO - <module> : Clicked
2023-01-11 12:55:42,705 - INFO - <module> : Clicked
2023-01-11 12:55:42,705 - INFO - <module> : Clicked
2023-01-11 12:55:42,705 - INFO - <module> : Clicked
2023-01-11 12:55:44,974 - INFO - <module> : Clicked
2023-01-11 12:55:44,974 - INFO - <module> : Clicked
2023-01-11 12:55:44,974 - INFO - <module> : Clicked
2023-01-11 12:55:44,974 - INFO - <module> : Clicked
2023-01-11 12:55:45,013 - INFO - <module> : 3VALUE ADDED SERVICES exists
2023-01-11 12:55:45,013 - INFO - <module> : 3VALUE ADDED SERVICES exists
2023-01-11 12:55:45,013 - INFO - <module> : 3VALUE ADDED SERVICES exists
2023-01-11 12:55:45,013 - INFO - <module> : 3VALUE ADDED SERVICES exists
2023-01-11 12:55:47,977 - INFO - <module> : Populate the following:
Notification indicator
AMC indicator
Paperless Billing indicator
APA indicator
> Attach documents
> Click Next
2023-01-11 12:55:47,977 - INFO - <module> : Populate the following:
Notification indicator
AMC indicator
Paperless Billing indicator
APA indicator
> Attach documents
> Click Next
2023-01-11 12:55:47,977 - INFO - <module> : Populate the following:
Notification indicator
AMC indicator
Paperless Billing indicator
APA indicator
> Attach documents
> Click Next
2023-01-11 12:55:47,977 - INFO - <module> : Populate the following:
Notification indicator
AMC indicator
Paperless Billing indicator
APA indicator
> Attach documents
> Click Next
2023-01-11 12:55:48,079 - INFO - <module> : Clicked
2023-01-11 12:55:48,079 - INFO - <module> : Clicked
2023-01-11 12:55:48,079 - INFO - <module> : Clicked
2023-01-11 12:55:48,079 - INFO - <module> : Clicked
2023-01-11 12:55:50,379 - INFO - <module> : Clicked
2023-01-11 12:55:50,379 - INFO - <module> : Clicked
2023-01-11 12:55:50,379 - INFO - <module> : Clicked
2023-01-11 12:55:50,379 - INFO - <module> : Clicked
2023-01-11 12:55:50,420 - INFO - <module> : 4TERMS & CONDITIONS exists
2023-01-11 12:55:50,420 - INFO - <module> : 4TERMS & CONDITIONS exists
2023-01-11 12:55:50,420 - INFO - <module> : 4TERMS & CONDITIONS exists
2023-01-11 12:55:50,420 - INFO - <module> : 4TERMS & CONDITIONS exists
2023-01-11 12:55:53,489 - INFO - <module> : Tick on I have read and agree to the Meralco Online Terms & Conditions and consent to the processing of my personal data in accordance with the Privacy Policy
2023-01-11 12:55:53,489 - INFO - <module> : Tick on I have read and agree to the Meralco Online Terms & Conditions and consent to the processing of my personal data in accordance with the Privacy Policy
2023-01-11 12:55:53,489 - INFO - <module> : Tick on I have read and agree to the Meralco Online Terms & Conditions and consent to the processing of my personal data in accordance with the Privacy Policy
2023-01-11 12:55:53,489 - INFO - <module> : Tick on I have read and agree to the Meralco Online Terms & Conditions and consent to the processing of my personal data in accordance with the Privacy Policy
2023-01-11 12:55:53,601 - INFO - <module> : Clicked
2023-01-11 12:55:53,601 - INFO - <module> : Clicked
2023-01-11 12:55:53,601 - INFO - <module> : Clicked
2023-01-11 12:55:53,601 - INFO - <module> : Clicked
2023-01-11 12:56:16,779 - INFO - <module> : Click Submit
2023-01-11 12:56:16,779 - INFO - <module> : Click Submit
2023-01-11 12:56:16,779 - INFO - <module> : Click Submit
2023-01-11 12:56:16,779 - INFO - <module> : Click Submit
2023-01-11 12:56:16,906 - INFO - <module> : Clicked
2023-01-11 12:56:16,906 - INFO - <module> : Clicked
2023-01-11 12:56:16,906 - INFO - <module> : Clicked
2023-01-11 12:56:16,906 - INFO - <module> : Clicked
2023-01-11 12:56:19,180 - INFO - <module> : TC001 Passed
2023-01-11 12:56:19,180 - INFO - <module> : TC001 Passed
2023-01-11 12:56:19,180 - INFO - <module> : TC001 Passed
2023-01-11 12:56:19,180 - INFO - <module> : TC001 Passed
2023-01-11 12:56:19,260 - INFO - setup : Close Browser
