2023-01-06 14:58:30,366 - INFO - setup : Browser Launched!
2023-01-06 14:59:02,402 - INFO - <module> : Opened: https://meralco--fuat.lightning.force.com/lightning/page/home
2023-01-06 14:59:02,402 - INFO - <module> : Opened: https://meralco--fuat.lightning.force.com/lightning/page/home
2023-01-06 14:59:02,402 - INFO - <module> : Opened: https://meralco--fuat.lightning.force.com/lightning/page/home
2023-01-06 14:59:02,402 - INFO - <module> : Opened: https://meralco--fuat.lightning.force.com/lightning/page/home
2023-01-06 14:59:03,294 - INFO - <module> : Clicked
2023-01-06 14:59:03,294 - INFO - <module> : Clicked
2023-01-06 14:59:03,294 - INFO - <module> : Clicked
2023-01-06 14:59:03,294 - INFO - <module> : Clicked
2023-01-06 14:59:12,368 - INFO - <module> : input: v-lvlgalvez@meralco.com.ph
2023-01-06 14:59:12,368 - INFO - <module> : input: v-lvlgalvez@meralco.com.ph
2023-01-06 14:59:12,368 - INFO - <module> : input: v-lvlgalvez@meralco.com.ph
2023-01-06 14:59:12,368 - INFO - <module> : input: v-lvlgalvez@meralco.com.ph
2023-01-06 14:59:12,852 - INFO - <module> : Clicked
2023-01-06 14:59:12,852 - INFO - <module> : Clicked
2023-01-06 14:59:12,852 - INFO - <module> : Clicked
2023-01-06 14:59:12,852 - INFO - <module> : Clicked
2023-01-06 14:59:14,916 - INFO - <module> : input: Mecopass@@!!123
2023-01-06 14:59:14,916 - INFO - <module> : input: Mecopass@@!!123
2023-01-06 14:59:14,916 - INFO - <module> : input: Mecopass@@!!123
2023-01-06 14:59:14,916 - INFO - <module> : input: Mecopass@@!!123
2023-01-06 14:59:15,876 - INFO - <module> : Clicked
2023-01-06 14:59:15,876 - INFO - <module> : Clicked
2023-01-06 14:59:15,876 - INFO - <module> : Clicked
2023-01-06 14:59:15,876 - INFO - <module> : Clicked
2023-01-06 14:59:17,404 - INFO - <module> : Clicked
2023-01-06 14:59:17,404 - INFO - <module> : Clicked
2023-01-06 14:59:17,404 - INFO - <module> : Clicked
2023-01-06 14:59:17,404 - INFO - <module> : Clicked
2023-01-06 14:59:32,464 - INFO - setup : Close Browser
