2022-10-17 09:57:52,396 - INFO - setup : Browser Launched!
2022-10-17 09:58:03,777 - INFO - <module> : Go to https://fuat-meralco.cs73.force.com/customers/s/outagemap
2022-10-17 09:58:03,777 - INFO - <module> : Go to https://fuat-meralco.cs73.force.com/customers/s/outagemap
2022-10-17 09:58:03,777 - INFO - <module> : Go to https://fuat-meralco.cs73.force.com/customers/s/outagemap
2022-10-17 09:58:03,777 - INFO - <module> : Go to https://fuat-meralco.cs73.force.com/customers/s/outagemap
2022-10-17 09:58:07,708 - INFO - <module> : Opened: https://fuat-meralco.cs73.force.com/customers/s/outagemap
2022-10-17 09:58:07,708 - INFO - <module> : Opened: https://fuat-meralco.cs73.force.com/customers/s/outagemap
2022-10-17 09:58:07,708 - INFO - <module> : Opened: https://fuat-meralco.cs73.force.com/customers/s/outagemap
2022-10-17 09:58:07,708 - INFO - <module> : Opened: https://fuat-meralco.cs73.force.com/customers/s/outagemap
2022-10-17 09:58:10,652 - INFO - <module> : Validate View Outages by
2022-10-17 09:58:10,652 - INFO - <module> : Validate View Outages by
2022-10-17 09:58:10,652 - INFO - <module> : Validate View Outages by
2022-10-17 09:58:10,652 - INFO - <module> : Validate View Outages by
2022-10-17 09:58:10,715 - INFO - <module> : Meralco would like to access your location to identify if your area is affected by an outage. exists
2022-10-17 09:58:10,715 - INFO - <module> : Meralco would like to access your location to identify if your area is affected by an outage. exists
2022-10-17 09:58:10,715 - INFO - <module> : Meralco would like to access your location to identify if your area is affected by an outage. exists
2022-10-17 09:58:10,715 - INFO - <module> : Meralco would like to access your location to identify if your area is affected by an outage. exists
2022-10-17 09:58:10,814 - INFO - <module> : Agree clicked
2022-10-17 09:58:10,814 - INFO - <module> : Agree clicked
2022-10-17 09:58:10,814 - INFO - <module> : Agree clicked
2022-10-17 09:58:10,814 - INFO - <module> : Agree clicked
2022-10-17 09:58:17,747 - INFO - <module> : Tick Other Address
2022-10-17 09:58:17,747 - INFO - <module> : Tick Other Address
2022-10-17 09:58:17,747 - INFO - <module> : Tick Other Address
2022-10-17 09:58:17,747 - INFO - <module> : Tick Other Address
2022-10-17 09:58:17,881 - INFO - <module> :  clicked
2022-10-17 09:58:17,881 - INFO - <module> :  clicked
2022-10-17 09:58:17,881 - INFO - <module> :  clicked
2022-10-17 09:58:17,881 - INFO - <module> :  clicked
2022-10-17 09:58:20,817 - INFO - <module> : Tick Anywhere on the map
2022-10-17 09:58:20,817 - INFO - <module> : Tick Anywhere on the map
2022-10-17 09:58:20,817 - INFO - <module> : Tick Anywhere on the map
2022-10-17 09:58:20,817 - INFO - <module> : Tick Anywhere on the map
2022-10-17 09:58:28,660 - INFO - setup : Close Browser
