2022-10-25 16:45:40,192 - INFO - setup : Browser Launched!
2022-10-25 16:45:47,858 - INFO - <module> : Log in to Internal Map using this link:
https://outage-api.meralco.com.ph/
2022-10-25 16:45:47,858 - INFO - <module> : Log in to Internal Map using this link:
https://outage-api.meralco.com.ph/
2022-10-25 16:45:47,858 - INFO - <module> : Log in to Internal Map using this link:
https://outage-api.meralco.com.ph/
2022-10-25 16:45:47,858 - INFO - <module> : Log in to Internal Map using this link:
https://outage-api.meralco.com.ph/
2022-10-25 16:45:49,991 - INFO - <module> : Opened: https://outage-api.meralco.com.ph/
2022-10-25 16:45:49,991 - INFO - <module> : Opened: https://outage-api.meralco.com.ph/
2022-10-25 16:45:49,991 - INFO - <module> : Opened: https://outage-api.meralco.com.ph/
2022-10-25 16:45:49,991 - INFO - <module> : Opened: https://outage-api.meralco.com.ph/
2022-10-25 16:45:52,740 - INFO - <module> : input: v-lvlgalvez@meralco.com.ph
2022-10-25 16:45:52,740 - INFO - <module> : input: v-lvlgalvez@meralco.com.ph
2022-10-25 16:45:52,740 - INFO - <module> : input: v-lvlgalvez@meralco.com.ph
2022-10-25 16:45:52,740 - INFO - <module> : input: v-lvlgalvez@meralco.com.ph
2022-10-25 16:45:52,810 - INFO - <module> : Clicked
2022-10-25 16:45:52,810 - INFO - <module> : Clicked
2022-10-25 16:45:52,810 - INFO - <module> : Clicked
2022-10-25 16:45:52,810 - INFO - <module> : Clicked
2022-10-25 16:45:54,401 - INFO - <module> : input: Mecopass@@!!129
2022-10-25 16:45:54,401 - INFO - <module> : input: Mecopass@@!!129
2022-10-25 16:45:54,401 - INFO - <module> : input: Mecopass@@!!129
2022-10-25 16:45:54,401 - INFO - <module> : input: Mecopass@@!!129
2022-10-25 16:45:54,897 - INFO - <module> : Clicked
2022-10-25 16:45:54,897 - INFO - <module> : Clicked
2022-10-25 16:45:54,897 - INFO - <module> : Clicked
2022-10-25 16:45:54,897 - INFO - <module> : Clicked
2022-10-25 16:45:55,493 - INFO - <module> : Clicked
2022-10-25 16:45:55,493 - INFO - <module> : Clicked
2022-10-25 16:45:55,493 - INFO - <module> : Clicked
2022-10-25 16:45:55,493 - INFO - <module> : Clicked
2022-10-25 16:46:24,290 - INFO - <module> : Clicked
2022-10-25 16:46:24,290 - INFO - <module> : Clicked
2022-10-25 16:46:24,290 - INFO - <module> : Clicked
2022-10-25 16:46:24,290 - INFO - <module> : Clicked
2022-10-25 16:46:32,066 - INFO - <module> : Log in to Internal Map using this link:
https://outage-api.meralco.com.ph/
2022-10-25 16:46:32,066 - INFO - <module> : Log in to Internal Map using this link:
https://outage-api.meralco.com.ph/
2022-10-25 16:46:32,066 - INFO - <module> : Log in to Internal Map using this link:
https://outage-api.meralco.com.ph/
2022-10-25 16:46:32,066 - INFO - <module> : Log in to Internal Map using this link:
https://outage-api.meralco.com.ph/
2022-10-25 16:46:33,142 - INFO - <module> : Opened: https://outage-api.meralco.com.ph/
2022-10-25 16:46:33,142 - INFO - <module> : Opened: https://outage-api.meralco.com.ph/
2022-10-25 16:46:33,142 - INFO - <module> : Opened: https://outage-api.meralco.com.ph/
2022-10-25 16:46:33,142 - INFO - <module> : Opened: https://outage-api.meralco.com.ph/
2022-10-25 16:46:35,656 - INFO - setup : Close Browser
