2022-10-17 10:01:35,810 - INFO - setup : Browser Launched!
2022-10-17 10:01:45,410 - INFO - <module> : Login to Meralco Online
2022-10-17 10:01:45,410 - INFO - <module> : Login to Meralco Online
2022-10-17 10:01:45,410 - INFO - <module> : Login to Meralco Online
2022-10-17 10:01:45,410 - INFO - <module> : Login to Meralco Online
2022-10-17 10:01:46,523 - INFO - <module> : Opened: https://fuat-meralco.cs73.force.com/customers/s/splash
2022-10-17 10:01:46,523 - INFO - <module> : Opened: https://fuat-meralco.cs73.force.com/customers/s/splash
2022-10-17 10:01:46,523 - INFO - <module> : Opened: https://fuat-meralco.cs73.force.com/customers/s/splash
2022-10-17 10:01:46,523 - INFO - <module> : Opened: https://fuat-meralco.cs73.force.com/customers/s/splash
2022-10-17 10:01:46,730 - INFO - <module> : input: atmooutageaccount@yopmail.com
2022-10-17 10:01:46,730 - INFO - <module> : input: atmooutageaccount@yopmail.com
2022-10-17 10:01:46,730 - INFO - <module> : input: atmooutageaccount@yopmail.com
2022-10-17 10:01:46,730 - INFO - <module> : input: atmooutageaccount@yopmail.com
2022-10-17 10:01:46,815 - INFO - <module> : input: Meralco01
2022-10-17 10:01:46,815 - INFO - <module> : input: Meralco01
2022-10-17 10:01:46,815 - INFO - <module> : input: Meralco01
2022-10-17 10:01:46,815 - INFO - <module> : input: Meralco01
2022-10-17 10:01:46,884 - INFO - <module> : Log in clicked
2022-10-17 10:01:46,884 - INFO - <module> : Log in clicked
2022-10-17 10:01:46,884 - INFO - <module> : Log in clicked
2022-10-17 10:01:46,884 - INFO - <module> : Log in clicked
2022-10-17 10:01:52,831 - INFO - <module> : Hello, exists
2022-10-17 10:01:52,831 - INFO - <module> : Hello, exists
2022-10-17 10:01:52,831 - INFO - <module> : Hello, exists
2022-10-17 10:01:52,831 - INFO - <module> : Hello, exists
2022-10-17 10:01:52,847 - INFO - <module> : Hello, exists
2022-10-17 10:01:52,847 - INFO - <module> : Hello, exists
2022-10-17 10:01:52,847 - INFO - <module> : Hello, exists
2022-10-17 10:01:52,847 - INFO - <module> : Hello, exists
2022-10-17 10:01:55,581 - INFO - <module> : Go to Outages & Incidents > View/Report Outages
2022-10-17 10:01:55,581 - INFO - <module> : Go to Outages & Incidents > View/Report Outages
2022-10-17 10:01:55,581 - INFO - <module> : Go to Outages & Incidents > View/Report Outages
2022-10-17 10:01:55,581 - INFO - <module> : Go to Outages & Incidents > View/Report Outages
2022-10-17 10:01:55,655 - INFO - <module> : Outages & Incidents clicked
2022-10-17 10:01:55,655 - INFO - <module> : Outages & Incidents clicked
2022-10-17 10:01:55,655 - INFO - <module> : Outages & Incidents clicked
2022-10-17 10:01:55,655 - INFO - <module> : Outages & Incidents clicked
2022-10-17 10:01:55,706 - INFO - <module> :  clicked
2022-10-17 10:01:55,706 - INFO - <module> :  clicked
2022-10-17 10:01:55,706 - INFO - <module> :  clicked
2022-10-17 10:01:55,706 - INFO - <module> :  clicked
2022-10-17 10:02:04,476 - INFO - <module> : Okay clicked
2022-10-17 10:02:04,476 - INFO - <module> : Okay clicked
2022-10-17 10:02:04,476 - INFO - <module> : Okay clicked
2022-10-17 10:02:04,476 - INFO - <module> : Okay clicked
2022-10-17 10:02:06,801 - INFO - setup : Close Browser
