2022-11-17 11:10:32,307 - INFO - setup : Browser Launched!
2022-11-17 11:10:38,497 - INFO - <module> : Go to Map Displays -> tick Scheduled Interruption -> tick Outage Pins
2022-11-17 11:10:38,497 - INFO - <module> : Go to Map Displays -> tick Scheduled Interruption -> tick Outage Pins
2022-11-17 11:10:38,497 - INFO - <module> : Go to Map Displays -> tick Scheduled Interruption -> tick Outage Pins
2022-11-17 11:10:38,497 - INFO - <module> : Go to Map Displays -> tick Scheduled Interruption -> tick Outage Pins
2022-11-17 11:10:39,765 - INFO - <module> : Opened: https://outage-api.meralco.com.ph/
2022-11-17 11:10:39,765 - INFO - <module> : Opened: https://outage-api.meralco.com.ph/
2022-11-17 11:10:39,765 - INFO - <module> : Opened: https://outage-api.meralco.com.ph/
2022-11-17 11:10:39,765 - INFO - <module> : Opened: https://outage-api.meralco.com.ph/
2022-11-17 11:10:41,001 - INFO - <module> : input: v-lvlgalvez@meralco.com.ph
2022-11-17 11:10:41,001 - INFO - <module> : input: v-lvlgalvez@meralco.com.ph
2022-11-17 11:10:41,001 - INFO - <module> : input: v-lvlgalvez@meralco.com.ph
2022-11-17 11:10:41,001 - INFO - <module> : input: v-lvlgalvez@meralco.com.ph
2022-11-17 11:10:41,052 - INFO - <module> : Clicked
2022-11-17 11:10:41,052 - INFO - <module> : Clicked
2022-11-17 11:10:41,052 - INFO - <module> : Clicked
2022-11-17 11:10:41,052 - INFO - <module> : Clicked
2022-11-17 11:10:42,645 - INFO - <module> : input: Mecopass@@!!121
2022-11-17 11:10:42,645 - INFO - <module> : input: Mecopass@@!!121
2022-11-17 11:10:42,645 - INFO - <module> : input: Mecopass@@!!121
2022-11-17 11:10:42,645 - INFO - <module> : input: Mecopass@@!!121
2022-11-17 11:10:43,058 - INFO - <module> : Clicked
2022-11-17 11:10:43,058 - INFO - <module> : Clicked
2022-11-17 11:10:43,058 - INFO - <module> : Clicked
2022-11-17 11:10:43,058 - INFO - <module> : Clicked
2022-11-17 11:10:43,642 - INFO - <module> : Clicked
2022-11-17 11:10:43,642 - INFO - <module> : Clicked
2022-11-17 11:10:43,642 - INFO - <module> : Clicked
2022-11-17 11:10:43,642 - INFO - <module> : Clicked
2022-11-17 11:11:16,540 - INFO - <module> : Clicked
2022-11-17 11:11:16,540 - INFO - <module> : Clicked
2022-11-17 11:11:16,540 - INFO - <module> : Clicked
2022-11-17 11:11:16,540 - INFO - <module> : Clicked
2022-11-17 11:11:50,728 - INFO - <module> : Clicked
2022-11-17 11:11:50,728 - INFO - <module> : Clicked
2022-11-17 11:11:50,728 - INFO - <module> : Clicked
2022-11-17 11:11:50,728 - INFO - <module> : Clicked
2022-11-17 11:11:52,823 - INFO - <module> : Clicked
2022-11-17 11:11:52,823 - INFO - <module> : Clicked
2022-11-17 11:11:52,823 - INFO - <module> : Clicked
2022-11-17 11:11:52,823 - INFO - <module> : Clicked
2022-11-17 11:11:54,907 - INFO - <module> : Clicked
2022-11-17 11:11:54,907 - INFO - <module> : Clicked
2022-11-17 11:11:54,907 - INFO - <module> : Clicked
2022-11-17 11:11:54,907 - INFO - <module> : Clicked
2022-11-17 11:11:58,615 - INFO - <module> : Go to Map Displays -> tick Scheduled Interruptions -> tick Outage pins
2022-11-17 11:11:58,615 - INFO - <module> : Go to Map Displays -> tick Scheduled Interruptions -> tick Outage pins
2022-11-17 11:11:58,615 - INFO - <module> : Go to Map Displays -> tick Scheduled Interruptions -> tick Outage pins
2022-11-17 11:11:58,615 - INFO - <module> : Go to Map Displays -> tick Scheduled Interruptions -> tick Outage pins
2022-11-17 11:12:02,530 - INFO - <module> : Go to Map Displays -> tick Scheduled Interruptions -> tick Outage pins
2022-11-17 11:12:02,530 - INFO - <module> : Go to Map Displays -> tick Scheduled Interruptions -> tick Outage pins
2022-11-17 11:12:02,530 - INFO - <module> : Go to Map Displays -> tick Scheduled Interruptions -> tick Outage pins
2022-11-17 11:12:02,530 - INFO - <module> : Go to Map Displays -> tick Scheduled Interruptions -> tick Outage pins
2022-11-17 11:12:02,709 - INFO - <module> : Clicked
2022-11-17 11:12:02,709 - INFO - <module> : Clicked
2022-11-17 11:12:02,709 - INFO - <module> : Clicked
2022-11-17 11:12:02,709 - INFO - <module> : Clicked
2022-11-17 11:12:05,162 - INFO - setup : Close Browser
