2022-10-27 13:49:32,552 - INFO - setup : Browser Launched!
2022-10-27 13:49:40,963 - INFO - <module> : Go to Map Displays -> Establishment -> Tick Vital Customers
2022-10-27 13:49:40,963 - INFO - <module> : Go to Map Displays -> Establishment -> Tick Vital Customers
2022-10-27 13:49:40,963 - INFO - <module> : Go to Map Displays -> Establishment -> Tick Vital Customers
2022-10-27 13:49:40,963 - INFO - <module> : Go to Map Displays -> Establishment -> Tick Vital Customers
2022-10-27 13:49:51,645 - INFO - <module> : Opened: https://outage-api.meralco.com.ph/
2022-10-27 13:49:51,645 - INFO - <module> : Opened: https://outage-api.meralco.com.ph/
2022-10-27 13:49:51,645 - INFO - <module> : Opened: https://outage-api.meralco.com.ph/
2022-10-27 13:49:51,645 - INFO - <module> : Opened: https://outage-api.meralco.com.ph/
2022-10-27 13:49:54,452 - INFO - <module> : input: v-lvlgalvez@meralco.com.ph
2022-10-27 13:49:54,452 - INFO - <module> : input: v-lvlgalvez@meralco.com.ph
2022-10-27 13:49:54,452 - INFO - <module> : input: v-lvlgalvez@meralco.com.ph
2022-10-27 13:49:54,452 - INFO - <module> : input: v-lvlgalvez@meralco.com.ph
2022-10-27 13:49:54,512 - INFO - <module> : Clicked
2022-10-27 13:49:54,512 - INFO - <module> : Clicked
2022-10-27 13:49:54,512 - INFO - <module> : Clicked
2022-10-27 13:49:54,512 - INFO - <module> : Clicked
2022-10-27 13:49:56,121 - INFO - <module> : input: Mecopass@@!!129
2022-10-27 13:49:56,121 - INFO - <module> : input: Mecopass@@!!129
2022-10-27 13:49:56,121 - INFO - <module> : input: Mecopass@@!!129
2022-10-27 13:49:56,121 - INFO - <module> : input: Mecopass@@!!129
2022-10-27 13:49:56,609 - INFO - <module> : Clicked
2022-10-27 13:49:56,609 - INFO - <module> : Clicked
2022-10-27 13:49:56,609 - INFO - <module> : Clicked
2022-10-27 13:49:56,609 - INFO - <module> : Clicked
2022-10-27 13:49:57,194 - INFO - <module> : Clicked
2022-10-27 13:49:57,194 - INFO - <module> : Clicked
2022-10-27 13:49:57,194 - INFO - <module> : Clicked
2022-10-27 13:49:57,194 - INFO - <module> : Clicked
2022-10-27 13:50:42,486 - INFO - <module> : Clicked
2022-10-27 13:50:42,486 - INFO - <module> : Clicked
2022-10-27 13:50:42,486 - INFO - <module> : Clicked
2022-10-27 13:50:42,486 - INFO - <module> : Clicked
2022-10-27 13:51:11,837 - INFO - <module> :  clicked
2022-10-27 13:51:11,837 - INFO - <module> :  clicked
2022-10-27 13:51:11,837 - INFO - <module> :  clicked
2022-10-27 13:51:11,837 - INFO - <module> :  clicked
2022-10-27 13:51:11,937 - INFO - <module> : Search Locations clicked
2022-10-27 13:51:11,937 - INFO - <module> : Search Locations clicked
2022-10-27 13:51:11,937 - INFO - <module> : Search Locations clicked
2022-10-27 13:51:11,937 - INFO - <module> : Search Locations clicked
2022-10-27 13:51:40,829 - INFO - <module> :  clicked
2022-10-27 13:51:40,829 - INFO - <module> :  clicked
2022-10-27 13:51:40,829 - INFO - <module> :  clicked
2022-10-27 13:51:40,829 - INFO - <module> :  clicked
2022-10-27 13:52:03,725 - INFO - <module> : Click on any Vital Customer pin
2022-10-27 13:52:03,725 - INFO - <module> : Click on any Vital Customer pin
2022-10-27 13:52:03,725 - INFO - <module> : Click on any Vital Customer pin
2022-10-27 13:52:03,725 - INFO - <module> : Click on any Vital Customer pin
2022-10-27 13:52:03,978 - INFO - <module> : Clicked
2022-10-27 13:52:03,978 - INFO - <module> : Clicked
2022-10-27 13:52:03,978 - INFO - <module> : Clicked
2022-10-27 13:52:03,978 - INFO - <module> : Clicked
2022-10-27 13:52:26,389 - INFO - setup : Close Browser
