2022-10-27 10:29:25,075 - INFO - setup : Browser Launched!
2022-10-27 10:29:39,600 - INFO - <module> : Click on burger menu > Outages by Area
2022-10-27 10:29:39,600 - INFO - <module> : Click on burger menu > Outages by Area
2022-10-27 10:29:39,600 - INFO - <module> : Click on burger menu > Outages by Area
2022-10-27 10:29:39,600 - INFO - <module> : Click on burger menu > Outages by Area
2022-10-27 10:29:41,997 - INFO - <module> : Opened: https://outage-api.meralco.com.ph/
2022-10-27 10:29:41,997 - INFO - <module> : Opened: https://outage-api.meralco.com.ph/
2022-10-27 10:29:41,997 - INFO - <module> : Opened: https://outage-api.meralco.com.ph/
2022-10-27 10:29:41,997 - INFO - <module> : Opened: https://outage-api.meralco.com.ph/
2022-10-27 10:29:44,325 - INFO - <module> : input: v-lvlgalvez@meralco.com.ph
2022-10-27 10:29:44,325 - INFO - <module> : input: v-lvlgalvez@meralco.com.ph
2022-10-27 10:29:44,325 - INFO - <module> : input: v-lvlgalvez@meralco.com.ph
2022-10-27 10:29:44,325 - INFO - <module> : input: v-lvlgalvez@meralco.com.ph
2022-10-27 10:29:44,492 - INFO - <module> : Clicked
2022-10-27 10:29:44,492 - INFO - <module> : Clicked
2022-10-27 10:29:44,492 - INFO - <module> : Clicked
2022-10-27 10:29:44,492 - INFO - <module> : Clicked
2022-10-27 10:29:46,794 - INFO - <module> : input: Mecopass@@!!129
2022-10-27 10:29:46,794 - INFO - <module> : input: Mecopass@@!!129
2022-10-27 10:29:46,794 - INFO - <module> : input: Mecopass@@!!129
2022-10-27 10:29:46,794 - INFO - <module> : input: Mecopass@@!!129
2022-10-27 10:29:47,493 - INFO - <module> : Clicked
2022-10-27 10:29:47,493 - INFO - <module> : Clicked
2022-10-27 10:29:47,493 - INFO - <module> : Clicked
2022-10-27 10:29:47,493 - INFO - <module> : Clicked
2022-10-27 10:29:48,228 - INFO - <module> : Clicked
2022-10-27 10:29:48,228 - INFO - <module> : Clicked
2022-10-27 10:29:48,228 - INFO - <module> : Clicked
2022-10-27 10:29:48,228 - INFO - <module> : Clicked
2022-10-27 10:30:16,730 - INFO - <module> : Clicked
2022-10-27 10:30:16,730 - INFO - <module> : Clicked
2022-10-27 10:30:16,730 - INFO - <module> : Clicked
2022-10-27 10:30:16,730 - INFO - <module> : Clicked
2022-10-27 10:30:21,008 - INFO - <module> :  clicked
2022-10-27 10:30:21,008 - INFO - <module> :  clicked
2022-10-27 10:30:21,008 - INFO - <module> :  clicked
2022-10-27 10:30:21,008 - INFO - <module> :  clicked
2022-10-27 10:30:21,161 - INFO - <module> : Outages by Area clicked
2022-10-27 10:30:21,161 - INFO - <module> : Outages by Area clicked
2022-10-27 10:30:21,161 - INFO - <module> : Outages by Area clicked
2022-10-27 10:30:21,161 - INFO - <module> : Outages by Area clicked
2022-10-27 10:30:26,095 - INFO - <module> : Select Sector
2022-10-27 10:30:26,095 - INFO - <module> : Select Sector
2022-10-27 10:30:26,095 - INFO - <module> : Select Sector
2022-10-27 10:30:26,095 - INFO - <module> : Select Sector
2022-10-27 10:30:26,376 - INFO - <module> : arrow_drop_down clicked
2022-10-27 10:30:26,376 - INFO - <module> : arrow_drop_down clicked
2022-10-27 10:30:26,376 - INFO - <module> : arrow_drop_down clicked
2022-10-27 10:30:26,376 - INFO - <module> : arrow_drop_down clicked
2022-10-27 10:30:27,243 - INFO - <module> :  clicked
2022-10-27 10:30:27,243 - INFO - <module> :  clicked
2022-10-27 10:30:27,243 - INFO - <module> :  clicked
2022-10-27 10:30:27,243 - INFO - <module> :  clicked
2022-10-27 10:30:30,043 - INFO - setup : Close Browser
