2022-10-25 14:48:23,331 - INFO - setup : Browser Launched!
2022-10-25 14:48:38,699 - INFO - <module> : Go to Internal Map 
2022-10-25 14:48:38,699 - INFO - <module> : Go to Internal Map 
2022-10-25 14:48:38,699 - INFO - <module> : Go to Internal Map 
2022-10-25 14:48:38,699 - INFO - <module> : Go to Internal Map 
2022-10-25 14:48:40,693 - INFO - <module> : Opened: https://outage-api.meralco.com.ph/
2022-10-25 14:48:40,693 - INFO - <module> : Opened: https://outage-api.meralco.com.ph/
2022-10-25 14:48:40,693 - INFO - <module> : Opened: https://outage-api.meralco.com.ph/
2022-10-25 14:48:40,693 - INFO - <module> : Opened: https://outage-api.meralco.com.ph/
2022-10-25 14:48:42,599 - INFO - <module> : input: v-lvlgalvez@meralco.com.ph
2022-10-25 14:48:42,599 - INFO - <module> : input: v-lvlgalvez@meralco.com.ph
2022-10-25 14:48:42,599 - INFO - <module> : input: v-lvlgalvez@meralco.com.ph
2022-10-25 14:48:42,599 - INFO - <module> : input: v-lvlgalvez@meralco.com.ph
2022-10-25 14:48:42,722 - INFO - <module> : Clicked
2022-10-25 14:48:42,722 - INFO - <module> : Clicked
2022-10-25 14:48:42,722 - INFO - <module> : Clicked
2022-10-25 14:48:42,722 - INFO - <module> : Clicked
2022-10-25 14:48:43,948 - INFO - <module> : input: Mecopass@@!!129
2022-10-25 14:48:43,948 - INFO - <module> : input: Mecopass@@!!129
2022-10-25 14:48:43,948 - INFO - <module> : input: Mecopass@@!!129
2022-10-25 14:48:43,948 - INFO - <module> : input: Mecopass@@!!129
2022-10-25 14:48:44,671 - INFO - <module> : Clicked
2022-10-25 14:48:44,671 - INFO - <module> : Clicked
2022-10-25 14:48:44,671 - INFO - <module> : Clicked
2022-10-25 14:48:44,671 - INFO - <module> : Clicked
2022-10-25 14:49:10,740 - INFO - <module> : Clicked
2022-10-25 14:49:10,740 - INFO - <module> : Clicked
2022-10-25 14:49:10,740 - INFO - <module> : Clicked
2022-10-25 14:49:10,740 - INFO - <module> : Clicked
2022-10-25 14:49:24,393 - INFO - setup : Close Browser
