2022-10-19 15:21:26,548 - INFO - setup : Browser Launched!
2022-10-19 15:21:38,651 - INFO - <module> : Access outage reporting form for Guest users.
2022-10-19 15:21:38,651 - INFO - <module> : Access outage reporting form for Guest users.
2022-10-19 15:21:38,651 - INFO - <module> : Access outage reporting form for Guest users.
2022-10-19 15:21:38,651 - INFO - <module> : Access outage reporting form for Guest users.
2022-10-19 15:21:42,763 - INFO - <module> : Opened: https://fuat-meralco.cs73.force.com/customers/s/outagemap
2022-10-19 15:21:42,763 - INFO - <module> : Opened: https://fuat-meralco.cs73.force.com/customers/s/outagemap
2022-10-19 15:21:42,763 - INFO - <module> : Opened: https://fuat-meralco.cs73.force.com/customers/s/outagemap
2022-10-19 15:21:42,763 - INFO - <module> : Opened: https://fuat-meralco.cs73.force.com/customers/s/outagemap
2022-10-19 15:21:46,216 - INFO - <module> : Meralco would like to access your location to identify if your area is affected by an outage. exists
2022-10-19 15:21:46,216 - INFO - <module> : Meralco would like to access your location to identify if your area is affected by an outage. exists
2022-10-19 15:21:46,216 - INFO - <module> : Meralco would like to access your location to identify if your area is affected by an outage. exists
2022-10-19 15:21:46,216 - INFO - <module> : Meralco would like to access your location to identify if your area is affected by an outage. exists
2022-10-19 15:21:48,317 - INFO - <module> : Clicked
2022-10-19 15:21:48,317 - INFO - <module> : Clicked
2022-10-19 15:21:48,317 - INFO - <module> : Clicked
2022-10-19 15:21:48,317 - INFO - <module> : Clicked
2022-10-19 15:21:52,415 - INFO - <module> : Clicked
2022-10-19 15:21:52,415 - INFO - <module> : Clicked
2022-10-19 15:21:52,415 - INFO - <module> : Clicked
2022-10-19 15:21:52,415 - INFO - <module> : Clicked
2022-10-19 15:22:00,475 - INFO - <module> : Report an Outage or Incident exists
2022-10-19 15:22:00,475 - INFO - <module> : Report an Outage or Incident exists
2022-10-19 15:22:00,475 - INFO - <module> : Report an Outage or Incident exists
2022-10-19 15:22:00,475 - INFO - <module> : Report an Outage or Incident exists
2022-10-19 15:22:03,330 - INFO - <module> : Choose 'Streetlight Concern' from the 'What are you reporting?' option.
2022-10-19 15:22:03,330 - INFO - <module> : Choose 'Streetlight Concern' from the 'What are you reporting?' option.
2022-10-19 15:22:03,330 - INFO - <module> : Choose 'Streetlight Concern' from the 'What are you reporting?' option.
2022-10-19 15:22:03,330 - INFO - <module> : Choose 'Streetlight Concern' from the 'What are you reporting?' option.
2022-10-19 15:22:03,405 - INFO - <module> : Clicked
2022-10-19 15:22:03,405 - INFO - <module> : Clicked
2022-10-19 15:22:03,405 - INFO - <module> : Clicked
2022-10-19 15:22:03,405 - INFO - <module> : Clicked
2022-10-19 15:22:06,397 - INFO - <module> : Choose 'Yes' from the options.
2022-10-19 15:22:06,397 - INFO - <module> : Choose 'Yes' from the options.
2022-10-19 15:22:06,397 - INFO - <module> : Choose 'Yes' from the options.
2022-10-19 15:22:06,397 - INFO - <module> : Choose 'Yes' from the options.
2022-10-19 15:22:06,473 - INFO - <module> : Clicked
2022-10-19 15:22:06,473 - INFO - <module> : Clicked
2022-10-19 15:22:06,473 - INFO - <module> : Clicked
2022-10-19 15:22:06,473 - INFO - <module> : Clicked
2022-10-19 15:22:09,298 - INFO - <module> : Click the dropdown field for Q2.
2022-10-19 15:22:09,298 - INFO - <module> : Click the dropdown field for Q2.
2022-10-19 15:22:09,298 - INFO - <module> : Click the dropdown field for Q2.
2022-10-19 15:22:09,298 - INFO - <module> : Click the dropdown field for Q2.
2022-10-19 15:22:09,377 - INFO - <module> : Clicked
2022-10-19 15:22:09,377 - INFO - <module> : Clicked
2022-10-19 15:22:09,377 - INFO - <module> : Clicked
2022-10-19 15:22:09,377 - INFO - <module> : Clicked
2022-10-19 15:22:12,311 - INFO - <module> : Choose 'Streetlight is always on, even during daytime' from the option.
2022-10-19 15:22:12,311 - INFO - <module> : Choose 'Streetlight is always on, even during daytime' from the option.
2022-10-19 15:22:12,311 - INFO - <module> : Choose 'Streetlight is always on, even during daytime' from the option.
2022-10-19 15:22:12,311 - INFO - <module> : Choose 'Streetlight is always on, even during daytime' from the option.
2022-10-19 15:22:12,400 - INFO - <module> : Clicked
2022-10-19 15:22:12,400 - INFO - <module> : Clicked
2022-10-19 15:22:12,400 - INFO - <module> : Clicked
2022-10-19 15:22:12,400 - INFO - <module> : Clicked
2022-10-19 15:22:15,258 - INFO - <module> : Populate the following fields by selecting from one of the picklist values, as applicable:
- Province
- City/Municipality
- Barangay
- Subdivision
- Street
- House/Unit No./ Floor/ Building
2022-10-19 15:22:15,258 - INFO - <module> : Populate the following fields by selecting from one of the picklist values, as applicable:
- Province
- City/Municipality
- Barangay
- Subdivision
- Street
- House/Unit No./ Floor/ Building
2022-10-19 15:22:15,258 - INFO - <module> : Populate the following fields by selecting from one of the picklist values, as applicable:
- Province
- City/Municipality
- Barangay
- Subdivision
- Street
- House/Unit No./ Floor/ Building
2022-10-19 15:22:15,258 - INFO - <module> : Populate the following fields by selecting from one of the picklist values, as applicable:
- Province
- City/Municipality
- Barangay
- Subdivision
- Street
- House/Unit No./ Floor/ Building
2022-10-19 15:22:15,336 - INFO - <module> : Clicked
2022-10-19 15:22:15,336 - INFO - <module> : Clicked
2022-10-19 15:22:15,336 - INFO - <module> : Clicked
2022-10-19 15:22:15,336 - INFO - <module> : Clicked
2022-10-19 15:22:15,895 - INFO - <module> : Clicked
2022-10-19 15:22:15,895 - INFO - <module> : Clicked
2022-10-19 15:22:15,895 - INFO - <module> : Clicked
2022-10-19 15:22:15,895 - INFO - <module> : Clicked
2022-10-19 15:22:16,476 - INFO - <module> : Clicked
2022-10-19 15:22:16,476 - INFO - <module> : Clicked
2022-10-19 15:22:16,476 - INFO - <module> : Clicked
2022-10-19 15:22:16,476 - INFO - <module> : Clicked
2022-10-19 15:22:17,043 - INFO - <module> : Clicked
2022-10-19 15:22:17,043 - INFO - <module> : Clicked
2022-10-19 15:22:17,043 - INFO - <module> : Clicked
2022-10-19 15:22:17,043 - INFO - <module> : Clicked
2022-10-19 15:22:18,125 - INFO - <module> : Clicked
2022-10-19 15:22:18,125 - INFO - <module> : Clicked
2022-10-19 15:22:18,125 - INFO - <module> : Clicked
2022-10-19 15:22:18,125 - INFO - <module> : Clicked
2022-10-19 15:22:18,198 - INFO - <module> : input: 123
2022-10-19 15:22:18,198 - INFO - <module> : input: 123
2022-10-19 15:22:18,198 - INFO - <module> : input: 123
2022-10-19 15:22:18,198 - INFO - <module> : input: 123
2022-10-19 15:22:21,205 - INFO - <module> : Populate 'Pole Number' field.
Note: There should be no pending case associated to the encoded Pole Number.
2022-10-19 15:22:21,205 - INFO - <module> : Populate 'Pole Number' field.
Note: There should be no pending case associated to the encoded Pole Number.
2022-10-19 15:22:21,205 - INFO - <module> : Populate 'Pole Number' field.
Note: There should be no pending case associated to the encoded Pole Number.
2022-10-19 15:22:21,205 - INFO - <module> : Populate 'Pole Number' field.
Note: There should be no pending case associated to the encoded Pole Number.
2022-10-19 15:22:21,329 - INFO - <module> : input: 12
2022-10-19 15:22:21,329 - INFO - <module> : input: 12
2022-10-19 15:22:21,329 - INFO - <module> : input: 12
2022-10-19 15:22:21,329 - INFO - <module> : input: 12
2022-10-19 15:22:24,267 - INFO - <module> : Select the 'Landmarks/Directions' option and input values in the text box.
2022-10-19 15:22:24,267 - INFO - <module> : Select the 'Landmarks/Directions' option and input values in the text box.
2022-10-19 15:22:24,267 - INFO - <module> : Select the 'Landmarks/Directions' option and input values in the text box.
2022-10-19 15:22:24,267 - INFO - <module> : Select the 'Landmarks/Directions' option and input values in the text box.
2022-10-19 15:22:24,351 - INFO - <module> : Clicked
2022-10-19 15:22:24,351 - INFO - <module> : Clicked
2022-10-19 15:22:24,351 - INFO - <module> : Clicked
2022-10-19 15:22:24,351 - INFO - <module> : Clicked
2022-10-19 15:22:54,736 - ERROR - <module> : Cannot Locate: landmark_text
2022-10-19 15:22:54,736 - ERROR - <module> : Cannot Locate: landmark_text
2022-10-19 15:22:54,736 - ERROR - <module> : Cannot Locate: landmark_text
2022-10-19 15:22:54,736 - ERROR - <module> : Cannot Locate: landmark_text
2022-10-19 15:22:54,802 - INFO - setup : Close Browser
