2022-10-25 16:02:39,314 - INFO - setup : Browser Launched!
2022-10-25 16:02:53,500 - INFO - <module> : Go to Internal Map 
2022-10-25 16:02:53,500 - INFO - <module> : Go to Internal Map 
2022-10-25 16:02:53,500 - INFO - <module> : Go to Internal Map 
2022-10-25 16:02:53,500 - INFO - <module> : Go to Internal Map 
2022-10-25 16:02:56,459 - INFO - <module> : Opened: https://outage-api.meralco.com.ph/
2022-10-25 16:02:56,459 - INFO - <module> : Opened: https://outage-api.meralco.com.ph/
2022-10-25 16:02:56,459 - INFO - <module> : Opened: https://outage-api.meralco.com.ph/
2022-10-25 16:02:56,459 - INFO - <module> : Opened: https://outage-api.meralco.com.ph/
2022-10-25 16:03:00,040 - INFO - <module> : input: v-lvlgalvez@meralco.com.ph
2022-10-25 16:03:00,040 - INFO - <module> : input: v-lvlgalvez@meralco.com.ph
2022-10-25 16:03:00,040 - INFO - <module> : input: v-lvlgalvez@meralco.com.ph
2022-10-25 16:03:00,040 - INFO - <module> : input: v-lvlgalvez@meralco.com.ph
2022-10-25 16:03:00,113 - INFO - <module> : Clicked
2022-10-25 16:03:00,113 - INFO - <module> : Clicked
2022-10-25 16:03:00,113 - INFO - <module> : Clicked
2022-10-25 16:03:00,113 - INFO - <module> : Clicked
2022-10-25 16:03:01,232 - INFO - <module> : input: Mecopass@@!!129
2022-10-25 16:03:01,232 - INFO - <module> : input: Mecopass@@!!129
2022-10-25 16:03:01,232 - INFO - <module> : input: Mecopass@@!!129
2022-10-25 16:03:01,232 - INFO - <module> : input: Mecopass@@!!129
2022-10-25 16:03:01,719 - INFO - <module> : Clicked
2022-10-25 16:03:01,719 - INFO - <module> : Clicked
2022-10-25 16:03:01,719 - INFO - <module> : Clicked
2022-10-25 16:03:01,719 - INFO - <module> : Clicked
2022-10-25 16:03:02,417 - INFO - <module> : Clicked
2022-10-25 16:03:02,417 - INFO - <module> : Clicked
2022-10-25 16:03:02,417 - INFO - <module> : Clicked
2022-10-25 16:03:02,417 - INFO - <module> : Clicked
2022-10-25 16:03:31,310 - INFO - <module> : Clicked
2022-10-25 16:03:31,310 - INFO - <module> : Clicked
2022-10-25 16:03:31,310 - INFO - <module> : Clicked
2022-10-25 16:03:31,310 - INFO - <module> : Clicked
2022-10-25 16:03:38,761 - INFO - <module> : Open Menu -> Map Displays -> tick weather
2022-10-25 16:03:38,761 - INFO - <module> : Open Menu -> Map Displays -> tick weather
2022-10-25 16:03:38,761 - INFO - <module> : Open Menu -> Map Displays -> tick weather
2022-10-25 16:03:38,761 - INFO - <module> : Open Menu -> Map Displays -> tick weather
2022-10-25 16:03:38,884 - INFO - <module> :  clicked
2022-10-25 16:03:38,884 - INFO - <module> :  clicked
2022-10-25 16:03:38,884 - INFO - <module> :  clicked
2022-10-25 16:03:38,884 - INFO - <module> :  clicked
2022-10-25 16:03:39,003 - INFO - <module> : Map Displays clicked
2022-10-25 16:03:39,003 - INFO - <module> : Map Displays clicked
2022-10-25 16:03:39,003 - INFO - <module> : Map Displays clicked
2022-10-25 16:03:39,003 - INFO - <module> : Map Displays clicked
2022-10-25 16:03:39,626 - INFO - <module> :  clicked
2022-10-25 16:03:39,626 - INFO - <module> :  clicked
2022-10-25 16:03:39,626 - INFO - <module> :  clicked
2022-10-25 16:03:39,626 - INFO - <module> :  clicked
2022-10-25 16:03:42,068 - INFO - <module> : OK clicked
2022-10-25 16:03:42,068 - INFO - <module> : OK clicked
2022-10-25 16:03:42,068 - INFO - <module> : OK clicked
2022-10-25 16:03:42,068 - INFO - <module> : OK clicked
2022-10-25 16:03:42,175 - INFO - setup : Close Browser
