2022-10-19 12:12:40,279 - INFO - setup : Browser Launched!
2022-10-19 12:12:56,522 - INFO - <module> : Access outage reporting form for Guest users.
2022-10-19 12:12:56,522 - INFO - <module> : Access outage reporting form for Guest users.
2022-10-19 12:12:56,522 - INFO - <module> : Access outage reporting form for Guest users.
2022-10-19 12:12:56,522 - INFO - <module> : Access outage reporting form for Guest users.
2022-10-19 12:13:05,133 - INFO - <module> : Opened: https://fuat-meralco.cs73.force.com/customers/s/outagemap
2022-10-19 12:13:05,133 - INFO - <module> : Opened: https://fuat-meralco.cs73.force.com/customers/s/outagemap
2022-10-19 12:13:05,133 - INFO - <module> : Opened: https://fuat-meralco.cs73.force.com/customers/s/outagemap
2022-10-19 12:13:05,133 - INFO - <module> : Opened: https://fuat-meralco.cs73.force.com/customers/s/outagemap
2022-10-19 12:13:08,327 - INFO - <module> : Meralco would like to access your location to identify if your area is affected by an outage. exists
2022-10-19 12:13:08,327 - INFO - <module> : Meralco would like to access your location to identify if your area is affected by an outage. exists
2022-10-19 12:13:08,327 - INFO - <module> : Meralco would like to access your location to identify if your area is affected by an outage. exists
2022-10-19 12:13:08,327 - INFO - <module> : Meralco would like to access your location to identify if your area is affected by an outage. exists
2022-10-19 12:13:08,624 - INFO - <module> : Clicked
2022-10-19 12:13:08,624 - INFO - <module> : Clicked
2022-10-19 12:13:08,624 - INFO - <module> : Clicked
2022-10-19 12:13:08,624 - INFO - <module> : Clicked
2022-10-19 12:13:12,910 - INFO - <module> : Clicked
2022-10-19 12:13:12,910 - INFO - <module> : Clicked
2022-10-19 12:13:12,910 - INFO - <module> : Clicked
2022-10-19 12:13:12,910 - INFO - <module> : Clicked
2022-10-19 12:13:21,033 - INFO - <module> : Report an Outage or Incident exists
2022-10-19 12:13:21,033 - INFO - <module> : Report an Outage or Incident exists
2022-10-19 12:13:21,033 - INFO - <module> : Report an Outage or Incident exists
2022-10-19 12:13:21,033 - INFO - <module> : Report an Outage or Incident exists
2022-10-19 12:13:27,101 - INFO - <module> : Choose 'Streetlight Concern' from the 'What are you reporting?' option.
2022-10-19 12:13:27,101 - INFO - <module> : Choose 'Streetlight Concern' from the 'What are you reporting?' option.
2022-10-19 12:13:27,101 - INFO - <module> : Choose 'Streetlight Concern' from the 'What are you reporting?' option.
2022-10-19 12:13:27,101 - INFO - <module> : Choose 'Streetlight Concern' from the 'What are you reporting?' option.
2022-10-19 12:13:27,447 - INFO - <module> : Clicked
2022-10-19 12:13:27,447 - INFO - <module> : Clicked
2022-10-19 12:13:27,447 - INFO - <module> : Clicked
2022-10-19 12:13:27,447 - INFO - <module> : Clicked
2022-10-19 12:13:33,638 - INFO - <module> : Choose 'No' from the options.
2022-10-19 12:13:33,638 - INFO - <module> : Choose 'No' from the options.
2022-10-19 12:13:33,638 - INFO - <module> : Choose 'No' from the options.
2022-10-19 12:13:33,638 - INFO - <module> : Choose 'No' from the options.
2022-10-19 12:13:33,930 - INFO - <module> : Clicked
2022-10-19 12:13:33,930 - INFO - <module> : Clicked
2022-10-19 12:13:33,930 - INFO - <module> : Clicked
2022-10-19 12:13:33,930 - INFO - <module> : Clicked
2022-10-19 12:13:39,953 - INFO - <module> : Click 'Learn More'.
2022-10-19 12:13:39,953 - INFO - <module> : Click 'Learn More'.
2022-10-19 12:13:39,953 - INFO - <module> : Click 'Learn More'.
2022-10-19 12:13:39,953 - INFO - <module> : Click 'Learn More'.
2022-10-19 12:14:10,433 - ERROR - <module> : Cannot Locate: learnmore
2022-10-19 12:14:10,433 - ERROR - <module> : Cannot Locate: learnmore
2022-10-19 12:14:10,433 - ERROR - <module> : Cannot Locate: learnmore
2022-10-19 12:14:10,433 - ERROR - <module> : Cannot Locate: learnmore
2022-10-19 12:14:10,718 - INFO - setup : Close Browser
