2023-01-10 15:19:53,327 - INFO - setup : Browser Launched!
2023-01-10 15:20:05,729 - INFO - <module> : Go to Outages & Incidents > Report Streetlight And Safety Concerns
2023-01-10 15:20:05,729 - INFO - <module> : Go to Outages & Incidents > Report Streetlight And Safety Concerns
2023-01-10 15:20:05,729 - INFO - <module> : Go to Outages & Incidents > Report Streetlight And Safety Concerns
2023-01-10 15:20:05,729 - INFO - <module> : Go to Outages & Incidents > Report Streetlight And Safety Concerns
2023-01-10 15:20:05,729 - INFO - <module> : Go to Outages & Incidents > Report Streetlight And Safety Concerns
2023-01-10 15:20:13,861 - INFO - <module> : Opened: https://fuat-meralco.cs73.force.com/customers/s/outagemap
2023-01-10 15:20:13,861 - INFO - <module> : Opened: https://fuat-meralco.cs73.force.com/customers/s/outagemap
2023-01-10 15:20:13,861 - INFO - <module> : Opened: https://fuat-meralco.cs73.force.com/customers/s/outagemap
2023-01-10 15:20:13,861 - INFO - <module> : Opened: https://fuat-meralco.cs73.force.com/customers/s/outagemap
2023-01-10 15:20:13,861 - INFO - <module> : Opened: https://fuat-meralco.cs73.force.com/customers/s/outagemap
2023-01-10 15:20:16,739 - INFO - <module> : Meralco would like to access your location to identify if your area is affected by an outage. exists
2023-01-10 15:20:16,739 - INFO - <module> : Meralco would like to access your location to identify if your area is affected by an outage. exists
2023-01-10 15:20:16,739 - INFO - <module> : Meralco would like to access your location to identify if your area is affected by an outage. exists
2023-01-10 15:20:16,739 - INFO - <module> : Meralco would like to access your location to identify if your area is affected by an outage. exists
2023-01-10 15:20:16,739 - INFO - <module> : Meralco would like to access your location to identify if your area is affected by an outage. exists
2023-01-10 15:20:18,841 - INFO - <module> : Clicked
2023-01-10 15:20:18,841 - INFO - <module> : Clicked
2023-01-10 15:20:18,841 - INFO - <module> : Clicked
2023-01-10 15:20:18,841 - INFO - <module> : Clicked
2023-01-10 15:20:18,841 - INFO - <module> : Clicked
2023-01-10 15:20:22,934 - INFO - <module> : Clicked
2023-01-10 15:20:22,934 - INFO - <module> : Clicked
2023-01-10 15:20:22,934 - INFO - <module> : Clicked
2023-01-10 15:20:22,934 - INFO - <module> : Clicked
2023-01-10 15:20:22,934 - INFO - <module> : Clicked
2023-01-10 15:20:32,938 - INFO - <module> : Report an Outage or Incident exists
2023-01-10 15:20:32,938 - INFO - <module> : Report an Outage or Incident exists
2023-01-10 15:20:32,938 - INFO - <module> : Report an Outage or Incident exists
2023-01-10 15:20:32,938 - INFO - <module> : Report an Outage or Incident exists
2023-01-10 15:20:32,938 - INFO - <module> : Report an Outage or Incident exists
2023-01-10 15:20:33,054 - INFO - <module> : Clicked
2023-01-10 15:20:33,054 - INFO - <module> : Clicked
2023-01-10 15:20:33,054 - INFO - <module> : Clicked
2023-01-10 15:20:33,054 - INFO - <module> : Clicked
2023-01-10 15:20:33,054 - INFO - <module> : Clicked
2023-01-10 15:20:36,161 - INFO - <module> : Populate required fields > click Submit
2023-01-10 15:20:36,161 - INFO - <module> : Populate required fields > click Submit
2023-01-10 15:20:36,161 - INFO - <module> : Populate required fields > click Submit
2023-01-10 15:20:36,161 - INFO - <module> : Populate required fields > click Submit
2023-01-10 15:20:36,161 - INFO - <module> : Populate required fields > click Submit
2023-01-10 15:20:49,246 - INFO - <module> : Clicked
2023-01-10 15:20:49,246 - INFO - <module> : Clicked
2023-01-10 15:20:49,246 - INFO - <module> : Clicked
2023-01-10 15:20:49,246 - INFO - <module> : Clicked
2023-01-10 15:20:49,246 - INFO - <module> : Clicked
2023-01-10 15:20:57,814 - INFO - <module> : Clicked
2023-01-10 15:20:57,814 - INFO - <module> : Clicked
2023-01-10 15:20:57,814 - INFO - <module> : Clicked
2023-01-10 15:20:57,814 - INFO - <module> : Clicked
2023-01-10 15:20:57,814 - INFO - <module> : Clicked
2023-01-10 15:20:59,455 - INFO - <module> : Clicked
2023-01-10 15:20:59,455 - INFO - <module> : Clicked
2023-01-10 15:20:59,455 - INFO - <module> : Clicked
2023-01-10 15:20:59,455 - INFO - <module> : Clicked
2023-01-10 15:20:59,455 - INFO - <module> : Clicked
2023-01-10 15:21:00,043 - INFO - <module> : Clicked
2023-01-10 15:21:00,043 - INFO - <module> : Clicked
2023-01-10 15:21:00,043 - INFO - <module> : Clicked
2023-01-10 15:21:00,043 - INFO - <module> : Clicked
2023-01-10 15:21:00,043 - INFO - <module> : Clicked
2023-01-10 15:21:00,623 - INFO - <module> : Clicked
2023-01-10 15:21:00,623 - INFO - <module> : Clicked
2023-01-10 15:21:00,623 - INFO - <module> : Clicked
2023-01-10 15:21:00,623 - INFO - <module> : Clicked
2023-01-10 15:21:00,623 - INFO - <module> : Clicked
2023-01-10 15:21:01,220 - INFO - <module> : Clicked
2023-01-10 15:21:01,220 - INFO - <module> : Clicked
2023-01-10 15:21:01,220 - INFO - <module> : Clicked
2023-01-10 15:21:01,220 - INFO - <module> : Clicked
2023-01-10 15:21:01,220 - INFO - <module> : Clicked
2023-01-10 15:21:01,308 - INFO - <module> : input: 123
2023-01-10 15:21:01,308 - INFO - <module> : input: 123
2023-01-10 15:21:01,308 - INFO - <module> : input: 123
2023-01-10 15:21:01,308 - INFO - <module> : input: 123
2023-01-10 15:21:01,308 - INFO - <module> : input: 123
2023-01-10 15:21:01,372 - INFO - <module> : Clicked
2023-01-10 15:21:01,372 - INFO - <module> : Clicked
2023-01-10 15:21:01,372 - INFO - <module> : Clicked
2023-01-10 15:21:01,372 - INFO - <module> : Clicked
2023-01-10 15:21:01,372 - INFO - <module> : Clicked
2023-01-10 15:21:01,417 - INFO - <module> : Clicked
2023-01-10 15:21:01,417 - INFO - <module> : Clicked
2023-01-10 15:21:01,417 - INFO - <module> : Clicked
2023-01-10 15:21:01,417 - INFO - <module> : Clicked
2023-01-10 15:21:01,417 - INFO - <module> : Clicked
2023-01-10 15:21:01,518 - INFO - <module> : input: Sample Text
2023-01-10 15:21:01,518 - INFO - <module> : input: Sample Text
2023-01-10 15:21:01,518 - INFO - <module> : input: Sample Text
2023-01-10 15:21:01,518 - INFO - <module> : input: Sample Text
2023-01-10 15:21:01,518 - INFO - <module> : input: Sample Text
2023-01-10 15:21:01,626 - INFO - <module> : input: sample
2023-01-10 15:21:01,626 - INFO - <module> : input: sample
2023-01-10 15:21:01,626 - INFO - <module> : input: sample
2023-01-10 15:21:01,626 - INFO - <module> : input: sample
2023-01-10 15:21:01,626 - INFO - <module> : input: sample
2023-01-10 15:21:01,709 - INFO - <module> : input: middle
2023-01-10 15:21:01,709 - INFO - <module> : input: middle
2023-01-10 15:21:01,709 - INFO - <module> : input: middle
2023-01-10 15:21:01,709 - INFO - <module> : input: middle
2023-01-10 15:21:01,709 - INFO - <module> : input: middle
2023-01-10 15:21:01,780 - INFO - <module> : input: report
2023-01-10 15:21:01,780 - INFO - <module> : input: report
2023-01-10 15:21:01,780 - INFO - <module> : input: report
2023-01-10 15:21:01,780 - INFO - <module> : input: report
2023-01-10 15:21:01,780 - INFO - <module> : input: report
2023-01-10 15:21:01,857 - INFO - <module> : input: +639276597262
2023-01-10 15:21:01,857 - INFO - <module> : input: +639276597262
2023-01-10 15:21:01,857 - INFO - <module> : input: +639276597262
2023-01-10 15:21:01,857 - INFO - <module> : input: +639276597262
2023-01-10 15:21:01,857 - INFO - <module> : input: +639276597262
2023-01-10 15:21:01,920 - INFO - <module> : input: 
2023-01-10 15:21:01,920 - INFO - <module> : input: 
2023-01-10 15:21:01,920 - INFO - <module> : input: 
2023-01-10 15:21:01,920 - INFO - <module> : input: 
2023-01-10 15:21:01,920 - INFO - <module> : input: 
2023-01-10 15:21:02,012 - INFO - <module> : input: testautomationoutage@yopmail.com
2023-01-10 15:21:02,012 - INFO - <module> : input: testautomationoutage@yopmail.com
2023-01-10 15:21:02,012 - INFO - <module> : input: testautomationoutage@yopmail.com
2023-01-10 15:21:02,012 - INFO - <module> : input: testautomationoutage@yopmail.com
2023-01-10 15:21:02,012 - INFO - <module> : input: testautomationoutage@yopmail.com
2023-01-10 15:21:02,069 - INFO - <module> : Clicked
2023-01-10 15:21:02,069 - INFO - <module> : Clicked
2023-01-10 15:21:02,069 - INFO - <module> : Clicked
2023-01-10 15:21:02,069 - INFO - <module> : Clicked
2023-01-10 15:21:02,069 - INFO - <module> : Clicked
2023-01-10 15:21:02,123 - INFO - <module> : Clicked
2023-01-10 15:21:02,123 - INFO - <module> : Clicked
2023-01-10 15:21:02,123 - INFO - <module> : Clicked
2023-01-10 15:21:02,123 - INFO - <module> : Clicked
2023-01-10 15:21:02,123 - INFO - <module> : Clicked
2023-01-10 15:21:02,177 - INFO - <module> : Clicked
2023-01-10 15:21:02,177 - INFO - <module> : Clicked
2023-01-10 15:21:02,177 - INFO - <module> : Clicked
2023-01-10 15:21:02,177 - INFO - <module> : Clicked
2023-01-10 15:21:02,177 - INFO - <module> : Clicked
2023-01-10 15:21:04,499 - INFO - <module> : Clicked
2023-01-10 15:21:04,499 - INFO - <module> : Clicked
2023-01-10 15:21:04,499 - INFO - <module> : Clicked
2023-01-10 15:21:04,499 - INFO - <module> : Clicked
2023-01-10 15:21:04,499 - INFO - <module> : Clicked
2023-01-10 15:21:13,765 - INFO - setup : Close Browser
