2022-10-26 15:44:08,761 - INFO - setup : Browser Launched!
2022-10-26 15:44:25,767 - INFO - <module> : Click on burger menu > Search Locations > Select Service ID No. > Search SIN
2022-10-26 15:44:25,767 - INFO - <module> : Click on burger menu > Search Locations > Select Service ID No. > Search SIN
2022-10-26 15:44:25,767 - INFO - <module> : Click on burger menu > Search Locations > Select Service ID No. > Search SIN
2022-10-26 15:44:25,767 - INFO - <module> : Click on burger menu > Search Locations > Select Service ID No. > Search SIN
2022-10-26 15:44:27,732 - INFO - <module> : Opened: https://outage-api.meralco.com.ph/
2022-10-26 15:44:27,732 - INFO - <module> : Opened: https://outage-api.meralco.com.ph/
2022-10-26 15:44:27,732 - INFO - <module> : Opened: https://outage-api.meralco.com.ph/
2022-10-26 15:44:27,732 - INFO - <module> : Opened: https://outage-api.meralco.com.ph/
2022-10-26 15:44:31,468 - INFO - <module> : input: v-lvlgalvez@meralco.com.ph
2022-10-26 15:44:31,468 - INFO - <module> : input: v-lvlgalvez@meralco.com.ph
2022-10-26 15:44:31,468 - INFO - <module> : input: v-lvlgalvez@meralco.com.ph
2022-10-26 15:44:31,468 - INFO - <module> : input: v-lvlgalvez@meralco.com.ph
2022-10-26 15:44:31,600 - INFO - <module> : Clicked
2022-10-26 15:44:31,600 - INFO - <module> : Clicked
2022-10-26 15:44:31,600 - INFO - <module> : Clicked
2022-10-26 15:44:31,600 - INFO - <module> : Clicked
2022-10-26 15:44:32,838 - INFO - <module> : input: Mecopass@@!!129
2022-10-26 15:44:32,838 - INFO - <module> : input: Mecopass@@!!129
2022-10-26 15:44:32,838 - INFO - <module> : input: Mecopass@@!!129
2022-10-26 15:44:32,838 - INFO - <module> : input: Mecopass@@!!129
2022-10-26 15:44:33,566 - INFO - <module> : Clicked
2022-10-26 15:44:33,566 - INFO - <module> : Clicked
2022-10-26 15:44:33,566 - INFO - <module> : Clicked
2022-10-26 15:44:33,566 - INFO - <module> : Clicked
2022-10-26 15:44:34,306 - INFO - <module> : Clicked
2022-10-26 15:44:34,306 - INFO - <module> : Clicked
2022-10-26 15:44:34,306 - INFO - <module> : Clicked
2022-10-26 15:44:34,306 - INFO - <module> : Clicked
2022-10-26 15:45:02,866 - INFO - <module> : Clicked
2022-10-26 15:45:02,866 - INFO - <module> : Clicked
2022-10-26 15:45:02,866 - INFO - <module> : Clicked
2022-10-26 15:45:02,866 - INFO - <module> : Clicked
2022-10-26 15:45:13,057 - INFO - <module> :  clicked
2022-10-26 15:45:13,057 - INFO - <module> :  clicked
2022-10-26 15:45:13,057 - INFO - <module> :  clicked
2022-10-26 15:45:13,057 - INFO - <module> :  clicked
2022-10-26 15:45:13,339 - INFO - <module> : Announcements clicked
2022-10-26 15:45:13,339 - INFO - <module> : Announcements clicked
2022-10-26 15:45:13,339 - INFO - <module> : Announcements clicked
2022-10-26 15:45:13,339 - INFO - <module> : Announcements clicked
2022-10-26 15:45:43,397 - INFO - setup : Close Browser
