2022-10-11 13:32:08,261 - INFO - setup : Browser Launched!
2022-10-11 13:32:16,260 - INFO - <module> : In Enroll A Service page, tick "I haven't received my first Meralco bill" > populate Customer Account Number field
2022-10-11 13:32:16,260 - INFO - <module> : In Enroll A Service page, tick "I haven't received my first Meralco bill" > populate Customer Account Number field
2022-10-11 13:32:16,260 - INFO - <module> : In Enroll A Service page, tick "I haven't received my first Meralco bill" > populate Customer Account Number field
2022-10-11 13:32:17,327 - INFO - <module> : Opened: https://fuat-meralco.cs73.force.com/customers/s/splash
2022-10-11 13:32:17,327 - INFO - <module> : Opened: https://fuat-meralco.cs73.force.com/customers/s/splash
2022-10-11 13:32:17,327 - INFO - <module> : Opened: https://fuat-meralco.cs73.force.com/customers/s/splash
2022-10-11 13:32:17,471 - INFO - <module> : Log in with Google clicked
2022-10-11 13:32:17,471 - INFO - <module> : Log in with Google clicked
2022-10-11 13:32:17,471 - INFO - <module> : Log in with Google clicked
2022-10-11 13:32:47,635 - INFO - <module> : input: mecoautomationhybrid01@gmail.com
2022-10-11 13:32:47,635 - INFO - <module> : input: mecoautomationhybrid01@gmail.com
2022-10-11 13:32:47,635 - INFO - <module> : input: mecoautomationhybrid01@gmail.com
2022-10-11 13:32:47,697 - INFO - <module> : Susunod clicked
2022-10-11 13:32:47,697 - INFO - <module> : Susunod clicked
2022-10-11 13:32:47,697 - INFO - <module> : Susunod clicked
2022-10-11 13:33:04,095 - INFO - <module> : input: Meralco01
2022-10-11 13:33:04,095 - INFO - <module> : input: Meralco01
2022-10-11 13:33:04,095 - INFO - <module> : input: Meralco01
2022-10-11 13:33:04,148 - INFO - <module> : Susunod clicked
2022-10-11 13:33:04,148 - INFO - <module> : Susunod clicked
2022-10-11 13:33:04,148 - INFO - <module> : Susunod clicked
2022-10-11 13:33:44,206 - INFO - <module> : Hello, Automation exists
2022-10-11 13:33:44,206 - INFO - <module> : Hello, Automation exists
2022-10-11 13:33:44,206 - INFO - <module> : Hello, Automation exists
2022-10-11 13:33:44,255 - INFO - <module> : Accounts clicked
2022-10-11 13:33:44,255 - INFO - <module> : Accounts clicked
2022-10-11 13:33:44,255 - INFO - <module> : Accounts clicked
2022-10-11 13:33:44,306 - INFO - <module> :  clicked
2022-10-11 13:33:44,306 - INFO - <module> :  clicked
2022-10-11 13:33:44,306 - INFO - <module> :  clicked
2022-10-11 13:33:45,893 - INFO - <module> : Enroll a Service exists
2022-10-11 13:33:45,893 - INFO - <module> : Enroll a Service exists
2022-10-11 13:33:45,893 - INFO - <module> : Enroll a Service exists
2022-10-11 13:34:18,249 - ERROR - <module> : Cannot Locate: no_bill
2022-10-11 13:34:18,249 - ERROR - <module> : Cannot Locate: no_bill
2022-10-11 13:34:18,249 - ERROR - <module> : Cannot Locate: no_bill
2022-10-11 13:34:18,275 - INFO - setup : Close Browser
