2022-10-14 14:52:56,469 - INFO - setup : Browser Launched!
2022-10-14 14:53:03,698 - INFO - <module> : Login to Meralco Online
2022-10-14 14:53:03,698 - INFO - <module> : Login to Meralco Online
2022-10-14 14:53:03,698 - INFO - <module> : Login to Meralco Online
2022-10-14 14:53:03,698 - INFO - <module> : Login to Meralco Online
2022-10-14 14:53:05,108 - INFO - <module> : Opened: https://fuat-meralco.cs73.force.com/customers/s/splash
2022-10-14 14:53:05,108 - INFO - <module> : Opened: https://fuat-meralco.cs73.force.com/customers/s/splash
2022-10-14 14:53:05,108 - INFO - <module> : Opened: https://fuat-meralco.cs73.force.com/customers/s/splash
2022-10-14 14:53:05,108 - INFO - <module> : Opened: https://fuat-meralco.cs73.force.com/customers/s/splash
2022-10-14 14:53:05,364 - INFO - <module> : input: atmooutageaccount@yopmail.com
2022-10-14 14:53:05,364 - INFO - <module> : input: atmooutageaccount@yopmail.com
2022-10-14 14:53:05,364 - INFO - <module> : input: atmooutageaccount@yopmail.com
2022-10-14 14:53:05,364 - INFO - <module> : input: atmooutageaccount@yopmail.com
2022-10-14 14:53:05,435 - INFO - <module> : input: Meralco01
2022-10-14 14:53:05,435 - INFO - <module> : input: Meralco01
2022-10-14 14:53:05,435 - INFO - <module> : input: Meralco01
2022-10-14 14:53:05,435 - INFO - <module> : input: Meralco01
2022-10-14 14:53:05,501 - INFO - <module> : Log in clicked
2022-10-14 14:53:05,501 - INFO - <module> : Log in clicked
2022-10-14 14:53:05,501 - INFO - <module> : Log in clicked
2022-10-14 14:53:05,501 - INFO - <module> : Log in clicked
2022-10-14 14:53:09,555 - INFO - <module> : Hello, exists
2022-10-14 14:53:09,555 - INFO - <module> : Hello, exists
2022-10-14 14:53:09,555 - INFO - <module> : Hello, exists
2022-10-14 14:53:09,555 - INFO - <module> : Hello, exists
2022-10-14 14:53:09,575 - INFO - <module> : Hello, exists
2022-10-14 14:53:09,575 - INFO - <module> : Hello, exists
2022-10-14 14:53:09,575 - INFO - <module> : Hello, exists
2022-10-14 14:53:09,575 - INFO - <module> : Hello, exists
2022-10-14 14:53:12,327 - INFO - <module> : Go to Outages & Incidents > View/Report Outages
2022-10-14 14:53:12,327 - INFO - <module> : Go to Outages & Incidents > View/Report Outages
2022-10-14 14:53:12,327 - INFO - <module> : Go to Outages & Incidents > View/Report Outages
2022-10-14 14:53:12,327 - INFO - <module> : Go to Outages & Incidents > View/Report Outages
2022-10-14 14:53:12,408 - INFO - <module> : Outages & Incidents clicked
2022-10-14 14:53:12,408 - INFO - <module> : Outages & Incidents clicked
2022-10-14 14:53:12,408 - INFO - <module> : Outages & Incidents clicked
2022-10-14 14:53:12,408 - INFO - <module> : Outages & Incidents clicked
2022-10-14 14:53:12,453 - INFO - <module> :  clicked
2022-10-14 14:53:12,453 - INFO - <module> :  clicked
2022-10-14 14:53:12,453 - INFO - <module> :  clicked
2022-10-14 14:53:12,453 - INFO - <module> :  clicked
2022-10-14 14:53:20,149 - INFO - <module> : Okay clicked
2022-10-14 14:53:20,149 - INFO - <module> : Okay clicked
2022-10-14 14:53:20,149 - INFO - <module> : Okay clicked
2022-10-14 14:53:20,149 - INFO - <module> : Okay clicked
2022-10-14 14:53:22,963 - INFO - <module> : Click on Map Views button > Select Default on Map Type 
2022-10-14 14:53:22,963 - INFO - <module> : Click on Map Views button > Select Default on Map Type 
2022-10-14 14:53:22,963 - INFO - <module> : Click on Map Views button > Select Default on Map Type 
2022-10-14 14:53:22,963 - INFO - <module> : Click on Map Views button > Select Default on Map Type 
2022-10-14 14:53:23,072 - INFO - <module> :  clicked
2022-10-14 14:53:23,072 - INFO - <module> :  clicked
2022-10-14 14:53:23,072 - INFO - <module> :  clicked
2022-10-14 14:53:23,072 - INFO - <module> :  clicked
2022-10-14 14:53:25,445 - INFO - <module> :  clicked
2022-10-14 14:53:25,445 - INFO - <module> :  clicked
2022-10-14 14:53:25,445 - INFO - <module> :  clicked
2022-10-14 14:53:25,445 - INFO - <module> :  clicked
2022-10-14 14:53:40,548 - INFO - <module> :  clicked
2022-10-14 14:53:40,548 - INFO - <module> :  clicked
2022-10-14 14:53:40,548 - INFO - <module> :  clicked
2022-10-14 14:53:40,548 - INFO - <module> :  clicked
2022-10-14 14:53:43,586 - INFO - <module> : Login to Meralco Online
2022-10-14 14:53:43,586 - INFO - <module> : Login to Meralco Online
2022-10-14 14:53:43,586 - INFO - <module> : Login to Meralco Online
2022-10-14 14:53:43,586 - INFO - <module> : Login to Meralco Online
2022-10-14 14:53:46,224 - INFO - <module> : Opened: https://fuat-meralco.cs73.force.com/customers/s/splash
2022-10-14 14:53:46,224 - INFO - <module> : Opened: https://fuat-meralco.cs73.force.com/customers/s/splash
2022-10-14 14:53:46,224 - INFO - <module> : Opened: https://fuat-meralco.cs73.force.com/customers/s/splash
2022-10-14 14:53:46,224 - INFO - <module> : Opened: https://fuat-meralco.cs73.force.com/customers/s/splash
2022-10-14 14:53:47,458 - INFO - <module> : input: atmooutageaccount@yopmail.com
2022-10-14 14:53:47,458 - INFO - <module> : input: atmooutageaccount@yopmail.com
2022-10-14 14:53:47,458 - INFO - <module> : input: atmooutageaccount@yopmail.com
2022-10-14 14:53:47,458 - INFO - <module> : input: atmooutageaccount@yopmail.com
2022-10-14 14:53:47,561 - INFO - <module> : input: Meralco01
2022-10-14 14:53:47,561 - INFO - <module> : input: Meralco01
2022-10-14 14:53:47,561 - INFO - <module> : input: Meralco01
2022-10-14 14:53:47,561 - INFO - <module> : input: Meralco01
2022-10-14 14:53:47,611 - INFO - <module> : Log in clicked
2022-10-14 14:53:47,611 - INFO - <module> : Log in clicked
2022-10-14 14:53:47,611 - INFO - <module> : Log in clicked
2022-10-14 14:53:47,611 - INFO - <module> : Log in clicked
2022-10-14 14:53:51,049 - INFO - <module> : Hello, exists
2022-10-14 14:53:51,049 - INFO - <module> : Hello, exists
2022-10-14 14:53:51,049 - INFO - <module> : Hello, exists
2022-10-14 14:53:51,049 - INFO - <module> : Hello, exists
2022-10-14 14:53:51,066 - INFO - <module> : Hello, exists
2022-10-14 14:53:51,066 - INFO - <module> : Hello, exists
2022-10-14 14:53:51,066 - INFO - <module> : Hello, exists
2022-10-14 14:53:51,066 - INFO - <module> : Hello, exists
2022-10-14 14:53:53,812 - INFO - <module> : Go to Outages & Incidents > View/Report Outages
2022-10-14 14:53:53,812 - INFO - <module> : Go to Outages & Incidents > View/Report Outages
2022-10-14 14:53:53,812 - INFO - <module> : Go to Outages & Incidents > View/Report Outages
2022-10-14 14:53:53,812 - INFO - <module> : Go to Outages & Incidents > View/Report Outages
2022-10-14 14:53:53,913 - INFO - <module> : Outages & Incidents clicked
2022-10-14 14:53:53,913 - INFO - <module> : Outages & Incidents clicked
2022-10-14 14:53:53,913 - INFO - <module> : Outages & Incidents clicked
2022-10-14 14:53:53,913 - INFO - <module> : Outages & Incidents clicked
2022-10-14 14:53:53,958 - INFO - <module> :  clicked
2022-10-14 14:53:53,958 - INFO - <module> :  clicked
2022-10-14 14:53:53,958 - INFO - <module> :  clicked
2022-10-14 14:53:53,958 - INFO - <module> :  clicked
2022-10-14 14:54:02,215 - INFO - <module> : Okay clicked
2022-10-14 14:54:02,215 - INFO - <module> : Okay clicked
2022-10-14 14:54:02,215 - INFO - <module> : Okay clicked
2022-10-14 14:54:02,215 - INFO - <module> : Okay clicked
2022-10-14 14:54:05,109 - INFO - <module> : Click on Map Views button > Select Satellite on Map Type 
2022-10-14 14:54:05,109 - INFO - <module> : Click on Map Views button > Select Satellite on Map Type 
2022-10-14 14:54:05,109 - INFO - <module> : Click on Map Views button > Select Satellite on Map Type 
2022-10-14 14:54:05,109 - INFO - <module> : Click on Map Views button > Select Satellite on Map Type 
2022-10-14 14:54:05,271 - INFO - <module> :  clicked
2022-10-14 14:54:05,271 - INFO - <module> :  clicked
2022-10-14 14:54:05,271 - INFO - <module> :  clicked
2022-10-14 14:54:05,271 - INFO - <module> :  clicked
2022-10-14 14:54:07,675 - INFO - <module> :  clicked
2022-10-14 14:54:07,675 - INFO - <module> :  clicked
2022-10-14 14:54:07,675 - INFO - <module> :  clicked
2022-10-14 14:54:07,675 - INFO - <module> :  clicked
2022-10-14 14:54:22,766 - INFO - <module> :  clicked
2022-10-14 14:54:22,766 - INFO - <module> :  clicked
2022-10-14 14:54:22,766 - INFO - <module> :  clicked
2022-10-14 14:54:22,766 - INFO - <module> :  clicked
2022-10-14 14:54:26,156 - INFO - <module> : Login to Meralco Online
2022-10-14 14:54:26,156 - INFO - <module> : Login to Meralco Online
2022-10-14 14:54:26,156 - INFO - <module> : Login to Meralco Online
2022-10-14 14:54:26,156 - INFO - <module> : Login to Meralco Online
2022-10-14 14:54:27,484 - INFO - <module> : Opened: https://fuat-meralco.cs73.force.com/customers/s/splash
2022-10-14 14:54:27,484 - INFO - <module> : Opened: https://fuat-meralco.cs73.force.com/customers/s/splash
2022-10-14 14:54:27,484 - INFO - <module> : Opened: https://fuat-meralco.cs73.force.com/customers/s/splash
2022-10-14 14:54:27,484 - INFO - <module> : Opened: https://fuat-meralco.cs73.force.com/customers/s/splash
2022-10-14 14:54:28,216 - INFO - <module> : input: atmooutageaccount@yopmail.com
2022-10-14 14:54:28,216 - INFO - <module> : input: atmooutageaccount@yopmail.com
2022-10-14 14:54:28,216 - INFO - <module> : input: atmooutageaccount@yopmail.com
2022-10-14 14:54:28,216 - INFO - <module> : input: atmooutageaccount@yopmail.com
2022-10-14 14:54:28,294 - INFO - <module> : input: Meralco01
2022-10-14 14:54:28,294 - INFO - <module> : input: Meralco01
2022-10-14 14:54:28,294 - INFO - <module> : input: Meralco01
2022-10-14 14:54:28,294 - INFO - <module> : input: Meralco01
2022-10-14 14:54:28,425 - INFO - <module> : Log in clicked
2022-10-14 14:54:28,425 - INFO - <module> : Log in clicked
2022-10-14 14:54:28,425 - INFO - <module> : Log in clicked
2022-10-14 14:54:28,425 - INFO - <module> : Log in clicked
2022-10-14 14:54:32,939 - INFO - <module> : Hello, exists
2022-10-14 14:54:32,939 - INFO - <module> : Hello, exists
2022-10-14 14:54:32,939 - INFO - <module> : Hello, exists
2022-10-14 14:54:32,939 - INFO - <module> : Hello, exists
2022-10-14 14:54:32,957 - INFO - <module> : Hello, exists
2022-10-14 14:54:32,957 - INFO - <module> : Hello, exists
2022-10-14 14:54:32,957 - INFO - <module> : Hello, exists
2022-10-14 14:54:32,957 - INFO - <module> : Hello, exists
2022-10-14 14:54:35,726 - INFO - <module> : Go to Outages & Incidents > View/Report Outages
2022-10-14 14:54:35,726 - INFO - <module> : Go to Outages & Incidents > View/Report Outages
2022-10-14 14:54:35,726 - INFO - <module> : Go to Outages & Incidents > View/Report Outages
2022-10-14 14:54:35,726 - INFO - <module> : Go to Outages & Incidents > View/Report Outages
2022-10-14 14:54:35,875 - INFO - <module> : Outages & Incidents clicked
2022-10-14 14:54:35,875 - INFO - <module> : Outages & Incidents clicked
2022-10-14 14:54:35,875 - INFO - <module> : Outages & Incidents clicked
2022-10-14 14:54:35,875 - INFO - <module> : Outages & Incidents clicked
2022-10-14 14:54:35,915 - INFO - <module> :  clicked
2022-10-14 14:54:35,915 - INFO - <module> :  clicked
2022-10-14 14:54:35,915 - INFO - <module> :  clicked
2022-10-14 14:54:35,915 - INFO - <module> :  clicked
2022-10-14 14:54:57,873 - INFO - <module> : Okay clicked
2022-10-14 14:54:57,873 - INFO - <module> : Okay clicked
2022-10-14 14:54:57,873 - INFO - <module> : Okay clicked
2022-10-14 14:54:57,873 - INFO - <module> : Okay clicked
2022-10-14 14:55:00,795 - INFO - <module> : Click on Map Views button > Select Terrain on Map Type 
2022-10-14 14:55:00,795 - INFO - <module> : Click on Map Views button > Select Terrain on Map Type 
2022-10-14 14:55:00,795 - INFO - <module> : Click on Map Views button > Select Terrain on Map Type 
2022-10-14 14:55:00,795 - INFO - <module> : Click on Map Views button > Select Terrain on Map Type 
2022-10-14 14:55:00,992 - INFO - <module> :  clicked
2022-10-14 14:55:00,992 - INFO - <module> :  clicked
2022-10-14 14:55:00,992 - INFO - <module> :  clicked
2022-10-14 14:55:00,992 - INFO - <module> :  clicked
2022-10-14 14:55:03,435 - INFO - <module> :  clicked
2022-10-14 14:55:03,435 - INFO - <module> :  clicked
2022-10-14 14:55:03,435 - INFO - <module> :  clicked
2022-10-14 14:55:03,435 - INFO - <module> :  clicked
2022-10-14 14:55:18,519 - INFO - <module> :  clicked
2022-10-14 14:55:18,519 - INFO - <module> :  clicked
2022-10-14 14:55:18,519 - INFO - <module> :  clicked
2022-10-14 14:55:18,519 - INFO - <module> :  clicked
2022-10-14 14:55:21,130 - INFO - setup : Close Browser
