2023-01-03 14:45:18,622 - INFO - setup : Browser Launched!
2023-01-03 14:45:50,519 - INFO - <module> : Opened: https://fuat-meralco.cs73.force.com/customers/s/cxe-apply
2023-01-03 14:45:50,519 - INFO - <module> : Opened: https://fuat-meralco.cs73.force.com/customers/s/cxe-apply
2023-01-03 14:45:50,519 - INFO - <module> : Opened: https://fuat-meralco.cs73.force.com/customers/s/cxe-apply
2023-01-03 14:45:50,519 - INFO - <module> : Opened: https://fuat-meralco.cs73.force.com/customers/s/cxe-apply
2023-01-03 14:45:57,147 - INFO - <module> : Service Application exists
2023-01-03 14:45:57,147 - INFO - <module> : Service Application exists
2023-01-03 14:45:57,147 - INFO - <module> : Service Application exists
2023-01-03 14:45:57,147 - INFO - <module> : Service Application exists
2023-01-03 14:46:00,945 - INFO - <module> : Clicked
2023-01-03 14:46:00,945 - INFO - <module> : Clicked
2023-01-03 14:46:00,945 - INFO - <module> : Clicked
2023-01-03 14:46:00,945 - INFO - <module> : Clicked
2023-01-03 14:46:04,231 - INFO - <module> : Clicked
2023-01-03 14:46:04,231 - INFO - <module> : Clicked
2023-01-03 14:46:04,231 - INFO - <module> : Clicked
2023-01-03 14:46:04,231 - INFO - <module> : Clicked
2023-01-03 14:46:17,432 - INFO - <module> : Clicked
2023-01-03 14:46:17,432 - INFO - <module> : Clicked
2023-01-03 14:46:17,432 - INFO - <module> : Clicked
2023-01-03 14:46:17,432 - INFO - <module> : Clicked
2023-01-03 14:46:22,919 - INFO - <module> : input: aaaaa@yopmail.com
2023-01-03 14:46:22,919 - INFO - <module> : input: aaaaa@yopmail.com
2023-01-03 14:46:22,919 - INFO - <module> : input: aaaaa@yopmail.com
2023-01-03 14:46:22,919 - INFO - <module> : input: aaaaa@yopmail.com
2023-01-03 14:46:23,033 - INFO - <module> : input: atfirst1
2023-01-03 14:46:23,033 - INFO - <module> : input: atfirst1
2023-01-03 14:46:23,033 - INFO - <module> : input: atfirst1
2023-01-03 14:46:23,033 - INFO - <module> : input: atfirst1
2023-01-03 14:46:23,113 - INFO - <module> : input: atlast1
2023-01-03 14:46:23,113 - INFO - <module> : input: atlast1
2023-01-03 14:46:23,113 - INFO - <module> : input: atlast1
2023-01-03 14:46:23,113 - INFO - <module> : input: atlast1
2023-01-03 14:46:23,176 - INFO - <module> : input: 9234567891
2023-01-03 14:46:23,176 - INFO - <module> : input: 9234567891
2023-01-03 14:46:23,176 - INFO - <module> : input: 9234567891
2023-01-03 14:46:23,176 - INFO - <module> : input: 9234567891
2023-01-03 14:46:23,671 - INFO - <module> : Clicked
2023-01-03 14:46:23,671 - INFO - <module> : Clicked
2023-01-03 14:46:23,671 - INFO - <module> : Clicked
2023-01-03 14:46:23,671 - INFO - <module> : Clicked
2023-01-03 14:46:24,106 - INFO - <module> : Clicked
2023-01-03 14:46:24,106 - INFO - <module> : Clicked
2023-01-03 14:46:24,106 - INFO - <module> : Clicked
2023-01-03 14:46:24,106 - INFO - <module> : Clicked
2023-01-03 14:46:24,182 - INFO - setup : Close Browser
