2023-01-11 11:06:00,526 - INFO - setup : Browser Launched!
2023-01-11 11:06:13,282 - INFO - <module> : Go to Outages & Incidents > Report Streetlight And Safety Concerns
2023-01-11 11:06:13,282 - INFO - <module> : Go to Outages & Incidents > Report Streetlight And Safety Concerns
2023-01-11 11:06:13,282 - INFO - <module> : Go to Outages & Incidents > Report Streetlight And Safety Concerns
2023-01-11 11:06:13,282 - INFO - <module> : Go to Outages & Incidents > Report Streetlight And Safety Concerns
2023-01-11 11:06:13,282 - INFO - <module> : Go to Outages & Incidents > Report Streetlight And Safety Concerns
2023-01-11 11:06:15,958 - INFO - <module> : Opened: https://fuat-meralco.cs73.force.com/customers/s/outagemap
2023-01-11 11:06:15,958 - INFO - <module> : Opened: https://fuat-meralco.cs73.force.com/customers/s/outagemap
2023-01-11 11:06:15,958 - INFO - <module> : Opened: https://fuat-meralco.cs73.force.com/customers/s/outagemap
2023-01-11 11:06:15,958 - INFO - <module> : Opened: https://fuat-meralco.cs73.force.com/customers/s/outagemap
2023-01-11 11:06:15,958 - INFO - <module> : Opened: https://fuat-meralco.cs73.force.com/customers/s/outagemap
2023-01-11 11:06:24,435 - INFO - <module> : Meralco would like to access your location to identify if your area is affected by an outage. exists
2023-01-11 11:06:24,435 - INFO - <module> : Meralco would like to access your location to identify if your area is affected by an outage. exists
2023-01-11 11:06:24,435 - INFO - <module> : Meralco would like to access your location to identify if your area is affected by an outage. exists
2023-01-11 11:06:24,435 - INFO - <module> : Meralco would like to access your location to identify if your area is affected by an outage. exists
2023-01-11 11:06:24,435 - INFO - <module> : Meralco would like to access your location to identify if your area is affected by an outage. exists
2023-01-11 11:06:26,941 - INFO - <module> : Clicked
2023-01-11 11:06:26,941 - INFO - <module> : Clicked
2023-01-11 11:06:26,941 - INFO - <module> : Clicked
2023-01-11 11:06:26,941 - INFO - <module> : Clicked
2023-01-11 11:06:26,941 - INFO - <module> : Clicked
2023-01-11 11:06:31,074 - INFO - <module> : Clicked
2023-01-11 11:06:31,074 - INFO - <module> : Clicked
2023-01-11 11:06:31,074 - INFO - <module> : Clicked
2023-01-11 11:06:31,074 - INFO - <module> : Clicked
2023-01-11 11:06:31,074 - INFO - <module> : Clicked
2023-01-11 11:06:39,661 - INFO - <module> : Report an Outage or Incident exists
2023-01-11 11:06:39,661 - INFO - <module> : Report an Outage or Incident exists
2023-01-11 11:06:39,661 - INFO - <module> : Report an Outage or Incident exists
2023-01-11 11:06:39,661 - INFO - <module> : Report an Outage or Incident exists
2023-01-11 11:06:39,661 - INFO - <module> : Report an Outage or Incident exists
2023-01-11 11:06:39,752 - INFO - <module> : Clicked
2023-01-11 11:06:39,752 - INFO - <module> : Clicked
2023-01-11 11:06:39,752 - INFO - <module> : Clicked
2023-01-11 11:06:39,752 - INFO - <module> : Clicked
2023-01-11 11:06:39,752 - INFO - <module> : Clicked
2023-01-11 11:06:41,379 - INFO - <module> : Clicked
2023-01-11 11:06:41,379 - INFO - <module> : Clicked
2023-01-11 11:06:41,379 - INFO - <module> : Clicked
2023-01-11 11:06:41,379 - INFO - <module> : Clicked
2023-01-11 11:06:41,379 - INFO - <module> : Clicked
2023-01-11 11:06:41,444 - INFO - <module> : Clicked
2023-01-11 11:06:41,444 - INFO - <module> : Clicked
2023-01-11 11:06:41,444 - INFO - <module> : Clicked
2023-01-11 11:06:41,444 - INFO - <module> : Clicked
2023-01-11 11:06:41,444 - INFO - <module> : Clicked
2023-01-11 11:06:44,543 - INFO - <module> : Populate required fields > click Submit
2023-01-11 11:06:44,543 - INFO - <module> : Populate required fields > click Submit
2023-01-11 11:06:44,543 - INFO - <module> : Populate required fields > click Submit
2023-01-11 11:06:44,543 - INFO - <module> : Populate required fields > click Submit
2023-01-11 11:06:44,543 - INFO - <module> : Populate required fields > click Submit
2023-01-11 11:06:44,618 - INFO - <module> : Clicked
2023-01-11 11:06:44,618 - INFO - <module> : Clicked
2023-01-11 11:06:44,618 - INFO - <module> : Clicked
2023-01-11 11:06:44,618 - INFO - <module> : Clicked
2023-01-11 11:06:44,618 - INFO - <module> : Clicked
2023-01-11 11:06:45,709 - INFO - <module> : Clicked
2023-01-11 11:06:45,709 - INFO - <module> : Clicked
2023-01-11 11:06:45,709 - INFO - <module> : Clicked
2023-01-11 11:06:45,709 - INFO - <module> : Clicked
2023-01-11 11:06:45,709 - INFO - <module> : Clicked
2023-01-11 11:06:49,981 - INFO - <module> : Clicked
2023-01-11 11:06:49,981 - INFO - <module> : Clicked
2023-01-11 11:06:49,981 - INFO - <module> : Clicked
2023-01-11 11:06:49,981 - INFO - <module> : Clicked
2023-01-11 11:06:49,981 - INFO - <module> : Clicked
2023-01-11 11:06:50,550 - INFO - <module> : Clicked
2023-01-11 11:06:50,550 - INFO - <module> : Clicked
2023-01-11 11:06:50,550 - INFO - <module> : Clicked
2023-01-11 11:06:50,550 - INFO - <module> : Clicked
2023-01-11 11:06:50,550 - INFO - <module> : Clicked
2023-01-11 11:06:51,114 - INFO - <module> : Clicked
2023-01-11 11:06:51,114 - INFO - <module> : Clicked
2023-01-11 11:06:51,114 - INFO - <module> : Clicked
2023-01-11 11:06:51,114 - INFO - <module> : Clicked
2023-01-11 11:06:51,114 - INFO - <module> : Clicked
2023-01-11 11:06:51,199 - INFO - <module> : input: 123
2023-01-11 11:06:51,199 - INFO - <module> : input: 123
2023-01-11 11:06:51,199 - INFO - <module> : input: 123
2023-01-11 11:06:51,199 - INFO - <module> : input: 123
2023-01-11 11:06:51,199 - INFO - <module> : input: 123
2023-01-11 11:06:51,290 - INFO - <module> : Clicked
2023-01-11 11:06:51,290 - INFO - <module> : Clicked
2023-01-11 11:06:51,290 - INFO - <module> : Clicked
2023-01-11 11:06:51,290 - INFO - <module> : Clicked
2023-01-11 11:06:51,290 - INFO - <module> : Clicked
2023-01-11 11:06:51,894 - INFO - <module> : Clicked
2023-01-11 11:06:51,894 - INFO - <module> : Clicked
2023-01-11 11:06:51,894 - INFO - <module> : Clicked
2023-01-11 11:06:51,894 - INFO - <module> : Clicked
2023-01-11 11:06:51,894 - INFO - <module> : Clicked
2023-01-11 11:06:51,985 - INFO - <module> : Clicked
2023-01-11 11:06:51,985 - INFO - <module> : Clicked
2023-01-11 11:06:51,985 - INFO - <module> : Clicked
2023-01-11 11:06:51,985 - INFO - <module> : Clicked
2023-01-11 11:06:51,985 - INFO - <module> : Clicked
2023-01-11 11:06:52,091 - INFO - <module> : input: Sample Text
2023-01-11 11:06:52,091 - INFO - <module> : input: Sample Text
2023-01-11 11:06:52,091 - INFO - <module> : input: Sample Text
2023-01-11 11:06:52,091 - INFO - <module> : input: Sample Text
2023-01-11 11:06:52,091 - INFO - <module> : input: Sample Text
2023-01-11 11:06:52,177 - INFO - <module> : input: sample
2023-01-11 11:06:52,177 - INFO - <module> : input: sample
2023-01-11 11:06:52,177 - INFO - <module> : input: sample
2023-01-11 11:06:52,177 - INFO - <module> : input: sample
2023-01-11 11:06:52,177 - INFO - <module> : input: sample
2023-01-11 11:06:52,271 - INFO - <module> : input: middle
2023-01-11 11:06:52,271 - INFO - <module> : input: middle
2023-01-11 11:06:52,271 - INFO - <module> : input: middle
2023-01-11 11:06:52,271 - INFO - <module> : input: middle
2023-01-11 11:06:52,271 - INFO - <module> : input: middle
2023-01-11 11:06:52,345 - INFO - <module> : input: report
2023-01-11 11:06:52,345 - INFO - <module> : input: report
2023-01-11 11:06:52,345 - INFO - <module> : input: report
2023-01-11 11:06:52,345 - INFO - <module> : input: report
2023-01-11 11:06:52,345 - INFO - <module> : input: report
2023-01-11 11:06:52,440 - INFO - <module> : input: +639276597262
2023-01-11 11:06:52,440 - INFO - <module> : input: +639276597262
2023-01-11 11:06:52,440 - INFO - <module> : input: +639276597262
2023-01-11 11:06:52,440 - INFO - <module> : input: +639276597262
2023-01-11 11:06:52,440 - INFO - <module> : input: +639276597262
2023-01-11 11:06:52,506 - INFO - <module> : input: 
2023-01-11 11:06:52,506 - INFO - <module> : input: 
2023-01-11 11:06:52,506 - INFO - <module> : input: 
2023-01-11 11:06:52,506 - INFO - <module> : input: 
2023-01-11 11:06:52,506 - INFO - <module> : input: 
2023-01-11 11:06:52,608 - INFO - <module> : input: testautomationoutage@yopmail.com
2023-01-11 11:06:52,608 - INFO - <module> : input: testautomationoutage@yopmail.com
2023-01-11 11:06:52,608 - INFO - <module> : input: testautomationoutage@yopmail.com
2023-01-11 11:06:52,608 - INFO - <module> : input: testautomationoutage@yopmail.com
2023-01-11 11:06:52,608 - INFO - <module> : input: testautomationoutage@yopmail.com
2023-01-11 11:06:52,661 - INFO - <module> : Clicked
2023-01-11 11:06:52,661 - INFO - <module> : Clicked
2023-01-11 11:06:52,661 - INFO - <module> : Clicked
2023-01-11 11:06:52,661 - INFO - <module> : Clicked
2023-01-11 11:06:52,661 - INFO - <module> : Clicked
2023-01-11 11:06:52,743 - INFO - <module> : Clicked
2023-01-11 11:06:52,743 - INFO - <module> : Clicked
2023-01-11 11:06:52,743 - INFO - <module> : Clicked
2023-01-11 11:06:52,743 - INFO - <module> : Clicked
2023-01-11 11:06:52,743 - INFO - <module> : Clicked
2023-01-11 11:06:52,835 - INFO - <module> : Clicked
2023-01-11 11:06:52,835 - INFO - <module> : Clicked
2023-01-11 11:06:52,835 - INFO - <module> : Clicked
2023-01-11 11:06:52,835 - INFO - <module> : Clicked
2023-01-11 11:06:52,835 - INFO - <module> : Clicked
2023-01-11 11:06:55,158 - INFO - <module> : Clicked
2023-01-11 11:06:55,158 - INFO - <module> : Clicked
2023-01-11 11:06:55,158 - INFO - <module> : Clicked
2023-01-11 11:06:55,158 - INFO - <module> : Clicked
2023-01-11 11:06:55,158 - INFO - <module> : Clicked
2023-01-11 11:07:03,561 - INFO - setup : Close Browser
