2023-01-03 14:30:46,553 - INFO - setup : Browser Launched!
2023-01-03 14:31:28,204 - INFO - <module> : Opened: https://fuat-meralco.cs73.force.com/customers/s/cxe-apply
2023-01-03 14:31:28,204 - INFO - <module> : Opened: https://fuat-meralco.cs73.force.com/customers/s/cxe-apply
2023-01-03 14:31:28,204 - INFO - <module> : Opened: https://fuat-meralco.cs73.force.com/customers/s/cxe-apply
2023-01-03 14:31:28,204 - INFO - <module> : Opened: https://fuat-meralco.cs73.force.com/customers/s/cxe-apply
2023-01-03 14:31:34,324 - INFO - <module> : Service Application exists
2023-01-03 14:31:34,324 - INFO - <module> : Service Application exists
2023-01-03 14:31:34,324 - INFO - <module> : Service Application exists
2023-01-03 14:31:34,324 - INFO - <module> : Service Application exists
2023-01-03 14:31:37,708 - INFO - <module> : Clicked
2023-01-03 14:31:37,708 - INFO - <module> : Clicked
2023-01-03 14:31:37,708 - INFO - <module> : Clicked
2023-01-03 14:31:37,708 - INFO - <module> : Clicked
2023-01-03 14:31:41,006 - INFO - <module> : Clicked
2023-01-03 14:31:41,006 - INFO - <module> : Clicked
2023-01-03 14:31:41,006 - INFO - <module> : Clicked
2023-01-03 14:31:41,006 - INFO - <module> : Clicked
2023-01-03 14:31:49,789 - INFO - <module> : Clicked
2023-01-03 14:31:49,789 - INFO - <module> : Clicked
2023-01-03 14:31:49,789 - INFO - <module> : Clicked
2023-01-03 14:31:49,789 - INFO - <module> : Clicked
2023-01-03 14:31:49,842 - INFO - setup : Close Browser
