2022-10-27 09:44:54,143 - INFO - setup : Browser Launched!
2022-10-27 09:45:02,217 - INFO - <module> : Click on burger menu > Search Locations
2022-10-27 09:45:02,217 - INFO - <module> : Click on burger menu > Search Locations
2022-10-27 09:45:02,217 - INFO - <module> : Click on burger menu > Search Locations
2022-10-27 09:45:02,217 - INFO - <module> : Click on burger menu > Search Locations
2022-10-27 09:45:04,077 - INFO - <module> : Opened: https://outage-api.meralco.com.ph/
2022-10-27 09:45:04,077 - INFO - <module> : Opened: https://outage-api.meralco.com.ph/
2022-10-27 09:45:04,077 - INFO - <module> : Opened: https://outage-api.meralco.com.ph/
2022-10-27 09:45:04,077 - INFO - <module> : Opened: https://outage-api.meralco.com.ph/
2022-10-27 09:45:05,836 - INFO - <module> : input: v-lvlgalvez@meralco.com.ph
2022-10-27 09:45:05,836 - INFO - <module> : input: v-lvlgalvez@meralco.com.ph
2022-10-27 09:45:05,836 - INFO - <module> : input: v-lvlgalvez@meralco.com.ph
2022-10-27 09:45:05,836 - INFO - <module> : input: v-lvlgalvez@meralco.com.ph
2022-10-27 09:45:05,891 - INFO - <module> : Clicked
2022-10-27 09:45:05,891 - INFO - <module> : Clicked
2022-10-27 09:45:05,891 - INFO - <module> : Clicked
2022-10-27 09:45:05,891 - INFO - <module> : Clicked
2022-10-27 09:45:07,487 - INFO - <module> : input: Mecopass@@!!129
2022-10-27 09:45:07,487 - INFO - <module> : input: Mecopass@@!!129
2022-10-27 09:45:07,487 - INFO - <module> : input: Mecopass@@!!129
2022-10-27 09:45:07,487 - INFO - <module> : input: Mecopass@@!!129
2022-10-27 09:45:08,121 - INFO - <module> : Clicked
2022-10-27 09:45:08,121 - INFO - <module> : Clicked
2022-10-27 09:45:08,121 - INFO - <module> : Clicked
2022-10-27 09:45:08,121 - INFO - <module> : Clicked
2022-10-27 09:45:08,723 - INFO - <module> : Clicked
2022-10-27 09:45:08,723 - INFO - <module> : Clicked
2022-10-27 09:45:08,723 - INFO - <module> : Clicked
2022-10-27 09:45:08,723 - INFO - <module> : Clicked
2022-10-27 09:45:37,812 - INFO - <module> : Clicked
2022-10-27 09:45:37,812 - INFO - <module> : Clicked
2022-10-27 09:45:37,812 - INFO - <module> : Clicked
2022-10-27 09:45:37,812 - INFO - <module> : Clicked
2022-10-27 09:45:41,897 - INFO - <module> :  clicked
2022-10-27 09:45:41,897 - INFO - <module> :  clicked
2022-10-27 09:45:41,897 - INFO - <module> :  clicked
2022-10-27 09:45:41,897 - INFO - <module> :  clicked
2022-10-27 09:45:41,962 - INFO - <module> : Search Locations clicked
2022-10-27 09:45:41,962 - INFO - <module> : Search Locations clicked
2022-10-27 09:45:41,962 - INFO - <module> : Search Locations clicked
2022-10-27 09:45:41,962 - INFO - <module> : Search Locations clicked
2022-10-27 09:45:42,027 - INFO - <module> : Service ID No.
arrow_drop_down clicked
2022-10-27 09:45:42,027 - INFO - <module> : Service ID No.
arrow_drop_down clicked
2022-10-27 09:45:42,027 - INFO - <module> : Service ID No.
arrow_drop_down clicked
2022-10-27 09:45:42,027 - INFO - <module> : Service ID No.
arrow_drop_down clicked
2022-10-27 09:45:42,076 - INFO - <module> : Service ID No. clicked
2022-10-27 09:45:42,076 - INFO - <module> : Service ID No. clicked
2022-10-27 09:45:42,076 - INFO - <module> : Service ID No. clicked
2022-10-27 09:45:42,076 - INFO - <module> : Service ID No. clicked
2022-10-27 09:45:42,195 - INFO - <module> : input: 200102850101
2022-10-27 09:45:42,195 - INFO - <module> : input: 200102850101
2022-10-27 09:45:42,195 - INFO - <module> : input: 200102850101
2022-10-27 09:45:42,195 - INFO - <module> : input: 200102850101
2022-10-27 09:45:42,258 - INFO - <module> : Enter: 
2022-10-27 09:45:42,258 - INFO - <module> : Enter: 
2022-10-27 09:45:42,258 - INFO - <module> : Enter: 
2022-10-27 09:45:42,258 - INFO - <module> : Enter: 
2022-10-27 09:45:49,314 - INFO - <module> : ArrowDown: 
2022-10-27 09:45:49,314 - INFO - <module> : ArrowDown: 
2022-10-27 09:45:49,314 - INFO - <module> : ArrowDown: 
2022-10-27 09:45:49,314 - INFO - <module> : ArrowDown: 
2022-10-27 09:45:49,345 - INFO - <module> : Enter: 
2022-10-27 09:45:49,345 - INFO - <module> : Enter: 
2022-10-27 09:45:49,345 - INFO - <module> : Enter: 
2022-10-27 09:45:49,345 - INFO - <module> : Enter: 
2022-10-27 09:45:58,553 - INFO - setup : Close Browser
