2022-10-17 09:08:40,204 - INFO - setup : Browser Launched!
2022-10-17 09:08:48,155 - INFO - <module> : Login to Meralco Online
2022-10-17 09:08:48,155 - INFO - <module> : Login to Meralco Online
2022-10-17 09:08:48,155 - INFO - <module> : Login to Meralco Online
2022-10-17 09:08:48,155 - INFO - <module> : Login to Meralco Online
2022-10-17 09:08:49,642 - INFO - <module> : Opened: https://fuat-meralco.cs73.force.com/customers/s/splash
2022-10-17 09:08:49,642 - INFO - <module> : Opened: https://fuat-meralco.cs73.force.com/customers/s/splash
2022-10-17 09:08:49,642 - INFO - <module> : Opened: https://fuat-meralco.cs73.force.com/customers/s/splash
2022-10-17 09:08:49,642 - INFO - <module> : Opened: https://fuat-meralco.cs73.force.com/customers/s/splash
2022-10-17 09:08:49,898 - INFO - <module> : input: atmooutageaccount@yopmail.com
2022-10-17 09:08:49,898 - INFO - <module> : input: atmooutageaccount@yopmail.com
2022-10-17 09:08:49,898 - INFO - <module> : input: atmooutageaccount@yopmail.com
2022-10-17 09:08:49,898 - INFO - <module> : input: atmooutageaccount@yopmail.com
2022-10-17 09:08:49,984 - INFO - <module> : input: Meralco01
2022-10-17 09:08:49,984 - INFO - <module> : input: Meralco01
2022-10-17 09:08:49,984 - INFO - <module> : input: Meralco01
2022-10-17 09:08:49,984 - INFO - <module> : input: Meralco01
2022-10-17 09:08:50,038 - INFO - <module> : Log in clicked
2022-10-17 09:08:50,038 - INFO - <module> : Log in clicked
2022-10-17 09:08:50,038 - INFO - <module> : Log in clicked
2022-10-17 09:08:50,038 - INFO - <module> : Log in clicked
2022-10-17 09:08:54,499 - INFO - <module> : Hello, exists
2022-10-17 09:08:54,499 - INFO - <module> : Hello, exists
2022-10-17 09:08:54,499 - INFO - <module> : Hello, exists
2022-10-17 09:08:54,499 - INFO - <module> : Hello, exists
2022-10-17 09:08:54,519 - INFO - <module> : Hello, exists
2022-10-17 09:08:54,519 - INFO - <module> : Hello, exists
2022-10-17 09:08:54,519 - INFO - <module> : Hello, exists
2022-10-17 09:08:54,519 - INFO - <module> : Hello, exists
2022-10-17 09:08:57,343 - INFO - <module> : Go to Outages & Incidents > View/Report Outages
2022-10-17 09:08:57,343 - INFO - <module> : Go to Outages & Incidents > View/Report Outages
2022-10-17 09:08:57,343 - INFO - <module> : Go to Outages & Incidents > View/Report Outages
2022-10-17 09:08:57,343 - INFO - <module> : Go to Outages & Incidents > View/Report Outages
2022-10-17 09:08:57,415 - INFO - <module> : Outages & Incidents clicked
2022-10-17 09:08:57,415 - INFO - <module> : Outages & Incidents clicked
2022-10-17 09:08:57,415 - INFO - <module> : Outages & Incidents clicked
2022-10-17 09:08:57,415 - INFO - <module> : Outages & Incidents clicked
2022-10-17 09:08:57,466 - INFO - <module> :  clicked
2022-10-17 09:08:57,466 - INFO - <module> :  clicked
2022-10-17 09:08:57,466 - INFO - <module> :  clicked
2022-10-17 09:08:57,466 - INFO - <module> :  clicked
2022-10-17 09:09:26,018 - INFO - <module> : Okay clicked
2022-10-17 09:09:26,018 - INFO - <module> : Okay clicked
2022-10-17 09:09:26,018 - INFO - <module> : Okay clicked
2022-10-17 09:09:26,018 - INFO - <module> : Okay clicked
2022-10-17 09:09:29,064 - INFO - <module> : Click down button beside Legends
2022-10-17 09:09:29,064 - INFO - <module> : Click down button beside Legends
2022-10-17 09:09:29,064 - INFO - <module> : Click down button beside Legends
2022-10-17 09:09:29,064 - INFO - <module> : Click down button beside Legends
2022-10-17 09:09:29,197 - INFO - <module> : expand_less clicked
2022-10-17 09:09:29,197 - INFO - <module> : expand_less clicked
2022-10-17 09:09:29,197 - INFO - <module> : expand_less clicked
2022-10-17 09:09:29,197 - INFO - <module> : expand_less clicked
2022-10-17 09:09:29,240 - INFO - <module> : Service with restored power exists
2022-10-17 09:09:29,240 - INFO - <module> : Service with restored power exists
2022-10-17 09:09:29,240 - INFO - <module> : Service with restored power exists
2022-10-17 09:09:29,240 - INFO - <module> : Service with restored power exists
2022-10-17 09:09:29,295 - INFO - <module> : Service with unplanned outage exists
2022-10-17 09:09:29,295 - INFO - <module> : Service with unplanned outage exists
2022-10-17 09:09:29,295 - INFO - <module> : Service with unplanned outage exists
2022-10-17 09:09:29,295 - INFO - <module> : Service with unplanned outage exists
2022-10-17 09:09:29,338 - INFO - <module> : Service with planned outage exists
2022-10-17 09:09:29,338 - INFO - <module> : Service with planned outage exists
2022-10-17 09:09:29,338 - INFO - <module> : Service with planned outage exists
2022-10-17 09:09:29,338 - INFO - <module> : Service with planned outage exists
2022-10-17 09:09:29,380 - INFO - <module> : Service not affected by an outage exists
2022-10-17 09:09:29,380 - INFO - <module> : Service not affected by an outage exists
2022-10-17 09:09:29,380 - INFO - <module> : Service not affected by an outage exists
2022-10-17 09:09:29,380 - INFO - <module> : Service not affected by an outage exists
2022-10-17 09:09:29,428 - INFO - <module> : Unplanned Outage exists
2022-10-17 09:09:29,428 - INFO - <module> : Unplanned Outage exists
2022-10-17 09:09:29,428 - INFO - <module> : Unplanned Outage exists
2022-10-17 09:09:29,428 - INFO - <module> : Unplanned Outage exists
2022-10-17 09:09:29,471 - INFO - <module> : Planned Outage exists
2022-10-17 09:09:29,471 - INFO - <module> : Planned Outage exists
2022-10-17 09:09:29,471 - INFO - <module> : Planned Outage exists
2022-10-17 09:09:29,471 - INFO - <module> : Planned Outage exists
2022-10-17 09:09:32,207 - INFO - setup : Close Browser
