2022-10-27 10:53:40,052 - INFO - setup : Browser Launched!
2022-10-27 10:53:53,506 - INFO - <module> : Click on burger menu > Outages by Area
2022-10-27 10:53:53,506 - INFO - <module> : Click on burger menu > Outages by Area
2022-10-27 10:53:53,506 - INFO - <module> : Click on burger menu > Outages by Area
2022-10-27 10:53:53,506 - INFO - <module> : Click on burger menu > Outages by Area
2022-10-27 10:53:55,236 - INFO - <module> : Opened: https://outage-api.meralco.com.ph/
2022-10-27 10:53:55,236 - INFO - <module> : Opened: https://outage-api.meralco.com.ph/
2022-10-27 10:53:55,236 - INFO - <module> : Opened: https://outage-api.meralco.com.ph/
2022-10-27 10:53:55,236 - INFO - <module> : Opened: https://outage-api.meralco.com.ph/
2022-10-27 10:53:58,526 - INFO - <module> : input: v-lvlgalvez@meralco.com.ph
2022-10-27 10:53:58,526 - INFO - <module> : input: v-lvlgalvez@meralco.com.ph
2022-10-27 10:53:58,526 - INFO - <module> : input: v-lvlgalvez@meralco.com.ph
2022-10-27 10:53:58,526 - INFO - <module> : input: v-lvlgalvez@meralco.com.ph
2022-10-27 10:53:58,587 - INFO - <module> : Clicked
2022-10-27 10:53:58,587 - INFO - <module> : Clicked
2022-10-27 10:53:58,587 - INFO - <module> : Clicked
2022-10-27 10:53:58,587 - INFO - <module> : Clicked
2022-10-27 10:53:59,669 - INFO - <module> : input: Mecopass@@!!129
2022-10-27 10:53:59,669 - INFO - <module> : input: Mecopass@@!!129
2022-10-27 10:53:59,669 - INFO - <module> : input: Mecopass@@!!129
2022-10-27 10:53:59,669 - INFO - <module> : input: Mecopass@@!!129
2022-10-27 10:54:00,172 - INFO - <module> : Clicked
2022-10-27 10:54:00,172 - INFO - <module> : Clicked
2022-10-27 10:54:00,172 - INFO - <module> : Clicked
2022-10-27 10:54:00,172 - INFO - <module> : Clicked
2022-10-27 10:54:00,782 - INFO - <module> : Clicked
2022-10-27 10:54:00,782 - INFO - <module> : Clicked
2022-10-27 10:54:00,782 - INFO - <module> : Clicked
2022-10-27 10:54:00,782 - INFO - <module> : Clicked
2022-10-27 10:54:28,765 - INFO - <module> : Clicked
2022-10-27 10:54:28,765 - INFO - <module> : Clicked
2022-10-27 10:54:28,765 - INFO - <module> : Clicked
2022-10-27 10:54:28,765 - INFO - <module> : Clicked
2022-10-27 10:54:32,839 - INFO - <module> :  clicked
2022-10-27 10:54:32,839 - INFO - <module> :  clicked
2022-10-27 10:54:32,839 - INFO - <module> :  clicked
2022-10-27 10:54:32,839 - INFO - <module> :  clicked
2022-10-27 10:54:32,911 - INFO - <module> : Outages by Area clicked
2022-10-27 10:54:32,911 - INFO - <module> : Outages by Area clicked
2022-10-27 10:54:32,911 - INFO - <module> : Outages by Area clicked
2022-10-27 10:54:32,911 - INFO - <module> : Outages by Area clicked
2022-10-27 10:54:36,208 - INFO - <module> : Select Area Level
2022-10-27 10:54:36,208 - INFO - <module> : Select Area Level
2022-10-27 10:54:36,208 - INFO - <module> : Select Area Level
2022-10-27 10:54:36,208 - INFO - <module> : Select Area Level
2022-10-27 10:54:36,290 - INFO - <module> : arrow_drop_down clicked
2022-10-27 10:54:36,290 - INFO - <module> : arrow_drop_down clicked
2022-10-27 10:54:36,290 - INFO - <module> : arrow_drop_down clicked
2022-10-27 10:54:36,290 - INFO - <module> : arrow_drop_down clicked
2022-10-27 10:54:36,421 - INFO - <module> :  clicked
2022-10-27 10:54:36,421 - INFO - <module> :  clicked
2022-10-27 10:54:36,421 - INFO - <module> :  clicked
2022-10-27 10:54:36,421 - INFO - <module> :  clicked
2022-10-27 10:54:38,845 - INFO - setup : Close Browser
