2022-12-21 15:53:31,932 - INFO - setup : Browser Launched!
2022-12-21 15:54:16,287 - INFO - <module> : Login to Meralco Online
2022-12-21 15:54:16,287 - INFO - <module> : Login to Meralco Online
2022-12-21 15:54:16,287 - INFO - <module> : Login to Meralco Online
2022-12-21 15:54:16,287 - INFO - <module> : Login to Meralco Online
2022-12-21 15:54:18,762 - INFO - <module> : input: atconcernmultiple@yopmail.com
2022-12-21 15:54:18,762 - INFO - <module> : input: atconcernmultiple@yopmail.com
2022-12-21 15:54:18,762 - INFO - <module> : input: atconcernmultiple@yopmail.com
2022-12-21 15:54:18,762 - INFO - <module> : input: atconcernmultiple@yopmail.com
2022-12-21 15:54:19,221 - INFO - <module> : input: Meralco01
2022-12-21 15:54:19,221 - INFO - <module> : input: Meralco01
2022-12-21 15:54:19,221 - INFO - <module> : input: Meralco01
2022-12-21 15:54:19,221 - INFO - <module> : input: Meralco01
2022-12-21 15:54:20,110 - INFO - <module> : Clicked
2022-12-21 15:54:20,110 - INFO - <module> : Clicked
2022-12-21 15:54:20,110 - INFO - <module> : Clicked
2022-12-21 15:54:20,110 - INFO - <module> : Clicked
2022-12-21 15:54:26,487 - INFO - <module> : Hello, exists
2022-12-21 15:54:26,487 - INFO - <module> : Hello, exists
2022-12-21 15:54:26,487 - INFO - <module> : Hello, exists
2022-12-21 15:54:26,487 - INFO - <module> : Hello, exists
2022-12-21 15:54:39,533 - INFO - <module> : Go to Accounts> Manage Accounts
2022-12-21 15:54:39,533 - INFO - <module> : Go to Accounts> Manage Accounts
2022-12-21 15:54:39,533 - INFO - <module> : Go to Accounts> Manage Accounts
2022-12-21 15:54:39,533 - INFO - <module> : Go to Accounts> Manage Accounts
2022-12-21 15:54:39,657 - INFO - <module> : Accounts clicked
2022-12-21 15:54:39,657 - INFO - <module> : Accounts clicked
2022-12-21 15:54:39,657 - INFO - <module> : Accounts clicked
2022-12-21 15:54:39,657 - INFO - <module> : Accounts clicked
2022-12-21 15:54:39,812 - INFO - <module> :  clicked
2022-12-21 15:54:39,812 - INFO - <module> :  clicked
2022-12-21 15:54:39,812 - INFO - <module> :  clicked
2022-12-21 15:54:39,812 - INFO - <module> :  clicked
2022-12-21 15:54:50,170 - INFO - <module> : Search then Select Account > Click Change Service Details button
2022-12-21 15:54:50,170 - INFO - <module> : Search then Select Account > Click Change Service Details button
2022-12-21 15:54:50,170 - INFO - <module> : Search then Select Account > Click Change Service Details button
2022-12-21 15:54:50,170 - INFO - <module> : Search then Select Account > Click Change Service Details button
2022-12-21 15:54:51,125 - INFO - <module> : Clicked
2022-12-21 15:54:51,125 - INFO - <module> : Clicked
2022-12-21 15:54:51,125 - INFO - <module> : Clicked
2022-12-21 15:54:51,125 - INFO - <module> : Clicked
2022-12-21 15:54:54,180 - INFO - <module> : Clicked
2022-12-21 15:54:54,180 - INFO - <module> : Clicked
2022-12-21 15:54:54,180 - INFO - <module> : Clicked
2022-12-21 15:54:54,180 - INFO - <module> : Clicked
2022-12-21 15:54:59,853 - INFO - <module> : Select Change Service Details request options then click Next
2022-12-21 15:54:59,853 - INFO - <module> : Select Change Service Details request options then click Next
2022-12-21 15:54:59,853 - INFO - <module> : Select Change Service Details request options then click Next
2022-12-21 15:54:59,853 - INFO - <module> : Select Change Service Details request options then click Next
2022-12-21 15:55:30,559 - INFO - setup : Close Browser
