2023-01-10 14:38:40,627 - INFO - setup : Browser Launched!
2023-01-10 14:38:58,890 - INFO - <module> : Go to Outages & Incidents > Report Streetlight And Safety Concerns
2023-01-10 14:38:58,890 - INFO - <module> : Go to Outages & Incidents > Report Streetlight And Safety Concerns
2023-01-10 14:38:58,890 - INFO - <module> : Go to Outages & Incidents > Report Streetlight And Safety Concerns
2023-01-10 14:38:58,890 - INFO - <module> : Go to Outages & Incidents > Report Streetlight And Safety Concerns
2023-01-10 14:38:58,890 - INFO - <module> : Go to Outages & Incidents > Report Streetlight And Safety Concerns
2023-01-10 14:39:13,222 - INFO - <module> : Opened: https://fuat-meralco.cs73.force.com/customers/s/outagemap
2023-01-10 14:39:13,222 - INFO - <module> : Opened: https://fuat-meralco.cs73.force.com/customers/s/outagemap
2023-01-10 14:39:13,222 - INFO - <module> : Opened: https://fuat-meralco.cs73.force.com/customers/s/outagemap
2023-01-10 14:39:13,222 - INFO - <module> : Opened: https://fuat-meralco.cs73.force.com/customers/s/outagemap
2023-01-10 14:39:13,222 - INFO - <module> : Opened: https://fuat-meralco.cs73.force.com/customers/s/outagemap
2023-01-10 14:39:16,118 - INFO - <module> : Meralco would like to access your location to identify if your area is affected by an outage. exists
2023-01-10 14:39:16,118 - INFO - <module> : Meralco would like to access your location to identify if your area is affected by an outage. exists
2023-01-10 14:39:16,118 - INFO - <module> : Meralco would like to access your location to identify if your area is affected by an outage. exists
2023-01-10 14:39:16,118 - INFO - <module> : Meralco would like to access your location to identify if your area is affected by an outage. exists
2023-01-10 14:39:16,118 - INFO - <module> : Meralco would like to access your location to identify if your area is affected by an outage. exists
2023-01-10 14:39:18,227 - INFO - <module> : Clicked
2023-01-10 14:39:18,227 - INFO - <module> : Clicked
2023-01-10 14:39:18,227 - INFO - <module> : Clicked
2023-01-10 14:39:18,227 - INFO - <module> : Clicked
2023-01-10 14:39:18,227 - INFO - <module> : Clicked
2023-01-10 14:39:22,324 - INFO - <module> : Clicked
2023-01-10 14:39:22,324 - INFO - <module> : Clicked
2023-01-10 14:39:22,324 - INFO - <module> : Clicked
2023-01-10 14:39:22,324 - INFO - <module> : Clicked
2023-01-10 14:39:22,324 - INFO - <module> : Clicked
2023-01-10 14:39:31,667 - INFO - <module> : Report an Outage or Incident exists
2023-01-10 14:39:31,667 - INFO - <module> : Report an Outage or Incident exists
2023-01-10 14:39:31,667 - INFO - <module> : Report an Outage or Incident exists
2023-01-10 14:39:31,667 - INFO - <module> : Report an Outage or Incident exists
2023-01-10 14:39:31,667 - INFO - <module> : Report an Outage or Incident exists
2023-01-10 14:39:31,769 - INFO - <module> : Clicked
2023-01-10 14:39:31,769 - INFO - <module> : Clicked
2023-01-10 14:39:31,769 - INFO - <module> : Clicked
2023-01-10 14:39:31,769 - INFO - <module> : Clicked
2023-01-10 14:39:31,769 - INFO - <module> : Clicked
2023-01-10 14:39:34,868 - INFO - <module> : Populate required fields > click Submit
2023-01-10 14:39:34,868 - INFO - <module> : Populate required fields > click Submit
2023-01-10 14:39:34,868 - INFO - <module> : Populate required fields > click Submit
2023-01-10 14:39:34,868 - INFO - <module> : Populate required fields > click Submit
2023-01-10 14:39:34,868 - INFO - <module> : Populate required fields > click Submit
2023-01-10 14:39:34,958 - INFO - <module> : Clicked
2023-01-10 14:39:34,958 - INFO - <module> : Clicked
2023-01-10 14:39:34,958 - INFO - <module> : Clicked
2023-01-10 14:39:34,958 - INFO - <module> : Clicked
2023-01-10 14:39:34,958 - INFO - <module> : Clicked
2023-01-10 14:39:35,008 - INFO - <module> : Clicked
2023-01-10 14:39:35,008 - INFO - <module> : Clicked
2023-01-10 14:39:35,008 - INFO - <module> : Clicked
2023-01-10 14:39:35,008 - INFO - <module> : Clicked
2023-01-10 14:39:35,008 - INFO - <module> : Clicked
2023-01-10 14:39:35,596 - INFO - <module> : Clicked
2023-01-10 14:39:35,596 - INFO - <module> : Clicked
2023-01-10 14:39:35,596 - INFO - <module> : Clicked
2023-01-10 14:39:35,596 - INFO - <module> : Clicked
2023-01-10 14:39:35,596 - INFO - <module> : Clicked
2023-01-10 14:39:36,213 - INFO - <module> : Clicked
2023-01-10 14:39:36,213 - INFO - <module> : Clicked
2023-01-10 14:39:36,213 - INFO - <module> : Clicked
2023-01-10 14:39:36,213 - INFO - <module> : Clicked
2023-01-10 14:39:36,213 - INFO - <module> : Clicked
2023-01-10 14:39:36,767 - INFO - <module> : Clicked
2023-01-10 14:39:36,767 - INFO - <module> : Clicked
2023-01-10 14:39:36,767 - INFO - <module> : Clicked
2023-01-10 14:39:36,767 - INFO - <module> : Clicked
2023-01-10 14:39:36,767 - INFO - <module> : Clicked
2023-01-10 14:39:37,341 - INFO - <module> : Clicked
2023-01-10 14:39:37,341 - INFO - <module> : Clicked
2023-01-10 14:39:37,341 - INFO - <module> : Clicked
2023-01-10 14:39:37,341 - INFO - <module> : Clicked
2023-01-10 14:39:37,341 - INFO - <module> : Clicked
2023-01-10 14:39:37,438 - INFO - <module> : input: 123
2023-01-10 14:39:37,438 - INFO - <module> : input: 123
2023-01-10 14:39:37,438 - INFO - <module> : input: 123
2023-01-10 14:39:37,438 - INFO - <module> : input: 123
2023-01-10 14:39:37,438 - INFO - <module> : input: 123
2023-01-10 14:39:37,493 - INFO - <module> : Clicked
2023-01-10 14:39:37,493 - INFO - <module> : Clicked
2023-01-10 14:39:37,493 - INFO - <module> : Clicked
2023-01-10 14:39:37,493 - INFO - <module> : Clicked
2023-01-10 14:39:37,493 - INFO - <module> : Clicked
2023-01-10 14:39:37,534 - INFO - <module> : Clicked
2023-01-10 14:39:37,534 - INFO - <module> : Clicked
2023-01-10 14:39:37,534 - INFO - <module> : Clicked
2023-01-10 14:39:37,534 - INFO - <module> : Clicked
2023-01-10 14:39:37,534 - INFO - <module> : Clicked
2023-01-10 14:39:37,627 - INFO - <module> : input: Sample Text
2023-01-10 14:39:37,627 - INFO - <module> : input: Sample Text
2023-01-10 14:39:37,627 - INFO - <module> : input: Sample Text
2023-01-10 14:39:37,627 - INFO - <module> : input: Sample Text
2023-01-10 14:39:37,627 - INFO - <module> : input: Sample Text
2023-01-10 14:39:37,714 - INFO - <module> : input: sample
2023-01-10 14:39:37,714 - INFO - <module> : input: sample
2023-01-10 14:39:37,714 - INFO - <module> : input: sample
2023-01-10 14:39:37,714 - INFO - <module> : input: sample
2023-01-10 14:39:37,714 - INFO - <module> : input: sample
2023-01-10 14:39:37,793 - INFO - <module> : input: middle
2023-01-10 14:39:37,793 - INFO - <module> : input: middle
2023-01-10 14:39:37,793 - INFO - <module> : input: middle
2023-01-10 14:39:37,793 - INFO - <module> : input: middle
2023-01-10 14:39:37,793 - INFO - <module> : input: middle
2023-01-10 14:39:37,862 - INFO - <module> : input: report
2023-01-10 14:39:37,862 - INFO - <module> : input: report
2023-01-10 14:39:37,862 - INFO - <module> : input: report
2023-01-10 14:39:37,862 - INFO - <module> : input: report
2023-01-10 14:39:37,862 - INFO - <module> : input: report
2023-01-10 14:39:37,956 - INFO - <module> : input: +639276597262
2023-01-10 14:39:37,956 - INFO - <module> : input: +639276597262
2023-01-10 14:39:37,956 - INFO - <module> : input: +639276597262
2023-01-10 14:39:37,956 - INFO - <module> : input: +639276597262
2023-01-10 14:39:37,956 - INFO - <module> : input: +639276597262
2023-01-10 14:39:38,026 - INFO - <module> : input: 
2023-01-10 14:39:38,026 - INFO - <module> : input: 
2023-01-10 14:39:38,026 - INFO - <module> : input: 
2023-01-10 14:39:38,026 - INFO - <module> : input: 
2023-01-10 14:39:38,026 - INFO - <module> : input: 
2023-01-10 14:39:38,128 - INFO - <module> : input: testautomationoutage@yopmail.com
2023-01-10 14:39:38,128 - INFO - <module> : input: testautomationoutage@yopmail.com
2023-01-10 14:39:38,128 - INFO - <module> : input: testautomationoutage@yopmail.com
2023-01-10 14:39:38,128 - INFO - <module> : input: testautomationoutage@yopmail.com
2023-01-10 14:39:38,128 - INFO - <module> : input: testautomationoutage@yopmail.com
2023-01-10 14:39:38,191 - INFO - <module> : Clicked
2023-01-10 14:39:38,191 - INFO - <module> : Clicked
2023-01-10 14:39:38,191 - INFO - <module> : Clicked
2023-01-10 14:39:38,191 - INFO - <module> : Clicked
2023-01-10 14:39:38,191 - INFO - <module> : Clicked
2023-01-10 14:39:38,277 - INFO - <module> : Clicked
2023-01-10 14:39:38,277 - INFO - <module> : Clicked
2023-01-10 14:39:38,277 - INFO - <module> : Clicked
2023-01-10 14:39:38,277 - INFO - <module> : Clicked
2023-01-10 14:39:38,277 - INFO - <module> : Clicked
2023-01-10 14:39:38,339 - INFO - <module> : Clicked
2023-01-10 14:39:38,339 - INFO - <module> : Clicked
2023-01-10 14:39:38,339 - INFO - <module> : Clicked
2023-01-10 14:39:38,339 - INFO - <module> : Clicked
2023-01-10 14:39:38,339 - INFO - <module> : Clicked
2023-01-10 14:39:40,447 - INFO - setup : Close Browser
