2022-10-21 12:42:37,596 - INFO - setup : Browser Launched!
2022-10-21 12:43:13,953 - INFO - <module> : Access outage reporting form for Guest users.
2022-10-21 12:43:13,953 - INFO - <module> : Access outage reporting form for Guest users.
2022-10-21 12:43:13,953 - INFO - <module> : Access outage reporting form for Guest users.
2022-10-21 12:43:13,953 - INFO - <module> : Access outage reporting form for Guest users.
2022-10-21 12:43:22,761 - INFO - <module> : Opened: https://fuat-meralco.cs73.force.com/customers/s/outagemap
2022-10-21 12:43:22,761 - INFO - <module> : Opened: https://fuat-meralco.cs73.force.com/customers/s/outagemap
2022-10-21 12:43:22,761 - INFO - <module> : Opened: https://fuat-meralco.cs73.force.com/customers/s/outagemap
2022-10-21 12:43:22,761 - INFO - <module> : Opened: https://fuat-meralco.cs73.force.com/customers/s/outagemap
2022-10-21 12:43:26,089 - INFO - <module> : Meralco would like to access your location to identify if your area is affected by an outage. exists
2022-10-21 12:43:26,089 - INFO - <module> : Meralco would like to access your location to identify if your area is affected by an outage. exists
2022-10-21 12:43:26,089 - INFO - <module> : Meralco would like to access your location to identify if your area is affected by an outage. exists
2022-10-21 12:43:26,089 - INFO - <module> : Meralco would like to access your location to identify if your area is affected by an outage. exists
2022-10-21 12:43:28,572 - INFO - <module> : Clicked
2022-10-21 12:43:28,572 - INFO - <module> : Clicked
2022-10-21 12:43:28,572 - INFO - <module> : Clicked
2022-10-21 12:43:28,572 - INFO - <module> : Clicked
2022-10-21 12:43:32,872 - INFO - <module> : Clicked
2022-10-21 12:43:32,872 - INFO - <module> : Clicked
2022-10-21 12:43:32,872 - INFO - <module> : Clicked
2022-10-21 12:43:32,872 - INFO - <module> : Clicked
2022-10-21 12:43:41,039 - INFO - <module> : Report an Outage or Incident exists
2022-10-21 12:43:41,039 - INFO - <module> : Report an Outage or Incident exists
2022-10-21 12:43:41,039 - INFO - <module> : Report an Outage or Incident exists
2022-10-21 12:43:41,039 - INFO - <module> : Report an Outage or Incident exists
2022-10-21 12:43:46,691 - INFO - <module> : Choose 'No Power - My house/building ' from the 'What are you reporting?' option.
2022-10-21 12:43:46,691 - INFO - <module> : Choose 'No Power - My house/building ' from the 'What are you reporting?' option.
2022-10-21 12:43:46,691 - INFO - <module> : Choose 'No Power - My house/building ' from the 'What are you reporting?' option.
2022-10-21 12:43:46,691 - INFO - <module> : Choose 'No Power - My house/building ' from the 'What are you reporting?' option.
2022-10-21 12:43:46,994 - INFO - <module> : Clicked
2022-10-21 12:43:46,994 - INFO - <module> : Clicked
2022-10-21 12:43:46,994 - INFO - <module> : Clicked
2022-10-21 12:43:46,994 - INFO - <module> : Clicked
2022-10-21 12:43:52,548 - INFO - <module> : Click the dropdown field for Q1.
2022-10-21 12:43:52,548 - INFO - <module> : Click the dropdown field for Q1.
2022-10-21 12:43:52,548 - INFO - <module> : Click the dropdown field for Q1.
2022-10-21 12:43:52,548 - INFO - <module> : Click the dropdown field for Q1.
2022-10-21 12:44:22,699 - ERROR - <module> : Cannot Locate: dropdown
2022-10-21 12:44:22,699 - ERROR - <module> : Cannot Locate: dropdown
2022-10-21 12:44:22,699 - ERROR - <module> : Cannot Locate: dropdown
2022-10-21 12:44:22,699 - ERROR - <module> : Cannot Locate: dropdown
2022-10-21 12:44:22,990 - INFO - setup : Close Browser
