2022-10-19 10:26:34,942 - INFO - setup : Browser Launched!
2022-10-19 10:26:47,097 - INFO - <module> : Login to Meralco Online
2022-10-19 10:26:47,097 - INFO - <module> : Login to Meralco Online
2022-10-19 10:26:47,097 - INFO - <module> : Login to Meralco Online
2022-10-19 10:26:47,097 - INFO - <module> : Login to Meralco Online
2022-10-19 10:26:47,405 - INFO - <module> : input: atmooutageaccount@yopmail.com
2022-10-19 10:26:47,405 - INFO - <module> : input: atmooutageaccount@yopmail.com
2022-10-19 10:26:47,405 - INFO - <module> : input: atmooutageaccount@yopmail.com
2022-10-19 10:26:47,405 - INFO - <module> : input: atmooutageaccount@yopmail.com
2022-10-19 10:26:47,516 - INFO - <module> : input: Meralco01
2022-10-19 10:26:47,516 - INFO - <module> : input: Meralco01
2022-10-19 10:26:47,516 - INFO - <module> : input: Meralco01
2022-10-19 10:26:47,516 - INFO - <module> : input: Meralco01
2022-10-19 10:26:47,597 - INFO - <module> : Clicked
2022-10-19 10:26:47,597 - INFO - <module> : Clicked
2022-10-19 10:26:47,597 - INFO - <module> : Clicked
2022-10-19 10:26:47,597 - INFO - <module> : Clicked
2022-10-19 10:26:52,796 - INFO - <module> : Hello, exists
2022-10-19 10:26:52,796 - INFO - <module> : Hello, exists
2022-10-19 10:26:52,796 - INFO - <module> : Hello, exists
2022-10-19 10:26:52,796 - INFO - <module> : Hello, exists
2022-10-19 10:26:52,821 - INFO - <module> : Hello, exists
2022-10-19 10:26:52,821 - INFO - <module> : Hello, exists
2022-10-19 10:26:52,821 - INFO - <module> : Hello, exists
2022-10-19 10:26:52,821 - INFO - <module> : Hello, exists
2022-10-19 10:26:55,710 - INFO - <module> : Go to Outages & Incidents > View/Report Outages
2022-10-19 10:26:55,710 - INFO - <module> : Go to Outages & Incidents > View/Report Outages
2022-10-19 10:26:55,710 - INFO - <module> : Go to Outages & Incidents > View/Report Outages
2022-10-19 10:26:55,710 - INFO - <module> : Go to Outages & Incidents > View/Report Outages
2022-10-19 10:26:55,794 - INFO - <module> : Clicked
2022-10-19 10:26:55,794 - INFO - <module> : Clicked
2022-10-19 10:26:55,794 - INFO - <module> : Clicked
2022-10-19 10:26:55,794 - INFO - <module> : Clicked
2022-10-19 10:26:55,851 - INFO - <module> :  clicked
2022-10-19 10:26:55,851 - INFO - <module> :  clicked
2022-10-19 10:26:55,851 - INFO - <module> :  clicked
2022-10-19 10:26:55,851 - INFO - <module> :  clicked
2022-10-19 10:27:05,689 - INFO - <module> : Okay clicked
2022-10-19 10:27:05,689 - INFO - <module> : Okay clicked
2022-10-19 10:27:05,689 - INFO - <module> : Okay clicked
2022-10-19 10:27:05,689 - INFO - <module> : Okay clicked
2022-10-19 10:27:08,781 - INFO - <module> : Click on Map Views button > Click Meralco Business Center under Map Layers
2022-10-19 10:27:08,781 - INFO - <module> : Click on Map Views button > Click Meralco Business Center under Map Layers
2022-10-19 10:27:08,781 - INFO - <module> : Click on Map Views button > Click Meralco Business Center under Map Layers
2022-10-19 10:27:08,781 - INFO - <module> : Click on Map Views button > Click Meralco Business Center under Map Layers
2022-10-19 10:27:08,905 - INFO - <module> : Clicked
2022-10-19 10:27:08,905 - INFO - <module> : Clicked
2022-10-19 10:27:08,905 - INFO - <module> : Clicked
2022-10-19 10:27:08,905 - INFO - <module> : Clicked
2022-10-19 10:27:41,309 - ERROR - <module> : Cannot Locate: meralcoicon
2022-10-19 10:27:41,309 - ERROR - <module> : Cannot Locate: meralcoicon
2022-10-19 10:27:41,309 - ERROR - <module> : Cannot Locate: meralcoicon
2022-10-19 10:27:41,309 - ERROR - <module> : Cannot Locate: meralcoicon
2022-10-19 10:27:41,357 - INFO - setup : Close Browser
