2022-10-26 15:54:19,822 - INFO - setup : Browser Launched!
2022-10-26 15:54:27,729 - INFO - <module> : Click on burger menu > Search Locations > Select Service ID No. > Search SIN
2022-10-26 15:54:27,729 - INFO - <module> : Click on burger menu > Search Locations > Select Service ID No. > Search SIN
2022-10-26 15:54:27,729 - INFO - <module> : Click on burger menu > Search Locations > Select Service ID No. > Search SIN
2022-10-26 15:54:27,729 - INFO - <module> : Click on burger menu > Search Locations > Select Service ID No. > Search SIN
2022-10-26 15:54:29,194 - INFO - <module> : Opened: https://outage-api.meralco.com.ph/
2022-10-26 15:54:29,194 - INFO - <module> : Opened: https://outage-api.meralco.com.ph/
2022-10-26 15:54:29,194 - INFO - <module> : Opened: https://outage-api.meralco.com.ph/
2022-10-26 15:54:29,194 - INFO - <module> : Opened: https://outage-api.meralco.com.ph/
2022-10-26 15:54:29,904 - INFO - <module> : input: v-lvlgalvez@meralco.com.ph
2022-10-26 15:54:29,904 - INFO - <module> : input: v-lvlgalvez@meralco.com.ph
2022-10-26 15:54:29,904 - INFO - <module> : input: v-lvlgalvez@meralco.com.ph
2022-10-26 15:54:29,904 - INFO - <module> : input: v-lvlgalvez@meralco.com.ph
2022-10-26 15:54:29,981 - INFO - <module> : Clicked
2022-10-26 15:54:29,981 - INFO - <module> : Clicked
2022-10-26 15:54:29,981 - INFO - <module> : Clicked
2022-10-26 15:54:29,981 - INFO - <module> : Clicked
2022-10-26 15:54:31,096 - INFO - <module> : input: Mecopass@@!!129
2022-10-26 15:54:31,096 - INFO - <module> : input: Mecopass@@!!129
2022-10-26 15:54:31,096 - INFO - <module> : input: Mecopass@@!!129
2022-10-26 15:54:31,096 - INFO - <module> : input: Mecopass@@!!129
2022-10-26 15:54:31,552 - INFO - <module> : Clicked
2022-10-26 15:54:31,552 - INFO - <module> : Clicked
2022-10-26 15:54:31,552 - INFO - <module> : Clicked
2022-10-26 15:54:31,552 - INFO - <module> : Clicked
2022-10-26 15:54:32,149 - INFO - <module> : Clicked
2022-10-26 15:54:32,149 - INFO - <module> : Clicked
2022-10-26 15:54:32,149 - INFO - <module> : Clicked
2022-10-26 15:54:32,149 - INFO - <module> : Clicked
2022-10-26 15:55:00,992 - INFO - <module> : Clicked
2022-10-26 15:55:00,992 - INFO - <module> : Clicked
2022-10-26 15:55:00,992 - INFO - <module> : Clicked
2022-10-26 15:55:00,992 - INFO - <module> : Clicked
2022-10-26 15:55:06,647 - INFO - <module> :  clicked
2022-10-26 15:55:06,647 - INFO - <module> :  clicked
2022-10-26 15:55:06,647 - INFO - <module> :  clicked
2022-10-26 15:55:06,647 - INFO - <module> :  clicked
2022-10-26 15:55:06,722 - INFO - <module> : Search Locations clicked
2022-10-26 15:55:06,722 - INFO - <module> : Search Locations clicked
2022-10-26 15:55:06,722 - INFO - <module> : Search Locations clicked
2022-10-26 15:55:06,722 - INFO - <module> : Search Locations clicked
2022-10-26 15:55:06,865 - INFO - <module> : Service ID No.
arrow_drop_down clicked
2022-10-26 15:55:06,865 - INFO - <module> : Service ID No.
arrow_drop_down clicked
2022-10-26 15:55:06,865 - INFO - <module> : Service ID No.
arrow_drop_down clicked
2022-10-26 15:55:06,865 - INFO - <module> : Service ID No.
arrow_drop_down clicked
2022-10-26 15:55:06,915 - INFO - <module> : Service ID No. clicked
2022-10-26 15:55:06,915 - INFO - <module> : Service ID No. clicked
2022-10-26 15:55:06,915 - INFO - <module> : Service ID No. clicked
2022-10-26 15:55:06,915 - INFO - <module> : Service ID No. clicked
2022-10-26 15:55:07,037 - INFO - <module> : input: 200102850101
2022-10-26 15:55:07,037 - INFO - <module> : input: 200102850101
2022-10-26 15:55:07,037 - INFO - <module> : input: 200102850101
2022-10-26 15:55:07,037 - INFO - <module> : input: 200102850101
2022-10-26 15:55:07,118 - INFO - <module> : Enter: 
2022-10-26 15:55:07,118 - INFO - <module> : Enter: 
2022-10-26 15:55:07,118 - INFO - <module> : Enter: 
2022-10-26 15:55:07,118 - INFO - <module> : Enter: 
2022-10-26 15:55:19,499 - INFO - setup : Close Browser
