2022-12-21 15:19:16,315 - INFO - setup : Browser Launched!
2022-12-21 15:19:31,668 - INFO - <module> : Go to Meralco Mobile App > Login using account with expired password
2022-12-21 15:19:31,668 - INFO - <module> : Go to Meralco Mobile App > Login using account with expired password
2022-12-21 15:19:31,668 - INFO - <module> : Go to Meralco Mobile App > Login using account with expired password
2022-12-21 15:19:31,668 - INFO - <module> : Go to Meralco Mobile App > Login using account with expired password
2022-12-21 15:19:34,430 - INFO - <module> : Opened: https://fuat-meralco.cs73.force.com/customers/s/cxe-apply
2022-12-21 15:19:34,430 - INFO - <module> : Opened: https://fuat-meralco.cs73.force.com/customers/s/cxe-apply
2022-12-21 15:19:34,430 - INFO - <module> : Opened: https://fuat-meralco.cs73.force.com/customers/s/cxe-apply
2022-12-21 15:19:34,430 - INFO - <module> : Opened: https://fuat-meralco.cs73.force.com/customers/s/cxe-apply
2022-12-21 15:19:36,546 - INFO - <module> : Service Application exists
2022-12-21 15:19:36,546 - INFO - <module> : Service Application exists
2022-12-21 15:19:36,546 - INFO - <module> : Service Application exists
2022-12-21 15:19:36,546 - INFO - <module> : Service Application exists
2022-12-21 15:19:42,303 - INFO - <module> : Update Password
2022-12-21 15:19:42,303 - INFO - <module> : Update Password
2022-12-21 15:19:42,303 - INFO - <module> : Update Password
2022-12-21 15:19:42,303 - INFO - <module> : Update Password
2022-12-21 15:19:42,556 - INFO - <module> : Clicked
2022-12-21 15:19:42,556 - INFO - <module> : Clicked
2022-12-21 15:19:42,556 - INFO - <module> : Clicked
2022-12-21 15:19:42,556 - INFO - <module> : Clicked
2022-12-21 15:19:42,672 - INFO - <module> : Start Service exists
2022-12-21 15:19:42,672 - INFO - <module> : Start Service exists
2022-12-21 15:19:42,672 - INFO - <module> : Start Service exists
2022-12-21 15:19:42,672 - INFO - <module> : Start Service exists
2022-12-21 15:19:42,813 - INFO - <module> : Modify Service exists
2022-12-21 15:19:42,813 - INFO - <module> : Modify Service exists
2022-12-21 15:19:42,813 - INFO - <module> : Modify Service exists
2022-12-21 15:19:42,813 - INFO - <module> : Modify Service exists
2022-12-21 15:19:42,926 - INFO - <module> : Reactivate Service exists
2022-12-21 15:19:42,926 - INFO - <module> : Reactivate Service exists
2022-12-21 15:19:42,926 - INFO - <module> : Reactivate Service exists
2022-12-21 15:19:42,926 - INFO - <module> : Reactivate Service exists
2022-12-21 15:19:43,047 - INFO - <module> : Stop Service exists
2022-12-21 15:19:43,047 - INFO - <module> : Stop Service exists
2022-12-21 15:19:43,047 - INFO - <module> : Stop Service exists
2022-12-21 15:19:43,047 - INFO - <module> : Stop Service exists
2022-12-21 15:19:48,718 - INFO - <module> : Login using new password
2022-12-21 15:19:48,718 - INFO - <module> : Login using new password
2022-12-21 15:19:48,718 - INFO - <module> : Login using new password
2022-12-21 15:19:48,718 - INFO - <module> : Login using new password
2022-12-21 15:19:50,293 - INFO - <module> : Clicked
2022-12-21 15:19:50,293 - INFO - <module> : Clicked
2022-12-21 15:19:50,293 - INFO - <module> : Clicked
2022-12-21 15:19:50,293 - INFO - <module> : Clicked
2022-12-21 15:19:50,437 - INFO - <module> : Requests exists
2022-12-21 15:19:50,437 - INFO - <module> : Requests exists
2022-12-21 15:19:50,437 - INFO - <module> : Requests exists
2022-12-21 15:19:50,437 - INFO - <module> : Requests exists
2022-12-21 15:19:53,085 - INFO - setup : Close Browser
