2022-11-18 15:49:29,744 - INFO - setup : Browser Launched!
2022-11-18 15:49:38,909 - INFO - <module> : Opened: https://outage-api.meralco.com.ph/
2022-11-18 15:49:38,909 - INFO - <module> : Opened: https://outage-api.meralco.com.ph/
2022-11-18 15:49:38,909 - INFO - <module> : Opened: https://outage-api.meralco.com.ph/
2022-11-18 15:49:38,909 - INFO - <module> : Opened: https://outage-api.meralco.com.ph/
2022-11-18 15:49:41,900 - INFO - <module> : input: v-agsealmoy@meralco.com.ph
2022-11-18 15:49:41,900 - INFO - <module> : input: v-agsealmoy@meralco.com.ph
2022-11-18 15:49:41,900 - INFO - <module> : input: v-agsealmoy@meralco.com.ph
2022-11-18 15:49:41,900 - INFO - <module> : input: v-agsealmoy@meralco.com.ph
2022-11-18 15:49:41,986 - INFO - <module> : Clicked
2022-11-18 15:49:41,986 - INFO - <module> : Clicked
2022-11-18 15:49:41,986 - INFO - <module> : Clicked
2022-11-18 15:49:41,986 - INFO - <module> : Clicked
2022-11-18 15:49:43,631 - INFO - <module> : input: Meco@@##00018
2022-11-18 15:49:43,631 - INFO - <module> : input: Meco@@##00018
2022-11-18 15:49:43,631 - INFO - <module> : input: Meco@@##00018
2022-11-18 15:49:43,631 - INFO - <module> : input: Meco@@##00018
2022-11-18 15:49:44,102 - INFO - <module> : Clicked
2022-11-18 15:49:44,102 - INFO - <module> : Clicked
2022-11-18 15:49:44,102 - INFO - <module> : Clicked
2022-11-18 15:49:44,102 - INFO - <module> : Clicked
2022-11-18 15:49:44,753 - INFO - <module> : Clicked
2022-11-18 15:49:44,753 - INFO - <module> : Clicked
2022-11-18 15:49:44,753 - INFO - <module> : Clicked
2022-11-18 15:49:44,753 - INFO - <module> : Clicked
2022-11-18 15:50:13,832 - INFO - <module> : Clicked
2022-11-18 15:50:13,832 - INFO - <module> : Clicked
2022-11-18 15:50:13,832 - INFO - <module> : Clicked
2022-11-18 15:50:13,832 - INFO - <module> : Clicked
2022-11-18 15:50:47,580 - INFO - <module> : Zoom in using scroll wheel
2022-11-18 15:50:47,580 - INFO - <module> : Zoom in using scroll wheel
2022-11-18 15:50:47,580 - INFO - <module> : Zoom in using scroll wheel
2022-11-18 15:50:47,580 - INFO - <module> : Zoom in using scroll wheel
2022-11-18 15:50:55,203 - INFO - setup : Close Browser
