2023-01-12 10:41:49,911 - INFO - setup : Browser Launched!
2023-01-12 10:42:05,404 - INFO - <module> : Go to https://fuat-meralco.cs73.force.com/customers/s/contact
2023-01-12 10:42:05,404 - INFO - <module> : Go to https://fuat-meralco.cs73.force.com/customers/s/contact
2023-01-12 10:42:05,404 - INFO - <module> : Go to https://fuat-meralco.cs73.force.com/customers/s/contact
2023-01-12 10:42:05,404 - INFO - <module> : Go to https://fuat-meralco.cs73.force.com/customers/s/contact
2023-01-12 10:42:05,529 - INFO - <module> : input: ATNewSAMObiz@yopmail.com
2023-01-12 10:42:05,529 - INFO - <module> : input: ATNewSAMObiz@yopmail.com
2023-01-12 10:42:05,529 - INFO - <module> : input: ATNewSAMObiz@yopmail.com
2023-01-12 10:42:05,529 - INFO - <module> : input: ATNewSAMObiz@yopmail.com
2023-01-12 10:42:05,602 - INFO - <module> : input: Meralco004
2023-01-12 10:42:05,602 - INFO - <module> : input: Meralco004
2023-01-12 10:42:05,602 - INFO - <module> : input: Meralco004
2023-01-12 10:42:05,602 - INFO - <module> : input: Meralco004
2023-01-12 10:42:05,659 - INFO - <module> : Clicked
2023-01-12 10:42:05,659 - INFO - <module> : Clicked
2023-01-12 10:42:05,659 - INFO - <module> : Clicked
2023-01-12 10:42:05,659 - INFO - <module> : Clicked
2023-01-12 10:42:09,968 - INFO - <module> : Hello, exists
2023-01-12 10:42:09,968 - INFO - <module> : Hello, exists
2023-01-12 10:42:09,968 - INFO - <module> : Hello, exists
2023-01-12 10:42:09,968 - INFO - <module> : Hello, exists
2023-01-12 10:42:22,882 - INFO - <module> : Click on page indicated in scenario
2023-01-12 10:42:22,882 - INFO - <module> : Click on page indicated in scenario
2023-01-12 10:42:22,882 - INFO - <module> : Click on page indicated in scenario
2023-01-12 10:42:22,882 - INFO - <module> : Click on page indicated in scenario
2023-01-12 10:42:22,953 - INFO - <module> : Accounts clicked
2023-01-12 10:42:22,953 - INFO - <module> : Accounts clicked
2023-01-12 10:42:22,953 - INFO - <module> : Accounts clicked
2023-01-12 10:42:22,953 - INFO - <module> : Accounts clicked
2023-01-12 10:42:22,998 - INFO - <module> :  clicked
2023-01-12 10:42:22,998 - INFO - <module> :  clicked
2023-01-12 10:42:22,998 - INFO - <module> :  clicked
2023-01-12 10:42:22,998 - INFO - <module> :  clicked
2023-01-12 10:42:34,000 - INFO - <module> : Clicked
2023-01-12 10:42:34,000 - INFO - <module> : Clicked
2023-01-12 10:42:34,000 - INFO - <module> : Clicked
2023-01-12 10:42:34,000 - INFO - <module> : Clicked
2023-01-12 10:42:41,635 - INFO - <module> : Clicked
2023-01-12 10:42:41,635 - INFO - <module> : Clicked
2023-01-12 10:42:41,635 - INFO - <module> : Clicked
2023-01-12 10:42:41,635 - INFO - <module> : Clicked
2023-01-12 10:43:17,823 - ERROR - <module> : Cannot Locate: change_contract_name
2023-01-12 10:43:17,823 - ERROR - <module> : Cannot Locate: change_contract_name
2023-01-12 10:43:17,823 - ERROR - <module> : Cannot Locate: change_contract_name
2023-01-12 10:43:17,823 - ERROR - <module> : Cannot Locate: change_contract_name
2023-01-12 10:43:17,997 - INFO - setup : Close Browser
