2022-11-23 14:14:47,037 - INFO - setup : Browser Launched!
2022-11-23 14:14:54,888 - INFO - <module> : Go to https://fuat-meralco.cs73.force.com/customers/s/cxe-apply
2022-11-23 14:14:54,888 - INFO - <module> : Go to https://fuat-meralco.cs73.force.com/customers/s/cxe-apply
2022-11-23 14:14:54,888 - INFO - <module> : Go to https://fuat-meralco.cs73.force.com/customers/s/cxe-apply
2022-11-23 14:14:56,138 - INFO - <module> : Opened: https://fuat-meralco.cs73.force.com/customers/s/cxe-apply
2022-11-23 14:14:56,138 - INFO - <module> : Opened: https://fuat-meralco.cs73.force.com/customers/s/cxe-apply
2022-11-23 14:14:56,138 - INFO - <module> : Opened: https://fuat-meralco.cs73.force.com/customers/s/cxe-apply
2022-11-23 14:14:56,391 - INFO - <module> : Service Application exists
2022-11-23 14:14:56,391 - INFO - <module> : Service Application exists
2022-11-23 14:14:56,391 - INFO - <module> : Service Application exists
2022-11-23 14:14:59,286 - INFO - <module> : Click on Individual
2022-11-23 14:14:59,286 - INFO - <module> : Click on Individual
2022-11-23 14:14:59,286 - INFO - <module> : Click on Individual
2022-11-23 14:14:59,370 - INFO - <module> : Clicked
2022-11-23 14:14:59,370 - INFO - <module> : Clicked
2022-11-23 14:14:59,370 - INFO - <module> : Clicked
2022-11-23 14:14:59,430 - INFO - <module> : Start Service exists
2022-11-23 14:14:59,430 - INFO - <module> : Start Service exists
2022-11-23 14:14:59,430 - INFO - <module> : Start Service exists
2022-11-23 14:14:59,497 - INFO - <module> : Modify Service exists
2022-11-23 14:14:59,497 - INFO - <module> : Modify Service exists
2022-11-23 14:14:59,497 - INFO - <module> : Modify Service exists
2022-11-23 14:14:59,540 - INFO - <module> : Reactivate Service exists
2022-11-23 14:14:59,540 - INFO - <module> : Reactivate Service exists
2022-11-23 14:14:59,540 - INFO - <module> : Reactivate Service exists
2022-11-23 14:14:59,588 - INFO - <module> : Stop Service exists
2022-11-23 14:14:59,588 - INFO - <module> : Stop Service exists
2022-11-23 14:14:59,588 - INFO - <module> : Stop Service exists
2022-11-23 14:15:02,532 - INFO - <module> : Select Stop Electric Service
2022-11-23 14:15:02,532 - INFO - <module> : Select Stop Electric Service
2022-11-23 14:15:02,532 - INFO - <module> : Select Stop Electric Service
2022-11-23 14:15:03,074 - INFO - <module> : Clicked
2022-11-23 14:15:03,074 - INFO - <module> : Clicked
2022-11-23 14:15:03,074 - INFO - <module> : Clicked
2022-11-23 14:15:03,200 - INFO - <module> : Stop Service exists
2022-11-23 14:15:03,200 - INFO - <module> : Stop Service exists
2022-11-23 14:15:03,200 - INFO - <module> : Stop Service exists
2022-11-23 14:15:06,019 - INFO - <module> : Validate if CAN field is visible and enabled
2022-11-23 14:15:06,019 - INFO - <module> : Validate if CAN field is visible and enabled
2022-11-23 14:15:06,019 - INFO - <module> : Validate if CAN field is visible and enabled
2022-11-23 14:15:06,076 - INFO - <module> :  exists
2022-11-23 14:15:06,076 - INFO - <module> :  exists
2022-11-23 14:15:06,076 - INFO - <module> :  exists
2022-11-23 14:15:08,873 - INFO - <module> : Populate CAN field
2022-11-23 14:15:08,873 - INFO - <module> : Populate CAN field
2022-11-23 14:15:08,873 - INFO - <module> : Populate CAN field
2022-11-23 14:15:09,005 - INFO - <module> : input: 1890802138
2022-11-23 14:15:09,005 - INFO - <module> : input: 1890802138
2022-11-23 14:15:09,005 - INFO - <module> : input: 1890802138
2022-11-23 14:15:11,738 - INFO - <module> : Populate the following:
2022-11-23 14:15:11,738 - INFO - <module> : Populate the following:
2022-11-23 14:15:11,738 - INFO - <module> : Populate the following:
2022-11-23 14:15:11,843 - INFO - <module> : input: atFirstname
2022-11-23 14:15:11,843 - INFO - <module> : input: atFirstname
2022-11-23 14:15:11,843 - INFO - <module> : input: atFirstname
2022-11-23 14:15:11,931 - INFO - <module> : input: atLastname
2022-11-23 14:15:11,931 - INFO - <module> : input: atLastname
2022-11-23 14:15:11,931 - INFO - <module> : input: atLastname
2022-11-23 14:15:12,000 - INFO - <module> : input: automationteam@gmail.com
2022-11-23 14:15:12,000 - INFO - <module> : input: automationteam@gmail.com
2022-11-23 14:15:12,000 - INFO - <module> : input: automationteam@gmail.com
2022-11-23 14:15:12,065 - INFO - <module> : input: +639234567891
2022-11-23 14:15:12,065 - INFO - <module> : input: +639234567891
2022-11-23 14:15:12,065 - INFO - <module> : input: +639234567891
2022-11-23 14:15:14,453 - INFO - <module> : Clicked
2022-11-23 14:15:14,453 - INFO - <module> : Clicked
2022-11-23 14:15:14,453 - INFO - <module> : Clicked
2022-11-23 14:15:14,523 - INFO - <module> : TERMS AND CONDITIONS
(FOR THE ACCESS AND USE OF MERALCO WEBSITE, MERALCO ONLINE, MERALCO MOBILE APPLICATION AND SUBSCRIBERS TO MERALCO NOTIFICATIONS) exists
2022-11-23 14:15:14,523 - INFO - <module> : TERMS AND CONDITIONS
(FOR THE ACCESS AND USE OF MERALCO WEBSITE, MERALCO ONLINE, MERALCO MOBILE APPLICATION AND SUBSCRIBERS TO MERALCO NOTIFICATIONS) exists
2022-11-23 14:15:14,523 - INFO - <module> : TERMS AND CONDITIONS
(FOR THE ACCESS AND USE OF MERALCO WEBSITE, MERALCO ONLINE, MERALCO MOBILE APPLICATION AND SUBSCRIBERS TO MERALCO NOTIFICATIONS) exists
2022-11-23 14:15:17,310 - INFO - <module> : Tick on I have read and agree to the Meralco Online Terms & Conditions and consent to the processing of my personal data in accordance with the Privacy Policy
2022-11-23 14:15:17,310 - INFO - <module> : Tick on I have read and agree to the Meralco Online Terms & Conditions and consent to the processing of my personal data in accordance with the Privacy Policy
2022-11-23 14:15:17,310 - INFO - <module> : Tick on I have read and agree to the Meralco Online Terms & Conditions and consent to the processing of my personal data in accordance with the Privacy Policy
2022-11-23 14:15:17,409 - INFO - <module> : Clicked
2022-11-23 14:15:17,409 - INFO - <module> : Clicked
2022-11-23 14:15:17,409 - INFO - <module> : Clicked
2022-11-23 14:15:19,726 - INFO - <module> : TERMS AND CONDITIONS
(FOR THE ACCESS AND USE OF MERALCO WEBSITE, MERALCO ONLINE, MERALCO MOBILE APPLICATION AND SUBSCRIBERS TO MERALCO NOTIFICATIONS) exists
2022-11-23 14:15:19,726 - INFO - <module> : TERMS AND CONDITIONS
(FOR THE ACCESS AND USE OF MERALCO WEBSITE, MERALCO ONLINE, MERALCO MOBILE APPLICATION AND SUBSCRIBERS TO MERALCO NOTIFICATIONS) exists
2022-11-23 14:15:19,726 - INFO - <module> : TERMS AND CONDITIONS
(FOR THE ACCESS AND USE OF MERALCO WEBSITE, MERALCO ONLINE, MERALCO MOBILE APPLICATION AND SUBSCRIBERS TO MERALCO NOTIFICATIONS) exists
2022-11-23 14:15:22,564 - INFO - <module> : Clicked
2022-11-23 14:15:22,564 - INFO - <module> : Clicked
2022-11-23 14:15:22,564 - INFO - <module> : Clicked
2022-11-23 14:16:08,138 - INFO - setup : Close Browser
