2022-10-18 13:21:20,937 - INFO - setup : Browser Launched!
2022-10-18 13:21:30,114 - INFO - <module> : Go to https://fuat-meralco.cs73.force.com/customers/s/outagemap
2022-10-18 13:21:30,114 - INFO - <module> : Go to https://fuat-meralco.cs73.force.com/customers/s/outagemap
2022-10-18 13:21:30,114 - INFO - <module> : Go to https://fuat-meralco.cs73.force.com/customers/s/outagemap
2022-10-18 13:21:30,114 - INFO - <module> : Go to https://fuat-meralco.cs73.force.com/customers/s/outagemap
2022-10-18 13:21:34,152 - INFO - <module> : Opened: https://fuat-meralco.cs73.force.com/customers/s/outagemap
2022-10-18 13:21:34,152 - INFO - <module> : Opened: https://fuat-meralco.cs73.force.com/customers/s/outagemap
2022-10-18 13:21:34,152 - INFO - <module> : Opened: https://fuat-meralco.cs73.force.com/customers/s/outagemap
2022-10-18 13:21:34,152 - INFO - <module> : Opened: https://fuat-meralco.cs73.force.com/customers/s/outagemap
2022-10-18 13:21:37,645 - INFO - <module> : On the left side, hover on tooltip beside Other Address
2022-10-18 13:21:37,645 - INFO - <module> : On the left side, hover on tooltip beside Other Address
2022-10-18 13:21:37,645 - INFO - <module> : On the left side, hover on tooltip beside Other Address
2022-10-18 13:21:37,645 - INFO - <module> : On the left side, hover on tooltip beside Other Address
2022-10-18 13:21:40,726 - INFO - <module> : Meralco would like to access your location to identify if your area is affected by an outage. exists
2022-10-18 13:21:40,726 - INFO - <module> : Meralco would like to access your location to identify if your area is affected by an outage. exists
2022-10-18 13:21:40,726 - INFO - <module> : Meralco would like to access your location to identify if your area is affected by an outage. exists
2022-10-18 13:21:40,726 - INFO - <module> : Meralco would like to access your location to identify if your area is affected by an outage. exists
2022-10-18 13:21:40,837 - INFO - <module> : Clicked
2022-10-18 13:21:40,837 - INFO - <module> : Clicked
2022-10-18 13:21:40,837 - INFO - <module> : Clicked
2022-10-18 13:21:40,837 - INFO - <module> : Clicked
2022-10-18 13:21:47,902 - INFO - setup : Close Browser
