2023-01-11 10:33:35,830 - INFO - setup : Browser Launched!
2023-01-11 10:34:50,997 - INFO - <module> : Go to Outages & Incidents > Report Streetlight And Safety Concerns
2023-01-11 10:34:50,997 - INFO - <module> : Go to Outages & Incidents > Report Streetlight And Safety Concerns
2023-01-11 10:34:50,997 - INFO - <module> : Go to Outages & Incidents > Report Streetlight And Safety Concerns
2023-01-11 10:34:50,997 - INFO - <module> : Go to Outages & Incidents > Report Streetlight And Safety Concerns
2023-01-11 10:34:50,997 - INFO - <module> : Go to Outages & Incidents > Report Streetlight And Safety Concerns
2023-01-11 10:35:51,142 - INFO - <module> : Opened: https://fuat-meralco.cs73.force.com/customers/s/outagemap
2023-01-11 10:35:51,142 - INFO - <module> : Opened: https://fuat-meralco.cs73.force.com/customers/s/outagemap
2023-01-11 10:35:51,142 - INFO - <module> : Opened: https://fuat-meralco.cs73.force.com/customers/s/outagemap
2023-01-11 10:35:51,142 - INFO - <module> : Opened: https://fuat-meralco.cs73.force.com/customers/s/outagemap
2023-01-11 10:35:51,142 - INFO - <module> : Opened: https://fuat-meralco.cs73.force.com/customers/s/outagemap
2023-01-11 10:35:51,698 - INFO - <module> : Meralco would like to access your location to identify if your area is affected by an outage. exists
2023-01-11 10:35:51,698 - INFO - <module> : Meralco would like to access your location to identify if your area is affected by an outage. exists
2023-01-11 10:35:51,698 - INFO - <module> : Meralco would like to access your location to identify if your area is affected by an outage. exists
2023-01-11 10:35:51,698 - INFO - <module> : Meralco would like to access your location to identify if your area is affected by an outage. exists
2023-01-11 10:35:51,698 - INFO - <module> : Meralco would like to access your location to identify if your area is affected by an outage. exists
2023-01-11 10:35:53,844 - INFO - <module> : Clicked
2023-01-11 10:35:53,844 - INFO - <module> : Clicked
2023-01-11 10:35:53,844 - INFO - <module> : Clicked
2023-01-11 10:35:53,844 - INFO - <module> : Clicked
2023-01-11 10:35:53,844 - INFO - <module> : Clicked
2023-01-11 10:35:57,966 - INFO - <module> : Clicked
2023-01-11 10:35:57,966 - INFO - <module> : Clicked
2023-01-11 10:35:57,966 - INFO - <module> : Clicked
2023-01-11 10:35:57,966 - INFO - <module> : Clicked
2023-01-11 10:35:57,966 - INFO - <module> : Clicked
2023-01-11 10:36:36,358 - ERROR - <module> : Cannot Locate: report_outage_text
2023-01-11 10:36:36,358 - ERROR - <module> : Cannot Locate: report_outage_text
2023-01-11 10:36:36,358 - ERROR - <module> : Cannot Locate: report_outage_text
2023-01-11 10:36:36,358 - ERROR - <module> : Cannot Locate: report_outage_text
2023-01-11 10:36:36,358 - ERROR - <module> : Cannot Locate: report_outage_text
2023-01-11 10:36:36,440 - INFO - setup : Close Browser
