2022-10-27 13:05:10,938 - INFO - setup : Browser Launched!
2022-10-27 13:05:18,446 - INFO - <module> : Go to Map Displays -> Establishment -> Tick Sector Offices
2022-10-27 13:05:18,446 - INFO - <module> : Go to Map Displays -> Establishment -> Tick Sector Offices
2022-10-27 13:05:18,446 - INFO - <module> : Go to Map Displays -> Establishment -> Tick Sector Offices
2022-10-27 13:05:18,446 - INFO - <module> : Go to Map Displays -> Establishment -> Tick Sector Offices
2022-10-27 13:05:21,080 - INFO - <module> : Opened: https://outage-api.meralco.com.ph/
2022-10-27 13:05:21,080 - INFO - <module> : Opened: https://outage-api.meralco.com.ph/
2022-10-27 13:05:21,080 - INFO - <module> : Opened: https://outage-api.meralco.com.ph/
2022-10-27 13:05:21,080 - INFO - <module> : Opened: https://outage-api.meralco.com.ph/
2022-10-27 13:05:22,798 - INFO - <module> : input: v-lvlgalvez@meralco.com.ph
2022-10-27 13:05:22,798 - INFO - <module> : input: v-lvlgalvez@meralco.com.ph
2022-10-27 13:05:22,798 - INFO - <module> : input: v-lvlgalvez@meralco.com.ph
2022-10-27 13:05:22,798 - INFO - <module> : input: v-lvlgalvez@meralco.com.ph
2022-10-27 13:05:22,855 - INFO - <module> : Clicked
2022-10-27 13:05:22,855 - INFO - <module> : Clicked
2022-10-27 13:05:22,855 - INFO - <module> : Clicked
2022-10-27 13:05:22,855 - INFO - <module> : Clicked
2022-10-27 13:05:23,953 - INFO - <module> : input: Mecopass@@!!129
2022-10-27 13:05:23,953 - INFO - <module> : input: Mecopass@@!!129
2022-10-27 13:05:23,953 - INFO - <module> : input: Mecopass@@!!129
2022-10-27 13:05:23,953 - INFO - <module> : input: Mecopass@@!!129
2022-10-27 13:05:24,543 - INFO - <module> : Clicked
2022-10-27 13:05:24,543 - INFO - <module> : Clicked
2022-10-27 13:05:24,543 - INFO - <module> : Clicked
2022-10-27 13:05:24,543 - INFO - <module> : Clicked
2022-10-27 13:05:25,140 - INFO - <module> : Clicked
2022-10-27 13:05:25,140 - INFO - <module> : Clicked
2022-10-27 13:05:25,140 - INFO - <module> : Clicked
2022-10-27 13:05:25,140 - INFO - <module> : Clicked
2022-10-27 13:05:54,401 - INFO - <module> : Clicked
2022-10-27 13:05:54,401 - INFO - <module> : Clicked
2022-10-27 13:05:54,401 - INFO - <module> : Clicked
2022-10-27 13:05:54,401 - INFO - <module> : Clicked
2022-10-27 13:05:58,481 - INFO - <module> :  clicked
2022-10-27 13:05:58,481 - INFO - <module> :  clicked
2022-10-27 13:05:58,481 - INFO - <module> :  clicked
2022-10-27 13:05:58,481 - INFO - <module> :  clicked
2022-10-27 13:05:58,560 - INFO - <module> : Map Displays clicked
2022-10-27 13:05:58,560 - INFO - <module> : Map Displays clicked
2022-10-27 13:05:58,560 - INFO - <module> : Map Displays clicked
2022-10-27 13:05:58,560 - INFO - <module> : Map Displays clicked
2022-10-27 13:05:59,150 - INFO - <module> :  clicked
2022-10-27 13:05:59,150 - INFO - <module> :  clicked
2022-10-27 13:05:59,150 - INFO - <module> :  clicked
2022-10-27 13:05:59,150 - INFO - <module> :  clicked
2022-10-27 13:06:02,084 - INFO - <module> : Click on any Sector Office pin
2022-10-27 13:06:02,084 - INFO - <module> : Click on any Sector Office pin
2022-10-27 13:06:02,084 - INFO - <module> : Click on any Sector Office pin
2022-10-27 13:06:02,084 - INFO - <module> : Click on any Sector Office pin
2022-10-27 13:06:14,267 - INFO - <module> : Clicked
2022-10-27 13:06:14,267 - INFO - <module> : Clicked
2022-10-27 13:06:14,267 - INFO - <module> : Clicked
2022-10-27 13:06:14,267 - INFO - <module> : Clicked
2022-10-27 13:06:16,682 - INFO - setup : Close Browser
