2022-10-26 12:45:51,834 - INFO - setup : Browser Launched!
2022-10-26 12:46:11,685 - INFO - <module> : Click Refresh Data button in header
2022-10-26 12:46:11,685 - INFO - <module> : Click Refresh Data button in header
2022-10-26 12:46:11,685 - INFO - <module> : Click Refresh Data button in header
2022-10-26 12:46:11,685 - INFO - <module> : Click Refresh Data button in header
2022-10-26 12:46:15,222 - INFO - <module> : Opened: https://outage-api.meralco.com.ph/
2022-10-26 12:46:15,222 - INFO - <module> : Opened: https://outage-api.meralco.com.ph/
2022-10-26 12:46:15,222 - INFO - <module> : Opened: https://outage-api.meralco.com.ph/
2022-10-26 12:46:15,222 - INFO - <module> : Opened: https://outage-api.meralco.com.ph/
2022-10-26 12:46:19,329 - INFO - <module> : input: v-lvlgalvez@meralco.com.ph
2022-10-26 12:46:19,329 - INFO - <module> : input: v-lvlgalvez@meralco.com.ph
2022-10-26 12:46:19,329 - INFO - <module> : input: v-lvlgalvez@meralco.com.ph
2022-10-26 12:46:19,329 - INFO - <module> : input: v-lvlgalvez@meralco.com.ph
2022-10-26 12:46:19,471 - INFO - <module> : Clicked
2022-10-26 12:46:19,471 - INFO - <module> : Clicked
2022-10-26 12:46:19,471 - INFO - <module> : Clicked
2022-10-26 12:46:19,471 - INFO - <module> : Clicked
2022-10-26 12:46:21,175 - INFO - <module> : input: Mecopass@@!!129
2022-10-26 12:46:21,175 - INFO - <module> : input: Mecopass@@!!129
2022-10-26 12:46:21,175 - INFO - <module> : input: Mecopass@@!!129
2022-10-26 12:46:21,175 - INFO - <module> : input: Mecopass@@!!129
2022-10-26 12:46:21,917 - INFO - <module> : Clicked
2022-10-26 12:46:21,917 - INFO - <module> : Clicked
2022-10-26 12:46:21,917 - INFO - <module> : Clicked
2022-10-26 12:46:21,917 - INFO - <module> : Clicked
2022-10-26 12:46:22,589 - INFO - <module> : Clicked
2022-10-26 12:46:22,589 - INFO - <module> : Clicked
2022-10-26 12:46:22,589 - INFO - <module> : Clicked
2022-10-26 12:46:22,589 - INFO - <module> : Clicked
2022-10-26 12:46:52,958 - INFO - <module> : Clicked
2022-10-26 12:46:52,958 - INFO - <module> : Clicked
2022-10-26 12:46:52,958 - INFO - <module> : Clicked
2022-10-26 12:46:52,958 - INFO - <module> : Clicked
2022-10-26 12:46:58,056 - INFO - <module> : Clicked
2022-10-26 12:46:58,056 - INFO - <module> : Clicked
2022-10-26 12:46:58,056 - INFO - <module> : Clicked
2022-10-26 12:46:58,056 - INFO - <module> : Clicked
2022-10-26 12:47:00,774 - INFO - setup : Close Browser
