2022-10-13 15:43:18,130 - INFO - setup : Browser Launched!
2022-10-13 15:43:30,022 - INFO - <module> : Login to Meralco Online
2022-10-13 15:43:30,022 - INFO - <module> : Login to Meralco Online
2022-10-13 15:43:30,022 - INFO - <module> : Login to Meralco Online
2022-10-13 15:43:30,022 - INFO - <module> : Login to Meralco Online
2022-10-13 15:43:30,175 - INFO - <module> : input: atmooutageaccount@yopmail.com
2022-10-13 15:43:30,175 - INFO - <module> : input: atmooutageaccount@yopmail.com
2022-10-13 15:43:30,175 - INFO - <module> : input: atmooutageaccount@yopmail.com
2022-10-13 15:43:30,175 - INFO - <module> : input: atmooutageaccount@yopmail.com
2022-10-13 15:43:30,256 - INFO - <module> : input: Meralco01
2022-10-13 15:43:30,256 - INFO - <module> : input: Meralco01
2022-10-13 15:43:30,256 - INFO - <module> : input: Meralco01
2022-10-13 15:43:30,256 - INFO - <module> : input: Meralco01
2022-10-13 15:43:30,328 - INFO - <module> : Log in clicked
2022-10-13 15:43:30,328 - INFO - <module> : Log in clicked
2022-10-13 15:43:30,328 - INFO - <module> : Log in clicked
2022-10-13 15:43:30,328 - INFO - <module> : Log in clicked
2022-10-13 15:43:34,675 - INFO - <module> : Hello, exists
2022-10-13 15:43:34,675 - INFO - <module> : Hello, exists
2022-10-13 15:43:34,675 - INFO - <module> : Hello, exists
2022-10-13 15:43:34,675 - INFO - <module> : Hello, exists
2022-10-13 15:43:34,697 - INFO - <module> : Hello, exists
2022-10-13 15:43:34,697 - INFO - <module> : Hello, exists
2022-10-13 15:43:34,697 - INFO - <module> : Hello, exists
2022-10-13 15:43:34,697 - INFO - <module> : Hello, exists
2022-10-13 15:43:37,460 - INFO - <module> : Go to Outages & Incidents > View/Report Outages > Tick Address on View Outages by > tick Current Address
2022-10-13 15:43:37,460 - INFO - <module> : Go to Outages & Incidents > View/Report Outages > Tick Address on View Outages by > tick Current Address
2022-10-13 15:43:37,460 - INFO - <module> : Go to Outages & Incidents > View/Report Outages > Tick Address on View Outages by > tick Current Address
2022-10-13 15:43:37,460 - INFO - <module> : Go to Outages & Incidents > View/Report Outages > Tick Address on View Outages by > tick Current Address
2022-10-13 15:43:37,542 - INFO - <module> : Outages & Incidents clicked
2022-10-13 15:43:37,542 - INFO - <module> : Outages & Incidents clicked
2022-10-13 15:43:37,542 - INFO - <module> : Outages & Incidents clicked
2022-10-13 15:43:37,542 - INFO - <module> : Outages & Incidents clicked
2022-10-13 15:43:37,599 - INFO - <module> :  clicked
2022-10-13 15:43:37,599 - INFO - <module> :  clicked
2022-10-13 15:43:37,599 - INFO - <module> :  clicked
2022-10-13 15:43:37,599 - INFO - <module> :  clicked
2022-10-13 15:43:47,525 - INFO - <module> : Okay clicked
2022-10-13 15:43:47,525 - INFO - <module> : Okay clicked
2022-10-13 15:43:47,525 - INFO - <module> : Okay clicked
2022-10-13 15:43:47,525 - INFO - <module> : Okay clicked
2022-10-13 15:43:49,918 - INFO - <module> :  clicked
2022-10-13 15:43:49,918 - INFO - <module> :  clicked
2022-10-13 15:43:49,918 - INFO - <module> :  clicked
2022-10-13 15:43:49,918 - INFO - <module> :  clicked
2022-10-13 15:43:49,965 - INFO - setup : Close Browser
