2022-11-18 15:32:56,195 - INFO - setup : Browser Launched!
2022-11-18 15:33:09,646 - INFO - <module> : Opened: https://outage-api.meralco.com.ph/
2022-11-18 15:33:09,646 - INFO - <module> : Opened: https://outage-api.meralco.com.ph/
2022-11-18 15:33:09,646 - INFO - <module> : Opened: https://outage-api.meralco.com.ph/
2022-11-18 15:33:09,646 - INFO - <module> : Opened: https://outage-api.meralco.com.ph/
2022-11-18 15:33:13,499 - INFO - <module> : input: v-agsealmoy@meralco.com.ph
2022-11-18 15:33:13,499 - INFO - <module> : input: v-agsealmoy@meralco.com.ph
2022-11-18 15:33:13,499 - INFO - <module> : input: v-agsealmoy@meralco.com.ph
2022-11-18 15:33:13,499 - INFO - <module> : input: v-agsealmoy@meralco.com.ph
2022-11-18 15:33:13,570 - INFO - <module> : Clicked
2022-11-18 15:33:13,570 - INFO - <module> : Clicked
2022-11-18 15:33:13,570 - INFO - <module> : Clicked
2022-11-18 15:33:13,570 - INFO - <module> : Clicked
2022-11-18 15:33:15,206 - INFO - <module> : input: Meco@@##00018
2022-11-18 15:33:15,206 - INFO - <module> : input: Meco@@##00018
2022-11-18 15:33:15,206 - INFO - <module> : input: Meco@@##00018
2022-11-18 15:33:15,206 - INFO - <module> : input: Meco@@##00018
2022-11-18 15:33:15,795 - INFO - <module> : Clicked
2022-11-18 15:33:15,795 - INFO - <module> : Clicked
2022-11-18 15:33:15,795 - INFO - <module> : Clicked
2022-11-18 15:33:15,795 - INFO - <module> : Clicked
2022-11-18 15:33:16,398 - INFO - <module> : Clicked
2022-11-18 15:33:16,398 - INFO - <module> : Clicked
2022-11-18 15:33:16,398 - INFO - <module> : Clicked
2022-11-18 15:33:16,398 - INFO - <module> : Clicked
2022-11-18 15:33:44,628 - INFO - <module> : Clicked
2022-11-18 15:33:44,628 - INFO - <module> : Clicked
2022-11-18 15:33:44,628 - INFO - <module> : Clicked
2022-11-18 15:33:44,628 - INFO - <module> : Clicked
2022-11-18 15:34:18,369 - INFO - <module> : Zoom in using scroll wheel
2022-11-18 15:34:18,369 - INFO - <module> : Zoom in using scroll wheel
2022-11-18 15:34:18,369 - INFO - <module> : Zoom in using scroll wheel
2022-11-18 15:34:18,369 - INFO - <module> : Zoom in using scroll wheel
2022-11-18 15:34:18,571 - INFO - setup : Close Browser
