2022-10-13 10:49:09,694 - INFO - setup : Browser Launched!
2022-10-13 10:49:26,314 - INFO - <module> : Go to External Map 
2022-10-13 10:49:26,314 - INFO - <module> : Go to External Map 
2022-10-13 10:49:26,314 - INFO - <module> : Go to External Map 
2022-10-13 10:49:26,314 - INFO - <module> : Go to External Map 
2022-10-13 10:49:26,483 - INFO - <module> : input: atmooutageaccount@yopmail.com
2022-10-13 10:49:26,483 - INFO - <module> : input: atmooutageaccount@yopmail.com
2022-10-13 10:49:26,483 - INFO - <module> : input: atmooutageaccount@yopmail.com
2022-10-13 10:49:26,483 - INFO - <module> : input: atmooutageaccount@yopmail.com
2022-10-13 10:49:26,571 - INFO - <module> : input: Meralco01
2022-10-13 10:49:26,571 - INFO - <module> : input: Meralco01
2022-10-13 10:49:26,571 - INFO - <module> : input: Meralco01
2022-10-13 10:49:26,571 - INFO - <module> : input: Meralco01
2022-10-13 10:49:26,639 - INFO - <module> : Log in clicked
2022-10-13 10:49:26,639 - INFO - <module> : Log in clicked
2022-10-13 10:49:26,639 - INFO - <module> : Log in clicked
2022-10-13 10:49:26,639 - INFO - <module> : Log in clicked
2022-10-13 10:49:31,109 - INFO - <module> : Hello, exists
2022-10-13 10:49:31,109 - INFO - <module> : Hello, exists
2022-10-13 10:49:31,109 - INFO - <module> : Hello, exists
2022-10-13 10:49:31,109 - INFO - <module> : Hello, exists
2022-10-13 10:49:31,128 - INFO - <module> : Hello, exists
2022-10-13 10:49:31,128 - INFO - <module> : Hello, exists
2022-10-13 10:49:31,128 - INFO - <module> : Hello, exists
2022-10-13 10:49:31,128 - INFO - <module> : Hello, exists
2022-10-13 10:49:33,399 - INFO - <module> : Outages & Incidents clicked
2022-10-13 10:49:33,399 - INFO - <module> : Outages & Incidents clicked
2022-10-13 10:49:33,399 - INFO - <module> : Outages & Incidents clicked
2022-10-13 10:49:33,399 - INFO - <module> : Outages & Incidents clicked
2022-10-13 10:49:33,456 - INFO - <module> :  clicked
2022-10-13 10:49:33,456 - INFO - <module> :  clicked
2022-10-13 10:49:33,456 - INFO - <module> :  clicked
2022-10-13 10:49:33,456 - INFO - <module> :  clicked
2022-10-13 10:49:36,203 - INFO - <module> : Select weather information to be displayed
2022-10-13 10:49:36,203 - INFO - <module> : Select weather information to be displayed
2022-10-13 10:49:36,203 - INFO - <module> : Select weather information to be displayed
2022-10-13 10:49:36,203 - INFO - <module> : Select weather information to be displayed
2022-10-13 10:50:08,768 - ERROR - <module> : Cannot Locate: show_temperature
2022-10-13 10:50:08,768 - ERROR - <module> : Cannot Locate: show_temperature
2022-10-13 10:50:08,768 - ERROR - <module> : Cannot Locate: show_temperature
2022-10-13 10:50:08,768 - ERROR - <module> : Cannot Locate: show_temperature
2022-10-13 10:50:08,808 - INFO - setup : Close Browser
