2022-10-27 11:10:29,741 - INFO - setup : Browser Launched!
2022-10-27 11:10:40,766 - INFO - <module> : Click on burger menu > Outages by Area
2022-10-27 11:10:40,766 - INFO - <module> : Click on burger menu > Outages by Area
2022-10-27 11:10:40,766 - INFO - <module> : Click on burger menu > Outages by Area
2022-10-27 11:10:40,766 - INFO - <module> : Click on burger menu > Outages by Area
2022-10-27 11:10:43,369 - INFO - <module> : Opened: https://outage-api.meralco.com.ph/
2022-10-27 11:10:43,369 - INFO - <module> : Opened: https://outage-api.meralco.com.ph/
2022-10-27 11:10:43,369 - INFO - <module> : Opened: https://outage-api.meralco.com.ph/
2022-10-27 11:10:43,369 - INFO - <module> : Opened: https://outage-api.meralco.com.ph/
2022-10-27 11:10:46,134 - INFO - <module> : input: v-lvlgalvez@meralco.com.ph
2022-10-27 11:10:46,134 - INFO - <module> : input: v-lvlgalvez@meralco.com.ph
2022-10-27 11:10:46,134 - INFO - <module> : input: v-lvlgalvez@meralco.com.ph
2022-10-27 11:10:46,134 - INFO - <module> : input: v-lvlgalvez@meralco.com.ph
2022-10-27 11:10:46,201 - INFO - <module> : Clicked
2022-10-27 11:10:46,201 - INFO - <module> : Clicked
2022-10-27 11:10:46,201 - INFO - <module> : Clicked
2022-10-27 11:10:46,201 - INFO - <module> : Clicked
2022-10-27 11:10:47,319 - INFO - <module> : input: Mecopass@@!!129
2022-10-27 11:10:47,319 - INFO - <module> : input: Mecopass@@!!129
2022-10-27 11:10:47,319 - INFO - <module> : input: Mecopass@@!!129
2022-10-27 11:10:47,319 - INFO - <module> : input: Mecopass@@!!129
2022-10-27 11:10:47,827 - INFO - <module> : Clicked
2022-10-27 11:10:47,827 - INFO - <module> : Clicked
2022-10-27 11:10:47,827 - INFO - <module> : Clicked
2022-10-27 11:10:47,827 - INFO - <module> : Clicked
2022-10-27 11:10:48,438 - INFO - <module> : Clicked
2022-10-27 11:10:48,438 - INFO - <module> : Clicked
2022-10-27 11:10:48,438 - INFO - <module> : Clicked
2022-10-27 11:10:48,438 - INFO - <module> : Clicked
2022-10-27 11:11:17,129 - INFO - <module> : Clicked
2022-10-27 11:11:17,129 - INFO - <module> : Clicked
2022-10-27 11:11:17,129 - INFO - <module> : Clicked
2022-10-27 11:11:17,129 - INFO - <module> : Clicked
2022-10-27 11:11:21,254 - INFO - <module> :  clicked
2022-10-27 11:11:21,254 - INFO - <module> :  clicked
2022-10-27 11:11:21,254 - INFO - <module> :  clicked
2022-10-27 11:11:21,254 - INFO - <module> :  clicked
2022-10-27 11:11:21,355 - INFO - <module> : Outages by Area clicked
2022-10-27 11:11:21,355 - INFO - <module> : Outages by Area clicked
2022-10-27 11:11:21,355 - INFO - <module> : Outages by Area clicked
2022-10-27 11:11:21,355 - INFO - <module> : Outages by Area clicked
2022-10-27 11:11:24,669 - INFO - <module> : Select Sector
2022-10-27 11:11:24,669 - INFO - <module> : Select Sector
2022-10-27 11:11:24,669 - INFO - <module> : Select Sector
2022-10-27 11:11:24,669 - INFO - <module> : Select Sector
2022-10-27 11:11:24,776 - INFO - <module> : arrow_drop_down clicked
2022-10-27 11:11:24,776 - INFO - <module> : arrow_drop_down clicked
2022-10-27 11:11:24,776 - INFO - <module> : arrow_drop_down clicked
2022-10-27 11:11:24,776 - INFO - <module> : arrow_drop_down clicked
2022-10-27 11:11:25,058 - INFO - <module> :  clicked
2022-10-27 11:11:25,058 - INFO - <module> :  clicked
2022-10-27 11:11:25,058 - INFO - <module> :  clicked
2022-10-27 11:11:25,058 - INFO - <module> :  clicked
2022-10-27 11:11:25,309 - INFO - <module> : picture_in_picture clicked
2022-10-27 11:11:25,309 - INFO - <module> : picture_in_picture clicked
2022-10-27 11:11:25,309 - INFO - <module> : picture_in_picture clicked
2022-10-27 11:11:25,309 - INFO - <module> : picture_in_picture clicked
2022-10-27 11:11:27,804 - INFO - setup : Close Browser
