2022-10-26 12:54:54,027 - INFO - setup : Browser Launched!
2022-10-26 12:55:08,100 - INFO - <module> : In Outage Map for Internal users, click on  Admin option in the menu
2022-10-26 12:55:08,100 - INFO - <module> : In Outage Map for Internal users, click on  Admin option in the menu
2022-10-26 12:55:08,100 - INFO - <module> : In Outage Map for Internal users, click on  Admin option in the menu
2022-10-26 12:55:08,100 - INFO - <module> : In Outage Map for Internal users, click on  Admin option in the menu
2022-10-26 12:55:09,992 - INFO - <module> : Opened: https://outage-api.meralco.com.ph/
2022-10-26 12:55:09,992 - INFO - <module> : Opened: https://outage-api.meralco.com.ph/
2022-10-26 12:55:09,992 - INFO - <module> : Opened: https://outage-api.meralco.com.ph/
2022-10-26 12:55:09,992 - INFO - <module> : Opened: https://outage-api.meralco.com.ph/
2022-10-26 12:55:12,587 - INFO - <module> : input: v-lvlgalvez@meralco.com.ph
2022-10-26 12:55:12,587 - INFO - <module> : input: v-lvlgalvez@meralco.com.ph
2022-10-26 12:55:12,587 - INFO - <module> : input: v-lvlgalvez@meralco.com.ph
2022-10-26 12:55:12,587 - INFO - <module> : input: v-lvlgalvez@meralco.com.ph
2022-10-26 12:55:12,752 - INFO - <module> : Clicked
2022-10-26 12:55:12,752 - INFO - <module> : Clicked
2022-10-26 12:55:12,752 - INFO - <module> : Clicked
2022-10-26 12:55:12,752 - INFO - <module> : Clicked
2022-10-26 12:55:14,502 - INFO - <module> : input: Mecopass@@!!129
2022-10-26 12:55:14,502 - INFO - <module> : input: Mecopass@@!!129
2022-10-26 12:55:14,502 - INFO - <module> : input: Mecopass@@!!129
2022-10-26 12:55:14,502 - INFO - <module> : input: Mecopass@@!!129
2022-10-26 12:55:15,296 - INFO - <module> : Clicked
2022-10-26 12:55:15,296 - INFO - <module> : Clicked
2022-10-26 12:55:15,296 - INFO - <module> : Clicked
2022-10-26 12:55:15,296 - INFO - <module> : Clicked
2022-10-26 12:55:15,955 - INFO - <module> : Clicked
2022-10-26 12:55:15,955 - INFO - <module> : Clicked
2022-10-26 12:55:15,955 - INFO - <module> : Clicked
2022-10-26 12:55:15,955 - INFO - <module> : Clicked
2022-10-26 12:55:44,479 - INFO - <module> : Clicked
2022-10-26 12:55:44,479 - INFO - <module> : Clicked
2022-10-26 12:55:44,479 - INFO - <module> : Clicked
2022-10-26 12:55:44,479 - INFO - <module> : Clicked
2022-10-26 12:55:48,702 - INFO - <module> :  clicked
2022-10-26 12:55:48,702 - INFO - <module> :  clicked
2022-10-26 12:55:48,702 - INFO - <module> :  clicked
2022-10-26 12:55:48,702 - INFO - <module> :  clicked
2022-10-26 12:55:49,090 - INFO - setup : Close Browser
