2022-11-17 11:00:07,473 - INFO - setup : Browser Launched!
2022-11-17 11:00:13,182 - INFO - <module> : Go to Map Displays -> tick Scheduled Interruption -> tick Outage Pins
2022-11-17 11:00:13,182 - INFO - <module> : Go to Map Displays -> tick Scheduled Interruption -> tick Outage Pins
2022-11-17 11:00:13,182 - INFO - <module> : Go to Map Displays -> tick Scheduled Interruption -> tick Outage Pins
2022-11-17 11:00:13,182 - INFO - <module> : Go to Map Displays -> tick Scheduled Interruption -> tick Outage Pins
2022-11-17 11:00:14,825 - INFO - <module> : Opened: https://outage-api.meralco.com.ph/
2022-11-17 11:00:14,825 - INFO - <module> : Opened: https://outage-api.meralco.com.ph/
2022-11-17 11:00:14,825 - INFO - <module> : Opened: https://outage-api.meralco.com.ph/
2022-11-17 11:00:14,825 - INFO - <module> : Opened: https://outage-api.meralco.com.ph/
2022-11-17 11:00:16,577 - INFO - <module> : input: v-lvlgalvez@meralco.com.ph
2022-11-17 11:00:16,577 - INFO - <module> : input: v-lvlgalvez@meralco.com.ph
2022-11-17 11:00:16,577 - INFO - <module> : input: v-lvlgalvez@meralco.com.ph
2022-11-17 11:00:16,577 - INFO - <module> : input: v-lvlgalvez@meralco.com.ph
2022-11-17 11:00:16,631 - INFO - <module> : Clicked
2022-11-17 11:00:16,631 - INFO - <module> : Clicked
2022-11-17 11:00:16,631 - INFO - <module> : Clicked
2022-11-17 11:00:16,631 - INFO - <module> : Clicked
2022-11-17 11:00:18,234 - INFO - <module> : input: Mecopass@@!!121
2022-11-17 11:00:18,234 - INFO - <module> : input: Mecopass@@!!121
2022-11-17 11:00:18,234 - INFO - <module> : input: Mecopass@@!!121
2022-11-17 11:00:18,234 - INFO - <module> : input: Mecopass@@!!121
2022-11-17 11:00:18,630 - INFO - <module> : Clicked
2022-11-17 11:00:18,630 - INFO - <module> : Clicked
2022-11-17 11:00:18,630 - INFO - <module> : Clicked
2022-11-17 11:00:18,630 - INFO - <module> : Clicked
2022-11-17 11:00:19,236 - INFO - <module> : Clicked
2022-11-17 11:00:19,236 - INFO - <module> : Clicked
2022-11-17 11:00:19,236 - INFO - <module> : Clicked
2022-11-17 11:00:19,236 - INFO - <module> : Clicked
2022-11-17 11:00:47,680 - INFO - <module> : Clicked
2022-11-17 11:00:47,680 - INFO - <module> : Clicked
2022-11-17 11:00:47,680 - INFO - <module> : Clicked
2022-11-17 11:00:47,680 - INFO - <module> : Clicked
2022-11-17 11:01:19,822 - INFO - <module> : Clicked
2022-11-17 11:01:19,822 - INFO - <module> : Clicked
2022-11-17 11:01:19,822 - INFO - <module> : Clicked
2022-11-17 11:01:19,822 - INFO - <module> : Clicked
2022-11-17 11:01:21,903 - INFO - <module> : Clicked
2022-11-17 11:01:21,903 - INFO - <module> : Clicked
2022-11-17 11:01:21,903 - INFO - <module> : Clicked
2022-11-17 11:01:21,903 - INFO - <module> : Clicked
2022-11-17 11:01:24,007 - INFO - <module> : Clicked
2022-11-17 11:01:24,007 - INFO - <module> : Clicked
2022-11-17 11:01:24,007 - INFO - <module> : Clicked
2022-11-17 11:01:24,007 - INFO - <module> : Clicked
2022-11-17 11:01:27,723 - INFO - <module> : Go to Map Displays -> tick Scheduled Interruptions -> tick Outage pins
2022-11-17 11:01:27,723 - INFO - <module> : Go to Map Displays -> tick Scheduled Interruptions -> tick Outage pins
2022-11-17 11:01:27,723 - INFO - <module> : Go to Map Displays -> tick Scheduled Interruptions -> tick Outage pins
2022-11-17 11:01:27,723 - INFO - <module> : Go to Map Displays -> tick Scheduled Interruptions -> tick Outage pins
2022-11-17 11:01:32,087 - INFO - <module> : Go to Map Displays -> tick Scheduled Interruptions -> tick Outage pins
2022-11-17 11:01:32,087 - INFO - <module> : Go to Map Displays -> tick Scheduled Interruptions -> tick Outage pins
2022-11-17 11:01:32,087 - INFO - <module> : Go to Map Displays -> tick Scheduled Interruptions -> tick Outage pins
2022-11-17 11:01:32,087 - INFO - <module> : Go to Map Displays -> tick Scheduled Interruptions -> tick Outage pins
2022-11-17 11:01:33,383 - INFO - setup : Close Browser
