2022-10-13 15:55:01,887 - INFO - setup : Browser Launched!
2022-10-13 15:55:14,337 - INFO - <module> : Login to Meralco Online
2022-10-13 15:55:14,337 - INFO - <module> : Login to Meralco Online
2022-10-13 15:55:14,337 - INFO - <module> : Login to Meralco Online
2022-10-13 15:55:14,337 - INFO - <module> : Login to Meralco Online
2022-10-13 15:55:14,523 - INFO - <module> : input: atmooutageaccount@yopmail.com
2022-10-13 15:55:14,523 - INFO - <module> : input: atmooutageaccount@yopmail.com
2022-10-13 15:55:14,523 - INFO - <module> : input: atmooutageaccount@yopmail.com
2022-10-13 15:55:14,523 - INFO - <module> : input: atmooutageaccount@yopmail.com
2022-10-13 15:55:14,594 - INFO - <module> : input: Meralco01
2022-10-13 15:55:14,594 - INFO - <module> : input: Meralco01
2022-10-13 15:55:14,594 - INFO - <module> : input: Meralco01
2022-10-13 15:55:14,594 - INFO - <module> : input: Meralco01
2022-10-13 15:55:14,694 - INFO - <module> : Log in clicked
2022-10-13 15:55:14,694 - INFO - <module> : Log in clicked
2022-10-13 15:55:14,694 - INFO - <module> : Log in clicked
2022-10-13 15:55:14,694 - INFO - <module> : Log in clicked
2022-10-13 15:55:19,250 - INFO - <module> : Hello, exists
2022-10-13 15:55:19,250 - INFO - <module> : Hello, exists
2022-10-13 15:55:19,250 - INFO - <module> : Hello, exists
2022-10-13 15:55:19,250 - INFO - <module> : Hello, exists
2022-10-13 15:55:19,268 - INFO - <module> : Hello, exists
2022-10-13 15:55:19,268 - INFO - <module> : Hello, exists
2022-10-13 15:55:19,268 - INFO - <module> : Hello, exists
2022-10-13 15:55:19,268 - INFO - <module> : Hello, exists
2022-10-13 15:55:21,955 - INFO - <module> : Go to Outages & Incidents > View/Report Outages > Tick Address on View Outages by > tick Current Address
2022-10-13 15:55:21,955 - INFO - <module> : Go to Outages & Incidents > View/Report Outages > Tick Address on View Outages by > tick Current Address
2022-10-13 15:55:21,955 - INFO - <module> : Go to Outages & Incidents > View/Report Outages > Tick Address on View Outages by > tick Current Address
2022-10-13 15:55:21,955 - INFO - <module> : Go to Outages & Incidents > View/Report Outages > Tick Address on View Outages by > tick Current Address
2022-10-13 15:55:22,022 - INFO - <module> : Outages & Incidents clicked
2022-10-13 15:55:22,022 - INFO - <module> : Outages & Incidents clicked
2022-10-13 15:55:22,022 - INFO - <module> : Outages & Incidents clicked
2022-10-13 15:55:22,022 - INFO - <module> : Outages & Incidents clicked
2022-10-13 15:55:22,066 - INFO - <module> :  clicked
2022-10-13 15:55:22,066 - INFO - <module> :  clicked
2022-10-13 15:55:22,066 - INFO - <module> :  clicked
2022-10-13 15:55:22,066 - INFO - <module> :  clicked
2022-10-13 15:55:30,297 - INFO - <module> : Okay clicked
2022-10-13 15:55:30,297 - INFO - <module> : Okay clicked
2022-10-13 15:55:30,297 - INFO - <module> : Okay clicked
2022-10-13 15:55:30,297 - INFO - <module> : Okay clicked
2022-10-13 15:55:32,629 - INFO - <module> :  clicked
2022-10-13 15:55:32,629 - INFO - <module> :  clicked
2022-10-13 15:55:32,629 - INFO - <module> :  clicked
2022-10-13 15:55:32,629 - INFO - <module> :  clicked
2022-10-13 15:55:32,718 - INFO - <module> :  clicked
2022-10-13 15:55:32,718 - INFO - <module> :  clicked
2022-10-13 15:55:32,718 - INFO - <module> :  clicked
2022-10-13 15:55:32,718 - INFO - <module> :  clicked
2022-10-13 15:55:35,536 - INFO - <module> : Click Agree
2022-10-13 15:55:35,536 - INFO - <module> : Click Agree
2022-10-13 15:55:35,536 - INFO - <module> : Click Agree
2022-10-13 15:55:35,536 - INFO - <module> : Click Agree
2022-10-13 15:55:35,598 - INFO - <module> : Meralco would like to access your location to identify if your area is affected by an outage. exists
2022-10-13 15:55:35,598 - INFO - <module> : Meralco would like to access your location to identify if your area is affected by an outage. exists
2022-10-13 15:55:35,598 - INFO - <module> : Meralco would like to access your location to identify if your area is affected by an outage. exists
2022-10-13 15:55:35,598 - INFO - <module> : Meralco would like to access your location to identify if your area is affected by an outage. exists
2022-10-13 15:55:37,943 - INFO - <module> : Agree clicked
2022-10-13 15:55:37,943 - INFO - <module> : Agree clicked
2022-10-13 15:55:37,943 - INFO - <module> : Agree clicked
2022-10-13 15:55:37,943 - INFO - <module> : Agree clicked
2022-10-13 15:55:45,521 - INFO - <module> : Opened: https://fuat-meralco.cs73.force.com/customers/s/splash
2022-10-13 15:55:45,521 - INFO - <module> : Opened: https://fuat-meralco.cs73.force.com/customers/s/splash
2022-10-13 15:55:45,521 - INFO - <module> : Opened: https://fuat-meralco.cs73.force.com/customers/s/splash
2022-10-13 15:55:45,521 - INFO - <module> : Opened: https://fuat-meralco.cs73.force.com/customers/s/splash
2022-10-13 15:55:46,418 - INFO - <module> : Login to Meralco Online
2022-10-13 15:55:46,418 - INFO - <module> : Login to Meralco Online
2022-10-13 15:55:46,418 - INFO - <module> : Login to Meralco Online
2022-10-13 15:55:46,418 - INFO - <module> : Login to Meralco Online
2022-10-13 15:55:46,663 - INFO - <module> : input: atmooutageaccount@yopmail.com
2022-10-13 15:55:46,663 - INFO - <module> : input: atmooutageaccount@yopmail.com
2022-10-13 15:55:46,663 - INFO - <module> : input: atmooutageaccount@yopmail.com
2022-10-13 15:55:46,663 - INFO - <module> : input: atmooutageaccount@yopmail.com
2022-10-13 15:55:46,747 - INFO - <module> : input: Meralco01
2022-10-13 15:55:46,747 - INFO - <module> : input: Meralco01
2022-10-13 15:55:46,747 - INFO - <module> : input: Meralco01
2022-10-13 15:55:46,747 - INFO - <module> : input: Meralco01
2022-10-13 15:55:46,855 - INFO - <module> : Log in clicked
2022-10-13 15:55:46,855 - INFO - <module> : Log in clicked
2022-10-13 15:55:46,855 - INFO - <module> : Log in clicked
2022-10-13 15:55:46,855 - INFO - <module> : Log in clicked
2022-10-13 15:55:51,210 - INFO - <module> : Hello, exists
2022-10-13 15:55:51,210 - INFO - <module> : Hello, exists
2022-10-13 15:55:51,210 - INFO - <module> : Hello, exists
2022-10-13 15:55:51,210 - INFO - <module> : Hello, exists
2022-10-13 15:55:51,228 - INFO - <module> : Hello, exists
2022-10-13 15:55:51,228 - INFO - <module> : Hello, exists
2022-10-13 15:55:51,228 - INFO - <module> : Hello, exists
2022-10-13 15:55:51,228 - INFO - <module> : Hello, exists
2022-10-13 15:55:53,989 - INFO - <module> : Go to Outages & Incidents > View/Report Outages
2022-10-13 15:55:53,989 - INFO - <module> : Go to Outages & Incidents > View/Report Outages
2022-10-13 15:55:53,989 - INFO - <module> : Go to Outages & Incidents > View/Report Outages
2022-10-13 15:55:53,989 - INFO - <module> : Go to Outages & Incidents > View/Report Outages
2022-10-13 15:55:54,105 - INFO - <module> : Outages & Incidents clicked
2022-10-13 15:55:54,105 - INFO - <module> : Outages & Incidents clicked
2022-10-13 15:55:54,105 - INFO - <module> : Outages & Incidents clicked
2022-10-13 15:55:54,105 - INFO - <module> : Outages & Incidents clicked
2022-10-13 15:55:54,152 - INFO - <module> :  clicked
2022-10-13 15:55:54,152 - INFO - <module> :  clicked
2022-10-13 15:55:54,152 - INFO - <module> :  clicked
2022-10-13 15:55:54,152 - INFO - <module> :  clicked
2022-10-13 15:56:02,889 - INFO - <module> : Okay clicked
2022-10-13 15:56:02,889 - INFO - <module> : Okay clicked
2022-10-13 15:56:02,889 - INFO - <module> : Okay clicked
2022-10-13 15:56:02,889 - INFO - <module> : Okay clicked
2022-10-13 15:56:05,321 - INFO - <module> :  clicked
2022-10-13 15:56:05,321 - INFO - <module> :  clicked
2022-10-13 15:56:05,321 - INFO - <module> :  clicked
2022-10-13 15:56:05,321 - INFO - <module> :  clicked
2022-10-13 15:56:05,399 - INFO - <module> :  clicked
2022-10-13 15:56:05,399 - INFO - <module> :  clicked
2022-10-13 15:56:05,399 - INFO - <module> :  clicked
2022-10-13 15:56:05,399 - INFO - <module> :  clicked
2022-10-13 15:56:08,265 - INFO - <module> : Click Disagree
2022-10-13 15:56:08,265 - INFO - <module> : Click Disagree
2022-10-13 15:56:08,265 - INFO - <module> : Click Disagree
2022-10-13 15:56:08,265 - INFO - <module> : Click Disagree
2022-10-13 15:56:08,374 - INFO - <module> : Meralco would like to access your location to identify if your area is affected by an outage. exists
2022-10-13 15:56:08,374 - INFO - <module> : Meralco would like to access your location to identify if your area is affected by an outage. exists
2022-10-13 15:56:08,374 - INFO - <module> : Meralco would like to access your location to identify if your area is affected by an outage. exists
2022-10-13 15:56:08,374 - INFO - <module> : Meralco would like to access your location to identify if your area is affected by an outage. exists
2022-10-13 15:56:10,776 - INFO - <module> : Disagree clicked
2022-10-13 15:56:10,776 - INFO - <module> : Disagree clicked
2022-10-13 15:56:10,776 - INFO - <module> : Disagree clicked
2022-10-13 15:56:10,776 - INFO - <module> : Disagree clicked
2022-10-13 15:56:17,276 - INFO - setup : Close Browser
