2022-11-23 12:54:46,061 - INFO - setup : Browser Launched!
2022-11-23 12:54:55,805 - INFO - <module> : input: atconcernmultiple@yopmail.com
2022-11-23 12:54:55,805 - INFO - <module> : input: atconcernmultiple@yopmail.com
2022-11-23 12:54:55,805 - INFO - <module> : input: atconcernmultiple@yopmail.com
2022-11-23 12:54:55,805 - INFO - <module> : input: atconcernmultiple@yopmail.com
2022-11-23 12:54:55,871 - INFO - <module> : input: Meralco01
2022-11-23 12:54:55,871 - INFO - <module> : input: Meralco01
2022-11-23 12:54:55,871 - INFO - <module> : input: Meralco01
2022-11-23 12:54:55,871 - INFO - <module> : input: Meralco01
2022-11-23 12:54:55,929 - INFO - <module> : Clicked
2022-11-23 12:54:55,929 - INFO - <module> : Clicked
2022-11-23 12:54:55,929 - INFO - <module> : Clicked
2022-11-23 12:54:55,929 - INFO - <module> : Clicked
2022-11-23 12:54:57,907 - INFO - <module> : Hello, exists
2022-11-23 12:54:57,907 - INFO - <module> : Hello, exists
2022-11-23 12:54:57,907 - INFO - <module> : Hello, exists
2022-11-23 12:54:57,907 - INFO - <module> : Hello, exists
2022-11-23 12:55:01,229 - INFO - <module> : Clicked
2022-11-23 12:55:01,229 - INFO - <module> : Clicked
2022-11-23 12:55:01,229 - INFO - <module> : Clicked
2022-11-23 12:55:01,229 - INFO - <module> : Clicked
2022-11-23 12:55:04,434 - INFO - <module> : Clicked
2022-11-23 12:55:04,434 - INFO - <module> : Clicked
2022-11-23 12:55:04,434 - INFO - <module> : Clicked
2022-11-23 12:55:04,434 - INFO - <module> : Clicked
2022-11-23 12:55:06,726 - INFO - setup : Close Browser
