2022-11-22 13:57:59,998 - INFO - setup : Browser Launched!
2022-11-22 13:58:10,516 - INFO - <module> : Opened: https://fuat-meralco.cs73.force.com/customers/s/contact
2022-11-22 13:58:10,516 - INFO - <module> : Opened: https://fuat-meralco.cs73.force.com/customers/s/contact
2022-11-22 13:58:10,516 - INFO - <module> : Opened: https://fuat-meralco.cs73.force.com/customers/s/contact
2022-11-22 13:58:10,516 - INFO - <module> : Opened: https://fuat-meralco.cs73.force.com/customers/s/contact
2022-11-22 13:58:10,775 - INFO - <module> : Clicked
2022-11-22 13:58:10,775 - INFO - <module> : Clicked
2022-11-22 13:58:10,775 - INFO - <module> : Clicked
2022-11-22 13:58:10,775 - INFO - <module> : Clicked
2022-11-22 13:58:24,098 - INFO - <module> :  exists
2022-11-22 13:58:24,098 - INFO - <module> :  exists
2022-11-22 13:58:24,098 - INFO - <module> :  exists
2022-11-22 13:58:24,098 - INFO - <module> :  exists
2022-11-22 13:58:27,632 - INFO - <module> : input: 3535100272
2022-11-22 13:58:27,632 - INFO - <module> : input: 3535100272
2022-11-22 13:58:27,632 - INFO - <module> : input: 3535100272
2022-11-22 13:58:27,632 - INFO - <module> : input: 3535100272
2022-11-22 13:58:27,702 - INFO - <module> : input: automation
2022-11-22 13:58:27,702 - INFO - <module> : input: automation
2022-11-22 13:58:27,702 - INFO - <module> : input: automation
2022-11-22 13:58:27,702 - INFO - <module> : input: automation
2022-11-22 13:58:27,757 - INFO - <module> : input: outage
2022-11-22 13:58:27,757 - INFO - <module> : input: outage
2022-11-22 13:58:27,757 - INFO - <module> : input: outage
2022-11-22 13:58:27,757 - INFO - <module> : input: outage
2022-11-22 13:58:27,832 - INFO - <module> : input: atconcernsingle@yopmail.com
2022-11-22 13:58:27,832 - INFO - <module> : input: atconcernsingle@yopmail.com
2022-11-22 13:58:27,832 - INFO - <module> : input: atconcernsingle@yopmail.com
2022-11-22 13:58:27,832 - INFO - <module> : input: atconcernsingle@yopmail.com
2022-11-22 13:58:27,909 - INFO - <module> : input: +639758880795
2022-11-22 13:58:27,909 - INFO - <module> : input: +639758880795
2022-11-22 13:58:27,909 - INFO - <module> : input: +639758880795
2022-11-22 13:58:27,909 - INFO - <module> : input: +639758880795
2022-11-22 13:58:28,010 - INFO - <module> : input: Sample Remarks
2022-11-22 13:58:28,010 - INFO - <module> : input: Sample Remarks
2022-11-22 13:58:28,010 - INFO - <module> : input: Sample Remarks
2022-11-22 13:58:28,010 - INFO - <module> : input: Sample Remarks
2022-11-22 13:58:28,068 - INFO - <module> : input: Sample Remarks
2022-11-22 13:58:28,068 - INFO - <module> : input: Sample Remarks
2022-11-22 13:58:28,068 - INFO - <module> : input: Sample Remarks
2022-11-22 13:58:28,068 - INFO - <module> : input: Sample Remarks
2022-11-22 13:58:31,042 - INFO - <module> : Clicked
2022-11-22 13:58:31,042 - INFO - <module> : Clicked
2022-11-22 13:58:31,042 - INFO - <module> : Clicked
2022-11-22 13:58:31,042 - INFO - <module> : Clicked
2022-11-22 13:58:38,293 - INFO - setup : Close Browser
