2022-10-19 11:46:01,461 - INFO - setup : Browser Launched!
2022-10-19 11:46:24,266 - INFO - <module> : Access outage reporting form for Guest users.
2022-10-19 11:46:24,266 - INFO - <module> : Access outage reporting form for Guest users.
2022-10-19 11:46:24,266 - INFO - <module> : Access outage reporting form for Guest users.
2022-10-19 11:46:24,266 - INFO - <module> : Access outage reporting form for Guest users.
2022-10-19 11:46:31,021 - INFO - <module> : Opened: https://fuat-meralco.cs73.force.com/customers/s/outagemap
2022-10-19 11:46:31,021 - INFO - <module> : Opened: https://fuat-meralco.cs73.force.com/customers/s/outagemap
2022-10-19 11:46:31,021 - INFO - <module> : Opened: https://fuat-meralco.cs73.force.com/customers/s/outagemap
2022-10-19 11:46:31,021 - INFO - <module> : Opened: https://fuat-meralco.cs73.force.com/customers/s/outagemap
2022-10-19 11:46:34,198 - INFO - <module> : Meralco would like to access your location to identify if your area is affected by an outage. exists
2022-10-19 11:46:34,198 - INFO - <module> : Meralco would like to access your location to identify if your area is affected by an outage. exists
2022-10-19 11:46:34,198 - INFO - <module> : Meralco would like to access your location to identify if your area is affected by an outage. exists
2022-10-19 11:46:34,198 - INFO - <module> : Meralco would like to access your location to identify if your area is affected by an outage. exists
2022-10-19 11:46:34,389 - INFO - <module> : Clicked
2022-10-19 11:46:34,389 - INFO - <module> : Clicked
2022-10-19 11:46:34,389 - INFO - <module> : Clicked
2022-10-19 11:46:34,389 - INFO - <module> : Clicked
2022-10-19 11:46:38,712 - INFO - <module> : Clicked
2022-10-19 11:46:38,712 - INFO - <module> : Clicked
2022-10-19 11:46:38,712 - INFO - <module> : Clicked
2022-10-19 11:46:38,712 - INFO - <module> : Clicked
2022-10-19 11:46:46,859 - INFO - <module> : Report an Outage or Incident exists
2022-10-19 11:46:46,859 - INFO - <module> : Report an Outage or Incident exists
2022-10-19 11:46:46,859 - INFO - <module> : Report an Outage or Incident exists
2022-10-19 11:46:46,859 - INFO - <module> : Report an Outage or Incident exists
2022-10-19 11:46:52,214 - INFO - <module> : Choose 'Streetlight Concern' from the 'What are you reporting?' option.
2022-10-19 11:46:52,214 - INFO - <module> : Choose 'Streetlight Concern' from the 'What are you reporting?' option.
2022-10-19 11:46:52,214 - INFO - <module> : Choose 'Streetlight Concern' from the 'What are you reporting?' option.
2022-10-19 11:46:52,214 - INFO - <module> : Choose 'Streetlight Concern' from the 'What are you reporting?' option.
2022-10-19 11:46:52,345 - INFO - setup : Close Browser
