2022-12-22 09:25:07,170 - INFO - setup : Browser Launched!
2022-12-22 09:25:47,761 - INFO - <module> : Login to Meralco Online
2022-12-22 09:25:47,761 - INFO - <module> : Login to Meralco Online
2022-12-22 09:25:47,761 - INFO - <module> : Login to Meralco Online
2022-12-22 09:25:47,761 - INFO - <module> : Login to Meralco Online
2022-12-22 09:25:50,945 - INFO - <module> : input: EarlMO@yopmail.com
2022-12-22 09:25:50,945 - INFO - <module> : input: EarlMO@yopmail.com
2022-12-22 09:25:50,945 - INFO - <module> : input: EarlMO@yopmail.com
2022-12-22 09:25:50,945 - INFO - <module> : input: EarlMO@yopmail.com
2022-12-22 09:25:51,208 - INFO - <module> : input: Meralco01
2022-12-22 09:25:51,208 - INFO - <module> : input: Meralco01
2022-12-22 09:25:51,208 - INFO - <module> : input: Meralco01
2022-12-22 09:25:51,208 - INFO - <module> : input: Meralco01
2022-12-22 09:25:52,393 - INFO - <module> : Clicked
2022-12-22 09:25:52,393 - INFO - <module> : Clicked
2022-12-22 09:25:52,393 - INFO - <module> : Clicked
2022-12-22 09:25:52,393 - INFO - <module> : Clicked
2022-12-22 09:25:59,323 - INFO - <module> : Hello, Earl exists
2022-12-22 09:25:59,323 - INFO - <module> : Hello, Earl exists
2022-12-22 09:25:59,323 - INFO - <module> : Hello, Earl exists
2022-12-22 09:25:59,323 - INFO - <module> : Hello, Earl exists
2022-12-22 09:26:12,331 - INFO - <module> : Click on Request for a Service tile
2022-12-22 09:26:12,331 - INFO - <module> : Click on Request for a Service tile
2022-12-22 09:26:12,331 - INFO - <module> : Click on Request for a Service tile
2022-12-22 09:26:12,331 - INFO - <module> : Click on Request for a Service tile
2022-12-22 09:26:15,923 - INFO - <module> : Clicked
2022-12-22 09:26:15,923 - INFO - <module> : Clicked
2022-12-22 09:26:15,923 - INFO - <module> : Clicked
2022-12-22 09:26:15,923 - INFO - <module> : Clicked
2022-12-22 09:26:21,424 - INFO - <module> :  clicked
2022-12-22 09:26:21,424 - INFO - <module> :  clicked
2022-12-22 09:26:21,424 - INFO - <module> :  clicked
2022-12-22 09:26:21,424 - INFO - <module> :  clicked
2022-12-22 09:26:27,041 - INFO - <module> : Populate all required fields in Contact Information tab > Click Next
2022-12-22 09:26:27,041 - INFO - <module> : Populate all required fields in Contact Information tab > Click Next
2022-12-22 09:26:27,041 - INFO - <module> : Populate all required fields in Contact Information tab > Click Next
2022-12-22 09:26:27,041 - INFO - <module> : Populate all required fields in Contact Information tab > Click Next
2022-12-22 09:26:34,742 - INFO - <module> : Clicked
2022-12-22 09:26:34,742 - INFO - <module> : Clicked
2022-12-22 09:26:34,742 - INFO - <module> : Clicked
2022-12-22 09:26:34,742 - INFO - <module> : Clicked
2022-12-22 09:26:40,287 - INFO - <module> : Populate the following:
Service Address
Province
City / Municipality
Home Ownership
Billing Address Indicator
2022-12-22 09:26:40,287 - INFO - <module> : Populate the following:
Service Address
Province
City / Municipality
Home Ownership
Billing Address Indicator
2022-12-22 09:26:40,287 - INFO - <module> : Populate the following:
Service Address
Province
City / Municipality
Home Ownership
Billing Address Indicator
2022-12-22 09:26:40,287 - INFO - <module> : Populate the following:
Service Address
Province
City / Municipality
Home Ownership
Billing Address Indicator
2022-12-22 09:26:40,703 - INFO - <module> : input: 123 Santo Tomas
2022-12-22 09:26:40,703 - INFO - <module> : input: 123 Santo Tomas
2022-12-22 09:26:40,703 - INFO - <module> : input: 123 Santo Tomas
2022-12-22 09:26:40,703 - INFO - <module> : input: 123 Santo Tomas
2022-12-22 09:26:43,992 - INFO - <module> : Clicked
2022-12-22 09:26:43,992 - INFO - <module> : Clicked
2022-12-22 09:26:43,992 - INFO - <module> : Clicked
2022-12-22 09:26:43,992 - INFO - <module> : Clicked
2022-12-22 09:26:49,562 - INFO - <module> : Populate the following:
Notification indicator
AMC indicator
Paperless Billing indicator
APA indicator
> Attach documents
> Click Next
2022-12-22 09:26:49,562 - INFO - <module> : Populate the following:
Notification indicator
AMC indicator
Paperless Billing indicator
APA indicator
> Attach documents
> Click Next
2022-12-22 09:26:49,562 - INFO - <module> : Populate the following:
Notification indicator
AMC indicator
Paperless Billing indicator
APA indicator
> Attach documents
> Click Next
2022-12-22 09:26:49,562 - INFO - <module> : Populate the following:
Notification indicator
AMC indicator
Paperless Billing indicator
APA indicator
> Attach documents
> Click Next
2022-12-22 09:26:52,497 - INFO - <module> : Clicked
2022-12-22 09:26:52,497 - INFO - <module> : Clicked
2022-12-22 09:26:52,497 - INFO - <module> : Clicked
2022-12-22 09:26:52,497 - INFO - <module> : Clicked
2022-12-22 09:26:58,061 - INFO - <module> : Tick on I have read and agree to the Meralco Online Terms & Conditions and consent to the processing of my personal data in accordance with the Privacy Policy
2022-12-22 09:26:58,061 - INFO - <module> : Tick on I have read and agree to the Meralco Online Terms & Conditions and consent to the processing of my personal data in accordance with the Privacy Policy
2022-12-22 09:26:58,061 - INFO - <module> : Tick on I have read and agree to the Meralco Online Terms & Conditions and consent to the processing of my personal data in accordance with the Privacy Policy
2022-12-22 09:26:58,061 - INFO - <module> : Tick on I have read and agree to the Meralco Online Terms & Conditions and consent to the processing of my personal data in accordance with the Privacy Policy
2022-12-22 09:27:20,662 - ERROR - <module> : element is disabled
2022-12-22 09:27:20,662 - ERROR - <module> : element is disabled
2022-12-22 09:27:20,662 - ERROR - <module> : element is disabled
2022-12-22 09:27:20,662 - ERROR - <module> : element is disabled
2022-12-22 09:27:20,727 - INFO - setup : Close Browser
