2022-11-23 12:55:30,985 - INFO - setup : Browser Launched!
2022-11-23 12:55:36,479 - INFO - <module> : input: atconcernmultiple@yopmail.com
2022-11-23 12:55:36,479 - INFO - <module> : input: atconcernmultiple@yopmail.com
2022-11-23 12:55:36,479 - INFO - <module> : input: atconcernmultiple@yopmail.com
2022-11-23 12:55:36,479 - INFO - <module> : input: atconcernmultiple@yopmail.com
2022-11-23 12:55:36,545 - INFO - <module> : input: Meralco01
2022-11-23 12:55:36,545 - INFO - <module> : input: Meralco01
2022-11-23 12:55:36,545 - INFO - <module> : input: Meralco01
2022-11-23 12:55:36,545 - INFO - <module> : input: Meralco01
2022-11-23 12:55:36,590 - INFO - <module> : Clicked
2022-11-23 12:55:36,590 - INFO - <module> : Clicked
2022-11-23 12:55:36,590 - INFO - <module> : Clicked
2022-11-23 12:55:36,590 - INFO - <module> : Clicked
2022-11-23 12:55:39,281 - INFO - <module> : Hello, exists
2022-11-23 12:55:39,281 - INFO - <module> : Hello, exists
2022-11-23 12:55:39,281 - INFO - <module> : Hello, exists
2022-11-23 12:55:39,281 - INFO - <module> : Hello, exists
2022-11-23 12:55:40,880 - INFO - <module> : Clicked
2022-11-23 12:55:40,880 - INFO - <module> : Clicked
2022-11-23 12:55:40,880 - INFO - <module> : Clicked
2022-11-23 12:55:40,880 - INFO - <module> : Clicked
2022-11-23 12:55:46,255 - INFO - setup : Close Browser
