2023-01-12 13:43:18,235 - INFO - setup : Browser Launched!
2023-01-12 13:44:02,038 - INFO - <module> : Clicked
2023-01-12 13:44:02,038 - INFO - <module> : Clicked
2023-01-12 13:44:02,038 - INFO - <module> : Clicked
2023-01-12 13:44:02,038 - INFO - <module> : Clicked
2023-01-12 13:44:02,038 - INFO - <module> : Clicked
2023-01-12 13:44:11,660 - INFO - <module> : input: arcebido.earljohn@gmail.com
2023-01-12 13:44:11,660 - INFO - <module> : input: arcebido.earljohn@gmail.com
2023-01-12 13:44:11,660 - INFO - <module> : input: arcebido.earljohn@gmail.com
2023-01-12 13:44:11,660 - INFO - <module> : input: arcebido.earljohn@gmail.com
2023-01-12 13:44:11,660 - INFO - <module> : input: arcebido.earljohn@gmail.com
2023-01-12 13:44:13,020 - INFO - <module> : Clicked
2023-01-12 13:44:13,020 - INFO - <module> : Clicked
2023-01-12 13:44:13,020 - INFO - <module> : Clicked
2023-01-12 13:44:13,020 - INFO - <module> : Clicked
2023-01-12 13:44:13,020 - INFO - <module> : Clicked
2023-01-12 13:44:14,635 - INFO - <module> : input: Eja09202903164!
2023-01-12 13:44:14,635 - INFO - <module> : input: Eja09202903164!
2023-01-12 13:44:14,635 - INFO - <module> : input: Eja09202903164!
2023-01-12 13:44:14,635 - INFO - <module> : input: Eja09202903164!
2023-01-12 13:44:14,635 - INFO - <module> : input: Eja09202903164!
2023-01-12 13:44:17,114 - INFO - <module> : Clicked
2023-01-12 13:44:17,114 - INFO - <module> : Clicked
2023-01-12 13:44:17,114 - INFO - <module> : Clicked
2023-01-12 13:44:17,114 - INFO - <module> : Clicked
2023-01-12 13:44:17,114 - INFO - <module> : Clicked
2023-01-12 13:44:49,592 - INFO - <module> : input: 9234567891
2023-01-12 13:44:49,592 - INFO - <module> : input: 9234567891
2023-01-12 13:44:49,592 - INFO - <module> : input: 9234567891
2023-01-12 13:44:49,592 - INFO - <module> : input: 9234567891
2023-01-12 13:44:49,592 - INFO - <module> : input: 9234567891
2023-01-12 13:44:49,928 - INFO - <module> : input: 3534057721
2023-01-12 13:44:49,928 - INFO - <module> : input: 3534057721
2023-01-12 13:44:49,928 - INFO - <module> : input: 3534057721
2023-01-12 13:44:49,928 - INFO - <module> : input: 3534057721
2023-01-12 13:44:49,928 - INFO - <module> : input: 3534057721
2023-01-12 13:44:50,105 - INFO - <module> : input: 400
2023-01-12 13:44:50,105 - INFO - <module> : input: 400
2023-01-12 13:44:50,105 - INFO - <module> : input: 400
2023-01-12 13:44:50,105 - INFO - <module> : input: 400
2023-01-12 13:44:50,105 - INFO - <module> : input: 400
2023-01-12 13:44:51,150 - INFO - <module> : input: 12/13/2022
2023-01-12 13:44:51,150 - INFO - <module> : input: 12/13/2022
2023-01-12 13:44:51,150 - INFO - <module> : input: 12/13/2022
2023-01-12 13:44:51,150 - INFO - <module> : input: 12/13/2022
2023-01-12 13:44:51,150 - INFO - <module> : input: 12/13/2022
2023-01-12 13:44:54,482 - INFO - <module> :  clicked
2023-01-12 13:44:54,482 - INFO - <module> :  clicked
2023-01-12 13:44:54,482 - INFO - <module> :  clicked
2023-01-12 13:44:54,482 - INFO - <module> :  clicked
2023-01-12 13:44:54,482 - INFO - <module> :  clicked
2023-01-12 13:44:57,013 - INFO - <module> : Submit clicked
2023-01-12 13:44:57,013 - INFO - <module> : Submit clicked
2023-01-12 13:44:57,013 - INFO - <module> : Submit clicked
2023-01-12 13:44:57,013 - INFO - <module> : Submit clicked
2023-01-12 13:44:57,013 - INFO - <module> : Submit clicked
2023-01-12 13:45:06,462 - INFO - setup : Close Browser
