2022-11-23 14:20:11,637 - INFO - setup : Browser Launched!
2022-11-23 14:20:18,590 - INFO - <module> : Opened: https://fuat-meralco.cs73.force.com/customers/s/cxe-apply
2022-11-23 14:20:18,590 - INFO - <module> : Opened: https://fuat-meralco.cs73.force.com/customers/s/cxe-apply
2022-11-23 14:20:18,590 - INFO - <module> : Opened: https://fuat-meralco.cs73.force.com/customers/s/cxe-apply
2022-11-23 14:20:18,797 - INFO - <module> : Service Application exists
2022-11-23 14:20:18,797 - INFO - <module> : Service Application exists
2022-11-23 14:20:18,797 - INFO - <module> : Service Application exists
2022-11-23 14:20:21,656 - INFO - <module> : Clicked
2022-11-23 14:20:21,656 - INFO - <module> : Clicked
2022-11-23 14:20:21,656 - INFO - <module> : Clicked
2022-11-23 14:20:21,704 - INFO - <module> : Start Service exists
2022-11-23 14:20:21,704 - INFO - <module> : Start Service exists
2022-11-23 14:20:21,704 - INFO - <module> : Start Service exists
2022-11-23 14:20:21,751 - INFO - <module> : Modify Service exists
2022-11-23 14:20:21,751 - INFO - <module> : Modify Service exists
2022-11-23 14:20:21,751 - INFO - <module> : Modify Service exists
2022-11-23 14:20:21,799 - INFO - <module> : Reactivate Service exists
2022-11-23 14:20:21,799 - INFO - <module> : Reactivate Service exists
2022-11-23 14:20:21,799 - INFO - <module> : Reactivate Service exists
2022-11-23 14:20:21,841 - INFO - <module> : Stop Service exists
2022-11-23 14:20:21,841 - INFO - <module> : Stop Service exists
2022-11-23 14:20:21,841 - INFO - <module> : Stop Service exists
2022-11-23 14:20:24,928 - INFO - <module> : Clicked
2022-11-23 14:20:24,928 - INFO - <module> : Clicked
2022-11-23 14:20:24,928 - INFO - <module> : Clicked
2022-11-23 14:20:24,971 - INFO - <module> : Stop Service exists
2022-11-23 14:20:24,971 - INFO - <module> : Stop Service exists
2022-11-23 14:20:24,971 - INFO - <module> : Stop Service exists
2022-11-23 14:20:27,673 - INFO - <module> :  exists
2022-11-23 14:20:27,673 - INFO - <module> :  exists
2022-11-23 14:20:27,673 - INFO - <module> :  exists
2022-11-23 14:20:30,516 - INFO - <module> : input: 3535009948
2022-11-23 14:20:30,516 - INFO - <module> : input: 3535009948
2022-11-23 14:20:30,516 - INFO - <module> : input: 3535009948
2022-11-23 14:20:35,525 - INFO - setup : Close Browser
