2022-10-18 14:21:47,874 - INFO - setup : Browser Launched!
2022-10-18 14:22:07,433 - INFO - <module> : Go to https://fuat-meralco.cs73.force.com/customers/s/outagemap
2022-10-18 14:22:07,433 - INFO - <module> : Go to https://fuat-meralco.cs73.force.com/customers/s/outagemap
2022-10-18 14:22:07,433 - INFO - <module> : Go to https://fuat-meralco.cs73.force.com/customers/s/outagemap
2022-10-18 14:22:07,433 - INFO - <module> : Go to https://fuat-meralco.cs73.force.com/customers/s/outagemap
2022-10-18 14:22:13,718 - INFO - <module> : Opened: https://fuat-meralco.cs73.force.com/customers/s/outagemap
2022-10-18 14:22:13,718 - INFO - <module> : Opened: https://fuat-meralco.cs73.force.com/customers/s/outagemap
2022-10-18 14:22:13,718 - INFO - <module> : Opened: https://fuat-meralco.cs73.force.com/customers/s/outagemap
2022-10-18 14:22:13,718 - INFO - <module> : Opened: https://fuat-meralco.cs73.force.com/customers/s/outagemap
2022-10-18 14:22:22,556 - INFO - <module> : On the left side, hover on tooltip beside Other Address
2022-10-18 14:22:22,556 - INFO - <module> : On the left side, hover on tooltip beside Other Address
2022-10-18 14:22:22,556 - INFO - <module> : On the left side, hover on tooltip beside Other Address
2022-10-18 14:22:22,556 - INFO - <module> : On the left side, hover on tooltip beside Other Address
2022-10-18 14:22:25,789 - INFO - <module> : Meralco would like to access your location to identify if your area is affected by an outage. exists
2022-10-18 14:22:25,789 - INFO - <module> : Meralco would like to access your location to identify if your area is affected by an outage. exists
2022-10-18 14:22:25,789 - INFO - <module> : Meralco would like to access your location to identify if your area is affected by an outage. exists
2022-10-18 14:22:25,789 - INFO - <module> : Meralco would like to access your location to identify if your area is affected by an outage. exists
2022-10-18 14:22:26,094 - INFO - <module> : Clicked
2022-10-18 14:22:26,094 - INFO - <module> : Clicked
2022-10-18 14:22:26,094 - INFO - <module> : Clicked
2022-10-18 14:22:26,094 - INFO - <module> : Clicked
2022-10-18 14:22:33,406 - INFO - <module> : Clicked
2022-10-18 14:22:33,406 - INFO - <module> : Clicked
2022-10-18 14:22:33,406 - INFO - <module> : Clicked
2022-10-18 14:22:33,406 - INFO - <module> : Clicked
2022-10-18 14:22:41,343 - INFO - setup : Close Browser
