2022-10-13 15:24:28,549 - INFO - setup : Browser Launched!
2022-10-13 15:24:37,980 - INFO - <module> : Go to https://fuat-meralco.cs73.force.com/customers/s/outagemap
2022-10-13 15:24:37,980 - INFO - <module> : Go to https://fuat-meralco.cs73.force.com/customers/s/outagemap
2022-10-13 15:24:37,980 - INFO - <module> : Go to https://fuat-meralco.cs73.force.com/customers/s/outagemap
2022-10-13 15:24:37,980 - INFO - <module> : Go to https://fuat-meralco.cs73.force.com/customers/s/outagemap
2022-10-13 15:24:42,236 - INFO - <module> : Opened: https://fuat-meralco.cs73.force.com/customers/s/outagemap
2022-10-13 15:24:42,236 - INFO - <module> : Opened: https://fuat-meralco.cs73.force.com/customers/s/outagemap
2022-10-13 15:24:42,236 - INFO - <module> : Opened: https://fuat-meralco.cs73.force.com/customers/s/outagemap
2022-10-13 15:24:42,236 - INFO - <module> : Opened: https://fuat-meralco.cs73.force.com/customers/s/outagemap
2022-10-13 15:24:45,156 - INFO - <module> : Click Agree
2022-10-13 15:24:45,156 - INFO - <module> : Click Agree
2022-10-13 15:24:45,156 - INFO - <module> : Click Agree
2022-10-13 15:24:45,156 - INFO - <module> : Click Agree
2022-10-13 15:24:45,788 - INFO - <module> : Meralco would like to access your location to identify if your area is affected by an outage. exists
2022-10-13 15:24:45,788 - INFO - <module> : Meralco would like to access your location to identify if your area is affected by an outage. exists
2022-10-13 15:24:45,788 - INFO - <module> : Meralco would like to access your location to identify if your area is affected by an outage. exists
2022-10-13 15:24:45,788 - INFO - <module> : Meralco would like to access your location to identify if your area is affected by an outage. exists
2022-10-13 15:24:48,154 - INFO - <module> : Agree clicked
2022-10-13 15:24:48,154 - INFO - <module> : Agree clicked
2022-10-13 15:24:48,154 - INFO - <module> : Agree clicked
2022-10-13 15:24:48,154 - INFO - <module> : Agree clicked
2022-10-13 15:24:55,407 - INFO - <module> : Go to https://fuat-meralco.cs73.force.com/customers/s/outagemap
2022-10-13 15:24:55,407 - INFO - <module> : Go to https://fuat-meralco.cs73.force.com/customers/s/outagemap
2022-10-13 15:24:55,407 - INFO - <module> : Go to https://fuat-meralco.cs73.force.com/customers/s/outagemap
2022-10-13 15:24:55,407 - INFO - <module> : Go to https://fuat-meralco.cs73.force.com/customers/s/outagemap
2022-10-13 15:25:00,152 - INFO - <module> : Opened: https://fuat-meralco.cs73.force.com/customers/s/outagemap
2022-10-13 15:25:00,152 - INFO - <module> : Opened: https://fuat-meralco.cs73.force.com/customers/s/outagemap
2022-10-13 15:25:00,152 - INFO - <module> : Opened: https://fuat-meralco.cs73.force.com/customers/s/outagemap
2022-10-13 15:25:00,152 - INFO - <module> : Opened: https://fuat-meralco.cs73.force.com/customers/s/outagemap
2022-10-13 15:25:03,060 - INFO - <module> : Click Disagree
2022-10-13 15:25:03,060 - INFO - <module> : Click Disagree
2022-10-13 15:25:03,060 - INFO - <module> : Click Disagree
2022-10-13 15:25:03,060 - INFO - <module> : Click Disagree
2022-10-13 15:25:04,214 - INFO - <module> : Meralco would like to access your location to identify if your area is affected by an outage. exists
2022-10-13 15:25:04,214 - INFO - <module> : Meralco would like to access your location to identify if your area is affected by an outage. exists
2022-10-13 15:25:04,214 - INFO - <module> : Meralco would like to access your location to identify if your area is affected by an outage. exists
2022-10-13 15:25:04,214 - INFO - <module> : Meralco would like to access your location to identify if your area is affected by an outage. exists
2022-10-13 15:25:06,561 - INFO - <module> : Disagree clicked
2022-10-13 15:25:06,561 - INFO - <module> : Disagree clicked
2022-10-13 15:25:06,561 - INFO - <module> : Disagree clicked
2022-10-13 15:25:06,561 - INFO - <module> : Disagree clicked
2022-10-13 15:25:12,985 - INFO - setup : Close Browser
