2022-10-19 12:17:05,414 - INFO - setup : Browser Launched!
2022-10-19 12:17:19,605 - INFO - <module> : Access outage reporting form for Guest users.
2022-10-19 12:17:19,605 - INFO - <module> : Access outage reporting form for Guest users.
2022-10-19 12:17:19,605 - INFO - <module> : Access outage reporting form for Guest users.
2022-10-19 12:17:19,605 - INFO - <module> : Access outage reporting form for Guest users.
2022-10-19 12:17:28,020 - INFO - <module> : Opened: https://fuat-meralco.cs73.force.com/customers/s/outagemap
2022-10-19 12:17:28,020 - INFO - <module> : Opened: https://fuat-meralco.cs73.force.com/customers/s/outagemap
2022-10-19 12:17:28,020 - INFO - <module> : Opened: https://fuat-meralco.cs73.force.com/customers/s/outagemap
2022-10-19 12:17:28,020 - INFO - <module> : Opened: https://fuat-meralco.cs73.force.com/customers/s/outagemap
2022-10-19 12:17:31,687 - INFO - <module> : Meralco would like to access your location to identify if your area is affected by an outage. exists
2022-10-19 12:17:31,687 - INFO - <module> : Meralco would like to access your location to identify if your area is affected by an outage. exists
2022-10-19 12:17:31,687 - INFO - <module> : Meralco would like to access your location to identify if your area is affected by an outage. exists
2022-10-19 12:17:31,687 - INFO - <module> : Meralco would like to access your location to identify if your area is affected by an outage. exists
2022-10-19 12:17:32,121 - INFO - <module> : Clicked
2022-10-19 12:17:32,121 - INFO - <module> : Clicked
2022-10-19 12:17:32,121 - INFO - <module> : Clicked
2022-10-19 12:17:32,121 - INFO - <module> : Clicked
2022-10-19 12:17:36,402 - INFO - <module> : Clicked
2022-10-19 12:17:36,402 - INFO - <module> : Clicked
2022-10-19 12:17:36,402 - INFO - <module> : Clicked
2022-10-19 12:17:36,402 - INFO - <module> : Clicked
2022-10-19 12:17:45,227 - INFO - <module> : Report an Outage or Incident exists
2022-10-19 12:17:45,227 - INFO - <module> : Report an Outage or Incident exists
2022-10-19 12:17:45,227 - INFO - <module> : Report an Outage or Incident exists
2022-10-19 12:17:45,227 - INFO - <module> : Report an Outage or Incident exists
2022-10-19 12:17:50,505 - INFO - <module> : Choose 'Streetlight Concern' from the 'What are you reporting?' option.
2022-10-19 12:17:50,505 - INFO - <module> : Choose 'Streetlight Concern' from the 'What are you reporting?' option.
2022-10-19 12:17:50,505 - INFO - <module> : Choose 'Streetlight Concern' from the 'What are you reporting?' option.
2022-10-19 12:17:50,505 - INFO - <module> : Choose 'Streetlight Concern' from the 'What are you reporting?' option.
2022-10-19 12:17:50,815 - INFO - <module> : Clicked
2022-10-19 12:17:50,815 - INFO - <module> : Clicked
2022-10-19 12:17:50,815 - INFO - <module> : Clicked
2022-10-19 12:17:50,815 - INFO - <module> : Clicked
2022-10-19 12:17:56,169 - INFO - <module> : Choose 'No' from the options.
2022-10-19 12:17:56,169 - INFO - <module> : Choose 'No' from the options.
2022-10-19 12:17:56,169 - INFO - <module> : Choose 'No' from the options.
2022-10-19 12:17:56,169 - INFO - <module> : Choose 'No' from the options.
2022-10-19 12:17:56,437 - INFO - <module> : Clicked
2022-10-19 12:17:56,437 - INFO - <module> : Clicked
2022-10-19 12:17:56,437 - INFO - <module> : Clicked
2022-10-19 12:17:56,437 - INFO - <module> : Clicked
2022-10-19 12:18:01,829 - INFO - <module> : Click 'Learn More'.
2022-10-19 12:18:01,829 - INFO - <module> : Click 'Learn More'.
2022-10-19 12:18:01,829 - INFO - <module> : Click 'Learn More'.
2022-10-19 12:18:01,829 - INFO - <module> : Click 'Learn More'.
2022-10-19 12:18:02,129 - INFO - <module> : Clicked
2022-10-19 12:18:02,129 - INFO - <module> : Clicked
2022-10-19 12:18:02,129 - INFO - <module> : Clicked
2022-10-19 12:18:02,129 - INFO - <module> : Clicked
2022-10-19 12:18:04,929 - INFO - setup : Close Browser
