2023-01-11 09:27:37,350 - INFO - setup : Browser Launched!
2023-01-11 09:27:48,402 - INFO - <module> : Go to Outages & Incidents > Report Streetlight And Safety Concerns
2023-01-11 09:27:48,402 - INFO - <module> : Go to Outages & Incidents > Report Streetlight And Safety Concerns
2023-01-11 09:27:48,402 - INFO - <module> : Go to Outages & Incidents > Report Streetlight And Safety Concerns
2023-01-11 09:27:48,402 - INFO - <module> : Go to Outages & Incidents > Report Streetlight And Safety Concerns
2023-01-11 09:27:48,402 - INFO - <module> : Go to Outages & Incidents > Report Streetlight And Safety Concerns
2023-01-11 09:27:56,810 - INFO - <module> : Opened: https://fuat-meralco.cs73.force.com/customers/s/outagemap
2023-01-11 09:27:56,810 - INFO - <module> : Opened: https://fuat-meralco.cs73.force.com/customers/s/outagemap
2023-01-11 09:27:56,810 - INFO - <module> : Opened: https://fuat-meralco.cs73.force.com/customers/s/outagemap
2023-01-11 09:27:56,810 - INFO - <module> : Opened: https://fuat-meralco.cs73.force.com/customers/s/outagemap
2023-01-11 09:27:56,810 - INFO - <module> : Opened: https://fuat-meralco.cs73.force.com/customers/s/outagemap
2023-01-11 09:27:59,690 - INFO - <module> : Meralco would like to access your location to identify if your area is affected by an outage. exists
2023-01-11 09:27:59,690 - INFO - <module> : Meralco would like to access your location to identify if your area is affected by an outage. exists
2023-01-11 09:27:59,690 - INFO - <module> : Meralco would like to access your location to identify if your area is affected by an outage. exists
2023-01-11 09:27:59,690 - INFO - <module> : Meralco would like to access your location to identify if your area is affected by an outage. exists
2023-01-11 09:27:59,690 - INFO - <module> : Meralco would like to access your location to identify if your area is affected by an outage. exists
2023-01-11 09:28:01,805 - INFO - <module> : Clicked
2023-01-11 09:28:01,805 - INFO - <module> : Clicked
2023-01-11 09:28:01,805 - INFO - <module> : Clicked
2023-01-11 09:28:01,805 - INFO - <module> : Clicked
2023-01-11 09:28:01,805 - INFO - <module> : Clicked
2023-01-11 09:28:05,888 - INFO - <module> : Clicked
2023-01-11 09:28:05,888 - INFO - <module> : Clicked
2023-01-11 09:28:05,888 - INFO - <module> : Clicked
2023-01-11 09:28:05,888 - INFO - <module> : Clicked
2023-01-11 09:28:05,888 - INFO - <module> : Clicked
2023-01-11 09:28:15,610 - INFO - <module> : Report an Outage or Incident exists
2023-01-11 09:28:15,610 - INFO - <module> : Report an Outage or Incident exists
2023-01-11 09:28:15,610 - INFO - <module> : Report an Outage or Incident exists
2023-01-11 09:28:15,610 - INFO - <module> : Report an Outage or Incident exists
2023-01-11 09:28:15,610 - INFO - <module> : Report an Outage or Incident exists
2023-01-11 09:28:15,667 - INFO - <module> : Clicked
2023-01-11 09:28:15,667 - INFO - <module> : Clicked
2023-01-11 09:28:15,667 - INFO - <module> : Clicked
2023-01-11 09:28:15,667 - INFO - <module> : Clicked
2023-01-11 09:28:15,667 - INFO - <module> : Clicked
2023-01-11 09:28:45,944 - ERROR - <module> : Cannot Locate: pole_broken
2023-01-11 09:28:45,944 - ERROR - <module> : Cannot Locate: pole_broken
2023-01-11 09:28:45,944 - ERROR - <module> : Cannot Locate: pole_broken
2023-01-11 09:28:45,944 - ERROR - <module> : Cannot Locate: pole_broken
2023-01-11 09:28:45,944 - ERROR - <module> : Cannot Locate: pole_broken
2023-01-11 09:28:46,005 - INFO - setup : Close Browser
