2022-10-18 14:43:58,585 - INFO - setup : Browser Launched!
2022-10-18 14:44:20,119 - INFO - <module> : Go to https://fuat-meralco.cs73.force.com/customers/s/outagemap
2022-10-18 14:44:20,119 - INFO - <module> : Go to https://fuat-meralco.cs73.force.com/customers/s/outagemap
2022-10-18 14:44:20,119 - INFO - <module> : Go to https://fuat-meralco.cs73.force.com/customers/s/outagemap
2022-10-18 14:44:20,119 - INFO - <module> : Go to https://fuat-meralco.cs73.force.com/customers/s/outagemap
2022-10-18 14:44:36,080 - INFO - <module> : Opened: https://fuat-meralco.cs73.force.com/customers/s/outagemap
2022-10-18 14:44:36,080 - INFO - <module> : Opened: https://fuat-meralco.cs73.force.com/customers/s/outagemap
2022-10-18 14:44:36,080 - INFO - <module> : Opened: https://fuat-meralco.cs73.force.com/customers/s/outagemap
2022-10-18 14:44:36,080 - INFO - <module> : Opened: https://fuat-meralco.cs73.force.com/customers/s/outagemap
2022-10-18 14:44:43,341 - INFO - <module> : On the left side, hover on tooltip beside Other Address
2022-10-18 14:44:43,341 - INFO - <module> : On the left side, hover on tooltip beside Other Address
2022-10-18 14:44:43,341 - INFO - <module> : On the left side, hover on tooltip beside Other Address
2022-10-18 14:44:43,341 - INFO - <module> : On the left side, hover on tooltip beside Other Address
2022-10-18 14:44:46,624 - INFO - <module> : Meralco would like to access your location to identify if your area is affected by an outage. exists
2022-10-18 14:44:46,624 - INFO - <module> : Meralco would like to access your location to identify if your area is affected by an outage. exists
2022-10-18 14:44:46,624 - INFO - <module> : Meralco would like to access your location to identify if your area is affected by an outage. exists
2022-10-18 14:44:46,624 - INFO - <module> : Meralco would like to access your location to identify if your area is affected by an outage. exists
2022-10-18 14:44:46,893 - INFO - <module> : Clicked
2022-10-18 14:44:46,893 - INFO - <module> : Clicked
2022-10-18 14:44:46,893 - INFO - <module> : Clicked
2022-10-18 14:44:46,893 - INFO - <module> : Clicked
2022-10-18 14:44:54,457 - INFO - <module> : Clicked
2022-10-18 14:44:54,457 - INFO - <module> : Clicked
2022-10-18 14:44:54,457 - INFO - <module> : Clicked
2022-10-18 14:44:54,457 - INFO - <module> : Clicked
2022-10-18 14:45:03,779 - INFO - setup : Close Browser
