2022-11-17 10:35:27,356 - INFO - setup : Browser Launched!
2022-11-17 10:35:34,237 - INFO - <module> : Go to Map Displays -> tick Scheduled Interruption -> tick Outage Pins
2022-11-17 10:35:34,237 - INFO - <module> : Go to Map Displays -> tick Scheduled Interruption -> tick Outage Pins
2022-11-17 10:35:34,237 - INFO - <module> : Go to Map Displays -> tick Scheduled Interruption -> tick Outage Pins
2022-11-17 10:35:34,237 - INFO - <module> : Go to Map Displays -> tick Scheduled Interruption -> tick Outage Pins
2022-11-17 10:35:35,662 - INFO - <module> : Opened: https://outage-api.meralco.com.ph/
2022-11-17 10:35:35,662 - INFO - <module> : Opened: https://outage-api.meralco.com.ph/
2022-11-17 10:35:35,662 - INFO - <module> : Opened: https://outage-api.meralco.com.ph/
2022-11-17 10:35:35,662 - INFO - <module> : Opened: https://outage-api.meralco.com.ph/
2022-11-17 10:35:37,886 - INFO - <module> : input: v-lvlgalvez@meralco.com.ph
2022-11-17 10:35:37,886 - INFO - <module> : input: v-lvlgalvez@meralco.com.ph
2022-11-17 10:35:37,886 - INFO - <module> : input: v-lvlgalvez@meralco.com.ph
2022-11-17 10:35:37,886 - INFO - <module> : input: v-lvlgalvez@meralco.com.ph
2022-11-17 10:35:37,954 - INFO - <module> : Clicked
2022-11-17 10:35:37,954 - INFO - <module> : Clicked
2022-11-17 10:35:37,954 - INFO - <module> : Clicked
2022-11-17 10:35:37,954 - INFO - <module> : Clicked
2022-11-17 10:35:39,073 - INFO - <module> : input: Mecopass@@!!121
2022-11-17 10:35:39,073 - INFO - <module> : input: Mecopass@@!!121
2022-11-17 10:35:39,073 - INFO - <module> : input: Mecopass@@!!121
2022-11-17 10:35:39,073 - INFO - <module> : input: Mecopass@@!!121
2022-11-17 10:35:39,503 - INFO - <module> : Clicked
2022-11-17 10:35:39,503 - INFO - <module> : Clicked
2022-11-17 10:35:39,503 - INFO - <module> : Clicked
2022-11-17 10:35:39,503 - INFO - <module> : Clicked
2022-11-17 10:35:40,104 - INFO - <module> : Clicked
2022-11-17 10:35:40,104 - INFO - <module> : Clicked
2022-11-17 10:35:40,104 - INFO - <module> : Clicked
2022-11-17 10:35:40,104 - INFO - <module> : Clicked
2022-11-17 10:36:08,741 - INFO - <module> : Clicked
2022-11-17 10:36:08,741 - INFO - <module> : Clicked
2022-11-17 10:36:08,741 - INFO - <module> : Clicked
2022-11-17 10:36:08,741 - INFO - <module> : Clicked
2022-11-17 10:36:41,294 - INFO - <module> : Clicked
2022-11-17 10:36:41,294 - INFO - <module> : Clicked
2022-11-17 10:36:41,294 - INFO - <module> : Clicked
2022-11-17 10:36:41,294 - INFO - <module> : Clicked
2022-11-17 10:37:12,753 - INFO - <module> : Clicked
2022-11-17 10:37:12,753 - INFO - <module> : Clicked
2022-11-17 10:37:12,753 - INFO - <module> : Clicked
2022-11-17 10:37:12,753 - INFO - <module> : Clicked
2022-11-17 10:37:14,818 - INFO - <module> : Clicked
2022-11-17 10:37:14,818 - INFO - <module> : Clicked
2022-11-17 10:37:14,818 - INFO - <module> : Clicked
2022-11-17 10:37:14,818 - INFO - <module> : Clicked
2022-11-17 10:37:45,087 - ERROR - <module> : Cannot Locate: scheduled_intrp
2022-11-17 10:37:45,087 - ERROR - <module> : Cannot Locate: scheduled_intrp
2022-11-17 10:37:45,087 - ERROR - <module> : Cannot Locate: scheduled_intrp
2022-11-17 10:37:45,087 - ERROR - <module> : Cannot Locate: scheduled_intrp
2022-11-17 10:37:45,185 - INFO - setup : Close Browser
