2023-01-09 09:51:48,373 - INFO - setup : Browser Launched!
2023-01-09 09:52:14,949 - INFO - <module> : Opened: https://meralco--fuat.lightning.force.com/lightning/page/home
2023-01-09 09:52:14,949 - INFO - <module> : Opened: https://meralco--fuat.lightning.force.com/lightning/page/home
2023-01-09 09:52:14,949 - INFO - <module> : Opened: https://meralco--fuat.lightning.force.com/lightning/page/home
2023-01-09 09:52:14,949 - INFO - <module> : Opened: https://meralco--fuat.lightning.force.com/lightning/page/home
2023-01-09 09:52:16,056 - INFO - <module> : Clicked
2023-01-09 09:52:16,056 - INFO - <module> : Clicked
2023-01-09 09:52:16,056 - INFO - <module> : Clicked
2023-01-09 09:52:16,056 - INFO - <module> : Clicked
2023-01-09 09:52:23,080 - INFO - <module> : input: v-lvlgalvez@meralco.com.ph
2023-01-09 09:52:23,080 - INFO - <module> : input: v-lvlgalvez@meralco.com.ph
2023-01-09 09:52:23,080 - INFO - <module> : input: v-lvlgalvez@meralco.com.ph
2023-01-09 09:52:23,080 - INFO - <module> : input: v-lvlgalvez@meralco.com.ph
2023-01-09 09:52:23,497 - INFO - <module> : Clicked
2023-01-09 09:52:23,497 - INFO - <module> : Clicked
2023-01-09 09:52:23,497 - INFO - <module> : Clicked
2023-01-09 09:52:23,497 - INFO - <module> : Clicked
2023-01-09 09:52:25,426 - INFO - <module> : input: Mecopass@@!!123
2023-01-09 09:52:25,426 - INFO - <module> : input: Mecopass@@!!123
2023-01-09 09:52:25,426 - INFO - <module> : input: Mecopass@@!!123
2023-01-09 09:52:25,426 - INFO - <module> : input: Mecopass@@!!123
2023-01-09 09:52:26,700 - INFO - <module> : Clicked
2023-01-09 09:52:26,700 - INFO - <module> : Clicked
2023-01-09 09:52:26,700 - INFO - <module> : Clicked
2023-01-09 09:52:26,700 - INFO - <module> : Clicked
2023-01-09 09:52:28,038 - INFO - <module> : Clicked
2023-01-09 09:52:28,038 - INFO - <module> : Clicked
2023-01-09 09:52:28,038 - INFO - <module> : Clicked
2023-01-09 09:52:28,038 - INFO - <module> : Clicked
2023-01-09 09:53:03,892 - INFO - <module> : Clicked
2023-01-09 09:53:03,892 - INFO - <module> : Clicked
2023-01-09 09:53:03,892 - INFO - <module> : Clicked
2023-01-09 09:53:03,892 - INFO - <module> : Clicked
2023-01-09 09:53:16,427 - INFO - <module> : Clicked
2023-01-09 09:53:16,427 - INFO - <module> : Clicked
2023-01-09 09:53:16,427 - INFO - <module> : Clicked
2023-01-09 09:53:16,427 - INFO - <module> : Clicked
2023-01-09 09:53:19,102 - INFO - <module> : input: 22122252189
2023-01-09 09:53:19,102 - INFO - <module> : input: 22122252189
2023-01-09 09:53:19,102 - INFO - <module> : input: 22122252189
2023-01-09 09:53:19,102 - INFO - <module> : input: 22122252189
2023-01-09 09:53:23,394 - INFO - <module> : Clicked
2023-01-09 09:53:23,394 - INFO - <module> : Clicked
2023-01-09 09:53:23,394 - INFO - <module> : Clicked
2023-01-09 09:53:23,394 - INFO - <module> : Clicked
2023-01-09 09:53:24,883 - INFO - <module> : input: Angelo Tafalla
2023-01-09 09:53:24,883 - INFO - <module> : input: Angelo Tafalla
2023-01-09 09:53:24,883 - INFO - <module> : input: Angelo Tafalla
2023-01-09 09:53:24,883 - INFO - <module> : input: Angelo Tafalla
2023-01-09 09:53:25,670 - INFO - <module> : Clicked
2023-01-09 09:53:25,670 - INFO - <module> : Clicked
2023-01-09 09:53:25,670 - INFO - <module> : Clicked
2023-01-09 09:53:25,670 - INFO - <module> : Clicked
2023-01-09 09:53:25,809 - INFO - <module> : Clicked
2023-01-09 09:53:25,809 - INFO - <module> : Clicked
2023-01-09 09:53:25,809 - INFO - <module> : Clicked
2023-01-09 09:53:25,809 - INFO - <module> : Clicked
2023-01-09 09:53:30,219 - INFO - <module> : Clicked
2023-01-09 09:53:30,219 - INFO - <module> : Clicked
2023-01-09 09:53:30,219 - INFO - <module> : Clicked
2023-01-09 09:53:30,219 - INFO - <module> : Clicked
2023-01-09 09:53:33,352 - INFO - <module> : Clicked
2023-01-09 09:53:33,352 - INFO - <module> : Clicked
2023-01-09 09:53:33,352 - INFO - <module> : Clicked
2023-01-09 09:53:33,352 - INFO - <module> : Clicked
2023-01-09 09:53:34,042 - INFO - <module> : Clicked
2023-01-09 09:53:34,042 - INFO - <module> : Clicked
2023-01-09 09:53:34,042 - INFO - <module> : Clicked
2023-01-09 09:53:34,042 - INFO - <module> : Clicked
2023-01-09 09:53:34,605 - INFO - <module> : input: 01/01/2023
2023-01-09 09:53:34,605 - INFO - <module> : input: 01/01/2023
2023-01-09 09:53:34,605 - INFO - <module> : input: 01/01/2023
2023-01-09 09:53:34,605 - INFO - <module> : input: 01/01/2023
2023-01-09 09:53:47,647 - INFO - <module> : Clicked
2023-01-09 09:53:47,647 - INFO - <module> : Clicked
2023-01-09 09:53:47,647 - INFO - <module> : Clicked
2023-01-09 09:53:47,647 - INFO - <module> : Clicked
2023-01-09 09:53:50,165 - INFO - <module> : Clicked
2023-01-09 09:53:50,165 - INFO - <module> : Clicked
2023-01-09 09:53:50,165 - INFO - <module> : Clicked
2023-01-09 09:53:50,165 - INFO - <module> : Clicked
2023-01-09 09:53:50,867 - INFO - <module> : Clicked
2023-01-09 09:53:50,867 - INFO - <module> : Clicked
2023-01-09 09:53:50,867 - INFO - <module> : Clicked
2023-01-09 09:53:50,867 - INFO - <module> : Clicked
2023-01-09 09:53:51,471 - INFO - <module> : input: 01/01/2023
2023-01-09 09:53:51,471 - INFO - <module> : input: 01/01/2023
2023-01-09 09:53:51,471 - INFO - <module> : input: 01/01/2023
2023-01-09 09:53:51,471 - INFO - <module> : input: 01/01/2023
2023-01-09 09:53:51,614 - INFO - <module> : Clicked
2023-01-09 09:53:51,614 - INFO - <module> : Clicked
2023-01-09 09:53:51,614 - INFO - <module> : Clicked
2023-01-09 09:53:51,614 - INFO - <module> : Clicked
2023-01-09 09:53:53,998 - INFO - setup : Close Browser
