2023-01-12 14:43:37,958 - INFO - setup : Browser Launched!
2023-01-12 14:44:18,616 - INFO - <module> : Clicked
2023-01-12 14:44:18,616 - INFO - <module> : Clicked
2023-01-12 14:44:18,616 - INFO - <module> : Clicked
2023-01-12 14:44:18,616 - INFO - <module> : Clicked
2023-01-12 14:44:18,616 - INFO - <module> : Clicked
2023-01-12 14:44:28,108 - INFO - <module> : input: arcebido.earljohn@gmail.com
2023-01-12 14:44:28,108 - INFO - <module> : input: arcebido.earljohn@gmail.com
2023-01-12 14:44:28,108 - INFO - <module> : input: arcebido.earljohn@gmail.com
2023-01-12 14:44:28,108 - INFO - <module> : input: arcebido.earljohn@gmail.com
2023-01-12 14:44:28,108 - INFO - <module> : input: arcebido.earljohn@gmail.com
2023-01-12 14:44:29,302 - INFO - <module> : Clicked
2023-01-12 14:44:29,302 - INFO - <module> : Clicked
2023-01-12 14:44:29,302 - INFO - <module> : Clicked
2023-01-12 14:44:29,302 - INFO - <module> : Clicked
2023-01-12 14:44:29,302 - INFO - <module> : Clicked
2023-01-12 14:44:31,014 - INFO - <module> : input: Eja09202903164!
2023-01-12 14:44:31,014 - INFO - <module> : input: Eja09202903164!
2023-01-12 14:44:31,014 - INFO - <module> : input: Eja09202903164!
2023-01-12 14:44:31,014 - INFO - <module> : input: Eja09202903164!
2023-01-12 14:44:31,014 - INFO - <module> : input: Eja09202903164!
2023-01-12 14:44:33,463 - INFO - <module> : Clicked
2023-01-12 14:44:33,463 - INFO - <module> : Clicked
2023-01-12 14:44:33,463 - INFO - <module> : Clicked
2023-01-12 14:44:33,463 - INFO - <module> : Clicked
2023-01-12 14:44:33,463 - INFO - <module> : Clicked
2023-01-12 14:45:12,568 - INFO - <module> : input: 9234567891
2023-01-12 14:45:12,568 - INFO - <module> : input: 9234567891
2023-01-12 14:45:12,568 - INFO - <module> : input: 9234567891
2023-01-12 14:45:12,568 - INFO - <module> : input: 9234567891
2023-01-12 14:45:12,568 - INFO - <module> : input: 9234567891
2023-01-12 14:45:13,171 - INFO - <module> :  clicked
2023-01-12 14:45:13,171 - INFO - <module> :  clicked
2023-01-12 14:45:13,171 - INFO - <module> :  clicked
2023-01-12 14:45:13,171 - INFO - <module> :  clicked
2023-01-12 14:45:13,171 - INFO - <module> :  clicked
2023-01-12 14:45:15,674 - INFO - <module> : Submit clicked
2023-01-12 14:45:15,674 - INFO - <module> : Submit clicked
2023-01-12 14:45:15,674 - INFO - <module> : Submit clicked
2023-01-12 14:45:15,674 - INFO - <module> : Submit clicked
2023-01-12 14:45:15,674 - INFO - <module> : Submit clicked
2023-01-12 14:45:23,294 - INFO - setup : Close Browser
