2022-12-21 14:58:49,322 - INFO - setup : Browser Launched!
2022-12-21 15:00:46,962 - INFO - <module> : Login to Meralco Online
2022-12-21 15:00:46,962 - INFO - <module> : Login to Meralco Online
2022-12-21 15:00:46,962 - INFO - <module> : Login to Meralco Online
2022-12-21 15:00:46,962 - INFO - <module> : Login to Meralco Online
2022-12-21 15:00:50,296 - INFO - <module> : input: ATNewSAMObiz@yopmail.com
2022-12-21 15:00:50,296 - INFO - <module> : input: ATNewSAMObiz@yopmail.com
2022-12-21 15:00:50,296 - INFO - <module> : input: ATNewSAMObiz@yopmail.com
2022-12-21 15:00:50,296 - INFO - <module> : input: ATNewSAMObiz@yopmail.com
2022-12-21 15:00:50,649 - INFO - <module> : input: Meralco01
2022-12-21 15:00:50,649 - INFO - <module> : input: Meralco01
2022-12-21 15:00:50,649 - INFO - <module> : input: Meralco01
2022-12-21 15:00:50,649 - INFO - <module> : input: Meralco01
2022-12-21 15:00:51,631 - INFO - <module> : Clicked
2022-12-21 15:00:51,631 - INFO - <module> : Clicked
2022-12-21 15:00:51,631 - INFO - <module> : Clicked
2022-12-21 15:00:51,631 - INFO - <module> : Clicked
2022-12-21 15:00:57,849 - INFO - <module> : Hello, exists
2022-12-21 15:00:57,849 - INFO - <module> : Hello, exists
2022-12-21 15:00:57,849 - INFO - <module> : Hello, exists
2022-12-21 15:00:57,849 - INFO - <module> : Hello, exists
2022-12-21 15:01:10,766 - INFO - <module> : Click on Request for a Service tile
2022-12-21 15:01:10,766 - INFO - <module> : Click on Request for a Service tile
2022-12-21 15:01:10,766 - INFO - <module> : Click on Request for a Service tile
2022-12-21 15:01:10,766 - INFO - <module> : Click on Request for a Service tile
2022-12-21 15:01:13,730 - INFO - <module> : Clicked
2022-12-21 15:01:13,730 - INFO - <module> : Clicked
2022-12-21 15:01:13,730 - INFO - <module> : Clicked
2022-12-21 15:01:13,730 - INFO - <module> : Clicked
2022-12-21 15:01:19,094 - INFO - <module> :  clicked
2022-12-21 15:01:19,094 - INFO - <module> :  clicked
2022-12-21 15:01:19,094 - INFO - <module> :  clicked
2022-12-21 15:01:19,094 - INFO - <module> :  clicked
2022-12-21 15:01:24,593 - INFO - <module> : Populate all required fields in Contact Information tab > Click Next
2022-12-21 15:01:24,593 - INFO - <module> : Populate all required fields in Contact Information tab > Click Next
2022-12-21 15:01:24,593 - INFO - <module> : Populate all required fields in Contact Information tab > Click Next
2022-12-21 15:01:24,593 - INFO - <module> : Populate all required fields in Contact Information tab > Click Next
2022-12-21 15:01:30,937 - INFO - <module> : Clicked
2022-12-21 15:01:30,937 - INFO - <module> : Clicked
2022-12-21 15:01:30,937 - INFO - <module> : Clicked
2022-12-21 15:01:30,937 - INFO - <module> : Clicked
2022-12-21 15:01:36,468 - INFO - <module> : Populate the following:
Service Address
Province
City / Municipality
Home Ownership
Billing Address Indicator
2022-12-21 15:01:36,468 - INFO - <module> : Populate the following:
Service Address
Province
City / Municipality
Home Ownership
Billing Address Indicator
2022-12-21 15:01:36,468 - INFO - <module> : Populate the following:
Service Address
Province
City / Municipality
Home Ownership
Billing Address Indicator
2022-12-21 15:01:36,468 - INFO - <module> : Populate the following:
Service Address
Province
City / Municipality
Home Ownership
Billing Address Indicator
2022-12-21 15:01:36,834 - INFO - <module> : input: 123 Santo Tomas
2022-12-21 15:01:36,834 - INFO - <module> : input: 123 Santo Tomas
2022-12-21 15:01:36,834 - INFO - <module> : input: 123 Santo Tomas
2022-12-21 15:01:36,834 - INFO - <module> : input: 123 Santo Tomas
2022-12-21 15:01:39,907 - INFO - <module> : Clicked
2022-12-21 15:01:39,907 - INFO - <module> : Clicked
2022-12-21 15:01:39,907 - INFO - <module> : Clicked
2022-12-21 15:01:39,907 - INFO - <module> : Clicked
2022-12-21 15:01:45,432 - INFO - <module> : Populate the following:
Notification indicator
AMC indicator
Paperless Billing indicator
APA indicator
> Attach documents
> Click Next
2022-12-21 15:01:45,432 - INFO - <module> : Populate the following:
Notification indicator
AMC indicator
Paperless Billing indicator
APA indicator
> Attach documents
> Click Next
2022-12-21 15:01:45,432 - INFO - <module> : Populate the following:
Notification indicator
AMC indicator
Paperless Billing indicator
APA indicator
> Attach documents
> Click Next
2022-12-21 15:01:45,432 - INFO - <module> : Populate the following:
Notification indicator
AMC indicator
Paperless Billing indicator
APA indicator
> Attach documents
> Click Next
2022-12-21 15:01:48,115 - INFO - <module> : Clicked
2022-12-21 15:01:48,115 - INFO - <module> : Clicked
2022-12-21 15:01:48,115 - INFO - <module> : Clicked
2022-12-21 15:01:48,115 - INFO - <module> : Clicked
2022-12-21 15:01:53,731 - INFO - <module> : Tick on I have read and agree to the Meralco Online Terms & Conditions and consent to the processing of my personal data in accordance with the Privacy Policy
2022-12-21 15:01:53,731 - INFO - <module> : Tick on I have read and agree to the Meralco Online Terms & Conditions and consent to the processing of my personal data in accordance with the Privacy Policy
2022-12-21 15:01:53,731 - INFO - <module> : Tick on I have read and agree to the Meralco Online Terms & Conditions and consent to the processing of my personal data in accordance with the Privacy Policy
2022-12-21 15:01:53,731 - INFO - <module> : Tick on I have read and agree to the Meralco Online Terms & Conditions and consent to the processing of my personal data in accordance with the Privacy Policy
2022-12-21 15:02:06,751 - INFO - <module> : Clicked
2022-12-21 15:02:06,751 - INFO - <module> : Clicked
2022-12-21 15:02:06,751 - INFO - <module> : Clicked
2022-12-21 15:02:06,751 - INFO - <module> : Clicked
2022-12-21 15:02:07,293 - INFO - <module> : Click Submit
2022-12-21 15:02:07,293 - INFO - <module> : Click Submit
2022-12-21 15:02:07,293 - INFO - <module> : Click Submit
2022-12-21 15:02:07,293 - INFO - <module> : Click Submit
2022-12-21 15:02:42,137 - ERROR - <module> : Cannot Locate: ok_btn
2022-12-21 15:02:42,137 - ERROR - <module> : Cannot Locate: ok_btn
2022-12-21 15:02:42,137 - ERROR - <module> : Cannot Locate: ok_btn
2022-12-21 15:02:42,137 - ERROR - <module> : Cannot Locate: ok_btn
2022-12-21 15:02:42,407 - INFO - setup : Close Browser
