2022-11-18 16:15:04,269 - INFO - setup : Browser Launched!
2022-11-18 16:15:14,847 - INFO - <module> : Opened: https://outage-api.meralco.com.ph/
2022-11-18 16:15:14,847 - INFO - <module> : Opened: https://outage-api.meralco.com.ph/
2022-11-18 16:15:14,847 - INFO - <module> : Opened: https://outage-api.meralco.com.ph/
2022-11-18 16:15:14,847 - INFO - <module> : Opened: https://outage-api.meralco.com.ph/
2022-11-18 16:15:17,667 - INFO - <module> : input: v-agsealmoy@meralco.com.ph
2022-11-18 16:15:17,667 - INFO - <module> : input: v-agsealmoy@meralco.com.ph
2022-11-18 16:15:17,667 - INFO - <module> : input: v-agsealmoy@meralco.com.ph
2022-11-18 16:15:17,667 - INFO - <module> : input: v-agsealmoy@meralco.com.ph
2022-11-18 16:15:17,738 - INFO - <module> : Clicked
2022-11-18 16:15:17,738 - INFO - <module> : Clicked
2022-11-18 16:15:17,738 - INFO - <module> : Clicked
2022-11-18 16:15:17,738 - INFO - <module> : Clicked
2022-11-18 16:15:19,385 - INFO - <module> : input: Meco@@##00018
2022-11-18 16:15:19,385 - INFO - <module> : input: Meco@@##00018
2022-11-18 16:15:19,385 - INFO - <module> : input: Meco@@##00018
2022-11-18 16:15:19,385 - INFO - <module> : input: Meco@@##00018
2022-11-18 16:15:19,849 - INFO - <module> : Clicked
2022-11-18 16:15:19,849 - INFO - <module> : Clicked
2022-11-18 16:15:19,849 - INFO - <module> : Clicked
2022-11-18 16:15:19,849 - INFO - <module> : Clicked
2022-11-18 16:15:20,503 - INFO - <module> : Clicked
2022-11-18 16:15:20,503 - INFO - <module> : Clicked
2022-11-18 16:15:20,503 - INFO - <module> : Clicked
2022-11-18 16:15:20,503 - INFO - <module> : Clicked
2022-11-18 16:15:57,172 - INFO - <module> : Clicked
2022-11-18 16:15:57,172 - INFO - <module> : Clicked
2022-11-18 16:15:57,172 - INFO - <module> : Clicked
2022-11-18 16:15:57,172 - INFO - <module> : Clicked
2022-11-18 16:16:21,753 - INFO - <module> : Hover over Refresh data button
2022-11-18 16:16:21,753 - INFO - <module> : Hover over Refresh data button
2022-11-18 16:16:21,753 - INFO - <module> : Hover over Refresh data button
2022-11-18 16:16:21,753 - INFO - <module> : Hover over Refresh data button
2022-11-18 16:16:34,315 - INFO - setup : Close Browser
