2022-11-18 16:04:09,560 - INFO - setup : Browser Launched!
2022-11-18 16:04:16,762 - INFO - <module> : Opened: https://outage-api.meralco.com.ph/
2022-11-18 16:04:16,762 - INFO - <module> : Opened: https://outage-api.meralco.com.ph/
2022-11-18 16:04:16,762 - INFO - <module> : Opened: https://outage-api.meralco.com.ph/
2022-11-18 16:04:16,762 - INFO - <module> : Opened: https://outage-api.meralco.com.ph/
2022-11-18 16:04:17,953 - INFO - <module> : input: v-agsealmoy@meralco.com.ph
2022-11-18 16:04:17,953 - INFO - <module> : input: v-agsealmoy@meralco.com.ph
2022-11-18 16:04:17,953 - INFO - <module> : input: v-agsealmoy@meralco.com.ph
2022-11-18 16:04:17,953 - INFO - <module> : input: v-agsealmoy@meralco.com.ph
2022-11-18 16:04:18,020 - INFO - <module> : Clicked
2022-11-18 16:04:18,020 - INFO - <module> : Clicked
2022-11-18 16:04:18,020 - INFO - <module> : Clicked
2022-11-18 16:04:18,020 - INFO - <module> : Clicked
2022-11-18 16:04:19,613 - INFO - <module> : input: Meco@@##00018
2022-11-18 16:04:19,613 - INFO - <module> : input: Meco@@##00018
2022-11-18 16:04:19,613 - INFO - <module> : input: Meco@@##00018
2022-11-18 16:04:19,613 - INFO - <module> : input: Meco@@##00018
2022-11-18 16:04:19,988 - INFO - <module> : Clicked
2022-11-18 16:04:19,988 - INFO - <module> : Clicked
2022-11-18 16:04:19,988 - INFO - <module> : Clicked
2022-11-18 16:04:19,988 - INFO - <module> : Clicked
2022-11-18 16:04:20,582 - INFO - <module> : Clicked
2022-11-18 16:04:20,582 - INFO - <module> : Clicked
2022-11-18 16:04:20,582 - INFO - <module> : Clicked
2022-11-18 16:04:20,582 - INFO - <module> : Clicked
2022-11-18 16:04:48,710 - INFO - <module> : Clicked
2022-11-18 16:04:48,710 - INFO - <module> : Clicked
2022-11-18 16:04:48,710 - INFO - <module> : Clicked
2022-11-18 16:04:48,710 - INFO - <module> : Clicked
2022-11-18 16:05:06,753 - INFO - <module> : Zoom in using scroll wheel
2022-11-18 16:05:06,753 - INFO - <module> : Zoom in using scroll wheel
2022-11-18 16:05:06,753 - INFO - <module> : Zoom in using scroll wheel
2022-11-18 16:05:06,753 - INFO - <module> : Zoom in using scroll wheel
2022-11-18 16:05:06,837 - INFO - setup : Close Browser
