2022-11-18 16:26:42,595 - INFO - setup : Browser Launched!
2022-11-18 16:26:53,452 - INFO - <module> : Opened: https://outage-api.meralco.com.ph/
2022-11-18 16:26:53,452 - INFO - <module> : Opened: https://outage-api.meralco.com.ph/
2022-11-18 16:26:53,452 - INFO - <module> : Opened: https://outage-api.meralco.com.ph/
2022-11-18 16:26:53,452 - INFO - <module> : Opened: https://outage-api.meralco.com.ph/
2022-11-18 16:26:55,615 - INFO - <module> : input: v-agsealmoy@meralco.com.ph
2022-11-18 16:26:55,615 - INFO - <module> : input: v-agsealmoy@meralco.com.ph
2022-11-18 16:26:55,615 - INFO - <module> : input: v-agsealmoy@meralco.com.ph
2022-11-18 16:26:55,615 - INFO - <module> : input: v-agsealmoy@meralco.com.ph
2022-11-18 16:26:55,787 - INFO - <module> : Clicked
2022-11-18 16:26:55,787 - INFO - <module> : Clicked
2022-11-18 16:26:55,787 - INFO - <module> : Clicked
2022-11-18 16:26:55,787 - INFO - <module> : Clicked
2022-11-18 16:26:57,565 - INFO - <module> : input: Meco@@##00018
2022-11-18 16:26:57,565 - INFO - <module> : input: Meco@@##00018
2022-11-18 16:26:57,565 - INFO - <module> : input: Meco@@##00018
2022-11-18 16:26:57,565 - INFO - <module> : input: Meco@@##00018
2022-11-18 16:26:58,216 - INFO - <module> : Clicked
2022-11-18 16:26:58,216 - INFO - <module> : Clicked
2022-11-18 16:26:58,216 - INFO - <module> : Clicked
2022-11-18 16:26:58,216 - INFO - <module> : Clicked
2022-11-18 16:26:58,951 - INFO - <module> : Clicked
2022-11-18 16:26:58,951 - INFO - <module> : Clicked
2022-11-18 16:26:58,951 - INFO - <module> : Clicked
2022-11-18 16:26:58,951 - INFO - <module> : Clicked
2022-11-18 16:27:27,853 - INFO - <module> : Clicked
2022-11-18 16:27:27,853 - INFO - <module> : Clicked
2022-11-18 16:27:27,853 - INFO - <module> : Clicked
2022-11-18 16:27:27,853 - INFO - <module> : Clicked
2022-11-18 16:27:55,408 - INFO - <module> : Hover over Refresh data button
2022-11-18 16:27:55,408 - INFO - <module> : Hover over Refresh data button
2022-11-18 16:27:55,408 - INFO - <module> : Hover over Refresh data button
2022-11-18 16:27:55,408 - INFO - <module> : Hover over Refresh data button
2022-11-18 16:28:08,501 - INFO - setup : Close Browser
