2022-10-26 11:41:04,187 - INFO - setup : Browser Launched!
2022-10-26 11:41:12,700 - INFO - <module> : Click Refresh Data button in header
2022-10-26 11:41:12,700 - INFO - <module> : Click Refresh Data button in header
2022-10-26 11:41:12,700 - INFO - <module> : Click Refresh Data button in header
2022-10-26 11:41:12,700 - INFO - <module> : Click Refresh Data button in header
2022-10-26 11:41:14,228 - INFO - <module> : Opened: https://outage-api.meralco.com.ph/
2022-10-26 11:41:14,228 - INFO - <module> : Opened: https://outage-api.meralco.com.ph/
2022-10-26 11:41:14,228 - INFO - <module> : Opened: https://outage-api.meralco.com.ph/
2022-10-26 11:41:14,228 - INFO - <module> : Opened: https://outage-api.meralco.com.ph/
2022-10-26 11:41:16,018 - INFO - <module> : input: v-lvlgalvez@meralco.com.ph
2022-10-26 11:41:16,018 - INFO - <module> : input: v-lvlgalvez@meralco.com.ph
2022-10-26 11:41:16,018 - INFO - <module> : input: v-lvlgalvez@meralco.com.ph
2022-10-26 11:41:16,018 - INFO - <module> : input: v-lvlgalvez@meralco.com.ph
2022-10-26 11:41:16,083 - INFO - <module> : Clicked
2022-10-26 11:41:16,083 - INFO - <module> : Clicked
2022-10-26 11:41:16,083 - INFO - <module> : Clicked
2022-10-26 11:41:16,083 - INFO - <module> : Clicked
2022-10-26 11:41:17,193 - INFO - <module> : input: Mecopass@@!!129
2022-10-26 11:41:17,193 - INFO - <module> : input: Mecopass@@!!129
2022-10-26 11:41:17,193 - INFO - <module> : input: Mecopass@@!!129
2022-10-26 11:41:17,193 - INFO - <module> : input: Mecopass@@!!129
2022-10-26 11:41:17,781 - INFO - <module> : Clicked
2022-10-26 11:41:17,781 - INFO - <module> : Clicked
2022-10-26 11:41:17,781 - INFO - <module> : Clicked
2022-10-26 11:41:17,781 - INFO - <module> : Clicked
2022-10-26 11:41:18,389 - INFO - <module> : Clicked
2022-10-26 11:41:18,389 - INFO - <module> : Clicked
2022-10-26 11:41:18,389 - INFO - <module> : Clicked
2022-10-26 11:41:18,389 - INFO - <module> : Clicked
2022-10-26 11:41:57,254 - INFO - <module> : Clicked
2022-10-26 11:41:57,254 - INFO - <module> : Clicked
2022-10-26 11:41:57,254 - INFO - <module> : Clicked
2022-10-26 11:41:57,254 - INFO - <module> : Clicked
2022-10-26 11:42:01,995 - INFO - <module> : Clicked
2022-10-26 11:42:01,995 - INFO - <module> : Clicked
2022-10-26 11:42:01,995 - INFO - <module> : Clicked
2022-10-26 11:42:01,995 - INFO - <module> : Clicked
2022-10-26 11:42:04,390 - INFO - setup : Close Browser
