2023-01-10 14:51:44,966 - INFO - setup : Browser Launched!
2023-01-10 14:51:57,763 - INFO - <module> : Go to Outages & Incidents > Report Streetlight And Safety Concerns
2023-01-10 14:51:57,763 - INFO - <module> : Go to Outages & Incidents > Report Streetlight And Safety Concerns
2023-01-10 14:51:57,763 - INFO - <module> : Go to Outages & Incidents > Report Streetlight And Safety Concerns
2023-01-10 14:51:57,763 - INFO - <module> : Go to Outages & Incidents > Report Streetlight And Safety Concerns
2023-01-10 14:51:57,763 - INFO - <module> : Go to Outages & Incidents > Report Streetlight And Safety Concerns
2023-01-10 14:52:05,782 - INFO - <module> : Opened: https://fuat-meralco.cs73.force.com/customers/s/outagemap
2023-01-10 14:52:05,782 - INFO - <module> : Opened: https://fuat-meralco.cs73.force.com/customers/s/outagemap
2023-01-10 14:52:05,782 - INFO - <module> : Opened: https://fuat-meralco.cs73.force.com/customers/s/outagemap
2023-01-10 14:52:05,782 - INFO - <module> : Opened: https://fuat-meralco.cs73.force.com/customers/s/outagemap
2023-01-10 14:52:05,782 - INFO - <module> : Opened: https://fuat-meralco.cs73.force.com/customers/s/outagemap
2023-01-10 14:52:07,599 - INFO - <module> : Meralco would like to access your location to identify if your area is affected by an outage. exists
2023-01-10 14:52:07,599 - INFO - <module> : Meralco would like to access your location to identify if your area is affected by an outage. exists
2023-01-10 14:52:07,599 - INFO - <module> : Meralco would like to access your location to identify if your area is affected by an outage. exists
2023-01-10 14:52:07,599 - INFO - <module> : Meralco would like to access your location to identify if your area is affected by an outage. exists
2023-01-10 14:52:07,599 - INFO - <module> : Meralco would like to access your location to identify if your area is affected by an outage. exists
2023-01-10 14:52:09,706 - INFO - <module> : Clicked
2023-01-10 14:52:09,706 - INFO - <module> : Clicked
2023-01-10 14:52:09,706 - INFO - <module> : Clicked
2023-01-10 14:52:09,706 - INFO - <module> : Clicked
2023-01-10 14:52:09,706 - INFO - <module> : Clicked
2023-01-10 14:52:13,816 - INFO - <module> : Clicked
2023-01-10 14:52:13,816 - INFO - <module> : Clicked
2023-01-10 14:52:13,816 - INFO - <module> : Clicked
2023-01-10 14:52:13,816 - INFO - <module> : Clicked
2023-01-10 14:52:13,816 - INFO - <module> : Clicked
2023-01-10 14:52:24,560 - INFO - <module> : Report an Outage or Incident exists
2023-01-10 14:52:24,560 - INFO - <module> : Report an Outage or Incident exists
2023-01-10 14:52:24,560 - INFO - <module> : Report an Outage or Incident exists
2023-01-10 14:52:24,560 - INFO - <module> : Report an Outage or Incident exists
2023-01-10 14:52:24,560 - INFO - <module> : Report an Outage or Incident exists
2023-01-10 14:52:24,618 - INFO - <module> : Clicked
2023-01-10 14:52:24,618 - INFO - <module> : Clicked
2023-01-10 14:52:24,618 - INFO - <module> : Clicked
2023-01-10 14:52:24,618 - INFO - <module> : Clicked
2023-01-10 14:52:24,618 - INFO - <module> : Clicked
2023-01-10 14:52:27,712 - INFO - <module> : Populate required fields > click Submit
2023-01-10 14:52:27,712 - INFO - <module> : Populate required fields > click Submit
2023-01-10 14:52:27,712 - INFO - <module> : Populate required fields > click Submit
2023-01-10 14:52:27,712 - INFO - <module> : Populate required fields > click Submit
2023-01-10 14:52:27,712 - INFO - <module> : Populate required fields > click Submit
2023-01-10 14:52:35,535 - INFO - setup : Close Browser
