2022-10-17 08:56:14,905 - INFO - setup : Browser Launched!
2022-10-17 08:56:22,296 - INFO - <module> : Login to Meralco Online
2022-10-17 08:56:22,296 - INFO - <module> : Login to Meralco Online
2022-10-17 08:56:22,296 - INFO - <module> : Login to Meralco Online
2022-10-17 08:56:22,296 - INFO - <module> : Login to Meralco Online
2022-10-17 08:56:23,443 - INFO - <module> : Opened: https://fuat-meralco.cs73.force.com/customers/s/splash
2022-10-17 08:56:23,443 - INFO - <module> : Opened: https://fuat-meralco.cs73.force.com/customers/s/splash
2022-10-17 08:56:23,443 - INFO - <module> : Opened: https://fuat-meralco.cs73.force.com/customers/s/splash
2022-10-17 08:56:23,443 - INFO - <module> : Opened: https://fuat-meralco.cs73.force.com/customers/s/splash
2022-10-17 08:56:23,745 - INFO - <module> : input: atmooutageaccount@yopmail.com
2022-10-17 08:56:23,745 - INFO - <module> : input: atmooutageaccount@yopmail.com
2022-10-17 08:56:23,745 - INFO - <module> : input: atmooutageaccount@yopmail.com
2022-10-17 08:56:23,745 - INFO - <module> : input: atmooutageaccount@yopmail.com
2022-10-17 08:56:23,810 - INFO - <module> : input: Meralco01
2022-10-17 08:56:23,810 - INFO - <module> : input: Meralco01
2022-10-17 08:56:23,810 - INFO - <module> : input: Meralco01
2022-10-17 08:56:23,810 - INFO - <module> : input: Meralco01
2022-10-17 08:56:23,863 - INFO - <module> : Log in clicked
2022-10-17 08:56:23,863 - INFO - <module> : Log in clicked
2022-10-17 08:56:23,863 - INFO - <module> : Log in clicked
2022-10-17 08:56:23,863 - INFO - <module> : Log in clicked
2022-10-17 08:56:28,280 - INFO - <module> : Hello, exists
2022-10-17 08:56:28,280 - INFO - <module> : Hello, exists
2022-10-17 08:56:28,280 - INFO - <module> : Hello, exists
2022-10-17 08:56:28,280 - INFO - <module> : Hello, exists
2022-10-17 08:56:28,303 - INFO - <module> : Hello, exists
2022-10-17 08:56:28,303 - INFO - <module> : Hello, exists
2022-10-17 08:56:28,303 - INFO - <module> : Hello, exists
2022-10-17 08:56:28,303 - INFO - <module> : Hello, exists
2022-10-17 08:56:31,098 - INFO - <module> : Go to Outages & Incidents > View/Report Outages
2022-10-17 08:56:31,098 - INFO - <module> : Go to Outages & Incidents > View/Report Outages
2022-10-17 08:56:31,098 - INFO - <module> : Go to Outages & Incidents > View/Report Outages
2022-10-17 08:56:31,098 - INFO - <module> : Go to Outages & Incidents > View/Report Outages
2022-10-17 08:56:31,180 - INFO - <module> : Outages & Incidents clicked
2022-10-17 08:56:31,180 - INFO - <module> : Outages & Incidents clicked
2022-10-17 08:56:31,180 - INFO - <module> : Outages & Incidents clicked
2022-10-17 08:56:31,180 - INFO - <module> : Outages & Incidents clicked
2022-10-17 08:56:31,236 - INFO - <module> :  clicked
2022-10-17 08:56:31,236 - INFO - <module> :  clicked
2022-10-17 08:56:31,236 - INFO - <module> :  clicked
2022-10-17 08:56:31,236 - INFO - <module> :  clicked
2022-10-17 08:56:39,991 - INFO - <module> : Okay clicked
2022-10-17 08:56:39,991 - INFO - <module> : Okay clicked
2022-10-17 08:56:39,991 - INFO - <module> : Okay clicked
2022-10-17 08:56:39,991 - INFO - <module> : Okay clicked
2022-10-17 08:56:42,381 - INFO - setup : Close Browser
