2023-01-12 15:14:32,816 - INFO - setup : Browser Launched!
2023-01-12 15:15:11,604 - INFO - <module> : Clicked
2023-01-12 15:15:11,604 - INFO - <module> : Clicked
2023-01-12 15:15:11,604 - INFO - <module> : Clicked
2023-01-12 15:15:11,604 - INFO - <module> : Clicked
2023-01-12 15:15:21,287 - INFO - <module> : input: arcebido.earljohn@gmail.com
2023-01-12 15:15:21,287 - INFO - <module> : input: arcebido.earljohn@gmail.com
2023-01-12 15:15:21,287 - INFO - <module> : input: arcebido.earljohn@gmail.com
2023-01-12 15:15:21,287 - INFO - <module> : input: arcebido.earljohn@gmail.com
2023-01-12 15:15:22,729 - INFO - <module> : Clicked
2023-01-12 15:15:22,729 - INFO - <module> : Clicked
2023-01-12 15:15:22,729 - INFO - <module> : Clicked
2023-01-12 15:15:22,729 - INFO - <module> : Clicked
2023-01-12 15:15:24,468 - INFO - <module> : input: Eja09202903164!
2023-01-12 15:15:24,468 - INFO - <module> : input: Eja09202903164!
2023-01-12 15:15:24,468 - INFO - <module> : input: Eja09202903164!
2023-01-12 15:15:24,468 - INFO - <module> : input: Eja09202903164!
2023-01-12 15:15:26,941 - INFO - <module> : Clicked
2023-01-12 15:15:26,941 - INFO - <module> : Clicked
2023-01-12 15:15:26,941 - INFO - <module> : Clicked
2023-01-12 15:15:26,941 - INFO - <module> : Clicked
2023-01-12 15:16:05,850 - INFO - <module> : input: 9234567891
2023-01-12 15:16:05,850 - INFO - <module> : input: 9234567891
2023-01-12 15:16:05,850 - INFO - <module> : input: 9234567891
2023-01-12 15:16:05,850 - INFO - <module> : input: 9234567891
2023-01-12 15:16:06,175 - INFO - <module> : input: 3534057721
2023-01-12 15:16:06,175 - INFO - <module> : input: 3534057721
2023-01-12 15:16:06,175 - INFO - <module> : input: 3534057721
2023-01-12 15:16:06,175 - INFO - <module> : input: 3534057721
2023-01-12 15:16:06,342 - INFO - <module> : input: 400
2023-01-12 15:16:06,342 - INFO - <module> : input: 400
2023-01-12 15:16:06,342 - INFO - <module> : input: 400
2023-01-12 15:16:06,342 - INFO - <module> : input: 400
2023-01-12 15:16:07,386 - INFO - <module> : input: 12/13/2022
2023-01-12 15:16:07,386 - INFO - <module> : input: 12/13/2022
2023-01-12 15:16:07,386 - INFO - <module> : input: 12/13/2022
2023-01-12 15:16:07,386 - INFO - <module> : input: 12/13/2022
2023-01-12 15:16:07,735 - INFO - <module> :  clicked
2023-01-12 15:16:07,735 - INFO - <module> :  clicked
2023-01-12 15:16:07,735 - INFO - <module> :  clicked
2023-01-12 15:16:07,735 - INFO - <module> :  clicked
2023-01-12 15:16:10,236 - INFO - <module> : Submit clicked
2023-01-12 15:16:10,236 - INFO - <module> : Submit clicked
2023-01-12 15:16:10,236 - INFO - <module> : Submit clicked
2023-01-12 15:16:10,236 - INFO - <module> : Submit clicked
2023-01-12 15:16:19,197 - INFO - setup : Close Browser
