2022-10-12 16:23:07,637 - INFO - setup : Browser Launched!
2022-10-12 16:23:17,782 - INFO - <module> : Go to External Map 
2022-10-12 16:23:17,782 - INFO - <module> : Go to External Map 
2022-10-12 16:23:17,782 - INFO - <module> : Go to External Map 
2022-10-12 16:23:19,370 - INFO - <module> : Opened: https://fuat-meralco.cs73.force.com/customers/s/outagemap
2022-10-12 16:23:19,370 - INFO - <module> : Opened: https://fuat-meralco.cs73.force.com/customers/s/outagemap
2022-10-12 16:23:19,370 - INFO - <module> : Opened: https://fuat-meralco.cs73.force.com/customers/s/outagemap
2022-10-12 16:23:24,419 - INFO - <module> : Meralco would like to access your location to identify if your area is affected by an outage. exists
2022-10-12 16:23:24,419 - INFO - <module> : Meralco would like to access your location to identify if your area is affected by an outage. exists
2022-10-12 16:23:24,419 - INFO - <module> : Meralco would like to access your location to identify if your area is affected by an outage. exists
2022-10-12 16:23:27,324 - INFO - <module> : Select weather information to be displayed
2022-10-12 16:23:27,324 - INFO - <module> : Select weather information to be displayed
2022-10-12 16:23:27,324 - INFO - <module> : Select weather information to be displayed
2022-10-12 16:23:27,444 - INFO - <module> : Disagree clicked
2022-10-12 16:23:27,444 - INFO - <module> : Disagree clicked
2022-10-12 16:23:27,444 - INFO - <module> : Disagree clicked
2022-10-12 16:23:27,920 - INFO - <module> :  clicked
2022-10-12 16:23:27,920 - INFO - <module> :  clicked
2022-10-12 16:23:27,920 - INFO - <module> :  clicked
2022-10-12 16:23:30,312 - INFO - <module> :  clicked
2022-10-12 16:23:30,312 - INFO - <module> :  clicked
2022-10-12 16:23:30,312 - INFO - <module> :  clicked
2022-10-12 16:23:33,318 - INFO - <module> : Select weather information to be displayed
2022-10-12 16:23:33,318 - INFO - <module> : Select weather information to be displayed
2022-10-12 16:23:33,318 - INFO - <module> : Select weather information to be displayed
2022-10-12 16:23:33,368 - INFO - setup : Close Browser
