2023-01-05 13:29:24,648 - INFO - setup : Browser Launched!
2023-01-05 13:29:54,467 - INFO - <module> : Opened: https://fuat-meralco.cs73.force.com/customers/s/cxe-apply
2023-01-05 13:29:54,467 - INFO - <module> : Opened: https://fuat-meralco.cs73.force.com/customers/s/cxe-apply
2023-01-05 13:29:54,467 - INFO - <module> : Opened: https://fuat-meralco.cs73.force.com/customers/s/cxe-apply
2023-01-05 13:29:54,467 - INFO - <module> : Opened: https://fuat-meralco.cs73.force.com/customers/s/cxe-apply
2023-01-05 13:30:00,524 - INFO - <module> : Service Application exists
2023-01-05 13:30:00,524 - INFO - <module> : Service Application exists
2023-01-05 13:30:00,524 - INFO - <module> : Service Application exists
2023-01-05 13:30:00,524 - INFO - <module> : Service Application exists
2023-01-05 13:30:03,891 - INFO - <module> : Clicked
2023-01-05 13:30:03,891 - INFO - <module> : Clicked
2023-01-05 13:30:03,891 - INFO - <module> : Clicked
2023-01-05 13:30:03,891 - INFO - <module> : Clicked
2023-01-05 13:30:12,040 - INFO - <module> : Clicked
2023-01-05 13:30:12,040 - INFO - <module> : Clicked
2023-01-05 13:30:12,040 - INFO - <module> : Clicked
2023-01-05 13:30:12,040 - INFO - <module> : Clicked
2023-01-05 13:30:15,634 - INFO - <module> : input: 0104248103
2023-01-05 13:30:15,634 - INFO - <module> : input: 0104248103
2023-01-05 13:30:15,634 - INFO - <module> : input: 0104248103
2023-01-05 13:30:15,634 - INFO - <module> : input: 0104248103
2023-01-05 13:30:16,387 - INFO - <module> : Clicked
2023-01-05 13:30:16,387 - INFO - <module> : Clicked
2023-01-05 13:30:16,387 - INFO - <module> : Clicked
2023-01-05 13:30:16,387 - INFO - <module> : Clicked
2023-01-05 13:30:16,527 - INFO - <module> : Clicked
2023-01-05 13:30:16,527 - INFO - <module> : Clicked
2023-01-05 13:30:16,527 - INFO - <module> : Clicked
2023-01-05 13:30:16,527 - INFO - <module> : Clicked
2023-01-05 13:30:16,649 - INFO - <module> : input: automation1
2023-01-05 13:30:16,649 - INFO - <module> : input: automation1
2023-01-05 13:30:16,649 - INFO - <module> : input: automation1
2023-01-05 13:30:16,649 - INFO - <module> : input: automation1
2023-01-05 13:30:16,789 - INFO - <module> : input: +6321234543
2023-01-05 13:30:16,789 - INFO - <module> : input: +6321234543
2023-01-05 13:30:16,789 - INFO - <module> : input: +6321234543
2023-01-05 13:30:16,789 - INFO - <module> : input: +6321234543
2023-01-05 13:30:16,885 - INFO - <module> : input: automation5
2023-01-05 13:30:16,885 - INFO - <module> : input: automation5
2023-01-05 13:30:16,885 - INFO - <module> : input: automation5
2023-01-05 13:30:16,885 - INFO - <module> : input: automation5
2023-01-05 13:30:16,956 - INFO - <module> : input: automation6
2023-01-05 13:30:16,956 - INFO - <module> : input: automation6
2023-01-05 13:30:16,956 - INFO - <module> : input: automation6
2023-01-05 13:30:16,956 - INFO - <module> : input: automation6
2023-01-05 13:30:17,086 - INFO - <module> : input: automation2@yopmail.com
2023-01-05 13:30:17,086 - INFO - <module> : input: automation2@yopmail.com
2023-01-05 13:30:17,086 - INFO - <module> : input: automation2@yopmail.com
2023-01-05 13:30:17,086 - INFO - <module> : input: automation2@yopmail.com
2023-01-05 13:30:17,176 - INFO - <module> : input: +639234567891
2023-01-05 13:30:17,176 - INFO - <module> : input: +639234567891
2023-01-05 13:30:17,176 - INFO - <module> : input: +639234567891
2023-01-05 13:30:17,176 - INFO - <module> : input: +639234567891
2023-01-05 13:30:17,240 - INFO - <module> : input: manager
2023-01-05 13:30:17,240 - INFO - <module> : input: manager
2023-01-05 13:30:17,240 - INFO - <module> : input: manager
2023-01-05 13:30:17,240 - INFO - <module> : input: manager
2023-01-05 13:30:20,184 - INFO - <module> : Clicked
2023-01-05 13:30:20,184 - INFO - <module> : Clicked
2023-01-05 13:30:20,184 - INFO - <module> : Clicked
2023-01-05 13:30:20,184 - INFO - <module> : Clicked
2023-01-05 13:30:22,548 - INFO - setup : Close Browser
