2023-01-11 09:33:00,811 - INFO - setup : Browser Launched!
2023-01-11 09:33:12,698 - INFO - <module> : Go to Outages & Incidents > Report Streetlight And Safety Concerns
2023-01-11 09:33:12,698 - INFO - <module> : Go to Outages & Incidents > Report Streetlight And Safety Concerns
2023-01-11 09:33:12,698 - INFO - <module> : Go to Outages & Incidents > Report Streetlight And Safety Concerns
2023-01-11 09:33:12,698 - INFO - <module> : Go to Outages & Incidents > Report Streetlight And Safety Concerns
2023-01-11 09:33:12,698 - INFO - <module> : Go to Outages & Incidents > Report Streetlight And Safety Concerns
2023-01-11 09:33:15,094 - INFO - <module> : Opened: https://fuat-meralco.cs73.force.com/customers/s/outagemap
2023-01-11 09:33:15,094 - INFO - <module> : Opened: https://fuat-meralco.cs73.force.com/customers/s/outagemap
2023-01-11 09:33:15,094 - INFO - <module> : Opened: https://fuat-meralco.cs73.force.com/customers/s/outagemap
2023-01-11 09:33:15,094 - INFO - <module> : Opened: https://fuat-meralco.cs73.force.com/customers/s/outagemap
2023-01-11 09:33:15,094 - INFO - <module> : Opened: https://fuat-meralco.cs73.force.com/customers/s/outagemap
2023-01-11 09:33:21,293 - INFO - <module> : Meralco would like to access your location to identify if your area is affected by an outage. exists
2023-01-11 09:33:21,293 - INFO - <module> : Meralco would like to access your location to identify if your area is affected by an outage. exists
2023-01-11 09:33:21,293 - INFO - <module> : Meralco would like to access your location to identify if your area is affected by an outage. exists
2023-01-11 09:33:21,293 - INFO - <module> : Meralco would like to access your location to identify if your area is affected by an outage. exists
2023-01-11 09:33:21,293 - INFO - <module> : Meralco would like to access your location to identify if your area is affected by an outage. exists
2023-01-11 09:33:23,424 - INFO - <module> : Clicked
2023-01-11 09:33:23,424 - INFO - <module> : Clicked
2023-01-11 09:33:23,424 - INFO - <module> : Clicked
2023-01-11 09:33:23,424 - INFO - <module> : Clicked
2023-01-11 09:33:23,424 - INFO - <module> : Clicked
2023-01-11 09:33:27,532 - INFO - <module> : Clicked
2023-01-11 09:33:27,532 - INFO - <module> : Clicked
2023-01-11 09:33:27,532 - INFO - <module> : Clicked
2023-01-11 09:33:27,532 - INFO - <module> : Clicked
2023-01-11 09:33:27,532 - INFO - <module> : Clicked
2023-01-11 09:33:36,948 - INFO - <module> : Report an Outage or Incident exists
2023-01-11 09:33:36,948 - INFO - <module> : Report an Outage or Incident exists
2023-01-11 09:33:36,948 - INFO - <module> : Report an Outage or Incident exists
2023-01-11 09:33:36,948 - INFO - <module> : Report an Outage or Incident exists
2023-01-11 09:33:36,948 - INFO - <module> : Report an Outage or Incident exists
2023-01-11 09:33:37,005 - INFO - <module> : Clicked
2023-01-11 09:33:37,005 - INFO - <module> : Clicked
2023-01-11 09:33:37,005 - INFO - <module> : Clicked
2023-01-11 09:33:37,005 - INFO - <module> : Clicked
2023-01-11 09:33:37,005 - INFO - <module> : Clicked
2023-01-11 09:34:07,237 - ERROR - <module> : Cannot Locate: pole_broken
2023-01-11 09:34:07,237 - ERROR - <module> : Cannot Locate: pole_broken
2023-01-11 09:34:07,237 - ERROR - <module> : Cannot Locate: pole_broken
2023-01-11 09:34:07,237 - ERROR - <module> : Cannot Locate: pole_broken
2023-01-11 09:34:07,237 - ERROR - <module> : Cannot Locate: pole_broken
2023-01-11 09:34:07,265 - INFO - setup : Close Browser
