2022-10-18 13:58:06,140 - INFO - setup : Browser Launched!
2022-10-18 13:58:18,695 - INFO - <module> : Go to https://fuat-meralco.cs73.force.com/customers/s/outagemap
2022-10-18 13:58:18,695 - INFO - <module> : Go to https://fuat-meralco.cs73.force.com/customers/s/outagemap
2022-10-18 13:58:18,695 - INFO - <module> : Go to https://fuat-meralco.cs73.force.com/customers/s/outagemap
2022-10-18 13:58:18,695 - INFO - <module> : Go to https://fuat-meralco.cs73.force.com/customers/s/outagemap
2022-10-18 13:58:23,814 - INFO - <module> : Opened: https://fuat-meralco.cs73.force.com/customers/s/outagemap
2022-10-18 13:58:23,814 - INFO - <module> : Opened: https://fuat-meralco.cs73.force.com/customers/s/outagemap
2022-10-18 13:58:23,814 - INFO - <module> : Opened: https://fuat-meralco.cs73.force.com/customers/s/outagemap
2022-10-18 13:58:23,814 - INFO - <module> : Opened: https://fuat-meralco.cs73.force.com/customers/s/outagemap
2022-10-18 13:58:30,772 - INFO - <module> : On the left side, hover on tooltip beside Other Address
2022-10-18 13:58:30,772 - INFO - <module> : On the left side, hover on tooltip beside Other Address
2022-10-18 13:58:30,772 - INFO - <module> : On the left side, hover on tooltip beside Other Address
2022-10-18 13:58:30,772 - INFO - <module> : On the left side, hover on tooltip beside Other Address
2022-10-18 13:58:33,960 - INFO - <module> : Meralco would like to access your location to identify if your area is affected by an outage. exists
2022-10-18 13:58:33,960 - INFO - <module> : Meralco would like to access your location to identify if your area is affected by an outage. exists
2022-10-18 13:58:33,960 - INFO - <module> : Meralco would like to access your location to identify if your area is affected by an outage. exists
2022-10-18 13:58:33,960 - INFO - <module> : Meralco would like to access your location to identify if your area is affected by an outage. exists
2022-10-18 13:58:34,187 - INFO - <module> : Clicked
2022-10-18 13:58:34,187 - INFO - <module> : Clicked
2022-10-18 13:58:34,187 - INFO - <module> : Clicked
2022-10-18 13:58:34,187 - INFO - <module> : Clicked
2022-10-18 13:58:41,757 - INFO - <module> : Clicked
2022-10-18 13:58:41,757 - INFO - <module> : Clicked
2022-10-18 13:58:41,757 - INFO - <module> : Clicked
2022-10-18 13:58:41,757 - INFO - <module> : Clicked
2022-10-18 13:58:49,756 - INFO - setup : Close Browser
