2023-01-11 15:38:34,293 - INFO - setup : Browser Launched!
2023-01-11 15:39:09,588 - INFO - <module> : Opened: https://fuat-meralco.cs73.force.com/customers/s/cxe-apply
2023-01-11 15:39:09,588 - INFO - <module> : Opened: https://fuat-meralco.cs73.force.com/customers/s/cxe-apply
2023-01-11 15:39:09,588 - INFO - <module> : Opened: https://fuat-meralco.cs73.force.com/customers/s/cxe-apply
2023-01-11 15:39:09,588 - INFO - <module> : Opened: https://fuat-meralco.cs73.force.com/customers/s/cxe-apply
2023-01-11 15:39:09,588 - INFO - <module> : Opened: https://fuat-meralco.cs73.force.com/customers/s/cxe-apply
2023-01-11 15:39:11,298 - INFO - <module> : Service Application exists
2023-01-11 15:39:11,298 - INFO - <module> : Service Application exists
2023-01-11 15:39:11,298 - INFO - <module> : Service Application exists
2023-01-11 15:39:11,298 - INFO - <module> : Service Application exists
2023-01-11 15:39:11,298 - INFO - <module> : Service Application exists
2023-01-11 15:39:14,571 - INFO - <module> : Clicked
2023-01-11 15:39:14,571 - INFO - <module> : Clicked
2023-01-11 15:39:14,571 - INFO - <module> : Clicked
2023-01-11 15:39:14,571 - INFO - <module> : Clicked
2023-01-11 15:39:14,571 - INFO - <module> : Clicked
2023-01-11 15:39:17,825 - INFO - <module> : Clicked
2023-01-11 15:39:17,825 - INFO - <module> : Clicked
2023-01-11 15:39:17,825 - INFO - <module> : Clicked
2023-01-11 15:39:17,825 - INFO - <module> : Clicked
2023-01-11 15:39:17,825 - INFO - <module> : Clicked
2023-01-11 15:39:20,582 - INFO - <module> : X
Cancel
Applying as:
Private Electrical Contractor Certified by Meralco (PECCBM)
Contractor
Submit exists
2023-01-11 15:39:20,582 - INFO - <module> : X
Cancel
Applying as:
Private Electrical Contractor Certified by Meralco (PECCBM)
Contractor
Submit exists
2023-01-11 15:39:20,582 - INFO - <module> : X
Cancel
Applying as:
Private Electrical Contractor Certified by Meralco (PECCBM)
Contractor
Submit exists
2023-01-11 15:39:20,582 - INFO - <module> : X
Cancel
Applying as:
Private Electrical Contractor Certified by Meralco (PECCBM)
Contractor
Submit exists
2023-01-11 15:39:20,582 - INFO - <module> : X
Cancel
Applying as:
Private Electrical Contractor Certified by Meralco (PECCBM)
Contractor
Submit exists
2023-01-11 15:39:53,672 - INFO - setup : Close Browser
