2022-11-18 10:22:37,852 - INFO - setup : Browser Launched!
2022-11-18 10:22:52,134 - INFO - <module> : Opened: https://outage-api.meralco.com.ph/
2022-11-18 10:22:52,134 - INFO - <module> : Opened: https://outage-api.meralco.com.ph/
2022-11-18 10:22:52,134 - INFO - <module> : Opened: https://outage-api.meralco.com.ph/
2022-11-18 10:22:52,134 - INFO - <module> : Opened: https://outage-api.meralco.com.ph/
2022-11-18 10:22:54,889 - INFO - <module> : input: v-lvlgalvez@meralco.com.ph
2022-11-18 10:22:54,889 - INFO - <module> : input: v-lvlgalvez@meralco.com.ph
2022-11-18 10:22:54,889 - INFO - <module> : input: v-lvlgalvez@meralco.com.ph
2022-11-18 10:22:54,889 - INFO - <module> : input: v-lvlgalvez@meralco.com.ph
2022-11-18 10:22:54,939 - INFO - <module> : Clicked
2022-11-18 10:22:54,939 - INFO - <module> : Clicked
2022-11-18 10:22:54,939 - INFO - <module> : Clicked
2022-11-18 10:22:54,939 - INFO - <module> : Clicked
2022-11-18 10:22:56,022 - INFO - <module> : input: Mecopass@@!!121
2022-11-18 10:22:56,022 - INFO - <module> : input: Mecopass@@!!121
2022-11-18 10:22:56,022 - INFO - <module> : input: Mecopass@@!!121
2022-11-18 10:22:56,022 - INFO - <module> : input: Mecopass@@!!121
2022-11-18 10:22:56,965 - INFO - <module> : Clicked
2022-11-18 10:22:56,965 - INFO - <module> : Clicked
2022-11-18 10:22:56,965 - INFO - <module> : Clicked
2022-11-18 10:22:56,965 - INFO - <module> : Clicked
2022-11-18 10:22:57,557 - INFO - <module> : Clicked
2022-11-18 10:22:57,557 - INFO - <module> : Clicked
2022-11-18 10:22:57,557 - INFO - <module> : Clicked
2022-11-18 10:22:57,557 - INFO - <module> : Clicked
2022-11-18 10:23:25,508 - INFO - <module> : Clicked
2022-11-18 10:23:25,508 - INFO - <module> : Clicked
2022-11-18 10:23:25,508 - INFO - <module> : Clicked
2022-11-18 10:23:25,508 - INFO - <module> : Clicked
2022-11-18 10:23:58,673 - INFO - <module> : Click on burger menu
2022-11-18 10:23:58,673 - INFO - <module> : Click on burger menu
2022-11-18 10:23:58,673 - INFO - <module> : Click on burger menu
2022-11-18 10:23:58,673 - INFO - <module> : Click on burger menu
2022-11-18 10:24:02,760 - INFO - <module> : Clicked
2022-11-18 10:24:02,760 - INFO - <module> : Clicked
2022-11-18 10:24:02,760 - INFO - <module> : Clicked
2022-11-18 10:24:02,760 - INFO - <module> : Clicked
2022-11-18 10:24:05,667 - INFO - <module> : Validate the following:
- Outages by Area
- Map Displays
- Search Location
- Announcements
- Quick Links
- Legend
- Admin
2022-11-18 10:24:05,667 - INFO - <module> : Validate the following:
- Outages by Area
- Map Displays
- Search Location
- Announcements
- Quick Links
- Legend
- Admin
2022-11-18 10:24:05,667 - INFO - <module> : Validate the following:
- Outages by Area
- Map Displays
- Search Location
- Announcements
- Quick Links
- Legend
- Admin
2022-11-18 10:24:05,667 - INFO - <module> : Validate the following:
- Outages by Area
- Map Displays
- Search Location
- Announcements
- Quick Links
- Legend
- Admin
2022-11-18 10:24:08,890 - INFO - setup : Close Browser
