2022-10-13 15:02:37,939 - INFO - setup : Browser Launched!
2022-10-13 15:02:47,265 - INFO - <module> : Go to External Map 
2022-10-13 15:02:47,265 - INFO - <module> : Go to External Map 
2022-10-13 15:02:47,265 - INFO - <module> : Go to External Map 
2022-10-13 15:02:47,265 - INFO - <module> : Go to External Map 
2022-10-13 15:02:49,913 - INFO - <module> : Opened: https://fuat-meralco.cs73.force.com/customers/s/outagemap
2022-10-13 15:02:49,913 - INFO - <module> : Opened: https://fuat-meralco.cs73.force.com/customers/s/outagemap
2022-10-13 15:02:49,913 - INFO - <module> : Opened: https://fuat-meralco.cs73.force.com/customers/s/outagemap
2022-10-13 15:02:49,913 - INFO - <module> : Opened: https://fuat-meralco.cs73.force.com/customers/s/outagemap
2022-10-13 15:02:53,393 - INFO - <module> : Select weather information to be displayed
2022-10-13 15:02:53,393 - INFO - <module> : Select weather information to be displayed
2022-10-13 15:02:53,393 - INFO - <module> : Select weather information to be displayed
2022-10-13 15:02:53,393 - INFO - <module> : Select weather information to be displayed
2022-10-13 15:02:56,078 - INFO - <module> : Meralco would like to access your location to identify if your area is affected by an outage. exists
2022-10-13 15:02:56,078 - INFO - <module> : Meralco would like to access your location to identify if your area is affected by an outage. exists
2022-10-13 15:02:56,078 - INFO - <module> : Meralco would like to access your location to identify if your area is affected by an outage. exists
2022-10-13 15:02:56,078 - INFO - <module> : Meralco would like to access your location to identify if your area is affected by an outage. exists
2022-10-13 15:02:56,229 - INFO - <module> : Disagree clicked
2022-10-13 15:02:56,229 - INFO - <module> : Disagree clicked
2022-10-13 15:02:56,229 - INFO - <module> : Disagree clicked
2022-10-13 15:02:56,229 - INFO - <module> : Disagree clicked
2022-10-13 15:02:56,957 - INFO - <module> :  clicked
2022-10-13 15:02:56,957 - INFO - <module> :  clicked
2022-10-13 15:02:56,957 - INFO - <module> :  clicked
2022-10-13 15:02:56,957 - INFO - <module> :  clicked
2022-10-13 15:02:59,332 - INFO - <module> :  clicked
2022-10-13 15:02:59,332 - INFO - <module> :  clicked
2022-10-13 15:02:59,332 - INFO - <module> :  clicked
2022-10-13 15:02:59,332 - INFO - <module> :  clicked
2022-10-13 15:02:59,899 - INFO - <module> : close clicked
2022-10-13 15:02:59,899 - INFO - <module> : close clicked
2022-10-13 15:02:59,899 - INFO - <module> : close clicked
2022-10-13 15:02:59,899 - INFO - <module> : close clicked
2022-10-13 15:03:13,044 - INFO - setup : Close Browser
