2022-12-21 14:42:01,584 - INFO - setup : Browser Launched!
2022-12-21 14:42:38,132 - INFO - <module> : Login to Meralco Online
2022-12-21 14:42:38,132 - INFO - <module> : Login to Meralco Online
2022-12-21 14:42:38,132 - INFO - <module> : Login to Meralco Online
2022-12-21 14:42:38,132 - INFO - <module> : Login to Meralco Online
2022-12-21 14:42:41,198 - INFO - <module> : input: EarlMO@yopmail.com
2022-12-21 14:42:41,198 - INFO - <module> : input: EarlMO@yopmail.com
2022-12-21 14:42:41,198 - INFO - <module> : input: EarlMO@yopmail.com
2022-12-21 14:42:41,198 - INFO - <module> : input: EarlMO@yopmail.com
2022-12-21 14:42:41,413 - INFO - <module> : input: Meralco01
2022-12-21 14:42:41,413 - INFO - <module> : input: Meralco01
2022-12-21 14:42:41,413 - INFO - <module> : input: Meralco01
2022-12-21 14:42:41,413 - INFO - <module> : input: Meralco01
2022-12-21 14:42:42,303 - INFO - <module> : Clicked
2022-12-21 14:42:42,303 - INFO - <module> : Clicked
2022-12-21 14:42:42,303 - INFO - <module> : Clicked
2022-12-21 14:42:42,303 - INFO - <module> : Clicked
2022-12-21 14:42:49,117 - INFO - <module> : Hello, Earl exists
2022-12-21 14:42:49,117 - INFO - <module> : Hello, Earl exists
2022-12-21 14:42:49,117 - INFO - <module> : Hello, Earl exists
2022-12-21 14:42:49,117 - INFO - <module> : Hello, Earl exists
2022-12-21 14:43:02,116 - INFO - <module> : Click on Request for a Service tile
2022-12-21 14:43:02,116 - INFO - <module> : Click on Request for a Service tile
2022-12-21 14:43:02,116 - INFO - <module> : Click on Request for a Service tile
2022-12-21 14:43:02,116 - INFO - <module> : Click on Request for a Service tile
2022-12-21 14:43:05,061 - INFO - <module> : Clicked
2022-12-21 14:43:05,061 - INFO - <module> : Clicked
2022-12-21 14:43:05,061 - INFO - <module> : Clicked
2022-12-21 14:43:05,061 - INFO - <module> : Clicked
2022-12-21 14:43:10,277 - INFO - <module> :  clicked
2022-12-21 14:43:10,277 - INFO - <module> :  clicked
2022-12-21 14:43:10,277 - INFO - <module> :  clicked
2022-12-21 14:43:10,277 - INFO - <module> :  clicked
2022-12-21 14:43:15,825 - INFO - <module> : Populate all required fields in Contact Information tab > Click Next
2022-12-21 14:43:15,825 - INFO - <module> : Populate all required fields in Contact Information tab > Click Next
2022-12-21 14:43:15,825 - INFO - <module> : Populate all required fields in Contact Information tab > Click Next
2022-12-21 14:43:15,825 - INFO - <module> : Populate all required fields in Contact Information tab > Click Next
2022-12-21 14:43:21,942 - INFO - <module> : Clicked
2022-12-21 14:43:21,942 - INFO - <module> : Clicked
2022-12-21 14:43:21,942 - INFO - <module> : Clicked
2022-12-21 14:43:21,942 - INFO - <module> : Clicked
2022-12-21 14:43:27,566 - INFO - <module> : Populate the following:
Service Address
Province
City / Municipality
Home Ownership
Billing Address Indicator
2022-12-21 14:43:27,566 - INFO - <module> : Populate the following:
Service Address
Province
City / Municipality
Home Ownership
Billing Address Indicator
2022-12-21 14:43:27,566 - INFO - <module> : Populate the following:
Service Address
Province
City / Municipality
Home Ownership
Billing Address Indicator
2022-12-21 14:43:27,566 - INFO - <module> : Populate the following:
Service Address
Province
City / Municipality
Home Ownership
Billing Address Indicator
2022-12-21 14:43:28,085 - INFO - <module> : input: 123 Santo Tomas
2022-12-21 14:43:28,085 - INFO - <module> : input: 123 Santo Tomas
2022-12-21 14:43:28,085 - INFO - <module> : input: 123 Santo Tomas
2022-12-21 14:43:28,085 - INFO - <module> : input: 123 Santo Tomas
2022-12-21 14:43:31,226 - INFO - <module> : Clicked
2022-12-21 14:43:31,226 - INFO - <module> : Clicked
2022-12-21 14:43:31,226 - INFO - <module> : Clicked
2022-12-21 14:43:31,226 - INFO - <module> : Clicked
2022-12-21 14:43:36,786 - INFO - <module> : Populate the following:
Notification indicator
AMC indicator
Paperless Billing indicator
APA indicator
> Attach documents
> Click Next
2022-12-21 14:43:36,786 - INFO - <module> : Populate the following:
Notification indicator
AMC indicator
Paperless Billing indicator
APA indicator
> Attach documents
> Click Next
2022-12-21 14:43:36,786 - INFO - <module> : Populate the following:
Notification indicator
AMC indicator
Paperless Billing indicator
APA indicator
> Attach documents
> Click Next
2022-12-21 14:43:36,786 - INFO - <module> : Populate the following:
Notification indicator
AMC indicator
Paperless Billing indicator
APA indicator
> Attach documents
> Click Next
2022-12-21 14:43:39,641 - INFO - <module> : Clicked
2022-12-21 14:43:39,641 - INFO - <module> : Clicked
2022-12-21 14:43:39,641 - INFO - <module> : Clicked
2022-12-21 14:43:39,641 - INFO - <module> : Clicked
2022-12-21 14:43:45,202 - INFO - <module> : Tick on I have read and agree to the Meralco Online Terms & Conditions and consent to the processing of my personal data in accordance with the Privacy Policy
2022-12-21 14:43:45,202 - INFO - <module> : Tick on I have read and agree to the Meralco Online Terms & Conditions and consent to the processing of my personal data in accordance with the Privacy Policy
2022-12-21 14:43:45,202 - INFO - <module> : Tick on I have read and agree to the Meralco Online Terms & Conditions and consent to the processing of my personal data in accordance with the Privacy Policy
2022-12-21 14:43:45,202 - INFO - <module> : Tick on I have read and agree to the Meralco Online Terms & Conditions and consent to the processing of my personal data in accordance with the Privacy Policy
2022-12-21 14:43:58,099 - INFO - <module> : Clicked
2022-12-21 14:43:58,099 - INFO - <module> : Clicked
2022-12-21 14:43:58,099 - INFO - <module> : Clicked
2022-12-21 14:43:58,099 - INFO - <module> : Clicked
2022-12-21 14:43:58,709 - INFO - <module> : Click Submit
2022-12-21 14:43:58,709 - INFO - <module> : Click Submit
2022-12-21 14:43:58,709 - INFO - <module> : Click Submit
2022-12-21 14:43:58,709 - INFO - <module> : Click Submit
2022-12-21 14:44:04,186 - INFO - <module> : Clicked
2022-12-21 14:44:04,186 - INFO - <module> : Clicked
2022-12-21 14:44:04,186 - INFO - <module> : Clicked
2022-12-21 14:44:04,186 - INFO - <module> : Clicked
2022-12-21 14:44:07,209 - INFO - <module> : Clicked
2022-12-21 14:44:07,209 - INFO - <module> : Clicked
2022-12-21 14:44:07,209 - INFO - <module> : Clicked
2022-12-21 14:44:07,209 - INFO - <module> : Clicked
2022-12-21 14:44:19,147 - INFO - <module> : Clicked
2022-12-21 14:44:19,147 - INFO - <module> : Clicked
2022-12-21 14:44:19,147 - INFO - <module> : Clicked
2022-12-21 14:44:19,147 - INFO - <module> : Clicked
2022-12-21 14:44:23,081 - INFO - <module> : Validate email notification
2022-12-21 14:44:23,081 - INFO - <module> : Validate email notification
2022-12-21 14:44:23,081 - INFO - <module> : Validate email notification
2022-12-21 14:44:23,081 - INFO - <module> : Validate email notification
2022-12-21 14:44:30,591 - INFO - <module> : Opened: https://yopmail.com/en/
2022-12-21 14:44:30,591 - INFO - <module> : Opened: https://yopmail.com/en/
2022-12-21 14:44:30,591 - INFO - <module> : Opened: https://yopmail.com/en/
2022-12-21 14:44:30,591 - INFO - <module> : Opened: https://yopmail.com/en/
2022-12-21 14:44:31,863 - INFO - <module> : input: EarlMO@yopmail.com
2022-12-21 14:44:31,863 - INFO - <module> : input: EarlMO@yopmail.com
2022-12-21 14:44:31,863 - INFO - <module> : input: EarlMO@yopmail.com
2022-12-21 14:44:31,863 - INFO - <module> : input: EarlMO@yopmail.com
2022-12-21 14:44:34,292 - INFO - <module> : Clicked
2022-12-21 14:44:34,292 - INFO - <module> : Clicked
2022-12-21 14:44:34,292 - INFO - <module> : Clicked
2022-12-21 14:44:34,292 - INFO - <module> : Clicked
2022-12-21 14:44:36,791 - INFO - setup : Close Browser
