2022-10-19 15:08:39,890 - INFO - setup : Browser Launched!
2022-10-19 15:08:46,512 - INFO - <module> : Access outage reporting form for Guest users.
2022-10-19 15:08:46,512 - INFO - <module> : Access outage reporting form for Guest users.
2022-10-19 15:08:46,512 - INFO - <module> : Access outage reporting form for Guest users.
2022-10-19 15:08:46,512 - INFO - <module> : Access outage reporting form for Guest users.
2022-10-19 15:08:50,961 - INFO - <module> : Opened: https://fuat-meralco.cs73.force.com/customers/s/outagemap
2022-10-19 15:08:50,961 - INFO - <module> : Opened: https://fuat-meralco.cs73.force.com/customers/s/outagemap
2022-10-19 15:08:50,961 - INFO - <module> : Opened: https://fuat-meralco.cs73.force.com/customers/s/outagemap
2022-10-19 15:08:50,961 - INFO - <module> : Opened: https://fuat-meralco.cs73.force.com/customers/s/outagemap
2022-10-19 15:08:54,300 - INFO - <module> : Meralco would like to access your location to identify if your area is affected by an outage. exists
2022-10-19 15:08:54,300 - INFO - <module> : Meralco would like to access your location to identify if your area is affected by an outage. exists
2022-10-19 15:08:54,300 - INFO - <module> : Meralco would like to access your location to identify if your area is affected by an outage. exists
2022-10-19 15:08:54,300 - INFO - <module> : Meralco would like to access your location to identify if your area is affected by an outage. exists
2022-10-19 15:08:56,404 - INFO - <module> : Clicked
2022-10-19 15:08:56,404 - INFO - <module> : Clicked
2022-10-19 15:08:56,404 - INFO - <module> : Clicked
2022-10-19 15:08:56,404 - INFO - <module> : Clicked
2022-10-19 15:09:00,485 - INFO - <module> : Clicked
2022-10-19 15:09:00,485 - INFO - <module> : Clicked
2022-10-19 15:09:00,485 - INFO - <module> : Clicked
2022-10-19 15:09:00,485 - INFO - <module> : Clicked
2022-10-19 15:09:08,547 - INFO - <module> : Report an Outage or Incident exists
2022-10-19 15:09:08,547 - INFO - <module> : Report an Outage or Incident exists
2022-10-19 15:09:08,547 - INFO - <module> : Report an Outage or Incident exists
2022-10-19 15:09:08,547 - INFO - <module> : Report an Outage or Incident exists
2022-10-19 15:09:11,329 - INFO - <module> : Choose 'Streetlight Concern' from the 'What are you reporting?' option.
2022-10-19 15:09:11,329 - INFO - <module> : Choose 'Streetlight Concern' from the 'What are you reporting?' option.
2022-10-19 15:09:11,329 - INFO - <module> : Choose 'Streetlight Concern' from the 'What are you reporting?' option.
2022-10-19 15:09:11,329 - INFO - <module> : Choose 'Streetlight Concern' from the 'What are you reporting?' option.
2022-10-19 15:09:11,412 - INFO - <module> : Clicked
2022-10-19 15:09:11,412 - INFO - <module> : Clicked
2022-10-19 15:09:11,412 - INFO - <module> : Clicked
2022-10-19 15:09:11,412 - INFO - <module> : Clicked
2022-10-19 15:09:14,269 - INFO - <module> : Choose 'Yes' from the options.
2022-10-19 15:09:14,269 - INFO - <module> : Choose 'Yes' from the options.
2022-10-19 15:09:14,269 - INFO - <module> : Choose 'Yes' from the options.
2022-10-19 15:09:14,269 - INFO - <module> : Choose 'Yes' from the options.
2022-10-19 15:09:14,340 - INFO - <module> : Clicked
2022-10-19 15:09:14,340 - INFO - <module> : Clicked
2022-10-19 15:09:14,340 - INFO - <module> : Clicked
2022-10-19 15:09:14,340 - INFO - <module> : Clicked
2022-10-19 15:09:17,188 - INFO - <module> : Click the dropdown field for Q2.
2022-10-19 15:09:17,188 - INFO - <module> : Click the dropdown field for Q2.
2022-10-19 15:09:17,188 - INFO - <module> : Click the dropdown field for Q2.
2022-10-19 15:09:17,188 - INFO - <module> : Click the dropdown field for Q2.
2022-10-19 15:09:47,456 - ERROR - <module> : Cannot Locate: dropdown
2022-10-19 15:09:47,456 - ERROR - <module> : Cannot Locate: dropdown
2022-10-19 15:09:47,456 - ERROR - <module> : Cannot Locate: dropdown
2022-10-19 15:09:47,456 - ERROR - <module> : Cannot Locate: dropdown
2022-10-19 15:09:47,525 - INFO - setup : Close Browser
