2023-01-05 14:41:04,148 - INFO - setup : Browser Launched!
2023-01-05 14:41:34,634 - INFO - <module> : Opened: https://fuat-meralco.cs73.force.com/customers/s/cxe-apply
2023-01-05 14:41:34,634 - INFO - <module> : Opened: https://fuat-meralco.cs73.force.com/customers/s/cxe-apply
2023-01-05 14:41:34,634 - INFO - <module> : Opened: https://fuat-meralco.cs73.force.com/customers/s/cxe-apply
2023-01-05 14:41:34,634 - INFO - <module> : Opened: https://fuat-meralco.cs73.force.com/customers/s/cxe-apply
2023-01-05 14:41:40,839 - INFO - <module> : Service Application exists
2023-01-05 14:41:40,839 - INFO - <module> : Service Application exists
2023-01-05 14:41:40,839 - INFO - <module> : Service Application exists
2023-01-05 14:41:40,839 - INFO - <module> : Service Application exists
2023-01-05 14:41:44,209 - INFO - <module> : Clicked
2023-01-05 14:41:44,209 - INFO - <module> : Clicked
2023-01-05 14:41:44,209 - INFO - <module> : Clicked
2023-01-05 14:41:44,209 - INFO - <module> : Clicked
2023-01-05 14:41:47,499 - INFO - <module> : Clicked
2023-01-05 14:41:47,499 - INFO - <module> : Clicked
2023-01-05 14:41:47,499 - INFO - <module> : Clicked
2023-01-05 14:41:47,499 - INFO - <module> : Clicked
2023-01-05 14:41:56,569 - INFO - <module> : Clicked
2023-01-05 14:41:56,569 - INFO - <module> : Clicked
2023-01-05 14:41:56,569 - INFO - <module> : Clicked
2023-01-05 14:41:56,569 - INFO - <module> : Clicked
2023-01-05 14:42:02,724 - INFO - <module> : input: EarlEmail@yopmail.com
2023-01-05 14:42:02,724 - INFO - <module> : input: EarlEmail@yopmail.com
2023-01-05 14:42:02,724 - INFO - <module> : input: EarlEmail@yopmail.com
2023-01-05 14:42:02,724 - INFO - <module> : input: EarlEmail@yopmail.com
2023-01-05 14:42:02,848 - INFO - <module> : input: atfirst1
2023-01-05 14:42:02,848 - INFO - <module> : input: atfirst1
2023-01-05 14:42:02,848 - INFO - <module> : input: atfirst1
2023-01-05 14:42:02,848 - INFO - <module> : input: atfirst1
2023-01-05 14:42:02,986 - INFO - <module> : input: atlast1
2023-01-05 14:42:02,986 - INFO - <module> : input: atlast1
2023-01-05 14:42:02,986 - INFO - <module> : input: atlast1
2023-01-05 14:42:02,986 - INFO - <module> : input: atlast1
2023-01-05 14:42:03,092 - INFO - <module> : input: 9234567891
2023-01-05 14:42:03,092 - INFO - <module> : input: 9234567891
2023-01-05 14:42:03,092 - INFO - <module> : input: 9234567891
2023-01-05 14:42:03,092 - INFO - <module> : input: 9234567891
2023-01-05 14:42:03,852 - INFO - <module> : Clicked
2023-01-05 14:42:03,852 - INFO - <module> : Clicked
2023-01-05 14:42:03,852 - INFO - <module> : Clicked
2023-01-05 14:42:03,852 - INFO - <module> : Clicked
2023-01-05 14:42:06,836 - INFO - <module> : Clicked
2023-01-05 14:42:06,836 - INFO - <module> : Clicked
2023-01-05 14:42:06,836 - INFO - <module> : Clicked
2023-01-05 14:42:06,836 - INFO - <module> : Clicked
2023-01-05 14:42:13,757 - INFO - <module> : Opened: https://yopmail.com/en/
2023-01-05 14:42:13,757 - INFO - <module> : Opened: https://yopmail.com/en/
2023-01-05 14:42:13,757 - INFO - <module> : Opened: https://yopmail.com/en/
2023-01-05 14:42:13,757 - INFO - <module> : Opened: https://yopmail.com/en/
2023-01-05 14:42:15,045 - INFO - <module> : input: EarlEmail@yopmail.com
2023-01-05 14:42:15,045 - INFO - <module> : input: EarlEmail@yopmail.com
2023-01-05 14:42:15,045 - INFO - <module> : input: EarlEmail@yopmail.com
2023-01-05 14:42:15,045 - INFO - <module> : input: EarlEmail@yopmail.com
2023-01-05 14:42:17,080 - INFO - <module> : Clicked
2023-01-05 14:42:17,080 - INFO - <module> : Clicked
2023-01-05 14:42:17,080 - INFO - <module> : Clicked
2023-01-05 14:42:17,080 - INFO - <module> : Clicked
2023-01-05 14:43:03,519 - INFO - setup : Close Browser
