2023-01-04 15:07:59,640 - INFO - setup : Browser Launched!
2023-01-04 15:08:09,485 - INFO - <module> : Opened: https://fuat-meralco.cs73.force.com/customers/s/cxe-apply
2023-01-04 15:08:09,485 - INFO - <module> : Opened: https://fuat-meralco.cs73.force.com/customers/s/cxe-apply
2023-01-04 15:08:09,485 - INFO - <module> : Opened: https://fuat-meralco.cs73.force.com/customers/s/cxe-apply
2023-01-04 15:08:09,485 - INFO - <module> : Opened: https://fuat-meralco.cs73.force.com/customers/s/cxe-apply
2023-01-04 15:08:09,731 - INFO - <module> : Service Application exists
2023-01-04 15:08:09,731 - INFO - <module> : Service Application exists
2023-01-04 15:08:09,731 - INFO - <module> : Service Application exists
2023-01-04 15:08:09,731 - INFO - <module> : Service Application exists
2023-01-04 15:08:12,872 - INFO - <module> : Clicked
2023-01-04 15:08:12,872 - INFO - <module> : Clicked
2023-01-04 15:08:12,872 - INFO - <module> : Clicked
2023-01-04 15:08:12,872 - INFO - <module> : Clicked
2023-01-04 15:08:12,910 - INFO - <module> : Start Service exists
2023-01-04 15:08:12,910 - INFO - <module> : Start Service exists
2023-01-04 15:08:12,910 - INFO - <module> : Start Service exists
2023-01-04 15:08:12,910 - INFO - <module> : Start Service exists
2023-01-04 15:08:12,966 - INFO - <module> : Modify Service exists
2023-01-04 15:08:12,966 - INFO - <module> : Modify Service exists
2023-01-04 15:08:12,966 - INFO - <module> : Modify Service exists
2023-01-04 15:08:12,966 - INFO - <module> : Modify Service exists
2023-01-04 15:08:13,009 - INFO - <module> : Reactivate Service exists
2023-01-04 15:08:13,009 - INFO - <module> : Reactivate Service exists
2023-01-04 15:08:13,009 - INFO - <module> : Reactivate Service exists
2023-01-04 15:08:13,009 - INFO - <module> : Reactivate Service exists
2023-01-04 15:08:13,055 - INFO - <module> : Stop Service exists
2023-01-04 15:08:13,055 - INFO - <module> : Stop Service exists
2023-01-04 15:08:13,055 - INFO - <module> : Stop Service exists
2023-01-04 15:08:13,055 - INFO - <module> : Stop Service exists
2023-01-04 15:08:16,976 - INFO - <module> : Clicked
2023-01-04 15:08:16,976 - INFO - <module> : Clicked
2023-01-04 15:08:16,976 - INFO - <module> : Clicked
2023-01-04 15:08:16,976 - INFO - <module> : Clicked
2023-01-04 15:08:20,269 - INFO - <module> :  exists
2023-01-04 15:08:20,269 - INFO - <module> :  exists
2023-01-04 15:08:20,269 - INFO - <module> :  exists
2023-01-04 15:08:20,269 - INFO - <module> :  exists
2023-01-04 15:08:23,402 - INFO - <module> : input: 3518724842
2023-01-04 15:08:23,402 - INFO - <module> : input: 3518724842
2023-01-04 15:08:23,402 - INFO - <module> : input: 3518724842
2023-01-04 15:08:23,402 - INFO - <module> : input: 3518724842
2023-01-04 15:08:57,150 - INFO - setup : Close Browser
