2023-01-11 12:58:00,150 - INFO - setup : Browser Launched!
2023-01-11 12:58:10,974 - INFO - <module> : ==========Log in==========
2023-01-11 12:58:10,974 - INFO - <module> : ==========Log in==========
2023-01-11 12:58:10,974 - INFO - <module> : ==========Log in==========
2023-01-11 12:58:10,974 - INFO - <module> : ==========Log in==========
2023-01-11 12:58:12,234 - INFO - <module> : Login to Meralco Online
2023-01-11 12:58:12,234 - INFO - <module> : Login to Meralco Online
2023-01-11 12:58:12,234 - INFO - <module> : Login to Meralco Online
2023-01-11 12:58:12,234 - INFO - <module> : Login to Meralco Online
2023-01-11 12:58:12,426 - INFO - <module> : input: ATNewSAMObiz@yopmail.com
2023-01-11 12:58:12,426 - INFO - <module> : input: ATNewSAMObiz@yopmail.com
2023-01-11 12:58:12,426 - INFO - <module> : input: ATNewSAMObiz@yopmail.com
2023-01-11 12:58:12,426 - INFO - <module> : input: ATNewSAMObiz@yopmail.com
2023-01-11 12:58:12,512 - INFO - <module> : input: Meralco003
2023-01-11 12:58:12,512 - INFO - <module> : input: Meralco003
2023-01-11 12:58:12,512 - INFO - <module> : input: Meralco003
2023-01-11 12:58:12,512 - INFO - <module> : input: Meralco003
2023-01-11 12:58:12,583 - INFO - <module> : Clicked
2023-01-11 12:58:12,583 - INFO - <module> : Clicked
2023-01-11 12:58:12,583 - INFO - <module> : Clicked
2023-01-11 12:58:12,583 - INFO - <module> : Clicked
2023-01-11 12:58:18,230 - INFO - <module> : Hello, exists
2023-01-11 12:58:18,230 - INFO - <module> : Hello, exists
2023-01-11 12:58:18,230 - INFO - <module> : Hello, exists
2023-01-11 12:58:18,230 - INFO - <module> : Hello, exists
2023-01-11 12:58:21,236 - INFO - <module> : Click on Request for a Service tile
2023-01-11 12:58:21,236 - INFO - <module> : Click on Request for a Service tile
2023-01-11 12:58:21,236 - INFO - <module> : Click on Request for a Service tile
2023-01-11 12:58:21,236 - INFO - <module> : Click on Request for a Service tile
2023-01-11 12:58:21,332 - INFO - <module> : Clicked
2023-01-11 12:58:21,332 - INFO - <module> : Clicked
2023-01-11 12:58:21,332 - INFO - <module> : Clicked
2023-01-11 12:58:21,332 - INFO - <module> : Clicked
2023-01-11 12:58:27,555 - INFO - <module> : Start a Service exists
2023-01-11 12:58:27,555 - INFO - <module> : Start a Service exists
2023-01-11 12:58:27,555 - INFO - <module> : Start a Service exists
2023-01-11 12:58:27,555 - INFO - <module> : Start a Service exists
2023-01-11 12:58:30,633 - INFO - <module> : Populate all required fields in Contact Information tab > Click Next
2023-01-11 12:58:30,633 - INFO - <module> : Populate all required fields in Contact Information tab > Click Next
2023-01-11 12:58:30,633 - INFO - <module> : Populate all required fields in Contact Information tab > Click Next
2023-01-11 12:58:30,633 - INFO - <module> : Populate all required fields in Contact Information tab > Click Next
2023-01-11 12:58:30,781 - INFO - setup : Close Browser
