2022-11-18 16:38:49,499 - INFO - setup : Browser Launched!
2022-11-18 16:39:14,067 - INFO - <module> : Opened: https://outage-api.meralco.com.ph/
2022-11-18 16:39:14,067 - INFO - <module> : Opened: https://outage-api.meralco.com.ph/
2022-11-18 16:39:14,067 - INFO - <module> : Opened: https://outage-api.meralco.com.ph/
2022-11-18 16:39:14,067 - INFO - <module> : Opened: https://outage-api.meralco.com.ph/
2022-11-18 16:39:17,214 - INFO - <module> : input: v-agsealmoy@meralco.com.ph
2022-11-18 16:39:17,214 - INFO - <module> : input: v-agsealmoy@meralco.com.ph
2022-11-18 16:39:17,214 - INFO - <module> : input: v-agsealmoy@meralco.com.ph
2022-11-18 16:39:17,214 - INFO - <module> : input: v-agsealmoy@meralco.com.ph
2022-11-18 16:39:17,556 - INFO - <module> : Clicked
2022-11-18 16:39:17,556 - INFO - <module> : Clicked
2022-11-18 16:39:17,556 - INFO - <module> : Clicked
2022-11-18 16:39:17,556 - INFO - <module> : Clicked
2022-11-18 16:39:19,461 - INFO - <module> : input: Meco@@##00018
2022-11-18 16:39:19,461 - INFO - <module> : input: Meco@@##00018
2022-11-18 16:39:19,461 - INFO - <module> : input: Meco@@##00018
2022-11-18 16:39:19,461 - INFO - <module> : input: Meco@@##00018
2022-11-18 16:39:20,470 - INFO - <module> : Clicked
2022-11-18 16:39:20,470 - INFO - <module> : Clicked
2022-11-18 16:39:20,470 - INFO - <module> : Clicked
2022-11-18 16:39:20,470 - INFO - <module> : Clicked
2022-11-18 16:39:21,490 - INFO - <module> : Clicked
2022-11-18 16:39:21,490 - INFO - <module> : Clicked
2022-11-18 16:39:21,490 - INFO - <module> : Clicked
2022-11-18 16:39:21,490 - INFO - <module> : Clicked
2022-11-18 16:39:51,955 - INFO - <module> : Clicked
2022-11-18 16:39:51,955 - INFO - <module> : Clicked
2022-11-18 16:39:51,955 - INFO - <module> : Clicked
2022-11-18 16:39:51,955 - INFO - <module> : Clicked
2022-11-18 16:40:20,931 - INFO - <module> : Hover over Refresh data button
2022-11-18 16:40:20,931 - INFO - <module> : Hover over Refresh data button
2022-11-18 16:40:20,931 - INFO - <module> : Hover over Refresh data button
2022-11-18 16:40:20,931 - INFO - <module> : Hover over Refresh data button
2022-11-18 16:40:36,982 - INFO - setup : Close Browser
