2023-01-12 13:38:07,440 - INFO - setup : Browser Launched!
2023-01-12 13:38:20,869 - INFO - <module> : Go to https://fuat-meralco.cs73.force.com/customers/s/contact
2023-01-12 13:38:20,869 - INFO - <module> : Go to https://fuat-meralco.cs73.force.com/customers/s/contact
2023-01-12 13:38:20,869 - INFO - <module> : Go to https://fuat-meralco.cs73.force.com/customers/s/contact
2023-01-12 13:38:20,869 - INFO - <module> : Go to https://fuat-meralco.cs73.force.com/customers/s/contact
2023-01-12 13:38:21,015 - INFO - <module> : input: ATNewSAMO@yopmail.com
2023-01-12 13:38:21,015 - INFO - <module> : input: ATNewSAMO@yopmail.com
2023-01-12 13:38:21,015 - INFO - <module> : input: ATNewSAMO@yopmail.com
2023-01-12 13:38:21,015 - INFO - <module> : input: ATNewSAMO@yopmail.com
2023-01-12 13:38:21,104 - INFO - <module> : input: Meralco05
2023-01-12 13:38:21,104 - INFO - <module> : input: Meralco05
2023-01-12 13:38:21,104 - INFO - <module> : input: Meralco05
2023-01-12 13:38:21,104 - INFO - <module> : input: Meralco05
2023-01-12 13:38:21,173 - INFO - <module> : Clicked
2023-01-12 13:38:21,173 - INFO - <module> : Clicked
2023-01-12 13:38:21,173 - INFO - <module> : Clicked
2023-01-12 13:38:21,173 - INFO - <module> : Clicked
2023-01-12 13:38:25,476 - INFO - <module> : Hello, exists
2023-01-12 13:38:25,476 - INFO - <module> : Hello, exists
2023-01-12 13:38:25,476 - INFO - <module> : Hello, exists
2023-01-12 13:38:25,476 - INFO - <module> : Hello, exists
2023-01-12 13:38:38,593 - INFO - <module> : Click on page indicated in scenario
2023-01-12 13:38:38,593 - INFO - <module> : Click on page indicated in scenario
2023-01-12 13:38:38,593 - INFO - <module> : Click on page indicated in scenario
2023-01-12 13:38:38,593 - INFO - <module> : Click on page indicated in scenario
2023-01-12 13:38:38,696 - INFO - <module> : Accounts clicked
2023-01-12 13:38:38,696 - INFO - <module> : Accounts clicked
2023-01-12 13:38:38,696 - INFO - <module> : Accounts clicked
2023-01-12 13:38:38,696 - INFO - <module> : Accounts clicked
2023-01-12 13:38:38,742 - INFO - <module> :  clicked
2023-01-12 13:38:38,742 - INFO - <module> :  clicked
2023-01-12 13:38:38,742 - INFO - <module> :  clicked
2023-01-12 13:38:38,742 - INFO - <module> :  clicked
2023-01-12 13:38:52,053 - INFO - <module> : Clicked
2023-01-12 13:38:52,053 - INFO - <module> : Clicked
2023-01-12 13:38:52,053 - INFO - <module> : Clicked
2023-01-12 13:38:52,053 - INFO - <module> : Clicked
2023-01-12 13:38:57,114 - INFO - <module> : Clicked
2023-01-12 13:38:57,114 - INFO - <module> : Clicked
2023-01-12 13:38:57,114 - INFO - <module> : Clicked
2023-01-12 13:38:57,114 - INFO - <module> : Clicked
2023-01-12 13:38:59,726 - INFO - <module> : Clicked
2023-01-12 13:38:59,726 - INFO - <module> : Clicked
2023-01-12 13:38:59,726 - INFO - <module> : Clicked
2023-01-12 13:38:59,726 - INFO - <module> : Clicked
2023-01-12 13:39:05,665 - INFO - <module> : Clicked
2023-01-12 13:39:05,665 - INFO - <module> : Clicked
2023-01-12 13:39:05,665 - INFO - <module> : Clicked
2023-01-12 13:39:05,665 - INFO - <module> : Clicked
2023-01-12 13:39:08,285 - INFO - <module> : Clicked
2023-01-12 13:39:08,285 - INFO - <module> : Clicked
2023-01-12 13:39:08,285 - INFO - <module> : Clicked
2023-01-12 13:39:08,285 - INFO - <module> : Clicked
2023-01-12 13:39:21,986 - INFO - <module> : Clicked
2023-01-12 13:39:21,986 - INFO - <module> : Clicked
2023-01-12 13:39:21,986 - INFO - <module> : Clicked
2023-01-12 13:39:21,986 - INFO - <module> : Clicked
2023-01-12 13:39:28,598 - INFO - <module> : Clicked
2023-01-12 13:39:28,598 - INFO - <module> : Clicked
2023-01-12 13:39:28,598 - INFO - <module> : Clicked
2023-01-12 13:39:28,598 - INFO - <module> : Clicked
2023-01-12 13:39:38,699 - INFO - <module> : Clicked
2023-01-12 13:39:38,699 - INFO - <module> : Clicked
2023-01-12 13:39:38,699 - INFO - <module> : Clicked
2023-01-12 13:39:38,699 - INFO - <module> : Clicked
2023-01-12 13:40:19,266 - INFO - <module> : Clicked
2023-01-12 13:40:19,266 - INFO - <module> : Clicked
2023-01-12 13:40:19,266 - INFO - <module> : Clicked
2023-01-12 13:40:19,266 - INFO - <module> : Clicked
2023-01-12 13:40:19,373 - INFO - setup : Close Browser
