2022-11-18 13:53:15,461 - INFO - setup : Browser Launched!
2022-11-18 13:53:24,695 - INFO - <module> : Go to lower right of Internal Map
2022-11-18 13:53:24,695 - INFO - <module> : Go to lower right of Internal Map
2022-11-18 13:53:24,695 - INFO - <module> : Go to lower right of Internal Map
2022-11-18 13:53:24,695 - INFO - <module> : Go to lower right of Internal Map
2022-11-18 13:53:27,090 - INFO - <module> : Opened: https://outage-api.meralco.com.ph/
2022-11-18 13:53:27,090 - INFO - <module> : Opened: https://outage-api.meralco.com.ph/
2022-11-18 13:53:27,090 - INFO - <module> : Opened: https://outage-api.meralco.com.ph/
2022-11-18 13:53:27,090 - INFO - <module> : Opened: https://outage-api.meralco.com.ph/
2022-11-18 13:53:29,847 - INFO - <module> : input: v-agsealmoy@meralco.com.ph
2022-11-18 13:53:29,847 - INFO - <module> : input: v-agsealmoy@meralco.com.ph
2022-11-18 13:53:29,847 - INFO - <module> : input: v-agsealmoy@meralco.com.ph
2022-11-18 13:53:29,847 - INFO - <module> : input: v-agsealmoy@meralco.com.ph
2022-11-18 13:53:29,923 - INFO - <module> : Clicked
2022-11-18 13:53:29,923 - INFO - <module> : Clicked
2022-11-18 13:53:29,923 - INFO - <module> : Clicked
2022-11-18 13:53:29,923 - INFO - <module> : Clicked
2022-11-18 13:53:31,026 - INFO - <module> : input: Meco@@##00018
2022-11-18 13:53:31,026 - INFO - <module> : input: Meco@@##00018
2022-11-18 13:53:31,026 - INFO - <module> : input: Meco@@##00018
2022-11-18 13:53:31,026 - INFO - <module> : input: Meco@@##00018
2022-11-18 13:53:31,896 - INFO - <module> : Clicked
2022-11-18 13:53:31,896 - INFO - <module> : Clicked
2022-11-18 13:53:31,896 - INFO - <module> : Clicked
2022-11-18 13:53:31,896 - INFO - <module> : Clicked
2022-11-18 13:53:32,493 - INFO - <module> : Clicked
2022-11-18 13:53:32,493 - INFO - <module> : Clicked
2022-11-18 13:53:32,493 - INFO - <module> : Clicked
2022-11-18 13:53:32,493 - INFO - <module> : Clicked
2022-11-18 13:54:17,682 - INFO - <module> : Clicked
2022-11-18 13:54:17,682 - INFO - <module> : Clicked
2022-11-18 13:54:17,682 - INFO - <module> : Clicked
2022-11-18 13:54:17,682 - INFO - <module> : Clicked
2022-11-18 13:54:50,540 - INFO - <module> : Go to lower right of Internal Map
2022-11-18 13:54:50,540 - INFO - <module> : Go to lower right of Internal Map
2022-11-18 13:54:50,540 - INFO - <module> : Go to lower right of Internal Map
2022-11-18 13:54:50,540 - INFO - <module> : Go to lower right of Internal Map
2022-11-18 13:54:53,508 - INFO - <module> : Click Street View icon
2022-11-18 13:54:53,508 - INFO - <module> : Click Street View icon
2022-11-18 13:54:53,508 - INFO - <module> : Click Street View icon
2022-11-18 13:54:53,508 - INFO - <module> : Click Street View icon
2022-11-18 13:55:24,033 - ERROR - <module> : Cannot Locate: int_cluster
2022-11-18 13:55:24,033 - ERROR - <module> : Cannot Locate: int_cluster
2022-11-18 13:55:24,033 - ERROR - <module> : Cannot Locate: int_cluster
2022-11-18 13:55:24,033 - ERROR - <module> : Cannot Locate: int_cluster
2022-11-18 13:55:24,149 - INFO - setup : Close Browser
