2022-10-17 09:43:55,261 - INFO - setup : Browser Launched!
2022-10-17 09:44:05,623 - INFO - <module> : Go to https://fuat-meralco.cs73.force.com/customers/s/outagemap
2022-10-17 09:44:05,623 - INFO - <module> : Go to https://fuat-meralco.cs73.force.com/customers/s/outagemap
2022-10-17 09:44:05,623 - INFO - <module> : Go to https://fuat-meralco.cs73.force.com/customers/s/outagemap
2022-10-17 09:44:05,623 - INFO - <module> : Go to https://fuat-meralco.cs73.force.com/customers/s/outagemap
2022-10-17 09:44:09,563 - INFO - <module> : Opened: https://fuat-meralco.cs73.force.com/customers/s/outagemap
2022-10-17 09:44:09,563 - INFO - <module> : Opened: https://fuat-meralco.cs73.force.com/customers/s/outagemap
2022-10-17 09:44:09,563 - INFO - <module> : Opened: https://fuat-meralco.cs73.force.com/customers/s/outagemap
2022-10-17 09:44:09,563 - INFO - <module> : Opened: https://fuat-meralco.cs73.force.com/customers/s/outagemap
2022-10-17 09:44:12,597 - INFO - <module> : Validate View Outages by
2022-10-17 09:44:12,597 - INFO - <module> : Validate View Outages by
2022-10-17 09:44:12,597 - INFO - <module> : Validate View Outages by
2022-10-17 09:44:12,597 - INFO - <module> : Validate View Outages by
2022-10-17 09:44:12,651 - INFO - <module> : Meralco would like to access your location to identify if your area is affected by an outage. exists
2022-10-17 09:44:12,651 - INFO - <module> : Meralco would like to access your location to identify if your area is affected by an outage. exists
2022-10-17 09:44:12,651 - INFO - <module> : Meralco would like to access your location to identify if your area is affected by an outage. exists
2022-10-17 09:44:12,651 - INFO - <module> : Meralco would like to access your location to identify if your area is affected by an outage. exists
2022-10-17 09:44:13,621 - INFO - <module> : Agree clicked
2022-10-17 09:44:13,621 - INFO - <module> : Agree clicked
2022-10-17 09:44:13,621 - INFO - <module> : Agree clicked
2022-10-17 09:44:13,621 - INFO - <module> : Agree clicked
2022-10-17 09:44:20,518 - INFO - <module> : Tick Other Address
2022-10-17 09:44:20,518 - INFO - <module> : Tick Other Address
2022-10-17 09:44:20,518 - INFO - <module> : Tick Other Address
2022-10-17 09:44:20,518 - INFO - <module> : Tick Other Address
2022-10-17 09:44:20,649 - INFO - <module> :  clicked
2022-10-17 09:44:20,649 - INFO - <module> :  clicked
2022-10-17 09:44:20,649 - INFO - <module> :  clicked
2022-10-17 09:44:20,649 - INFO - <module> :  clicked
2022-10-17 09:44:23,708 - INFO - <module> : Tick Anywhere on the map
2022-10-17 09:44:23,708 - INFO - <module> : Tick Anywhere on the map
2022-10-17 09:44:23,708 - INFO - <module> : Tick Anywhere on the map
2022-10-17 09:44:23,708 - INFO - <module> : Tick Anywhere on the map
2022-10-17 09:44:26,559 - INFO - setup : Close Browser
