2022-12-21 17:36:21,914 - INFO - setup : Browser Launched!
2022-12-21 17:36:58,677 - INFO - <module> : Login to Meralco Online
2022-12-21 17:36:58,677 - INFO - <module> : Login to Meralco Online
2022-12-21 17:36:58,677 - INFO - <module> : Login to Meralco Online
2022-12-21 17:36:58,677 - INFO - <module> : Login to Meralco Online
2022-12-21 17:37:02,316 - INFO - <module> : input: ATNewSAMObiz@yopmail.com
2022-12-21 17:37:02,316 - INFO - <module> : input: ATNewSAMObiz@yopmail.com
2022-12-21 17:37:02,316 - INFO - <module> : input: ATNewSAMObiz@yopmail.com
2022-12-21 17:37:02,316 - INFO - <module> : input: ATNewSAMObiz@yopmail.com
2022-12-21 17:37:02,827 - INFO - <module> : input: Meralco01
2022-12-21 17:37:02,827 - INFO - <module> : input: Meralco01
2022-12-21 17:37:02,827 - INFO - <module> : input: Meralco01
2022-12-21 17:37:02,827 - INFO - <module> : input: Meralco01
2022-12-21 17:37:03,702 - INFO - <module> : Clicked
2022-12-21 17:37:03,702 - INFO - <module> : Clicked
2022-12-21 17:37:03,702 - INFO - <module> : Clicked
2022-12-21 17:37:03,702 - INFO - <module> : Clicked
2022-12-21 17:37:09,884 - INFO - <module> : Hello, exists
2022-12-21 17:37:09,884 - INFO - <module> : Hello, exists
2022-12-21 17:37:09,884 - INFO - <module> : Hello, exists
2022-12-21 17:37:09,884 - INFO - <module> : Hello, exists
2022-12-21 17:37:22,815 - INFO - <module> : Click on Request for a Service tile
2022-12-21 17:37:22,815 - INFO - <module> : Click on Request for a Service tile
2022-12-21 17:37:22,815 - INFO - <module> : Click on Request for a Service tile
2022-12-21 17:37:22,815 - INFO - <module> : Click on Request for a Service tile
2022-12-21 17:37:26,155 - INFO - <module> : Clicked
2022-12-21 17:37:26,155 - INFO - <module> : Clicked
2022-12-21 17:37:26,155 - INFO - <module> : Clicked
2022-12-21 17:37:26,155 - INFO - <module> : Clicked
2022-12-21 17:37:31,490 - INFO - <module> :  clicked
2022-12-21 17:37:31,490 - INFO - <module> :  clicked
2022-12-21 17:37:31,490 - INFO - <module> :  clicked
2022-12-21 17:37:31,490 - INFO - <module> :  clicked
2022-12-21 17:37:37,038 - INFO - <module> : Populate all required fields in Contact Information tab > Click Next
2022-12-21 17:37:37,038 - INFO - <module> : Populate all required fields in Contact Information tab > Click Next
2022-12-21 17:37:37,038 - INFO - <module> : Populate all required fields in Contact Information tab > Click Next
2022-12-21 17:37:37,038 - INFO - <module> : Populate all required fields in Contact Information tab > Click Next
2022-12-21 17:37:44,779 - INFO - <module> : Clicked
2022-12-21 17:37:44,779 - INFO - <module> : Clicked
2022-12-21 17:37:44,779 - INFO - <module> : Clicked
2022-12-21 17:37:44,779 - INFO - <module> : Clicked
2022-12-21 17:37:50,406 - INFO - <module> : Populate the following:
Service Address
Province
City / Municipality
Home Ownership
Billing Address Indicator
2022-12-21 17:37:50,406 - INFO - <module> : Populate the following:
Service Address
Province
City / Municipality
Home Ownership
Billing Address Indicator
2022-12-21 17:37:50,406 - INFO - <module> : Populate the following:
Service Address
Province
City / Municipality
Home Ownership
Billing Address Indicator
2022-12-21 17:37:50,406 - INFO - <module> : Populate the following:
Service Address
Province
City / Municipality
Home Ownership
Billing Address Indicator
2022-12-21 17:37:50,840 - INFO - <module> : input: 123 Santo Tomas
2022-12-21 17:37:50,840 - INFO - <module> : input: 123 Santo Tomas
2022-12-21 17:37:50,840 - INFO - <module> : input: 123 Santo Tomas
2022-12-21 17:37:50,840 - INFO - <module> : input: 123 Santo Tomas
2022-12-21 17:37:54,014 - INFO - <module> : Clicked
2022-12-21 17:37:54,014 - INFO - <module> : Clicked
2022-12-21 17:37:54,014 - INFO - <module> : Clicked
2022-12-21 17:37:54,014 - INFO - <module> : Clicked
2022-12-21 17:37:59,562 - INFO - <module> : Populate the following:
Notification indicator
AMC indicator
Paperless Billing indicator
APA indicator
> Attach documents
> Click Next
2022-12-21 17:37:59,562 - INFO - <module> : Populate the following:
Notification indicator
AMC indicator
Paperless Billing indicator
APA indicator
> Attach documents
> Click Next
2022-12-21 17:37:59,562 - INFO - <module> : Populate the following:
Notification indicator
AMC indicator
Paperless Billing indicator
APA indicator
> Attach documents
> Click Next
2022-12-21 17:37:59,562 - INFO - <module> : Populate the following:
Notification indicator
AMC indicator
Paperless Billing indicator
APA indicator
> Attach documents
> Click Next
2022-12-21 17:38:02,307 - INFO - <module> : Clicked
2022-12-21 17:38:02,307 - INFO - <module> : Clicked
2022-12-21 17:38:02,307 - INFO - <module> : Clicked
2022-12-21 17:38:02,307 - INFO - <module> : Clicked
2022-12-21 17:38:07,835 - INFO - <module> : Tick on I have read and agree to the Meralco Online Terms & Conditions and consent to the processing of my personal data in accordance with the Privacy Policy
2022-12-21 17:38:07,835 - INFO - <module> : Tick on I have read and agree to the Meralco Online Terms & Conditions and consent to the processing of my personal data in accordance with the Privacy Policy
2022-12-21 17:38:07,835 - INFO - <module> : Tick on I have read and agree to the Meralco Online Terms & Conditions and consent to the processing of my personal data in accordance with the Privacy Policy
2022-12-21 17:38:07,835 - INFO - <module> : Tick on I have read and agree to the Meralco Online Terms & Conditions and consent to the processing of my personal data in accordance with the Privacy Policy
2022-12-21 17:38:30,703 - INFO - <module> : Clicked
2022-12-21 17:38:30,703 - INFO - <module> : Clicked
2022-12-21 17:38:30,703 - INFO - <module> : Clicked
2022-12-21 17:38:30,703 - INFO - <module> : Clicked
2022-12-21 17:38:36,277 - INFO - <module> : Click Submit
2022-12-21 17:38:36,277 - INFO - <module> : Click Submit
2022-12-21 17:38:36,277 - INFO - <module> : Click Submit
2022-12-21 17:38:36,277 - INFO - <module> : Click Submit
2022-12-21 17:38:43,836 - INFO - <module> : Clicked
2022-12-21 17:38:43,836 - INFO - <module> : Clicked
2022-12-21 17:38:43,836 - INFO - <module> : Clicked
2022-12-21 17:38:43,836 - INFO - <module> : Clicked
2022-12-21 17:38:44,584 - INFO - <module> : Clicked
2022-12-21 17:38:44,584 - INFO - <module> : Clicked
2022-12-21 17:38:44,584 - INFO - <module> : Clicked
2022-12-21 17:38:44,584 - INFO - <module> : Clicked
2022-12-21 17:38:56,261 - INFO - <module> : Clicked
2022-12-21 17:38:56,261 - INFO - <module> : Clicked
2022-12-21 17:38:56,261 - INFO - <module> : Clicked
2022-12-21 17:38:56,261 - INFO - <module> : Clicked
2022-12-21 17:39:00,290 - INFO - <module> : Validate email notification
2022-12-21 17:39:00,290 - INFO - <module> : Validate email notification
2022-12-21 17:39:00,290 - INFO - <module> : Validate email notification
2022-12-21 17:39:00,290 - INFO - <module> : Validate email notification
2022-12-21 17:39:08,006 - INFO - <module> : Opened: https://yopmail.com/en/
2022-12-21 17:39:08,006 - INFO - <module> : Opened: https://yopmail.com/en/
2022-12-21 17:39:08,006 - INFO - <module> : Opened: https://yopmail.com/en/
2022-12-21 17:39:08,006 - INFO - <module> : Opened: https://yopmail.com/en/
2022-12-21 17:39:09,350 - INFO - <module> : input: ATNewSAMObiz@yopmail.com
2022-12-21 17:39:09,350 - INFO - <module> : input: ATNewSAMObiz@yopmail.com
2022-12-21 17:39:09,350 - INFO - <module> : input: ATNewSAMObiz@yopmail.com
2022-12-21 17:39:09,350 - INFO - <module> : input: ATNewSAMObiz@yopmail.com
2022-12-21 17:39:11,497 - INFO - <module> : Clicked
2022-12-21 17:39:11,497 - INFO - <module> : Clicked
2022-12-21 17:39:11,497 - INFO - <module> : Clicked
2022-12-21 17:39:11,497 - INFO - <module> : Clicked
2022-12-21 17:39:14,110 - INFO - setup : Close Browser
