2023-01-10 09:57:17,242 - INFO - setup : Browser Launched!
2023-01-10 09:57:23,522 - INFO - <module> : Go to Outages & Incidents > Report Streetlight And Safety Concerns
2023-01-10 09:57:23,522 - INFO - <module> : Go to Outages & Incidents > Report Streetlight And Safety Concerns
2023-01-10 09:57:23,522 - INFO - <module> : Go to Outages & Incidents > Report Streetlight And Safety Concerns
2023-01-10 09:57:23,522 - INFO - <module> : Go to Outages & Incidents > Report Streetlight And Safety Concerns
2023-01-10 09:57:23,522 - INFO - <module> : Go to Outages & Incidents > Report Streetlight And Safety Concerns
2023-01-10 09:57:28,106 - INFO - <module> : Opened: https://fuat-meralco.cs73.force.com/customers/s/outagemap
2023-01-10 09:57:28,106 - INFO - <module> : Opened: https://fuat-meralco.cs73.force.com/customers/s/outagemap
2023-01-10 09:57:28,106 - INFO - <module> : Opened: https://fuat-meralco.cs73.force.com/customers/s/outagemap
2023-01-10 09:57:28,106 - INFO - <module> : Opened: https://fuat-meralco.cs73.force.com/customers/s/outagemap
2023-01-10 09:57:28,106 - INFO - <module> : Opened: https://fuat-meralco.cs73.force.com/customers/s/outagemap
2023-01-10 09:57:31,119 - INFO - <module> : Meralco would like to access your location to identify if your area is affected by an outage. exists
2023-01-10 09:57:31,119 - INFO - <module> : Meralco would like to access your location to identify if your area is affected by an outage. exists
2023-01-10 09:57:31,119 - INFO - <module> : Meralco would like to access your location to identify if your area is affected by an outage. exists
2023-01-10 09:57:31,119 - INFO - <module> : Meralco would like to access your location to identify if your area is affected by an outage. exists
2023-01-10 09:57:31,119 - INFO - <module> : Meralco would like to access your location to identify if your area is affected by an outage. exists
2023-01-10 09:57:33,219 - INFO - <module> : Clicked
2023-01-10 09:57:33,219 - INFO - <module> : Clicked
2023-01-10 09:57:33,219 - INFO - <module> : Clicked
2023-01-10 09:57:33,219 - INFO - <module> : Clicked
2023-01-10 09:57:33,219 - INFO - <module> : Clicked
2023-01-10 09:57:37,350 - INFO - <module> : Clicked
2023-01-10 09:57:37,350 - INFO - <module> : Clicked
2023-01-10 09:57:37,350 - INFO - <module> : Clicked
2023-01-10 09:57:37,350 - INFO - <module> : Clicked
2023-01-10 09:57:37,350 - INFO - <module> : Clicked
2023-01-10 09:57:45,404 - INFO - <module> : Report an Outage or Incident exists
2023-01-10 09:57:45,404 - INFO - <module> : Report an Outage or Incident exists
2023-01-10 09:57:45,404 - INFO - <module> : Report an Outage or Incident exists
2023-01-10 09:57:45,404 - INFO - <module> : Report an Outage or Incident exists
2023-01-10 09:57:45,404 - INFO - <module> : Report an Outage or Incident exists
2023-01-10 09:57:47,631 - INFO - setup : Close Browser
