2023-01-06 14:47:28,111 - INFO - setup : Browser Launched!
2023-01-06 14:47:56,482 - INFO - <module> : Opened: https://meralco--fuat.lightning.force.com/lightning/page/home
2023-01-06 14:47:56,482 - INFO - <module> : Opened: https://meralco--fuat.lightning.force.com/lightning/page/home
2023-01-06 14:47:56,482 - INFO - <module> : Opened: https://meralco--fuat.lightning.force.com/lightning/page/home
2023-01-06 14:47:56,482 - INFO - <module> : Opened: https://meralco--fuat.lightning.force.com/lightning/page/home
2023-01-06 14:47:57,509 - INFO - <module> : Clicked
2023-01-06 14:47:57,509 - INFO - <module> : Clicked
2023-01-06 14:47:57,509 - INFO - <module> : Clicked
2023-01-06 14:47:57,509 - INFO - <module> : Clicked
2023-01-06 14:48:06,175 - INFO - <module> : input: v-lvlgalvez@meralco.com.ph
2023-01-06 14:48:06,175 - INFO - <module> : input: v-lvlgalvez@meralco.com.ph
2023-01-06 14:48:06,175 - INFO - <module> : input: v-lvlgalvez@meralco.com.ph
2023-01-06 14:48:06,175 - INFO - <module> : input: v-lvlgalvez@meralco.com.ph
2023-01-06 14:48:06,676 - INFO - <module> : Clicked
2023-01-06 14:48:06,676 - INFO - <module> : Clicked
2023-01-06 14:48:06,676 - INFO - <module> : Clicked
2023-01-06 14:48:06,676 - INFO - <module> : Clicked
2023-01-06 14:48:08,002 - INFO - <module> : input: Mecopass@@!!123
2023-01-06 14:48:08,002 - INFO - <module> : input: Mecopass@@!!123
2023-01-06 14:48:08,002 - INFO - <module> : input: Mecopass@@!!123
2023-01-06 14:48:08,002 - INFO - <module> : input: Mecopass@@!!123
2023-01-06 14:48:09,042 - INFO - <module> : Clicked
2023-01-06 14:48:09,042 - INFO - <module> : Clicked
2023-01-06 14:48:09,042 - INFO - <module> : Clicked
2023-01-06 14:48:09,042 - INFO - <module> : Clicked
2023-01-06 14:48:10,379 - INFO - <module> : Clicked
2023-01-06 14:48:10,379 - INFO - <module> : Clicked
2023-01-06 14:48:10,379 - INFO - <module> : Clicked
2023-01-06 14:48:10,379 - INFO - <module> : Clicked
2023-01-06 14:48:20,432 - INFO - setup : Close Browser
