2023-01-04 16:12:51,851 - INFO - setup : Browser Launched!
2023-01-04 16:13:22,017 - INFO - <module> : Opened: https://fuat-meralco.cs73.force.com/customers/s/cxe-apply
2023-01-04 16:13:22,017 - INFO - <module> : Opened: https://fuat-meralco.cs73.force.com/customers/s/cxe-apply
2023-01-04 16:13:22,017 - INFO - <module> : Opened: https://fuat-meralco.cs73.force.com/customers/s/cxe-apply
2023-01-04 16:13:22,017 - INFO - <module> : Opened: https://fuat-meralco.cs73.force.com/customers/s/cxe-apply
2023-01-04 16:13:28,677 - INFO - <module> : Service Application exists
2023-01-04 16:13:28,677 - INFO - <module> : Service Application exists
2023-01-04 16:13:28,677 - INFO - <module> : Service Application exists
2023-01-04 16:13:28,677 - INFO - <module> : Service Application exists
2023-01-04 16:13:32,033 - INFO - <module> : Clicked
2023-01-04 16:13:32,033 - INFO - <module> : Clicked
2023-01-04 16:13:32,033 - INFO - <module> : Clicked
2023-01-04 16:13:32,033 - INFO - <module> : Clicked
2023-01-04 16:13:35,310 - INFO - <module> : Clicked
2023-01-04 16:13:35,310 - INFO - <module> : Clicked
2023-01-04 16:13:35,310 - INFO - <module> : Clicked
2023-01-04 16:13:35,310 - INFO - <module> : Clicked
2023-01-04 16:13:46,726 - INFO - <module> :  clicked
2023-01-04 16:13:46,726 - INFO - <module> :  clicked
2023-01-04 16:13:46,726 - INFO - <module> :  clicked
2023-01-04 16:13:46,726 - INFO - <module> :  clicked
2023-01-04 16:13:53,021 - INFO - <module> : input: automation1
2023-01-04 16:13:53,021 - INFO - <module> : input: automation1
2023-01-04 16:13:53,021 - INFO - <module> : input: automation1
2023-01-04 16:13:53,021 - INFO - <module> : input: automation1
2023-01-04 16:13:53,169 - INFO - <module> : input: +63945113252
2023-01-04 16:13:53,169 - INFO - <module> : input: +63945113252
2023-01-04 16:13:53,169 - INFO - <module> : input: +63945113252
2023-01-04 16:13:53,169 - INFO - <module> : input: +63945113252
2023-01-04 16:13:53,255 - INFO - <module> : input: automation5
2023-01-04 16:13:53,255 - INFO - <module> : input: automation5
2023-01-04 16:13:53,255 - INFO - <module> : input: automation5
2023-01-04 16:13:53,255 - INFO - <module> : input: automation5
2023-01-04 16:13:53,330 - INFO - <module> : input: automation6
2023-01-04 16:13:53,330 - INFO - <module> : input: automation6
2023-01-04 16:13:53,330 - INFO - <module> : input: automation6
2023-01-04 16:13:53,330 - INFO - <module> : input: automation6
2023-01-04 16:13:53,485 - INFO - <module> : input: automation2@yopmail.com
2023-01-04 16:13:53,485 - INFO - <module> : input: automation2@yopmail.com
2023-01-04 16:13:53,485 - INFO - <module> : input: automation2@yopmail.com
2023-01-04 16:13:53,485 - INFO - <module> : input: automation2@yopmail.com
2023-01-04 16:13:53,646 - INFO - <module> : input: +639234567891
2023-01-04 16:13:53,646 - INFO - <module> : input: +639234567891
2023-01-04 16:13:53,646 - INFO - <module> : input: +639234567891
2023-01-04 16:13:53,646 - INFO - <module> : input: +639234567891
2023-01-04 16:13:53,706 - INFO - <module> : input: manager
2023-01-04 16:13:53,706 - INFO - <module> : input: manager
2023-01-04 16:13:53,706 - INFO - <module> : input: manager
2023-01-04 16:13:53,706 - INFO - <module> : input: manager
2023-01-04 16:13:56,868 - INFO - <module> : Clicked
2023-01-04 16:13:56,868 - INFO - <module> : Clicked
2023-01-04 16:13:56,868 - INFO - <module> : Clicked
2023-01-04 16:13:56,868 - INFO - <module> : Clicked
2023-01-04 16:14:04,597 - INFO - <module> : input: atsrviceadd
2023-01-04 16:14:04,597 - INFO - <module> : input: atsrviceadd
2023-01-04 16:14:04,597 - INFO - <module> : input: atsrviceadd
2023-01-04 16:14:04,597 - INFO - <module> : input: atsrviceadd
2023-01-04 16:14:04,865 - INFO - <module> : Clicked
2023-01-04 16:14:04,865 - INFO - <module> : Clicked
2023-01-04 16:14:04,865 - INFO - <module> : Clicked
2023-01-04 16:14:04,865 - INFO - <module> : Clicked
2023-01-04 16:14:05,339 - INFO - <module> : Clicked
2023-01-04 16:14:05,339 - INFO - <module> : Clicked
2023-01-04 16:14:05,339 - INFO - <module> : Clicked
2023-01-04 16:14:05,339 - INFO - <module> : Clicked
2023-01-04 16:14:05,684 - INFO - <module> : Clicked
2023-01-04 16:14:05,684 - INFO - <module> : Clicked
2023-01-04 16:14:05,684 - INFO - <module> : Clicked
2023-01-04 16:14:05,684 - INFO - <module> : Clicked
2023-01-04 16:14:06,021 - INFO - <module> : Clicked
2023-01-04 16:14:06,021 - INFO - <module> : Clicked
2023-01-04 16:14:06,021 - INFO - <module> : Clicked
2023-01-04 16:14:06,021 - INFO - <module> : Clicked
2023-01-04 16:14:06,078 - INFO - setup : Close Browser
