2022-10-26 15:29:46,665 - INFO - setup : Browser Launched!
2022-10-26 15:29:55,333 - INFO - <module> : Click on burger menu > Search Locations > Select Service ID No. > Search SIN
2022-10-26 15:29:55,333 - INFO - <module> : Click on burger menu > Search Locations > Select Service ID No. > Search SIN
2022-10-26 15:29:55,333 - INFO - <module> : Click on burger menu > Search Locations > Select Service ID No. > Search SIN
2022-10-26 15:29:55,333 - INFO - <module> : Click on burger menu > Search Locations > Select Service ID No. > Search SIN
2022-10-26 15:29:56,874 - INFO - <module> : Opened: https://outage-api.meralco.com.ph/
2022-10-26 15:29:56,874 - INFO - <module> : Opened: https://outage-api.meralco.com.ph/
2022-10-26 15:29:56,874 - INFO - <module> : Opened: https://outage-api.meralco.com.ph/
2022-10-26 15:29:56,874 - INFO - <module> : Opened: https://outage-api.meralco.com.ph/
2022-10-26 15:29:58,135 - INFO - <module> : input: v-lvlgalvez@meralco.com.ph
2022-10-26 15:29:58,135 - INFO - <module> : input: v-lvlgalvez@meralco.com.ph
2022-10-26 15:29:58,135 - INFO - <module> : input: v-lvlgalvez@meralco.com.ph
2022-10-26 15:29:58,135 - INFO - <module> : input: v-lvlgalvez@meralco.com.ph
2022-10-26 15:29:58,207 - INFO - <module> : Clicked
2022-10-26 15:29:58,207 - INFO - <module> : Clicked
2022-10-26 15:29:58,207 - INFO - <module> : Clicked
2022-10-26 15:29:58,207 - INFO - <module> : Clicked
2022-10-26 15:29:59,854 - INFO - <module> : input: Mecopass@@!!129
2022-10-26 15:29:59,854 - INFO - <module> : input: Mecopass@@!!129
2022-10-26 15:29:59,854 - INFO - <module> : input: Mecopass@@!!129
2022-10-26 15:29:59,854 - INFO - <module> : input: Mecopass@@!!129
2022-10-26 15:30:00,529 - INFO - <module> : Clicked
2022-10-26 15:30:00,529 - INFO - <module> : Clicked
2022-10-26 15:30:00,529 - INFO - <module> : Clicked
2022-10-26 15:30:00,529 - INFO - <module> : Clicked
2022-10-26 15:30:01,190 - INFO - <module> : Clicked
2022-10-26 15:30:01,190 - INFO - <module> : Clicked
2022-10-26 15:30:01,190 - INFO - <module> : Clicked
2022-10-26 15:30:01,190 - INFO - <module> : Clicked
2022-10-26 15:30:33,822 - INFO - <module> : Clicked
2022-10-26 15:30:33,822 - INFO - <module> : Clicked
2022-10-26 15:30:33,822 - INFO - <module> : Clicked
2022-10-26 15:30:33,822 - INFO - <module> : Clicked
2022-10-26 15:30:37,932 - INFO - <module> :  clicked
2022-10-26 15:30:37,932 - INFO - <module> :  clicked
2022-10-26 15:30:37,932 - INFO - <module> :  clicked
2022-10-26 15:30:37,932 - INFO - <module> :  clicked
2022-10-26 15:30:38,058 - INFO - <module> : Search Locations clicked
2022-10-26 15:30:38,058 - INFO - <module> : Search Locations clicked
2022-10-26 15:30:38,058 - INFO - <module> : Search Locations clicked
2022-10-26 15:30:38,058 - INFO - <module> : Search Locations clicked
2022-10-26 15:30:38,136 - INFO - <module> : Service ID No.
arrow_drop_down clicked
2022-10-26 15:30:38,136 - INFO - <module> : Service ID No.
arrow_drop_down clicked
2022-10-26 15:30:38,136 - INFO - <module> : Service ID No.
arrow_drop_down clicked
2022-10-26 15:30:38,136 - INFO - <module> : Service ID No.
arrow_drop_down clicked
2022-10-26 15:30:38,190 - INFO - <module> : Service ID No. clicked
2022-10-26 15:30:38,190 - INFO - <module> : Service ID No. clicked
2022-10-26 15:30:38,190 - INFO - <module> : Service ID No. clicked
2022-10-26 15:30:38,190 - INFO - <module> : Service ID No. clicked
2022-10-26 15:30:38,368 - INFO - setup : Close Browser
