2022-11-18 13:37:48,357 - INFO - setup : Browser Launched!
2022-11-18 13:37:58,300 - INFO - <module> : Opened: https://outage-api.meralco.com.ph/
2022-11-18 13:37:58,300 - INFO - <module> : Opened: https://outage-api.meralco.com.ph/
2022-11-18 13:37:58,300 - INFO - <module> : Opened: https://outage-api.meralco.com.ph/
2022-11-18 13:37:58,300 - INFO - <module> : Opened: https://outage-api.meralco.com.ph/
2022-11-18 13:38:01,101 - INFO - <module> : input: v-agsealmoy@meralco.com.ph
2022-11-18 13:38:01,101 - INFO - <module> : input: v-agsealmoy@meralco.com.ph
2022-11-18 13:38:01,101 - INFO - <module> : input: v-agsealmoy@meralco.com.ph
2022-11-18 13:38:01,101 - INFO - <module> : input: v-agsealmoy@meralco.com.ph
2022-11-18 13:38:01,155 - INFO - <module> : Clicked
2022-11-18 13:38:01,155 - INFO - <module> : Clicked
2022-11-18 13:38:01,155 - INFO - <module> : Clicked
2022-11-18 13:38:01,155 - INFO - <module> : Clicked
2022-11-18 13:38:02,243 - INFO - <module> : input: Meco@@##00018
2022-11-18 13:38:02,243 - INFO - <module> : input: Meco@@##00018
2022-11-18 13:38:02,243 - INFO - <module> : input: Meco@@##00018
2022-11-18 13:38:02,243 - INFO - <module> : input: Meco@@##00018
2022-11-18 13:38:02,908 - INFO - <module> : Clicked
2022-11-18 13:38:02,908 - INFO - <module> : Clicked
2022-11-18 13:38:02,908 - INFO - <module> : Clicked
2022-11-18 13:38:02,908 - INFO - <module> : Clicked
2022-11-18 13:38:03,513 - INFO - <module> : Clicked
2022-11-18 13:38:03,513 - INFO - <module> : Clicked
2022-11-18 13:38:03,513 - INFO - <module> : Clicked
2022-11-18 13:38:03,513 - INFO - <module> : Clicked
2022-11-18 13:38:31,732 - INFO - <module> : Clicked
2022-11-18 13:38:31,732 - INFO - <module> : Clicked
2022-11-18 13:38:31,732 - INFO - <module> : Clicked
2022-11-18 13:38:31,732 - INFO - <module> : Clicked
2022-11-18 13:39:04,807 - INFO - <module> : Hover over Refresh data button
2022-11-18 13:39:04,807 - INFO - <module> : Hover over Refresh data button
2022-11-18 13:39:04,807 - INFO - <module> : Hover over Refresh data button
2022-11-18 13:39:04,807 - INFO - <module> : Hover over Refresh data button
2022-11-18 13:39:19,240 - INFO - setup : Close Browser
