2023-01-03 16:19:45,707 - INFO - setup : Browser Launched!
2023-01-03 16:20:17,151 - INFO - <module> : Opened: https://fuat-meralco.cs73.force.com/customers/s/cxe-apply
2023-01-03 16:20:17,151 - INFO - <module> : Opened: https://fuat-meralco.cs73.force.com/customers/s/cxe-apply
2023-01-03 16:20:17,151 - INFO - <module> : Opened: https://fuat-meralco.cs73.force.com/customers/s/cxe-apply
2023-01-03 16:20:17,151 - INFO - <module> : Opened: https://fuat-meralco.cs73.force.com/customers/s/cxe-apply
2023-01-03 16:20:23,284 - INFO - <module> : Service Application exists
2023-01-03 16:20:23,284 - INFO - <module> : Service Application exists
2023-01-03 16:20:23,284 - INFO - <module> : Service Application exists
2023-01-03 16:20:23,284 - INFO - <module> : Service Application exists
2023-01-03 16:20:26,608 - INFO - <module> : Clicked
2023-01-03 16:20:26,608 - INFO - <module> : Clicked
2023-01-03 16:20:26,608 - INFO - <module> : Clicked
2023-01-03 16:20:26,608 - INFO - <module> : Clicked
2023-01-03 16:20:29,826 - INFO - <module> : Clicked
2023-01-03 16:20:29,826 - INFO - <module> : Clicked
2023-01-03 16:20:29,826 - INFO - <module> : Clicked
2023-01-03 16:20:29,826 - INFO - <module> : Clicked
2023-01-03 16:20:44,805 - INFO - <module> : Clicked
2023-01-03 16:20:44,805 - INFO - <module> : Clicked
2023-01-03 16:20:44,805 - INFO - <module> : Clicked
2023-01-03 16:20:44,805 - INFO - <module> : Clicked
2023-01-03 16:20:49,918 - INFO - setup : Close Browser
