2022-12-27 10:09:05,978 - INFO - setup : Browser Launched!
2022-12-27 10:09:18,073 - INFO - <module> : Go to Meralco Mobile App > Login using account with expired password
2022-12-27 10:09:18,073 - INFO - <module> : Go to Meralco Mobile App > Login using account with expired password
2022-12-27 10:09:18,073 - INFO - <module> : Go to Meralco Mobile App > Login using account with expired password
2022-12-27 10:09:18,073 - INFO - <module> : Go to Meralco Mobile App > Login using account with expired password
2022-12-27 10:09:19,468 - INFO - <module> : Opened: https://fuat-meralco.cs73.force.com/customers/s/cxe-apply
2022-12-27 10:09:19,468 - INFO - <module> : Opened: https://fuat-meralco.cs73.force.com/customers/s/cxe-apply
2022-12-27 10:09:19,468 - INFO - <module> : Opened: https://fuat-meralco.cs73.force.com/customers/s/cxe-apply
2022-12-27 10:09:19,468 - INFO - <module> : Opened: https://fuat-meralco.cs73.force.com/customers/s/cxe-apply
2022-12-27 10:09:20,204 - INFO - <module> : Service Application exists
2022-12-27 10:09:20,204 - INFO - <module> : Service Application exists
2022-12-27 10:09:20,204 - INFO - <module> : Service Application exists
2022-12-27 10:09:20,204 - INFO - <module> : Service Application exists
2022-12-27 10:09:23,235 - INFO - <module> : Update Password
2022-12-27 10:09:23,235 - INFO - <module> : Update Password
2022-12-27 10:09:23,235 - INFO - <module> : Update Password
2022-12-27 10:09:23,235 - INFO - <module> : Update Password
2022-12-27 10:09:23,324 - INFO - <module> : Clicked
2022-12-27 10:09:23,324 - INFO - <module> : Clicked
2022-12-27 10:09:23,324 - INFO - <module> : Clicked
2022-12-27 10:09:23,324 - INFO - <module> : Clicked
2022-12-27 10:09:23,365 - INFO - <module> : Start Service exists
2022-12-27 10:09:23,365 - INFO - <module> : Start Service exists
2022-12-27 10:09:23,365 - INFO - <module> : Start Service exists
2022-12-27 10:09:23,365 - INFO - <module> : Start Service exists
2022-12-27 10:09:23,410 - INFO - <module> : Modify Service exists
2022-12-27 10:09:23,410 - INFO - <module> : Modify Service exists
2022-12-27 10:09:23,410 - INFO - <module> : Modify Service exists
2022-12-27 10:09:23,410 - INFO - <module> : Modify Service exists
2022-12-27 10:09:23,465 - INFO - <module> : Reactivate Service exists
2022-12-27 10:09:23,465 - INFO - <module> : Reactivate Service exists
2022-12-27 10:09:23,465 - INFO - <module> : Reactivate Service exists
2022-12-27 10:09:23,465 - INFO - <module> : Reactivate Service exists
2022-12-27 10:09:23,512 - INFO - <module> : Stop Service exists
2022-12-27 10:09:23,512 - INFO - <module> : Stop Service exists
2022-12-27 10:09:23,512 - INFO - <module> : Stop Service exists
2022-12-27 10:09:23,512 - INFO - <module> : Stop Service exists
2022-12-27 10:09:26,875 - INFO - <module> : Login using new password
2022-12-27 10:09:26,875 - INFO - <module> : Login using new password
2022-12-27 10:09:26,875 - INFO - <module> : Login using new password
2022-12-27 10:09:26,875 - INFO - <module> : Login using new password
2022-12-27 10:09:27,044 - INFO - setup : Close Browser
