2023-01-10 11:10:04,793 - INFO - setup : Browser Launched!
2023-01-10 11:10:56,806 - INFO - <module> : Go to Outages & Incidents > Report Streetlight And Safety Concerns
2023-01-10 11:10:56,806 - INFO - <module> : Go to Outages & Incidents > Report Streetlight And Safety Concerns
2023-01-10 11:10:56,806 - INFO - <module> : Go to Outages & Incidents > Report Streetlight And Safety Concerns
2023-01-10 11:10:56,806 - INFO - <module> : Go to Outages & Incidents > Report Streetlight And Safety Concerns
2023-01-10 11:10:56,806 - INFO - <module> : Go to Outages & Incidents > Report Streetlight And Safety Concerns
2023-01-10 11:11:00,488 - INFO - <module> : Opened: https://fuat-meralco.cs73.force.com/customers/s/outagemap
2023-01-10 11:11:00,488 - INFO - <module> : Opened: https://fuat-meralco.cs73.force.com/customers/s/outagemap
2023-01-10 11:11:00,488 - INFO - <module> : Opened: https://fuat-meralco.cs73.force.com/customers/s/outagemap
2023-01-10 11:11:00,488 - INFO - <module> : Opened: https://fuat-meralco.cs73.force.com/customers/s/outagemap
2023-01-10 11:11:00,488 - INFO - <module> : Opened: https://fuat-meralco.cs73.force.com/customers/s/outagemap
2023-01-10 11:11:04,413 - INFO - <module> : Meralco would like to access your location to identify if your area is affected by an outage. exists
2023-01-10 11:11:04,413 - INFO - <module> : Meralco would like to access your location to identify if your area is affected by an outage. exists
2023-01-10 11:11:04,413 - INFO - <module> : Meralco would like to access your location to identify if your area is affected by an outage. exists
2023-01-10 11:11:04,413 - INFO - <module> : Meralco would like to access your location to identify if your area is affected by an outage. exists
2023-01-10 11:11:04,413 - INFO - <module> : Meralco would like to access your location to identify if your area is affected by an outage. exists
2023-01-10 11:11:06,519 - INFO - <module> : Clicked
2023-01-10 11:11:06,519 - INFO - <module> : Clicked
2023-01-10 11:11:06,519 - INFO - <module> : Clicked
2023-01-10 11:11:06,519 - INFO - <module> : Clicked
2023-01-10 11:11:06,519 - INFO - <module> : Clicked
2023-01-10 11:11:10,624 - INFO - <module> : Clicked
2023-01-10 11:11:10,624 - INFO - <module> : Clicked
2023-01-10 11:11:10,624 - INFO - <module> : Clicked
2023-01-10 11:11:10,624 - INFO - <module> : Clicked
2023-01-10 11:11:10,624 - INFO - <module> : Clicked
2023-01-10 11:11:18,706 - INFO - <module> : Report an Outage or Incident exists
2023-01-10 11:11:18,706 - INFO - <module> : Report an Outage or Incident exists
2023-01-10 11:11:18,706 - INFO - <module> : Report an Outage or Incident exists
2023-01-10 11:11:18,706 - INFO - <module> : Report an Outage or Incident exists
2023-01-10 11:11:18,706 - INFO - <module> : Report an Outage or Incident exists
2023-01-10 11:11:18,772 - INFO - <module> : Clicked
2023-01-10 11:11:18,772 - INFO - <module> : Clicked
2023-01-10 11:11:18,772 - INFO - <module> : Clicked
2023-01-10 11:11:18,772 - INFO - <module> : Clicked
2023-01-10 11:11:18,772 - INFO - <module> : Clicked
2023-01-10 11:11:21,924 - INFO - <module> : Populate required fields > click Submit
2023-01-10 11:11:21,924 - INFO - <module> : Populate required fields > click Submit
2023-01-10 11:11:21,924 - INFO - <module> : Populate required fields > click Submit
2023-01-10 11:11:21,924 - INFO - <module> : Populate required fields > click Submit
2023-01-10 11:11:21,924 - INFO - <module> : Populate required fields > click Submit
2023-01-10 11:11:22,011 - INFO - <module> : Clicked
2023-01-10 11:11:22,011 - INFO - <module> : Clicked
2023-01-10 11:11:22,011 - INFO - <module> : Clicked
2023-01-10 11:11:22,011 - INFO - <module> : Clicked
2023-01-10 11:11:22,011 - INFO - <module> : Clicked
2023-01-10 11:11:22,061 - INFO - <module> : Clicked
2023-01-10 11:11:22,061 - INFO - <module> : Clicked
2023-01-10 11:11:22,061 - INFO - <module> : Clicked
2023-01-10 11:11:22,061 - INFO - <module> : Clicked
2023-01-10 11:11:22,061 - INFO - <module> : Clicked
2023-01-10 11:11:22,645 - INFO - <module> : Clicked
2023-01-10 11:11:22,645 - INFO - <module> : Clicked
2023-01-10 11:11:22,645 - INFO - <module> : Clicked
2023-01-10 11:11:22,645 - INFO - <module> : Clicked
2023-01-10 11:11:22,645 - INFO - <module> : Clicked
2023-01-10 11:11:23,235 - INFO - <module> : Clicked
2023-01-10 11:11:23,235 - INFO - <module> : Clicked
2023-01-10 11:11:23,235 - INFO - <module> : Clicked
2023-01-10 11:11:23,235 - INFO - <module> : Clicked
2023-01-10 11:11:23,235 - INFO - <module> : Clicked
2023-01-10 11:11:23,818 - INFO - <module> : Clicked
2023-01-10 11:11:23,818 - INFO - <module> : Clicked
2023-01-10 11:11:23,818 - INFO - <module> : Clicked
2023-01-10 11:11:23,818 - INFO - <module> : Clicked
2023-01-10 11:11:23,818 - INFO - <module> : Clicked
2023-01-10 11:11:24,381 - INFO - <module> : Clicked
2023-01-10 11:11:24,381 - INFO - <module> : Clicked
2023-01-10 11:11:24,381 - INFO - <module> : Clicked
2023-01-10 11:11:24,381 - INFO - <module> : Clicked
2023-01-10 11:11:24,381 - INFO - <module> : Clicked
2023-01-10 11:11:24,461 - INFO - <module> : input: 123
2023-01-10 11:11:24,461 - INFO - <module> : input: 123
2023-01-10 11:11:24,461 - INFO - <module> : input: 123
2023-01-10 11:11:24,461 - INFO - <module> : input: 123
2023-01-10 11:11:24,461 - INFO - <module> : input: 123
2023-01-10 11:11:24,521 - INFO - <module> : Clicked
2023-01-10 11:11:24,521 - INFO - <module> : Clicked
2023-01-10 11:11:24,521 - INFO - <module> : Clicked
2023-01-10 11:11:24,521 - INFO - <module> : Clicked
2023-01-10 11:11:24,521 - INFO - <module> : Clicked
2023-01-10 11:11:24,568 - INFO - <module> : Clicked
2023-01-10 11:11:24,568 - INFO - <module> : Clicked
2023-01-10 11:11:24,568 - INFO - <module> : Clicked
2023-01-10 11:11:24,568 - INFO - <module> : Clicked
2023-01-10 11:11:24,568 - INFO - <module> : Clicked
2023-01-10 11:11:24,664 - INFO - <module> : input: Sample Text
2023-01-10 11:11:24,664 - INFO - <module> : input: Sample Text
2023-01-10 11:11:24,664 - INFO - <module> : input: Sample Text
2023-01-10 11:11:24,664 - INFO - <module> : input: Sample Text
2023-01-10 11:11:24,664 - INFO - <module> : input: Sample Text
2023-01-10 11:11:24,752 - INFO - <module> : input: sample
2023-01-10 11:11:24,752 - INFO - <module> : input: sample
2023-01-10 11:11:24,752 - INFO - <module> : input: sample
2023-01-10 11:11:24,752 - INFO - <module> : input: sample
2023-01-10 11:11:24,752 - INFO - <module> : input: sample
2023-01-10 11:11:24,829 - INFO - <module> : input: middle
2023-01-10 11:11:24,829 - INFO - <module> : input: middle
2023-01-10 11:11:24,829 - INFO - <module> : input: middle
2023-01-10 11:11:24,829 - INFO - <module> : input: middle
2023-01-10 11:11:24,829 - INFO - <module> : input: middle
2023-01-10 11:11:24,920 - INFO - <module> : input: report
2023-01-10 11:11:24,920 - INFO - <module> : input: report
2023-01-10 11:11:24,920 - INFO - <module> : input: report
2023-01-10 11:11:24,920 - INFO - <module> : input: report
2023-01-10 11:11:24,920 - INFO - <module> : input: report
2023-01-10 11:11:25,003 - INFO - <module> : input: +639276597262
2023-01-10 11:11:25,003 - INFO - <module> : input: +639276597262
2023-01-10 11:11:25,003 - INFO - <module> : input: +639276597262
2023-01-10 11:11:25,003 - INFO - <module> : input: +639276597262
2023-01-10 11:11:25,003 - INFO - <module> : input: +639276597262
2023-01-10 11:11:25,065 - INFO - <module> : input: 
2023-01-10 11:11:25,065 - INFO - <module> : input: 
2023-01-10 11:11:25,065 - INFO - <module> : input: 
2023-01-10 11:11:25,065 - INFO - <module> : input: 
2023-01-10 11:11:25,065 - INFO - <module> : input: 
2023-01-10 11:11:25,147 - INFO - <module> : input: testautomationoutage@yopmail.com
2023-01-10 11:11:25,147 - INFO - <module> : input: testautomationoutage@yopmail.com
2023-01-10 11:11:25,147 - INFO - <module> : input: testautomationoutage@yopmail.com
2023-01-10 11:11:25,147 - INFO - <module> : input: testautomationoutage@yopmail.com
2023-01-10 11:11:25,147 - INFO - <module> : input: testautomationoutage@yopmail.com
2023-01-10 11:11:25,201 - INFO - <module> : Clicked
2023-01-10 11:11:25,201 - INFO - <module> : Clicked
2023-01-10 11:11:25,201 - INFO - <module> : Clicked
2023-01-10 11:11:25,201 - INFO - <module> : Clicked
2023-01-10 11:11:25,201 - INFO - <module> : Clicked
2023-01-10 11:11:25,260 - INFO - <module> : Clicked
2023-01-10 11:11:25,260 - INFO - <module> : Clicked
2023-01-10 11:11:25,260 - INFO - <module> : Clicked
2023-01-10 11:11:25,260 - INFO - <module> : Clicked
2023-01-10 11:11:25,260 - INFO - <module> : Clicked
2023-01-10 11:11:25,320 - INFO - <module> : Clicked
2023-01-10 11:11:25,320 - INFO - <module> : Clicked
2023-01-10 11:11:25,320 - INFO - <module> : Clicked
2023-01-10 11:11:25,320 - INFO - <module> : Clicked
2023-01-10 11:11:25,320 - INFO - <module> : Clicked
2023-01-10 11:11:25,389 - INFO - <module> : Clicked
2023-01-10 11:11:25,389 - INFO - <module> : Clicked
2023-01-10 11:11:25,389 - INFO - <module> : Clicked
2023-01-10 11:11:25,389 - INFO - <module> : Clicked
2023-01-10 11:11:25,389 - INFO - <module> : Clicked
2023-01-10 11:11:33,608 - INFO - setup : Close Browser
