2023-01-11 14:02:32,992 - INFO - setup : Browser Launched!
2023-01-11 14:02:47,548 - INFO - <module> : Go to https://fuat-meralco.cs73.force.com/customers/s/cxe-apply
2023-01-11 14:02:47,548 - INFO - <module> : Go to https://fuat-meralco.cs73.force.com/customers/s/cxe-apply
2023-01-11 14:02:47,548 - INFO - <module> : Go to https://fuat-meralco.cs73.force.com/customers/s/cxe-apply
2023-01-11 14:02:47,548 - INFO - <module> : Go to https://fuat-meralco.cs73.force.com/customers/s/cxe-apply
2023-01-11 14:02:51,909 - INFO - <module> : Opened: https://fuat-meralco.cs73.force.com/customers/s/cxe-apply
2023-01-11 14:02:51,909 - INFO - <module> : Opened: https://fuat-meralco.cs73.force.com/customers/s/cxe-apply
2023-01-11 14:02:51,909 - INFO - <module> : Opened: https://fuat-meralco.cs73.force.com/customers/s/cxe-apply
2023-01-11 14:02:51,909 - INFO - <module> : Opened: https://fuat-meralco.cs73.force.com/customers/s/cxe-apply
2023-01-11 14:02:52,107 - INFO - <module> : Service Application exists
2023-01-11 14:02:52,107 - INFO - <module> : Service Application exists
2023-01-11 14:02:52,107 - INFO - <module> : Service Application exists
2023-01-11 14:02:52,107 - INFO - <module> : Service Application exists
2023-01-11 14:02:55,118 - INFO - <module> : Click on Contractor
2023-01-11 14:02:55,118 - INFO - <module> : Click on Contractor
2023-01-11 14:02:55,118 - INFO - <module> : Click on Contractor
2023-01-11 14:02:55,118 - INFO - <module> : Click on Contractor
2023-01-11 14:02:55,197 - INFO - <module> : Clicked
2023-01-11 14:02:55,197 - INFO - <module> : Clicked
2023-01-11 14:02:55,197 - INFO - <module> : Clicked
2023-01-11 14:02:55,197 - INFO - <module> : Clicked
2023-01-11 14:02:55,243 - INFO - <module> : Start Service exists
2023-01-11 14:02:55,243 - INFO - <module> : Start Service exists
2023-01-11 14:02:55,243 - INFO - <module> : Start Service exists
2023-01-11 14:02:55,243 - INFO - <module> : Start Service exists
2023-01-11 14:02:55,288 - INFO - <module> : Modify Service exists
2023-01-11 14:02:55,288 - INFO - <module> : Modify Service exists
2023-01-11 14:02:55,288 - INFO - <module> : Modify Service exists
2023-01-11 14:02:55,288 - INFO - <module> : Modify Service exists
2023-01-11 14:02:55,333 - INFO - <module> : Reactivate Service exists
2023-01-11 14:02:55,333 - INFO - <module> : Reactivate Service exists
2023-01-11 14:02:55,333 - INFO - <module> : Reactivate Service exists
2023-01-11 14:02:55,333 - INFO - <module> : Reactivate Service exists
2023-01-11 14:02:55,376 - INFO - <module> : Stop Service exists
2023-01-11 14:02:55,376 - INFO - <module> : Stop Service exists
2023-01-11 14:02:55,376 - INFO - <module> : Stop Service exists
2023-01-11 14:02:55,376 - INFO - <module> : Stop Service exists
2023-01-11 14:02:58,310 - INFO - <module> : Click on Modify Service
2023-01-11 14:02:58,310 - INFO - <module> : Click on Modify Service
2023-01-11 14:02:58,310 - INFO - <module> : Click on Modify Service
2023-01-11 14:02:58,310 - INFO - <module> : Click on Modify Service
2023-01-11 14:03:01,188 - INFO - <module> : Clicked
2023-01-11 14:03:01,188 - INFO - <module> : Clicked
2023-01-11 14:03:01,188 - INFO - <module> : Clicked
2023-01-11 14:03:01,188 - INFO - <module> : Clicked
2023-01-11 14:03:01,250 - INFO - <module> : REQUEST DETAILS exists
2023-01-11 14:03:01,250 - INFO - <module> : REQUEST DETAILS exists
2023-01-11 14:03:01,250 - INFO - <module> : REQUEST DETAILS exists
2023-01-11 14:03:01,250 - INFO - <module> : REQUEST DETAILS exists
2023-01-11 14:03:04,221 - INFO - <module> : Validate if CAN field is visible and enabled
2023-01-11 14:03:04,221 - INFO - <module> : Validate if CAN field is visible and enabled
2023-01-11 14:03:04,221 - INFO - <module> : Validate if CAN field is visible and enabled
2023-01-11 14:03:04,221 - INFO - <module> : Validate if CAN field is visible and enabled
2023-01-11 14:03:04,293 - INFO - <module> :  exists
2023-01-11 14:03:04,293 - INFO - <module> :  exists
2023-01-11 14:03:04,293 - INFO - <module> :  exists
2023-01-11 14:03:04,293 - INFO - <module> :  exists
2023-01-11 14:03:07,215 - INFO - <module> : Populate CAN field
2023-01-11 14:03:07,215 - INFO - <module> : Populate CAN field
2023-01-11 14:03:07,215 - INFO - <module> : Populate CAN field
2023-01-11 14:03:07,215 - INFO - <module> : Populate CAN field
2023-01-11 14:03:07,348 - INFO - <module> : input: 3534823912
2023-01-11 14:03:07,348 - INFO - <module> : input: 3534823912
2023-01-11 14:03:07,348 - INFO - <module> : input: 3534823912
2023-01-11 14:03:07,348 - INFO - <module> : input: 3534823912
2023-01-11 14:03:10,236 - INFO - <module> : Tick Change my Service Details > tick Request to downgrade electrical load > click Next
2023-01-11 14:03:10,236 - INFO - <module> : Tick Change my Service Details > tick Request to downgrade electrical load > click Next
2023-01-11 14:03:10,236 - INFO - <module> : Tick Change my Service Details > tick Request to downgrade electrical load > click Next
2023-01-11 14:03:10,236 - INFO - <module> : Tick Change my Service Details > tick Request to downgrade electrical load > click Next
2023-01-11 14:03:10,336 - INFO - <module> : Clicked
2023-01-11 14:03:10,336 - INFO - <module> : Clicked
2023-01-11 14:03:10,336 - INFO - <module> : Clicked
2023-01-11 14:03:10,336 - INFO - <module> : Clicked
2023-01-11 14:03:10,400 - INFO - <module> : Clicked
2023-01-11 14:03:10,400 - INFO - <module> : Clicked
2023-01-11 14:03:10,400 - INFO - <module> : Clicked
2023-01-11 14:03:10,400 - INFO - <module> : Clicked
2023-01-11 14:03:12,659 - INFO - <module> : Clicked
2023-01-11 14:03:12,659 - INFO - <module> : Clicked
2023-01-11 14:03:12,659 - INFO - <module> : Clicked
2023-01-11 14:03:12,659 - INFO - <module> : Clicked
2023-01-11 14:03:13,576 - INFO - <module> : input: atcontCompname
2023-01-11 14:03:13,576 - INFO - <module> : input: atcontCompname
2023-01-11 14:03:13,576 - INFO - <module> : input: atcontCompname
2023-01-11 14:03:13,576 - INFO - <module> : input: atcontCompname
2023-01-11 14:03:44,184 - INFO - setup : Close Browser
