2022-11-23 14:24:28,992 - INFO - setup : Browser Launched!
2022-11-23 14:24:35,942 - INFO - <module> : Opened: https://fuat-meralco.cs73.force.com/customers/s/cxe-apply
2022-11-23 14:24:35,942 - INFO - <module> : Opened: https://fuat-meralco.cs73.force.com/customers/s/cxe-apply
2022-11-23 14:24:35,942 - INFO - <module> : Opened: https://fuat-meralco.cs73.force.com/customers/s/cxe-apply
2022-11-23 14:24:36,106 - INFO - <module> : Service Application exists
2022-11-23 14:24:36,106 - INFO - <module> : Service Application exists
2022-11-23 14:24:36,106 - INFO - <module> : Service Application exists
2022-11-23 14:24:38,970 - INFO - <module> : Clicked
2022-11-23 14:24:38,970 - INFO - <module> : Clicked
2022-11-23 14:24:38,970 - INFO - <module> : Clicked
2022-11-23 14:24:39,023 - INFO - <module> : Start Service exists
2022-11-23 14:24:39,023 - INFO - <module> : Start Service exists
2022-11-23 14:24:39,023 - INFO - <module> : Start Service exists
2022-11-23 14:24:39,074 - INFO - <module> : Modify Service exists
2022-11-23 14:24:39,074 - INFO - <module> : Modify Service exists
2022-11-23 14:24:39,074 - INFO - <module> : Modify Service exists
2022-11-23 14:24:39,134 - INFO - <module> : Reactivate Service exists
2022-11-23 14:24:39,134 - INFO - <module> : Reactivate Service exists
2022-11-23 14:24:39,134 - INFO - <module> : Reactivate Service exists
2022-11-23 14:24:39,183 - INFO - <module> : Stop Service exists
2022-11-23 14:24:39,183 - INFO - <module> : Stop Service exists
2022-11-23 14:24:39,183 - INFO - <module> : Stop Service exists
2022-11-23 14:24:42,173 - INFO - <module> : Clicked
2022-11-23 14:24:42,173 - INFO - <module> : Clicked
2022-11-23 14:24:42,173 - INFO - <module> : Clicked
2022-11-23 14:24:42,261 - INFO - <module> : Stop Service exists
2022-11-23 14:24:42,261 - INFO - <module> : Stop Service exists
2022-11-23 14:24:42,261 - INFO - <module> : Stop Service exists
2022-11-23 14:24:45,003 - INFO - <module> :  exists
2022-11-23 14:24:45,003 - INFO - <module> :  exists
2022-11-23 14:24:45,003 - INFO - <module> :  exists
2022-11-23 14:24:47,850 - INFO - <module> : input: 1780945897
2022-11-23 14:24:47,850 - INFO - <module> : input: 1780945897
2022-11-23 14:24:47,850 - INFO - <module> : input: 1780945897
2022-11-23 14:24:50,795 - INFO - setup : Close Browser
