2022-10-17 09:21:38,928 - INFO - setup : Browser Launched!
2022-10-17 09:21:52,682 - INFO - <module> : Go to https://fuat-meralco.cs73.force.com/customers/s/outagemap
2022-10-17 09:21:52,682 - INFO - <module> : Go to https://fuat-meralco.cs73.force.com/customers/s/outagemap
2022-10-17 09:21:52,682 - INFO - <module> : Go to https://fuat-meralco.cs73.force.com/customers/s/outagemap
2022-10-17 09:21:52,682 - INFO - <module> : Go to https://fuat-meralco.cs73.force.com/customers/s/outagemap
2022-10-17 09:21:54,665 - INFO - <module> : Opened: https://fuat-meralco.cs73.force.com/customers/s/outagemap
2022-10-17 09:21:54,665 - INFO - <module> : Opened: https://fuat-meralco.cs73.force.com/customers/s/outagemap
2022-10-17 09:21:54,665 - INFO - <module> : Opened: https://fuat-meralco.cs73.force.com/customers/s/outagemap
2022-10-17 09:21:54,665 - INFO - <module> : Opened: https://fuat-meralco.cs73.force.com/customers/s/outagemap
2022-10-17 09:21:58,404 - INFO - <module> : Validate View Outages by
2022-10-17 09:21:58,404 - INFO - <module> : Validate View Outages by
2022-10-17 09:21:58,404 - INFO - <module> : Validate View Outages by
2022-10-17 09:21:58,404 - INFO - <module> : Validate View Outages by
2022-10-17 09:22:01,153 - INFO - <module> : Meralco would like to access your location to identify if your area is affected by an outage. exists
2022-10-17 09:22:01,153 - INFO - <module> : Meralco would like to access your location to identify if your area is affected by an outage. exists
2022-10-17 09:22:01,153 - INFO - <module> : Meralco would like to access your location to identify if your area is affected by an outage. exists
2022-10-17 09:22:01,153 - INFO - <module> : Meralco would like to access your location to identify if your area is affected by an outage. exists
2022-10-17 09:22:01,393 - INFO - <module> : Agree clicked
2022-10-17 09:22:01,393 - INFO - <module> : Agree clicked
2022-10-17 09:22:01,393 - INFO - <module> : Agree clicked
2022-10-17 09:22:01,393 - INFO - <module> : Agree clicked
2022-10-17 09:22:07,789 - INFO - setup : Close Browser
