2022-10-25 15:09:02,483 - INFO - setup : Browser Launched!
2022-10-25 15:09:29,779 - INFO - <module> : Go to Internal Map 
2022-10-25 15:09:29,779 - INFO - <module> : Go to Internal Map 
2022-10-25 15:09:29,779 - INFO - <module> : Go to Internal Map 
2022-10-25 15:09:29,779 - INFO - <module> : Go to Internal Map 
2022-10-25 15:09:33,084 - INFO - <module> : Opened: https://outage-api.meralco.com.ph/
2022-10-25 15:09:33,084 - INFO - <module> : Opened: https://outage-api.meralco.com.ph/
2022-10-25 15:09:33,084 - INFO - <module> : Opened: https://outage-api.meralco.com.ph/
2022-10-25 15:09:33,084 - INFO - <module> : Opened: https://outage-api.meralco.com.ph/
2022-10-25 15:09:37,306 - INFO - <module> : input: v-lvlgalvez@meralco.com.ph
2022-10-25 15:09:37,306 - INFO - <module> : input: v-lvlgalvez@meralco.com.ph
2022-10-25 15:09:37,306 - INFO - <module> : input: v-lvlgalvez@meralco.com.ph
2022-10-25 15:09:37,306 - INFO - <module> : input: v-lvlgalvez@meralco.com.ph
2022-10-25 15:09:37,448 - INFO - <module> : Clicked
2022-10-25 15:09:37,448 - INFO - <module> : Clicked
2022-10-25 15:09:37,448 - INFO - <module> : Clicked
2022-10-25 15:09:37,448 - INFO - <module> : Clicked
2022-10-25 15:09:39,135 - INFO - <module> : input: Mecopass@@!!129
2022-10-25 15:09:39,135 - INFO - <module> : input: Mecopass@@!!129
2022-10-25 15:09:39,135 - INFO - <module> : input: Mecopass@@!!129
2022-10-25 15:09:39,135 - INFO - <module> : input: Mecopass@@!!129
2022-10-25 15:09:39,762 - INFO - <module> : Clicked
2022-10-25 15:09:39,762 - INFO - <module> : Clicked
2022-10-25 15:09:39,762 - INFO - <module> : Clicked
2022-10-25 15:09:39,762 - INFO - <module> : Clicked
2022-10-25 15:09:40,459 - INFO - <module> : Clicked
2022-10-25 15:09:40,459 - INFO - <module> : Clicked
2022-10-25 15:09:40,459 - INFO - <module> : Clicked
2022-10-25 15:09:40,459 - INFO - <module> : Clicked
2022-10-25 15:10:09,287 - INFO - <module> : Clicked
2022-10-25 15:10:09,287 - INFO - <module> : Clicked
2022-10-25 15:10:09,287 - INFO - <module> : Clicked
2022-10-25 15:10:09,287 - INFO - <module> : Clicked
2022-10-25 15:10:09,880 - INFO - setup : Close Browser
