2022-10-27 11:15:40,647 - INFO - setup : Browser Launched!
2022-10-27 11:15:47,711 - INFO - <module> : Click on burger menu > Outages by Area
2022-10-27 11:15:47,711 - INFO - <module> : Click on burger menu > Outages by Area
2022-10-27 11:15:47,711 - INFO - <module> : Click on burger menu > Outages by Area
2022-10-27 11:15:47,711 - INFO - <module> : Click on burger menu > Outages by Area
2022-10-27 11:15:49,512 - INFO - <module> : Opened: https://outage-api.meralco.com.ph/
2022-10-27 11:15:49,512 - INFO - <module> : Opened: https://outage-api.meralco.com.ph/
2022-10-27 11:15:49,512 - INFO - <module> : Opened: https://outage-api.meralco.com.ph/
2022-10-27 11:15:49,512 - INFO - <module> : Opened: https://outage-api.meralco.com.ph/
2022-10-27 11:15:50,741 - INFO - <module> : input: v-lvlgalvez@meralco.com.ph
2022-10-27 11:15:50,741 - INFO - <module> : input: v-lvlgalvez@meralco.com.ph
2022-10-27 11:15:50,741 - INFO - <module> : input: v-lvlgalvez@meralco.com.ph
2022-10-27 11:15:50,741 - INFO - <module> : input: v-lvlgalvez@meralco.com.ph
2022-10-27 11:15:50,807 - INFO - <module> : Clicked
2022-10-27 11:15:50,807 - INFO - <module> : Clicked
2022-10-27 11:15:50,807 - INFO - <module> : Clicked
2022-10-27 11:15:50,807 - INFO - <module> : Clicked
2022-10-27 11:15:51,903 - INFO - <module> : input: Mecopass@@!!129
2022-10-27 11:15:51,903 - INFO - <module> : input: Mecopass@@!!129
2022-10-27 11:15:51,903 - INFO - <module> : input: Mecopass@@!!129
2022-10-27 11:15:51,903 - INFO - <module> : input: Mecopass@@!!129
2022-10-27 11:15:52,315 - INFO - <module> : Clicked
2022-10-27 11:15:52,315 - INFO - <module> : Clicked
2022-10-27 11:15:52,315 - INFO - <module> : Clicked
2022-10-27 11:15:52,315 - INFO - <module> : Clicked
2022-10-27 11:15:52,934 - INFO - <module> : Clicked
2022-10-27 11:15:52,934 - INFO - <module> : Clicked
2022-10-27 11:15:52,934 - INFO - <module> : Clicked
2022-10-27 11:15:52,934 - INFO - <module> : Clicked
2022-10-27 11:16:21,349 - INFO - <module> : Clicked
2022-10-27 11:16:21,349 - INFO - <module> : Clicked
2022-10-27 11:16:21,349 - INFO - <module> : Clicked
2022-10-27 11:16:21,349 - INFO - <module> : Clicked
2022-10-27 11:16:25,420 - INFO - <module> :  clicked
2022-10-27 11:16:25,420 - INFO - <module> :  clicked
2022-10-27 11:16:25,420 - INFO - <module> :  clicked
2022-10-27 11:16:25,420 - INFO - <module> :  clicked
2022-10-27 11:16:25,513 - INFO - <module> : Outages by Area clicked
2022-10-27 11:16:25,513 - INFO - <module> : Outages by Area clicked
2022-10-27 11:16:25,513 - INFO - <module> : Outages by Area clicked
2022-10-27 11:16:25,513 - INFO - <module> : Outages by Area clicked
2022-10-27 11:16:28,535 - INFO - <module> : Select Sector
2022-10-27 11:16:28,535 - INFO - <module> : Select Sector
2022-10-27 11:16:28,535 - INFO - <module> : Select Sector
2022-10-27 11:16:28,535 - INFO - <module> : Select Sector
2022-10-27 11:16:28,637 - INFO - <module> : arrow_drop_down clicked
2022-10-27 11:16:28,637 - INFO - <module> : arrow_drop_down clicked
2022-10-27 11:16:28,637 - INFO - <module> : arrow_drop_down clicked
2022-10-27 11:16:28,637 - INFO - <module> : arrow_drop_down clicked
2022-10-27 11:16:28,849 - INFO - <module> :  clicked
2022-10-27 11:16:28,849 - INFO - <module> :  clicked
2022-10-27 11:16:28,849 - INFO - <module> :  clicked
2022-10-27 11:16:28,849 - INFO - <module> :  clicked
2022-10-27 11:16:32,392 - INFO - <module> : Click on burger menu > Outages by Area
2022-10-27 11:16:32,392 - INFO - <module> : Click on burger menu > Outages by Area
2022-10-27 11:16:32,392 - INFO - <module> : Click on burger menu > Outages by Area
2022-10-27 11:16:32,392 - INFO - <module> : Click on burger menu > Outages by Area
2022-10-27 11:16:33,816 - INFO - <module> : Opened: https://outage-api.meralco.com.ph/
2022-10-27 11:16:33,816 - INFO - <module> : Opened: https://outage-api.meralco.com.ph/
2022-10-27 11:16:33,816 - INFO - <module> : Opened: https://outage-api.meralco.com.ph/
2022-10-27 11:16:33,816 - INFO - <module> : Opened: https://outage-api.meralco.com.ph/
2022-10-27 11:17:01,703 - INFO - <module> :  clicked
2022-10-27 11:17:01,703 - INFO - <module> :  clicked
2022-10-27 11:17:01,703 - INFO - <module> :  clicked
2022-10-27 11:17:01,703 - INFO - <module> :  clicked
2022-10-27 11:17:01,805 - INFO - <module> : Outages by Area clicked
2022-10-27 11:17:01,805 - INFO - <module> : Outages by Area clicked
2022-10-27 11:17:01,805 - INFO - <module> : Outages by Area clicked
2022-10-27 11:17:01,805 - INFO - <module> : Outages by Area clicked
2022-10-27 11:17:05,029 - INFO - <module> : Select Area Level
2022-10-27 11:17:05,029 - INFO - <module> : Select Area Level
2022-10-27 11:17:05,029 - INFO - <module> : Select Area Level
2022-10-27 11:17:05,029 - INFO - <module> : Select Area Level
2022-10-27 11:17:05,154 - INFO - <module> : arrow_drop_down clicked
2022-10-27 11:17:05,154 - INFO - <module> : arrow_drop_down clicked
2022-10-27 11:17:05,154 - INFO - <module> : arrow_drop_down clicked
2022-10-27 11:17:05,154 - INFO - <module> : arrow_drop_down clicked
2022-10-27 11:17:05,234 - INFO - <module> :  clicked
2022-10-27 11:17:05,234 - INFO - <module> :  clicked
2022-10-27 11:17:05,234 - INFO - <module> :  clicked
2022-10-27 11:17:05,234 - INFO - <module> :  clicked
2022-10-27 11:17:08,769 - INFO - <module> : Click on burger menu > Outages by Area
2022-10-27 11:17:08,769 - INFO - <module> : Click on burger menu > Outages by Area
2022-10-27 11:17:08,769 - INFO - <module> : Click on burger menu > Outages by Area
2022-10-27 11:17:08,769 - INFO - <module> : Click on burger menu > Outages by Area
2022-10-27 11:17:10,128 - INFO - <module> : Opened: https://outage-api.meralco.com.ph/
2022-10-27 11:17:10,128 - INFO - <module> : Opened: https://outage-api.meralco.com.ph/
2022-10-27 11:17:10,128 - INFO - <module> : Opened: https://outage-api.meralco.com.ph/
2022-10-27 11:17:10,128 - INFO - <module> : Opened: https://outage-api.meralco.com.ph/
2022-10-27 11:17:17,955 - INFO - <module> :  clicked
2022-10-27 11:17:17,955 - INFO - <module> :  clicked
2022-10-27 11:17:17,955 - INFO - <module> :  clicked
2022-10-27 11:17:17,955 - INFO - <module> :  clicked
2022-10-27 11:17:18,011 - INFO - <module> : Outages by Area clicked
2022-10-27 11:17:18,011 - INFO - <module> : Outages by Area clicked
2022-10-27 11:17:18,011 - INFO - <module> : Outages by Area clicked
2022-10-27 11:17:18,011 - INFO - <module> : Outages by Area clicked
2022-10-27 11:17:21,200 - INFO - <module> : Select Sector
2022-10-27 11:17:21,200 - INFO - <module> : Select Sector
2022-10-27 11:17:21,200 - INFO - <module> : Select Sector
2022-10-27 11:17:21,200 - INFO - <module> : Select Sector
2022-10-27 11:17:21,357 - INFO - <module> : arrow_drop_down clicked
2022-10-27 11:17:21,357 - INFO - <module> : arrow_drop_down clicked
2022-10-27 11:17:21,357 - INFO - <module> : arrow_drop_down clicked
2022-10-27 11:17:21,357 - INFO - <module> : arrow_drop_down clicked
2022-10-27 11:17:22,576 - INFO - <module> :  clicked
2022-10-27 11:17:22,576 - INFO - <module> :  clicked
2022-10-27 11:17:22,576 - INFO - <module> :  clicked
2022-10-27 11:17:22,576 - INFO - <module> :  clicked
2022-10-27 11:17:22,791 - INFO - <module> : picture_in_picture clicked
2022-10-27 11:17:22,791 - INFO - <module> : picture_in_picture clicked
2022-10-27 11:17:22,791 - INFO - <module> : picture_in_picture clicked
2022-10-27 11:17:22,791 - INFO - <module> : picture_in_picture clicked
2022-10-27 11:17:25,553 - INFO - setup : Close Browser
