2023-01-10 17:42:24,850 - INFO - setup : Browser Launched!
2023-01-10 17:42:50,753 - INFO - <module> : input: atconcernsingle@yopmail.com
2023-01-10 17:42:50,753 - INFO - <module> : input: atconcernsingle@yopmail.com
2023-01-10 17:42:50,753 - INFO - <module> : input: atconcernsingle@yopmail.com
2023-01-10 17:42:50,753 - INFO - <module> : input: atconcernsingle@yopmail.com
2023-01-10 17:42:51,127 - INFO - <module> : input: Meralco01
2023-01-10 17:42:51,127 - INFO - <module> : input: Meralco01
2023-01-10 17:42:51,127 - INFO - <module> : input: Meralco01
2023-01-10 17:42:51,127 - INFO - <module> : input: Meralco01
2023-01-10 17:42:52,039 - INFO - <module> : Clicked
2023-01-10 17:42:52,039 - INFO - <module> : Clicked
2023-01-10 17:42:52,039 - INFO - <module> : Clicked
2023-01-10 17:42:52,039 - INFO - <module> : Clicked
2023-01-10 17:42:56,765 - INFO - <module> : Hello, exists
2023-01-10 17:42:56,765 - INFO - <module> : Hello, exists
2023-01-10 17:42:56,765 - INFO - <module> : Hello, exists
2023-01-10 17:42:56,765 - INFO - <module> : Hello, exists
2023-01-10 17:42:56,833 - INFO - <module> : Accounts clicked
2023-01-10 17:42:56,833 - INFO - <module> : Accounts clicked
2023-01-10 17:42:56,833 - INFO - <module> : Accounts clicked
2023-01-10 17:42:56,833 - INFO - <module> : Accounts clicked
2023-01-10 17:42:57,011 - INFO - <module> :  clicked
2023-01-10 17:42:57,011 - INFO - <module> :  clicked
2023-01-10 17:42:57,011 - INFO - <module> :  clicked
2023-01-10 17:42:57,011 - INFO - <module> :  clicked
2023-01-10 17:43:05,120 - INFO - <module> : input: 3535100272
2023-01-10 17:43:05,120 - INFO - <module> : input: 3535100272
2023-01-10 17:43:05,120 - INFO - <module> : input: 3535100272
2023-01-10 17:43:05,120 - INFO - <module> : input: 3535100272
2023-01-10 17:43:05,815 - INFO - <module> : input: 502863370101
2023-01-10 17:43:05,815 - INFO - <module> : input: 502863370101
2023-01-10 17:43:05,815 - INFO - <module> : input: 502863370101
2023-01-10 17:43:05,815 - INFO - <module> : input: 502863370101
2023-01-10 17:43:05,974 - INFO - <module> : input: 107
2023-01-10 17:43:05,974 - INFO - <module> : input: 107
2023-01-10 17:43:05,974 - INFO - <module> : input: 107
2023-01-10 17:43:05,974 - INFO - <module> : input: 107
2023-01-10 17:43:06,268 - INFO - <module> : input: 10/20/2021
2023-01-10 17:43:06,268 - INFO - <module> : input: 10/20/2021
2023-01-10 17:43:06,268 - INFO - <module> : input: 10/20/2021
2023-01-10 17:43:06,268 - INFO - <module> : input: 10/20/2021
2023-01-10 17:43:08,601 - INFO - setup : Close Browser
