2022-10-26 10:51:29,348 - INFO - setup : Browser Launched!
2022-10-26 10:51:41,994 - INFO - <module> : Go to Internal Map 
2022-10-26 10:51:41,994 - INFO - <module> : Go to Internal Map 
2022-10-26 10:51:41,994 - INFO - <module> : Go to Internal Map 
2022-10-26 10:51:41,994 - INFO - <module> : Go to Internal Map 
2022-10-26 10:51:43,265 - INFO - <module> : Opened: https://outage-api.meralco.com.ph/
2022-10-26 10:51:43,265 - INFO - <module> : Opened: https://outage-api.meralco.com.ph/
2022-10-26 10:51:43,265 - INFO - <module> : Opened: https://outage-api.meralco.com.ph/
2022-10-26 10:51:43,265 - INFO - <module> : Opened: https://outage-api.meralco.com.ph/
2022-10-26 10:51:45,849 - INFO - <module> : input: v-lvlgalvez@meralco.com.ph
2022-10-26 10:51:45,849 - INFO - <module> : input: v-lvlgalvez@meralco.com.ph
2022-10-26 10:51:45,849 - INFO - <module> : input: v-lvlgalvez@meralco.com.ph
2022-10-26 10:51:45,849 - INFO - <module> : input: v-lvlgalvez@meralco.com.ph
2022-10-26 10:51:45,943 - INFO - <module> : Clicked
2022-10-26 10:51:45,943 - INFO - <module> : Clicked
2022-10-26 10:51:45,943 - INFO - <module> : Clicked
2022-10-26 10:51:45,943 - INFO - <module> : Clicked
2022-10-26 10:51:47,115 - INFO - <module> : input: Mecopass@@!!129
2022-10-26 10:51:47,115 - INFO - <module> : input: Mecopass@@!!129
2022-10-26 10:51:47,115 - INFO - <module> : input: Mecopass@@!!129
2022-10-26 10:51:47,115 - INFO - <module> : input: Mecopass@@!!129
2022-10-26 10:51:47,908 - INFO - <module> : Clicked
2022-10-26 10:51:47,908 - INFO - <module> : Clicked
2022-10-26 10:51:47,908 - INFO - <module> : Clicked
2022-10-26 10:51:47,908 - INFO - <module> : Clicked
2022-10-26 10:51:48,546 - INFO - <module> : Clicked
2022-10-26 10:51:48,546 - INFO - <module> : Clicked
2022-10-26 10:51:48,546 - INFO - <module> : Clicked
2022-10-26 10:51:48,546 - INFO - <module> : Clicked
2022-10-26 10:52:30,364 - INFO - <module> : Clicked
2022-10-26 10:52:30,364 - INFO - <module> : Clicked
2022-10-26 10:52:30,364 - INFO - <module> : Clicked
2022-10-26 10:52:30,364 - INFO - <module> : Clicked
2022-10-26 10:52:38,108 - INFO - <module> : Open Menu -> Map Displays -> tick weather
2022-10-26 10:52:38,108 - INFO - <module> : Open Menu -> Map Displays -> tick weather
2022-10-26 10:52:38,108 - INFO - <module> : Open Menu -> Map Displays -> tick weather
2022-10-26 10:52:38,108 - INFO - <module> : Open Menu -> Map Displays -> tick weather
2022-10-26 10:52:38,314 - INFO - <module> :  clicked
2022-10-26 10:52:38,314 - INFO - <module> :  clicked
2022-10-26 10:52:38,314 - INFO - <module> :  clicked
2022-10-26 10:52:38,314 - INFO - <module> :  clicked
2022-10-26 10:52:38,459 - INFO - <module> : Map Displays clicked
2022-10-26 10:52:38,459 - INFO - <module> : Map Displays clicked
2022-10-26 10:52:38,459 - INFO - <module> : Map Displays clicked
2022-10-26 10:52:38,459 - INFO - <module> : Map Displays clicked
2022-10-26 10:52:39,681 - INFO - <module> : tick weather icon to be displayed according to the scenario
2022-10-26 10:52:39,681 - INFO - <module> : tick weather icon to be displayed according to the scenario
2022-10-26 10:52:39,681 - INFO - <module> : tick weather icon to be displayed according to the scenario
2022-10-26 10:52:39,681 - INFO - <module> : tick weather icon to be displayed according to the scenario
2022-10-26 10:52:39,838 - INFO - <module> :  clicked
2022-10-26 10:52:39,838 - INFO - <module> :  clicked
2022-10-26 10:52:39,838 - INFO - <module> :  clicked
2022-10-26 10:52:39,838 - INFO - <module> :  clicked
2022-10-26 10:52:42,348 - INFO - <module> : OK clicked
2022-10-26 10:52:42,348 - INFO - <module> : OK clicked
2022-10-26 10:52:42,348 - INFO - <module> : OK clicked
2022-10-26 10:52:42,348 - INFO - <module> : OK clicked
2022-10-26 10:52:46,069 - INFO - <module> : Adjust zoom level according to scenario
2022-10-26 10:52:46,069 - INFO - <module> : Adjust zoom level according to scenario
2022-10-26 10:52:46,069 - INFO - <module> : Adjust zoom level according to scenario
2022-10-26 10:52:46,069 - INFO - <module> : Adjust zoom level according to scenario
2022-10-26 10:52:46,455 - INFO - <module> : Clicked
2022-10-26 10:52:46,455 - INFO - <module> : Clicked
2022-10-26 10:52:46,455 - INFO - <module> : Clicked
2022-10-26 10:52:46,455 - INFO - <module> : Clicked
2022-10-26 10:52:50,347 - INFO - <module> : Validate weather icons in Internal Map
2022-10-26 10:52:50,347 - INFO - <module> : Validate weather icons in Internal Map
2022-10-26 10:52:50,347 - INFO - <module> : Validate weather icons in Internal Map
2022-10-26 10:52:50,347 - INFO - <module> : Validate weather icons in Internal Map
2022-10-26 10:52:53,105 - INFO - setup : Close Browser
