2022-10-27 11:14:01,012 - INFO - setup : Browser Launched!
2022-10-27 11:14:10,036 - INFO - <module> : Click on burger menu > Outages by Area
2022-10-27 11:14:10,036 - INFO - <module> : Click on burger menu > Outages by Area
2022-10-27 11:14:10,036 - INFO - <module> : Click on burger menu > Outages by Area
2022-10-27 11:14:10,036 - INFO - <module> : Click on burger menu > Outages by Area
2022-10-27 11:14:11,724 - INFO - <module> : Opened: https://outage-api.meralco.com.ph/
2022-10-27 11:14:11,724 - INFO - <module> : Opened: https://outage-api.meralco.com.ph/
2022-10-27 11:14:11,724 - INFO - <module> : Opened: https://outage-api.meralco.com.ph/
2022-10-27 11:14:11,724 - INFO - <module> : Opened: https://outage-api.meralco.com.ph/
2022-10-27 11:14:13,357 - INFO - <module> : input: v-lvlgalvez@meralco.com.ph
2022-10-27 11:14:13,357 - INFO - <module> : input: v-lvlgalvez@meralco.com.ph
2022-10-27 11:14:13,357 - INFO - <module> : input: v-lvlgalvez@meralco.com.ph
2022-10-27 11:14:13,357 - INFO - <module> : input: v-lvlgalvez@meralco.com.ph
2022-10-27 11:14:13,429 - INFO - <module> : Clicked
2022-10-27 11:14:13,429 - INFO - <module> : Clicked
2022-10-27 11:14:13,429 - INFO - <module> : Clicked
2022-10-27 11:14:13,429 - INFO - <module> : Clicked
2022-10-27 11:14:14,551 - INFO - <module> : input: Mecopass@@!!129
2022-10-27 11:14:14,551 - INFO - <module> : input: Mecopass@@!!129
2022-10-27 11:14:14,551 - INFO - <module> : input: Mecopass@@!!129
2022-10-27 11:14:14,551 - INFO - <module> : input: Mecopass@@!!129
2022-10-27 11:14:15,041 - INFO - <module> : Clicked
2022-10-27 11:14:15,041 - INFO - <module> : Clicked
2022-10-27 11:14:15,041 - INFO - <module> : Clicked
2022-10-27 11:14:15,041 - INFO - <module> : Clicked
2022-10-27 11:14:15,685 - INFO - <module> : Clicked
2022-10-27 11:14:15,685 - INFO - <module> : Clicked
2022-10-27 11:14:15,685 - INFO - <module> : Clicked
2022-10-27 11:14:15,685 - INFO - <module> : Clicked
2022-10-27 11:14:43,722 - INFO - <module> : Clicked
2022-10-27 11:14:43,722 - INFO - <module> : Clicked
2022-10-27 11:14:43,722 - INFO - <module> : Clicked
2022-10-27 11:14:43,722 - INFO - <module> : Clicked
2022-10-27 11:14:47,834 - INFO - <module> :  clicked
2022-10-27 11:14:47,834 - INFO - <module> :  clicked
2022-10-27 11:14:47,834 - INFO - <module> :  clicked
2022-10-27 11:14:47,834 - INFO - <module> :  clicked
2022-10-27 11:14:47,920 - INFO - <module> : Outages by Area clicked
2022-10-27 11:14:47,920 - INFO - <module> : Outages by Area clicked
2022-10-27 11:14:47,920 - INFO - <module> : Outages by Area clicked
2022-10-27 11:14:47,920 - INFO - <module> : Outages by Area clicked
2022-10-27 11:14:51,138 - INFO - <module> : Select Sector
2022-10-27 11:14:51,138 - INFO - <module> : Select Sector
2022-10-27 11:14:51,138 - INFO - <module> : Select Sector
2022-10-27 11:14:51,138 - INFO - <module> : Select Sector
2022-10-27 11:14:51,233 - INFO - <module> : arrow_drop_down clicked
2022-10-27 11:14:51,233 - INFO - <module> : arrow_drop_down clicked
2022-10-27 11:14:51,233 - INFO - <module> : arrow_drop_down clicked
2022-10-27 11:14:51,233 - INFO - <module> : arrow_drop_down clicked
2022-10-27 11:14:51,469 - INFO - <module> :  clicked
2022-10-27 11:14:51,469 - INFO - <module> :  clicked
2022-10-27 11:14:51,469 - INFO - <module> :  clicked
2022-10-27 11:14:51,469 - INFO - <module> :  clicked
2022-10-27 11:14:55,083 - INFO - <module> : Click on burger menu > Outages by Area
2022-10-27 11:14:55,083 - INFO - <module> : Click on burger menu > Outages by Area
2022-10-27 11:14:55,083 - INFO - <module> : Click on burger menu > Outages by Area
2022-10-27 11:14:55,083 - INFO - <module> : Click on burger menu > Outages by Area
2022-10-27 11:14:56,240 - INFO - <module> : Opened: https://outage-api.meralco.com.ph/
2022-10-27 11:14:56,240 - INFO - <module> : Opened: https://outage-api.meralco.com.ph/
2022-10-27 11:14:56,240 - INFO - <module> : Opened: https://outage-api.meralco.com.ph/
2022-10-27 11:14:56,240 - INFO - <module> : Opened: https://outage-api.meralco.com.ph/
2022-10-27 11:15:19,673 - INFO - <module> :  clicked
2022-10-27 11:15:19,673 - INFO - <module> :  clicked
2022-10-27 11:15:19,673 - INFO - <module> :  clicked
2022-10-27 11:15:19,673 - INFO - <module> :  clicked
2022-10-27 11:15:19,791 - INFO - <module> : Outages by Area clicked
2022-10-27 11:15:19,791 - INFO - <module> : Outages by Area clicked
2022-10-27 11:15:19,791 - INFO - <module> : Outages by Area clicked
2022-10-27 11:15:19,791 - INFO - <module> : Outages by Area clicked
2022-10-27 11:15:22,953 - INFO - <module> : Select Area Level
2022-10-27 11:15:22,953 - INFO - <module> : Select Area Level
2022-10-27 11:15:22,953 - INFO - <module> : Select Area Level
2022-10-27 11:15:22,953 - INFO - <module> : Select Area Level
2022-10-27 11:15:23,070 - INFO - <module> : arrow_drop_down clicked
2022-10-27 11:15:23,070 - INFO - <module> : arrow_drop_down clicked
2022-10-27 11:15:23,070 - INFO - <module> : arrow_drop_down clicked
2022-10-27 11:15:23,070 - INFO - <module> : arrow_drop_down clicked
2022-10-27 11:15:23,174 - INFO - <module> :  clicked
2022-10-27 11:15:23,174 - INFO - <module> :  clicked
2022-10-27 11:15:23,174 - INFO - <module> :  clicked
2022-10-27 11:15:23,174 - INFO - <module> :  clicked
2022-10-27 11:15:27,411 - INFO - <module> : Click on burger menu > Outages by Area
2022-10-27 11:15:27,411 - INFO - <module> : Click on burger menu > Outages by Area
2022-10-27 11:15:27,411 - INFO - <module> : Click on burger menu > Outages by Area
2022-10-27 11:15:27,411 - INFO - <module> : Click on burger menu > Outages by Area
2022-10-27 11:15:28,509 - INFO - <module> : Opened: https://outage-api.meralco.com.ph/
2022-10-27 11:15:28,509 - INFO - <module> : Opened: https://outage-api.meralco.com.ph/
2022-10-27 11:15:28,509 - INFO - <module> : Opened: https://outage-api.meralco.com.ph/
2022-10-27 11:15:28,509 - INFO - <module> : Opened: https://outage-api.meralco.com.ph/
2022-10-27 11:15:32,924 - INFO - setup : Close Browser
