2022-10-26 11:36:37,419 - INFO - setup : Browser Launched!
2022-10-26 11:36:46,722 - INFO - <module> : Click Refresh Data button in header
2022-10-26 11:36:46,722 - INFO - <module> : Click Refresh Data button in header
2022-10-26 11:36:46,722 - INFO - <module> : Click Refresh Data button in header
2022-10-26 11:36:46,722 - INFO - <module> : Click Refresh Data button in header
2022-10-26 11:36:48,262 - INFO - <module> : Opened: https://outage-api.meralco.com.ph/
2022-10-26 11:36:48,262 - INFO - <module> : Opened: https://outage-api.meralco.com.ph/
2022-10-26 11:36:48,262 - INFO - <module> : Opened: https://outage-api.meralco.com.ph/
2022-10-26 11:36:48,262 - INFO - <module> : Opened: https://outage-api.meralco.com.ph/
2022-10-26 11:36:50,100 - INFO - <module> : input: v-lvlgalvez@meralco.com.ph
2022-10-26 11:36:50,100 - INFO - <module> : input: v-lvlgalvez@meralco.com.ph
2022-10-26 11:36:50,100 - INFO - <module> : input: v-lvlgalvez@meralco.com.ph
2022-10-26 11:36:50,100 - INFO - <module> : input: v-lvlgalvez@meralco.com.ph
2022-10-26 11:36:50,160 - INFO - <module> : Clicked
2022-10-26 11:36:50,160 - INFO - <module> : Clicked
2022-10-26 11:36:50,160 - INFO - <module> : Clicked
2022-10-26 11:36:50,160 - INFO - <module> : Clicked
2022-10-26 11:36:51,799 - INFO - <module> : input: Mecopass@@!!129
2022-10-26 11:36:51,799 - INFO - <module> : input: Mecopass@@!!129
2022-10-26 11:36:51,799 - INFO - <module> : input: Mecopass@@!!129
2022-10-26 11:36:51,799 - INFO - <module> : input: Mecopass@@!!129
2022-10-26 11:36:52,268 - INFO - <module> : Clicked
2022-10-26 11:36:52,268 - INFO - <module> : Clicked
2022-10-26 11:36:52,268 - INFO - <module> : Clicked
2022-10-26 11:36:52,268 - INFO - <module> : Clicked
2022-10-26 11:36:52,879 - INFO - <module> : Clicked
2022-10-26 11:36:52,879 - INFO - <module> : Clicked
2022-10-26 11:36:52,879 - INFO - <module> : Clicked
2022-10-26 11:36:52,879 - INFO - <module> : Clicked
2022-10-26 11:37:21,100 - INFO - <module> : Clicked
2022-10-26 11:37:21,100 - INFO - <module> : Clicked
2022-10-26 11:37:21,100 - INFO - <module> : Clicked
2022-10-26 11:37:21,100 - INFO - <module> : Clicked
2022-10-26 11:37:25,282 - INFO - setup : Close Browser
