2023-01-12 12:44:21,983 - INFO - setup : Browser Launched!
2023-01-12 12:45:05,489 - INFO - <module> : Clicked
2023-01-12 12:45:05,489 - INFO - <module> : Clicked
2023-01-12 12:45:05,489 - INFO - <module> : Clicked
2023-01-12 12:45:05,489 - INFO - <module> : Clicked
2023-01-12 12:45:05,489 - INFO - <module> : Clicked
2023-01-12 12:45:12,489 - INFO - <module> : input: arcebido.earljohn@gmail.com
2023-01-12 12:45:12,489 - INFO - <module> : input: arcebido.earljohn@gmail.com
2023-01-12 12:45:12,489 - INFO - <module> : input: arcebido.earljohn@gmail.com
2023-01-12 12:45:12,489 - INFO - <module> : input: arcebido.earljohn@gmail.com
2023-01-12 12:45:12,489 - INFO - <module> : input: arcebido.earljohn@gmail.com
2023-01-12 12:45:13,724 - INFO - <module> : Clicked
2023-01-12 12:45:13,724 - INFO - <module> : Clicked
2023-01-12 12:45:13,724 - INFO - <module> : Clicked
2023-01-12 12:45:13,724 - INFO - <module> : Clicked
2023-01-12 12:45:13,724 - INFO - <module> : Clicked
2023-01-12 12:45:15,250 - INFO - <module> : input: Eja09202903164!
2023-01-12 12:45:15,250 - INFO - <module> : input: Eja09202903164!
2023-01-12 12:45:15,250 - INFO - <module> : input: Eja09202903164!
2023-01-12 12:45:15,250 - INFO - <module> : input: Eja09202903164!
2023-01-12 12:45:15,250 - INFO - <module> : input: Eja09202903164!
2023-01-12 12:45:16,065 - INFO - <module> : Clicked
2023-01-12 12:45:16,065 - INFO - <module> : Clicked
2023-01-12 12:45:16,065 - INFO - <module> : Clicked
2023-01-12 12:45:16,065 - INFO - <module> : Clicked
2023-01-12 12:45:16,065 - INFO - <module> : Clicked
2023-01-12 12:45:18,940 - INFO - setup : Close Browser
