2022-11-18 16:20:40,326 - INFO - setup : Browser Launched!
2022-11-18 16:20:50,649 - INFO - <module> : Opened: https://outage-api.meralco.com.ph/
2022-11-18 16:20:50,649 - INFO - <module> : Opened: https://outage-api.meralco.com.ph/
2022-11-18 16:20:50,649 - INFO - <module> : Opened: https://outage-api.meralco.com.ph/
2022-11-18 16:20:50,649 - INFO - <module> : Opened: https://outage-api.meralco.com.ph/
2022-11-18 16:20:52,633 - INFO - <module> : input: v-agsealmoy@meralco.com.ph
2022-11-18 16:20:52,633 - INFO - <module> : input: v-agsealmoy@meralco.com.ph
2022-11-18 16:20:52,633 - INFO - <module> : input: v-agsealmoy@meralco.com.ph
2022-11-18 16:20:52,633 - INFO - <module> : input: v-agsealmoy@meralco.com.ph
2022-11-18 16:20:52,817 - INFO - <module> : Clicked
2022-11-18 16:20:52,817 - INFO - <module> : Clicked
2022-11-18 16:20:52,817 - INFO - <module> : Clicked
2022-11-18 16:20:52,817 - INFO - <module> : Clicked
2022-11-18 16:20:54,597 - INFO - <module> : input: Meco@@##00018
2022-11-18 16:20:54,597 - INFO - <module> : input: Meco@@##00018
2022-11-18 16:20:54,597 - INFO - <module> : input: Meco@@##00018
2022-11-18 16:20:54,597 - INFO - <module> : input: Meco@@##00018
2022-11-18 16:20:55,287 - INFO - <module> : Clicked
2022-11-18 16:20:55,287 - INFO - <module> : Clicked
2022-11-18 16:20:55,287 - INFO - <module> : Clicked
2022-11-18 16:20:55,287 - INFO - <module> : Clicked
2022-11-18 16:20:56,109 - INFO - <module> : Clicked
2022-11-18 16:20:56,109 - INFO - <module> : Clicked
2022-11-18 16:20:56,109 - INFO - <module> : Clicked
2022-11-18 16:20:56,109 - INFO - <module> : Clicked
2022-11-18 16:21:35,466 - INFO - <module> : Clicked
2022-11-18 16:21:35,466 - INFO - <module> : Clicked
2022-11-18 16:21:35,466 - INFO - <module> : Clicked
2022-11-18 16:21:35,466 - INFO - <module> : Clicked
2022-11-18 16:22:02,111 - INFO - <module> : Hover over Refresh data button
2022-11-18 16:22:02,111 - INFO - <module> : Hover over Refresh data button
2022-11-18 16:22:02,111 - INFO - <module> : Hover over Refresh data button
2022-11-18 16:22:02,111 - INFO - <module> : Hover over Refresh data button
2022-11-18 16:22:15,053 - INFO - setup : Close Browser
