2022-12-22 11:54:37,342 - INFO - setup : Browser Launched!
2022-12-22 11:54:51,619 - INFO - <module> : Opened: https://fuat-meralco.cs73.force.com/customers/s/cxe-apply
2022-12-22 11:54:51,619 - INFO - <module> : Opened: https://fuat-meralco.cs73.force.com/customers/s/cxe-apply
2022-12-22 11:54:51,619 - INFO - <module> : Opened: https://fuat-meralco.cs73.force.com/customers/s/cxe-apply
2022-12-22 11:54:51,619 - INFO - <module> : Opened: https://fuat-meralco.cs73.force.com/customers/s/cxe-apply
2022-12-22 11:54:55,036 - INFO - <module> : Service Application exists
2022-12-22 11:54:55,036 - INFO - <module> : Service Application exists
2022-12-22 11:54:55,036 - INFO - <module> : Service Application exists
2022-12-22 11:54:55,036 - INFO - <module> : Service Application exists
2022-12-22 11:54:58,335 - INFO - <module> : Clicked
2022-12-22 11:54:58,335 - INFO - <module> : Clicked
2022-12-22 11:54:58,335 - INFO - <module> : Clicked
2022-12-22 11:54:58,335 - INFO - <module> : Clicked
2022-12-22 11:54:58,409 - INFO - <module> : Start Service exists
2022-12-22 11:54:58,409 - INFO - <module> : Start Service exists
2022-12-22 11:54:58,409 - INFO - <module> : Start Service exists
2022-12-22 11:54:58,409 - INFO - <module> : Start Service exists
2022-12-22 11:54:58,459 - INFO - <module> : Modify Service exists
2022-12-22 11:54:58,459 - INFO - <module> : Modify Service exists
2022-12-22 11:54:58,459 - INFO - <module> : Modify Service exists
2022-12-22 11:54:58,459 - INFO - <module> : Modify Service exists
2022-12-22 11:54:58,517 - INFO - <module> : Reactivate Service exists
2022-12-22 11:54:58,517 - INFO - <module> : Reactivate Service exists
2022-12-22 11:54:58,517 - INFO - <module> : Reactivate Service exists
2022-12-22 11:54:58,517 - INFO - <module> : Reactivate Service exists
2022-12-22 11:54:58,560 - INFO - <module> : Stop Service exists
2022-12-22 11:54:58,560 - INFO - <module> : Stop Service exists
2022-12-22 11:54:58,560 - INFO - <module> : Stop Service exists
2022-12-22 11:54:58,560 - INFO - <module> : Stop Service exists
2022-12-22 11:55:02,654 - INFO - <module> : Clicked
2022-12-22 11:55:02,654 - INFO - <module> : Clicked
2022-12-22 11:55:02,654 - INFO - <module> : Clicked
2022-12-22 11:55:02,654 - INFO - <module> : Clicked
2022-12-22 11:55:04,860 - INFO - <module> : REQUEST DETAILS exists
2022-12-22 11:55:04,860 - INFO - <module> : REQUEST DETAILS exists
2022-12-22 11:55:04,860 - INFO - <module> : REQUEST DETAILS exists
2022-12-22 11:55:04,860 - INFO - <module> : REQUEST DETAILS exists
2022-12-22 11:55:08,133 - INFO - <module> :  exists
2022-12-22 11:55:08,133 - INFO - <module> :  exists
2022-12-22 11:55:08,133 - INFO - <module> :  exists
2022-12-22 11:55:08,133 - INFO - <module> :  exists
2022-12-22 11:55:11,335 - INFO - <module> : input: 3534823912
2022-12-22 11:55:11,335 - INFO - <module> : input: 3534823912
2022-12-22 11:55:11,335 - INFO - <module> : input: 3534823912
2022-12-22 11:55:11,335 - INFO - <module> : input: 3534823912
2022-12-22 11:55:14,750 - INFO - <module> : Clicked
2022-12-22 11:55:14,750 - INFO - <module> : Clicked
2022-12-22 11:55:14,750 - INFO - <module> : Clicked
2022-12-22 11:55:14,750 - INFO - <module> : Clicked
2022-12-22 11:55:14,824 - INFO - <module> : Clicked
2022-12-22 11:55:14,824 - INFO - <module> : Clicked
2022-12-22 11:55:14,824 - INFO - <module> : Clicked
2022-12-22 11:55:14,824 - INFO - <module> : Clicked
2022-12-22 11:55:17,168 - INFO - <module> : Clicked
2022-12-22 11:55:17,168 - INFO - <module> : Clicked
2022-12-22 11:55:17,168 - INFO - <module> : Clicked
2022-12-22 11:55:17,168 - INFO - <module> : Clicked
2022-12-22 11:55:18,360 - INFO - <module> : input: atcontCompname
2022-12-22 11:55:18,360 - INFO - <module> : input: atcontCompname
2022-12-22 11:55:18,360 - INFO - <module> : input: atcontCompname
2022-12-22 11:55:18,360 - INFO - <module> : input: atcontCompname
2022-12-22 11:55:37,443 - INFO - setup : Close Browser
