2023-01-10 11:03:40,676 - INFO - setup : Browser Launched!
2023-01-10 11:03:47,173 - INFO - <module> : Go to Outages & Incidents > Report Streetlight And Safety Concerns
2023-01-10 11:03:47,173 - INFO - <module> : Go to Outages & Incidents > Report Streetlight And Safety Concerns
2023-01-10 11:03:47,173 - INFO - <module> : Go to Outages & Incidents > Report Streetlight And Safety Concerns
2023-01-10 11:03:47,173 - INFO - <module> : Go to Outages & Incidents > Report Streetlight And Safety Concerns
2023-01-10 11:03:47,173 - INFO - <module> : Go to Outages & Incidents > Report Streetlight And Safety Concerns
2023-01-10 11:03:51,027 - INFO - <module> : Opened: https://fuat-meralco.cs73.force.com/customers/s/outagemap
2023-01-10 11:03:51,027 - INFO - <module> : Opened: https://fuat-meralco.cs73.force.com/customers/s/outagemap
2023-01-10 11:03:51,027 - INFO - <module> : Opened: https://fuat-meralco.cs73.force.com/customers/s/outagemap
2023-01-10 11:03:51,027 - INFO - <module> : Opened: https://fuat-meralco.cs73.force.com/customers/s/outagemap
2023-01-10 11:03:51,027 - INFO - <module> : Opened: https://fuat-meralco.cs73.force.com/customers/s/outagemap
2023-01-10 11:03:55,510 - INFO - <module> : Meralco would like to access your location to identify if your area is affected by an outage. exists
2023-01-10 11:03:55,510 - INFO - <module> : Meralco would like to access your location to identify if your area is affected by an outage. exists
2023-01-10 11:03:55,510 - INFO - <module> : Meralco would like to access your location to identify if your area is affected by an outage. exists
2023-01-10 11:03:55,510 - INFO - <module> : Meralco would like to access your location to identify if your area is affected by an outage. exists
2023-01-10 11:03:55,510 - INFO - <module> : Meralco would like to access your location to identify if your area is affected by an outage. exists
2023-01-10 11:03:57,613 - INFO - <module> : Clicked
2023-01-10 11:03:57,613 - INFO - <module> : Clicked
2023-01-10 11:03:57,613 - INFO - <module> : Clicked
2023-01-10 11:03:57,613 - INFO - <module> : Clicked
2023-01-10 11:03:57,613 - INFO - <module> : Clicked
2023-01-10 11:04:01,717 - INFO - <module> : Clicked
2023-01-10 11:04:01,717 - INFO - <module> : Clicked
2023-01-10 11:04:01,717 - INFO - <module> : Clicked
2023-01-10 11:04:01,717 - INFO - <module> : Clicked
2023-01-10 11:04:01,717 - INFO - <module> : Clicked
2023-01-10 11:04:09,808 - INFO - <module> : Report an Outage or Incident exists
2023-01-10 11:04:09,808 - INFO - <module> : Report an Outage or Incident exists
2023-01-10 11:04:09,808 - INFO - <module> : Report an Outage or Incident exists
2023-01-10 11:04:09,808 - INFO - <module> : Report an Outage or Incident exists
2023-01-10 11:04:09,808 - INFO - <module> : Report an Outage or Incident exists
2023-01-10 11:04:12,675 - INFO - <module> : Populate required fields > click Submit
2023-01-10 11:04:12,675 - INFO - <module> : Populate required fields > click Submit
2023-01-10 11:04:12,675 - INFO - <module> : Populate required fields > click Submit
2023-01-10 11:04:12,675 - INFO - <module> : Populate required fields > click Submit
2023-01-10 11:04:12,675 - INFO - <module> : Populate required fields > click Submit
2023-01-10 11:04:12,770 - INFO - setup : Close Browser
