2022-10-20 15:29:53,901 - INFO - setup : Browser Launched!
2022-10-20 15:30:01,124 - INFO - <module> : Access outage reporting form for Guest users.
2022-10-20 15:30:01,124 - INFO - <module> : Access outage reporting form for Guest users.
2022-10-20 15:30:01,124 - INFO - <module> : Access outage reporting form for Guest users.
2022-10-20 15:30:01,124 - INFO - <module> : Access outage reporting form for Guest users.
2022-10-20 15:30:04,766 - INFO - <module> : Opened: https://fuat-meralco.cs73.force.com/customers/s/outagemap
2022-10-20 15:30:04,766 - INFO - <module> : Opened: https://fuat-meralco.cs73.force.com/customers/s/outagemap
2022-10-20 15:30:04,766 - INFO - <module> : Opened: https://fuat-meralco.cs73.force.com/customers/s/outagemap
2022-10-20 15:30:04,766 - INFO - <module> : Opened: https://fuat-meralco.cs73.force.com/customers/s/outagemap
2022-10-20 15:30:07,723 - INFO - <module> : Meralco would like to access your location to identify if your area is affected by an outage. exists
2022-10-20 15:30:07,723 - INFO - <module> : Meralco would like to access your location to identify if your area is affected by an outage. exists
2022-10-20 15:30:07,723 - INFO - <module> : Meralco would like to access your location to identify if your area is affected by an outage. exists
2022-10-20 15:30:07,723 - INFO - <module> : Meralco would like to access your location to identify if your area is affected by an outage. exists
2022-10-20 15:30:09,810 - INFO - <module> : Clicked
2022-10-20 15:30:09,810 - INFO - <module> : Clicked
2022-10-20 15:30:09,810 - INFO - <module> : Clicked
2022-10-20 15:30:09,810 - INFO - <module> : Clicked
2022-10-20 15:30:13,910 - INFO - <module> : Clicked
2022-10-20 15:30:13,910 - INFO - <module> : Clicked
2022-10-20 15:30:13,910 - INFO - <module> : Clicked
2022-10-20 15:30:13,910 - INFO - <module> : Clicked
2022-10-20 15:30:21,982 - INFO - <module> : Report an Outage or Incident exists
2022-10-20 15:30:21,982 - INFO - <module> : Report an Outage or Incident exists
2022-10-20 15:30:21,982 - INFO - <module> : Report an Outage or Incident exists
2022-10-20 15:30:21,982 - INFO - <module> : Report an Outage or Incident exists
2022-10-20 15:30:24,869 - INFO - <module> : Choose 'Streetlight Concern' from the 'What are you reporting?' option.
2022-10-20 15:30:24,869 - INFO - <module> : Choose 'Streetlight Concern' from the 'What are you reporting?' option.
2022-10-20 15:30:24,869 - INFO - <module> : Choose 'Streetlight Concern' from the 'What are you reporting?' option.
2022-10-20 15:30:24,869 - INFO - <module> : Choose 'Streetlight Concern' from the 'What are you reporting?' option.
2022-10-20 15:30:24,959 - INFO - <module> : Clicked
2022-10-20 15:30:24,959 - INFO - <module> : Clicked
2022-10-20 15:30:24,959 - INFO - <module> : Clicked
2022-10-20 15:30:24,959 - INFO - <module> : Clicked
2022-10-20 15:30:27,847 - INFO - <module> : Choose 'Yes' from the options.
2022-10-20 15:30:27,847 - INFO - <module> : Choose 'Yes' from the options.
2022-10-20 15:30:27,847 - INFO - <module> : Choose 'Yes' from the options.
2022-10-20 15:30:27,847 - INFO - <module> : Choose 'Yes' from the options.
2022-10-20 15:30:27,935 - INFO - <module> : Clicked
2022-10-20 15:30:27,935 - INFO - <module> : Clicked
2022-10-20 15:30:27,935 - INFO - <module> : Clicked
2022-10-20 15:30:27,935 - INFO - <module> : Clicked
2022-10-20 15:30:30,723 - INFO - <module> : Click the dropdown field for Q2.
2022-10-20 15:30:30,723 - INFO - <module> : Click the dropdown field for Q2.
2022-10-20 15:30:30,723 - INFO - <module> : Click the dropdown field for Q2.
2022-10-20 15:30:30,723 - INFO - <module> : Click the dropdown field for Q2.
2022-10-20 15:30:30,807 - INFO - <module> : Clicked
2022-10-20 15:30:30,807 - INFO - <module> : Clicked
2022-10-20 15:30:30,807 - INFO - <module> : Clicked
2022-10-20 15:30:30,807 - INFO - <module> : Clicked
2022-10-20 15:30:33,772 - INFO - <module> : Choose 'Streetlight is always on, even during daytime' from the option.
2022-10-20 15:30:33,772 - INFO - <module> : Choose 'Streetlight is always on, even during daytime' from the option.
2022-10-20 15:30:33,772 - INFO - <module> : Choose 'Streetlight is always on, even during daytime' from the option.
2022-10-20 15:30:33,772 - INFO - <module> : Choose 'Streetlight is always on, even during daytime' from the option.
2022-10-20 15:30:33,852 - INFO - <module> : Clicked
2022-10-20 15:30:33,852 - INFO - <module> : Clicked
2022-10-20 15:30:33,852 - INFO - <module> : Clicked
2022-10-20 15:30:33,852 - INFO - <module> : Clicked
2022-10-20 15:30:36,774 - INFO - <module> : Populate the following fields by selecting from one of the picklist values, as applicable:
- Province
- City/Municipality
- Barangay
- Subdivision
- Street
- House/Unit No./ Floor/ Building
2022-10-20 15:30:36,774 - INFO - <module> : Populate the following fields by selecting from one of the picklist values, as applicable:
- Province
- City/Municipality
- Barangay
- Subdivision
- Street
- House/Unit No./ Floor/ Building
2022-10-20 15:30:36,774 - INFO - <module> : Populate the following fields by selecting from one of the picklist values, as applicable:
- Province
- City/Municipality
- Barangay
- Subdivision
- Street
- House/Unit No./ Floor/ Building
2022-10-20 15:30:36,774 - INFO - <module> : Populate the following fields by selecting from one of the picklist values, as applicable:
- Province
- City/Municipality
- Barangay
- Subdivision
- Street
- House/Unit No./ Floor/ Building
2022-10-20 15:30:36,869 - INFO - <module> : Clicked
2022-10-20 15:30:36,869 - INFO - <module> : Clicked
2022-10-20 15:30:36,869 - INFO - <module> : Clicked
2022-10-20 15:30:36,869 - INFO - <module> : Clicked
2022-10-20 15:30:37,428 - INFO - <module> : Clicked
2022-10-20 15:30:37,428 - INFO - <module> : Clicked
2022-10-20 15:30:37,428 - INFO - <module> : Clicked
2022-10-20 15:30:37,428 - INFO - <module> : Clicked
2022-10-20 15:30:37,996 - INFO - <module> : Clicked
2022-10-20 15:30:37,996 - INFO - <module> : Clicked
2022-10-20 15:30:37,996 - INFO - <module> : Clicked
2022-10-20 15:30:37,996 - INFO - <module> : Clicked
2022-10-20 15:30:38,543 - INFO - <module> : Clicked
2022-10-20 15:30:38,543 - INFO - <module> : Clicked
2022-10-20 15:30:38,543 - INFO - <module> : Clicked
2022-10-20 15:30:38,543 - INFO - <module> : Clicked
2022-10-20 15:30:39,118 - INFO - <module> : Clicked
2022-10-20 15:30:39,118 - INFO - <module> : Clicked
2022-10-20 15:30:39,118 - INFO - <module> : Clicked
2022-10-20 15:30:39,118 - INFO - <module> : Clicked
2022-10-20 15:30:39,206 - INFO - <module> : input: 123
2022-10-20 15:30:39,206 - INFO - <module> : input: 123
2022-10-20 15:30:39,206 - INFO - <module> : input: 123
2022-10-20 15:30:39,206 - INFO - <module> : input: 123
2022-10-20 15:30:42,103 - INFO - <module> : Populate 'Pole Number' field.
Note: There should be no pending case associated to the encoded Pole Number.
2022-10-20 15:30:42,103 - INFO - <module> : Populate 'Pole Number' field.
Note: There should be no pending case associated to the encoded Pole Number.
2022-10-20 15:30:42,103 - INFO - <module> : Populate 'Pole Number' field.
Note: There should be no pending case associated to the encoded Pole Number.
2022-10-20 15:30:42,103 - INFO - <module> : Populate 'Pole Number' field.
Note: There should be no pending case associated to the encoded Pole Number.
2022-10-20 15:30:42,234 - INFO - <module> : input: 42
2022-10-20 15:30:42,234 - INFO - <module> : input: 42
2022-10-20 15:30:42,234 - INFO - <module> : input: 42
2022-10-20 15:30:42,234 - INFO - <module> : input: 42
2022-10-20 15:30:45,214 - INFO - <module> : Select the 'Landmarks/Directions' option and input values in the text box.
2022-10-20 15:30:45,214 - INFO - <module> : Select the 'Landmarks/Directions' option and input values in the text box.
2022-10-20 15:30:45,214 - INFO - <module> : Select the 'Landmarks/Directions' option and input values in the text box.
2022-10-20 15:30:45,214 - INFO - <module> : Select the 'Landmarks/Directions' option and input values in the text box.
2022-10-20 15:30:45,356 - INFO - <module> : Clicked
2022-10-20 15:30:45,356 - INFO - <module> : Clicked
2022-10-20 15:30:45,356 - INFO - <module> : Clicked
2022-10-20 15:30:45,356 - INFO - <module> : Clicked
2022-10-20 15:30:46,578 - INFO - setup : Close Browser
