2022-10-20 14:09:26,782 - INFO - setup : Browser Launched!
2022-10-20 14:09:34,590 - INFO - <module> : Access outage reporting form for Guest users.
2022-10-20 14:09:34,590 - INFO - <module> : Access outage reporting form for Guest users.
2022-10-20 14:09:34,590 - INFO - <module> : Access outage reporting form for Guest users.
2022-10-20 14:09:34,590 - INFO - <module> : Access outage reporting form for Guest users.
2022-10-20 14:09:38,815 - INFO - <module> : Opened: https://fuat-meralco.cs73.force.com/customers/s/outagemap
2022-10-20 14:09:38,815 - INFO - <module> : Opened: https://fuat-meralco.cs73.force.com/customers/s/outagemap
2022-10-20 14:09:38,815 - INFO - <module> : Opened: https://fuat-meralco.cs73.force.com/customers/s/outagemap
2022-10-20 14:09:38,815 - INFO - <module> : Opened: https://fuat-meralco.cs73.force.com/customers/s/outagemap
2022-10-20 14:09:42,268 - INFO - <module> : Meralco would like to access your location to identify if your area is affected by an outage. exists
2022-10-20 14:09:42,268 - INFO - <module> : Meralco would like to access your location to identify if your area is affected by an outage. exists
2022-10-20 14:09:42,268 - INFO - <module> : Meralco would like to access your location to identify if your area is affected by an outage. exists
2022-10-20 14:09:42,268 - INFO - <module> : Meralco would like to access your location to identify if your area is affected by an outage. exists
2022-10-20 14:09:44,373 - INFO - <module> : Clicked
2022-10-20 14:09:44,373 - INFO - <module> : Clicked
2022-10-20 14:09:44,373 - INFO - <module> : Clicked
2022-10-20 14:09:44,373 - INFO - <module> : Clicked
2022-10-20 14:09:48,445 - INFO - <module> : Clicked
2022-10-20 14:09:48,445 - INFO - <module> : Clicked
2022-10-20 14:09:48,445 - INFO - <module> : Clicked
2022-10-20 14:09:48,445 - INFO - <module> : Clicked
2022-10-20 14:09:56,524 - INFO - <module> : Report an Outage or Incident exists
2022-10-20 14:09:56,524 - INFO - <module> : Report an Outage or Incident exists
2022-10-20 14:09:56,524 - INFO - <module> : Report an Outage or Incident exists
2022-10-20 14:09:56,524 - INFO - <module> : Report an Outage or Incident exists
2022-10-20 14:09:59,367 - INFO - <module> : Choose 'Streetlight Concern' from the 'What are you reporting?' option.
2022-10-20 14:09:59,367 - INFO - <module> : Choose 'Streetlight Concern' from the 'What are you reporting?' option.
2022-10-20 14:09:59,367 - INFO - <module> : Choose 'Streetlight Concern' from the 'What are you reporting?' option.
2022-10-20 14:09:59,367 - INFO - <module> : Choose 'Streetlight Concern' from the 'What are you reporting?' option.
2022-10-20 14:09:59,447 - INFO - <module> : Clicked
2022-10-20 14:09:59,447 - INFO - <module> : Clicked
2022-10-20 14:09:59,447 - INFO - <module> : Clicked
2022-10-20 14:09:59,447 - INFO - <module> : Clicked
2022-10-20 14:10:02,331 - INFO - <module> : Choose 'Yes' from the options.
2022-10-20 14:10:02,331 - INFO - <module> : Choose 'Yes' from the options.
2022-10-20 14:10:02,331 - INFO - <module> : Choose 'Yes' from the options.
2022-10-20 14:10:02,331 - INFO - <module> : Choose 'Yes' from the options.
2022-10-20 14:10:02,400 - INFO - <module> : Clicked
2022-10-20 14:10:02,400 - INFO - <module> : Clicked
2022-10-20 14:10:02,400 - INFO - <module> : Clicked
2022-10-20 14:10:02,400 - INFO - <module> : Clicked
2022-10-20 14:10:05,278 - INFO - <module> : Click the dropdown field for Q2.
2022-10-20 14:10:05,278 - INFO - <module> : Click the dropdown field for Q2.
2022-10-20 14:10:05,278 - INFO - <module> : Click the dropdown field for Q2.
2022-10-20 14:10:05,278 - INFO - <module> : Click the dropdown field for Q2.
2022-10-20 14:10:05,358 - INFO - <module> : Clicked
2022-10-20 14:10:05,358 - INFO - <module> : Clicked
2022-10-20 14:10:05,358 - INFO - <module> : Clicked
2022-10-20 14:10:05,358 - INFO - <module> : Clicked
2022-10-20 14:10:08,184 - INFO - <module> : Choose 'Streetlight is always on, even during daytime' from the option.
2022-10-20 14:10:08,184 - INFO - <module> : Choose 'Streetlight is always on, even during daytime' from the option.
2022-10-20 14:10:08,184 - INFO - <module> : Choose 'Streetlight is always on, even during daytime' from the option.
2022-10-20 14:10:08,184 - INFO - <module> : Choose 'Streetlight is always on, even during daytime' from the option.
2022-10-20 14:10:08,255 - INFO - <module> : Clicked
2022-10-20 14:10:08,255 - INFO - <module> : Clicked
2022-10-20 14:10:08,255 - INFO - <module> : Clicked
2022-10-20 14:10:08,255 - INFO - <module> : Clicked
2022-10-20 14:10:11,161 - INFO - <module> : Populate the following fields by selecting from one of the picklist values, as applicable:
- Province
- City/Municipality
- Barangay
- Subdivision
- Street
- House/Unit No./ Floor/ Building
2022-10-20 14:10:11,161 - INFO - <module> : Populate the following fields by selecting from one of the picklist values, as applicable:
- Province
- City/Municipality
- Barangay
- Subdivision
- Street
- House/Unit No./ Floor/ Building
2022-10-20 14:10:11,161 - INFO - <module> : Populate the following fields by selecting from one of the picklist values, as applicable:
- Province
- City/Municipality
- Barangay
- Subdivision
- Street
- House/Unit No./ Floor/ Building
2022-10-20 14:10:11,161 - INFO - <module> : Populate the following fields by selecting from one of the picklist values, as applicable:
- Province
- City/Municipality
- Barangay
- Subdivision
- Street
- House/Unit No./ Floor/ Building
2022-10-20 14:10:11,254 - INFO - <module> : Clicked
2022-10-20 14:10:11,254 - INFO - <module> : Clicked
2022-10-20 14:10:11,254 - INFO - <module> : Clicked
2022-10-20 14:10:11,254 - INFO - <module> : Clicked
2022-10-20 14:10:11,843 - INFO - <module> : Clicked
2022-10-20 14:10:11,843 - INFO - <module> : Clicked
2022-10-20 14:10:11,843 - INFO - <module> : Clicked
2022-10-20 14:10:11,843 - INFO - <module> : Clicked
2022-10-20 14:10:12,422 - INFO - <module> : Clicked
2022-10-20 14:10:12,422 - INFO - <module> : Clicked
2022-10-20 14:10:12,422 - INFO - <module> : Clicked
2022-10-20 14:10:12,422 - INFO - <module> : Clicked
2022-10-20 14:10:12,997 - INFO - <module> : Clicked
2022-10-20 14:10:12,997 - INFO - <module> : Clicked
2022-10-20 14:10:12,997 - INFO - <module> : Clicked
2022-10-20 14:10:12,997 - INFO - <module> : Clicked
2022-10-20 14:10:13,560 - INFO - <module> : Clicked
2022-10-20 14:10:13,560 - INFO - <module> : Clicked
2022-10-20 14:10:13,560 - INFO - <module> : Clicked
2022-10-20 14:10:13,560 - INFO - <module> : Clicked
2022-10-20 14:10:13,638 - INFO - <module> : input: 123
2022-10-20 14:10:13,638 - INFO - <module> : input: 123
2022-10-20 14:10:13,638 - INFO - <module> : input: 123
2022-10-20 14:10:13,638 - INFO - <module> : input: 123
2022-10-20 14:10:16,429 - INFO - <module> : Populate 'Pole Number' field.
Note: There should be no pending case associated to the encoded Pole Number.
2022-10-20 14:10:16,429 - INFO - <module> : Populate 'Pole Number' field.
Note: There should be no pending case associated to the encoded Pole Number.
2022-10-20 14:10:16,429 - INFO - <module> : Populate 'Pole Number' field.
Note: There should be no pending case associated to the encoded Pole Number.
2022-10-20 14:10:16,429 - INFO - <module> : Populate 'Pole Number' field.
Note: There should be no pending case associated to the encoded Pole Number.
2022-10-20 14:10:16,533 - INFO - <module> : input: 39
2022-10-20 14:10:16,533 - INFO - <module> : input: 39
2022-10-20 14:10:16,533 - INFO - <module> : input: 39
2022-10-20 14:10:16,533 - INFO - <module> : input: 39
2022-10-20 14:10:19,433 - INFO - <module> : Select the 'Landmarks/Directions' option and input values in the text box.
2022-10-20 14:10:19,433 - INFO - <module> : Select the 'Landmarks/Directions' option and input values in the text box.
2022-10-20 14:10:19,433 - INFO - <module> : Select the 'Landmarks/Directions' option and input values in the text box.
2022-10-20 14:10:19,433 - INFO - <module> : Select the 'Landmarks/Directions' option and input values in the text box.
2022-10-20 14:10:19,529 - INFO - <module> : Clicked
2022-10-20 14:10:19,529 - INFO - <module> : Clicked
2022-10-20 14:10:19,529 - INFO - <module> : Clicked
2022-10-20 14:10:19,529 - INFO - <module> : Clicked
2022-10-20 14:10:19,810 - INFO - <module> : Clicked
2022-10-20 14:10:19,810 - INFO - <module> : Clicked
2022-10-20 14:10:19,810 - INFO - <module> : Clicked
2022-10-20 14:10:19,810 - INFO - <module> : Clicked
2022-10-20 14:10:19,913 - INFO - <module> : input: Sample Text
2022-10-20 14:10:19,913 - INFO - <module> : input: Sample Text
2022-10-20 14:10:19,913 - INFO - <module> : input: Sample Text
2022-10-20 14:10:19,913 - INFO - <module> : input: Sample Text
2022-10-20 14:10:27,825 - INFO - <module> : Populate the following fields:
a) First Name
b) Middle Name
c) Last Name
d) Mobile Number
e) Landline
f) Email
2022-10-20 14:10:27,825 - INFO - <module> : Populate the following fields:
a) First Name
b) Middle Name
c) Last Name
d) Mobile Number
e) Landline
f) Email
2022-10-20 14:10:27,825 - INFO - <module> : Populate the following fields:
a) First Name
b) Middle Name
c) Last Name
d) Mobile Number
e) Landline
f) Email
2022-10-20 14:10:27,825 - INFO - <module> : Populate the following fields:
a) First Name
b) Middle Name
c) Last Name
d) Mobile Number
e) Landline
f) Email
2022-10-20 14:10:27,963 - INFO - <module> : input: sample
2022-10-20 14:10:27,963 - INFO - <module> : input: sample
2022-10-20 14:10:27,963 - INFO - <module> : input: sample
2022-10-20 14:10:27,963 - INFO - <module> : input: sample
2022-10-20 14:10:28,027 - INFO - <module> : input: middle
2022-10-20 14:10:28,027 - INFO - <module> : input: middle
2022-10-20 14:10:28,027 - INFO - <module> : input: middle
2022-10-20 14:10:28,027 - INFO - <module> : input: middle
2022-10-20 14:10:28,087 - INFO - <module> : input: report
2022-10-20 14:10:28,087 - INFO - <module> : input: report
2022-10-20 14:10:28,087 - INFO - <module> : input: report
2022-10-20 14:10:28,087 - INFO - <module> : input: report
2022-10-20 14:10:28,158 - INFO - <module> : input: +639758880793
2022-10-20 14:10:28,158 - INFO - <module> : input: +639758880793
2022-10-20 14:10:28,158 - INFO - <module> : input: +639758880793
2022-10-20 14:10:28,158 - INFO - <module> : input: +639758880793
2022-10-20 14:10:28,217 - INFO - <module> : input: 
2022-10-20 14:10:28,217 - INFO - <module> : input: 
2022-10-20 14:10:28,217 - INFO - <module> : input: 
2022-10-20 14:10:28,217 - INFO - <module> : input: 
2022-10-20 14:10:28,295 - INFO - <module> : input: testautomationoutage@yopmail.com
2022-10-20 14:10:28,295 - INFO - <module> : input: testautomationoutage@yopmail.com
2022-10-20 14:10:28,295 - INFO - <module> : input: testautomationoutage@yopmail.com
2022-10-20 14:10:28,295 - INFO - <module> : input: testautomationoutage@yopmail.com
2022-10-20 14:10:31,200 - INFO - <module> : Verify if 'Yes' is selected from the options under 'Do you want to receive updates related to this report?'
2022-10-20 14:10:31,200 - INFO - <module> : Verify if 'Yes' is selected from the options under 'Do you want to receive updates related to this report?'
2022-10-20 14:10:31,200 - INFO - <module> : Verify if 'Yes' is selected from the options under 'Do you want to receive updates related to this report?'
2022-10-20 14:10:31,200 - INFO - <module> : Verify if 'Yes' is selected from the options under 'Do you want to receive updates related to this report?'
2022-10-20 14:10:34,206 - INFO - <module> : Select SMS and Email as preferred Case Notification Channel.
Note: Ensure that 'Email' field has valid value if Email has been selected as preferred Case Notification Channel.
2022-10-20 14:10:34,206 - INFO - <module> : Select SMS and Email as preferred Case Notification Channel.
Note: Ensure that 'Email' field has valid value if Email has been selected as preferred Case Notification Channel.
2022-10-20 14:10:34,206 - INFO - <module> : Select SMS and Email as preferred Case Notification Channel.
Note: Ensure that 'Email' field has valid value if Email has been selected as preferred Case Notification Channel.
2022-10-20 14:10:34,206 - INFO - <module> : Select SMS and Email as preferred Case Notification Channel.
Note: Ensure that 'Email' field has valid value if Email has been selected as preferred Case Notification Channel.
2022-10-20 14:10:34,329 - INFO - <module> : Clicked
2022-10-20 14:10:34,329 - INFO - <module> : Clicked
2022-10-20 14:10:34,329 - INFO - <module> : Clicked
2022-10-20 14:10:34,329 - INFO - <module> : Clicked
2022-10-20 14:10:34,421 - INFO - <module> : Clicked
2022-10-20 14:10:34,421 - INFO - <module> : Clicked
2022-10-20 14:10:34,421 - INFO - <module> : Clicked
2022-10-20 14:10:34,421 - INFO - <module> : Clicked
2022-10-20 14:10:37,519 - INFO - <module> : Select the checkbox for:
I have read and agree to the Meralco Online Terms & Conditions and consent to the processing of my personal data in accordance with the Privacy Policy.
2022-10-20 14:10:37,519 - INFO - <module> : Select the checkbox for:
I have read and agree to the Meralco Online Terms & Conditions and consent to the processing of my personal data in accordance with the Privacy Policy.
2022-10-20 14:10:37,519 - INFO - <module> : Select the checkbox for:
I have read and agree to the Meralco Online Terms & Conditions and consent to the processing of my personal data in accordance with the Privacy Policy.
2022-10-20 14:10:37,519 - INFO - <module> : Select the checkbox for:
I have read and agree to the Meralco Online Terms & Conditions and consent to the processing of my personal data in accordance with the Privacy Policy.
2022-10-20 14:10:37,632 - INFO - <module> : Clicked
2022-10-20 14:10:37,632 - INFO - <module> : Clicked
2022-10-20 14:10:37,632 - INFO - <module> : Clicked
2022-10-20 14:10:37,632 - INFO - <module> : Clicked
2022-10-20 14:10:40,686 - INFO - <module> : Click ‘Submit’ button.
2022-10-20 14:10:40,686 - INFO - <module> : Click ‘Submit’ button.
2022-10-20 14:10:40,686 - INFO - <module> : Click ‘Submit’ button.
2022-10-20 14:10:40,686 - INFO - <module> : Click ‘Submit’ button.
2022-10-20 14:10:40,816 - INFO - <module> : Clicked
2022-10-20 14:10:40,816 - INFO - <module> : Clicked
2022-10-20 14:10:40,816 - INFO - <module> : Clicked
2022-10-20 14:10:40,816 - INFO - <module> : Clicked
2022-10-20 14:10:58,762 - INFO - <module> : Verify received SMS notification.
2022-10-20 14:10:58,762 - INFO - <module> : Verify received SMS notification.
2022-10-20 14:10:58,762 - INFO - <module> : Verify received SMS notification.
2022-10-20 14:10:58,762 - INFO - <module> : Verify received SMS notification.
2022-10-20 14:10:59,517 - INFO - <module> : Verify received Email notification.
2022-10-20 14:10:59,517 - INFO - <module> : Verify received Email notification.
2022-10-20 14:10:59,517 - INFO - <module> : Verify received Email notification.
2022-10-20 14:10:59,517 - INFO - <module> : Verify received Email notification.
2022-10-20 14:11:02,461 - INFO - <module> : Opened: https://yopmail.com/en/
2022-10-20 14:11:02,461 - INFO - <module> : Opened: https://yopmail.com/en/
2022-10-20 14:11:02,461 - INFO - <module> : Opened: https://yopmail.com/en/
2022-10-20 14:11:02,461 - INFO - <module> : Opened: https://yopmail.com/en/
2022-10-20 14:11:02,625 - INFO - <module> : input: testautomationoutage@yopmail.com
2022-10-20 14:11:02,625 - INFO - <module> : input: testautomationoutage@yopmail.com
2022-10-20 14:11:02,625 - INFO - <module> : input: testautomationoutage@yopmail.com
2022-10-20 14:11:02,625 - INFO - <module> : input: testautomationoutage@yopmail.com
2022-10-20 14:11:03,847 - INFO - <module> : Clicked
2022-10-20 14:11:03,847 - INFO - <module> : Clicked
2022-10-20 14:11:03,847 - INFO - <module> : Clicked
2022-10-20 14:11:03,847 - INFO - <module> : Clicked
2022-10-20 14:11:06,795 - INFO - <module> : Access outage reporting form for Guest users.
2022-10-20 14:11:06,795 - INFO - <module> : Access outage reporting form for Guest users.
2022-10-20 14:11:06,795 - INFO - <module> : Access outage reporting form for Guest users.
2022-10-20 14:11:06,795 - INFO - <module> : Access outage reporting form for Guest users.
2022-10-20 14:11:18,334 - INFO - <module> : Opened: https://fuat-meralco.cs73.force.com/customers/s/outagemap
2022-10-20 14:11:18,334 - INFO - <module> : Opened: https://fuat-meralco.cs73.force.com/customers/s/outagemap
2022-10-20 14:11:18,334 - INFO - <module> : Opened: https://fuat-meralco.cs73.force.com/customers/s/outagemap
2022-10-20 14:11:18,334 - INFO - <module> : Opened: https://fuat-meralco.cs73.force.com/customers/s/outagemap
2022-10-20 14:11:45,564 - INFO - <module> : Meralco would like to access your location to identify if your area is affected by an outage. exists
2022-10-20 14:11:45,564 - INFO - <module> : Meralco would like to access your location to identify if your area is affected by an outage. exists
2022-10-20 14:11:45,564 - INFO - <module> : Meralco would like to access your location to identify if your area is affected by an outage. exists
2022-10-20 14:11:45,564 - INFO - <module> : Meralco would like to access your location to identify if your area is affected by an outage. exists
2022-10-20 14:11:47,673 - INFO - <module> : Clicked
2022-10-20 14:11:47,673 - INFO - <module> : Clicked
2022-10-20 14:11:47,673 - INFO - <module> : Clicked
2022-10-20 14:11:47,673 - INFO - <module> : Clicked
2022-10-20 14:11:51,783 - INFO - <module> : Clicked
2022-10-20 14:11:51,783 - INFO - <module> : Clicked
2022-10-20 14:11:51,783 - INFO - <module> : Clicked
2022-10-20 14:11:51,783 - INFO - <module> : Clicked
2022-10-20 14:11:59,864 - INFO - <module> : Report an Outage or Incident exists
2022-10-20 14:11:59,864 - INFO - <module> : Report an Outage or Incident exists
2022-10-20 14:11:59,864 - INFO - <module> : Report an Outage or Incident exists
2022-10-20 14:11:59,864 - INFO - <module> : Report an Outage or Incident exists
2022-10-20 14:12:02,637 - INFO - <module> : Choose 'Streetlight Concern' from the 'What are you reporting?' option.
2022-10-20 14:12:02,637 - INFO - <module> : Choose 'Streetlight Concern' from the 'What are you reporting?' option.
2022-10-20 14:12:02,637 - INFO - <module> : Choose 'Streetlight Concern' from the 'What are you reporting?' option.
2022-10-20 14:12:02,637 - INFO - <module> : Choose 'Streetlight Concern' from the 'What are you reporting?' option.
2022-10-20 14:12:02,774 - INFO - <module> : Clicked
2022-10-20 14:12:02,774 - INFO - <module> : Clicked
2022-10-20 14:12:02,774 - INFO - <module> : Clicked
2022-10-20 14:12:02,774 - INFO - <module> : Clicked
2022-10-20 14:12:05,694 - INFO - <module> : Choose 'Yes' from the options.
2022-10-20 14:12:05,694 - INFO - <module> : Choose 'Yes' from the options.
2022-10-20 14:12:05,694 - INFO - <module> : Choose 'Yes' from the options.
2022-10-20 14:12:05,694 - INFO - <module> : Choose 'Yes' from the options.
2022-10-20 14:12:05,816 - INFO - <module> : Clicked
2022-10-20 14:12:05,816 - INFO - <module> : Clicked
2022-10-20 14:12:05,816 - INFO - <module> : Clicked
2022-10-20 14:12:05,816 - INFO - <module> : Clicked
2022-10-20 14:12:08,718 - INFO - <module> : Click the dropdown field for Q2.
2022-10-20 14:12:08,718 - INFO - <module> : Click the dropdown field for Q2.
2022-10-20 14:12:08,718 - INFO - <module> : Click the dropdown field for Q2.
2022-10-20 14:12:08,718 - INFO - <module> : Click the dropdown field for Q2.
2022-10-20 14:12:08,879 - INFO - <module> : Clicked
2022-10-20 14:12:08,879 - INFO - <module> : Clicked
2022-10-20 14:12:08,879 - INFO - <module> : Clicked
2022-10-20 14:12:08,879 - INFO - <module> : Clicked
2022-10-20 14:12:11,825 - INFO - <module> : Choose 'Streetlight is flickering' from the option.
2022-10-20 14:12:11,825 - INFO - <module> : Choose 'Streetlight is flickering' from the option.
2022-10-20 14:12:11,825 - INFO - <module> : Choose 'Streetlight is flickering' from the option.
2022-10-20 14:12:11,825 - INFO - <module> : Choose 'Streetlight is flickering' from the option.
2022-10-20 14:12:11,932 - INFO - <module> : Clicked
2022-10-20 14:12:11,932 - INFO - <module> : Clicked
2022-10-20 14:12:11,932 - INFO - <module> : Clicked
2022-10-20 14:12:11,932 - INFO - <module> : Clicked
2022-10-20 14:12:14,919 - INFO - <module> : Populate the following fields by selecting from one of the picklist values, as applicable:
- Province
- City/Municipality
- Barangay
- Subdivision
- Street
- House/Unit No./ Floor/ Building
2022-10-20 14:12:14,919 - INFO - <module> : Populate the following fields by selecting from one of the picklist values, as applicable:
- Province
- City/Municipality
- Barangay
- Subdivision
- Street
- House/Unit No./ Floor/ Building
2022-10-20 14:12:14,919 - INFO - <module> : Populate the following fields by selecting from one of the picklist values, as applicable:
- Province
- City/Municipality
- Barangay
- Subdivision
- Street
- House/Unit No./ Floor/ Building
2022-10-20 14:12:14,919 - INFO - <module> : Populate the following fields by selecting from one of the picklist values, as applicable:
- Province
- City/Municipality
- Barangay
- Subdivision
- Street
- House/Unit No./ Floor/ Building
2022-10-20 14:12:15,046 - INFO - <module> : Clicked
2022-10-20 14:12:15,046 - INFO - <module> : Clicked
2022-10-20 14:12:15,046 - INFO - <module> : Clicked
2022-10-20 14:12:15,046 - INFO - <module> : Clicked
2022-10-20 14:12:15,629 - INFO - <module> : Clicked
2022-10-20 14:12:15,629 - INFO - <module> : Clicked
2022-10-20 14:12:15,629 - INFO - <module> : Clicked
2022-10-20 14:12:15,629 - INFO - <module> : Clicked
2022-10-20 14:12:16,185 - INFO - <module> : Clicked
2022-10-20 14:12:16,185 - INFO - <module> : Clicked
2022-10-20 14:12:16,185 - INFO - <module> : Clicked
2022-10-20 14:12:16,185 - INFO - <module> : Clicked
2022-10-20 14:12:16,785 - INFO - <module> : Clicked
2022-10-20 14:12:16,785 - INFO - <module> : Clicked
2022-10-20 14:12:16,785 - INFO - <module> : Clicked
2022-10-20 14:12:16,785 - INFO - <module> : Clicked
2022-10-20 14:12:17,381 - INFO - <module> : Clicked
2022-10-20 14:12:17,381 - INFO - <module> : Clicked
2022-10-20 14:12:17,381 - INFO - <module> : Clicked
2022-10-20 14:12:17,381 - INFO - <module> : Clicked
2022-10-20 14:12:17,462 - INFO - <module> : input: 123
2022-10-20 14:12:17,462 - INFO - <module> : input: 123
2022-10-20 14:12:17,462 - INFO - <module> : input: 123
2022-10-20 14:12:17,462 - INFO - <module> : input: 123
2022-10-20 14:12:20,453 - INFO - <module> : Populate 'Pole Number' field using the values encoded in the prior report.
2022-10-20 14:12:20,453 - INFO - <module> : Populate 'Pole Number' field using the values encoded in the prior report.
2022-10-20 14:12:20,453 - INFO - <module> : Populate 'Pole Number' field using the values encoded in the prior report.
2022-10-20 14:12:20,453 - INFO - <module> : Populate 'Pole Number' field using the values encoded in the prior report.
2022-10-20 14:12:20,649 - INFO - <module> : input: 39
2022-10-20 14:12:20,649 - INFO - <module> : input: 39
2022-10-20 14:12:20,649 - INFO - <module> : input: 39
2022-10-20 14:12:20,649 - INFO - <module> : input: 39
2022-10-20 14:12:23,627 - INFO - <module> : Select any other field in the form.
2022-10-20 14:12:23,627 - INFO - <module> : Select any other field in the form.
2022-10-20 14:12:23,627 - INFO - <module> : Select any other field in the form.
2022-10-20 14:12:23,627 - INFO - <module> : Select any other field in the form.
2022-10-20 14:12:23,758 - INFO - <module> : Clicked
2022-10-20 14:12:23,758 - INFO - <module> : Clicked
2022-10-20 14:12:23,758 - INFO - <module> : Clicked
2022-10-20 14:12:23,758 - INFO - <module> : Clicked
2022-10-20 14:12:23,801 - INFO - <module> : Clicked
2022-10-20 14:12:23,801 - INFO - <module> : Clicked
2022-10-20 14:12:23,801 - INFO - <module> : Clicked
2022-10-20 14:12:23,801 - INFO - <module> : Clicked
2022-10-20 14:12:32,348 - INFO - <module> : Clicked
2022-10-20 14:12:32,348 - INFO - <module> : Clicked
2022-10-20 14:12:32,348 - INFO - <module> : Clicked
2022-10-20 14:12:32,348 - INFO - <module> : Clicked
2022-10-20 14:12:35,394 - INFO - <module> : Access outage reporting form for Guest users.
2022-10-20 14:12:35,394 - INFO - <module> : Access outage reporting form for Guest users.
2022-10-20 14:12:35,394 - INFO - <module> : Access outage reporting form for Guest users.
2022-10-20 14:12:35,394 - INFO - <module> : Access outage reporting form for Guest users.
2022-10-20 14:12:37,277 - INFO - <module> : Opened: https://fuat-meralco.cs73.force.com/customers/s/outagemap
2022-10-20 14:12:37,277 - INFO - <module> : Opened: https://fuat-meralco.cs73.force.com/customers/s/outagemap
2022-10-20 14:12:37,277 - INFO - <module> : Opened: https://fuat-meralco.cs73.force.com/customers/s/outagemap
2022-10-20 14:12:37,277 - INFO - <module> : Opened: https://fuat-meralco.cs73.force.com/customers/s/outagemap
2022-10-20 14:12:40,241 - INFO - <module> : Meralco would like to access your location to identify if your area is affected by an outage. exists
2022-10-20 14:12:40,241 - INFO - <module> : Meralco would like to access your location to identify if your area is affected by an outage. exists
2022-10-20 14:12:40,241 - INFO - <module> : Meralco would like to access your location to identify if your area is affected by an outage. exists
2022-10-20 14:12:40,241 - INFO - <module> : Meralco would like to access your location to identify if your area is affected by an outage. exists
2022-10-20 14:12:42,338 - INFO - <module> : Clicked
2022-10-20 14:12:42,338 - INFO - <module> : Clicked
2022-10-20 14:12:42,338 - INFO - <module> : Clicked
2022-10-20 14:12:42,338 - INFO - <module> : Clicked
2022-10-20 14:12:46,413 - INFO - <module> : Clicked
2022-10-20 14:12:46,413 - INFO - <module> : Clicked
2022-10-20 14:12:46,413 - INFO - <module> : Clicked
2022-10-20 14:12:46,413 - INFO - <module> : Clicked
2022-10-20 14:12:54,486 - INFO - <module> : Report an Outage or Incident exists
2022-10-20 14:12:54,486 - INFO - <module> : Report an Outage or Incident exists
2022-10-20 14:12:54,486 - INFO - <module> : Report an Outage or Incident exists
2022-10-20 14:12:54,486 - INFO - <module> : Report an Outage or Incident exists
2022-10-20 14:12:57,466 - INFO - <module> : Choose 'Streetlight Concern' from the 'What are you reporting?' option.
2022-10-20 14:12:57,466 - INFO - <module> : Choose 'Streetlight Concern' from the 'What are you reporting?' option.
2022-10-20 14:12:57,466 - INFO - <module> : Choose 'Streetlight Concern' from the 'What are you reporting?' option.
2022-10-20 14:12:57,466 - INFO - <module> : Choose 'Streetlight Concern' from the 'What are you reporting?' option.
2022-10-20 14:12:57,600 - INFO - <module> : Clicked
2022-10-20 14:12:57,600 - INFO - <module> : Clicked
2022-10-20 14:12:57,600 - INFO - <module> : Clicked
2022-10-20 14:12:57,600 - INFO - <module> : Clicked
2022-10-20 14:13:00,533 - INFO - <module> : Choose 'Yes' from the options.
2022-10-20 14:13:00,533 - INFO - <module> : Choose 'Yes' from the options.
2022-10-20 14:13:00,533 - INFO - <module> : Choose 'Yes' from the options.
2022-10-20 14:13:00,533 - INFO - <module> : Choose 'Yes' from the options.
2022-10-20 14:13:00,673 - INFO - <module> : Clicked
2022-10-20 14:13:00,673 - INFO - <module> : Clicked
2022-10-20 14:13:00,673 - INFO - <module> : Clicked
2022-10-20 14:13:00,673 - INFO - <module> : Clicked
2022-10-20 14:13:03,594 - INFO - <module> : Click the dropdown field for Q2.
2022-10-20 14:13:03,594 - INFO - <module> : Click the dropdown field for Q2.
2022-10-20 14:13:03,594 - INFO - <module> : Click the dropdown field for Q2.
2022-10-20 14:13:03,594 - INFO - <module> : Click the dropdown field for Q2.
2022-10-20 14:13:03,736 - INFO - <module> : Clicked
2022-10-20 14:13:03,736 - INFO - <module> : Clicked
2022-10-20 14:13:03,736 - INFO - <module> : Clicked
2022-10-20 14:13:03,736 - INFO - <module> : Clicked
2022-10-20 14:13:06,789 - INFO - <module> : Choose 'Streetlight is not on or has no power' from the option.
2022-10-20 14:13:06,789 - INFO - <module> : Choose 'Streetlight is not on or has no power' from the option.
2022-10-20 14:13:06,789 - INFO - <module> : Choose 'Streetlight is not on or has no power' from the option.
2022-10-20 14:13:06,789 - INFO - <module> : Choose 'Streetlight is not on or has no power' from the option.
2022-10-20 14:13:06,928 - INFO - <module> : Clicked
2022-10-20 14:13:06,928 - INFO - <module> : Clicked
2022-10-20 14:13:06,928 - INFO - <module> : Clicked
2022-10-20 14:13:06,928 - INFO - <module> : Clicked
2022-10-20 14:13:09,882 - INFO - <module> : Populate the following fields by selecting from one of the picklist values, as applicable:
- Province
- City/Municipality
- Barangay
- Subdivision
- Street
- House/Unit No./ Floor/ Building
2022-10-20 14:13:09,882 - INFO - <module> : Populate the following fields by selecting from one of the picklist values, as applicable:
- Province
- City/Municipality
- Barangay
- Subdivision
- Street
- House/Unit No./ Floor/ Building
2022-10-20 14:13:09,882 - INFO - <module> : Populate the following fields by selecting from one of the picklist values, as applicable:
- Province
- City/Municipality
- Barangay
- Subdivision
- Street
- House/Unit No./ Floor/ Building
2022-10-20 14:13:09,882 - INFO - <module> : Populate the following fields by selecting from one of the picklist values, as applicable:
- Province
- City/Municipality
- Barangay
- Subdivision
- Street
- House/Unit No./ Floor/ Building
2022-10-20 14:13:10,030 - INFO - <module> : Clicked
2022-10-20 14:13:10,030 - INFO - <module> : Clicked
2022-10-20 14:13:10,030 - INFO - <module> : Clicked
2022-10-20 14:13:10,030 - INFO - <module> : Clicked
2022-10-20 14:13:10,600 - INFO - <module> : Clicked
2022-10-20 14:13:10,600 - INFO - <module> : Clicked
2022-10-20 14:13:10,600 - INFO - <module> : Clicked
2022-10-20 14:13:10,600 - INFO - <module> : Clicked
2022-10-20 14:13:11,155 - INFO - <module> : Clicked
2022-10-20 14:13:11,155 - INFO - <module> : Clicked
2022-10-20 14:13:11,155 - INFO - <module> : Clicked
2022-10-20 14:13:11,155 - INFO - <module> : Clicked
2022-10-20 14:13:11,715 - INFO - <module> : Clicked
2022-10-20 14:13:11,715 - INFO - <module> : Clicked
2022-10-20 14:13:11,715 - INFO - <module> : Clicked
2022-10-20 14:13:11,715 - INFO - <module> : Clicked
2022-10-20 14:13:12,271 - INFO - <module> : Clicked
2022-10-20 14:13:12,271 - INFO - <module> : Clicked
2022-10-20 14:13:12,271 - INFO - <module> : Clicked
2022-10-20 14:13:12,271 - INFO - <module> : Clicked
2022-10-20 14:13:12,350 - INFO - <module> : input: 123
2022-10-20 14:13:12,350 - INFO - <module> : input: 123
2022-10-20 14:13:12,350 - INFO - <module> : input: 123
2022-10-20 14:13:12,350 - INFO - <module> : input: 123
2022-10-20 14:13:15,237 - INFO - <module> : Populate 'Pole Number' field using the values encoded in the prior report.
2022-10-20 14:13:15,237 - INFO - <module> : Populate 'Pole Number' field using the values encoded in the prior report.
2022-10-20 14:13:15,237 - INFO - <module> : Populate 'Pole Number' field using the values encoded in the prior report.
2022-10-20 14:13:15,237 - INFO - <module> : Populate 'Pole Number' field using the values encoded in the prior report.
2022-10-20 14:13:15,419 - INFO - <module> : input: 39
2022-10-20 14:13:15,419 - INFO - <module> : input: 39
2022-10-20 14:13:15,419 - INFO - <module> : input: 39
2022-10-20 14:13:15,419 - INFO - <module> : input: 39
2022-10-20 14:13:19,912 - INFO - <module> : Clicked
2022-10-20 14:13:19,912 - INFO - <module> : Clicked
2022-10-20 14:13:19,912 - INFO - <module> : Clicked
2022-10-20 14:13:19,912 - INFO - <module> : Clicked
2022-10-20 14:13:19,946 - INFO - <module> : Clicked
2022-10-20 14:13:19,946 - INFO - <module> : Clicked
2022-10-20 14:13:19,946 - INFO - <module> : Clicked
2022-10-20 14:13:19,946 - INFO - <module> : Clicked
2022-10-20 14:13:24,459 - INFO - <module> : Clicked
2022-10-20 14:13:24,459 - INFO - <module> : Clicked
2022-10-20 14:13:24,459 - INFO - <module> : Clicked
2022-10-20 14:13:24,459 - INFO - <module> : Clicked
2022-10-20 14:13:31,371 - INFO - <module> : Select the 'Landmarks/Directions' option and input values in the text box.
2022-10-20 14:13:31,371 - INFO - <module> : Select the 'Landmarks/Directions' option and input values in the text box.
2022-10-20 14:13:31,371 - INFO - <module> : Select the 'Landmarks/Directions' option and input values in the text box.
2022-10-20 14:13:31,371 - INFO - <module> : Select the 'Landmarks/Directions' option and input values in the text box.
2022-10-20 14:13:31,505 - INFO - <module> : Clicked
2022-10-20 14:13:31,505 - INFO - <module> : Clicked
2022-10-20 14:13:31,505 - INFO - <module> : Clicked
2022-10-20 14:13:31,505 - INFO - <module> : Clicked
2022-10-20 14:13:32,720 - INFO - setup : Close Browser
