2022-10-12 16:52:41,136 - INFO - setup : Browser Launched!
2022-10-12 16:52:48,006 - INFO - <module> : Go to External Map 
2022-10-12 16:52:48,006 - INFO - <module> : Go to External Map 
2022-10-12 16:52:48,006 - INFO - <module> : Go to External Map 
2022-10-12 16:52:49,806 - INFO - <module> : Opened: https://fuat-meralco.cs73.force.com/customers/s/outagemap
2022-10-12 16:52:49,806 - INFO - <module> : Opened: https://fuat-meralco.cs73.force.com/customers/s/outagemap
2022-10-12 16:52:49,806 - INFO - <module> : Opened: https://fuat-meralco.cs73.force.com/customers/s/outagemap
2022-10-12 16:52:55,994 - INFO - <module> : Meralco would like to access your location to identify if your area is affected by an outage. exists
2022-10-12 16:52:55,994 - INFO - <module> : Meralco would like to access your location to identify if your area is affected by an outage. exists
2022-10-12 16:52:55,994 - INFO - <module> : Meralco would like to access your location to identify if your area is affected by an outage. exists
2022-10-12 16:52:59,197 - INFO - <module> : Select weather information to be displayed
2022-10-12 16:52:59,197 - INFO - <module> : Select weather information to be displayed
2022-10-12 16:52:59,197 - INFO - <module> : Select weather information to be displayed
2022-10-12 16:52:59,340 - INFO - <module> : Disagree clicked
2022-10-12 16:52:59,340 - INFO - <module> : Disagree clicked
2022-10-12 16:52:59,340 - INFO - <module> : Disagree clicked
2022-10-12 16:52:59,822 - INFO - <module> :  clicked
2022-10-12 16:52:59,822 - INFO - <module> :  clicked
2022-10-12 16:52:59,822 - INFO - <module> :  clicked
2022-10-12 16:53:02,241 - INFO - <module> :  clicked
2022-10-12 16:53:02,241 - INFO - <module> :  clicked
2022-10-12 16:53:02,241 - INFO - <module> :  clicked
2022-10-12 16:53:02,833 - INFO - <module> : close clicked
2022-10-12 16:53:02,833 - INFO - <module> : close clicked
2022-10-12 16:53:02,833 - INFO - <module> : close clicked
2022-10-12 16:53:06,417 - INFO - <module> : Adjust outage map zoom level to greater than 8
2022-10-12 16:53:06,417 - INFO - <module> : Adjust outage map zoom level to greater than 8
2022-10-12 16:53:06,417 - INFO - <module> : Adjust outage map zoom level to greater than 8
2022-10-12 16:53:13,686 - INFO - setup : Close Browser
