2022-12-21 16:36:08,234 - INFO - setup : Browser Launched!
2022-12-21 16:36:49,545 - INFO - <module> : Login to Meralco Online
2022-12-21 16:36:49,545 - INFO - <module> : Login to Meralco Online
2022-12-21 16:36:49,545 - INFO - <module> : Login to Meralco Online
2022-12-21 16:36:49,545 - INFO - <module> : Login to Meralco Online
2022-12-21 16:36:52,643 - INFO - <module> : input: atconcernmultiple@yopmail.com
2022-12-21 16:36:52,643 - INFO - <module> : input: atconcernmultiple@yopmail.com
2022-12-21 16:36:52,643 - INFO - <module> : input: atconcernmultiple@yopmail.com
2022-12-21 16:36:52,643 - INFO - <module> : input: atconcernmultiple@yopmail.com
2022-12-21 16:36:53,067 - INFO - <module> : input: Meralco01
2022-12-21 16:36:53,067 - INFO - <module> : input: Meralco01
2022-12-21 16:36:53,067 - INFO - <module> : input: Meralco01
2022-12-21 16:36:53,067 - INFO - <module> : input: Meralco01
2022-12-21 16:36:53,996 - INFO - <module> : Clicked
2022-12-21 16:36:53,996 - INFO - <module> : Clicked
2022-12-21 16:36:53,996 - INFO - <module> : Clicked
2022-12-21 16:36:53,996 - INFO - <module> : Clicked
2022-12-21 16:37:03,025 - INFO - <module> : Hello, exists
2022-12-21 16:37:03,025 - INFO - <module> : Hello, exists
2022-12-21 16:37:03,025 - INFO - <module> : Hello, exists
2022-12-21 16:37:03,025 - INFO - <module> : Hello, exists
2022-12-21 16:37:16,016 - INFO - <module> : Go to Accounts> Manage Accounts
2022-12-21 16:37:16,016 - INFO - <module> : Go to Accounts> Manage Accounts
2022-12-21 16:37:16,016 - INFO - <module> : Go to Accounts> Manage Accounts
2022-12-21 16:37:16,016 - INFO - <module> : Go to Accounts> Manage Accounts
2022-12-21 16:37:16,126 - INFO - <module> : Accounts clicked
2022-12-21 16:37:16,126 - INFO - <module> : Accounts clicked
2022-12-21 16:37:16,126 - INFO - <module> : Accounts clicked
2022-12-21 16:37:16,126 - INFO - <module> : Accounts clicked
2022-12-21 16:37:16,308 - INFO - <module> :  clicked
2022-12-21 16:37:16,308 - INFO - <module> :  clicked
2022-12-21 16:37:16,308 - INFO - <module> :  clicked
2022-12-21 16:37:16,308 - INFO - <module> :  clicked
2022-12-21 16:37:24,292 - INFO - <module> : Search then Select Account > Click Change Service Details button
2022-12-21 16:37:24,292 - INFO - <module> : Search then Select Account > Click Change Service Details button
2022-12-21 16:37:24,292 - INFO - <module> : Search then Select Account > Click Change Service Details button
2022-12-21 16:37:24,292 - INFO - <module> : Search then Select Account > Click Change Service Details button
2022-12-21 16:37:25,214 - INFO - <module> : Clicked
2022-12-21 16:37:25,214 - INFO - <module> : Clicked
2022-12-21 16:37:25,214 - INFO - <module> : Clicked
2022-12-21 16:37:25,214 - INFO - <module> : Clicked
2022-12-21 16:37:28,399 - INFO - <module> : Clicked
2022-12-21 16:37:28,399 - INFO - <module> : Clicked
2022-12-21 16:37:28,399 - INFO - <module> : Clicked
2022-12-21 16:37:28,399 - INFO - <module> : Clicked
2022-12-21 16:37:34,318 - INFO - <module> : Select Change Service Details request options then click Next
2022-12-21 16:37:34,318 - INFO - <module> : Select Change Service Details request options then click Next
2022-12-21 16:37:34,318 - INFO - <module> : Select Change Service Details request options then click Next
2022-12-21 16:37:34,318 - INFO - <module> : Select Change Service Details request options then click Next
2022-12-21 16:37:49,537 - INFO - setup : Close Browser
