2022-10-25 16:42:38,266 - INFO - setup : Browser Launched!
2022-10-25 16:42:46,109 - INFO - <module> : Log in to Internal Map using this link:
https://outage-api.meralco.com.ph/
2022-10-25 16:42:46,109 - INFO - <module> : Log in to Internal Map using this link:
https://outage-api.meralco.com.ph/
2022-10-25 16:42:46,109 - INFO - <module> : Log in to Internal Map using this link:
https://outage-api.meralco.com.ph/
2022-10-25 16:42:46,109 - INFO - <module> : Log in to Internal Map using this link:
https://outage-api.meralco.com.ph/
2022-10-25 16:42:47,283 - INFO - <module> : Opened: https://outage-api.meralco.com.ph/
2022-10-25 16:42:47,283 - INFO - <module> : Opened: https://outage-api.meralco.com.ph/
2022-10-25 16:42:47,283 - INFO - <module> : Opened: https://outage-api.meralco.com.ph/
2022-10-25 16:42:47,283 - INFO - <module> : Opened: https://outage-api.meralco.com.ph/
2022-10-25 16:42:49,640 - INFO - <module> : input: v-lvlgalvez@meralco.com.ph
2022-10-25 16:42:49,640 - INFO - <module> : input: v-lvlgalvez@meralco.com.ph
2022-10-25 16:42:49,640 - INFO - <module> : input: v-lvlgalvez@meralco.com.ph
2022-10-25 16:42:49,640 - INFO - <module> : input: v-lvlgalvez@meralco.com.ph
2022-10-25 16:42:49,708 - INFO - <module> : Clicked
2022-10-25 16:42:49,708 - INFO - <module> : Clicked
2022-10-25 16:42:49,708 - INFO - <module> : Clicked
2022-10-25 16:42:49,708 - INFO - <module> : Clicked
2022-10-25 16:42:50,813 - INFO - <module> : input: Mecopass@@!!129
2022-10-25 16:42:50,813 - INFO - <module> : input: Mecopass@@!!129
2022-10-25 16:42:50,813 - INFO - <module> : input: Mecopass@@!!129
2022-10-25 16:42:50,813 - INFO - <module> : input: Mecopass@@!!129
2022-10-25 16:42:51,341 - INFO - <module> : Clicked
2022-10-25 16:42:51,341 - INFO - <module> : Clicked
2022-10-25 16:42:51,341 - INFO - <module> : Clicked
2022-10-25 16:42:51,341 - INFO - <module> : Clicked
2022-10-25 16:42:51,959 - INFO - <module> : Clicked
2022-10-25 16:42:51,959 - INFO - <module> : Clicked
2022-10-25 16:42:51,959 - INFO - <module> : Clicked
2022-10-25 16:42:51,959 - INFO - <module> : Clicked
2022-10-25 16:43:22,961 - INFO - <module> : Clicked
2022-10-25 16:43:22,961 - INFO - <module> : Clicked
2022-10-25 16:43:22,961 - INFO - <module> : Clicked
2022-10-25 16:43:22,961 - INFO - <module> : Clicked
2022-10-25 16:43:30,359 - INFO - <module> : Log in to Internal Map using this link:
https://outage-api.meralco.com.ph/
2022-10-25 16:43:30,359 - INFO - <module> : Log in to Internal Map using this link:
https://outage-api.meralco.com.ph/
2022-10-25 16:43:30,359 - INFO - <module> : Log in to Internal Map using this link:
https://outage-api.meralco.com.ph/
2022-10-25 16:43:30,359 - INFO - <module> : Log in to Internal Map using this link:
https://outage-api.meralco.com.ph/
2022-10-25 16:43:31,678 - INFO - <module> : Opened: https://outage-api.meralco.com.ph/
2022-10-25 16:43:31,678 - INFO - <module> : Opened: https://outage-api.meralco.com.ph/
2022-10-25 16:43:31,678 - INFO - <module> : Opened: https://outage-api.meralco.com.ph/
2022-10-25 16:43:31,678 - INFO - <module> : Opened: https://outage-api.meralco.com.ph/
2022-10-25 16:44:01,836 - ERROR - <module> : Cannot Locate: email
2022-10-25 16:44:01,836 - ERROR - <module> : Cannot Locate: email
2022-10-25 16:44:01,836 - ERROR - <module> : Cannot Locate: email
2022-10-25 16:44:01,836 - ERROR - <module> : Cannot Locate: email
2022-10-25 16:44:01,892 - INFO - setup : Close Browser
