2022-10-26 13:23:41,075 - INFO - setup : Browser Launched!
2022-10-26 13:23:59,073 - INFO - <module> : Click on burger menu > Legends
2022-10-26 13:23:59,073 - INFO - <module> : Click on burger menu > Legends
2022-10-26 13:23:59,073 - INFO - <module> : Click on burger menu > Legends
2022-10-26 13:23:59,073 - INFO - <module> : Click on burger menu > Legends
2022-10-26 13:24:01,641 - INFO - <module> : Opened: https://outage-api.meralco.com.ph/
2022-10-26 13:24:01,641 - INFO - <module> : Opened: https://outage-api.meralco.com.ph/
2022-10-26 13:24:01,641 - INFO - <module> : Opened: https://outage-api.meralco.com.ph/
2022-10-26 13:24:01,641 - INFO - <module> : Opened: https://outage-api.meralco.com.ph/
2022-10-26 13:24:03,783 - INFO - <module> : input: v-lvlgalvez@meralco.com.ph
2022-10-26 13:24:03,783 - INFO - <module> : input: v-lvlgalvez@meralco.com.ph
2022-10-26 13:24:03,783 - INFO - <module> : input: v-lvlgalvez@meralco.com.ph
2022-10-26 13:24:03,783 - INFO - <module> : input: v-lvlgalvez@meralco.com.ph
2022-10-26 13:24:03,933 - INFO - <module> : Clicked
2022-10-26 13:24:03,933 - INFO - <module> : Clicked
2022-10-26 13:24:03,933 - INFO - <module> : Clicked
2022-10-26 13:24:03,933 - INFO - <module> : Clicked
2022-10-26 13:24:05,690 - INFO - <module> : input: Mecopass@@!!129
2022-10-26 13:24:05,690 - INFO - <module> : input: Mecopass@@!!129
2022-10-26 13:24:05,690 - INFO - <module> : input: Mecopass@@!!129
2022-10-26 13:24:05,690 - INFO - <module> : input: Mecopass@@!!129
2022-10-26 13:24:06,716 - INFO - <module> : Clicked
2022-10-26 13:24:06,716 - INFO - <module> : Clicked
2022-10-26 13:24:06,716 - INFO - <module> : Clicked
2022-10-26 13:24:06,716 - INFO - <module> : Clicked
2022-10-26 13:24:07,446 - INFO - <module> : Clicked
2022-10-26 13:24:07,446 - INFO - <module> : Clicked
2022-10-26 13:24:07,446 - INFO - <module> : Clicked
2022-10-26 13:24:07,446 - INFO - <module> : Clicked
2022-10-26 13:24:36,322 - INFO - <module> : Clicked
2022-10-26 13:24:36,322 - INFO - <module> : Clicked
2022-10-26 13:24:36,322 - INFO - <module> : Clicked
2022-10-26 13:24:36,322 - INFO - <module> : Clicked
2022-10-26 13:24:40,514 - INFO - <module> :  clicked
2022-10-26 13:24:40,514 - INFO - <module> :  clicked
2022-10-26 13:24:40,514 - INFO - <module> :  clicked
2022-10-26 13:24:40,514 - INFO - <module> :  clicked
2022-10-26 13:24:40,718 - INFO - <module> : Legend clicked
2022-10-26 13:24:40,718 - INFO - <module> : Legend clicked
2022-10-26 13:24:40,718 - INFO - <module> : Legend clicked
2022-10-26 13:24:40,718 - INFO - <module> : Legend clicked
2022-10-26 13:24:46,712 - INFO - <module> : Validate Legend for Scheduled Outage Pins
2022-10-26 13:24:46,712 - INFO - <module> : Validate Legend for Scheduled Outage Pins
2022-10-26 13:24:46,712 - INFO - <module> : Validate Legend for Scheduled Outage Pins
2022-10-26 13:24:46,712 - INFO - <module> : Validate Legend for Scheduled Outage Pins
2022-10-26 13:24:49,759 - INFO - setup : Close Browser
