2022-10-13 10:34:54,031 - INFO - setup : Browser Launched!
2022-10-13 10:35:04,971 - INFO - <module> : Go to External Map 
2022-10-13 10:35:04,971 - INFO - <module> : Go to External Map 
2022-10-13 10:35:04,971 - INFO - <module> : Go to External Map 
2022-10-13 10:35:04,971 - INFO - <module> : Go to External Map 
2022-10-13 10:35:09,843 - INFO - <module> : input: atmooutageaccount@yopmail.com
2022-10-13 10:35:09,843 - INFO - <module> : input: atmooutageaccount@yopmail.com
2022-10-13 10:35:09,843 - INFO - <module> : input: atmooutageaccount@yopmail.com
2022-10-13 10:35:09,843 - INFO - <module> : input: atmooutageaccount@yopmail.com
2022-10-13 10:35:09,962 - INFO - <module> : input: Meralco01
2022-10-13 10:35:09,962 - INFO - <module> : input: Meralco01
2022-10-13 10:35:09,962 - INFO - <module> : input: Meralco01
2022-10-13 10:35:09,962 - INFO - <module> : input: Meralco01
2022-10-13 10:35:10,040 - INFO - <module> : Log in clicked
2022-10-13 10:35:10,040 - INFO - <module> : Log in clicked
2022-10-13 10:35:10,040 - INFO - <module> : Log in clicked
2022-10-13 10:35:10,040 - INFO - <module> : Log in clicked
2022-10-13 10:36:06,838 - ERROR - <module> : Cannot Locate: hello_message
2022-10-13 10:36:06,838 - ERROR - <module> : Cannot Locate: hello_message
2022-10-13 10:36:06,838 - ERROR - <module> : Cannot Locate: hello_message
2022-10-13 10:36:06,838 - ERROR - <module> : Cannot Locate: hello_message
2022-10-13 10:36:06,883 - INFO - setup : Close Browser
