2023-01-10 19:15:14,546 - INFO - setup : Browser Launched!
2023-01-10 19:15:40,192 - INFO - <module> : input: atconcernsingle@yopmail.com
2023-01-10 19:15:40,192 - INFO - <module> : input: atconcernsingle@yopmail.com
2023-01-10 19:15:40,192 - INFO - <module> : input: atconcernsingle@yopmail.com
2023-01-10 19:15:40,192 - INFO - <module> : input: atconcernsingle@yopmail.com
2023-01-10 19:15:41,174 - INFO - <module> : input: Meralco01
2023-01-10 19:15:41,174 - INFO - <module> : input: Meralco01
2023-01-10 19:15:41,174 - INFO - <module> : input: Meralco01
2023-01-10 19:15:41,174 - INFO - <module> : input: Meralco01
2023-01-10 19:15:48,650 - INFO - <module> : Clicked
2023-01-10 19:15:48,650 - INFO - <module> : Clicked
2023-01-10 19:15:48,650 - INFO - <module> : Clicked
2023-01-10 19:15:48,650 - INFO - <module> : Clicked
2023-01-10 19:15:48,770 - INFO - <module> : Hello, exists
2023-01-10 19:15:48,770 - INFO - <module> : Hello, exists
2023-01-10 19:15:48,770 - INFO - <module> : Hello, exists
2023-01-10 19:15:48,770 - INFO - <module> : Hello, exists
2023-01-10 19:15:48,843 - INFO - <module> : AT SINGLE clicked
2023-01-10 19:15:48,843 - INFO - <module> : AT SINGLE clicked
2023-01-10 19:15:48,843 - INFO - <module> : AT SINGLE clicked
2023-01-10 19:15:48,843 - INFO - <module> : AT SINGLE clicked
2023-01-10 19:15:49,026 - INFO - <module> :  clicked
2023-01-10 19:15:49,026 - INFO - <module> :  clicked
2023-01-10 19:15:49,026 - INFO - <module> :  clicked
2023-01-10 19:15:49,026 - INFO - <module> :  clicked
2023-01-10 19:15:54,726 - INFO - <module> : Clicked
2023-01-10 19:15:54,726 - INFO - <module> : Clicked
2023-01-10 19:15:54,726 - INFO - <module> : Clicked
2023-01-10 19:15:54,726 - INFO - <module> : Clicked
2023-01-10 19:15:57,478 - INFO - <module> : input: 21234543
2023-01-10 19:15:57,478 - INFO - <module> : input: 21234543
2023-01-10 19:15:57,478 - INFO - <module> : input: 21234543
2023-01-10 19:15:57,478 - INFO - <module> : input: 21234543
2023-01-10 19:15:57,528 - INFO - <module> : Clicked
2023-01-10 19:15:57,528 - INFO - <module> : Clicked
2023-01-10 19:15:57,528 - INFO - <module> : Clicked
2023-01-10 19:15:57,528 - INFO - <module> : Clicked
2023-01-10 19:15:59,817 - INFO - setup : Close Browser
