2022-10-18 14:42:19,109 - INFO - setup : Browser Launched!
2022-10-18 14:42:32,478 - INFO - <module> : Go to https://fuat-meralco.cs73.force.com/customers/s/outagemap
2022-10-18 14:42:32,478 - INFO - <module> : Go to https://fuat-meralco.cs73.force.com/customers/s/outagemap
2022-10-18 14:42:32,478 - INFO - <module> : Go to https://fuat-meralco.cs73.force.com/customers/s/outagemap
2022-10-18 14:42:32,478 - INFO - <module> : Go to https://fuat-meralco.cs73.force.com/customers/s/outagemap
2022-10-18 14:42:38,379 - INFO - <module> : Opened: https://fuat-meralco.cs73.force.com/customers/s/outagemap
2022-10-18 14:42:38,379 - INFO - <module> : Opened: https://fuat-meralco.cs73.force.com/customers/s/outagemap
2022-10-18 14:42:38,379 - INFO - <module> : Opened: https://fuat-meralco.cs73.force.com/customers/s/outagemap
2022-10-18 14:42:38,379 - INFO - <module> : Opened: https://fuat-meralco.cs73.force.com/customers/s/outagemap
2022-10-18 14:42:47,567 - INFO - <module> : On the left side, hover on tooltip beside Other Address
2022-10-18 14:42:47,567 - INFO - <module> : On the left side, hover on tooltip beside Other Address
2022-10-18 14:42:47,567 - INFO - <module> : On the left side, hover on tooltip beside Other Address
2022-10-18 14:42:47,567 - INFO - <module> : On the left side, hover on tooltip beside Other Address
2022-10-18 14:42:50,815 - INFO - <module> : Meralco would like to access your location to identify if your area is affected by an outage. exists
2022-10-18 14:42:50,815 - INFO - <module> : Meralco would like to access your location to identify if your area is affected by an outage. exists
2022-10-18 14:42:50,815 - INFO - <module> : Meralco would like to access your location to identify if your area is affected by an outage. exists
2022-10-18 14:42:50,815 - INFO - <module> : Meralco would like to access your location to identify if your area is affected by an outage. exists
2022-10-18 14:42:51,127 - INFO - <module> : Clicked
2022-10-18 14:42:51,127 - INFO - <module> : Clicked
2022-10-18 14:42:51,127 - INFO - <module> : Clicked
2022-10-18 14:42:51,127 - INFO - <module> : Clicked
2022-10-18 14:42:58,409 - INFO - <module> : Clicked
2022-10-18 14:42:58,409 - INFO - <module> : Clicked
2022-10-18 14:42:58,409 - INFO - <module> : Clicked
2022-10-18 14:42:58,409 - INFO - <module> : Clicked
2022-10-18 14:43:07,324 - INFO - setup : Close Browser
