2023-01-11 14:11:17,714 - INFO - setup : Browser Launched!
2023-01-11 14:11:48,111 - INFO - <module> : Opened: https://fuat-meralco.cs73.force.com/customers/s/cxe-apply
2023-01-11 14:11:48,111 - INFO - <module> : Opened: https://fuat-meralco.cs73.force.com/customers/s/cxe-apply
2023-01-11 14:11:48,111 - INFO - <module> : Opened: https://fuat-meralco.cs73.force.com/customers/s/cxe-apply
2023-01-11 14:11:48,111 - INFO - <module> : Opened: https://fuat-meralco.cs73.force.com/customers/s/cxe-apply
2023-01-11 14:11:48,111 - INFO - <module> : Opened: https://fuat-meralco.cs73.force.com/customers/s/cxe-apply
2023-01-11 14:11:48,941 - INFO - <module> : Service Application exists
2023-01-11 14:11:48,941 - INFO - <module> : Service Application exists
2023-01-11 14:11:48,941 - INFO - <module> : Service Application exists
2023-01-11 14:11:48,941 - INFO - <module> : Service Application exists
2023-01-11 14:11:48,941 - INFO - <module> : Service Application exists
2023-01-11 14:11:52,134 - INFO - <module> : Clicked
2023-01-11 14:11:52,134 - INFO - <module> : Clicked
2023-01-11 14:11:52,134 - INFO - <module> : Clicked
2023-01-11 14:11:52,134 - INFO - <module> : Clicked
2023-01-11 14:11:52,134 - INFO - <module> : Clicked
2023-01-11 14:11:54,792 - INFO - <module> : Clicked
2023-01-11 14:11:54,792 - INFO - <module> : Clicked
2023-01-11 14:11:54,792 - INFO - <module> : Clicked
2023-01-11 14:11:54,792 - INFO - <module> : Clicked
2023-01-11 14:11:54,792 - INFO - <module> : Clicked
2023-01-11 14:12:08,296 - INFO - setup : Close Browser
