2022-10-14 11:43:32,863 - INFO - setup : Browser Launched!
2022-10-14 11:43:41,390 - INFO - <module> : Go to https://fuat-meralco.cs73.force.com/customers/s/outagemap
2022-10-14 11:43:41,390 - INFO - <module> : Go to https://fuat-meralco.cs73.force.com/customers/s/outagemap
2022-10-14 11:43:41,390 - INFO - <module> : Go to https://fuat-meralco.cs73.force.com/customers/s/outagemap
2022-10-14 11:43:41,390 - INFO - <module> : Go to https://fuat-meralco.cs73.force.com/customers/s/outagemap
2022-10-14 11:43:43,332 - INFO - <module> : Opened: https://fuat-meralco.cs73.force.com/customers/s/outagemap
2022-10-14 11:43:43,332 - INFO - <module> : Opened: https://fuat-meralco.cs73.force.com/customers/s/outagemap
2022-10-14 11:43:43,332 - INFO - <module> : Opened: https://fuat-meralco.cs73.force.com/customers/s/outagemap
2022-10-14 11:43:43,332 - INFO - <module> : Opened: https://fuat-meralco.cs73.force.com/customers/s/outagemap
2022-10-14 11:43:47,078 - INFO - <module> : Validate Announcements and News Ticker
2022-10-14 11:43:47,078 - INFO - <module> : Validate Announcements and News Ticker
2022-10-14 11:43:47,078 - INFO - <module> : Validate Announcements and News Ticker
2022-10-14 11:43:47,078 - INFO - <module> : Validate Announcements and News Ticker
2022-10-14 11:43:48,712 - INFO - <module> : Meralco would like to access your location to identify if your area is affected by an outage. exists
2022-10-14 11:43:48,712 - INFO - <module> : Meralco would like to access your location to identify if your area is affected by an outage. exists
2022-10-14 11:43:48,712 - INFO - <module> : Meralco would like to access your location to identify if your area is affected by an outage. exists
2022-10-14 11:43:48,712 - INFO - <module> : Meralco would like to access your location to identify if your area is affected by an outage. exists
2022-10-14 11:43:49,035 - INFO - <module> : Disagree clicked
2022-10-14 11:43:49,035 - INFO - <module> : Disagree clicked
2022-10-14 11:43:49,035 - INFO - <module> : Disagree clicked
2022-10-14 11:43:49,035 - INFO - <module> : Disagree clicked
2022-10-14 11:43:53,078 - INFO - <module> : hello exists
2022-10-14 11:43:53,078 - INFO - <module> : hello exists
2022-10-14 11:43:53,078 - INFO - <module> : hello exists
2022-10-14 11:43:53,078 - INFO - <module> : hello exists
2022-10-14 11:43:55,978 - INFO - <module> : Login to Meralco Online
2022-10-14 11:43:55,978 - INFO - <module> : Login to Meralco Online
2022-10-14 11:43:55,978 - INFO - <module> : Login to Meralco Online
2022-10-14 11:43:55,978 - INFO - <module> : Login to Meralco Online
2022-10-14 11:43:57,023 - INFO - <module> : Opened: https://fuat-meralco.cs73.force.com/customers/s/splash
2022-10-14 11:43:57,023 - INFO - <module> : Opened: https://fuat-meralco.cs73.force.com/customers/s/splash
2022-10-14 11:43:57,023 - INFO - <module> : Opened: https://fuat-meralco.cs73.force.com/customers/s/splash
2022-10-14 11:43:57,023 - INFO - <module> : Opened: https://fuat-meralco.cs73.force.com/customers/s/splash
2022-10-14 11:43:57,347 - INFO - <module> : input: atmooutageaccount@yopmail.com
2022-10-14 11:43:57,347 - INFO - <module> : input: atmooutageaccount@yopmail.com
2022-10-14 11:43:57,347 - INFO - <module> : input: atmooutageaccount@yopmail.com
2022-10-14 11:43:57,347 - INFO - <module> : input: atmooutageaccount@yopmail.com
2022-10-14 11:43:57,421 - INFO - <module> : input: Meralco01
2022-10-14 11:43:57,421 - INFO - <module> : input: Meralco01
2022-10-14 11:43:57,421 - INFO - <module> : input: Meralco01
2022-10-14 11:43:57,421 - INFO - <module> : input: Meralco01
2022-10-14 11:43:57,493 - INFO - <module> : Log in clicked
2022-10-14 11:43:57,493 - INFO - <module> : Log in clicked
2022-10-14 11:43:57,493 - INFO - <module> : Log in clicked
2022-10-14 11:43:57,493 - INFO - <module> : Log in clicked
2022-10-14 11:44:01,208 - INFO - <module> : Hello, exists
2022-10-14 11:44:01,208 - INFO - <module> : Hello, exists
2022-10-14 11:44:01,208 - INFO - <module> : Hello, exists
2022-10-14 11:44:01,208 - INFO - <module> : Hello, exists
2022-10-14 11:44:01,227 - INFO - <module> : Hello, exists
2022-10-14 11:44:01,227 - INFO - <module> : Hello, exists
2022-10-14 11:44:01,227 - INFO - <module> : Hello, exists
2022-10-14 11:44:01,227 - INFO - <module> : Hello, exists
2022-10-14 11:44:03,983 - INFO - <module> : Go to Outages & Incidents > View/Report Outages
2022-10-14 11:44:03,983 - INFO - <module> : Go to Outages & Incidents > View/Report Outages
2022-10-14 11:44:03,983 - INFO - <module> : Go to Outages & Incidents > View/Report Outages
2022-10-14 11:44:03,983 - INFO - <module> : Go to Outages & Incidents > View/Report Outages
2022-10-14 11:44:04,081 - INFO - <module> : Outages & Incidents clicked
2022-10-14 11:44:04,081 - INFO - <module> : Outages & Incidents clicked
2022-10-14 11:44:04,081 - INFO - <module> : Outages & Incidents clicked
2022-10-14 11:44:04,081 - INFO - <module> : Outages & Incidents clicked
2022-10-14 11:44:04,156 - INFO - <module> :  clicked
2022-10-14 11:44:04,156 - INFO - <module> :  clicked
2022-10-14 11:44:04,156 - INFO - <module> :  clicked
2022-10-14 11:44:04,156 - INFO - <module> :  clicked
2022-10-14 11:44:11,344 - INFO - <module> : Okay clicked
2022-10-14 11:44:11,344 - INFO - <module> : Okay clicked
2022-10-14 11:44:11,344 - INFO - <module> : Okay clicked
2022-10-14 11:44:11,344 - INFO - <module> : Okay clicked
2022-10-14 11:44:14,301 - INFO - <module> : Validate Announcements and News Ticker
2022-10-14 11:44:14,301 - INFO - <module> : Validate Announcements and News Ticker
2022-10-14 11:44:14,301 - INFO - <module> : Validate Announcements and News Ticker
2022-10-14 11:44:14,301 - INFO - <module> : Validate Announcements and News Ticker
2022-10-14 11:44:14,386 - INFO - <module> : hii exists
2022-10-14 11:44:14,386 - INFO - <module> : hii exists
2022-10-14 11:44:14,386 - INFO - <module> : hii exists
2022-10-14 11:44:14,386 - INFO - <module> : hii exists
2022-10-14 11:44:16,751 - INFO - setup : Close Browser
