2023-01-10 11:01:12,366 - INFO - setup : Browser Launched!
2023-01-10 11:01:22,037 - INFO - <module> : Go to Outages & Incidents > Report Streetlight And Safety Concerns
2023-01-10 11:01:22,037 - INFO - <module> : Go to Outages & Incidents > Report Streetlight And Safety Concerns
2023-01-10 11:01:22,037 - INFO - <module> : Go to Outages & Incidents > Report Streetlight And Safety Concerns
2023-01-10 11:01:22,037 - INFO - <module> : Go to Outages & Incidents > Report Streetlight And Safety Concerns
2023-01-10 11:01:22,037 - INFO - <module> : Go to Outages & Incidents > Report Streetlight And Safety Concerns
2023-01-10 11:01:23,236 - INFO - <module> : Opened: https://fuat-meralco.cs73.force.com/customers/s/outagemap
2023-01-10 11:01:23,236 - INFO - <module> : Opened: https://fuat-meralco.cs73.force.com/customers/s/outagemap
2023-01-10 11:01:23,236 - INFO - <module> : Opened: https://fuat-meralco.cs73.force.com/customers/s/outagemap
2023-01-10 11:01:23,236 - INFO - <module> : Opened: https://fuat-meralco.cs73.force.com/customers/s/outagemap
2023-01-10 11:01:23,236 - INFO - <module> : Opened: https://fuat-meralco.cs73.force.com/customers/s/outagemap
2023-01-10 11:01:28,474 - INFO - <module> : Meralco would like to access your location to identify if your area is affected by an outage. exists
2023-01-10 11:01:28,474 - INFO - <module> : Meralco would like to access your location to identify if your area is affected by an outage. exists
2023-01-10 11:01:28,474 - INFO - <module> : Meralco would like to access your location to identify if your area is affected by an outage. exists
2023-01-10 11:01:28,474 - INFO - <module> : Meralco would like to access your location to identify if your area is affected by an outage. exists
2023-01-10 11:01:28,474 - INFO - <module> : Meralco would like to access your location to identify if your area is affected by an outage. exists
2023-01-10 11:01:30,572 - INFO - <module> : Clicked
2023-01-10 11:01:30,572 - INFO - <module> : Clicked
2023-01-10 11:01:30,572 - INFO - <module> : Clicked
2023-01-10 11:01:30,572 - INFO - <module> : Clicked
2023-01-10 11:01:30,572 - INFO - <module> : Clicked
2023-01-10 11:01:34,680 - INFO - <module> : Clicked
2023-01-10 11:01:34,680 - INFO - <module> : Clicked
2023-01-10 11:01:34,680 - INFO - <module> : Clicked
2023-01-10 11:01:34,680 - INFO - <module> : Clicked
2023-01-10 11:01:34,680 - INFO - <module> : Clicked
2023-01-10 11:01:42,764 - INFO - <module> : Report an Outage or Incident exists
2023-01-10 11:01:42,764 - INFO - <module> : Report an Outage or Incident exists
2023-01-10 11:01:42,764 - INFO - <module> : Report an Outage or Incident exists
2023-01-10 11:01:42,764 - INFO - <module> : Report an Outage or Incident exists
2023-01-10 11:01:42,764 - INFO - <module> : Report an Outage or Incident exists
2023-01-10 11:01:45,667 - INFO - <module> : Populate required fields > click Submit
2023-01-10 11:01:45,667 - INFO - <module> : Populate required fields > click Submit
2023-01-10 11:01:45,667 - INFO - <module> : Populate required fields > click Submit
2023-01-10 11:01:45,667 - INFO - <module> : Populate required fields > click Submit
2023-01-10 11:01:45,667 - INFO - <module> : Populate required fields > click Submit
2023-01-10 11:02:16,032 - ERROR - <module> : Cannot Locate: address
2023-01-10 11:02:16,032 - ERROR - <module> : Cannot Locate: address
2023-01-10 11:02:16,032 - ERROR - <module> : Cannot Locate: address
2023-01-10 11:02:16,032 - ERROR - <module> : Cannot Locate: address
2023-01-10 11:02:16,032 - ERROR - <module> : Cannot Locate: address
2023-01-10 11:02:16,058 - INFO - setup : Close Browser
