2022-11-18 16:00:37,024 - INFO - setup : Browser Launched!
2022-11-18 16:00:47,750 - INFO - <module> : Opened: https://outage-api.meralco.com.ph/
2022-11-18 16:00:47,750 - INFO - <module> : Opened: https://outage-api.meralco.com.ph/
2022-11-18 16:00:47,750 - INFO - <module> : Opened: https://outage-api.meralco.com.ph/
2022-11-18 16:00:47,750 - INFO - <module> : Opened: https://outage-api.meralco.com.ph/
2022-11-18 16:00:50,554 - INFO - <module> : input: v-agsealmoy@meralco.com.ph
2022-11-18 16:00:50,554 - INFO - <module> : input: v-agsealmoy@meralco.com.ph
2022-11-18 16:00:50,554 - INFO - <module> : input: v-agsealmoy@meralco.com.ph
2022-11-18 16:00:50,554 - INFO - <module> : input: v-agsealmoy@meralco.com.ph
2022-11-18 16:00:50,637 - INFO - <module> : Clicked
2022-11-18 16:00:50,637 - INFO - <module> : Clicked
2022-11-18 16:00:50,637 - INFO - <module> : Clicked
2022-11-18 16:00:50,637 - INFO - <module> : Clicked
2022-11-18 16:00:52,271 - INFO - <module> : input: Meco@@##00018
2022-11-18 16:00:52,271 - INFO - <module> : input: Meco@@##00018
2022-11-18 16:00:52,271 - INFO - <module> : input: Meco@@##00018
2022-11-18 16:00:52,271 - INFO - <module> : input: Meco@@##00018
2022-11-18 16:00:52,711 - INFO - <module> : Clicked
2022-11-18 16:00:52,711 - INFO - <module> : Clicked
2022-11-18 16:00:52,711 - INFO - <module> : Clicked
2022-11-18 16:00:52,711 - INFO - <module> : Clicked
2022-11-18 16:00:53,348 - INFO - <module> : Clicked
2022-11-18 16:00:53,348 - INFO - <module> : Clicked
2022-11-18 16:00:53,348 - INFO - <module> : Clicked
2022-11-18 16:00:53,348 - INFO - <module> : Clicked
2022-11-18 16:01:26,858 - INFO - <module> : Clicked
2022-11-18 16:01:26,858 - INFO - <module> : Clicked
2022-11-18 16:01:26,858 - INFO - <module> : Clicked
2022-11-18 16:01:26,858 - INFO - <module> : Clicked
2022-11-18 16:01:45,416 - INFO - <module> : Zoom in using scroll wheel
2022-11-18 16:01:45,416 - INFO - <module> : Zoom in using scroll wheel
2022-11-18 16:01:45,416 - INFO - <module> : Zoom in using scroll wheel
2022-11-18 16:01:45,416 - INFO - <module> : Zoom in using scroll wheel
2022-11-18 16:01:45,688 - INFO - setup : Close Browser
