2022-11-18 14:17:47,896 - INFO - setup : Browser Launched!
2022-11-18 14:17:55,109 - INFO - <module> : Go to lower right of Internal Map
2022-11-18 14:17:55,109 - INFO - <module> : Go to lower right of Internal Map
2022-11-18 14:17:55,109 - INFO - <module> : Go to lower right of Internal Map
2022-11-18 14:17:55,109 - INFO - <module> : Go to lower right of Internal Map
2022-11-18 14:17:56,420 - INFO - <module> : Opened: https://outage-api.meralco.com.ph/
2022-11-18 14:17:56,420 - INFO - <module> : Opened: https://outage-api.meralco.com.ph/
2022-11-18 14:17:56,420 - INFO - <module> : Opened: https://outage-api.meralco.com.ph/
2022-11-18 14:17:56,420 - INFO - <module> : Opened: https://outage-api.meralco.com.ph/
2022-11-18 14:17:58,175 - INFO - <module> : input: v-agsealmoy@meralco.com.ph
2022-11-18 14:17:58,175 - INFO - <module> : input: v-agsealmoy@meralco.com.ph
2022-11-18 14:17:58,175 - INFO - <module> : input: v-agsealmoy@meralco.com.ph
2022-11-18 14:17:58,175 - INFO - <module> : input: v-agsealmoy@meralco.com.ph
2022-11-18 14:17:58,227 - INFO - <module> : Clicked
2022-11-18 14:17:58,227 - INFO - <module> : Clicked
2022-11-18 14:17:58,227 - INFO - <module> : Clicked
2022-11-18 14:17:58,227 - INFO - <module> : Clicked
2022-11-18 14:17:59,883 - INFO - <module> : input: Meco@@##00018
2022-11-18 14:17:59,883 - INFO - <module> : input: Meco@@##00018
2022-11-18 14:17:59,883 - INFO - <module> : input: Meco@@##00018
2022-11-18 14:17:59,883 - INFO - <module> : input: Meco@@##00018
2022-11-18 14:18:00,242 - INFO - <module> : Clicked
2022-11-18 14:18:00,242 - INFO - <module> : Clicked
2022-11-18 14:18:00,242 - INFO - <module> : Clicked
2022-11-18 14:18:00,242 - INFO - <module> : Clicked
2022-11-18 14:18:00,827 - INFO - <module> : Clicked
2022-11-18 14:18:00,827 - INFO - <module> : Clicked
2022-11-18 14:18:00,827 - INFO - <module> : Clicked
2022-11-18 14:18:00,827 - INFO - <module> : Clicked
2022-11-18 14:18:28,834 - INFO - <module> : Clicked
2022-11-18 14:18:28,834 - INFO - <module> : Clicked
2022-11-18 14:18:28,834 - INFO - <module> : Clicked
2022-11-18 14:18:28,834 - INFO - <module> : Clicked
2022-11-18 14:19:01,632 - INFO - <module> : Go to lower right of Internal Map
2022-11-18 14:19:01,632 - INFO - <module> : Go to lower right of Internal Map
2022-11-18 14:19:01,632 - INFO - <module> : Go to lower right of Internal Map
2022-11-18 14:19:01,632 - INFO - <module> : Go to lower right of Internal Map
2022-11-18 14:19:04,464 - INFO - <module> : Click Street View icon
2022-11-18 14:19:04,464 - INFO - <module> : Click Street View icon
2022-11-18 14:19:04,464 - INFO - <module> : Click Street View icon
2022-11-18 14:19:04,464 - INFO - <module> : Click Street View icon
2022-11-18 14:19:13,472 - INFO - setup : Close Browser
