2023-01-12 15:21:27,151 - INFO - setup : Browser Launched!
2023-01-12 15:21:55,434 - INFO - <module> : Clicked
2023-01-12 15:21:55,434 - INFO - <module> : Clicked
2023-01-12 15:21:55,434 - INFO - <module> : Clicked
2023-01-12 15:21:55,434 - INFO - <module> : Clicked
2023-01-12 15:22:09,939 - INFO - <module> : input: arcebido.earljohn@gmail.com
2023-01-12 15:22:09,939 - INFO - <module> : input: arcebido.earljohn@gmail.com
2023-01-12 15:22:09,939 - INFO - <module> : input: arcebido.earljohn@gmail.com
2023-01-12 15:22:09,939 - INFO - <module> : input: arcebido.earljohn@gmail.com
2023-01-12 15:22:11,232 - INFO - <module> : Clicked
2023-01-12 15:22:11,232 - INFO - <module> : Clicked
2023-01-12 15:22:11,232 - INFO - <module> : Clicked
2023-01-12 15:22:11,232 - INFO - <module> : Clicked
2023-01-12 15:22:12,844 - INFO - <module> : input: Eja09202903164!
2023-01-12 15:22:12,844 - INFO - <module> : input: Eja09202903164!
2023-01-12 15:22:12,844 - INFO - <module> : input: Eja09202903164!
2023-01-12 15:22:12,844 - INFO - <module> : input: Eja09202903164!
2023-01-12 15:22:15,264 - INFO - <module> : Clicked
2023-01-12 15:22:15,264 - INFO - <module> : Clicked
2023-01-12 15:22:15,264 - INFO - <module> : Clicked
2023-01-12 15:22:15,264 - INFO - <module> : Clicked
2023-01-12 15:22:45,452 - INFO - setup : Close Browser
