2023-01-10 14:05:44,437 - INFO - setup : Browser Launched!
2023-01-10 14:06:05,078 - INFO - <module> : Go to Outages & Incidents > Report Streetlight And Safety Concerns
2023-01-10 14:06:05,078 - INFO - <module> : Go to Outages & Incidents > Report Streetlight And Safety Concerns
2023-01-10 14:06:05,078 - INFO - <module> : Go to Outages & Incidents > Report Streetlight And Safety Concerns
2023-01-10 14:06:05,078 - INFO - <module> : Go to Outages & Incidents > Report Streetlight And Safety Concerns
2023-01-10 14:06:05,078 - INFO - <module> : Go to Outages & Incidents > Report Streetlight And Safety Concerns
2023-01-10 14:06:22,385 - INFO - <module> : Opened: https://fuat-meralco.cs73.force.com/customers/s/outagemap
2023-01-10 14:06:22,385 - INFO - <module> : Opened: https://fuat-meralco.cs73.force.com/customers/s/outagemap
2023-01-10 14:06:22,385 - INFO - <module> : Opened: https://fuat-meralco.cs73.force.com/customers/s/outagemap
2023-01-10 14:06:22,385 - INFO - <module> : Opened: https://fuat-meralco.cs73.force.com/customers/s/outagemap
2023-01-10 14:06:22,385 - INFO - <module> : Opened: https://fuat-meralco.cs73.force.com/customers/s/outagemap
2023-01-10 14:06:25,370 - INFO - <module> : Meralco would like to access your location to identify if your area is affected by an outage. exists
2023-01-10 14:06:25,370 - INFO - <module> : Meralco would like to access your location to identify if your area is affected by an outage. exists
2023-01-10 14:06:25,370 - INFO - <module> : Meralco would like to access your location to identify if your area is affected by an outage. exists
2023-01-10 14:06:25,370 - INFO - <module> : Meralco would like to access your location to identify if your area is affected by an outage. exists
2023-01-10 14:06:25,370 - INFO - <module> : Meralco would like to access your location to identify if your area is affected by an outage. exists
2023-01-10 14:06:27,465 - INFO - <module> : Clicked
2023-01-10 14:06:27,465 - INFO - <module> : Clicked
2023-01-10 14:06:27,465 - INFO - <module> : Clicked
2023-01-10 14:06:27,465 - INFO - <module> : Clicked
2023-01-10 14:06:27,465 - INFO - <module> : Clicked
2023-01-10 14:06:31,571 - INFO - <module> : Clicked
2023-01-10 14:06:31,571 - INFO - <module> : Clicked
2023-01-10 14:06:31,571 - INFO - <module> : Clicked
2023-01-10 14:06:31,571 - INFO - <module> : Clicked
2023-01-10 14:06:31,571 - INFO - <module> : Clicked
2023-01-10 14:06:57,896 - INFO - <module> : Report an Outage or Incident exists
2023-01-10 14:06:57,896 - INFO - <module> : Report an Outage or Incident exists
2023-01-10 14:06:57,896 - INFO - <module> : Report an Outage or Incident exists
2023-01-10 14:06:57,896 - INFO - <module> : Report an Outage or Incident exists
2023-01-10 14:06:57,896 - INFO - <module> : Report an Outage or Incident exists
2023-01-10 14:06:57,960 - INFO - <module> : Clicked
2023-01-10 14:06:57,960 - INFO - <module> : Clicked
2023-01-10 14:06:57,960 - INFO - <module> : Clicked
2023-01-10 14:06:57,960 - INFO - <module> : Clicked
2023-01-10 14:06:57,960 - INFO - <module> : Clicked
2023-01-10 14:07:01,244 - INFO - <module> : Populate required fields > click Submit
2023-01-10 14:07:01,244 - INFO - <module> : Populate required fields > click Submit
2023-01-10 14:07:01,244 - INFO - <module> : Populate required fields > click Submit
2023-01-10 14:07:01,244 - INFO - <module> : Populate required fields > click Submit
2023-01-10 14:07:01,244 - INFO - <module> : Populate required fields > click Submit
2023-01-10 14:07:01,329 - INFO - <module> : Clicked
2023-01-10 14:07:01,329 - INFO - <module> : Clicked
2023-01-10 14:07:01,329 - INFO - <module> : Clicked
2023-01-10 14:07:01,329 - INFO - <module> : Clicked
2023-01-10 14:07:01,329 - INFO - <module> : Clicked
2023-01-10 14:07:01,391 - INFO - <module> : Clicked
2023-01-10 14:07:01,391 - INFO - <module> : Clicked
2023-01-10 14:07:01,391 - INFO - <module> : Clicked
2023-01-10 14:07:01,391 - INFO - <module> : Clicked
2023-01-10 14:07:01,391 - INFO - <module> : Clicked
2023-01-10 14:07:03,015 - INFO - <module> : Clicked
2023-01-10 14:07:03,015 - INFO - <module> : Clicked
2023-01-10 14:07:03,015 - INFO - <module> : Clicked
2023-01-10 14:07:03,015 - INFO - <module> : Clicked
2023-01-10 14:07:03,015 - INFO - <module> : Clicked
2023-01-10 14:07:03,595 - INFO - <module> : Clicked
2023-01-10 14:07:03,595 - INFO - <module> : Clicked
2023-01-10 14:07:03,595 - INFO - <module> : Clicked
2023-01-10 14:07:03,595 - INFO - <module> : Clicked
2023-01-10 14:07:03,595 - INFO - <module> : Clicked
2023-01-10 14:07:05,221 - INFO - <module> : Clicked
2023-01-10 14:07:05,221 - INFO - <module> : Clicked
2023-01-10 14:07:05,221 - INFO - <module> : Clicked
2023-01-10 14:07:05,221 - INFO - <module> : Clicked
2023-01-10 14:07:05,221 - INFO - <module> : Clicked
2023-01-10 14:07:07,348 - INFO - <module> : Clicked
2023-01-10 14:07:07,348 - INFO - <module> : Clicked
2023-01-10 14:07:07,348 - INFO - <module> : Clicked
2023-01-10 14:07:07,348 - INFO - <module> : Clicked
2023-01-10 14:07:07,348 - INFO - <module> : Clicked
2023-01-10 14:07:07,424 - INFO - <module> : input: 123
2023-01-10 14:07:07,424 - INFO - <module> : input: 123
2023-01-10 14:07:07,424 - INFO - <module> : input: 123
2023-01-10 14:07:07,424 - INFO - <module> : input: 123
2023-01-10 14:07:07,424 - INFO - <module> : input: 123
2023-01-10 14:07:07,495 - INFO - <module> : Clicked
2023-01-10 14:07:07,495 - INFO - <module> : Clicked
2023-01-10 14:07:07,495 - INFO - <module> : Clicked
2023-01-10 14:07:07,495 - INFO - <module> : Clicked
2023-01-10 14:07:07,495 - INFO - <module> : Clicked
2023-01-10 14:07:07,542 - INFO - <module> : Clicked
2023-01-10 14:07:07,542 - INFO - <module> : Clicked
2023-01-10 14:07:07,542 - INFO - <module> : Clicked
2023-01-10 14:07:07,542 - INFO - <module> : Clicked
2023-01-10 14:07:07,542 - INFO - <module> : Clicked
2023-01-10 14:07:07,639 - INFO - <module> : input: Sample Text
2023-01-10 14:07:07,639 - INFO - <module> : input: Sample Text
2023-01-10 14:07:07,639 - INFO - <module> : input: Sample Text
2023-01-10 14:07:07,639 - INFO - <module> : input: Sample Text
2023-01-10 14:07:07,639 - INFO - <module> : input: Sample Text
2023-01-10 14:07:07,715 - INFO - <module> : input: sample
2023-01-10 14:07:07,715 - INFO - <module> : input: sample
2023-01-10 14:07:07,715 - INFO - <module> : input: sample
2023-01-10 14:07:07,715 - INFO - <module> : input: sample
2023-01-10 14:07:07,715 - INFO - <module> : input: sample
2023-01-10 14:07:07,786 - INFO - <module> : input: middle
2023-01-10 14:07:07,786 - INFO - <module> : input: middle
2023-01-10 14:07:07,786 - INFO - <module> : input: middle
2023-01-10 14:07:07,786 - INFO - <module> : input: middle
2023-01-10 14:07:07,786 - INFO - <module> : input: middle
2023-01-10 14:07:07,854 - INFO - <module> : input: report
2023-01-10 14:07:07,854 - INFO - <module> : input: report
2023-01-10 14:07:07,854 - INFO - <module> : input: report
2023-01-10 14:07:07,854 - INFO - <module> : input: report
2023-01-10 14:07:07,854 - INFO - <module> : input: report
2023-01-10 14:07:07,948 - INFO - <module> : input: +639276597262
2023-01-10 14:07:07,948 - INFO - <module> : input: +639276597262
2023-01-10 14:07:07,948 - INFO - <module> : input: +639276597262
2023-01-10 14:07:07,948 - INFO - <module> : input: +639276597262
2023-01-10 14:07:07,948 - INFO - <module> : input: +639276597262
2023-01-10 14:07:08,013 - INFO - <module> : input: 
2023-01-10 14:07:08,013 - INFO - <module> : input: 
2023-01-10 14:07:08,013 - INFO - <module> : input: 
2023-01-10 14:07:08,013 - INFO - <module> : input: 
2023-01-10 14:07:08,013 - INFO - <module> : input: 
2023-01-10 14:07:08,105 - INFO - <module> : input: testautomationoutage@yopmail.com
2023-01-10 14:07:08,105 - INFO - <module> : input: testautomationoutage@yopmail.com
2023-01-10 14:07:08,105 - INFO - <module> : input: testautomationoutage@yopmail.com
2023-01-10 14:07:08,105 - INFO - <module> : input: testautomationoutage@yopmail.com
2023-01-10 14:07:08,105 - INFO - <module> : input: testautomationoutage@yopmail.com
2023-01-10 14:07:08,157 - INFO - <module> : Clicked
2023-01-10 14:07:08,157 - INFO - <module> : Clicked
2023-01-10 14:07:08,157 - INFO - <module> : Clicked
2023-01-10 14:07:08,157 - INFO - <module> : Clicked
2023-01-10 14:07:08,157 - INFO - <module> : Clicked
2023-01-10 14:07:08,217 - INFO - <module> : Clicked
2023-01-10 14:07:08,217 - INFO - <module> : Clicked
2023-01-10 14:07:08,217 - INFO - <module> : Clicked
2023-01-10 14:07:08,217 - INFO - <module> : Clicked
2023-01-10 14:07:08,217 - INFO - <module> : Clicked
2023-01-10 14:07:08,271 - INFO - <module> : Clicked
2023-01-10 14:07:08,271 - INFO - <module> : Clicked
2023-01-10 14:07:08,271 - INFO - <module> : Clicked
2023-01-10 14:07:08,271 - INFO - <module> : Clicked
2023-01-10 14:07:08,271 - INFO - <module> : Clicked
2023-01-10 14:07:10,508 - INFO - <module> : Clicked
2023-01-10 14:07:10,508 - INFO - <module> : Clicked
2023-01-10 14:07:10,508 - INFO - <module> : Clicked
2023-01-10 14:07:10,508 - INFO - <module> : Clicked
2023-01-10 14:07:10,508 - INFO - <module> : Clicked
2023-01-10 14:07:18,797 - INFO - setup : Close Browser
