2022-10-17 08:48:38,014 - INFO - setup : Browser Launched!
2022-10-17 08:48:53,540 - INFO - <module> : Go to https://fuat-meralco.cs73.force.com/customers/s/outagemap
2022-10-17 08:48:53,540 - INFO - <module> : Go to https://fuat-meralco.cs73.force.com/customers/s/outagemap
2022-10-17 08:48:53,540 - INFO - <module> : Go to https://fuat-meralco.cs73.force.com/customers/s/outagemap
2022-10-17 08:48:53,540 - INFO - <module> : Go to https://fuat-meralco.cs73.force.com/customers/s/outagemap
2022-10-17 08:48:58,411 - INFO - <module> : Opened: https://fuat-meralco.cs73.force.com/customers/s/outagemap
2022-10-17 08:48:58,411 - INFO - <module> : Opened: https://fuat-meralco.cs73.force.com/customers/s/outagemap
2022-10-17 08:48:58,411 - INFO - <module> : Opened: https://fuat-meralco.cs73.force.com/customers/s/outagemap
2022-10-17 08:48:58,411 - INFO - <module> : Opened: https://fuat-meralco.cs73.force.com/customers/s/outagemap
2022-10-17 08:49:02,522 - INFO - <module> : Disagree clicked
2022-10-17 08:49:02,522 - INFO - <module> : Disagree clicked
2022-10-17 08:49:02,522 - INFO - <module> : Disagree clicked
2022-10-17 08:49:02,522 - INFO - <module> : Disagree clicked
2022-10-17 08:49:09,825 - INFO - <module> : Click down button beside Legends
2022-10-17 08:49:09,825 - INFO - <module> : Click down button beside Legends
2022-10-17 08:49:09,825 - INFO - <module> : Click down button beside Legends
2022-10-17 08:49:09,825 - INFO - <module> : Click down button beside Legends
2022-10-17 08:49:09,947 - INFO - <module> : expand_less clicked
2022-10-17 08:49:09,947 - INFO - <module> : expand_less clicked
2022-10-17 08:49:09,947 - INFO - <module> : expand_less clicked
2022-10-17 08:49:09,947 - INFO - <module> : expand_less clicked
2022-10-17 08:49:10,510 - INFO - <module> : Unplanned Outage exists
2022-10-17 08:49:10,510 - INFO - <module> : Unplanned Outage exists
2022-10-17 08:49:10,510 - INFO - <module> : Unplanned Outage exists
2022-10-17 08:49:10,510 - INFO - <module> : Unplanned Outage exists
2022-10-17 08:49:10,544 - INFO - <module> : Planned Outage exists
2022-10-17 08:49:10,544 - INFO - <module> : Planned Outage exists
2022-10-17 08:49:10,544 - INFO - <module> : Planned Outage exists
2022-10-17 08:49:10,544 - INFO - <module> : Planned Outage exists
2022-10-17 08:49:12,959 - INFO - setup : Close Browser
