2022-12-27 12:11:09,275 - INFO - setup : Browser Launched!
2022-12-27 12:11:15,686 - INFO - <module> : Go to Meralco Mobile App > Login using account with expired password
2022-12-27 12:11:15,686 - INFO - <module> : Go to Meralco Mobile App > Login using account with expired password
2022-12-27 12:11:15,686 - INFO - <module> : Go to Meralco Mobile App > Login using account with expired password
2022-12-27 12:11:15,686 - INFO - <module> : Go to Meralco Mobile App > Login using account with expired password
2022-12-27 12:11:16,897 - INFO - <module> : Opened: https://fuat-meralco.cs73.force.com/customers/s/cxe-apply
2022-12-27 12:11:16,897 - INFO - <module> : Opened: https://fuat-meralco.cs73.force.com/customers/s/cxe-apply
2022-12-27 12:11:16,897 - INFO - <module> : Opened: https://fuat-meralco.cs73.force.com/customers/s/cxe-apply
2022-12-27 12:11:16,897 - INFO - <module> : Opened: https://fuat-meralco.cs73.force.com/customers/s/cxe-apply
2022-12-27 12:11:17,108 - INFO - <module> : Service Application exists
2022-12-27 12:11:17,108 - INFO - <module> : Service Application exists
2022-12-27 12:11:17,108 - INFO - <module> : Service Application exists
2022-12-27 12:11:17,108 - INFO - <module> : Service Application exists
2022-12-27 12:11:20,210 - INFO - <module> : Update Password
2022-12-27 12:11:20,210 - INFO - <module> : Update Password
2022-12-27 12:11:20,210 - INFO - <module> : Update Password
2022-12-27 12:11:20,210 - INFO - <module> : Update Password
2022-12-27 12:11:20,312 - INFO - <module> : Clicked
2022-12-27 12:11:20,312 - INFO - <module> : Clicked
2022-12-27 12:11:20,312 - INFO - <module> : Clicked
2022-12-27 12:11:20,312 - INFO - <module> : Clicked
2022-12-27 12:11:23,391 - INFO - <module> : Login using new password
2022-12-27 12:11:23,391 - INFO - <module> : Login using new password
2022-12-27 12:11:23,391 - INFO - <module> : Login using new password
2022-12-27 12:11:23,391 - INFO - <module> : Login using new password
2022-12-27 12:11:23,635 - INFO - <module> : Clicked
2022-12-27 12:11:23,635 - INFO - <module> : Clicked
2022-12-27 12:11:23,635 - INFO - <module> : Clicked
2022-12-27 12:11:23,635 - INFO - <module> : Clicked
2022-12-27 12:11:23,807 - INFO - <module> : Requests exists
2022-12-27 12:11:23,807 - INFO - <module> : Requests exists
2022-12-27 12:11:23,807 - INFO - <module> : Requests exists
2022-12-27 12:11:23,807 - INFO - <module> : Requests exists
2022-12-27 12:11:26,846 - INFO - <module> :  exists
2022-12-27 12:11:26,846 - INFO - <module> :  exists
2022-12-27 12:11:26,846 - INFO - <module> :  exists
2022-12-27 12:11:26,846 - INFO - <module> :  exists
2022-12-27 12:11:30,070 - INFO - <module> : input: 3535069832
2022-12-27 12:11:30,070 - INFO - <module> : input: 3535069832
2022-12-27 12:11:30,070 - INFO - <module> : input: 3535069832
2022-12-27 12:11:30,070 - INFO - <module> : input: 3535069832
2022-12-27 12:11:33,427 - INFO - <module> : input: 502860340101
2022-12-27 12:11:33,427 - INFO - <module> : input: 502860340101
2022-12-27 12:11:33,427 - INFO - <module> : input: 502860340101
2022-12-27 12:11:33,427 - INFO - <module> : input: 502860340101
2022-12-27 12:11:36,600 - INFO - <module> : Clicked
2022-12-27 12:11:36,600 - INFO - <module> : Clicked
2022-12-27 12:11:36,600 - INFO - <module> : Clicked
2022-12-27 12:11:36,600 - INFO - <module> : Clicked
2022-12-27 12:11:36,680 - INFO - <module> : Clicked
2022-12-27 12:11:36,680 - INFO - <module> : Clicked
2022-12-27 12:11:36,680 - INFO - <module> : Clicked
2022-12-27 12:11:36,680 - INFO - <module> : Clicked
2022-12-27 12:11:39,849 - INFO - <module> : input: atfirst1
2022-12-27 12:11:39,849 - INFO - <module> : input: atfirst1
2022-12-27 12:11:39,849 - INFO - <module> : input: atfirst1
2022-12-27 12:11:39,849 - INFO - <module> : input: atfirst1
2022-12-27 12:11:39,925 - INFO - <module> : input: atlast1
2022-12-27 12:11:39,925 - INFO - <module> : input: atlast1
2022-12-27 12:11:39,925 - INFO - <module> : input: atlast1
2022-12-27 12:11:39,925 - INFO - <module> : input: atlast1
2022-12-27 12:11:40,007 - INFO - <module> : input: aaaaa@yopmail.com
2022-12-27 12:11:40,007 - INFO - <module> : input: aaaaa@yopmail.com
2022-12-27 12:11:40,007 - INFO - <module> : input: aaaaa@yopmail.com
2022-12-27 12:11:40,007 - INFO - <module> : input: aaaaa@yopmail.com
2022-12-27 12:11:40,085 - INFO - <module> : input: +639234567891
2022-12-27 12:11:40,085 - INFO - <module> : input: +639234567891
2022-12-27 12:11:40,085 - INFO - <module> : input: +639234567891
2022-12-27 12:11:40,085 - INFO - <module> : input: +639234567891
2022-12-27 12:11:42,352 - INFO - <module> : Clicked
2022-12-27 12:11:42,352 - INFO - <module> : Clicked
2022-12-27 12:11:42,352 - INFO - <module> : Clicked
2022-12-27 12:11:42,352 - INFO - <module> : Clicked
2022-12-27 12:11:42,411 - INFO - <module> : 2CONTACT INFORMATION exists
2022-12-27 12:11:42,411 - INFO - <module> : 2CONTACT INFORMATION exists
2022-12-27 12:11:42,411 - INFO - <module> : 2CONTACT INFORMATION exists
2022-12-27 12:11:42,411 - INFO - <module> : 2CONTACT INFORMATION exists
2022-12-27 12:11:45,612 - INFO - setup : Close Browser
