2022-11-23 12:27:57,911 - INFO - setup : Browser Launched!
2022-11-23 12:28:05,403 - INFO - <module> : input: atconcernmultiple@yopmail.com
2022-11-23 12:28:05,403 - INFO - <module> : input: atconcernmultiple@yopmail.com
2022-11-23 12:28:05,403 - INFO - <module> : input: atconcernmultiple@yopmail.com
2022-11-23 12:28:05,403 - INFO - <module> : input: atconcernmultiple@yopmail.com
2022-11-23 12:28:05,475 - INFO - <module> : input: Meralco01
2022-11-23 12:28:05,475 - INFO - <module> : input: Meralco01
2022-11-23 12:28:05,475 - INFO - <module> : input: Meralco01
2022-11-23 12:28:05,475 - INFO - <module> : input: Meralco01
2022-11-23 12:28:05,526 - INFO - <module> : Clicked
2022-11-23 12:28:05,526 - INFO - <module> : Clicked
2022-11-23 12:28:05,526 - INFO - <module> : Clicked
2022-11-23 12:28:05,526 - INFO - <module> : Clicked
2022-11-23 12:28:07,595 - INFO - <module> : Hello, exists
2022-11-23 12:28:07,595 - INFO - <module> : Hello, exists
2022-11-23 12:28:07,595 - INFO - <module> : Hello, exists
2022-11-23 12:28:07,595 - INFO - <module> : Hello, exists
2022-11-23 12:28:10,826 - INFO - <module> : Clicked
2022-11-23 12:28:10,826 - INFO - <module> : Clicked
2022-11-23 12:28:10,826 - INFO - <module> : Clicked
2022-11-23 12:28:10,826 - INFO - <module> : Clicked
2022-11-23 12:28:13,938 - INFO - <module> : Clicked
2022-11-23 12:28:13,938 - INFO - <module> : Clicked
2022-11-23 12:28:13,938 - INFO - <module> : Clicked
2022-11-23 12:28:13,938 - INFO - <module> : Clicked
2022-11-23 12:28:16,309 - INFO - setup : Close Browser
