2022-10-13 15:52:42,906 - INFO - setup : Browser Launched!
2022-10-13 15:52:49,896 - INFO - <module> : Login to Meralco Online
2022-10-13 15:52:49,896 - INFO - <module> : Login to Meralco Online
2022-10-13 15:52:49,896 - INFO - <module> : Login to Meralco Online
2022-10-13 15:52:49,896 - INFO - <module> : Login to Meralco Online
2022-10-13 15:52:50,066 - INFO - <module> : input: atmooutageaccount@yopmail.com
2022-10-13 15:52:50,066 - INFO - <module> : input: atmooutageaccount@yopmail.com
2022-10-13 15:52:50,066 - INFO - <module> : input: atmooutageaccount@yopmail.com
2022-10-13 15:52:50,066 - INFO - <module> : input: atmooutageaccount@yopmail.com
2022-10-13 15:52:50,191 - INFO - <module> : input: Meralco01
2022-10-13 15:52:50,191 - INFO - <module> : input: Meralco01
2022-10-13 15:52:50,191 - INFO - <module> : input: Meralco01
2022-10-13 15:52:50,191 - INFO - <module> : input: Meralco01
2022-10-13 15:52:50,248 - INFO - <module> : Log in clicked
2022-10-13 15:52:50,248 - INFO - <module> : Log in clicked
2022-10-13 15:52:50,248 - INFO - <module> : Log in clicked
2022-10-13 15:52:50,248 - INFO - <module> : Log in clicked
2022-10-13 15:52:54,873 - INFO - <module> : Hello, exists
2022-10-13 15:52:54,873 - INFO - <module> : Hello, exists
2022-10-13 15:52:54,873 - INFO - <module> : Hello, exists
2022-10-13 15:52:54,873 - INFO - <module> : Hello, exists
2022-10-13 15:52:54,891 - INFO - <module> : Hello, exists
2022-10-13 15:52:54,891 - INFO - <module> : Hello, exists
2022-10-13 15:52:54,891 - INFO - <module> : Hello, exists
2022-10-13 15:52:54,891 - INFO - <module> : Hello, exists
2022-10-13 15:52:57,616 - INFO - <module> : Go to Outages & Incidents > View/Report Outages > Tick Address on View Outages by > tick Current Address
2022-10-13 15:52:57,616 - INFO - <module> : Go to Outages & Incidents > View/Report Outages > Tick Address on View Outages by > tick Current Address
2022-10-13 15:52:57,616 - INFO - <module> : Go to Outages & Incidents > View/Report Outages > Tick Address on View Outages by > tick Current Address
2022-10-13 15:52:57,616 - INFO - <module> : Go to Outages & Incidents > View/Report Outages > Tick Address on View Outages by > tick Current Address
2022-10-13 15:52:57,688 - INFO - <module> : Outages & Incidents clicked
2022-10-13 15:52:57,688 - INFO - <module> : Outages & Incidents clicked
2022-10-13 15:52:57,688 - INFO - <module> : Outages & Incidents clicked
2022-10-13 15:52:57,688 - INFO - <module> : Outages & Incidents clicked
2022-10-13 15:52:57,738 - INFO - <module> :  clicked
2022-10-13 15:52:57,738 - INFO - <module> :  clicked
2022-10-13 15:52:57,738 - INFO - <module> :  clicked
2022-10-13 15:52:57,738 - INFO - <module> :  clicked
2022-10-13 15:53:08,555 - INFO - <module> : Okay clicked
2022-10-13 15:53:08,555 - INFO - <module> : Okay clicked
2022-10-13 15:53:08,555 - INFO - <module> : Okay clicked
2022-10-13 15:53:08,555 - INFO - <module> : Okay clicked
2022-10-13 15:53:10,893 - INFO - <module> :  clicked
2022-10-13 15:53:10,893 - INFO - <module> :  clicked
2022-10-13 15:53:10,893 - INFO - <module> :  clicked
2022-10-13 15:53:10,893 - INFO - <module> :  clicked
2022-10-13 15:53:10,967 - INFO - <module> :  clicked
2022-10-13 15:53:10,967 - INFO - <module> :  clicked
2022-10-13 15:53:10,967 - INFO - <module> :  clicked
2022-10-13 15:53:10,967 - INFO - <module> :  clicked
2022-10-13 15:53:13,714 - INFO - <module> : Click Agree
2022-10-13 15:53:13,714 - INFO - <module> : Click Agree
2022-10-13 15:53:13,714 - INFO - <module> : Click Agree
2022-10-13 15:53:13,714 - INFO - <module> : Click Agree
2022-10-13 15:53:13,773 - INFO - <module> : Meralco would like to access your location to identify if your area is affected by an outage. exists
2022-10-13 15:53:13,773 - INFO - <module> : Meralco would like to access your location to identify if your area is affected by an outage. exists
2022-10-13 15:53:13,773 - INFO - <module> : Meralco would like to access your location to identify if your area is affected by an outage. exists
2022-10-13 15:53:13,773 - INFO - <module> : Meralco would like to access your location to identify if your area is affected by an outage. exists
2022-10-13 15:53:16,085 - INFO - <module> : Agree clicked
2022-10-13 15:53:16,085 - INFO - <module> : Agree clicked
2022-10-13 15:53:16,085 - INFO - <module> : Agree clicked
2022-10-13 15:53:16,085 - INFO - <module> : Agree clicked
2022-10-13 15:53:23,298 - INFO - <module> : Login to Meralco Online
2022-10-13 15:53:23,298 - INFO - <module> : Login to Meralco Online
2022-10-13 15:53:23,298 - INFO - <module> : Login to Meralco Online
2022-10-13 15:53:23,298 - INFO - <module> : Login to Meralco Online
2022-10-13 15:53:53,858 - ERROR - <module> : Cannot Locate: email
2022-10-13 15:53:53,858 - ERROR - <module> : Cannot Locate: email
2022-10-13 15:53:53,858 - ERROR - <module> : Cannot Locate: email
2022-10-13 15:53:53,858 - ERROR - <module> : Cannot Locate: email
2022-10-13 15:53:53,899 - INFO - setup : Close Browser
