2023-01-10 15:14:57,876 - INFO - setup : Browser Launched!
2023-01-10 15:15:07,378 - INFO - <module> : Go to Outages & Incidents > Report Streetlight And Safety Concerns
2023-01-10 15:15:07,378 - INFO - <module> : Go to Outages & Incidents > Report Streetlight And Safety Concerns
2023-01-10 15:15:07,378 - INFO - <module> : Go to Outages & Incidents > Report Streetlight And Safety Concerns
2023-01-10 15:15:07,378 - INFO - <module> : Go to Outages & Incidents > Report Streetlight And Safety Concerns
2023-01-10 15:15:07,378 - INFO - <module> : Go to Outages & Incidents > Report Streetlight And Safety Concerns
2023-01-10 15:15:10,122 - INFO - <module> : Opened: https://fuat-meralco.cs73.force.com/customers/s/outagemap
2023-01-10 15:15:10,122 - INFO - <module> : Opened: https://fuat-meralco.cs73.force.com/customers/s/outagemap
2023-01-10 15:15:10,122 - INFO - <module> : Opened: https://fuat-meralco.cs73.force.com/customers/s/outagemap
2023-01-10 15:15:10,122 - INFO - <module> : Opened: https://fuat-meralco.cs73.force.com/customers/s/outagemap
2023-01-10 15:15:10,122 - INFO - <module> : Opened: https://fuat-meralco.cs73.force.com/customers/s/outagemap
2023-01-10 15:15:17,350 - INFO - <module> : Meralco would like to access your location to identify if your area is affected by an outage. exists
2023-01-10 15:15:17,350 - INFO - <module> : Meralco would like to access your location to identify if your area is affected by an outage. exists
2023-01-10 15:15:17,350 - INFO - <module> : Meralco would like to access your location to identify if your area is affected by an outage. exists
2023-01-10 15:15:17,350 - INFO - <module> : Meralco would like to access your location to identify if your area is affected by an outage. exists
2023-01-10 15:15:17,350 - INFO - <module> : Meralco would like to access your location to identify if your area is affected by an outage. exists
2023-01-10 15:15:19,457 - INFO - <module> : Clicked
2023-01-10 15:15:19,457 - INFO - <module> : Clicked
2023-01-10 15:15:19,457 - INFO - <module> : Clicked
2023-01-10 15:15:19,457 - INFO - <module> : Clicked
2023-01-10 15:15:19,457 - INFO - <module> : Clicked
2023-01-10 15:15:23,576 - INFO - <module> : Clicked
2023-01-10 15:15:23,576 - INFO - <module> : Clicked
2023-01-10 15:15:23,576 - INFO - <module> : Clicked
2023-01-10 15:15:23,576 - INFO - <module> : Clicked
2023-01-10 15:15:23,576 - INFO - <module> : Clicked
2023-01-10 15:15:35,038 - INFO - <module> : Report an Outage or Incident exists
2023-01-10 15:15:35,038 - INFO - <module> : Report an Outage or Incident exists
2023-01-10 15:15:35,038 - INFO - <module> : Report an Outage or Incident exists
2023-01-10 15:15:35,038 - INFO - <module> : Report an Outage or Incident exists
2023-01-10 15:15:35,038 - INFO - <module> : Report an Outage or Incident exists
2023-01-10 15:15:35,098 - INFO - <module> : Clicked
2023-01-10 15:15:35,098 - INFO - <module> : Clicked
2023-01-10 15:15:35,098 - INFO - <module> : Clicked
2023-01-10 15:15:35,098 - INFO - <module> : Clicked
2023-01-10 15:15:35,098 - INFO - <module> : Clicked
2023-01-10 15:15:38,248 - INFO - <module> : Populate required fields > click Submit
2023-01-10 15:15:38,248 - INFO - <module> : Populate required fields > click Submit
2023-01-10 15:15:38,248 - INFO - <module> : Populate required fields > click Submit
2023-01-10 15:15:38,248 - INFO - <module> : Populate required fields > click Submit
2023-01-10 15:15:38,248 - INFO - <module> : Populate required fields > click Submit
2023-01-10 15:16:08,766 - ERROR - <module> : Cannot Locate: address
2023-01-10 15:16:08,766 - ERROR - <module> : Cannot Locate: address
2023-01-10 15:16:08,766 - ERROR - <module> : Cannot Locate: address
2023-01-10 15:16:08,766 - ERROR - <module> : Cannot Locate: address
2023-01-10 15:16:08,766 - ERROR - <module> : Cannot Locate: address
2023-01-10 15:16:08,818 - INFO - setup : Close Browser
