2022-10-19 12:08:11,437 - INFO - setup : Browser Launched!
2022-10-19 12:08:24,225 - INFO - <module> : Access outage reporting form for Guest users.
2022-10-19 12:08:24,225 - INFO - <module> : Access outage reporting form for Guest users.
2022-10-19 12:08:24,225 - INFO - <module> : Access outage reporting form for Guest users.
2022-10-19 12:08:24,225 - INFO - <module> : Access outage reporting form for Guest users.
2022-10-19 12:08:31,455 - INFO - <module> : Opened: https://fuat-meralco.cs73.force.com/customers/s/outagemap
2022-10-19 12:08:31,455 - INFO - <module> : Opened: https://fuat-meralco.cs73.force.com/customers/s/outagemap
2022-10-19 12:08:31,455 - INFO - <module> : Opened: https://fuat-meralco.cs73.force.com/customers/s/outagemap
2022-10-19 12:08:31,455 - INFO - <module> : Opened: https://fuat-meralco.cs73.force.com/customers/s/outagemap
2022-10-19 12:08:34,942 - INFO - <module> : Meralco would like to access your location to identify if your area is affected by an outage. exists
2022-10-19 12:08:34,942 - INFO - <module> : Meralco would like to access your location to identify if your area is affected by an outage. exists
2022-10-19 12:08:34,942 - INFO - <module> : Meralco would like to access your location to identify if your area is affected by an outage. exists
2022-10-19 12:08:34,942 - INFO - <module> : Meralco would like to access your location to identify if your area is affected by an outage. exists
2022-10-19 12:08:35,153 - INFO - <module> : Clicked
2022-10-19 12:08:35,153 - INFO - <module> : Clicked
2022-10-19 12:08:35,153 - INFO - <module> : Clicked
2022-10-19 12:08:35,153 - INFO - <module> : Clicked
2022-10-19 12:08:39,346 - INFO - <module> : Clicked
2022-10-19 12:08:39,346 - INFO - <module> : Clicked
2022-10-19 12:08:39,346 - INFO - <module> : Clicked
2022-10-19 12:08:39,346 - INFO - <module> : Clicked
2022-10-19 12:08:47,485 - INFO - <module> : Report an Outage or Incident exists
2022-10-19 12:08:47,485 - INFO - <module> : Report an Outage or Incident exists
2022-10-19 12:08:47,485 - INFO - <module> : Report an Outage or Incident exists
2022-10-19 12:08:47,485 - INFO - <module> : Report an Outage or Incident exists
2022-10-19 12:08:51,113 - INFO - <module> : Choose 'Streetlight Concern' from the 'What are you reporting?' option.
2022-10-19 12:08:51,113 - INFO - <module> : Choose 'Streetlight Concern' from the 'What are you reporting?' option.
2022-10-19 12:08:51,113 - INFO - <module> : Choose 'Streetlight Concern' from the 'What are you reporting?' option.
2022-10-19 12:08:51,113 - INFO - <module> : Choose 'Streetlight Concern' from the 'What are you reporting?' option.
2022-10-19 12:08:51,411 - INFO - <module> : Clicked
2022-10-19 12:08:51,411 - INFO - <module> : Clicked
2022-10-19 12:08:51,411 - INFO - <module> : Clicked
2022-10-19 12:08:51,411 - INFO - <module> : Clicked
2022-10-19 12:08:55,208 - INFO - <module> : Choose 'No' from the options.
2022-10-19 12:08:55,208 - INFO - <module> : Choose 'No' from the options.
2022-10-19 12:08:55,208 - INFO - <module> : Choose 'No' from the options.
2022-10-19 12:08:55,208 - INFO - <module> : Choose 'No' from the options.
2022-10-19 12:08:56,615 - INFO - setup : Close Browser
