2022-10-20 12:46:47,649 - INFO - setup : Browser Launched!
2022-10-20 12:47:01,143 - INFO - <module> : Access outage reporting form for Guest users.
2022-10-20 12:47:01,143 - INFO - <module> : Access outage reporting form for Guest users.
2022-10-20 12:47:01,143 - INFO - <module> : Access outage reporting form for Guest users.
2022-10-20 12:47:01,143 - INFO - <module> : Access outage reporting form for Guest users.
2022-10-20 12:47:05,409 - INFO - <module> : Opened: https://fuat-meralco.cs73.force.com/customers/s/outagemap
2022-10-20 12:47:05,409 - INFO - <module> : Opened: https://fuat-meralco.cs73.force.com/customers/s/outagemap
2022-10-20 12:47:05,409 - INFO - <module> : Opened: https://fuat-meralco.cs73.force.com/customers/s/outagemap
2022-10-20 12:47:05,409 - INFO - <module> : Opened: https://fuat-meralco.cs73.force.com/customers/s/outagemap
2022-10-20 12:47:08,655 - INFO - <module> : Meralco would like to access your location to identify if your area is affected by an outage. exists
2022-10-20 12:47:08,655 - INFO - <module> : Meralco would like to access your location to identify if your area is affected by an outage. exists
2022-10-20 12:47:08,655 - INFO - <module> : Meralco would like to access your location to identify if your area is affected by an outage. exists
2022-10-20 12:47:08,655 - INFO - <module> : Meralco would like to access your location to identify if your area is affected by an outage. exists
2022-10-20 12:47:10,893 - INFO - <module> : Clicked
2022-10-20 12:47:10,893 - INFO - <module> : Clicked
2022-10-20 12:47:10,893 - INFO - <module> : Clicked
2022-10-20 12:47:10,893 - INFO - <module> : Clicked
2022-10-20 12:47:15,058 - INFO - <module> : Clicked
2022-10-20 12:47:15,058 - INFO - <module> : Clicked
2022-10-20 12:47:15,058 - INFO - <module> : Clicked
2022-10-20 12:47:15,058 - INFO - <module> : Clicked
2022-10-20 12:47:23,198 - INFO - <module> : Report an Outage or Incident exists
2022-10-20 12:47:23,198 - INFO - <module> : Report an Outage or Incident exists
2022-10-20 12:47:23,198 - INFO - <module> : Report an Outage or Incident exists
2022-10-20 12:47:23,198 - INFO - <module> : Report an Outage or Incident exists
2022-10-20 12:47:28,689 - INFO - <module> : Choose 'Streetlight Concern' from the 'What are you reporting?' option.
2022-10-20 12:47:28,689 - INFO - <module> : Choose 'Streetlight Concern' from the 'What are you reporting?' option.
2022-10-20 12:47:28,689 - INFO - <module> : Choose 'Streetlight Concern' from the 'What are you reporting?' option.
2022-10-20 12:47:28,689 - INFO - <module> : Choose 'Streetlight Concern' from the 'What are you reporting?' option.
2022-10-20 12:47:28,988 - INFO - <module> : Clicked
2022-10-20 12:47:28,988 - INFO - <module> : Clicked
2022-10-20 12:47:28,988 - INFO - <module> : Clicked
2022-10-20 12:47:28,988 - INFO - <module> : Clicked
2022-10-20 12:47:34,363 - INFO - <module> : Choose 'Yes' from the options.
2022-10-20 12:47:34,363 - INFO - <module> : Choose 'Yes' from the options.
2022-10-20 12:47:34,363 - INFO - <module> : Choose 'Yes' from the options.
2022-10-20 12:47:34,363 - INFO - <module> : Choose 'Yes' from the options.
2022-10-20 12:47:34,642 - INFO - <module> : Clicked
2022-10-20 12:47:34,642 - INFO - <module> : Clicked
2022-10-20 12:47:34,642 - INFO - <module> : Clicked
2022-10-20 12:47:34,642 - INFO - <module> : Clicked
2022-10-20 12:47:40,108 - INFO - <module> : Click the dropdown field for Q2.
2022-10-20 12:47:40,108 - INFO - <module> : Click the dropdown field for Q2.
2022-10-20 12:47:40,108 - INFO - <module> : Click the dropdown field for Q2.
2022-10-20 12:47:40,108 - INFO - <module> : Click the dropdown field for Q2.
2022-10-20 12:47:40,450 - INFO - <module> : Clicked
2022-10-20 12:47:40,450 - INFO - <module> : Clicked
2022-10-20 12:47:40,450 - INFO - <module> : Clicked
2022-10-20 12:47:40,450 - INFO - <module> : Clicked
2022-10-20 12:47:45,781 - INFO - <module> : Choose 'Streetlight is always on, even during daytime' from the option.
2022-10-20 12:47:45,781 - INFO - <module> : Choose 'Streetlight is always on, even during daytime' from the option.
2022-10-20 12:47:45,781 - INFO - <module> : Choose 'Streetlight is always on, even during daytime' from the option.
2022-10-20 12:47:45,781 - INFO - <module> : Choose 'Streetlight is always on, even during daytime' from the option.
2022-10-20 12:47:46,058 - INFO - <module> : Clicked
2022-10-20 12:47:46,058 - INFO - <module> : Clicked
2022-10-20 12:47:46,058 - INFO - <module> : Clicked
2022-10-20 12:47:46,058 - INFO - <module> : Clicked
2022-10-20 12:47:51,636 - INFO - <module> : Populate the following fields by selecting from one of the picklist values, as applicable:
- Province
- City/Municipality
- Barangay
- Subdivision
- Street
- House/Unit No./ Floor/ Building
2022-10-20 12:47:51,636 - INFO - <module> : Populate the following fields by selecting from one of the picklist values, as applicable:
- Province
- City/Municipality
- Barangay
- Subdivision
- Street
- House/Unit No./ Floor/ Building
2022-10-20 12:47:51,636 - INFO - <module> : Populate the following fields by selecting from one of the picklist values, as applicable:
- Province
- City/Municipality
- Barangay
- Subdivision
- Street
- House/Unit No./ Floor/ Building
2022-10-20 12:47:51,636 - INFO - <module> : Populate the following fields by selecting from one of the picklist values, as applicable:
- Province
- City/Municipality
- Barangay
- Subdivision
- Street
- House/Unit No./ Floor/ Building
2022-10-20 12:47:51,973 - INFO - <module> : Clicked
2022-10-20 12:47:51,973 - INFO - <module> : Clicked
2022-10-20 12:47:51,973 - INFO - <module> : Clicked
2022-10-20 12:47:51,973 - INFO - <module> : Clicked
2022-10-20 12:47:52,661 - INFO - <module> : Clicked
2022-10-20 12:47:52,661 - INFO - <module> : Clicked
2022-10-20 12:47:52,661 - INFO - <module> : Clicked
2022-10-20 12:47:52,661 - INFO - <module> : Clicked
2022-10-20 12:47:53,340 - INFO - <module> : Clicked
2022-10-20 12:47:53,340 - INFO - <module> : Clicked
2022-10-20 12:47:53,340 - INFO - <module> : Clicked
2022-10-20 12:47:53,340 - INFO - <module> : Clicked
2022-10-20 12:47:54,024 - INFO - <module> : Clicked
2022-10-20 12:47:54,024 - INFO - <module> : Clicked
2022-10-20 12:47:54,024 - INFO - <module> : Clicked
2022-10-20 12:47:54,024 - INFO - <module> : Clicked
2022-10-20 12:47:54,641 - INFO - <module> : Clicked
2022-10-20 12:47:54,641 - INFO - <module> : Clicked
2022-10-20 12:47:54,641 - INFO - <module> : Clicked
2022-10-20 12:47:54,641 - INFO - <module> : Clicked
2022-10-20 12:47:54,914 - INFO - <module> : input: 123
2022-10-20 12:47:54,914 - INFO - <module> : input: 123
2022-10-20 12:47:54,914 - INFO - <module> : input: 123
2022-10-20 12:47:54,914 - INFO - <module> : input: 123
2022-10-20 12:48:00,569 - INFO - <module> : Populate 'Pole Number' field.
Note: There should be no pending case associated to the encoded Pole Number.
2022-10-20 12:48:00,569 - INFO - <module> : Populate 'Pole Number' field.
Note: There should be no pending case associated to the encoded Pole Number.
2022-10-20 12:48:00,569 - INFO - <module> : Populate 'Pole Number' field.
Note: There should be no pending case associated to the encoded Pole Number.
2022-10-20 12:48:00,569 - INFO - <module> : Populate 'Pole Number' field.
Note: There should be no pending case associated to the encoded Pole Number.
2022-10-20 12:48:01,027 - INFO - <module> : input: 29
2022-10-20 12:48:01,027 - INFO - <module> : input: 29
2022-10-20 12:48:01,027 - INFO - <module> : input: 29
2022-10-20 12:48:01,027 - INFO - <module> : input: 29
2022-10-20 12:48:06,789 - INFO - <module> : Select the 'Landmarks/Directions' option and input values in the text box.
2022-10-20 12:48:06,789 - INFO - <module> : Select the 'Landmarks/Directions' option and input values in the text box.
2022-10-20 12:48:06,789 - INFO - <module> : Select the 'Landmarks/Directions' option and input values in the text box.
2022-10-20 12:48:06,789 - INFO - <module> : Select the 'Landmarks/Directions' option and input values in the text box.
2022-10-20 12:48:07,152 - INFO - <module> : Clicked
2022-10-20 12:48:07,152 - INFO - <module> : Clicked
2022-10-20 12:48:07,152 - INFO - <module> : Clicked
2022-10-20 12:48:07,152 - INFO - <module> : Clicked
2022-10-20 12:48:07,450 - INFO - <module> : Clicked
2022-10-20 12:48:07,450 - INFO - <module> : Clicked
2022-10-20 12:48:07,450 - INFO - <module> : Clicked
2022-10-20 12:48:07,450 - INFO - <module> : Clicked
2022-10-20 12:48:07,777 - INFO - <module> : input: Sample Text
2022-10-20 12:48:07,777 - INFO - <module> : input: Sample Text
2022-10-20 12:48:07,777 - INFO - <module> : input: Sample Text
2022-10-20 12:48:07,777 - INFO - <module> : input: Sample Text
2022-10-20 12:48:18,831 - INFO - <module> : Populate the following fields:
a) First Name
b) Middle Name
c) Last Name
d) Mobile Number
e) Landline
f) Email
2022-10-20 12:48:18,831 - INFO - <module> : Populate the following fields:
a) First Name
b) Middle Name
c) Last Name
d) Mobile Number
e) Landline
f) Email
2022-10-20 12:48:18,831 - INFO - <module> : Populate the following fields:
a) First Name
b) Middle Name
c) Last Name
d) Mobile Number
e) Landline
f) Email
2022-10-20 12:48:18,831 - INFO - <module> : Populate the following fields:
a) First Name
b) Middle Name
c) Last Name
d) Mobile Number
e) Landline
f) Email
2022-10-20 12:48:19,282 - INFO - <module> : input: sample
2022-10-20 12:48:19,282 - INFO - <module> : input: sample
2022-10-20 12:48:19,282 - INFO - <module> : input: sample
2022-10-20 12:48:19,282 - INFO - <module> : input: sample
2022-10-20 12:48:19,538 - INFO - <module> : input: middle
2022-10-20 12:48:19,538 - INFO - <module> : input: middle
2022-10-20 12:48:19,538 - INFO - <module> : input: middle
2022-10-20 12:48:19,538 - INFO - <module> : input: middle
2022-10-20 12:48:19,780 - INFO - <module> : input: report
2022-10-20 12:48:19,780 - INFO - <module> : input: report
2022-10-20 12:48:19,780 - INFO - <module> : input: report
2022-10-20 12:48:19,780 - INFO - <module> : input: report
2022-10-20 12:48:20,074 - INFO - <module> : input: +639758880793
2022-10-20 12:48:20,074 - INFO - <module> : input: +639758880793
2022-10-20 12:48:20,074 - INFO - <module> : input: +639758880793
2022-10-20 12:48:20,074 - INFO - <module> : input: +639758880793
2022-10-20 12:48:20,284 - INFO - <module> : input: 
2022-10-20 12:48:20,284 - INFO - <module> : input: 
2022-10-20 12:48:20,284 - INFO - <module> : input: 
2022-10-20 12:48:20,284 - INFO - <module> : input: 
2022-10-20 12:48:20,563 - INFO - <module> : input: testautomationoutage@yopmail.com
2022-10-20 12:48:20,563 - INFO - <module> : input: testautomationoutage@yopmail.com
2022-10-20 12:48:20,563 - INFO - <module> : input: testautomationoutage@yopmail.com
2022-10-20 12:48:20,563 - INFO - <module> : input: testautomationoutage@yopmail.com
2022-10-20 12:48:25,960 - INFO - <module> : Verify if 'Yes' is selected from the options under 'Do you want to receive updates related to this report?'
2022-10-20 12:48:25,960 - INFO - <module> : Verify if 'Yes' is selected from the options under 'Do you want to receive updates related to this report?'
2022-10-20 12:48:25,960 - INFO - <module> : Verify if 'Yes' is selected from the options under 'Do you want to receive updates related to this report?'
2022-10-20 12:48:25,960 - INFO - <module> : Verify if 'Yes' is selected from the options under 'Do you want to receive updates related to this report?'
2022-10-20 12:48:31,619 - INFO - <module> : Select SMS and Email as preferred Case Notification Channel.
Note: Ensure that 'Email' field has valid value if Email has been selected as preferred Case Notification Channel.
2022-10-20 12:48:31,619 - INFO - <module> : Select SMS and Email as preferred Case Notification Channel.
Note: Ensure that 'Email' field has valid value if Email has been selected as preferred Case Notification Channel.
2022-10-20 12:48:31,619 - INFO - <module> : Select SMS and Email as preferred Case Notification Channel.
Note: Ensure that 'Email' field has valid value if Email has been selected as preferred Case Notification Channel.
2022-10-20 12:48:31,619 - INFO - <module> : Select SMS and Email as preferred Case Notification Channel.
Note: Ensure that 'Email' field has valid value if Email has been selected as preferred Case Notification Channel.
2022-10-20 12:48:31,958 - INFO - <module> : Clicked
2022-10-20 12:48:31,958 - INFO - <module> : Clicked
2022-10-20 12:48:31,958 - INFO - <module> : Clicked
2022-10-20 12:48:31,958 - INFO - <module> : Clicked
2022-10-20 12:48:32,157 - INFO - <module> : Clicked
2022-10-20 12:48:32,157 - INFO - <module> : Clicked
2022-10-20 12:48:32,157 - INFO - <module> : Clicked
2022-10-20 12:48:32,157 - INFO - <module> : Clicked
2022-10-20 12:48:37,600 - INFO - <module> : Select the checkbox for:
I have read and agree to the Meralco Online Terms & Conditions and consent to the processing of my personal data in accordance with the Privacy Policy.
2022-10-20 12:48:37,600 - INFO - <module> : Select the checkbox for:
I have read and agree to the Meralco Online Terms & Conditions and consent to the processing of my personal data in accordance with the Privacy Policy.
2022-10-20 12:48:37,600 - INFO - <module> : Select the checkbox for:
I have read and agree to the Meralco Online Terms & Conditions and consent to the processing of my personal data in accordance with the Privacy Policy.
2022-10-20 12:48:37,600 - INFO - <module> : Select the checkbox for:
I have read and agree to the Meralco Online Terms & Conditions and consent to the processing of my personal data in accordance with the Privacy Policy.
2022-10-20 12:48:37,983 - INFO - <module> : Clicked
2022-10-20 12:48:37,983 - INFO - <module> : Clicked
2022-10-20 12:48:37,983 - INFO - <module> : Clicked
2022-10-20 12:48:37,983 - INFO - <module> : Clicked
2022-10-20 12:48:43,379 - INFO - <module> : Click ‘Submit’ button.
2022-10-20 12:48:43,379 - INFO - <module> : Click ‘Submit’ button.
2022-10-20 12:48:43,379 - INFO - <module> : Click ‘Submit’ button.
2022-10-20 12:48:43,379 - INFO - <module> : Click ‘Submit’ button.
2022-10-20 12:48:43,750 - INFO - <module> : Clicked
2022-10-20 12:48:43,750 - INFO - <module> : Clicked
2022-10-20 12:48:43,750 - INFO - <module> : Clicked
2022-10-20 12:48:43,750 - INFO - <module> : Clicked
2022-10-20 12:49:04,778 - INFO - <module> : Verify received SMS notification.
2022-10-20 12:49:04,778 - INFO - <module> : Verify received SMS notification.
2022-10-20 12:49:04,778 - INFO - <module> : Verify received SMS notification.
2022-10-20 12:49:04,778 - INFO - <module> : Verify received SMS notification.
2022-10-20 12:49:08,219 - INFO - <module> : Verify received Email notification.
2022-10-20 12:49:08,219 - INFO - <module> : Verify received Email notification.
2022-10-20 12:49:08,219 - INFO - <module> : Verify received Email notification.
2022-10-20 12:49:08,219 - INFO - <module> : Verify received Email notification.
2022-10-20 12:49:15,651 - INFO - <module> : Opened: https://yopmail.com/en/
2022-10-20 12:49:15,651 - INFO - <module> : Opened: https://yopmail.com/en/
2022-10-20 12:49:15,651 - INFO - <module> : Opened: https://yopmail.com/en/
2022-10-20 12:49:15,651 - INFO - <module> : Opened: https://yopmail.com/en/
2022-10-20 12:49:16,038 - INFO - <module> : input: testautomationoutage@yopmail.com
2022-10-20 12:49:16,038 - INFO - <module> : input: testautomationoutage@yopmail.com
2022-10-20 12:49:16,038 - INFO - <module> : input: testautomationoutage@yopmail.com
2022-10-20 12:49:16,038 - INFO - <module> : input: testautomationoutage@yopmail.com
2022-10-20 12:49:17,698 - INFO - <module> : Clicked
2022-10-20 12:49:17,698 - INFO - <module> : Clicked
2022-10-20 12:49:17,698 - INFO - <module> : Clicked
2022-10-20 12:49:17,698 - INFO - <module> : Clicked
2022-10-20 12:49:23,564 - INFO - <module> : Access outage reporting form for Guest users.
2022-10-20 12:49:23,564 - INFO - <module> : Access outage reporting form for Guest users.
2022-10-20 12:49:23,564 - INFO - <module> : Access outage reporting form for Guest users.
2022-10-20 12:49:23,564 - INFO - <module> : Access outage reporting form for Guest users.
2022-10-20 12:49:26,678 - INFO - <module> : Opened: https://fuat-meralco.cs73.force.com/customers/s/outagemap
2022-10-20 12:49:26,678 - INFO - <module> : Opened: https://fuat-meralco.cs73.force.com/customers/s/outagemap
2022-10-20 12:49:26,678 - INFO - <module> : Opened: https://fuat-meralco.cs73.force.com/customers/s/outagemap
2022-10-20 12:49:26,678 - INFO - <module> : Opened: https://fuat-meralco.cs73.force.com/customers/s/outagemap
2022-10-20 12:49:29,756 - INFO - <module> : Meralco would like to access your location to identify if your area is affected by an outage. exists
2022-10-20 12:49:29,756 - INFO - <module> : Meralco would like to access your location to identify if your area is affected by an outage. exists
2022-10-20 12:49:29,756 - INFO - <module> : Meralco would like to access your location to identify if your area is affected by an outage. exists
2022-10-20 12:49:29,756 - INFO - <module> : Meralco would like to access your location to identify if your area is affected by an outage. exists
2022-10-20 12:49:32,180 - INFO - <module> : Clicked
2022-10-20 12:49:32,180 - INFO - <module> : Clicked
2022-10-20 12:49:32,180 - INFO - <module> : Clicked
2022-10-20 12:49:32,180 - INFO - <module> : Clicked
2022-10-20 12:49:36,500 - INFO - <module> : Clicked
2022-10-20 12:49:36,500 - INFO - <module> : Clicked
2022-10-20 12:49:36,500 - INFO - <module> : Clicked
2022-10-20 12:49:36,500 - INFO - <module> : Clicked
2022-10-20 12:49:45,529 - INFO - <module> : Report an Outage or Incident exists
2022-10-20 12:49:45,529 - INFO - <module> : Report an Outage or Incident exists
2022-10-20 12:49:45,529 - INFO - <module> : Report an Outage or Incident exists
2022-10-20 12:49:45,529 - INFO - <module> : Report an Outage or Incident exists
2022-10-20 12:49:51,820 - INFO - <module> : Choose 'Streetlight Concern' from the 'What are you reporting?' option.
2022-10-20 12:49:51,820 - INFO - <module> : Choose 'Streetlight Concern' from the 'What are you reporting?' option.
2022-10-20 12:49:51,820 - INFO - <module> : Choose 'Streetlight Concern' from the 'What are you reporting?' option.
2022-10-20 12:49:51,820 - INFO - <module> : Choose 'Streetlight Concern' from the 'What are you reporting?' option.
2022-10-20 12:49:52,316 - INFO - <module> : Clicked
2022-10-20 12:49:52,316 - INFO - <module> : Clicked
2022-10-20 12:49:52,316 - INFO - <module> : Clicked
2022-10-20 12:49:52,316 - INFO - <module> : Clicked
2022-10-20 12:49:58,599 - INFO - <module> : Choose 'Yes' from the options.
2022-10-20 12:49:58,599 - INFO - <module> : Choose 'Yes' from the options.
2022-10-20 12:49:58,599 - INFO - <module> : Choose 'Yes' from the options.
2022-10-20 12:49:58,599 - INFO - <module> : Choose 'Yes' from the options.
2022-10-20 12:49:59,047 - INFO - <module> : Clicked
2022-10-20 12:49:59,047 - INFO - <module> : Clicked
2022-10-20 12:49:59,047 - INFO - <module> : Clicked
2022-10-20 12:49:59,047 - INFO - <module> : Clicked
2022-10-20 12:50:05,280 - INFO - <module> : Click the dropdown field for Q2.
2022-10-20 12:50:05,280 - INFO - <module> : Click the dropdown field for Q2.
2022-10-20 12:50:05,280 - INFO - <module> : Click the dropdown field for Q2.
2022-10-20 12:50:05,280 - INFO - <module> : Click the dropdown field for Q2.
2022-10-20 12:50:05,750 - INFO - <module> : Clicked
2022-10-20 12:50:05,750 - INFO - <module> : Clicked
2022-10-20 12:50:05,750 - INFO - <module> : Clicked
2022-10-20 12:50:05,750 - INFO - <module> : Clicked
2022-10-20 12:50:11,948 - INFO - <module> : Choose 'Streetlight is flickering' from the option.
2022-10-20 12:50:11,948 - INFO - <module> : Choose 'Streetlight is flickering' from the option.
2022-10-20 12:50:11,948 - INFO - <module> : Choose 'Streetlight is flickering' from the option.
2022-10-20 12:50:11,948 - INFO - <module> : Choose 'Streetlight is flickering' from the option.
2022-10-20 12:50:12,382 - INFO - <module> : Clicked
2022-10-20 12:50:12,382 - INFO - <module> : Clicked
2022-10-20 12:50:12,382 - INFO - <module> : Clicked
2022-10-20 12:50:12,382 - INFO - <module> : Clicked
2022-10-20 12:50:18,607 - INFO - <module> : Populate the following fields by selecting from one of the picklist values, as applicable:
- Province
- City/Municipality
- Barangay
- Subdivision
- Street
- House/Unit No./ Floor/ Building
2022-10-20 12:50:18,607 - INFO - <module> : Populate the following fields by selecting from one of the picklist values, as applicable:
- Province
- City/Municipality
- Barangay
- Subdivision
- Street
- House/Unit No./ Floor/ Building
2022-10-20 12:50:18,607 - INFO - <module> : Populate the following fields by selecting from one of the picklist values, as applicable:
- Province
- City/Municipality
- Barangay
- Subdivision
- Street
- House/Unit No./ Floor/ Building
2022-10-20 12:50:18,607 - INFO - <module> : Populate the following fields by selecting from one of the picklist values, as applicable:
- Province
- City/Municipality
- Barangay
- Subdivision
- Street
- House/Unit No./ Floor/ Building
2022-10-20 12:50:19,048 - INFO - <module> : Clicked
2022-10-20 12:50:19,048 - INFO - <module> : Clicked
2022-10-20 12:50:19,048 - INFO - <module> : Clicked
2022-10-20 12:50:19,048 - INFO - <module> : Clicked
2022-10-20 12:50:19,748 - INFO - <module> : Clicked
2022-10-20 12:50:19,748 - INFO - <module> : Clicked
2022-10-20 12:50:19,748 - INFO - <module> : Clicked
2022-10-20 12:50:19,748 - INFO - <module> : Clicked
2022-10-20 12:50:20,452 - INFO - <module> : Clicked
2022-10-20 12:50:20,452 - INFO - <module> : Clicked
2022-10-20 12:50:20,452 - INFO - <module> : Clicked
2022-10-20 12:50:20,452 - INFO - <module> : Clicked
2022-10-20 12:50:21,147 - INFO - <module> : Clicked
2022-10-20 12:50:21,147 - INFO - <module> : Clicked
2022-10-20 12:50:21,147 - INFO - <module> : Clicked
2022-10-20 12:50:21,147 - INFO - <module> : Clicked
2022-10-20 12:50:21,848 - INFO - <module> : Clicked
2022-10-20 12:50:21,848 - INFO - <module> : Clicked
2022-10-20 12:50:21,848 - INFO - <module> : Clicked
2022-10-20 12:50:21,848 - INFO - <module> : Clicked
2022-10-20 12:50:22,139 - INFO - <module> : input: 123
2022-10-20 12:50:22,139 - INFO - <module> : input: 123
2022-10-20 12:50:22,139 - INFO - <module> : input: 123
2022-10-20 12:50:22,139 - INFO - <module> : input: 123
2022-10-20 12:50:28,362 - INFO - <module> : Populate 'Pole Number' field using the values encoded in the prior report.
2022-10-20 12:50:28,362 - INFO - <module> : Populate 'Pole Number' field using the values encoded in the prior report.
2022-10-20 12:50:28,362 - INFO - <module> : Populate 'Pole Number' field using the values encoded in the prior report.
2022-10-20 12:50:28,362 - INFO - <module> : Populate 'Pole Number' field using the values encoded in the prior report.
2022-10-20 12:50:28,936 - INFO - <module> : input: 29
2022-10-20 12:50:28,936 - INFO - <module> : input: 29
2022-10-20 12:50:28,936 - INFO - <module> : input: 29
2022-10-20 12:50:28,936 - INFO - <module> : input: 29
2022-10-20 12:51:04,702 - ERROR - <module> : Cannot Locate: province_metro_manila
2022-10-20 12:51:04,702 - ERROR - <module> : Cannot Locate: province_metro_manila
2022-10-20 12:51:04,702 - ERROR - <module> : Cannot Locate: province_metro_manila
2022-10-20 12:51:04,702 - ERROR - <module> : Cannot Locate: province_metro_manila
2022-10-20 12:51:05,079 - INFO - setup : Close Browser
