2023-01-06 15:00:41,296 - INFO - setup : Browser Launched!
2023-01-06 15:01:14,806 - INFO - <module> : Opened: https://meralco--fuat.lightning.force.com/lightning/page/home
2023-01-06 15:01:14,806 - INFO - <module> : Opened: https://meralco--fuat.lightning.force.com/lightning/page/home
2023-01-06 15:01:14,806 - INFO - <module> : Opened: https://meralco--fuat.lightning.force.com/lightning/page/home
2023-01-06 15:01:14,806 - INFO - <module> : Opened: https://meralco--fuat.lightning.force.com/lightning/page/home
2023-01-06 15:01:17,122 - INFO - <module> : Clicked
2023-01-06 15:01:17,122 - INFO - <module> : Clicked
2023-01-06 15:01:17,122 - INFO - <module> : Clicked
2023-01-06 15:01:17,122 - INFO - <module> : Clicked
2023-01-06 15:01:24,775 - INFO - <module> : input: v-lvlgalvez@meralco.com.ph
2023-01-06 15:01:24,775 - INFO - <module> : input: v-lvlgalvez@meralco.com.ph
2023-01-06 15:01:24,775 - INFO - <module> : input: v-lvlgalvez@meralco.com.ph
2023-01-06 15:01:24,775 - INFO - <module> : input: v-lvlgalvez@meralco.com.ph
2023-01-06 15:01:25,321 - INFO - <module> : Clicked
2023-01-06 15:01:25,321 - INFO - <module> : Clicked
2023-01-06 15:01:25,321 - INFO - <module> : Clicked
2023-01-06 15:01:25,321 - INFO - <module> : Clicked
2023-01-06 15:01:26,680 - INFO - <module> : input: Mecopass@@!!123
2023-01-06 15:01:26,680 - INFO - <module> : input: Mecopass@@!!123
2023-01-06 15:01:26,680 - INFO - <module> : input: Mecopass@@!!123
2023-01-06 15:01:26,680 - INFO - <module> : input: Mecopass@@!!123
2023-01-06 15:01:27,620 - INFO - <module> : Clicked
2023-01-06 15:01:27,620 - INFO - <module> : Clicked
2023-01-06 15:01:27,620 - INFO - <module> : Clicked
2023-01-06 15:01:27,620 - INFO - <module> : Clicked
2023-01-06 15:01:28,921 - INFO - <module> : Clicked
2023-01-06 15:01:28,921 - INFO - <module> : Clicked
2023-01-06 15:01:28,921 - INFO - <module> : Clicked
2023-01-06 15:01:28,921 - INFO - <module> : Clicked
2023-01-06 15:01:43,979 - INFO - setup : Close Browser
