2022-12-28 10:26:49,025 - INFO - setup : Browser Launched!
2022-12-28 10:26:55,991 - INFO - <module> : Go tohttps://fuat-meralco.cs73.force.com/customers/s/cxe-apply
2022-12-28 10:26:55,991 - INFO - <module> : Go tohttps://fuat-meralco.cs73.force.com/customers/s/cxe-apply
2022-12-28 10:26:55,991 - INFO - <module> : Go tohttps://fuat-meralco.cs73.force.com/customers/s/cxe-apply
2022-12-28 10:26:55,991 - INFO - <module> : Go tohttps://fuat-meralco.cs73.force.com/customers/s/cxe-apply
2022-12-28 10:26:57,655 - INFO - <module> : Opened: https://fuat-meralco.cs73.force.com/customers/s/cxe-apply
2022-12-28 10:26:57,655 - INFO - <module> : Opened: https://fuat-meralco.cs73.force.com/customers/s/cxe-apply
2022-12-28 10:26:57,655 - INFO - <module> : Opened: https://fuat-meralco.cs73.force.com/customers/s/cxe-apply
2022-12-28 10:26:57,655 - INFO - <module> : Opened: https://fuat-meralco.cs73.force.com/customers/s/cxe-apply
2022-12-28 10:26:57,868 - INFO - <module> : Service Application exists
2022-12-28 10:26:57,868 - INFO - <module> : Service Application exists
2022-12-28 10:26:57,868 - INFO - <module> : Service Application exists
2022-12-28 10:26:57,868 - INFO - <module> : Service Application exists
2022-12-28 10:27:00,836 - INFO - <module> : Click on Individual
2022-12-28 10:27:00,836 - INFO - <module> : Click on Individual
2022-12-28 10:27:00,836 - INFO - <module> : Click on Individual
2022-12-28 10:27:00,836 - INFO - <module> : Click on Individual
2022-12-28 10:27:00,920 - INFO - <module> : Clicked
2022-12-28 10:27:00,920 - INFO - <module> : Clicked
2022-12-28 10:27:00,920 - INFO - <module> : Clicked
2022-12-28 10:27:00,920 - INFO - <module> : Clicked
2022-12-28 10:27:00,973 - INFO - <module> : Start Service exists
2022-12-28 10:27:00,973 - INFO - <module> : Start Service exists
2022-12-28 10:27:00,973 - INFO - <module> : Start Service exists
2022-12-28 10:27:00,973 - INFO - <module> : Start Service exists
2022-12-28 10:27:01,020 - INFO - <module> : Modify Service exists
2022-12-28 10:27:01,020 - INFO - <module> : Modify Service exists
2022-12-28 10:27:01,020 - INFO - <module> : Modify Service exists
2022-12-28 10:27:01,020 - INFO - <module> : Modify Service exists
2022-12-28 10:27:01,063 - INFO - <module> : Reactivate Service exists
2022-12-28 10:27:01,063 - INFO - <module> : Reactivate Service exists
2022-12-28 10:27:01,063 - INFO - <module> : Reactivate Service exists
2022-12-28 10:27:01,063 - INFO - <module> : Reactivate Service exists
2022-12-28 10:27:01,109 - INFO - <module> : Stop Service exists
2022-12-28 10:27:01,109 - INFO - <module> : Stop Service exists
2022-12-28 10:27:01,109 - INFO - <module> : Stop Service exists
2022-12-28 10:27:01,109 - INFO - <module> : Stop Service exists
2022-12-28 10:27:03,952 - INFO - <module> : Select Stop Service
2022-12-28 10:27:03,952 - INFO - <module> : Select Stop Service
2022-12-28 10:27:03,952 - INFO - <module> : Select Stop Service
2022-12-28 10:27:03,952 - INFO - <module> : Select Stop Service
2022-12-28 10:27:04,163 - INFO - <module> : Clicked
2022-12-28 10:27:04,163 - INFO - <module> : Clicked
2022-12-28 10:27:04,163 - INFO - <module> : Clicked
2022-12-28 10:27:04,163 - INFO - <module> : Clicked
2022-12-28 10:27:04,326 - INFO - <module> : Stop Service exists
2022-12-28 10:27:04,326 - INFO - <module> : Stop Service exists
2022-12-28 10:27:04,326 - INFO - <module> : Stop Service exists
2022-12-28 10:27:04,326 - INFO - <module> : Stop Service exists
2022-12-28 10:27:07,345 - INFO - <module> : Validate if CAN field is visible and enabled
2022-12-28 10:27:07,345 - INFO - <module> : Validate if CAN field is visible and enabled
2022-12-28 10:27:07,345 - INFO - <module> : Validate if CAN field is visible and enabled
2022-12-28 10:27:07,345 - INFO - <module> : Validate if CAN field is visible and enabled
2022-12-28 10:27:07,406 - INFO - <module> :  exists
2022-12-28 10:27:07,406 - INFO - <module> :  exists
2022-12-28 10:27:07,406 - INFO - <module> :  exists
2022-12-28 10:27:07,406 - INFO - <module> :  exists
2022-12-28 10:27:10,273 - INFO - <module> : Populate Customer Account Number field
2022-12-28 10:27:10,273 - INFO - <module> : Populate Customer Account Number field
2022-12-28 10:27:10,273 - INFO - <module> : Populate Customer Account Number field
2022-12-28 10:27:10,273 - INFO - <module> : Populate Customer Account Number field
2022-12-28 10:27:10,413 - INFO - <module> : input: 0001365393
2022-12-28 10:27:10,413 - INFO - <module> : input: 0001365393
2022-12-28 10:27:10,413 - INFO - <module> : input: 0001365393
2022-12-28 10:27:10,413 - INFO - <module> : input: 0001365393
2022-12-28 10:27:13,404 - INFO - <module> : Populate Service ID Number 
2022-12-28 10:27:13,404 - INFO - <module> : Populate Service ID Number 
2022-12-28 10:27:13,404 - INFO - <module> : Populate Service ID Number 
2022-12-28 10:27:13,404 - INFO - <module> : Populate Service ID Number 
2022-12-28 10:27:13,528 - INFO - <module> : input: 200397770101
2022-12-28 10:27:13,528 - INFO - <module> : input: 200397770101
2022-12-28 10:27:13,528 - INFO - <module> : input: 200397770101
2022-12-28 10:27:13,528 - INFO - <module> : input: 200397770101
2022-12-28 10:27:16,369 - INFO - <module> : Populate the following:
First Name*
Middle Name
Last Name*
Email Address*
Mobile Number*
Relation to Customer
> Attach Documents
> Click Next
2022-12-28 10:27:16,369 - INFO - <module> : Populate the following:
First Name*
Middle Name
Last Name*
Email Address*
Mobile Number*
Relation to Customer
> Attach Documents
> Click Next
2022-12-28 10:27:16,369 - INFO - <module> : Populate the following:
First Name*
Middle Name
Last Name*
Email Address*
Mobile Number*
Relation to Customer
> Attach Documents
> Click Next
2022-12-28 10:27:16,369 - INFO - <module> : Populate the following:
First Name*
Middle Name
Last Name*
Email Address*
Mobile Number*
Relation to Customer
> Attach Documents
> Click Next
2022-12-28 10:27:16,486 - INFO - <module> : input: atFirstname
2022-12-28 10:27:16,486 - INFO - <module> : input: atFirstname
2022-12-28 10:27:16,486 - INFO - <module> : input: atFirstname
2022-12-28 10:27:16,486 - INFO - <module> : input: atFirstname
2022-12-28 10:27:16,560 - INFO - <module> : input: atLastname
2022-12-28 10:27:16,560 - INFO - <module> : input: atLastname
2022-12-28 10:27:16,560 - INFO - <module> : input: atLastname
2022-12-28 10:27:16,560 - INFO - <module> : input: atLastname
2022-12-28 10:27:18,244 - INFO - setup : Close Browser
