2022-12-22 09:34:42,939 - INFO - setup : Browser Launched!
2022-12-22 09:35:22,393 - INFO - <module> : Login to Meralco Online
2022-12-22 09:35:22,393 - INFO - <module> : Login to Meralco Online
2022-12-22 09:35:22,393 - INFO - <module> : Login to Meralco Online
2022-12-22 09:35:22,393 - INFO - <module> : Login to Meralco Online
2022-12-22 09:35:26,303 - INFO - <module> : input: ATNewSAMObiz@yopmail.com
2022-12-22 09:35:26,303 - INFO - <module> : input: ATNewSAMObiz@yopmail.com
2022-12-22 09:35:26,303 - INFO - <module> : input: ATNewSAMObiz@yopmail.com
2022-12-22 09:35:26,303 - INFO - <module> : input: ATNewSAMObiz@yopmail.com
2022-12-22 09:35:26,910 - INFO - <module> : input: Meralco01
2022-12-22 09:35:26,910 - INFO - <module> : input: Meralco01
2022-12-22 09:35:26,910 - INFO - <module> : input: Meralco01
2022-12-22 09:35:26,910 - INFO - <module> : input: Meralco01
2022-12-22 09:35:27,858 - INFO - <module> : Clicked
2022-12-22 09:35:27,858 - INFO - <module> : Clicked
2022-12-22 09:35:27,858 - INFO - <module> : Clicked
2022-12-22 09:35:27,858 - INFO - <module> : Clicked
2022-12-22 09:35:35,519 - INFO - <module> : Hello, Atnew exists
2022-12-22 09:35:35,519 - INFO - <module> : Hello, Atnew exists
2022-12-22 09:35:35,519 - INFO - <module> : Hello, Atnew exists
2022-12-22 09:35:35,519 - INFO - <module> : Hello, Atnew exists
2022-12-22 09:35:48,666 - INFO - <module> : Click on Request for a Service tile
2022-12-22 09:35:48,666 - INFO - <module> : Click on Request for a Service tile
2022-12-22 09:35:48,666 - INFO - <module> : Click on Request for a Service tile
2022-12-22 09:35:48,666 - INFO - <module> : Click on Request for a Service tile
2022-12-22 09:35:52,583 - INFO - <module> : Clicked
2022-12-22 09:35:52,583 - INFO - <module> : Clicked
2022-12-22 09:35:52,583 - INFO - <module> : Clicked
2022-12-22 09:35:52,583 - INFO - <module> : Clicked
2022-12-22 09:35:58,036 - INFO - <module> :  clicked
2022-12-22 09:35:58,036 - INFO - <module> :  clicked
2022-12-22 09:35:58,036 - INFO - <module> :  clicked
2022-12-22 09:35:58,036 - INFO - <module> :  clicked
2022-12-22 09:36:03,729 - INFO - <module> : Populate all required fields in Contact Information tab > Click Next
2022-12-22 09:36:03,729 - INFO - <module> : Populate all required fields in Contact Information tab > Click Next
2022-12-22 09:36:03,729 - INFO - <module> : Populate all required fields in Contact Information tab > Click Next
2022-12-22 09:36:03,729 - INFO - <module> : Populate all required fields in Contact Information tab > Click Next
2022-12-22 09:36:11,850 - INFO - <module> : Clicked
2022-12-22 09:36:11,850 - INFO - <module> : Clicked
2022-12-22 09:36:11,850 - INFO - <module> : Clicked
2022-12-22 09:36:11,850 - INFO - <module> : Clicked
2022-12-22 09:36:17,477 - INFO - <module> : Populate the following:
Service Address
Province
City / Municipality
Home Ownership
Billing Address Indicator
2022-12-22 09:36:17,477 - INFO - <module> : Populate the following:
Service Address
Province
City / Municipality
Home Ownership
Billing Address Indicator
2022-12-22 09:36:17,477 - INFO - <module> : Populate the following:
Service Address
Province
City / Municipality
Home Ownership
Billing Address Indicator
2022-12-22 09:36:17,477 - INFO - <module> : Populate the following:
Service Address
Province
City / Municipality
Home Ownership
Billing Address Indicator
2022-12-22 09:36:17,872 - INFO - <module> : input: 123 Santo Tomas
2022-12-22 09:36:17,872 - INFO - <module> : input: 123 Santo Tomas
2022-12-22 09:36:17,872 - INFO - <module> : input: 123 Santo Tomas
2022-12-22 09:36:17,872 - INFO - <module> : input: 123 Santo Tomas
2022-12-22 09:36:21,216 - INFO - <module> : Clicked
2022-12-22 09:36:21,216 - INFO - <module> : Clicked
2022-12-22 09:36:21,216 - INFO - <module> : Clicked
2022-12-22 09:36:21,216 - INFO - <module> : Clicked
2022-12-22 09:36:26,910 - INFO - <module> : Populate the following:
Notification indicator
AMC indicator
Paperless Billing indicator
APA indicator
> Attach documents
> Click Next
2022-12-22 09:36:26,910 - INFO - <module> : Populate the following:
Notification indicator
AMC indicator
Paperless Billing indicator
APA indicator
> Attach documents
> Click Next
2022-12-22 09:36:26,910 - INFO - <module> : Populate the following:
Notification indicator
AMC indicator
Paperless Billing indicator
APA indicator
> Attach documents
> Click Next
2022-12-22 09:36:26,910 - INFO - <module> : Populate the following:
Notification indicator
AMC indicator
Paperless Billing indicator
APA indicator
> Attach documents
> Click Next
2022-12-22 09:36:29,921 - INFO - <module> : Clicked
2022-12-22 09:36:29,921 - INFO - <module> : Clicked
2022-12-22 09:36:29,921 - INFO - <module> : Clicked
2022-12-22 09:36:29,921 - INFO - <module> : Clicked
2022-12-22 09:36:35,493 - INFO - <module> : Tick on I have read and agree to the Meralco Online Terms & Conditions and consent to the processing of my personal data in accordance with the Privacy Policy
2022-12-22 09:36:35,493 - INFO - <module> : Tick on I have read and agree to the Meralco Online Terms & Conditions and consent to the processing of my personal data in accordance with the Privacy Policy
2022-12-22 09:36:35,493 - INFO - <module> : Tick on I have read and agree to the Meralco Online Terms & Conditions and consent to the processing of my personal data in accordance with the Privacy Policy
2022-12-22 09:36:35,493 - INFO - <module> : Tick on I have read and agree to the Meralco Online Terms & Conditions and consent to the processing of my personal data in accordance with the Privacy Policy
2022-12-22 09:36:58,361 - INFO - <module> : Clicked
2022-12-22 09:36:58,361 - INFO - <module> : Clicked
2022-12-22 09:36:58,361 - INFO - <module> : Clicked
2022-12-22 09:36:58,361 - INFO - <module> : Clicked
2022-12-22 09:37:03,998 - INFO - <module> : Click Submit
2022-12-22 09:37:03,998 - INFO - <module> : Click Submit
2022-12-22 09:37:03,998 - INFO - <module> : Click Submit
2022-12-22 09:37:03,998 - INFO - <module> : Click Submit
2022-12-22 09:37:11,446 - INFO - <module> : Clicked
2022-12-22 09:37:11,446 - INFO - <module> : Clicked
2022-12-22 09:37:11,446 - INFO - <module> : Clicked
2022-12-22 09:37:11,446 - INFO - <module> : Clicked
2022-12-22 09:37:12,500 - INFO - <module> : Clicked
2022-12-22 09:37:12,500 - INFO - <module> : Clicked
2022-12-22 09:37:12,500 - INFO - <module> : Clicked
2022-12-22 09:37:12,500 - INFO - <module> : Clicked
2022-12-22 09:37:21,952 - INFO - <module> : Clicked
2022-12-22 09:37:21,952 - INFO - <module> : Clicked
2022-12-22 09:37:21,952 - INFO - <module> : Clicked
2022-12-22 09:37:21,952 - INFO - <module> : Clicked
2022-12-22 09:37:23,051 - INFO - <module> : Go to Activity Tracker page
2022-12-22 09:37:23,051 - INFO - <module> : Go to Activity Tracker page
2022-12-22 09:37:23,051 - INFO - <module> : Go to Activity Tracker page
2022-12-22 09:37:23,051 - INFO - <module> : Go to Activity Tracker page
2022-12-22 09:37:26,374 - INFO - <module> : Check if created case is included in activity tracker page
2022-12-22 09:37:26,374 - INFO - <module> : Check if created case is included in activity tracker page
2022-12-22 09:37:26,374 - INFO - <module> : Check if created case is included in activity tracker page
2022-12-22 09:37:26,374 - INFO - <module> : Check if created case is included in activity tracker page
2022-12-22 09:37:29,785 - INFO - <module> : Validate email notification
2022-12-22 09:37:29,785 - INFO - <module> : Validate email notification
2022-12-22 09:37:29,785 - INFO - <module> : Validate email notification
2022-12-22 09:37:29,785 - INFO - <module> : Validate email notification
2022-12-22 09:37:45,329 - INFO - <module> : Opened: https://yopmail.com/en/
2022-12-22 09:37:45,329 - INFO - <module> : Opened: https://yopmail.com/en/
2022-12-22 09:37:45,329 - INFO - <module> : Opened: https://yopmail.com/en/
2022-12-22 09:37:45,329 - INFO - <module> : Opened: https://yopmail.com/en/
2022-12-22 09:37:46,386 - INFO - <module> : input: ATNewSAMObiz@yopmail.com
2022-12-22 09:37:46,386 - INFO - <module> : input: ATNewSAMObiz@yopmail.com
2022-12-22 09:37:46,386 - INFO - <module> : input: ATNewSAMObiz@yopmail.com
2022-12-22 09:37:46,386 - INFO - <module> : input: ATNewSAMObiz@yopmail.com
2022-12-22 09:37:48,534 - INFO - <module> : Clicked
2022-12-22 09:37:48,534 - INFO - <module> : Clicked
2022-12-22 09:37:48,534 - INFO - <module> : Clicked
2022-12-22 09:37:48,534 - INFO - <module> : Clicked
2022-12-22 09:37:51,101 - INFO - setup : Close Browser
