2022-10-13 08:13:18,392 - INFO - setup : Browser Launched!
2022-10-13 08:13:25,459 - INFO - <module> : Go to External Map 
2022-10-13 08:13:25,459 - INFO - <module> : Go to External Map 
2022-10-13 08:13:25,459 - INFO - <module> : Go to External Map 
2022-10-13 08:13:27,990 - INFO - <module> : Opened: https://fuat-meralco.cs73.force.com/customers/s/outagemap
2022-10-13 08:13:27,990 - INFO - <module> : Opened: https://fuat-meralco.cs73.force.com/customers/s/outagemap
2022-10-13 08:13:27,990 - INFO - <module> : Opened: https://fuat-meralco.cs73.force.com/customers/s/outagemap
2022-10-13 08:13:33,473 - INFO - <module> : Meralco would like to access your location to identify if your area is affected by an outage. exists
2022-10-13 08:13:33,473 - INFO - <module> : Meralco would like to access your location to identify if your area is affected by an outage. exists
2022-10-13 08:13:33,473 - INFO - <module> : Meralco would like to access your location to identify if your area is affected by an outage. exists
2022-10-13 08:13:36,326 - INFO - <module> : Select weather information to be displayed
2022-10-13 08:13:36,326 - INFO - <module> : Select weather information to be displayed
2022-10-13 08:13:36,326 - INFO - <module> : Select weather information to be displayed
2022-10-13 08:13:36,439 - INFO - <module> : Disagree clicked
2022-10-13 08:13:36,439 - INFO - <module> : Disagree clicked
2022-10-13 08:13:36,439 - INFO - <module> : Disagree clicked
2022-10-13 08:13:36,969 - INFO - <module> :  clicked
2022-10-13 08:13:36,969 - INFO - <module> :  clicked
2022-10-13 08:13:36,969 - INFO - <module> :  clicked
2022-10-13 08:13:39,344 - INFO - <module> :  clicked
2022-10-13 08:13:39,344 - INFO - <module> :  clicked
2022-10-13 08:13:39,344 - INFO - <module> :  clicked
2022-10-13 08:13:39,925 - INFO - <module> : close clicked
2022-10-13 08:13:39,925 - INFO - <module> : close clicked
2022-10-13 08:13:39,925 - INFO - <module> : close clicked
2022-10-13 08:13:52,895 - INFO - <module> : Adjust outage map zoom level to greater than 8
2022-10-13 08:13:52,895 - INFO - <module> : Adjust outage map zoom level to greater than 8
2022-10-13 08:13:52,895 - INFO - <module> : Adjust outage map zoom level to greater than 8
2022-10-13 08:13:53,026 - INFO - <module> :  clicked
2022-10-13 08:13:53,026 - INFO - <module> :  clicked
2022-10-13 08:13:53,026 - INFO - <module> :  clicked
2022-10-13 08:13:53,223 - INFO - <module> : add clicked
2022-10-13 08:13:53,223 - INFO - <module> : add clicked
2022-10-13 08:13:53,223 - INFO - <module> : add clicked
2022-10-13 08:13:53,457 - INFO - <module> : add clicked
2022-10-13 08:13:53,457 - INFO - <module> : add clicked
2022-10-13 08:13:53,457 - INFO - <module> : add clicked
2022-10-13 08:13:53,610 - INFO - <module> : add clicked
2022-10-13 08:13:53,610 - INFO - <module> : add clicked
2022-10-13 08:13:53,610 - INFO - <module> : add clicked
2022-10-13 08:13:54,310 - INFO - <module> : add clicked
2022-10-13 08:13:54,310 - INFO - <module> : add clicked
2022-10-13 08:13:54,310 - INFO - <module> : add clicked
2022-10-13 08:13:54,494 - INFO - <module> : add clicked
2022-10-13 08:13:54,494 - INFO - <module> : add clicked
2022-10-13 08:13:54,494 - INFO - <module> : add clicked
2022-10-13 08:13:54,619 - INFO - <module> : add clicked
2022-10-13 08:13:54,619 - INFO - <module> : add clicked
2022-10-13 08:13:54,619 - INFO - <module> : add clicked
2022-10-13 08:13:54,772 - INFO - <module> : add clicked
2022-10-13 08:13:54,772 - INFO - <module> : add clicked
2022-10-13 08:13:54,772 - INFO - <module> : add clicked
2022-10-13 08:13:57,828 - INFO - <module> : Validate weather icons in Internal Map
2022-10-13 08:13:57,828 - INFO - <module> : Validate weather icons in Internal Map
2022-10-13 08:13:57,828 - INFO - <module> : Validate weather icons in Internal Map
2022-10-13 08:14:00,386 - INFO - setup : Close Browser
