2022-10-18 14:45:55,313 - INFO - setup : Browser Launched!
2022-10-18 14:46:16,911 - INFO - <module> : Go to https://fuat-meralco.cs73.force.com/customers/s/outagemap
2022-10-18 14:46:16,911 - INFO - <module> : Go to https://fuat-meralco.cs73.force.com/customers/s/outagemap
2022-10-18 14:46:16,911 - INFO - <module> : Go to https://fuat-meralco.cs73.force.com/customers/s/outagemap
2022-10-18 14:46:16,911 - INFO - <module> : Go to https://fuat-meralco.cs73.force.com/customers/s/outagemap
2022-10-18 14:46:25,111 - INFO - <module> : Opened: https://fuat-meralco.cs73.force.com/customers/s/outagemap
2022-10-18 14:46:25,111 - INFO - <module> : Opened: https://fuat-meralco.cs73.force.com/customers/s/outagemap
2022-10-18 14:46:25,111 - INFO - <module> : Opened: https://fuat-meralco.cs73.force.com/customers/s/outagemap
2022-10-18 14:46:25,111 - INFO - <module> : Opened: https://fuat-meralco.cs73.force.com/customers/s/outagemap
2022-10-18 14:46:33,641 - INFO - <module> : On the left side, hover on tooltip beside Other Address
2022-10-18 14:46:33,641 - INFO - <module> : On the left side, hover on tooltip beside Other Address
2022-10-18 14:46:33,641 - INFO - <module> : On the left side, hover on tooltip beside Other Address
2022-10-18 14:46:33,641 - INFO - <module> : On the left side, hover on tooltip beside Other Address
2022-10-18 14:46:36,885 - INFO - <module> : Meralco would like to access your location to identify if your area is affected by an outage. exists
2022-10-18 14:46:36,885 - INFO - <module> : Meralco would like to access your location to identify if your area is affected by an outage. exists
2022-10-18 14:46:36,885 - INFO - <module> : Meralco would like to access your location to identify if your area is affected by an outage. exists
2022-10-18 14:46:36,885 - INFO - <module> : Meralco would like to access your location to identify if your area is affected by an outage. exists
2022-10-18 14:46:37,078 - INFO - <module> : Clicked
2022-10-18 14:46:37,078 - INFO - <module> : Clicked
2022-10-18 14:46:37,078 - INFO - <module> : Clicked
2022-10-18 14:46:37,078 - INFO - <module> : Clicked
2022-10-18 14:46:44,219 - INFO - <module> : Clicked
2022-10-18 14:46:44,219 - INFO - <module> : Clicked
2022-10-18 14:46:44,219 - INFO - <module> : Clicked
2022-10-18 14:46:44,219 - INFO - <module> : Clicked
2022-10-18 14:46:53,200 - INFO - setup : Close Browser
