2022-10-12 16:42:07,772 - INFO - setup : Browser Launched!
2022-10-12 16:42:14,269 - INFO - <module> : Go to External Map 
2022-10-12 16:42:14,269 - INFO - <module> : Go to External Map 
2022-10-12 16:42:14,269 - INFO - <module> : Go to External Map 
2022-10-12 16:42:22,913 - INFO - <module> : Opened: https://fuat-meralco.cs73.force.com/customers/s/outagemap
2022-10-12 16:42:22,913 - INFO - <module> : Opened: https://fuat-meralco.cs73.force.com/customers/s/outagemap
2022-10-12 16:42:22,913 - INFO - <module> : Opened: https://fuat-meralco.cs73.force.com/customers/s/outagemap
2022-10-12 16:42:26,951 - INFO - <module> : Meralco would like to access your location to identify if your area is affected by an outage. exists
2022-10-12 16:42:26,951 - INFO - <module> : Meralco would like to access your location to identify if your area is affected by an outage. exists
2022-10-12 16:42:26,951 - INFO - <module> : Meralco would like to access your location to identify if your area is affected by an outage. exists
2022-10-12 16:42:29,827 - INFO - <module> : Select weather information to be displayed
2022-10-12 16:42:29,827 - INFO - <module> : Select weather information to be displayed
2022-10-12 16:42:29,827 - INFO - <module> : Select weather information to be displayed
2022-10-12 16:42:29,956 - INFO - <module> : Disagree clicked
2022-10-12 16:42:29,956 - INFO - <module> : Disagree clicked
2022-10-12 16:42:29,956 - INFO - <module> : Disagree clicked
2022-10-12 16:42:30,436 - INFO - <module> :  clicked
2022-10-12 16:42:30,436 - INFO - <module> :  clicked
2022-10-12 16:42:30,436 - INFO - <module> :  clicked
2022-10-12 16:42:32,760 - INFO - <module> :  clicked
2022-10-12 16:42:32,760 - INFO - <module> :  clicked
2022-10-12 16:42:32,760 - INFO - <module> :  clicked
2022-10-12 16:42:33,327 - INFO - <module> : close clicked
2022-10-12 16:42:33,327 - INFO - <module> : close clicked
2022-10-12 16:42:33,327 - INFO - <module> : close clicked
2022-10-12 16:42:36,291 - INFO - <module> : Adjust outage map zoom level to greater than 8
2022-10-12 16:42:36,291 - INFO - <module> : Adjust outage map zoom level to greater than 8
2022-10-12 16:42:36,291 - INFO - <module> : Adjust outage map zoom level to greater than 8
2022-10-12 16:42:36,419 - INFO - <module> :  clicked
2022-10-12 16:42:36,419 - INFO - <module> :  clicked
2022-10-12 16:42:36,419 - INFO - <module> :  clicked
2022-10-12 16:42:36,495 - INFO - setup : Close Browser
