2022-10-26 15:39:45,683 - INFO - setup : Browser Launched!
2022-10-26 15:40:02,617 - INFO - <module> : Click on burger menu > Search Locations > Select Service ID No. > Search SIN
2022-10-26 15:40:02,617 - INFO - <module> : Click on burger menu > Search Locations > Select Service ID No. > Search SIN
2022-10-26 15:40:02,617 - INFO - <module> : Click on burger menu > Search Locations > Select Service ID No. > Search SIN
2022-10-26 15:40:02,617 - INFO - <module> : Click on burger menu > Search Locations > Select Service ID No. > Search SIN
2022-10-26 15:40:04,701 - INFO - <module> : Opened: https://outage-api.meralco.com.ph/
2022-10-26 15:40:04,701 - INFO - <module> : Opened: https://outage-api.meralco.com.ph/
2022-10-26 15:40:04,701 - INFO - <module> : Opened: https://outage-api.meralco.com.ph/
2022-10-26 15:40:04,701 - INFO - <module> : Opened: https://outage-api.meralco.com.ph/
2022-10-26 15:40:06,987 - INFO - <module> : input: v-lvlgalvez@meralco.com.ph
2022-10-26 15:40:06,987 - INFO - <module> : input: v-lvlgalvez@meralco.com.ph
2022-10-26 15:40:06,987 - INFO - <module> : input: v-lvlgalvez@meralco.com.ph
2022-10-26 15:40:06,987 - INFO - <module> : input: v-lvlgalvez@meralco.com.ph
2022-10-26 15:40:07,117 - INFO - <module> : Clicked
2022-10-26 15:40:07,117 - INFO - <module> : Clicked
2022-10-26 15:40:07,117 - INFO - <module> : Clicked
2022-10-26 15:40:07,117 - INFO - <module> : Clicked
2022-10-26 15:40:08,437 - INFO - <module> : input: Mecopass@@!!129
2022-10-26 15:40:08,437 - INFO - <module> : input: Mecopass@@!!129
2022-10-26 15:40:08,437 - INFO - <module> : input: Mecopass@@!!129
2022-10-26 15:40:08,437 - INFO - <module> : input: Mecopass@@!!129
2022-10-26 15:40:09,551 - INFO - <module> : Clicked
2022-10-26 15:40:09,551 - INFO - <module> : Clicked
2022-10-26 15:40:09,551 - INFO - <module> : Clicked
2022-10-26 15:40:09,551 - INFO - <module> : Clicked
2022-10-26 15:40:10,347 - INFO - <module> : Clicked
2022-10-26 15:40:10,347 - INFO - <module> : Clicked
2022-10-26 15:40:10,347 - INFO - <module> : Clicked
2022-10-26 15:40:10,347 - INFO - <module> : Clicked
2022-10-26 15:40:41,039 - INFO - <module> : Clicked
2022-10-26 15:40:41,039 - INFO - <module> : Clicked
2022-10-26 15:40:41,039 - INFO - <module> : Clicked
2022-10-26 15:40:41,039 - INFO - <module> : Clicked
2022-10-26 15:40:45,200 - INFO - <module> :  clicked
2022-10-26 15:40:45,200 - INFO - <module> :  clicked
2022-10-26 15:40:45,200 - INFO - <module> :  clicked
2022-10-26 15:40:45,200 - INFO - <module> :  clicked
2022-10-26 15:40:45,453 - INFO - <module> : Search Locations clicked
2022-10-26 15:40:45,453 - INFO - <module> : Search Locations clicked
2022-10-26 15:40:45,453 - INFO - <module> : Search Locations clicked
2022-10-26 15:40:45,453 - INFO - <module> : Search Locations clicked
2022-10-26 15:40:45,671 - INFO - <module> : Service ID No.
arrow_drop_down clicked
2022-10-26 15:40:45,671 - INFO - <module> : Service ID No.
arrow_drop_down clicked
2022-10-26 15:40:45,671 - INFO - <module> : Service ID No.
arrow_drop_down clicked
2022-10-26 15:40:45,671 - INFO - <module> : Service ID No.
arrow_drop_down clicked
2022-10-26 15:40:45,792 - INFO - <module> : Service ID No. clicked
2022-10-26 15:40:45,792 - INFO - <module> : Service ID No. clicked
2022-10-26 15:40:45,792 - INFO - <module> : Service ID No. clicked
2022-10-26 15:40:45,792 - INFO - <module> : Service ID No. clicked
2022-10-26 15:40:46,070 - INFO - <module> : input: 461098700101
2022-10-26 15:40:46,070 - INFO - <module> : input: 461098700101
2022-10-26 15:40:46,070 - INFO - <module> : input: 461098700101
2022-10-26 15:40:46,070 - INFO - <module> : input: 461098700101
2022-10-26 15:40:46,186 - INFO - <module> : Enter: 
2022-10-26 15:40:46,186 - INFO - <module> : Enter: 
2022-10-26 15:40:46,186 - INFO - <module> : Enter: 
2022-10-26 15:40:46,186 - INFO - <module> : Enter: 
2022-10-26 15:40:48,920 - INFO - setup : Close Browser
