2023-01-11 09:29:32,782 - INFO - setup : Browser Launched!
2023-01-11 09:29:46,427 - INFO - <module> : Go to Outages & Incidents > Report Streetlight And Safety Concerns
2023-01-11 09:29:46,427 - INFO - <module> : Go to Outages & Incidents > Report Streetlight And Safety Concerns
2023-01-11 09:29:46,427 - INFO - <module> : Go to Outages & Incidents > Report Streetlight And Safety Concerns
2023-01-11 09:29:46,427 - INFO - <module> : Go to Outages & Incidents > Report Streetlight And Safety Concerns
2023-01-11 09:29:46,427 - INFO - <module> : Go to Outages & Incidents > Report Streetlight And Safety Concerns
2023-01-11 09:29:54,260 - INFO - <module> : Opened: https://fuat-meralco.cs73.force.com/customers/s/outagemap
2023-01-11 09:29:54,260 - INFO - <module> : Opened: https://fuat-meralco.cs73.force.com/customers/s/outagemap
2023-01-11 09:29:54,260 - INFO - <module> : Opened: https://fuat-meralco.cs73.force.com/customers/s/outagemap
2023-01-11 09:29:54,260 - INFO - <module> : Opened: https://fuat-meralco.cs73.force.com/customers/s/outagemap
2023-01-11 09:29:54,260 - INFO - <module> : Opened: https://fuat-meralco.cs73.force.com/customers/s/outagemap
2023-01-11 09:29:57,692 - INFO - <module> : Meralco would like to access your location to identify if your area is affected by an outage. exists
2023-01-11 09:29:57,692 - INFO - <module> : Meralco would like to access your location to identify if your area is affected by an outage. exists
2023-01-11 09:29:57,692 - INFO - <module> : Meralco would like to access your location to identify if your area is affected by an outage. exists
2023-01-11 09:29:57,692 - INFO - <module> : Meralco would like to access your location to identify if your area is affected by an outage. exists
2023-01-11 09:29:57,692 - INFO - <module> : Meralco would like to access your location to identify if your area is affected by an outage. exists
2023-01-11 09:29:59,802 - INFO - <module> : Clicked
2023-01-11 09:29:59,802 - INFO - <module> : Clicked
2023-01-11 09:29:59,802 - INFO - <module> : Clicked
2023-01-11 09:29:59,802 - INFO - <module> : Clicked
2023-01-11 09:29:59,802 - INFO - <module> : Clicked
2023-01-11 09:30:03,911 - INFO - <module> : Clicked
2023-01-11 09:30:03,911 - INFO - <module> : Clicked
2023-01-11 09:30:03,911 - INFO - <module> : Clicked
2023-01-11 09:30:03,911 - INFO - <module> : Clicked
2023-01-11 09:30:03,911 - INFO - <module> : Clicked
2023-01-11 09:30:16,740 - INFO - <module> : Report an Outage or Incident exists
2023-01-11 09:30:16,740 - INFO - <module> : Report an Outage or Incident exists
2023-01-11 09:30:16,740 - INFO - <module> : Report an Outage or Incident exists
2023-01-11 09:30:16,740 - INFO - <module> : Report an Outage or Incident exists
2023-01-11 09:30:16,740 - INFO - <module> : Report an Outage or Incident exists
2023-01-11 09:30:16,806 - INFO - <module> : Clicked
2023-01-11 09:30:16,806 - INFO - <module> : Clicked
2023-01-11 09:30:16,806 - INFO - <module> : Clicked
2023-01-11 09:30:16,806 - INFO - <module> : Clicked
2023-01-11 09:30:16,806 - INFO - <module> : Clicked
2023-01-11 09:30:26,067 - INFO - <module> : Clicked
2023-01-11 09:30:26,067 - INFO - <module> : Clicked
2023-01-11 09:30:26,067 - INFO - <module> : Clicked
2023-01-11 09:30:26,067 - INFO - <module> : Clicked
2023-01-11 09:30:26,067 - INFO - <module> : Clicked
2023-01-11 09:30:29,017 - INFO - <module> : Populate required fields > click Submit
2023-01-11 09:30:29,017 - INFO - <module> : Populate required fields > click Submit
2023-01-11 09:30:29,017 - INFO - <module> : Populate required fields > click Submit
2023-01-11 09:30:29,017 - INFO - <module> : Populate required fields > click Submit
2023-01-11 09:30:29,017 - INFO - <module> : Populate required fields > click Submit
2023-01-11 09:30:51,481 - INFO - setup : Close Browser
