2023-01-11 10:37:05,449 - INFO - setup : Browser Launched!
2023-01-11 10:38:07,942 - INFO - <module> : Go to Outages & Incidents > Report Streetlight And Safety Concerns
2023-01-11 10:38:07,942 - INFO - <module> : Go to Outages & Incidents > Report Streetlight And Safety Concerns
2023-01-11 10:38:07,942 - INFO - <module> : Go to Outages & Incidents > Report Streetlight And Safety Concerns
2023-01-11 10:38:07,942 - INFO - <module> : Go to Outages & Incidents > Report Streetlight And Safety Concerns
2023-01-11 10:38:07,942 - INFO - <module> : Go to Outages & Incidents > Report Streetlight And Safety Concerns
2023-01-11 10:39:10,450 - INFO - <module> : Opened: https://fuat-meralco.cs73.force.com/customers/s/outagemap
2023-01-11 10:39:10,450 - INFO - <module> : Opened: https://fuat-meralco.cs73.force.com/customers/s/outagemap
2023-01-11 10:39:10,450 - INFO - <module> : Opened: https://fuat-meralco.cs73.force.com/customers/s/outagemap
2023-01-11 10:39:10,450 - INFO - <module> : Opened: https://fuat-meralco.cs73.force.com/customers/s/outagemap
2023-01-11 10:39:10,450 - INFO - <module> : Opened: https://fuat-meralco.cs73.force.com/customers/s/outagemap
2023-01-11 10:39:10,695 - INFO - <module> : Meralco would like to access your location to identify if your area is affected by an outage. exists
2023-01-11 10:39:10,695 - INFO - <module> : Meralco would like to access your location to identify if your area is affected by an outage. exists
2023-01-11 10:39:10,695 - INFO - <module> : Meralco would like to access your location to identify if your area is affected by an outage. exists
2023-01-11 10:39:10,695 - INFO - <module> : Meralco would like to access your location to identify if your area is affected by an outage. exists
2023-01-11 10:39:10,695 - INFO - <module> : Meralco would like to access your location to identify if your area is affected by an outage. exists
2023-01-11 10:39:12,809 - INFO - <module> : Clicked
2023-01-11 10:39:12,809 - INFO - <module> : Clicked
2023-01-11 10:39:12,809 - INFO - <module> : Clicked
2023-01-11 10:39:12,809 - INFO - <module> : Clicked
2023-01-11 10:39:12,809 - INFO - <module> : Clicked
2023-01-11 10:39:16,928 - INFO - <module> : Clicked
2023-01-11 10:39:16,928 - INFO - <module> : Clicked
2023-01-11 10:39:16,928 - INFO - <module> : Clicked
2023-01-11 10:39:16,928 - INFO - <module> : Clicked
2023-01-11 10:39:16,928 - INFO - <module> : Clicked
2023-01-11 10:39:29,361 - INFO - <module> : Report an Outage or Incident exists
2023-01-11 10:39:29,361 - INFO - <module> : Report an Outage or Incident exists
2023-01-11 10:39:29,361 - INFO - <module> : Report an Outage or Incident exists
2023-01-11 10:39:29,361 - INFO - <module> : Report an Outage or Incident exists
2023-01-11 10:39:29,361 - INFO - <module> : Report an Outage or Incident exists
2023-01-11 10:39:29,439 - INFO - <module> : Clicked
2023-01-11 10:39:29,439 - INFO - <module> : Clicked
2023-01-11 10:39:29,439 - INFO - <module> : Clicked
2023-01-11 10:39:29,439 - INFO - <module> : Clicked
2023-01-11 10:39:29,439 - INFO - <module> : Clicked
2023-01-11 10:39:53,469 - INFO - <module> : Clicked
2023-01-11 10:39:53,469 - INFO - <module> : Clicked
2023-01-11 10:39:53,469 - INFO - <module> : Clicked
2023-01-11 10:39:53,469 - INFO - <module> : Clicked
2023-01-11 10:39:53,469 - INFO - <module> : Clicked
2023-01-11 10:39:56,346 - INFO - <module> : Populate required fields > click Submit
2023-01-11 10:39:56,346 - INFO - <module> : Populate required fields > click Submit
2023-01-11 10:39:56,346 - INFO - <module> : Populate required fields > click Submit
2023-01-11 10:39:56,346 - INFO - <module> : Populate required fields > click Submit
2023-01-11 10:39:56,346 - INFO - <module> : Populate required fields > click Submit
2023-01-11 10:39:56,426 - INFO - <module> : Clicked
2023-01-11 10:39:56,426 - INFO - <module> : Clicked
2023-01-11 10:39:56,426 - INFO - <module> : Clicked
2023-01-11 10:39:56,426 - INFO - <module> : Clicked
2023-01-11 10:39:56,426 - INFO - <module> : Clicked
2023-01-11 10:39:56,999 - INFO - <module> : Clicked
2023-01-11 10:39:56,999 - INFO - <module> : Clicked
2023-01-11 10:39:56,999 - INFO - <module> : Clicked
2023-01-11 10:39:56,999 - INFO - <module> : Clicked
2023-01-11 10:39:56,999 - INFO - <module> : Clicked
2023-01-11 10:39:58,083 - INFO - <module> : Clicked
2023-01-11 10:39:58,083 - INFO - <module> : Clicked
2023-01-11 10:39:58,083 - INFO - <module> : Clicked
2023-01-11 10:39:58,083 - INFO - <module> : Clicked
2023-01-11 10:39:58,083 - INFO - <module> : Clicked
2023-01-11 10:39:59,917 - INFO - <module> : Clicked
2023-01-11 10:39:59,917 - INFO - <module> : Clicked
2023-01-11 10:39:59,917 - INFO - <module> : Clicked
2023-01-11 10:39:59,917 - INFO - <module> : Clicked
2023-01-11 10:39:59,917 - INFO - <module> : Clicked
2023-01-11 10:40:00,499 - INFO - <module> : Clicked
2023-01-11 10:40:00,499 - INFO - <module> : Clicked
2023-01-11 10:40:00,499 - INFO - <module> : Clicked
2023-01-11 10:40:00,499 - INFO - <module> : Clicked
2023-01-11 10:40:00,499 - INFO - <module> : Clicked
2023-01-11 10:40:00,581 - INFO - <module> : input: 123
2023-01-11 10:40:00,581 - INFO - <module> : input: 123
2023-01-11 10:40:00,581 - INFO - <module> : input: 123
2023-01-11 10:40:00,581 - INFO - <module> : input: 123
2023-01-11 10:40:00,581 - INFO - <module> : input: 123
2023-01-11 10:40:00,669 - INFO - <module> : Clicked
2023-01-11 10:40:00,669 - INFO - <module> : Clicked
2023-01-11 10:40:00,669 - INFO - <module> : Clicked
2023-01-11 10:40:00,669 - INFO - <module> : Clicked
2023-01-11 10:40:00,669 - INFO - <module> : Clicked
2023-01-11 10:40:01,166 - INFO - <module> : Clicked
2023-01-11 10:40:01,166 - INFO - <module> : Clicked
2023-01-11 10:40:01,166 - INFO - <module> : Clicked
2023-01-11 10:40:01,166 - INFO - <module> : Clicked
2023-01-11 10:40:01,166 - INFO - <module> : Clicked
2023-01-11 10:40:01,330 - INFO - <module> : input: Sample Text
2023-01-11 10:40:01,330 - INFO - <module> : input: Sample Text
2023-01-11 10:40:01,330 - INFO - <module> : input: Sample Text
2023-01-11 10:40:01,330 - INFO - <module> : input: Sample Text
2023-01-11 10:40:01,330 - INFO - <module> : input: Sample Text
2023-01-11 10:40:01,445 - INFO - <module> : input: sample
2023-01-11 10:40:01,445 - INFO - <module> : input: sample
2023-01-11 10:40:01,445 - INFO - <module> : input: sample
2023-01-11 10:40:01,445 - INFO - <module> : input: sample
2023-01-11 10:40:01,445 - INFO - <module> : input: sample
2023-01-11 10:40:01,541 - INFO - <module> : input: middle
2023-01-11 10:40:01,541 - INFO - <module> : input: middle
2023-01-11 10:40:01,541 - INFO - <module> : input: middle
2023-01-11 10:40:01,541 - INFO - <module> : input: middle
2023-01-11 10:40:01,541 - INFO - <module> : input: middle
2023-01-11 10:40:01,630 - INFO - <module> : input: report
2023-01-11 10:40:01,630 - INFO - <module> : input: report
2023-01-11 10:40:01,630 - INFO - <module> : input: report
2023-01-11 10:40:01,630 - INFO - <module> : input: report
2023-01-11 10:40:01,630 - INFO - <module> : input: report
2023-01-11 10:40:01,718 - INFO - <module> : input: +639276597262
2023-01-11 10:40:01,718 - INFO - <module> : input: +639276597262
2023-01-11 10:40:01,718 - INFO - <module> : input: +639276597262
2023-01-11 10:40:01,718 - INFO - <module> : input: +639276597262
2023-01-11 10:40:01,718 - INFO - <module> : input: +639276597262
2023-01-11 10:40:01,817 - INFO - <module> : input: 
2023-01-11 10:40:01,817 - INFO - <module> : input: 
2023-01-11 10:40:01,817 - INFO - <module> : input: 
2023-01-11 10:40:01,817 - INFO - <module> : input: 
2023-01-11 10:40:01,817 - INFO - <module> : input: 
2023-01-11 10:40:01,934 - INFO - <module> : input: testautomationoutage@yopmail.com
2023-01-11 10:40:01,934 - INFO - <module> : input: testautomationoutage@yopmail.com
2023-01-11 10:40:01,934 - INFO - <module> : input: testautomationoutage@yopmail.com
2023-01-11 10:40:01,934 - INFO - <module> : input: testautomationoutage@yopmail.com
2023-01-11 10:40:01,934 - INFO - <module> : input: testautomationoutage@yopmail.com
2023-01-11 10:40:02,021 - INFO - <module> : Clicked
2023-01-11 10:40:02,021 - INFO - <module> : Clicked
2023-01-11 10:40:02,021 - INFO - <module> : Clicked
2023-01-11 10:40:02,021 - INFO - <module> : Clicked
2023-01-11 10:40:02,021 - INFO - <module> : Clicked
2023-01-11 10:40:02,114 - INFO - <module> : Clicked
2023-01-11 10:40:02,114 - INFO - <module> : Clicked
2023-01-11 10:40:02,114 - INFO - <module> : Clicked
2023-01-11 10:40:02,114 - INFO - <module> : Clicked
2023-01-11 10:40:02,114 - INFO - <module> : Clicked
2023-01-11 10:40:02,180 - INFO - <module> : Clicked
2023-01-11 10:40:02,180 - INFO - <module> : Clicked
2023-01-11 10:40:02,180 - INFO - <module> : Clicked
2023-01-11 10:40:02,180 - INFO - <module> : Clicked
2023-01-11 10:40:02,180 - INFO - <module> : Clicked
2023-01-11 10:40:04,489 - INFO - <module> : Clicked
2023-01-11 10:40:04,489 - INFO - <module> : Clicked
2023-01-11 10:40:04,489 - INFO - <module> : Clicked
2023-01-11 10:40:04,489 - INFO - <module> : Clicked
2023-01-11 10:40:04,489 - INFO - <module> : Clicked
2023-01-11 10:40:12,748 - INFO - setup : Close Browser
