2022-11-18 15:46:34,943 - INFO - setup : Browser Launched!
2022-11-18 15:46:46,658 - INFO - <module> : Opened: https://outage-api.meralco.com.ph/
2022-11-18 15:46:46,658 - INFO - <module> : Opened: https://outage-api.meralco.com.ph/
2022-11-18 15:46:46,658 - INFO - <module> : Opened: https://outage-api.meralco.com.ph/
2022-11-18 15:46:46,658 - INFO - <module> : Opened: https://outage-api.meralco.com.ph/
2022-11-18 15:46:49,617 - INFO - <module> : input: v-agsealmoy@meralco.com.ph
2022-11-18 15:46:49,617 - INFO - <module> : input: v-agsealmoy@meralco.com.ph
2022-11-18 15:46:49,617 - INFO - <module> : input: v-agsealmoy@meralco.com.ph
2022-11-18 15:46:49,617 - INFO - <module> : input: v-agsealmoy@meralco.com.ph
2022-11-18 15:46:49,718 - INFO - <module> : Clicked
2022-11-18 15:46:49,718 - INFO - <module> : Clicked
2022-11-18 15:46:49,718 - INFO - <module> : Clicked
2022-11-18 15:46:49,718 - INFO - <module> : Clicked
2022-11-18 15:46:50,854 - INFO - <module> : input: Meco@@##00018
2022-11-18 15:46:50,854 - INFO - <module> : input: Meco@@##00018
2022-11-18 15:46:50,854 - INFO - <module> : input: Meco@@##00018
2022-11-18 15:46:50,854 - INFO - <module> : input: Meco@@##00018
2022-11-18 15:46:51,319 - INFO - <module> : Clicked
2022-11-18 15:46:51,319 - INFO - <module> : Clicked
2022-11-18 15:46:51,319 - INFO - <module> : Clicked
2022-11-18 15:46:51,319 - INFO - <module> : Clicked
2022-11-18 15:46:51,984 - INFO - <module> : Clicked
2022-11-18 15:46:51,984 - INFO - <module> : Clicked
2022-11-18 15:46:51,984 - INFO - <module> : Clicked
2022-11-18 15:46:51,984 - INFO - <module> : Clicked
2022-11-18 15:47:20,237 - INFO - <module> : Clicked
2022-11-18 15:47:20,237 - INFO - <module> : Clicked
2022-11-18 15:47:20,237 - INFO - <module> : Clicked
2022-11-18 15:47:20,237 - INFO - <module> : Clicked
2022-11-18 15:47:53,899 - INFO - <module> : Zoom in using scroll wheel
2022-11-18 15:47:53,899 - INFO - <module> : Zoom in using scroll wheel
2022-11-18 15:47:53,899 - INFO - <module> : Zoom in using scroll wheel
2022-11-18 15:47:53,899 - INFO - <module> : Zoom in using scroll wheel
2022-11-18 15:48:01,495 - INFO - setup : Close Browser
