2023-01-03 15:28:33,312 - INFO - setup : Browser Launched!
2023-01-03 15:29:03,318 - INFO - <module> : Opened: https://fuat-meralco.cs73.force.com/customers/s/cxe-apply
2023-01-03 15:29:03,318 - INFO - <module> : Opened: https://fuat-meralco.cs73.force.com/customers/s/cxe-apply
2023-01-03 15:29:03,318 - INFO - <module> : Opened: https://fuat-meralco.cs73.force.com/customers/s/cxe-apply
2023-01-03 15:29:03,318 - INFO - <module> : Opened: https://fuat-meralco.cs73.force.com/customers/s/cxe-apply
2023-01-03 15:29:09,535 - INFO - <module> : Service Application exists
2023-01-03 15:29:09,535 - INFO - <module> : Service Application exists
2023-01-03 15:29:09,535 - INFO - <module> : Service Application exists
2023-01-03 15:29:09,535 - INFO - <module> : Service Application exists
2023-01-03 15:29:12,900 - INFO - <module> : Clicked
2023-01-03 15:29:12,900 - INFO - <module> : Clicked
2023-01-03 15:29:12,900 - INFO - <module> : Clicked
2023-01-03 15:29:12,900 - INFO - <module> : Clicked
2023-01-03 15:29:16,212 - INFO - <module> : Clicked
2023-01-03 15:29:16,212 - INFO - <module> : Clicked
2023-01-03 15:29:16,212 - INFO - <module> : Clicked
2023-01-03 15:29:16,212 - INFO - <module> : Clicked
2023-01-03 15:29:25,430 - INFO - <module> : Clicked
2023-01-03 15:29:25,430 - INFO - <module> : Clicked
2023-01-03 15:29:25,430 - INFO - <module> : Clicked
2023-01-03 15:29:25,430 - INFO - <module> : Clicked
2023-01-03 15:29:30,972 - INFO - <module> : input: EarlMO1222@yopmail.com
2023-01-03 15:29:30,972 - INFO - <module> : input: EarlMO1222@yopmail.com
2023-01-03 15:29:30,972 - INFO - <module> : input: EarlMO1222@yopmail.com
2023-01-03 15:29:30,972 - INFO - <module> : input: EarlMO1222@yopmail.com
2023-01-03 15:29:31,051 - INFO - <module> : input: atfirst1
2023-01-03 15:29:31,051 - INFO - <module> : input: atfirst1
2023-01-03 15:29:31,051 - INFO - <module> : input: atfirst1
2023-01-03 15:29:31,051 - INFO - <module> : input: atfirst1
2023-01-03 15:29:31,228 - INFO - <module> : input: atlast1
2023-01-03 15:29:31,228 - INFO - <module> : input: atlast1
2023-01-03 15:29:31,228 - INFO - <module> : input: atlast1
2023-01-03 15:29:31,228 - INFO - <module> : input: atlast1
2023-01-03 15:29:31,289 - INFO - <module> : input: 9234567891
2023-01-03 15:29:31,289 - INFO - <module> : input: 9234567891
2023-01-03 15:29:31,289 - INFO - <module> : input: 9234567891
2023-01-03 15:29:31,289 - INFO - <module> : input: 9234567891
2023-01-03 15:29:31,845 - INFO - <module> : Clicked
2023-01-03 15:29:31,845 - INFO - <module> : Clicked
2023-01-03 15:29:31,845 - INFO - <module> : Clicked
2023-01-03 15:29:31,845 - INFO - <module> : Clicked
2023-01-03 15:29:32,272 - INFO - <module> : Clicked
2023-01-03 15:29:32,272 - INFO - <module> : Clicked
2023-01-03 15:29:32,272 - INFO - <module> : Clicked
2023-01-03 15:29:32,272 - INFO - <module> : Clicked
2023-01-03 15:29:40,002 - INFO - <module> : Opened: https://yopmail.com/en/
2023-01-03 15:29:40,002 - INFO - <module> : Opened: https://yopmail.com/en/
2023-01-03 15:29:40,002 - INFO - <module> : Opened: https://yopmail.com/en/
2023-01-03 15:29:40,002 - INFO - <module> : Opened: https://yopmail.com/en/
2023-01-03 15:29:48,128 - INFO - <module> : input: EarlMO1222@yopmail.com
2023-01-03 15:29:48,128 - INFO - <module> : input: EarlMO1222@yopmail.com
2023-01-03 15:29:48,128 - INFO - <module> : input: EarlMO1222@yopmail.com
2023-01-03 15:29:48,128 - INFO - <module> : input: EarlMO1222@yopmail.com
2023-01-03 15:29:49,568 - INFO - <module> : Clicked
2023-01-03 15:29:49,568 - INFO - <module> : Clicked
2023-01-03 15:29:49,568 - INFO - <module> : Clicked
2023-01-03 15:29:49,568 - INFO - <module> : Clicked
2023-01-03 15:30:17,968 - INFO - setup : Close Browser
