2022-10-18 14:19:38,217 - INFO - setup : Browser Launched!
2022-10-18 14:20:00,671 - INFO - <module> : Go to https://fuat-meralco.cs73.force.com/customers/s/outagemap
2022-10-18 14:20:00,671 - INFO - <module> : Go to https://fuat-meralco.cs73.force.com/customers/s/outagemap
2022-10-18 14:20:00,671 - INFO - <module> : Go to https://fuat-meralco.cs73.force.com/customers/s/outagemap
2022-10-18 14:20:00,671 - INFO - <module> : Go to https://fuat-meralco.cs73.force.com/customers/s/outagemap
2022-10-18 14:20:04,279 - INFO - <module> : Opened: https://fuat-meralco.cs73.force.com/customers/s/outagemap
2022-10-18 14:20:04,279 - INFO - <module> : Opened: https://fuat-meralco.cs73.force.com/customers/s/outagemap
2022-10-18 14:20:04,279 - INFO - <module> : Opened: https://fuat-meralco.cs73.force.com/customers/s/outagemap
2022-10-18 14:20:04,279 - INFO - <module> : Opened: https://fuat-meralco.cs73.force.com/customers/s/outagemap
2022-10-18 14:20:13,135 - INFO - <module> : On the left side, hover on tooltip beside Other Address
2022-10-18 14:20:13,135 - INFO - <module> : On the left side, hover on tooltip beside Other Address
2022-10-18 14:20:13,135 - INFO - <module> : On the left side, hover on tooltip beside Other Address
2022-10-18 14:20:13,135 - INFO - <module> : On the left side, hover on tooltip beside Other Address
2022-10-18 14:20:16,338 - INFO - <module> : Meralco would like to access your location to identify if your area is affected by an outage. exists
2022-10-18 14:20:16,338 - INFO - <module> : Meralco would like to access your location to identify if your area is affected by an outage. exists
2022-10-18 14:20:16,338 - INFO - <module> : Meralco would like to access your location to identify if your area is affected by an outage. exists
2022-10-18 14:20:16,338 - INFO - <module> : Meralco would like to access your location to identify if your area is affected by an outage. exists
2022-10-18 14:20:16,595 - INFO - <module> : Clicked
2022-10-18 14:20:16,595 - INFO - <module> : Clicked
2022-10-18 14:20:16,595 - INFO - <module> : Clicked
2022-10-18 14:20:16,595 - INFO - <module> : Clicked
2022-10-18 14:20:23,901 - INFO - <module> : Clicked
2022-10-18 14:20:23,901 - INFO - <module> : Clicked
2022-10-18 14:20:23,901 - INFO - <module> : Clicked
2022-10-18 14:20:23,901 - INFO - <module> : Clicked
2022-10-18 14:20:24,095 - INFO - setup : Close Browser
