2023-01-10 10:50:57,269 - INFO - setup : Browser Launched!
2023-01-10 10:51:03,803 - INFO - <module> : Go to Outages & Incidents > Report Streetlight And Safety Concerns
2023-01-10 10:51:03,803 - INFO - <module> : Go to Outages & Incidents > Report Streetlight And Safety Concerns
2023-01-10 10:51:03,803 - INFO - <module> : Go to Outages & Incidents > Report Streetlight And Safety Concerns
2023-01-10 10:51:03,803 - INFO - <module> : Go to Outages & Incidents > Report Streetlight And Safety Concerns
2023-01-10 10:51:03,803 - INFO - <module> : Go to Outages & Incidents > Report Streetlight And Safety Concerns
2023-01-10 10:51:07,431 - INFO - <module> : Opened: https://fuat-meralco.cs73.force.com/customers/s/outagemap
2023-01-10 10:51:07,431 - INFO - <module> : Opened: https://fuat-meralco.cs73.force.com/customers/s/outagemap
2023-01-10 10:51:07,431 - INFO - <module> : Opened: https://fuat-meralco.cs73.force.com/customers/s/outagemap
2023-01-10 10:51:07,431 - INFO - <module> : Opened: https://fuat-meralco.cs73.force.com/customers/s/outagemap
2023-01-10 10:51:07,431 - INFO - <module> : Opened: https://fuat-meralco.cs73.force.com/customers/s/outagemap
2023-01-10 10:51:12,994 - INFO - <module> : Meralco would like to access your location to identify if your area is affected by an outage. exists
2023-01-10 10:51:12,994 - INFO - <module> : Meralco would like to access your location to identify if your area is affected by an outage. exists
2023-01-10 10:51:12,994 - INFO - <module> : Meralco would like to access your location to identify if your area is affected by an outage. exists
2023-01-10 10:51:12,994 - INFO - <module> : Meralco would like to access your location to identify if your area is affected by an outage. exists
2023-01-10 10:51:12,994 - INFO - <module> : Meralco would like to access your location to identify if your area is affected by an outage. exists
2023-01-10 10:51:15,114 - INFO - <module> : Clicked
2023-01-10 10:51:15,114 - INFO - <module> : Clicked
2023-01-10 10:51:15,114 - INFO - <module> : Clicked
2023-01-10 10:51:15,114 - INFO - <module> : Clicked
2023-01-10 10:51:15,114 - INFO - <module> : Clicked
2023-01-10 10:51:19,236 - INFO - <module> : Clicked
2023-01-10 10:51:19,236 - INFO - <module> : Clicked
2023-01-10 10:51:19,236 - INFO - <module> : Clicked
2023-01-10 10:51:19,236 - INFO - <module> : Clicked
2023-01-10 10:51:19,236 - INFO - <module> : Clicked
2023-01-10 10:51:27,287 - INFO - <module> : Report an Outage or Incident exists
2023-01-10 10:51:27,287 - INFO - <module> : Report an Outage or Incident exists
2023-01-10 10:51:27,287 - INFO - <module> : Report an Outage or Incident exists
2023-01-10 10:51:27,287 - INFO - <module> : Report an Outage or Incident exists
2023-01-10 10:51:27,287 - INFO - <module> : Report an Outage or Incident exists
2023-01-10 10:51:27,347 - INFO - <module> : Clicked
2023-01-10 10:51:27,347 - INFO - <module> : Clicked
2023-01-10 10:51:27,347 - INFO - <module> : Clicked
2023-01-10 10:51:27,347 - INFO - <module> : Clicked
2023-01-10 10:51:27,347 - INFO - <module> : Clicked
2023-01-10 10:51:30,389 - INFO - <module> : Populate required fields > click Submit
2023-01-10 10:51:30,389 - INFO - <module> : Populate required fields > click Submit
2023-01-10 10:51:30,389 - INFO - <module> : Populate required fields > click Submit
2023-01-10 10:51:30,389 - INFO - <module> : Populate required fields > click Submit
2023-01-10 10:51:30,389 - INFO - <module> : Populate required fields > click Submit
2023-01-10 10:51:30,477 - INFO - <module> : Clicked
2023-01-10 10:51:30,477 - INFO - <module> : Clicked
2023-01-10 10:51:30,477 - INFO - <module> : Clicked
2023-01-10 10:51:30,477 - INFO - <module> : Clicked
2023-01-10 10:51:30,477 - INFO - <module> : Clicked
2023-01-10 10:51:30,584 - INFO - <module> : input: Sample Text
2023-01-10 10:51:30,584 - INFO - <module> : input: Sample Text
2023-01-10 10:51:30,584 - INFO - <module> : input: Sample Text
2023-01-10 10:51:30,584 - INFO - <module> : input: Sample Text
2023-01-10 10:51:30,584 - INFO - <module> : input: Sample Text
2023-01-10 10:51:30,640 - INFO - <module> : Clicked
2023-01-10 10:51:30,640 - INFO - <module> : Clicked
2023-01-10 10:51:30,640 - INFO - <module> : Clicked
2023-01-10 10:51:30,640 - INFO - <module> : Clicked
2023-01-10 10:51:30,640 - INFO - <module> : Clicked
2023-01-10 10:51:30,699 - INFO - <module> : Clicked
2023-01-10 10:51:30,699 - INFO - <module> : Clicked
2023-01-10 10:51:30,699 - INFO - <module> : Clicked
2023-01-10 10:51:30,699 - INFO - <module> : Clicked
2023-01-10 10:51:30,699 - INFO - <module> : Clicked
2023-01-10 10:51:30,767 - INFO - <module> : Clicked
2023-01-10 10:51:30,767 - INFO - <module> : Clicked
2023-01-10 10:51:30,767 - INFO - <module> : Clicked
2023-01-10 10:51:30,767 - INFO - <module> : Clicked
2023-01-10 10:51:30,767 - INFO - <module> : Clicked
2023-01-10 10:51:30,867 - INFO - <module> : Clicked
2023-01-10 10:51:30,867 - INFO - <module> : Clicked
2023-01-10 10:51:30,867 - INFO - <module> : Clicked
2023-01-10 10:51:30,867 - INFO - <module> : Clicked
2023-01-10 10:51:30,867 - INFO - <module> : Clicked
2023-01-10 10:51:33,136 - INFO - setup : Close Browser
