2022-11-17 10:45:28,532 - INFO - setup : Browser Launched!
2022-11-17 10:45:50,261 - INFO - <module> : Go to Map Displays -> tick Scheduled Interruption -> tick Outage Pins
2022-11-17 10:45:50,261 - INFO - <module> : Go to Map Displays -> tick Scheduled Interruption -> tick Outage Pins
2022-11-17 10:45:50,261 - INFO - <module> : Go to Map Displays -> tick Scheduled Interruption -> tick Outage Pins
2022-11-17 10:45:50,261 - INFO - <module> : Go to Map Displays -> tick Scheduled Interruption -> tick Outage Pins
2022-11-17 10:45:51,873 - INFO - <module> : Opened: https://outage-api.meralco.com.ph/
2022-11-17 10:45:51,873 - INFO - <module> : Opened: https://outage-api.meralco.com.ph/
2022-11-17 10:45:51,873 - INFO - <module> : Opened: https://outage-api.meralco.com.ph/
2022-11-17 10:45:51,873 - INFO - <module> : Opened: https://outage-api.meralco.com.ph/
2022-11-17 10:45:53,087 - INFO - <module> : input: v-lvlgalvez@meralco.com.ph
2022-11-17 10:45:53,087 - INFO - <module> : input: v-lvlgalvez@meralco.com.ph
2022-11-17 10:45:53,087 - INFO - <module> : input: v-lvlgalvez@meralco.com.ph
2022-11-17 10:45:53,087 - INFO - <module> : input: v-lvlgalvez@meralco.com.ph
2022-11-17 10:45:53,674 - INFO - <module> : Clicked
2022-11-17 10:45:53,674 - INFO - <module> : Clicked
2022-11-17 10:45:53,674 - INFO - <module> : Clicked
2022-11-17 10:45:53,674 - INFO - <module> : Clicked
2022-11-17 10:45:55,271 - INFO - <module> : input: Mecopass@@!!121
2022-11-17 10:45:55,271 - INFO - <module> : input: Mecopass@@!!121
2022-11-17 10:45:55,271 - INFO - <module> : input: Mecopass@@!!121
2022-11-17 10:45:55,271 - INFO - <module> : input: Mecopass@@!!121
2022-11-17 10:45:55,728 - INFO - <module> : Clicked
2022-11-17 10:45:55,728 - INFO - <module> : Clicked
2022-11-17 10:45:55,728 - INFO - <module> : Clicked
2022-11-17 10:45:55,728 - INFO - <module> : Clicked
2022-11-17 10:45:56,321 - INFO - <module> : Clicked
2022-11-17 10:45:56,321 - INFO - <module> : Clicked
2022-11-17 10:45:56,321 - INFO - <module> : Clicked
2022-11-17 10:45:56,321 - INFO - <module> : Clicked
2022-11-17 10:46:35,797 - INFO - <module> : Clicked
2022-11-17 10:46:35,797 - INFO - <module> : Clicked
2022-11-17 10:46:35,797 - INFO - <module> : Clicked
2022-11-17 10:46:35,797 - INFO - <module> : Clicked
2022-11-17 10:47:07,931 - INFO - <module> : Clicked
2022-11-17 10:47:07,931 - INFO - <module> : Clicked
2022-11-17 10:47:07,931 - INFO - <module> : Clicked
2022-11-17 10:47:07,931 - INFO - <module> : Clicked
2022-11-17 10:47:10,033 - INFO - <module> : Clicked
2022-11-17 10:47:10,033 - INFO - <module> : Clicked
2022-11-17 10:47:10,033 - INFO - <module> : Clicked
2022-11-17 10:47:10,033 - INFO - <module> : Clicked
2022-11-17 10:47:12,141 - INFO - <module> : Clicked
2022-11-17 10:47:12,141 - INFO - <module> : Clicked
2022-11-17 10:47:12,141 - INFO - <module> : Clicked
2022-11-17 10:47:12,141 - INFO - <module> : Clicked
2022-11-17 10:47:15,896 - INFO - <module> : Go to Map Displays -> tick Scheduled Interruptions -> tick Outage pins
2022-11-17 10:47:15,896 - INFO - <module> : Go to Map Displays -> tick Scheduled Interruptions -> tick Outage pins
2022-11-17 10:47:15,896 - INFO - <module> : Go to Map Displays -> tick Scheduled Interruptions -> tick Outage pins
2022-11-17 10:47:15,896 - INFO - <module> : Go to Map Displays -> tick Scheduled Interruptions -> tick Outage pins
2022-11-17 10:47:17,234 - INFO - setup : Close Browser
