2023-01-12 18:07:56,024 - INFO - setup : Browser Launched!
2023-01-12 18:08:27,312 - INFO - <module> : Opened: https://fuat-meralco.cs73.force.com/customers/s/cxe-apply
2023-01-12 18:08:27,312 - INFO - <module> : Opened: https://fuat-meralco.cs73.force.com/customers/s/cxe-apply
2023-01-12 18:08:27,312 - INFO - <module> : Opened: https://fuat-meralco.cs73.force.com/customers/s/cxe-apply
2023-01-12 18:08:27,312 - INFO - <module> : Opened: https://fuat-meralco.cs73.force.com/customers/s/cxe-apply
2023-01-12 18:08:28,284 - INFO - <module> : Service Application exists
2023-01-12 18:08:28,284 - INFO - <module> : Service Application exists
2023-01-12 18:08:28,284 - INFO - <module> : Service Application exists
2023-01-12 18:08:28,284 - INFO - <module> : Service Application exists
2023-01-12 18:08:31,485 - INFO - <module> : Clicked
2023-01-12 18:08:31,485 - INFO - <module> : Clicked
2023-01-12 18:08:31,485 - INFO - <module> : Clicked
2023-01-12 18:08:31,485 - INFO - <module> : Clicked
2023-01-12 18:08:34,539 - INFO - <module> : Clicked
2023-01-12 18:08:34,539 - INFO - <module> : Clicked
2023-01-12 18:08:34,539 - INFO - <module> : Clicked
2023-01-12 18:08:34,539 - INFO - <module> : Clicked
2023-01-12 18:08:41,213 - INFO - <module> : Clicked
2023-01-12 18:08:41,213 - INFO - <module> : Clicked
2023-01-12 18:08:41,213 - INFO - <module> : Clicked
2023-01-12 18:08:41,213 - INFO - <module> : Clicked
2023-01-12 18:08:44,812 - INFO - <module> : input: aaaaa23@yopmail.com
2023-01-12 18:08:44,812 - INFO - <module> : input: aaaaa23@yopmail.com
2023-01-12 18:08:44,812 - INFO - <module> : input: aaaaa23@yopmail.com
2023-01-12 18:08:44,812 - INFO - <module> : input: aaaaa23@yopmail.com
2023-01-12 18:08:44,942 - INFO - <module> : input: Zero Eleven
2023-01-12 18:08:44,942 - INFO - <module> : input: Zero Eleven
2023-01-12 18:08:44,942 - INFO - <module> : input: Zero Eleven
2023-01-12 18:08:44,942 - INFO - <module> : input: Zero Eleven
2023-01-12 18:08:45,039 - INFO - <module> : input: TS
2023-01-12 18:08:45,039 - INFO - <module> : input: TS
2023-01-12 18:08:45,039 - INFO - <module> : input: TS
2023-01-12 18:08:45,039 - INFO - <module> : input: TS
2023-01-12 18:08:45,112 - INFO - <module> : input: 9272437214
2023-01-12 18:08:45,112 - INFO - <module> : input: 9272437214
2023-01-12 18:08:45,112 - INFO - <module> : input: 9272437214
2023-01-12 18:08:45,112 - INFO - <module> : input: 9272437214
2023-01-12 18:08:45,526 - INFO - <module> : Clicked
2023-01-12 18:08:45,526 - INFO - <module> : Clicked
2023-01-12 18:08:45,526 - INFO - <module> : Clicked
2023-01-12 18:08:45,526 - INFO - <module> : Clicked
2023-01-12 18:08:48,589 - INFO - <module> : Clicked
2023-01-12 18:08:48,589 - INFO - <module> : Clicked
2023-01-12 18:08:48,589 - INFO - <module> : Clicked
2023-01-12 18:08:48,589 - INFO - <module> : Clicked
2023-01-12 18:08:57,206 - INFO - setup : Close Browser
