2022-10-19 15:23:16,194 - INFO - setup : Browser Launched!
2022-10-19 15:23:34,278 - INFO - <module> : Access outage reporting form for Guest users.
2022-10-19 15:23:34,278 - INFO - <module> : Access outage reporting form for Guest users.
2022-10-19 15:23:34,278 - INFO - <module> : Access outage reporting form for Guest users.
2022-10-19 15:23:34,278 - INFO - <module> : Access outage reporting form for Guest users.
2022-10-19 15:23:36,368 - INFO - <module> : Opened: https://fuat-meralco.cs73.force.com/customers/s/outagemap
2022-10-19 15:23:36,368 - INFO - <module> : Opened: https://fuat-meralco.cs73.force.com/customers/s/outagemap
2022-10-19 15:23:36,368 - INFO - <module> : Opened: https://fuat-meralco.cs73.force.com/customers/s/outagemap
2022-10-19 15:23:36,368 - INFO - <module> : Opened: https://fuat-meralco.cs73.force.com/customers/s/outagemap
2022-10-19 15:23:43,389 - INFO - <module> : Meralco would like to access your location to identify if your area is affected by an outage. exists
2022-10-19 15:23:43,389 - INFO - <module> : Meralco would like to access your location to identify if your area is affected by an outage. exists
2022-10-19 15:23:43,389 - INFO - <module> : Meralco would like to access your location to identify if your area is affected by an outage. exists
2022-10-19 15:23:43,389 - INFO - <module> : Meralco would like to access your location to identify if your area is affected by an outage. exists
2022-10-19 15:23:45,488 - INFO - <module> : Clicked
2022-10-19 15:23:45,488 - INFO - <module> : Clicked
2022-10-19 15:23:45,488 - INFO - <module> : Clicked
2022-10-19 15:23:45,488 - INFO - <module> : Clicked
2022-10-19 15:23:49,589 - INFO - <module> : Clicked
2022-10-19 15:23:49,589 - INFO - <module> : Clicked
2022-10-19 15:23:49,589 - INFO - <module> : Clicked
2022-10-19 15:23:49,589 - INFO - <module> : Clicked
2022-10-19 15:23:57,657 - INFO - <module> : Report an Outage or Incident exists
2022-10-19 15:23:57,657 - INFO - <module> : Report an Outage or Incident exists
2022-10-19 15:23:57,657 - INFO - <module> : Report an Outage or Incident exists
2022-10-19 15:23:57,657 - INFO - <module> : Report an Outage or Incident exists
2022-10-19 15:24:00,487 - INFO - <module> : Choose 'Streetlight Concern' from the 'What are you reporting?' option.
2022-10-19 15:24:00,487 - INFO - <module> : Choose 'Streetlight Concern' from the 'What are you reporting?' option.
2022-10-19 15:24:00,487 - INFO - <module> : Choose 'Streetlight Concern' from the 'What are you reporting?' option.
2022-10-19 15:24:00,487 - INFO - <module> : Choose 'Streetlight Concern' from the 'What are you reporting?' option.
2022-10-19 15:24:00,562 - INFO - <module> : Clicked
2022-10-19 15:24:00,562 - INFO - <module> : Clicked
2022-10-19 15:24:00,562 - INFO - <module> : Clicked
2022-10-19 15:24:00,562 - INFO - <module> : Clicked
2022-10-19 15:24:03,394 - INFO - <module> : Choose 'Yes' from the options.
2022-10-19 15:24:03,394 - INFO - <module> : Choose 'Yes' from the options.
2022-10-19 15:24:03,394 - INFO - <module> : Choose 'Yes' from the options.
2022-10-19 15:24:03,394 - INFO - <module> : Choose 'Yes' from the options.
2022-10-19 15:24:03,475 - INFO - <module> : Clicked
2022-10-19 15:24:03,475 - INFO - <module> : Clicked
2022-10-19 15:24:03,475 - INFO - <module> : Clicked
2022-10-19 15:24:03,475 - INFO - <module> : Clicked
2022-10-19 15:24:06,351 - INFO - <module> : Click the dropdown field for Q2.
2022-10-19 15:24:06,351 - INFO - <module> : Click the dropdown field for Q2.
2022-10-19 15:24:06,351 - INFO - <module> : Click the dropdown field for Q2.
2022-10-19 15:24:06,351 - INFO - <module> : Click the dropdown field for Q2.
2022-10-19 15:24:06,435 - INFO - <module> : Clicked
2022-10-19 15:24:06,435 - INFO - <module> : Clicked
2022-10-19 15:24:06,435 - INFO - <module> : Clicked
2022-10-19 15:24:06,435 - INFO - <module> : Clicked
2022-10-19 15:24:09,336 - INFO - <module> : Choose 'Streetlight is always on, even during daytime' from the option.
2022-10-19 15:24:09,336 - INFO - <module> : Choose 'Streetlight is always on, even during daytime' from the option.
2022-10-19 15:24:09,336 - INFO - <module> : Choose 'Streetlight is always on, even during daytime' from the option.
2022-10-19 15:24:09,336 - INFO - <module> : Choose 'Streetlight is always on, even during daytime' from the option.
2022-10-19 15:24:09,408 - INFO - <module> : Clicked
2022-10-19 15:24:09,408 - INFO - <module> : Clicked
2022-10-19 15:24:09,408 - INFO - <module> : Clicked
2022-10-19 15:24:09,408 - INFO - <module> : Clicked
2022-10-19 15:24:12,344 - INFO - <module> : Populate the following fields by selecting from one of the picklist values, as applicable:
- Province
- City/Municipality
- Barangay
- Subdivision
- Street
- House/Unit No./ Floor/ Building
2022-10-19 15:24:12,344 - INFO - <module> : Populate the following fields by selecting from one of the picklist values, as applicable:
- Province
- City/Municipality
- Barangay
- Subdivision
- Street
- House/Unit No./ Floor/ Building
2022-10-19 15:24:12,344 - INFO - <module> : Populate the following fields by selecting from one of the picklist values, as applicable:
- Province
- City/Municipality
- Barangay
- Subdivision
- Street
- House/Unit No./ Floor/ Building
2022-10-19 15:24:12,344 - INFO - <module> : Populate the following fields by selecting from one of the picklist values, as applicable:
- Province
- City/Municipality
- Barangay
- Subdivision
- Street
- House/Unit No./ Floor/ Building
2022-10-19 15:24:12,446 - INFO - <module> : Clicked
2022-10-19 15:24:12,446 - INFO - <module> : Clicked
2022-10-19 15:24:12,446 - INFO - <module> : Clicked
2022-10-19 15:24:12,446 - INFO - <module> : Clicked
2022-10-19 15:24:13,021 - INFO - <module> : Clicked
2022-10-19 15:24:13,021 - INFO - <module> : Clicked
2022-10-19 15:24:13,021 - INFO - <module> : Clicked
2022-10-19 15:24:13,021 - INFO - <module> : Clicked
2022-10-19 15:24:13,596 - INFO - <module> : Clicked
2022-10-19 15:24:13,596 - INFO - <module> : Clicked
2022-10-19 15:24:13,596 - INFO - <module> : Clicked
2022-10-19 15:24:13,596 - INFO - <module> : Clicked
2022-10-19 15:24:14,185 - INFO - <module> : Clicked
2022-10-19 15:24:14,185 - INFO - <module> : Clicked
2022-10-19 15:24:14,185 - INFO - <module> : Clicked
2022-10-19 15:24:14,185 - INFO - <module> : Clicked
2022-10-19 15:24:14,773 - INFO - <module> : Clicked
2022-10-19 15:24:14,773 - INFO - <module> : Clicked
2022-10-19 15:24:14,773 - INFO - <module> : Clicked
2022-10-19 15:24:14,773 - INFO - <module> : Clicked
2022-10-19 15:24:14,850 - INFO - <module> : input: 123
2022-10-19 15:24:14,850 - INFO - <module> : input: 123
2022-10-19 15:24:14,850 - INFO - <module> : input: 123
2022-10-19 15:24:14,850 - INFO - <module> : input: 123
2022-10-19 15:24:17,724 - INFO - <module> : Populate 'Pole Number' field.
Note: There should be no pending case associated to the encoded Pole Number.
2022-10-19 15:24:17,724 - INFO - <module> : Populate 'Pole Number' field.
Note: There should be no pending case associated to the encoded Pole Number.
2022-10-19 15:24:17,724 - INFO - <module> : Populate 'Pole Number' field.
Note: There should be no pending case associated to the encoded Pole Number.
2022-10-19 15:24:17,724 - INFO - <module> : Populate 'Pole Number' field.
Note: There should be no pending case associated to the encoded Pole Number.
2022-10-19 15:24:17,847 - INFO - <module> : input: 12
2022-10-19 15:24:17,847 - INFO - <module> : input: 12
2022-10-19 15:24:17,847 - INFO - <module> : input: 12
2022-10-19 15:24:17,847 - INFO - <module> : input: 12
2022-10-19 15:24:20,777 - INFO - <module> : Select the 'Landmarks/Directions' option and input values in the text box.
2022-10-19 15:24:20,777 - INFO - <module> : Select the 'Landmarks/Directions' option and input values in the text box.
2022-10-19 15:24:20,777 - INFO - <module> : Select the 'Landmarks/Directions' option and input values in the text box.
2022-10-19 15:24:20,777 - INFO - <module> : Select the 'Landmarks/Directions' option and input values in the text box.
2022-10-19 15:24:20,890 - INFO - <module> : Clicked
2022-10-19 15:24:20,890 - INFO - <module> : Clicked
2022-10-19 15:24:20,890 - INFO - <module> : Clicked
2022-10-19 15:24:20,890 - INFO - <module> : Clicked
2022-10-19 15:24:51,360 - ERROR - <module> : Cannot Locate: landmark_text
2022-10-19 15:24:51,360 - ERROR - <module> : Cannot Locate: landmark_text
2022-10-19 15:24:51,360 - ERROR - <module> : Cannot Locate: landmark_text
2022-10-19 15:24:51,360 - ERROR - <module> : Cannot Locate: landmark_text
2022-10-19 15:24:51,412 - INFO - setup : Close Browser
