2022-10-13 14:41:47,607 - INFO - setup : Browser Launched!
2022-10-13 14:41:58,644 - INFO - <module> : Go to External Map 
2022-10-13 14:41:58,644 - INFO - <module> : Go to External Map 
2022-10-13 14:41:58,644 - INFO - <module> : Go to External Map 
2022-10-13 14:41:58,644 - INFO - <module> : Go to External Map 
2022-10-13 14:41:58,766 - INFO - <module> : input: atmooutageaccount@yopmail.com
2022-10-13 14:41:58,766 - INFO - <module> : input: atmooutageaccount@yopmail.com
2022-10-13 14:41:58,766 - INFO - <module> : input: atmooutageaccount@yopmail.com
2022-10-13 14:41:58,766 - INFO - <module> : input: atmooutageaccount@yopmail.com
2022-10-13 14:41:58,847 - INFO - <module> : input: Meralco01
2022-10-13 14:41:58,847 - INFO - <module> : input: Meralco01
2022-10-13 14:41:58,847 - INFO - <module> : input: Meralco01
2022-10-13 14:41:58,847 - INFO - <module> : input: Meralco01
2022-10-13 14:41:58,905 - INFO - <module> : Log in clicked
2022-10-13 14:41:58,905 - INFO - <module> : Log in clicked
2022-10-13 14:41:58,905 - INFO - <module> : Log in clicked
2022-10-13 14:41:58,905 - INFO - <module> : Log in clicked
2022-10-13 14:42:02,933 - INFO - <module> : Hello, exists
2022-10-13 14:42:02,933 - INFO - <module> : Hello, exists
2022-10-13 14:42:02,933 - INFO - <module> : Hello, exists
2022-10-13 14:42:02,933 - INFO - <module> : Hello, exists
2022-10-13 14:42:02,958 - INFO - <module> : Hello, exists
2022-10-13 14:42:02,958 - INFO - <module> : Hello, exists
2022-10-13 14:42:02,958 - INFO - <module> : Hello, exists
2022-10-13 14:42:02,958 - INFO - <module> : Hello, exists
2022-10-13 14:42:05,174 - INFO - <module> : Outages & Incidents clicked
2022-10-13 14:42:05,174 - INFO - <module> : Outages & Incidents clicked
2022-10-13 14:42:05,174 - INFO - <module> : Outages & Incidents clicked
2022-10-13 14:42:05,174 - INFO - <module> : Outages & Incidents clicked
2022-10-13 14:42:05,222 - INFO - <module> :  clicked
2022-10-13 14:42:05,222 - INFO - <module> :  clicked
2022-10-13 14:42:05,222 - INFO - <module> :  clicked
2022-10-13 14:42:05,222 - INFO - <module> :  clicked
2022-10-13 14:42:15,588 - INFO - <module> : Okay clicked
2022-10-13 14:42:15,588 - INFO - <module> : Okay clicked
2022-10-13 14:42:15,588 - INFO - <module> : Okay clicked
2022-10-13 14:42:15,588 - INFO - <module> : Okay clicked
2022-10-13 14:42:18,393 - INFO - <module> : Select weather information to be displayed
2022-10-13 14:42:18,393 - INFO - <module> : Select weather information to be displayed
2022-10-13 14:42:18,393 - INFO - <module> : Select weather information to be displayed
2022-10-13 14:42:18,393 - INFO - <module> : Select weather information to be displayed
2022-10-13 14:42:18,512 - INFO - <module> :  clicked
2022-10-13 14:42:18,512 - INFO - <module> :  clicked
2022-10-13 14:42:18,512 - INFO - <module> :  clicked
2022-10-13 14:42:18,512 - INFO - <module> :  clicked
2022-10-13 14:42:20,876 - INFO - <module> :  clicked
2022-10-13 14:42:20,876 - INFO - <module> :  clicked
2022-10-13 14:42:20,876 - INFO - <module> :  clicked
2022-10-13 14:42:20,876 - INFO - <module> :  clicked
2022-10-13 14:42:21,439 - INFO - <module> : close clicked
2022-10-13 14:42:21,439 - INFO - <module> : close clicked
2022-10-13 14:42:21,439 - INFO - <module> : close clicked
2022-10-13 14:42:21,439 - INFO - <module> : close clicked
2022-10-13 14:42:31,526 - INFO - <module> :  clicked
2022-10-13 14:42:31,526 - INFO - <module> :  clicked
2022-10-13 14:42:31,526 - INFO - <module> :  clicked
2022-10-13 14:42:31,526 - INFO - <module> :  clicked
2022-10-13 14:42:34,417 - INFO - <module> : Adjust outage map zoom level to greater than 8
2022-10-13 14:42:34,417 - INFO - <module> : Adjust outage map zoom level to greater than 8
2022-10-13 14:42:34,417 - INFO - <module> : Adjust outage map zoom level to greater than 8
2022-10-13 14:42:34,417 - INFO - <module> : Adjust outage map zoom level to greater than 8
2022-10-13 14:42:34,611 - INFO - <module> : add clicked
2022-10-13 14:42:34,611 - INFO - <module> : add clicked
2022-10-13 14:42:34,611 - INFO - <module> : add clicked
2022-10-13 14:42:34,611 - INFO - <module> : add clicked
2022-10-13 14:42:34,779 - INFO - <module> : add clicked
2022-10-13 14:42:34,779 - INFO - <module> : add clicked
2022-10-13 14:42:34,779 - INFO - <module> : add clicked
2022-10-13 14:42:34,779 - INFO - <module> : add clicked
2022-10-13 14:42:34,895 - INFO - <module> : add clicked
2022-10-13 14:42:34,895 - INFO - <module> : add clicked
2022-10-13 14:42:34,895 - INFO - <module> : add clicked
2022-10-13 14:42:34,895 - INFO - <module> : add clicked
2022-10-13 14:42:35,031 - INFO - <module> : add clicked
2022-10-13 14:42:35,031 - INFO - <module> : add clicked
2022-10-13 14:42:35,031 - INFO - <module> : add clicked
2022-10-13 14:42:35,031 - INFO - <module> : add clicked
2022-10-13 14:42:35,694 - INFO - <module> : add clicked
2022-10-13 14:42:35,694 - INFO - <module> : add clicked
2022-10-13 14:42:35,694 - INFO - <module> : add clicked
2022-10-13 14:42:35,694 - INFO - <module> : add clicked
2022-10-13 14:42:35,801 - INFO - <module> : add clicked
2022-10-13 14:42:35,801 - INFO - <module> : add clicked
2022-10-13 14:42:35,801 - INFO - <module> : add clicked
2022-10-13 14:42:35,801 - INFO - <module> : add clicked
2022-10-13 14:42:38,759 - INFO - <module> : Validate weather icons in Internal Map
2022-10-13 14:42:38,759 - INFO - <module> : Validate weather icons in Internal Map
2022-10-13 14:42:38,759 - INFO - <module> : Validate weather icons in Internal Map
2022-10-13 14:42:38,759 - INFO - <module> : Validate weather icons in Internal Map
2022-10-13 14:42:41,368 - INFO - setup : Close Browser
