2023-01-11 09:35:41,054 - INFO - setup : Browser Launched!
2023-01-11 09:35:54,663 - INFO - <module> : Go to Outages & Incidents > Report Streetlight And Safety Concerns
2023-01-11 09:35:54,663 - INFO - <module> : Go to Outages & Incidents > Report Streetlight And Safety Concerns
2023-01-11 09:35:54,663 - INFO - <module> : Go to Outages & Incidents > Report Streetlight And Safety Concerns
2023-01-11 09:35:54,663 - INFO - <module> : Go to Outages & Incidents > Report Streetlight And Safety Concerns
2023-01-11 09:35:54,663 - INFO - <module> : Go to Outages & Incidents > Report Streetlight And Safety Concerns
2023-01-11 09:36:03,159 - INFO - <module> : Opened: https://fuat-meralco.cs73.force.com/customers/s/outagemap
2023-01-11 09:36:03,159 - INFO - <module> : Opened: https://fuat-meralco.cs73.force.com/customers/s/outagemap
2023-01-11 09:36:03,159 - INFO - <module> : Opened: https://fuat-meralco.cs73.force.com/customers/s/outagemap
2023-01-11 09:36:03,159 - INFO - <module> : Opened: https://fuat-meralco.cs73.force.com/customers/s/outagemap
2023-01-11 09:36:03,159 - INFO - <module> : Opened: https://fuat-meralco.cs73.force.com/customers/s/outagemap
2023-01-11 09:36:06,005 - INFO - <module> : Meralco would like to access your location to identify if your area is affected by an outage. exists
2023-01-11 09:36:06,005 - INFO - <module> : Meralco would like to access your location to identify if your area is affected by an outage. exists
2023-01-11 09:36:06,005 - INFO - <module> : Meralco would like to access your location to identify if your area is affected by an outage. exists
2023-01-11 09:36:06,005 - INFO - <module> : Meralco would like to access your location to identify if your area is affected by an outage. exists
2023-01-11 09:36:06,005 - INFO - <module> : Meralco would like to access your location to identify if your area is affected by an outage. exists
2023-01-11 09:36:08,138 - INFO - <module> : Clicked
2023-01-11 09:36:08,138 - INFO - <module> : Clicked
2023-01-11 09:36:08,138 - INFO - <module> : Clicked
2023-01-11 09:36:08,138 - INFO - <module> : Clicked
2023-01-11 09:36:08,138 - INFO - <module> : Clicked
2023-01-11 09:36:12,237 - INFO - <module> : Clicked
2023-01-11 09:36:12,237 - INFO - <module> : Clicked
2023-01-11 09:36:12,237 - INFO - <module> : Clicked
2023-01-11 09:36:12,237 - INFO - <module> : Clicked
2023-01-11 09:36:12,237 - INFO - <module> : Clicked
2023-01-11 09:36:23,304 - INFO - <module> : Report an Outage or Incident exists
2023-01-11 09:36:23,304 - INFO - <module> : Report an Outage or Incident exists
2023-01-11 09:36:23,304 - INFO - <module> : Report an Outage or Incident exists
2023-01-11 09:36:23,304 - INFO - <module> : Report an Outage or Incident exists
2023-01-11 09:36:23,304 - INFO - <module> : Report an Outage or Incident exists
2023-01-11 09:36:23,364 - INFO - <module> : Clicked
2023-01-11 09:36:23,364 - INFO - <module> : Clicked
2023-01-11 09:36:23,364 - INFO - <module> : Clicked
2023-01-11 09:36:23,364 - INFO - <module> : Clicked
2023-01-11 09:36:23,364 - INFO - <module> : Clicked
2023-01-11 09:36:23,929 - INFO - <module> : Clicked
2023-01-11 09:36:23,929 - INFO - <module> : Clicked
2023-01-11 09:36:23,929 - INFO - <module> : Clicked
2023-01-11 09:36:23,929 - INFO - <module> : Clicked
2023-01-11 09:36:23,929 - INFO - <module> : Clicked
2023-01-11 09:36:26,845 - INFO - <module> : Populate required fields > click Submit
2023-01-11 09:36:26,845 - INFO - <module> : Populate required fields > click Submit
2023-01-11 09:36:26,845 - INFO - <module> : Populate required fields > click Submit
2023-01-11 09:36:26,845 - INFO - <module> : Populate required fields > click Submit
2023-01-11 09:36:26,845 - INFO - <module> : Populate required fields > click Submit
2023-01-11 09:36:33,832 - INFO - setup : Close Browser
