2022-10-25 16:41:42,093 - INFO - setup : Browser Launched!
2022-10-25 16:41:55,279 - INFO - <module> : Log in to Internal Map using this link:
https://outage-api.meralco.com.ph/
2022-10-25 16:41:55,279 - INFO - <module> : Log in to Internal Map using this link:
https://outage-api.meralco.com.ph/
2022-10-25 16:41:55,279 - INFO - <module> : Log in to Internal Map using this link:
https://outage-api.meralco.com.ph/
2022-10-25 16:41:55,279 - INFO - <module> : Log in to Internal Map using this link:
https://outage-api.meralco.com.ph/
2022-10-25 16:41:56,899 - INFO - <module> : Opened: https://outage-api.meralco.com.ph/
2022-10-25 16:41:56,899 - INFO - <module> : Opened: https://outage-api.meralco.com.ph/
2022-10-25 16:41:56,899 - INFO - <module> : Opened: https://outage-api.meralco.com.ph/
2022-10-25 16:41:56,899 - INFO - <module> : Opened: https://outage-api.meralco.com.ph/
2022-10-25 16:41:59,763 - INFO - <module> : input: atmooutageaccount@yopmail.com
2022-10-25 16:41:59,763 - INFO - <module> : input: atmooutageaccount@yopmail.com
2022-10-25 16:41:59,763 - INFO - <module> : input: atmooutageaccount@yopmail.com
2022-10-25 16:41:59,763 - INFO - <module> : input: atmooutageaccount@yopmail.com
2022-10-25 16:41:59,819 - INFO - <module> : Clicked
2022-10-25 16:41:59,819 - INFO - <module> : Clicked
2022-10-25 16:41:59,819 - INFO - <module> : Clicked
2022-10-25 16:41:59,819 - INFO - <module> : Clicked
2022-10-25 16:42:03,091 - INFO - setup : Close Browser
