2022-10-14 14:02:05,718 - INFO - setup : Browser Launched!
2022-10-14 14:02:16,532 - INFO - <module> : Go to https://fuat-meralco.cs73.force.com/customers/s/outagemap
2022-10-14 14:02:16,532 - INFO - <module> : Go to https://fuat-meralco.cs73.force.com/customers/s/outagemap
2022-10-14 14:02:16,532 - INFO - <module> : Go to https://fuat-meralco.cs73.force.com/customers/s/outagemap
2022-10-14 14:02:16,532 - INFO - <module> : Go to https://fuat-meralco.cs73.force.com/customers/s/outagemap
2022-10-14 14:02:19,419 - INFO - <module> : Opened: https://fuat-meralco.cs73.force.com/customers/s/outagemap
2022-10-14 14:02:19,419 - INFO - <module> : Opened: https://fuat-meralco.cs73.force.com/customers/s/outagemap
2022-10-14 14:02:19,419 - INFO - <module> : Opened: https://fuat-meralco.cs73.force.com/customers/s/outagemap
2022-10-14 14:02:19,419 - INFO - <module> : Opened: https://fuat-meralco.cs73.force.com/customers/s/outagemap
2022-10-14 14:02:23,989 - INFO - <module> : Click on Map Views button > Select Default on Map Type 
2022-10-14 14:02:23,989 - INFO - <module> : Click on Map Views button > Select Default on Map Type 
2022-10-14 14:02:23,989 - INFO - <module> : Click on Map Views button > Select Default on Map Type 
2022-10-14 14:02:23,989 - INFO - <module> : Click on Map Views button > Select Default on Map Type 
2022-10-14 14:02:28,273 - INFO - <module> : Meralco would like to access your location to identify if your area is affected by an outage. exists
2022-10-14 14:02:28,273 - INFO - <module> : Meralco would like to access your location to identify if your area is affected by an outage. exists
2022-10-14 14:02:28,273 - INFO - <module> : Meralco would like to access your location to identify if your area is affected by an outage. exists
2022-10-14 14:02:28,273 - INFO - <module> : Meralco would like to access your location to identify if your area is affected by an outage. exists
2022-10-14 14:02:28,577 - INFO - <module> : Disagree clicked
2022-10-14 14:02:28,577 - INFO - <module> : Disagree clicked
2022-10-14 14:02:28,577 - INFO - <module> : Disagree clicked
2022-10-14 14:02:28,577 - INFO - <module> : Disagree clicked
2022-10-14 14:02:32,678 - INFO - <module> :  clicked
2022-10-14 14:02:32,678 - INFO - <module> :  clicked
2022-10-14 14:02:32,678 - INFO - <module> :  clicked
2022-10-14 14:02:32,678 - INFO - <module> :  clicked
2022-10-14 14:02:35,020 - INFO - <module> :  clicked
2022-10-14 14:02:35,020 - INFO - <module> :  clicked
2022-10-14 14:02:35,020 - INFO - <module> :  clicked
2022-10-14 14:02:35,020 - INFO - <module> :  clicked
2022-10-14 14:02:50,103 - INFO - <module> :  clicked
2022-10-14 14:02:50,103 - INFO - <module> :  clicked
2022-10-14 14:02:50,103 - INFO - <module> :  clicked
2022-10-14 14:02:50,103 - INFO - <module> :  clicked
2022-10-14 14:02:53,184 - INFO - <module> : Go to https://fuat-meralco.cs73.force.com/customers/s/outagemap
2022-10-14 14:02:53,184 - INFO - <module> : Go to https://fuat-meralco.cs73.force.com/customers/s/outagemap
2022-10-14 14:02:53,184 - INFO - <module> : Go to https://fuat-meralco.cs73.force.com/customers/s/outagemap
2022-10-14 14:02:53,184 - INFO - <module> : Go to https://fuat-meralco.cs73.force.com/customers/s/outagemap
2022-10-14 14:02:54,355 - INFO - <module> : Opened: https://fuat-meralco.cs73.force.com/customers/s/outagemap
2022-10-14 14:02:54,355 - INFO - <module> : Opened: https://fuat-meralco.cs73.force.com/customers/s/outagemap
2022-10-14 14:02:54,355 - INFO - <module> : Opened: https://fuat-meralco.cs73.force.com/customers/s/outagemap
2022-10-14 14:02:54,355 - INFO - <module> : Opened: https://fuat-meralco.cs73.force.com/customers/s/outagemap
2022-10-14 14:02:57,857 - INFO - <module> : Click on Map Views button > Select Satellite on Map Type 
2022-10-14 14:02:57,857 - INFO - <module> : Click on Map Views button > Select Satellite on Map Type 
2022-10-14 14:02:57,857 - INFO - <module> : Click on Map Views button > Select Satellite on Map Type 
2022-10-14 14:02:57,857 - INFO - <module> : Click on Map Views button > Select Satellite on Map Type 
2022-10-14 14:02:57,929 - INFO - <module> : Meralco would like to access your location to identify if your area is affected by an outage. exists
2022-10-14 14:02:57,929 - INFO - <module> : Meralco would like to access your location to identify if your area is affected by an outage. exists
2022-10-14 14:02:57,929 - INFO - <module> : Meralco would like to access your location to identify if your area is affected by an outage. exists
2022-10-14 14:02:57,929 - INFO - <module> : Meralco would like to access your location to identify if your area is affected by an outage. exists
2022-10-14 14:02:58,222 - INFO - <module> : Disagree clicked
2022-10-14 14:02:58,222 - INFO - <module> : Disagree clicked
2022-10-14 14:02:58,222 - INFO - <module> : Disagree clicked
2022-10-14 14:02:58,222 - INFO - <module> : Disagree clicked
2022-10-14 14:03:02,314 - INFO - <module> :  clicked
2022-10-14 14:03:02,314 - INFO - <module> :  clicked
2022-10-14 14:03:02,314 - INFO - <module> :  clicked
2022-10-14 14:03:02,314 - INFO - <module> :  clicked
2022-10-14 14:03:04,704 - INFO - <module> :  clicked
2022-10-14 14:03:04,704 - INFO - <module> :  clicked
2022-10-14 14:03:04,704 - INFO - <module> :  clicked
2022-10-14 14:03:04,704 - INFO - <module> :  clicked
2022-10-14 14:03:19,784 - INFO - <module> :  clicked
2022-10-14 14:03:19,784 - INFO - <module> :  clicked
2022-10-14 14:03:19,784 - INFO - <module> :  clicked
2022-10-14 14:03:19,784 - INFO - <module> :  clicked
2022-10-14 14:03:23,247 - INFO - <module> : Go to https://fuat-meralco.cs73.force.com/customers/s/outagemap
2022-10-14 14:03:23,247 - INFO - <module> : Go to https://fuat-meralco.cs73.force.com/customers/s/outagemap
2022-10-14 14:03:23,247 - INFO - <module> : Go to https://fuat-meralco.cs73.force.com/customers/s/outagemap
2022-10-14 14:03:23,247 - INFO - <module> : Go to https://fuat-meralco.cs73.force.com/customers/s/outagemap
2022-10-14 14:03:25,211 - INFO - <module> : Opened: https://fuat-meralco.cs73.force.com/customers/s/outagemap
2022-10-14 14:03:25,211 - INFO - <module> : Opened: https://fuat-meralco.cs73.force.com/customers/s/outagemap
2022-10-14 14:03:25,211 - INFO - <module> : Opened: https://fuat-meralco.cs73.force.com/customers/s/outagemap
2022-10-14 14:03:25,211 - INFO - <module> : Opened: https://fuat-meralco.cs73.force.com/customers/s/outagemap
2022-10-14 14:03:28,278 - INFO - <module> : Click on Map Views button > Select Terrain on Map Type 
2022-10-14 14:03:28,278 - INFO - <module> : Click on Map Views button > Select Terrain on Map Type 
2022-10-14 14:03:28,278 - INFO - <module> : Click on Map Views button > Select Terrain on Map Type 
2022-10-14 14:03:28,278 - INFO - <module> : Click on Map Views button > Select Terrain on Map Type 
2022-10-14 14:03:28,392 - INFO - <module> : Meralco would like to access your location to identify if your area is affected by an outage. exists
2022-10-14 14:03:28,392 - INFO - <module> : Meralco would like to access your location to identify if your area is affected by an outage. exists
2022-10-14 14:03:28,392 - INFO - <module> : Meralco would like to access your location to identify if your area is affected by an outage. exists
2022-10-14 14:03:28,392 - INFO - <module> : Meralco would like to access your location to identify if your area is affected by an outage. exists
2022-10-14 14:03:28,477 - INFO - <module> : Disagree clicked
2022-10-14 14:03:28,477 - INFO - <module> : Disagree clicked
2022-10-14 14:03:28,477 - INFO - <module> : Disagree clicked
2022-10-14 14:03:28,477 - INFO - <module> : Disagree clicked
2022-10-14 14:03:32,562 - INFO - <module> :  clicked
2022-10-14 14:03:32,562 - INFO - <module> :  clicked
2022-10-14 14:03:32,562 - INFO - <module> :  clicked
2022-10-14 14:03:32,562 - INFO - <module> :  clicked
2022-10-14 14:03:35,007 - INFO - <module> :  clicked
2022-10-14 14:03:35,007 - INFO - <module> :  clicked
2022-10-14 14:03:35,007 - INFO - <module> :  clicked
2022-10-14 14:03:35,007 - INFO - <module> :  clicked
2022-10-14 14:03:50,092 - INFO - <module> :  clicked
2022-10-14 14:03:50,092 - INFO - <module> :  clicked
2022-10-14 14:03:50,092 - INFO - <module> :  clicked
2022-10-14 14:03:50,092 - INFO - <module> :  clicked
2022-10-14 14:03:52,611 - INFO - setup : Close Browser
