2022-10-20 16:32:54,276 - INFO - setup : Browser Launched!
2022-10-20 16:33:01,091 - INFO - <module> : Access outage reporting form for Guest users.
2022-10-20 16:33:01,091 - INFO - <module> : Access outage reporting form for Guest users.
2022-10-20 16:33:01,091 - INFO - <module> : Access outage reporting form for Guest users.
2022-10-20 16:33:01,091 - INFO - <module> : Access outage reporting form for Guest users.
2022-10-20 16:33:06,360 - INFO - <module> : Opened: https://fuat-meralco.cs73.force.com/customers/s/outagemap
2022-10-20 16:33:06,360 - INFO - <module> : Opened: https://fuat-meralco.cs73.force.com/customers/s/outagemap
2022-10-20 16:33:06,360 - INFO - <module> : Opened: https://fuat-meralco.cs73.force.com/customers/s/outagemap
2022-10-20 16:33:06,360 - INFO - <module> : Opened: https://fuat-meralco.cs73.force.com/customers/s/outagemap
2022-10-20 16:33:09,311 - INFO - <module> : Meralco would like to access your location to identify if your area is affected by an outage. exists
2022-10-20 16:33:09,311 - INFO - <module> : Meralco would like to access your location to identify if your area is affected by an outage. exists
2022-10-20 16:33:09,311 - INFO - <module> : Meralco would like to access your location to identify if your area is affected by an outage. exists
2022-10-20 16:33:09,311 - INFO - <module> : Meralco would like to access your location to identify if your area is affected by an outage. exists
2022-10-20 16:33:11,391 - INFO - <module> : Clicked
2022-10-20 16:33:11,391 - INFO - <module> : Clicked
2022-10-20 16:33:11,391 - INFO - <module> : Clicked
2022-10-20 16:33:11,391 - INFO - <module> : Clicked
2022-10-20 16:33:15,481 - INFO - <module> : Clicked
2022-10-20 16:33:15,481 - INFO - <module> : Clicked
2022-10-20 16:33:15,481 - INFO - <module> : Clicked
2022-10-20 16:33:15,481 - INFO - <module> : Clicked
2022-10-20 16:33:23,542 - INFO - <module> : Report an Outage or Incident exists
2022-10-20 16:33:23,542 - INFO - <module> : Report an Outage or Incident exists
2022-10-20 16:33:23,542 - INFO - <module> : Report an Outage or Incident exists
2022-10-20 16:33:23,542 - INFO - <module> : Report an Outage or Incident exists
2022-10-20 16:33:26,520 - INFO - <module> : Choose 'Streetlight Concern' from the 'What are you reporting?' option.
2022-10-20 16:33:26,520 - INFO - <module> : Choose 'Streetlight Concern' from the 'What are you reporting?' option.
2022-10-20 16:33:26,520 - INFO - <module> : Choose 'Streetlight Concern' from the 'What are you reporting?' option.
2022-10-20 16:33:26,520 - INFO - <module> : Choose 'Streetlight Concern' from the 'What are you reporting?' option.
2022-10-20 16:33:26,608 - INFO - <module> : Clicked
2022-10-20 16:33:26,608 - INFO - <module> : Clicked
2022-10-20 16:33:26,608 - INFO - <module> : Clicked
2022-10-20 16:33:26,608 - INFO - <module> : Clicked
2022-10-20 16:33:29,515 - INFO - <module> : Choose 'Yes' from the options.
2022-10-20 16:33:29,515 - INFO - <module> : Choose 'Yes' from the options.
2022-10-20 16:33:29,515 - INFO - <module> : Choose 'Yes' from the options.
2022-10-20 16:33:29,515 - INFO - <module> : Choose 'Yes' from the options.
2022-10-20 16:33:29,593 - INFO - <module> : Clicked
2022-10-20 16:33:29,593 - INFO - <module> : Clicked
2022-10-20 16:33:29,593 - INFO - <module> : Clicked
2022-10-20 16:33:29,593 - INFO - <module> : Clicked
2022-10-20 16:33:32,512 - INFO - <module> : Click the dropdown field for Q2.
2022-10-20 16:33:32,512 - INFO - <module> : Click the dropdown field for Q2.
2022-10-20 16:33:32,512 - INFO - <module> : Click the dropdown field for Q2.
2022-10-20 16:33:32,512 - INFO - <module> : Click the dropdown field for Q2.
2022-10-20 16:33:32,611 - INFO - <module> : Clicked
2022-10-20 16:33:32,611 - INFO - <module> : Clicked
2022-10-20 16:33:32,611 - INFO - <module> : Clicked
2022-10-20 16:33:32,611 - INFO - <module> : Clicked
2022-10-20 16:33:35,539 - INFO - <module> : Choose 'Streetlight is always on, even during daytime' from the option.
2022-10-20 16:33:35,539 - INFO - <module> : Choose 'Streetlight is always on, even during daytime' from the option.
2022-10-20 16:33:35,539 - INFO - <module> : Choose 'Streetlight is always on, even during daytime' from the option.
2022-10-20 16:33:35,539 - INFO - <module> : Choose 'Streetlight is always on, even during daytime' from the option.
2022-10-20 16:33:35,628 - INFO - <module> : Clicked
2022-10-20 16:33:35,628 - INFO - <module> : Clicked
2022-10-20 16:33:35,628 - INFO - <module> : Clicked
2022-10-20 16:33:35,628 - INFO - <module> : Clicked
2022-10-20 16:33:38,603 - INFO - <module> : Populate the following fields by selecting from one of the picklist values, as applicable:
- Province
- City/Municipality
- Barangay
- Subdivision
- Street
- House/Unit No./ Floor/ Building
2022-10-20 16:33:38,603 - INFO - <module> : Populate the following fields by selecting from one of the picklist values, as applicable:
- Province
- City/Municipality
- Barangay
- Subdivision
- Street
- House/Unit No./ Floor/ Building
2022-10-20 16:33:38,603 - INFO - <module> : Populate the following fields by selecting from one of the picklist values, as applicable:
- Province
- City/Municipality
- Barangay
- Subdivision
- Street
- House/Unit No./ Floor/ Building
2022-10-20 16:33:38,603 - INFO - <module> : Populate the following fields by selecting from one of the picklist values, as applicable:
- Province
- City/Municipality
- Barangay
- Subdivision
- Street
- House/Unit No./ Floor/ Building
2022-10-20 16:33:38,701 - INFO - <module> : Clicked
2022-10-20 16:33:38,701 - INFO - <module> : Clicked
2022-10-20 16:33:38,701 - INFO - <module> : Clicked
2022-10-20 16:33:38,701 - INFO - <module> : Clicked
2022-10-20 16:33:39,280 - INFO - <module> : Clicked
2022-10-20 16:33:39,280 - INFO - <module> : Clicked
2022-10-20 16:33:39,280 - INFO - <module> : Clicked
2022-10-20 16:33:39,280 - INFO - <module> : Clicked
2022-10-20 16:33:39,843 - INFO - <module> : Clicked
2022-10-20 16:33:39,843 - INFO - <module> : Clicked
2022-10-20 16:33:39,843 - INFO - <module> : Clicked
2022-10-20 16:33:39,843 - INFO - <module> : Clicked
2022-10-20 16:33:40,427 - INFO - <module> : Clicked
2022-10-20 16:33:40,427 - INFO - <module> : Clicked
2022-10-20 16:33:40,427 - INFO - <module> : Clicked
2022-10-20 16:33:40,427 - INFO - <module> : Clicked
2022-10-20 16:33:40,988 - INFO - <module> : Clicked
2022-10-20 16:33:40,988 - INFO - <module> : Clicked
2022-10-20 16:33:40,988 - INFO - <module> : Clicked
2022-10-20 16:33:40,988 - INFO - <module> : Clicked
2022-10-20 16:33:41,059 - INFO - <module> : input: 123
2022-10-20 16:33:41,059 - INFO - <module> : input: 123
2022-10-20 16:33:41,059 - INFO - <module> : input: 123
2022-10-20 16:33:41,059 - INFO - <module> : input: 123
2022-10-20 16:33:43,999 - INFO - <module> : Populate 'Pole Number' field.
Note: There should be no pending case associated to the encoded Pole Number.
2022-10-20 16:33:43,999 - INFO - <module> : Populate 'Pole Number' field.
Note: There should be no pending case associated to the encoded Pole Number.
2022-10-20 16:33:43,999 - INFO - <module> : Populate 'Pole Number' field.
Note: There should be no pending case associated to the encoded Pole Number.
2022-10-20 16:33:43,999 - INFO - <module> : Populate 'Pole Number' field.
Note: There should be no pending case associated to the encoded Pole Number.
2022-10-20 16:33:44,123 - INFO - <module> : input: 50
2022-10-20 16:33:44,123 - INFO - <module> : input: 50
2022-10-20 16:33:44,123 - INFO - <module> : input: 50
2022-10-20 16:33:44,123 - INFO - <module> : input: 50
2022-10-20 16:33:47,011 - INFO - <module> : Select the 'Landmarks/Directions' option and input values in the text box.
2022-10-20 16:33:47,011 - INFO - <module> : Select the 'Landmarks/Directions' option and input values in the text box.
2022-10-20 16:33:47,011 - INFO - <module> : Select the 'Landmarks/Directions' option and input values in the text box.
2022-10-20 16:33:47,011 - INFO - <module> : Select the 'Landmarks/Directions' option and input values in the text box.
2022-10-20 16:33:47,118 - INFO - <module> : Clicked
2022-10-20 16:33:47,118 - INFO - <module> : Clicked
2022-10-20 16:33:47,118 - INFO - <module> : Clicked
2022-10-20 16:33:47,118 - INFO - <module> : Clicked
2022-10-20 16:33:47,351 - INFO - <module> : Clicked
2022-10-20 16:33:47,351 - INFO - <module> : Clicked
2022-10-20 16:33:47,351 - INFO - <module> : Clicked
2022-10-20 16:33:47,351 - INFO - <module> : Clicked
2022-10-20 16:33:47,436 - INFO - <module> : input: Sample Text
2022-10-20 16:33:47,436 - INFO - <module> : input: Sample Text
2022-10-20 16:33:47,436 - INFO - <module> : input: Sample Text
2022-10-20 16:33:47,436 - INFO - <module> : input: Sample Text
2022-10-20 16:33:55,271 - INFO - <module> : Populate the following fields:
a) First Name
b) Middle Name
c) Last Name
d) Mobile Number
e) Landline
f) Email
2022-10-20 16:33:55,271 - INFO - <module> : Populate the following fields:
a) First Name
b) Middle Name
c) Last Name
d) Mobile Number
e) Landline
f) Email
2022-10-20 16:33:55,271 - INFO - <module> : Populate the following fields:
a) First Name
b) Middle Name
c) Last Name
d) Mobile Number
e) Landline
f) Email
2022-10-20 16:33:55,271 - INFO - <module> : Populate the following fields:
a) First Name
b) Middle Name
c) Last Name
d) Mobile Number
e) Landline
f) Email
2022-10-20 16:33:55,376 - INFO - <module> : input: sample
2022-10-20 16:33:55,376 - INFO - <module> : input: sample
2022-10-20 16:33:55,376 - INFO - <module> : input: sample
2022-10-20 16:33:55,376 - INFO - <module> : input: sample
2022-10-20 16:33:55,437 - INFO - <module> : input: middle
2022-10-20 16:33:55,437 - INFO - <module> : input: middle
2022-10-20 16:33:55,437 - INFO - <module> : input: middle
2022-10-20 16:33:55,437 - INFO - <module> : input: middle
2022-10-20 16:33:55,495 - INFO - <module> : input: report
2022-10-20 16:33:55,495 - INFO - <module> : input: report
2022-10-20 16:33:55,495 - INFO - <module> : input: report
2022-10-20 16:33:55,495 - INFO - <module> : input: report
2022-10-20 16:33:55,557 - INFO - <module> : input: +639758880793
2022-10-20 16:33:55,557 - INFO - <module> : input: +639758880793
2022-10-20 16:33:55,557 - INFO - <module> : input: +639758880793
2022-10-20 16:33:55,557 - INFO - <module> : input: +639758880793
2022-10-20 16:33:55,610 - INFO - <module> : input: 
2022-10-20 16:33:55,610 - INFO - <module> : input: 
2022-10-20 16:33:55,610 - INFO - <module> : input: 
2022-10-20 16:33:55,610 - INFO - <module> : input: 
2022-10-20 16:33:55,694 - INFO - <module> : input: testautomationoutage@yopmail.com
2022-10-20 16:33:55,694 - INFO - <module> : input: testautomationoutage@yopmail.com
2022-10-20 16:33:55,694 - INFO - <module> : input: testautomationoutage@yopmail.com
2022-10-20 16:33:55,694 - INFO - <module> : input: testautomationoutage@yopmail.com
2022-10-20 16:33:58,633 - INFO - <module> : Verify if 'Yes' is selected from the options under 'Do you want to receive updates related to this report?'
2022-10-20 16:33:58,633 - INFO - <module> : Verify if 'Yes' is selected from the options under 'Do you want to receive updates related to this report?'
2022-10-20 16:33:58,633 - INFO - <module> : Verify if 'Yes' is selected from the options under 'Do you want to receive updates related to this report?'
2022-10-20 16:33:58,633 - INFO - <module> : Verify if 'Yes' is selected from the options under 'Do you want to receive updates related to this report?'
2022-10-20 16:34:01,658 - INFO - <module> : Select SMS and Email as preferred Case Notification Channel.
Note: Ensure that 'Email' field has valid value if Email has been selected as preferred Case Notification Channel.
2022-10-20 16:34:01,658 - INFO - <module> : Select SMS and Email as preferred Case Notification Channel.
Note: Ensure that 'Email' field has valid value if Email has been selected as preferred Case Notification Channel.
2022-10-20 16:34:01,658 - INFO - <module> : Select SMS and Email as preferred Case Notification Channel.
Note: Ensure that 'Email' field has valid value if Email has been selected as preferred Case Notification Channel.
2022-10-20 16:34:01,658 - INFO - <module> : Select SMS and Email as preferred Case Notification Channel.
Note: Ensure that 'Email' field has valid value if Email has been selected as preferred Case Notification Channel.
2022-10-20 16:34:01,758 - INFO - <module> : Clicked
2022-10-20 16:34:01,758 - INFO - <module> : Clicked
2022-10-20 16:34:01,758 - INFO - <module> : Clicked
2022-10-20 16:34:01,758 - INFO - <module> : Clicked
2022-10-20 16:34:01,816 - INFO - <module> : Clicked
2022-10-20 16:34:01,816 - INFO - <module> : Clicked
2022-10-20 16:34:01,816 - INFO - <module> : Clicked
2022-10-20 16:34:01,816 - INFO - <module> : Clicked
2022-10-20 16:34:04,703 - INFO - <module> : Select the checkbox for:
I have read and agree to the Meralco Online Terms & Conditions and consent to the processing of my personal data in accordance with the Privacy Policy.
2022-10-20 16:34:04,703 - INFO - <module> : Select the checkbox for:
I have read and agree to the Meralco Online Terms & Conditions and consent to the processing of my personal data in accordance with the Privacy Policy.
2022-10-20 16:34:04,703 - INFO - <module> : Select the checkbox for:
I have read and agree to the Meralco Online Terms & Conditions and consent to the processing of my personal data in accordance with the Privacy Policy.
2022-10-20 16:34:04,703 - INFO - <module> : Select the checkbox for:
I have read and agree to the Meralco Online Terms & Conditions and consent to the processing of my personal data in accordance with the Privacy Policy.
2022-10-20 16:34:04,809 - INFO - <module> : Clicked
2022-10-20 16:34:04,809 - INFO - <module> : Clicked
2022-10-20 16:34:04,809 - INFO - <module> : Clicked
2022-10-20 16:34:04,809 - INFO - <module> : Clicked
2022-10-20 16:34:07,701 - INFO - <module> : Click ‘Submit’ button.
2022-10-20 16:34:07,701 - INFO - <module> : Click ‘Submit’ button.
2022-10-20 16:34:07,701 - INFO - <module> : Click ‘Submit’ button.
2022-10-20 16:34:07,701 - INFO - <module> : Click ‘Submit’ button.
2022-10-20 16:34:07,815 - INFO - <module> : Clicked
2022-10-20 16:34:07,815 - INFO - <module> : Clicked
2022-10-20 16:34:07,815 - INFO - <module> : Clicked
2022-10-20 16:34:07,815 - INFO - <module> : Clicked
2022-10-20 16:34:25,741 - INFO - <module> : Verify received SMS notification.
2022-10-20 16:34:25,741 - INFO - <module> : Verify received SMS notification.
2022-10-20 16:34:25,741 - INFO - <module> : Verify received SMS notification.
2022-10-20 16:34:25,741 - INFO - <module> : Verify received SMS notification.
2022-10-20 16:34:26,478 - INFO - <module> : Verify received Email notification.
2022-10-20 16:34:26,478 - INFO - <module> : Verify received Email notification.
2022-10-20 16:34:26,478 - INFO - <module> : Verify received Email notification.
2022-10-20 16:34:26,478 - INFO - <module> : Verify received Email notification.
2022-10-20 16:34:33,160 - INFO - <module> : Opened: https://yopmail.com/en/
2022-10-20 16:34:33,160 - INFO - <module> : Opened: https://yopmail.com/en/
2022-10-20 16:34:33,160 - INFO - <module> : Opened: https://yopmail.com/en/
2022-10-20 16:34:33,160 - INFO - <module> : Opened: https://yopmail.com/en/
2022-10-20 16:34:33,328 - INFO - <module> : input: testautomationoutage@yopmail.com
2022-10-20 16:34:33,328 - INFO - <module> : input: testautomationoutage@yopmail.com
2022-10-20 16:34:33,328 - INFO - <module> : input: testautomationoutage@yopmail.com
2022-10-20 16:34:33,328 - INFO - <module> : input: testautomationoutage@yopmail.com
2022-10-20 16:34:34,814 - INFO - <module> : Clicked
2022-10-20 16:34:34,814 - INFO - <module> : Clicked
2022-10-20 16:34:34,814 - INFO - <module> : Clicked
2022-10-20 16:34:34,814 - INFO - <module> : Clicked
2022-10-20 16:34:37,825 - INFO - <module> : Access outage reporting form for Guest users.
2022-10-20 16:34:37,825 - INFO - <module> : Access outage reporting form for Guest users.
2022-10-20 16:34:37,825 - INFO - <module> : Access outage reporting form for Guest users.
2022-10-20 16:34:37,825 - INFO - <module> : Access outage reporting form for Guest users.
2022-10-20 16:34:39,972 - INFO - <module> : Opened: https://fuat-meralco.cs73.force.com/customers/s/outagemap
2022-10-20 16:34:39,972 - INFO - <module> : Opened: https://fuat-meralco.cs73.force.com/customers/s/outagemap
2022-10-20 16:34:39,972 - INFO - <module> : Opened: https://fuat-meralco.cs73.force.com/customers/s/outagemap
2022-10-20 16:34:39,972 - INFO - <module> : Opened: https://fuat-meralco.cs73.force.com/customers/s/outagemap
2022-10-20 16:34:42,830 - INFO - <module> : Meralco would like to access your location to identify if your area is affected by an outage. exists
2022-10-20 16:34:42,830 - INFO - <module> : Meralco would like to access your location to identify if your area is affected by an outage. exists
2022-10-20 16:34:42,830 - INFO - <module> : Meralco would like to access your location to identify if your area is affected by an outage. exists
2022-10-20 16:34:42,830 - INFO - <module> : Meralco would like to access your location to identify if your area is affected by an outage. exists
2022-10-20 16:34:44,920 - INFO - <module> : Clicked
2022-10-20 16:34:44,920 - INFO - <module> : Clicked
2022-10-20 16:34:44,920 - INFO - <module> : Clicked
2022-10-20 16:34:44,920 - INFO - <module> : Clicked
2022-10-20 16:34:48,996 - INFO - <module> : Clicked
2022-10-20 16:34:48,996 - INFO - <module> : Clicked
2022-10-20 16:34:48,996 - INFO - <module> : Clicked
2022-10-20 16:34:48,996 - INFO - <module> : Clicked
2022-10-20 16:34:57,059 - INFO - <module> : Report an Outage or Incident exists
2022-10-20 16:34:57,059 - INFO - <module> : Report an Outage or Incident exists
2022-10-20 16:34:57,059 - INFO - <module> : Report an Outage or Incident exists
2022-10-20 16:34:57,059 - INFO - <module> : Report an Outage or Incident exists
2022-10-20 16:35:00,024 - INFO - <module> : Choose 'Streetlight Concern' from the 'What are you reporting?' option.
2022-10-20 16:35:00,024 - INFO - <module> : Choose 'Streetlight Concern' from the 'What are you reporting?' option.
2022-10-20 16:35:00,024 - INFO - <module> : Choose 'Streetlight Concern' from the 'What are you reporting?' option.
2022-10-20 16:35:00,024 - INFO - <module> : Choose 'Streetlight Concern' from the 'What are you reporting?' option.
2022-10-20 16:35:00,156 - INFO - <module> : Clicked
2022-10-20 16:35:00,156 - INFO - <module> : Clicked
2022-10-20 16:35:00,156 - INFO - <module> : Clicked
2022-10-20 16:35:00,156 - INFO - <module> : Clicked
2022-10-20 16:35:03,118 - INFO - <module> : Choose 'Yes' from the options.
2022-10-20 16:35:03,118 - INFO - <module> : Choose 'Yes' from the options.
2022-10-20 16:35:03,118 - INFO - <module> : Choose 'Yes' from the options.
2022-10-20 16:35:03,118 - INFO - <module> : Choose 'Yes' from the options.
2022-10-20 16:35:03,236 - INFO - <module> : Clicked
2022-10-20 16:35:03,236 - INFO - <module> : Clicked
2022-10-20 16:35:03,236 - INFO - <module> : Clicked
2022-10-20 16:35:03,236 - INFO - <module> : Clicked
2022-10-20 16:35:06,188 - INFO - <module> : Click the dropdown field for Q2.
2022-10-20 16:35:06,188 - INFO - <module> : Click the dropdown field for Q2.
2022-10-20 16:35:06,188 - INFO - <module> : Click the dropdown field for Q2.
2022-10-20 16:35:06,188 - INFO - <module> : Click the dropdown field for Q2.
2022-10-20 16:35:06,325 - INFO - <module> : Clicked
2022-10-20 16:35:06,325 - INFO - <module> : Clicked
2022-10-20 16:35:06,325 - INFO - <module> : Clicked
2022-10-20 16:35:06,325 - INFO - <module> : Clicked
2022-10-20 16:35:09,542 - INFO - <module> : Choose 'Streetlight is flickering' from the option.
2022-10-20 16:35:09,542 - INFO - <module> : Choose 'Streetlight is flickering' from the option.
2022-10-20 16:35:09,542 - INFO - <module> : Choose 'Streetlight is flickering' from the option.
2022-10-20 16:35:09,542 - INFO - <module> : Choose 'Streetlight is flickering' from the option.
2022-10-20 16:35:09,692 - INFO - <module> : Clicked
2022-10-20 16:35:09,692 - INFO - <module> : Clicked
2022-10-20 16:35:09,692 - INFO - <module> : Clicked
2022-10-20 16:35:09,692 - INFO - <module> : Clicked
2022-10-20 16:35:12,856 - INFO - <module> : Populate the following fields by selecting from one of the picklist values, as applicable:
- Province
- City/Municipality
- Barangay
- Subdivision
- Street
- House/Unit No./ Floor/ Building
2022-10-20 16:35:12,856 - INFO - <module> : Populate the following fields by selecting from one of the picklist values, as applicable:
- Province
- City/Municipality
- Barangay
- Subdivision
- Street
- House/Unit No./ Floor/ Building
2022-10-20 16:35:12,856 - INFO - <module> : Populate the following fields by selecting from one of the picklist values, as applicable:
- Province
- City/Municipality
- Barangay
- Subdivision
- Street
- House/Unit No./ Floor/ Building
2022-10-20 16:35:12,856 - INFO - <module> : Populate the following fields by selecting from one of the picklist values, as applicable:
- Province
- City/Municipality
- Barangay
- Subdivision
- Street
- House/Unit No./ Floor/ Building
2022-10-20 16:35:13,034 - INFO - <module> : Clicked
2022-10-20 16:35:13,034 - INFO - <module> : Clicked
2022-10-20 16:35:13,034 - INFO - <module> : Clicked
2022-10-20 16:35:13,034 - INFO - <module> : Clicked
2022-10-20 16:35:13,614 - INFO - <module> : Clicked
2022-10-20 16:35:13,614 - INFO - <module> : Clicked
2022-10-20 16:35:13,614 - INFO - <module> : Clicked
2022-10-20 16:35:13,614 - INFO - <module> : Clicked
2022-10-20 16:35:14,183 - INFO - <module> : Clicked
2022-10-20 16:35:14,183 - INFO - <module> : Clicked
2022-10-20 16:35:14,183 - INFO - <module> : Clicked
2022-10-20 16:35:14,183 - INFO - <module> : Clicked
2022-10-20 16:35:14,765 - INFO - <module> : Clicked
2022-10-20 16:35:14,765 - INFO - <module> : Clicked
2022-10-20 16:35:14,765 - INFO - <module> : Clicked
2022-10-20 16:35:14,765 - INFO - <module> : Clicked
2022-10-20 16:35:15,331 - INFO - <module> : Clicked
2022-10-20 16:35:15,331 - INFO - <module> : Clicked
2022-10-20 16:35:15,331 - INFO - <module> : Clicked
2022-10-20 16:35:15,331 - INFO - <module> : Clicked
2022-10-20 16:35:15,422 - INFO - <module> : input: 123
2022-10-20 16:35:15,422 - INFO - <module> : input: 123
2022-10-20 16:35:15,422 - INFO - <module> : input: 123
2022-10-20 16:35:15,422 - INFO - <module> : input: 123
2022-10-20 16:35:18,622 - INFO - <module> : Populate 'Pole Number' field using the values encoded in the prior report.
2022-10-20 16:35:18,622 - INFO - <module> : Populate 'Pole Number' field using the values encoded in the prior report.
2022-10-20 16:35:18,622 - INFO - <module> : Populate 'Pole Number' field using the values encoded in the prior report.
2022-10-20 16:35:18,622 - INFO - <module> : Populate 'Pole Number' field using the values encoded in the prior report.
2022-10-20 16:35:18,826 - INFO - <module> : input: 50
2022-10-20 16:35:18,826 - INFO - <module> : input: 50
2022-10-20 16:35:18,826 - INFO - <module> : input: 50
2022-10-20 16:35:18,826 - INFO - <module> : input: 50
2022-10-20 16:35:22,053 - INFO - <module> : Select any other field in the form.
2022-10-20 16:35:22,053 - INFO - <module> : Select any other field in the form.
2022-10-20 16:35:22,053 - INFO - <module> : Select any other field in the form.
2022-10-20 16:35:22,053 - INFO - <module> : Select any other field in the form.
2022-10-20 16:35:22,212 - INFO - <module> : Clicked
2022-10-20 16:35:22,212 - INFO - <module> : Clicked
2022-10-20 16:35:22,212 - INFO - <module> : Clicked
2022-10-20 16:35:22,212 - INFO - <module> : Clicked
2022-10-20 16:35:29,394 - INFO - <module> : Select 'No' from the options.
2022-10-20 16:35:29,394 - INFO - <module> : Select 'No' from the options.
2022-10-20 16:35:29,394 - INFO - <module> : Select 'No' from the options.
2022-10-20 16:35:29,394 - INFO - <module> : Select 'No' from the options.
2022-10-20 16:35:30,790 - INFO - <module> : Clicked
2022-10-20 16:35:30,790 - INFO - <module> : Clicked
2022-10-20 16:35:30,790 - INFO - <module> : Clicked
2022-10-20 16:35:30,790 - INFO - <module> : Clicked
2022-10-20 16:35:34,489 - INFO - <module> : Access outage reporting form for Guest users.
2022-10-20 16:35:34,489 - INFO - <module> : Access outage reporting form for Guest users.
2022-10-20 16:35:34,489 - INFO - <module> : Access outage reporting form for Guest users.
2022-10-20 16:35:34,489 - INFO - <module> : Access outage reporting form for Guest users.
2022-10-20 16:35:36,641 - INFO - <module> : Opened: https://fuat-meralco.cs73.force.com/customers/s/outagemap
2022-10-20 16:35:36,641 - INFO - <module> : Opened: https://fuat-meralco.cs73.force.com/customers/s/outagemap
2022-10-20 16:35:36,641 - INFO - <module> : Opened: https://fuat-meralco.cs73.force.com/customers/s/outagemap
2022-10-20 16:35:36,641 - INFO - <module> : Opened: https://fuat-meralco.cs73.force.com/customers/s/outagemap
2022-10-20 16:35:40,102 - INFO - <module> : Meralco would like to access your location to identify if your area is affected by an outage. exists
2022-10-20 16:35:40,102 - INFO - <module> : Meralco would like to access your location to identify if your area is affected by an outage. exists
2022-10-20 16:35:40,102 - INFO - <module> : Meralco would like to access your location to identify if your area is affected by an outage. exists
2022-10-20 16:35:40,102 - INFO - <module> : Meralco would like to access your location to identify if your area is affected by an outage. exists
2022-10-20 16:35:42,355 - INFO - <module> : Clicked
2022-10-20 16:35:42,355 - INFO - <module> : Clicked
2022-10-20 16:35:42,355 - INFO - <module> : Clicked
2022-10-20 16:35:42,355 - INFO - <module> : Clicked
2022-10-20 16:35:46,472 - INFO - <module> : Clicked
2022-10-20 16:35:46,472 - INFO - <module> : Clicked
2022-10-20 16:35:46,472 - INFO - <module> : Clicked
2022-10-20 16:35:46,472 - INFO - <module> : Clicked
2022-10-20 16:35:54,534 - INFO - <module> : Report an Outage or Incident exists
2022-10-20 16:35:54,534 - INFO - <module> : Report an Outage or Incident exists
2022-10-20 16:35:54,534 - INFO - <module> : Report an Outage or Incident exists
2022-10-20 16:35:54,534 - INFO - <module> : Report an Outage or Incident exists
2022-10-20 16:35:58,028 - INFO - <module> : Choose 'Streetlight Concern' from the 'What are you reporting?' option.
2022-10-20 16:35:58,028 - INFO - <module> : Choose 'Streetlight Concern' from the 'What are you reporting?' option.
2022-10-20 16:35:58,028 - INFO - <module> : Choose 'Streetlight Concern' from the 'What are you reporting?' option.
2022-10-20 16:35:58,028 - INFO - <module> : Choose 'Streetlight Concern' from the 'What are you reporting?' option.
2022-10-20 16:35:58,282 - INFO - <module> : Clicked
2022-10-20 16:35:58,282 - INFO - <module> : Clicked
2022-10-20 16:35:58,282 - INFO - <module> : Clicked
2022-10-20 16:35:58,282 - INFO - <module> : Clicked
2022-10-20 16:36:01,625 - INFO - <module> : Choose 'Yes' from the options.
2022-10-20 16:36:01,625 - INFO - <module> : Choose 'Yes' from the options.
2022-10-20 16:36:01,625 - INFO - <module> : Choose 'Yes' from the options.
2022-10-20 16:36:01,625 - INFO - <module> : Choose 'Yes' from the options.
2022-10-20 16:36:01,958 - INFO - <module> : Clicked
2022-10-20 16:36:01,958 - INFO - <module> : Clicked
2022-10-20 16:36:01,958 - INFO - <module> : Clicked
2022-10-20 16:36:01,958 - INFO - <module> : Clicked
2022-10-20 16:36:05,093 - INFO - <module> : Click the dropdown field for Q2.
2022-10-20 16:36:05,093 - INFO - <module> : Click the dropdown field for Q2.
2022-10-20 16:36:05,093 - INFO - <module> : Click the dropdown field for Q2.
2022-10-20 16:36:05,093 - INFO - <module> : Click the dropdown field for Q2.
2022-10-20 16:36:05,318 - INFO - <module> : Clicked
2022-10-20 16:36:05,318 - INFO - <module> : Clicked
2022-10-20 16:36:05,318 - INFO - <module> : Clicked
2022-10-20 16:36:05,318 - INFO - <module> : Clicked
2022-10-20 16:36:08,563 - INFO - <module> : Choose 'Streetlight is not on or has no power' from the option.
2022-10-20 16:36:08,563 - INFO - <module> : Choose 'Streetlight is not on or has no power' from the option.
2022-10-20 16:36:08,563 - INFO - <module> : Choose 'Streetlight is not on or has no power' from the option.
2022-10-20 16:36:08,563 - INFO - <module> : Choose 'Streetlight is not on or has no power' from the option.
2022-10-20 16:36:08,747 - INFO - <module> : Clicked
2022-10-20 16:36:08,747 - INFO - <module> : Clicked
2022-10-20 16:36:08,747 - INFO - <module> : Clicked
2022-10-20 16:36:08,747 - INFO - <module> : Clicked
2022-10-20 16:36:11,886 - INFO - <module> : Populate the following fields by selecting from one of the picklist values, as applicable:
- Province
- City/Municipality
- Barangay
- Subdivision
- Street
- House/Unit No./ Floor/ Building
2022-10-20 16:36:11,886 - INFO - <module> : Populate the following fields by selecting from one of the picklist values, as applicable:
- Province
- City/Municipality
- Barangay
- Subdivision
- Street
- House/Unit No./ Floor/ Building
2022-10-20 16:36:11,886 - INFO - <module> : Populate the following fields by selecting from one of the picklist values, as applicable:
- Province
- City/Municipality
- Barangay
- Subdivision
- Street
- House/Unit No./ Floor/ Building
2022-10-20 16:36:11,886 - INFO - <module> : Populate the following fields by selecting from one of the picklist values, as applicable:
- Province
- City/Municipality
- Barangay
- Subdivision
- Street
- House/Unit No./ Floor/ Building
2022-10-20 16:36:12,081 - INFO - <module> : Clicked
2022-10-20 16:36:12,081 - INFO - <module> : Clicked
2022-10-20 16:36:12,081 - INFO - <module> : Clicked
2022-10-20 16:36:12,081 - INFO - <module> : Clicked
2022-10-20 16:36:12,644 - INFO - <module> : Clicked
2022-10-20 16:36:12,644 - INFO - <module> : Clicked
2022-10-20 16:36:12,644 - INFO - <module> : Clicked
2022-10-20 16:36:12,644 - INFO - <module> : Clicked
2022-10-20 16:36:13,204 - INFO - <module> : Clicked
2022-10-20 16:36:13,204 - INFO - <module> : Clicked
2022-10-20 16:36:13,204 - INFO - <module> : Clicked
2022-10-20 16:36:13,204 - INFO - <module> : Clicked
2022-10-20 16:36:13,777 - INFO - <module> : Clicked
2022-10-20 16:36:13,777 - INFO - <module> : Clicked
2022-10-20 16:36:13,777 - INFO - <module> : Clicked
2022-10-20 16:36:13,777 - INFO - <module> : Clicked
2022-10-20 16:36:14,330 - INFO - <module> : Clicked
2022-10-20 16:36:14,330 - INFO - <module> : Clicked
2022-10-20 16:36:14,330 - INFO - <module> : Clicked
2022-10-20 16:36:14,330 - INFO - <module> : Clicked
2022-10-20 16:36:14,410 - INFO - <module> : input: 123
2022-10-20 16:36:14,410 - INFO - <module> : input: 123
2022-10-20 16:36:14,410 - INFO - <module> : input: 123
2022-10-20 16:36:14,410 - INFO - <module> : input: 123
2022-10-20 16:36:17,701 - INFO - <module> : Populate 'Pole Number' field using the values encoded in the prior report.
2022-10-20 16:36:17,701 - INFO - <module> : Populate 'Pole Number' field using the values encoded in the prior report.
2022-10-20 16:36:17,701 - INFO - <module> : Populate 'Pole Number' field using the values encoded in the prior report.
2022-10-20 16:36:17,701 - INFO - <module> : Populate 'Pole Number' field using the values encoded in the prior report.
2022-10-20 16:36:17,983 - INFO - <module> : input: 50
2022-10-20 16:36:17,983 - INFO - <module> : input: 50
2022-10-20 16:36:17,983 - INFO - <module> : input: 50
2022-10-20 16:36:17,983 - INFO - <module> : input: 50
2022-10-20 16:36:21,270 - INFO - <module> : Select any other field in the form.
2022-10-20 16:36:21,270 - INFO - <module> : Select any other field in the form.
2022-10-20 16:36:21,270 - INFO - <module> : Select any other field in the form.
2022-10-20 16:36:21,270 - INFO - <module> : Select any other field in the form.
2022-10-20 16:36:21,475 - INFO - <module> : Clicked
2022-10-20 16:36:21,475 - INFO - <module> : Clicked
2022-10-20 16:36:21,475 - INFO - <module> : Clicked
2022-10-20 16:36:21,475 - INFO - <module> : Clicked
2022-10-20 16:36:24,703 - INFO - <module> : Select 'Yes' from the options.
2022-10-20 16:36:24,703 - INFO - <module> : Select 'Yes' from the options.
2022-10-20 16:36:24,703 - INFO - <module> : Select 'Yes' from the options.
2022-10-20 16:36:24,703 - INFO - <module> : Select 'Yes' from the options.
2022-10-20 16:36:24,906 - INFO - <module> : Clicked
2022-10-20 16:36:24,906 - INFO - <module> : Clicked
2022-10-20 16:36:24,906 - INFO - <module> : Clicked
2022-10-20 16:36:24,906 - INFO - <module> : Clicked
2022-10-20 16:36:32,037 - INFO - <module> : Select the 'Landmarks/Directions' option and input values in the text box.
2022-10-20 16:36:32,037 - INFO - <module> : Select the 'Landmarks/Directions' option and input values in the text box.
2022-10-20 16:36:32,037 - INFO - <module> : Select the 'Landmarks/Directions' option and input values in the text box.
2022-10-20 16:36:32,037 - INFO - <module> : Select the 'Landmarks/Directions' option and input values in the text box.
2022-10-20 16:36:32,194 - INFO - <module> : Clicked
2022-10-20 16:36:32,194 - INFO - <module> : Clicked
2022-10-20 16:36:32,194 - INFO - <module> : Clicked
2022-10-20 16:36:32,194 - INFO - <module> : Clicked
2022-10-20 16:36:32,240 - INFO - <module> : Clicked
2022-10-20 16:36:32,240 - INFO - <module> : Clicked
2022-10-20 16:36:32,240 - INFO - <module> : Clicked
2022-10-20 16:36:32,240 - INFO - <module> : Clicked
2022-10-20 16:37:02,730 - ERROR - <module> : Cannot Locate: landmark_text
2022-10-20 16:37:02,730 - ERROR - <module> : Cannot Locate: landmark_text
2022-10-20 16:37:02,730 - ERROR - <module> : Cannot Locate: landmark_text
2022-10-20 16:37:02,730 - ERROR - <module> : Cannot Locate: landmark_text
2022-10-20 16:37:02,864 - INFO - setup : Close Browser
