2023-01-05 12:53:56,167 - INFO - setup : Browser Launched!
2023-01-05 12:54:26,281 - INFO - <module> : Opened: https://fuat-meralco.cs73.force.com/customers/s/cxe-apply
2023-01-05 12:54:26,281 - INFO - <module> : Opened: https://fuat-meralco.cs73.force.com/customers/s/cxe-apply
2023-01-05 12:54:26,281 - INFO - <module> : Opened: https://fuat-meralco.cs73.force.com/customers/s/cxe-apply
2023-01-05 12:54:26,281 - INFO - <module> : Opened: https://fuat-meralco.cs73.force.com/customers/s/cxe-apply
2023-01-05 12:54:32,811 - INFO - <module> : Service Application exists
2023-01-05 12:54:32,811 - INFO - <module> : Service Application exists
2023-01-05 12:54:32,811 - INFO - <module> : Service Application exists
2023-01-05 12:54:32,811 - INFO - <module> : Service Application exists
2023-01-05 12:54:36,175 - INFO - <module> : Clicked
2023-01-05 12:54:36,175 - INFO - <module> : Clicked
2023-01-05 12:54:36,175 - INFO - <module> : Clicked
2023-01-05 12:54:36,175 - INFO - <module> : Clicked
2023-01-05 12:54:44,195 - INFO - <module> : Clicked
2023-01-05 12:54:44,195 - INFO - <module> : Clicked
2023-01-05 12:54:44,195 - INFO - <module> : Clicked
2023-01-05 12:54:44,195 - INFO - <module> : Clicked
2023-01-05 12:54:47,909 - INFO - <module> : input: 0104248103
2023-01-05 12:54:47,909 - INFO - <module> : input: 0104248103
2023-01-05 12:54:47,909 - INFO - <module> : input: 0104248103
2023-01-05 12:54:47,909 - INFO - <module> : input: 0104248103
2023-01-05 12:54:48,763 - INFO - <module> : Clicked
2023-01-05 12:54:48,763 - INFO - <module> : Clicked
2023-01-05 12:54:48,763 - INFO - <module> : Clicked
2023-01-05 12:54:48,763 - INFO - <module> : Clicked
2023-01-05 12:54:48,850 - INFO - <module> : Clicked
2023-01-05 12:54:48,850 - INFO - <module> : Clicked
2023-01-05 12:54:48,850 - INFO - <module> : Clicked
2023-01-05 12:54:48,850 - INFO - <module> : Clicked
2023-01-05 12:54:48,962 - INFO - <module> : input: automation1
2023-01-05 12:54:48,962 - INFO - <module> : input: automation1
2023-01-05 12:54:48,962 - INFO - <module> : input: automation1
2023-01-05 12:54:48,962 - INFO - <module> : input: automation1
2023-01-05 12:54:49,131 - INFO - <module> : input: +6321234543
2023-01-05 12:54:49,131 - INFO - <module> : input: +6321234543
2023-01-05 12:54:49,131 - INFO - <module> : input: +6321234543
2023-01-05 12:54:49,131 - INFO - <module> : input: +6321234543
2023-01-05 12:54:49,216 - INFO - <module> : input: automation5
2023-01-05 12:54:49,216 - INFO - <module> : input: automation5
2023-01-05 12:54:49,216 - INFO - <module> : input: automation5
2023-01-05 12:54:49,216 - INFO - <module> : input: automation5
2023-01-05 12:54:49,279 - INFO - <module> : input: automation6
2023-01-05 12:54:49,279 - INFO - <module> : input: automation6
2023-01-05 12:54:49,279 - INFO - <module> : input: automation6
2023-01-05 12:54:49,279 - INFO - <module> : input: automation6
2023-01-05 12:54:49,424 - INFO - <module> : input: automation2@yopmail.com
2023-01-05 12:54:49,424 - INFO - <module> : input: automation2@yopmail.com
2023-01-05 12:54:49,424 - INFO - <module> : input: automation2@yopmail.com
2023-01-05 12:54:49,424 - INFO - <module> : input: automation2@yopmail.com
2023-01-05 12:54:49,551 - INFO - <module> : input: +639234567891
2023-01-05 12:54:49,551 - INFO - <module> : input: +639234567891
2023-01-05 12:54:49,551 - INFO - <module> : input: +639234567891
2023-01-05 12:54:49,551 - INFO - <module> : input: +639234567891
2023-01-05 12:54:49,611 - INFO - <module> : input: manager
2023-01-05 12:54:49,611 - INFO - <module> : input: manager
2023-01-05 12:54:49,611 - INFO - <module> : input: manager
2023-01-05 12:54:49,611 - INFO - <module> : input: manager
2023-01-05 12:54:52,522 - INFO - <module> : Clicked
2023-01-05 12:54:52,522 - INFO - <module> : Clicked
2023-01-05 12:54:52,522 - INFO - <module> : Clicked
2023-01-05 12:54:52,522 - INFO - <module> : Clicked
2023-01-05 12:54:52,568 - INFO - setup : Close Browser
