2022-11-18 16:19:04,731 - INFO - setup : Browser Launched!
2022-11-18 16:19:15,504 - INFO - <module> : Opened: https://outage-api.meralco.com.ph/
2022-11-18 16:19:15,504 - INFO - <module> : Opened: https://outage-api.meralco.com.ph/
2022-11-18 16:19:15,504 - INFO - <module> : Opened: https://outage-api.meralco.com.ph/
2022-11-18 16:19:15,504 - INFO - <module> : Opened: https://outage-api.meralco.com.ph/
2022-11-18 16:19:18,067 - INFO - <module> : input: v-agsealmoy@meralco.com.ph
2022-11-18 16:19:18,067 - INFO - <module> : input: v-agsealmoy@meralco.com.ph
2022-11-18 16:19:18,067 - INFO - <module> : input: v-agsealmoy@meralco.com.ph
2022-11-18 16:19:18,067 - INFO - <module> : input: v-agsealmoy@meralco.com.ph
2022-11-18 16:19:18,186 - INFO - <module> : Clicked
2022-11-18 16:19:18,186 - INFO - <module> : Clicked
2022-11-18 16:19:18,186 - INFO - <module> : Clicked
2022-11-18 16:19:18,186 - INFO - <module> : Clicked
2022-11-18 16:19:19,861 - INFO - <module> : input: Meco@@##00018
2022-11-18 16:19:19,861 - INFO - <module> : input: Meco@@##00018
2022-11-18 16:19:19,861 - INFO - <module> : input: Meco@@##00018
2022-11-18 16:19:19,861 - INFO - <module> : input: Meco@@##00018
2022-11-18 16:19:20,400 - INFO - <module> : Clicked
2022-11-18 16:19:20,400 - INFO - <module> : Clicked
2022-11-18 16:19:20,400 - INFO - <module> : Clicked
2022-11-18 16:19:20,400 - INFO - <module> : Clicked
2022-11-18 16:19:21,064 - INFO - <module> : Clicked
2022-11-18 16:19:21,064 - INFO - <module> : Clicked
2022-11-18 16:19:21,064 - INFO - <module> : Clicked
2022-11-18 16:19:21,064 - INFO - <module> : Clicked
2022-11-18 16:20:07,751 - INFO - <module> : Clicked
2022-11-18 16:20:07,751 - INFO - <module> : Clicked
2022-11-18 16:20:07,751 - INFO - <module> : Clicked
2022-11-18 16:20:07,751 - INFO - <module> : Clicked
2022-11-18 16:20:33,459 - INFO - <module> : Hover over Refresh data button
2022-11-18 16:20:33,459 - INFO - <module> : Hover over Refresh data button
2022-11-18 16:20:33,459 - INFO - <module> : Hover over Refresh data button
2022-11-18 16:20:33,459 - INFO - <module> : Hover over Refresh data button
2022-11-18 16:20:33,754 - INFO - setup : Close Browser
