2022-10-18 14:26:48,091 - INFO - setup : Browser Launched!
2022-10-18 14:27:17,503 - INFO - <module> : Go to https://fuat-meralco.cs73.force.com/customers/s/outagemap
2022-10-18 14:27:17,503 - INFO - <module> : Go to https://fuat-meralco.cs73.force.com/customers/s/outagemap
2022-10-18 14:27:17,503 - INFO - <module> : Go to https://fuat-meralco.cs73.force.com/customers/s/outagemap
2022-10-18 14:27:17,503 - INFO - <module> : Go to https://fuat-meralco.cs73.force.com/customers/s/outagemap
2022-10-18 14:27:32,150 - INFO - <module> : Opened: https://fuat-meralco.cs73.force.com/customers/s/outagemap
2022-10-18 14:27:32,150 - INFO - <module> : Opened: https://fuat-meralco.cs73.force.com/customers/s/outagemap
2022-10-18 14:27:32,150 - INFO - <module> : Opened: https://fuat-meralco.cs73.force.com/customers/s/outagemap
2022-10-18 14:27:32,150 - INFO - <module> : Opened: https://fuat-meralco.cs73.force.com/customers/s/outagemap
2022-10-18 14:27:43,707 - INFO - <module> : On the left side, hover on tooltip beside Other Address
2022-10-18 14:27:43,707 - INFO - <module> : On the left side, hover on tooltip beside Other Address
2022-10-18 14:27:43,707 - INFO - <module> : On the left side, hover on tooltip beside Other Address
2022-10-18 14:27:43,707 - INFO - <module> : On the left side, hover on tooltip beside Other Address
2022-10-18 14:27:47,313 - INFO - <module> : Meralco would like to access your location to identify if your area is affected by an outage. exists
2022-10-18 14:27:47,313 - INFO - <module> : Meralco would like to access your location to identify if your area is affected by an outage. exists
2022-10-18 14:27:47,313 - INFO - <module> : Meralco would like to access your location to identify if your area is affected by an outage. exists
2022-10-18 14:27:47,313 - INFO - <module> : Meralco would like to access your location to identify if your area is affected by an outage. exists
2022-10-18 14:27:48,433 - INFO - <module> : Clicked
2022-10-18 14:27:48,433 - INFO - <module> : Clicked
2022-10-18 14:27:48,433 - INFO - <module> : Clicked
2022-10-18 14:27:48,433 - INFO - <module> : Clicked
2022-10-18 14:27:55,776 - INFO - <module> : Clicked
2022-10-18 14:27:55,776 - INFO - <module> : Clicked
2022-10-18 14:27:55,776 - INFO - <module> : Clicked
2022-10-18 14:27:55,776 - INFO - <module> : Clicked
2022-10-18 14:28:04,554 - INFO - setup : Close Browser
