2022-10-18 10:48:50,065 - INFO - setup : Browser Launched!
2022-10-18 10:49:02,273 - INFO - <module> : Go to https://fuat-meralco.cs73.force.com/customers/s/outagemap
2022-10-18 10:49:02,273 - INFO - <module> : Go to https://fuat-meralco.cs73.force.com/customers/s/outagemap
2022-10-18 10:49:02,273 - INFO - <module> : Go to https://fuat-meralco.cs73.force.com/customers/s/outagemap
2022-10-18 10:49:02,273 - INFO - <module> : Go to https://fuat-meralco.cs73.force.com/customers/s/outagemap
2022-10-18 10:49:18,200 - INFO - <module> : Opened: https://fuat-meralco.cs73.force.com/customers/s/outagemap
2022-10-18 10:49:18,200 - INFO - <module> : Opened: https://fuat-meralco.cs73.force.com/customers/s/outagemap
2022-10-18 10:49:18,200 - INFO - <module> : Opened: https://fuat-meralco.cs73.force.com/customers/s/outagemap
2022-10-18 10:49:18,200 - INFO - <module> : Opened: https://fuat-meralco.cs73.force.com/customers/s/outagemap
2022-10-18 10:49:21,303 - INFO - <module> : Click on any Outage Pin
2022-10-18 10:49:21,303 - INFO - <module> : Click on any Outage Pin
2022-10-18 10:49:21,303 - INFO - <module> : Click on any Outage Pin
2022-10-18 10:49:21,303 - INFO - <module> : Click on any Outage Pin
2022-10-18 10:49:25,600 - INFO - <module> : Meralco would like to access your location to identify if your area is affected by an outage. exists
2022-10-18 10:49:25,600 - INFO - <module> : Meralco would like to access your location to identify if your area is affected by an outage. exists
2022-10-18 10:49:25,600 - INFO - <module> : Meralco would like to access your location to identify if your area is affected by an outage. exists
2022-10-18 10:49:25,600 - INFO - <module> : Meralco would like to access your location to identify if your area is affected by an outage. exists
2022-10-18 10:49:25,747 - INFO - <module> : Clicked
2022-10-18 10:49:25,747 - INFO - <module> : Clicked
2022-10-18 10:49:25,747 - INFO - <module> : Clicked
2022-10-18 10:49:25,747 - INFO - <module> : Clicked
2022-10-18 10:49:32,098 - INFO - <module> : Clicked
2022-10-18 10:49:32,098 - INFO - <module> : Clicked
2022-10-18 10:49:32,098 - INFO - <module> : Clicked
2022-10-18 10:49:32,098 - INFO - <module> : Clicked
2022-10-18 10:49:39,253 - INFO - setup : Close Browser
