2023-01-03 14:06:51,271 - INFO - setup : Browser Launched!
2023-01-03 14:07:25,546 - INFO - <module> : Opened: https://fuat-meralco.cs73.force.com/customers/s/cxe-apply
2023-01-03 14:07:25,546 - INFO - <module> : Opened: https://fuat-meralco.cs73.force.com/customers/s/cxe-apply
2023-01-03 14:07:25,546 - INFO - <module> : Opened: https://fuat-meralco.cs73.force.com/customers/s/cxe-apply
2023-01-03 14:07:25,546 - INFO - <module> : Opened: https://fuat-meralco.cs73.force.com/customers/s/cxe-apply
2023-01-03 14:07:31,939 - INFO - <module> : Service Application exists
2023-01-03 14:07:31,939 - INFO - <module> : Service Application exists
2023-01-03 14:07:31,939 - INFO - <module> : Service Application exists
2023-01-03 14:07:31,939 - INFO - <module> : Service Application exists
2023-01-03 14:07:35,289 - INFO - <module> : Clicked
2023-01-03 14:07:35,289 - INFO - <module> : Clicked
2023-01-03 14:07:35,289 - INFO - <module> : Clicked
2023-01-03 14:07:35,289 - INFO - <module> : Clicked
2023-01-03 14:07:38,569 - INFO - <module> : Clicked
2023-01-03 14:07:38,569 - INFO - <module> : Clicked
2023-01-03 14:07:38,569 - INFO - <module> : Clicked
2023-01-03 14:07:38,569 - INFO - <module> : Clicked
2023-01-03 14:07:47,977 - INFO - <module> : Clicked
2023-01-03 14:07:47,977 - INFO - <module> : Clicked
2023-01-03 14:07:47,977 - INFO - <module> : Clicked
2023-01-03 14:07:47,977 - INFO - <module> : Clicked
2023-01-03 14:07:48,067 - INFO - setup : Close Browser
