2022-11-24 14:49:00,712 - INFO - setup : Browser Launched!
2022-11-24 14:49:11,551 - INFO - <module> : Opened: https://meralco--fuat.lightning.force.com/lightning/page/home
2022-11-24 14:49:11,551 - INFO - <module> : Opened: https://meralco--fuat.lightning.force.com/lightning/page/home
2022-11-24 14:49:11,551 - INFO - <module> : Opened: https://meralco--fuat.lightning.force.com/lightning/page/home
2022-11-24 14:49:14,493 - INFO - <module> : Clicked
2022-11-24 14:49:14,493 - INFO - <module> : Clicked
2022-11-24 14:49:14,493 - INFO - <module> : Clicked
2022-11-24 14:49:15,707 - INFO - <module> : input: v-lvlgalvez@meralco.com.ph
2022-11-24 14:49:15,707 - INFO - <module> : input: v-lvlgalvez@meralco.com.ph
2022-11-24 14:49:15,707 - INFO - <module> : input: v-lvlgalvez@meralco.com.ph
2022-11-24 14:49:15,819 - INFO - <module> : Clicked
2022-11-24 14:49:15,819 - INFO - <module> : Clicked
2022-11-24 14:49:15,819 - INFO - <module> : Clicked
2022-11-24 14:49:17,032 - INFO - <module> : input: Mecopass@@!!121
2022-11-24 14:49:17,032 - INFO - <module> : input: Mecopass@@!!121
2022-11-24 14:49:17,032 - INFO - <module> : input: Mecopass@@!!121
2022-11-24 14:49:17,780 - INFO - <module> : Clicked
2022-11-24 14:49:17,780 - INFO - <module> : Clicked
2022-11-24 14:49:17,780 - INFO - <module> : Clicked
2022-11-24 14:49:43,587 - INFO - <module> : Clicked
2022-11-24 14:49:43,587 - INFO - <module> : Clicked
2022-11-24 14:49:43,587 - INFO - <module> : Clicked
2022-11-24 14:50:13,784 - INFO - setup : Close Browser
