2023-01-03 15:26:48,588 - INFO - setup : Browser Launched!
2023-01-03 15:27:19,786 - INFO - <module> : Opened: https://fuat-meralco.cs73.force.com/customers/s/cxe-apply
2023-01-03 15:27:19,786 - INFO - <module> : Opened: https://fuat-meralco.cs73.force.com/customers/s/cxe-apply
2023-01-03 15:27:19,786 - INFO - <module> : Opened: https://fuat-meralco.cs73.force.com/customers/s/cxe-apply
2023-01-03 15:27:19,786 - INFO - <module> : Opened: https://fuat-meralco.cs73.force.com/customers/s/cxe-apply
2023-01-03 15:27:25,920 - INFO - <module> : Service Application exists
2023-01-03 15:27:25,920 - INFO - <module> : Service Application exists
2023-01-03 15:27:25,920 - INFO - <module> : Service Application exists
2023-01-03 15:27:25,920 - INFO - <module> : Service Application exists
2023-01-03 15:27:29,265 - INFO - <module> : Clicked
2023-01-03 15:27:29,265 - INFO - <module> : Clicked
2023-01-03 15:27:29,265 - INFO - <module> : Clicked
2023-01-03 15:27:29,265 - INFO - <module> : Clicked
2023-01-03 15:27:32,563 - INFO - <module> : Clicked
2023-01-03 15:27:32,563 - INFO - <module> : Clicked
2023-01-03 15:27:32,563 - INFO - <module> : Clicked
2023-01-03 15:27:32,563 - INFO - <module> : Clicked
2023-01-03 15:27:45,392 - INFO - <module> : Clicked
2023-01-03 15:27:45,392 - INFO - <module> : Clicked
2023-01-03 15:27:45,392 - INFO - <module> : Clicked
2023-01-03 15:27:45,392 - INFO - <module> : Clicked
2023-01-03 15:27:50,907 - INFO - <module> : input: EarlMO122@yopmail.com
2023-01-03 15:27:50,907 - INFO - <module> : input: EarlMO122@yopmail.com
2023-01-03 15:27:50,907 - INFO - <module> : input: EarlMO122@yopmail.com
2023-01-03 15:27:50,907 - INFO - <module> : input: EarlMO122@yopmail.com
2023-01-03 15:27:51,040 - INFO - <module> : input: atfirst1
2023-01-03 15:27:51,040 - INFO - <module> : input: atfirst1
2023-01-03 15:27:51,040 - INFO - <module> : input: atfirst1
2023-01-03 15:27:51,040 - INFO - <module> : input: atfirst1
2023-01-03 15:27:51,123 - INFO - <module> : input: atlast1
2023-01-03 15:27:51,123 - INFO - <module> : input: atlast1
2023-01-03 15:27:51,123 - INFO - <module> : input: atlast1
2023-01-03 15:27:51,123 - INFO - <module> : input: atlast1
2023-01-03 15:27:51,188 - INFO - <module> : input: 9234567891
2023-01-03 15:27:51,188 - INFO - <module> : input: 9234567891
2023-01-03 15:27:51,188 - INFO - <module> : input: 9234567891
2023-01-03 15:27:51,188 - INFO - <module> : input: 9234567891
2023-01-03 15:27:51,702 - INFO - <module> : Clicked
2023-01-03 15:27:51,702 - INFO - <module> : Clicked
2023-01-03 15:27:51,702 - INFO - <module> : Clicked
2023-01-03 15:27:51,702 - INFO - <module> : Clicked
2023-01-03 15:27:52,259 - INFO - <module> : Clicked
2023-01-03 15:27:52,259 - INFO - <module> : Clicked
2023-01-03 15:27:52,259 - INFO - <module> : Clicked
2023-01-03 15:27:52,259 - INFO - <module> : Clicked
2023-01-03 15:27:58,700 - INFO - <module> : Opened: https://yopmail.com/en/
2023-01-03 15:27:58,700 - INFO - <module> : Opened: https://yopmail.com/en/
2023-01-03 15:27:58,700 - INFO - <module> : Opened: https://yopmail.com/en/
2023-01-03 15:27:58,700 - INFO - <module> : Opened: https://yopmail.com/en/
2023-01-03 15:28:06,457 - INFO - <module> : input: EarlMO122@yopmail.com
2023-01-03 15:28:06,457 - INFO - <module> : input: EarlMO122@yopmail.com
2023-01-03 15:28:06,457 - INFO - <module> : input: EarlMO122@yopmail.com
2023-01-03 15:28:06,457 - INFO - <module> : input: EarlMO122@yopmail.com
2023-01-03 15:28:07,887 - INFO - <module> : Clicked
2023-01-03 15:28:07,887 - INFO - <module> : Clicked
2023-01-03 15:28:07,887 - INFO - <module> : Clicked
2023-01-03 15:28:07,887 - INFO - <module> : Clicked
2023-01-03 15:28:31,322 - INFO - setup : Close Browser
