2023-01-06 16:22:54,490 - INFO - setup : Browser Launched!
2023-01-06 16:23:32,997 - INFO - <module> : Opened: https://meralco--fuat.lightning.force.com/lightning/page/home
2023-01-06 16:23:32,997 - INFO - <module> : Opened: https://meralco--fuat.lightning.force.com/lightning/page/home
2023-01-06 16:23:32,997 - INFO - <module> : Opened: https://meralco--fuat.lightning.force.com/lightning/page/home
2023-01-06 16:23:32,997 - INFO - <module> : Opened: https://meralco--fuat.lightning.force.com/lightning/page/home
2023-01-06 16:23:33,954 - INFO - <module> : Clicked
2023-01-06 16:23:33,954 - INFO - <module> : Clicked
2023-01-06 16:23:33,954 - INFO - <module> : Clicked
2023-01-06 16:23:33,954 - INFO - <module> : Clicked
2023-01-06 16:23:44,529 - INFO - <module> : input: v-lvlgalvez@meralco.com.ph
2023-01-06 16:23:44,529 - INFO - <module> : input: v-lvlgalvez@meralco.com.ph
2023-01-06 16:23:44,529 - INFO - <module> : input: v-lvlgalvez@meralco.com.ph
2023-01-06 16:23:44,529 - INFO - <module> : input: v-lvlgalvez@meralco.com.ph
2023-01-06 16:23:44,998 - INFO - <module> : Clicked
2023-01-06 16:23:44,998 - INFO - <module> : Clicked
2023-01-06 16:23:44,998 - INFO - <module> : Clicked
2023-01-06 16:23:44,998 - INFO - <module> : Clicked
2023-01-06 16:23:47,116 - INFO - <module> : input: Mecopass@@!!123
2023-01-06 16:23:47,116 - INFO - <module> : input: Mecopass@@!!123
2023-01-06 16:23:47,116 - INFO - <module> : input: Mecopass@@!!123
2023-01-06 16:23:47,116 - INFO - <module> : input: Mecopass@@!!123
2023-01-06 16:23:49,403 - INFO - <module> : Clicked
2023-01-06 16:23:49,403 - INFO - <module> : Clicked
2023-01-06 16:23:49,403 - INFO - <module> : Clicked
2023-01-06 16:23:49,403 - INFO - <module> : Clicked
2023-01-06 16:23:50,294 - INFO - <module> : Clicked
2023-01-06 16:23:50,294 - INFO - <module> : Clicked
2023-01-06 16:23:50,294 - INFO - <module> : Clicked
2023-01-06 16:23:50,294 - INFO - <module> : Clicked
2023-01-06 16:24:22,854 - INFO - <module> : Clicked
2023-01-06 16:24:22,854 - INFO - <module> : Clicked
2023-01-06 16:24:22,854 - INFO - <module> : Clicked
2023-01-06 16:24:22,854 - INFO - <module> : Clicked
2023-01-06 16:24:34,438 - INFO - <module> : Clicked
2023-01-06 16:24:34,438 - INFO - <module> : Clicked
2023-01-06 16:24:34,438 - INFO - <module> : Clicked
2023-01-06 16:24:34,438 - INFO - <module> : Clicked
2023-01-06 16:24:36,401 - INFO - <module> : input: 22122252189
2023-01-06 16:24:36,401 - INFO - <module> : input: 22122252189
2023-01-06 16:24:36,401 - INFO - <module> : input: 22122252189
2023-01-06 16:24:36,401 - INFO - <module> : input: 22122252189
2023-01-06 16:24:40,753 - INFO - <module> : Clicked
2023-01-06 16:24:40,753 - INFO - <module> : Clicked
2023-01-06 16:24:40,753 - INFO - <module> : Clicked
2023-01-06 16:24:40,753 - INFO - <module> : Clicked
2023-01-06 16:24:40,802 - INFO - setup : Close Browser
