2022-10-13 14:39:56,562 - INFO - setup : Browser Launched!
2022-10-13 14:40:04,519 - INFO - <module> : Go to External Map 
2022-10-13 14:40:04,519 - INFO - <module> : Go to External Map 
2022-10-13 14:40:04,519 - INFO - <module> : Go to External Map 
2022-10-13 14:40:04,519 - INFO - <module> : Go to External Map 
2022-10-13 14:40:04,637 - INFO - <module> : input: atmooutageaccount@yopmail.com
2022-10-13 14:40:04,637 - INFO - <module> : input: atmooutageaccount@yopmail.com
2022-10-13 14:40:04,637 - INFO - <module> : input: atmooutageaccount@yopmail.com
2022-10-13 14:40:04,637 - INFO - <module> : input: atmooutageaccount@yopmail.com
2022-10-13 14:40:04,776 - INFO - <module> : input: Meralco01
2022-10-13 14:40:04,776 - INFO - <module> : input: Meralco01
2022-10-13 14:40:04,776 - INFO - <module> : input: Meralco01
2022-10-13 14:40:04,776 - INFO - <module> : input: Meralco01
2022-10-13 14:40:04,833 - INFO - <module> : Log in clicked
2022-10-13 14:40:04,833 - INFO - <module> : Log in clicked
2022-10-13 14:40:04,833 - INFO - <module> : Log in clicked
2022-10-13 14:40:04,833 - INFO - <module> : Log in clicked
2022-10-13 14:40:09,445 - INFO - <module> : Hello, exists
2022-10-13 14:40:09,445 - INFO - <module> : Hello, exists
2022-10-13 14:40:09,445 - INFO - <module> : Hello, exists
2022-10-13 14:40:09,445 - INFO - <module> : Hello, exists
2022-10-13 14:40:09,464 - INFO - <module> : Hello, exists
2022-10-13 14:40:09,464 - INFO - <module> : Hello, exists
2022-10-13 14:40:09,464 - INFO - <module> : Hello, exists
2022-10-13 14:40:09,464 - INFO - <module> : Hello, exists
2022-10-13 14:40:11,736 - INFO - <module> : Outages & Incidents clicked
2022-10-13 14:40:11,736 - INFO - <module> : Outages & Incidents clicked
2022-10-13 14:40:11,736 - INFO - <module> : Outages & Incidents clicked
2022-10-13 14:40:11,736 - INFO - <module> : Outages & Incidents clicked
2022-10-13 14:40:11,785 - INFO - <module> :  clicked
2022-10-13 14:40:11,785 - INFO - <module> :  clicked
2022-10-13 14:40:11,785 - INFO - <module> :  clicked
2022-10-13 14:40:11,785 - INFO - <module> :  clicked
2022-10-13 14:40:29,395 - INFO - <module> : Okay clicked
2022-10-13 14:40:29,395 - INFO - <module> : Okay clicked
2022-10-13 14:40:29,395 - INFO - <module> : Okay clicked
2022-10-13 14:40:29,395 - INFO - <module> : Okay clicked
2022-10-13 14:40:32,143 - INFO - <module> : Select weather information to be displayed
2022-10-13 14:40:32,143 - INFO - <module> : Select weather information to be displayed
2022-10-13 14:40:32,143 - INFO - <module> : Select weather information to be displayed
2022-10-13 14:40:32,143 - INFO - <module> : Select weather information to be displayed
2022-10-13 14:40:32,255 - INFO - <module> :  clicked
2022-10-13 14:40:32,255 - INFO - <module> :  clicked
2022-10-13 14:40:32,255 - INFO - <module> :  clicked
2022-10-13 14:40:32,255 - INFO - <module> :  clicked
2022-10-13 14:40:34,592 - INFO - <module> :  clicked
2022-10-13 14:40:34,592 - INFO - <module> :  clicked
2022-10-13 14:40:34,592 - INFO - <module> :  clicked
2022-10-13 14:40:34,592 - INFO - <module> :  clicked
2022-10-13 14:40:35,153 - INFO - <module> : close clicked
2022-10-13 14:40:35,153 - INFO - <module> : close clicked
2022-10-13 14:40:35,153 - INFO - <module> : close clicked
2022-10-13 14:40:35,153 - INFO - <module> : close clicked
2022-10-13 14:40:45,239 - INFO - <module> :  clicked
2022-10-13 14:40:45,239 - INFO - <module> :  clicked
2022-10-13 14:40:45,239 - INFO - <module> :  clicked
2022-10-13 14:40:45,239 - INFO - <module> :  clicked
2022-10-13 14:40:48,039 - INFO - <module> : Adjust outage map zoom level to greater than 8
2022-10-13 14:40:48,039 - INFO - <module> : Adjust outage map zoom level to greater than 8
2022-10-13 14:40:48,039 - INFO - <module> : Adjust outage map zoom level to greater than 8
2022-10-13 14:40:48,039 - INFO - <module> : Adjust outage map zoom level to greater than 8
2022-10-13 14:40:48,253 - INFO - <module> : remove clicked
2022-10-13 14:40:48,253 - INFO - <module> : remove clicked
2022-10-13 14:40:48,253 - INFO - <module> : remove clicked
2022-10-13 14:40:48,253 - INFO - <module> : remove clicked
2022-10-13 14:40:51,070 - INFO - <module> : Validate weather icons in Internal Map
2022-10-13 14:40:51,070 - INFO - <module> : Validate weather icons in Internal Map
2022-10-13 14:40:51,070 - INFO - <module> : Validate weather icons in Internal Map
2022-10-13 14:40:51,070 - INFO - <module> : Validate weather icons in Internal Map
2022-10-13 14:40:53,493 - INFO - setup : Close Browser
