2023-01-11 10:58:18,222 - INFO - setup : Browser Launched!
2023-01-11 10:58:28,267 - INFO - <module> : Go to Outages & Incidents > Report Streetlight And Safety Concerns
2023-01-11 10:58:28,267 - INFO - <module> : Go to Outages & Incidents > Report Streetlight And Safety Concerns
2023-01-11 10:58:28,267 - INFO - <module> : Go to Outages & Incidents > Report Streetlight And Safety Concerns
2023-01-11 10:58:28,267 - INFO - <module> : Go to Outages & Incidents > Report Streetlight And Safety Concerns
2023-01-11 10:58:28,267 - INFO - <module> : Go to Outages & Incidents > Report Streetlight And Safety Concerns
2023-01-11 10:58:31,936 - INFO - <module> : Opened: https://fuat-meralco.cs73.force.com/customers/s/outagemap
2023-01-11 10:58:31,936 - INFO - <module> : Opened: https://fuat-meralco.cs73.force.com/customers/s/outagemap
2023-01-11 10:58:31,936 - INFO - <module> : Opened: https://fuat-meralco.cs73.force.com/customers/s/outagemap
2023-01-11 10:58:31,936 - INFO - <module> : Opened: https://fuat-meralco.cs73.force.com/customers/s/outagemap
2023-01-11 10:58:31,936 - INFO - <module> : Opened: https://fuat-meralco.cs73.force.com/customers/s/outagemap
2023-01-11 10:58:38,537 - INFO - <module> : Meralco would like to access your location to identify if your area is affected by an outage. exists
2023-01-11 10:58:38,537 - INFO - <module> : Meralco would like to access your location to identify if your area is affected by an outage. exists
2023-01-11 10:58:38,537 - INFO - <module> : Meralco would like to access your location to identify if your area is affected by an outage. exists
2023-01-11 10:58:38,537 - INFO - <module> : Meralco would like to access your location to identify if your area is affected by an outage. exists
2023-01-11 10:58:38,537 - INFO - <module> : Meralco would like to access your location to identify if your area is affected by an outage. exists
2023-01-11 10:58:40,632 - INFO - <module> : Clicked
2023-01-11 10:58:40,632 - INFO - <module> : Clicked
2023-01-11 10:58:40,632 - INFO - <module> : Clicked
2023-01-11 10:58:40,632 - INFO - <module> : Clicked
2023-01-11 10:58:40,632 - INFO - <module> : Clicked
2023-01-11 10:58:44,722 - INFO - <module> : Clicked
2023-01-11 10:58:44,722 - INFO - <module> : Clicked
2023-01-11 10:58:44,722 - INFO - <module> : Clicked
2023-01-11 10:58:44,722 - INFO - <module> : Clicked
2023-01-11 10:58:44,722 - INFO - <module> : Clicked
2023-01-11 10:58:52,777 - INFO - <module> : Report an Outage or Incident exists
2023-01-11 10:58:52,777 - INFO - <module> : Report an Outage or Incident exists
2023-01-11 10:58:52,777 - INFO - <module> : Report an Outage or Incident exists
2023-01-11 10:58:52,777 - INFO - <module> : Report an Outage or Incident exists
2023-01-11 10:58:52,777 - INFO - <module> : Report an Outage or Incident exists
2023-01-11 10:58:52,834 - INFO - <module> : Clicked
2023-01-11 10:58:52,834 - INFO - <module> : Clicked
2023-01-11 10:58:52,834 - INFO - <module> : Clicked
2023-01-11 10:58:52,834 - INFO - <module> : Clicked
2023-01-11 10:58:52,834 - INFO - <module> : Clicked
2023-01-11 10:58:53,409 - INFO - <module> : Clicked
2023-01-11 10:58:53,409 - INFO - <module> : Clicked
2023-01-11 10:58:53,409 - INFO - <module> : Clicked
2023-01-11 10:58:53,409 - INFO - <module> : Clicked
2023-01-11 10:58:53,409 - INFO - <module> : Clicked
2023-01-11 10:58:53,462 - INFO - <module> : Clicked
2023-01-11 10:58:53,462 - INFO - <module> : Clicked
2023-01-11 10:58:53,462 - INFO - <module> : Clicked
2023-01-11 10:58:53,462 - INFO - <module> : Clicked
2023-01-11 10:58:53,462 - INFO - <module> : Clicked
2023-01-11 10:58:56,377 - INFO - <module> : Populate required fields > click Submit
2023-01-11 10:58:56,377 - INFO - <module> : Populate required fields > click Submit
2023-01-11 10:58:56,377 - INFO - <module> : Populate required fields > click Submit
2023-01-11 10:58:56,377 - INFO - <module> : Populate required fields > click Submit
2023-01-11 10:58:56,377 - INFO - <module> : Populate required fields > click Submit
2023-01-11 10:58:56,436 - INFO - <module> : Clicked
2023-01-11 10:58:56,436 - INFO - <module> : Clicked
2023-01-11 10:58:56,436 - INFO - <module> : Clicked
2023-01-11 10:58:56,436 - INFO - <module> : Clicked
2023-01-11 10:58:56,436 - INFO - <module> : Clicked
2023-01-11 10:58:56,991 - INFO - <module> : Clicked
2023-01-11 10:58:56,991 - INFO - <module> : Clicked
2023-01-11 10:58:56,991 - INFO - <module> : Clicked
2023-01-11 10:58:56,991 - INFO - <module> : Clicked
2023-01-11 10:58:56,991 - INFO - <module> : Clicked
2023-01-11 10:58:57,549 - INFO - <module> : Clicked
2023-01-11 10:58:57,549 - INFO - <module> : Clicked
2023-01-11 10:58:57,549 - INFO - <module> : Clicked
2023-01-11 10:58:57,549 - INFO - <module> : Clicked
2023-01-11 10:58:57,549 - INFO - <module> : Clicked
2023-01-11 10:58:58,109 - INFO - <module> : Clicked
2023-01-11 10:58:58,109 - INFO - <module> : Clicked
2023-01-11 10:58:58,109 - INFO - <module> : Clicked
2023-01-11 10:58:58,109 - INFO - <module> : Clicked
2023-01-11 10:58:58,109 - INFO - <module> : Clicked
2023-01-11 10:58:59,180 - INFO - <module> : Clicked
2023-01-11 10:58:59,180 - INFO - <module> : Clicked
2023-01-11 10:58:59,180 - INFO - <module> : Clicked
2023-01-11 10:58:59,180 - INFO - <module> : Clicked
2023-01-11 10:58:59,180 - INFO - <module> : Clicked
2023-01-11 10:58:59,260 - INFO - <module> : input: 123
2023-01-11 10:58:59,260 - INFO - <module> : input: 123
2023-01-11 10:58:59,260 - INFO - <module> : input: 123
2023-01-11 10:58:59,260 - INFO - <module> : input: 123
2023-01-11 10:58:59,260 - INFO - <module> : input: 123
2023-01-11 10:58:59,317 - INFO - <module> : Clicked
2023-01-11 10:58:59,317 - INFO - <module> : Clicked
2023-01-11 10:58:59,317 - INFO - <module> : Clicked
2023-01-11 10:58:59,317 - INFO - <module> : Clicked
2023-01-11 10:58:59,317 - INFO - <module> : Clicked
2023-01-11 10:59:00,475 - INFO - setup : Close Browser
