2022-10-20 12:54:09,709 - INFO - setup : Browser Launched!
2022-10-20 12:54:24,969 - INFO - <module> : Access outage reporting form for Guest users.
2022-10-20 12:54:24,969 - INFO - <module> : Access outage reporting form for Guest users.
2022-10-20 12:54:24,969 - INFO - <module> : Access outage reporting form for Guest users.
2022-10-20 12:54:24,969 - INFO - <module> : Access outage reporting form for Guest users.
2022-10-20 12:54:31,519 - INFO - <module> : Opened: https://fuat-meralco.cs73.force.com/customers/s/outagemap
2022-10-20 12:54:31,519 - INFO - <module> : Opened: https://fuat-meralco.cs73.force.com/customers/s/outagemap
2022-10-20 12:54:31,519 - INFO - <module> : Opened: https://fuat-meralco.cs73.force.com/customers/s/outagemap
2022-10-20 12:54:31,519 - INFO - <module> : Opened: https://fuat-meralco.cs73.force.com/customers/s/outagemap
2022-10-20 12:54:35,452 - INFO - <module> : Meralco would like to access your location to identify if your area is affected by an outage. exists
2022-10-20 12:54:35,452 - INFO - <module> : Meralco would like to access your location to identify if your area is affected by an outage. exists
2022-10-20 12:54:35,452 - INFO - <module> : Meralco would like to access your location to identify if your area is affected by an outage. exists
2022-10-20 12:54:35,452 - INFO - <module> : Meralco would like to access your location to identify if your area is affected by an outage. exists
2022-10-20 12:54:37,757 - INFO - <module> : Clicked
2022-10-20 12:54:37,757 - INFO - <module> : Clicked
2022-10-20 12:54:37,757 - INFO - <module> : Clicked
2022-10-20 12:54:37,757 - INFO - <module> : Clicked
2022-10-20 12:54:42,107 - INFO - <module> : Clicked
2022-10-20 12:54:42,107 - INFO - <module> : Clicked
2022-10-20 12:54:42,107 - INFO - <module> : Clicked
2022-10-20 12:54:42,107 - INFO - <module> : Clicked
2022-10-20 12:54:50,256 - INFO - <module> : Report an Outage or Incident exists
2022-10-20 12:54:50,256 - INFO - <module> : Report an Outage or Incident exists
2022-10-20 12:54:50,256 - INFO - <module> : Report an Outage or Incident exists
2022-10-20 12:54:50,256 - INFO - <module> : Report an Outage or Incident exists
2022-10-20 12:54:55,303 - INFO - <module> : Choose 'Streetlight Concern' from the 'What are you reporting?' option.
2022-10-20 12:54:55,303 - INFO - <module> : Choose 'Streetlight Concern' from the 'What are you reporting?' option.
2022-10-20 12:54:55,303 - INFO - <module> : Choose 'Streetlight Concern' from the 'What are you reporting?' option.
2022-10-20 12:54:55,303 - INFO - <module> : Choose 'Streetlight Concern' from the 'What are you reporting?' option.
2022-10-20 12:54:55,624 - INFO - <module> : Clicked
2022-10-20 12:54:55,624 - INFO - <module> : Clicked
2022-10-20 12:54:55,624 - INFO - <module> : Clicked
2022-10-20 12:54:55,624 - INFO - <module> : Clicked
2022-10-20 12:55:00,765 - INFO - <module> : Choose 'Yes' from the options.
2022-10-20 12:55:00,765 - INFO - <module> : Choose 'Yes' from the options.
2022-10-20 12:55:00,765 - INFO - <module> : Choose 'Yes' from the options.
2022-10-20 12:55:00,765 - INFO - <module> : Choose 'Yes' from the options.
2022-10-20 12:55:01,034 - INFO - <module> : Clicked
2022-10-20 12:55:01,034 - INFO - <module> : Clicked
2022-10-20 12:55:01,034 - INFO - <module> : Clicked
2022-10-20 12:55:01,034 - INFO - <module> : Clicked
2022-10-20 12:55:06,077 - INFO - <module> : Click the dropdown field for Q2.
2022-10-20 12:55:06,077 - INFO - <module> : Click the dropdown field for Q2.
2022-10-20 12:55:06,077 - INFO - <module> : Click the dropdown field for Q2.
2022-10-20 12:55:06,077 - INFO - <module> : Click the dropdown field for Q2.
2022-10-20 12:55:06,369 - INFO - <module> : Clicked
2022-10-20 12:55:06,369 - INFO - <module> : Clicked
2022-10-20 12:55:06,369 - INFO - <module> : Clicked
2022-10-20 12:55:06,369 - INFO - <module> : Clicked
2022-10-20 12:55:11,462 - INFO - <module> : Choose 'Streetlight is always on, even during daytime' from the option.
2022-10-20 12:55:11,462 - INFO - <module> : Choose 'Streetlight is always on, even during daytime' from the option.
2022-10-20 12:55:11,462 - INFO - <module> : Choose 'Streetlight is always on, even during daytime' from the option.
2022-10-20 12:55:11,462 - INFO - <module> : Choose 'Streetlight is always on, even during daytime' from the option.
2022-10-20 12:55:11,753 - INFO - <module> : Clicked
2022-10-20 12:55:11,753 - INFO - <module> : Clicked
2022-10-20 12:55:11,753 - INFO - <module> : Clicked
2022-10-20 12:55:11,753 - INFO - <module> : Clicked
2022-10-20 12:55:17,034 - INFO - <module> : Populate the following fields by selecting from one of the picklist values, as applicable:
- Province
- City/Municipality
- Barangay
- Subdivision
- Street
- House/Unit No./ Floor/ Building
2022-10-20 12:55:17,034 - INFO - <module> : Populate the following fields by selecting from one of the picklist values, as applicable:
- Province
- City/Municipality
- Barangay
- Subdivision
- Street
- House/Unit No./ Floor/ Building
2022-10-20 12:55:17,034 - INFO - <module> : Populate the following fields by selecting from one of the picklist values, as applicable:
- Province
- City/Municipality
- Barangay
- Subdivision
- Street
- House/Unit No./ Floor/ Building
2022-10-20 12:55:17,034 - INFO - <module> : Populate the following fields by selecting from one of the picklist values, as applicable:
- Province
- City/Municipality
- Barangay
- Subdivision
- Street
- House/Unit No./ Floor/ Building
2022-10-20 12:55:17,361 - INFO - <module> : Clicked
2022-10-20 12:55:17,361 - INFO - <module> : Clicked
2022-10-20 12:55:17,361 - INFO - <module> : Clicked
2022-10-20 12:55:17,361 - INFO - <module> : Clicked
2022-10-20 12:55:18,096 - INFO - <module> : Clicked
2022-10-20 12:55:18,096 - INFO - <module> : Clicked
2022-10-20 12:55:18,096 - INFO - <module> : Clicked
2022-10-20 12:55:18,096 - INFO - <module> : Clicked
2022-10-20 12:55:18,788 - INFO - <module> : Clicked
2022-10-20 12:55:18,788 - INFO - <module> : Clicked
2022-10-20 12:55:18,788 - INFO - <module> : Clicked
2022-10-20 12:55:18,788 - INFO - <module> : Clicked
2022-10-20 12:55:19,477 - INFO - <module> : Clicked
2022-10-20 12:55:19,477 - INFO - <module> : Clicked
2022-10-20 12:55:19,477 - INFO - <module> : Clicked
2022-10-20 12:55:19,477 - INFO - <module> : Clicked
2022-10-20 12:55:20,161 - INFO - <module> : Clicked
2022-10-20 12:55:20,161 - INFO - <module> : Clicked
2022-10-20 12:55:20,161 - INFO - <module> : Clicked
2022-10-20 12:55:20,161 - INFO - <module> : Clicked
2022-10-20 12:55:20,434 - INFO - <module> : input: 123
2022-10-20 12:55:20,434 - INFO - <module> : input: 123
2022-10-20 12:55:20,434 - INFO - <module> : input: 123
2022-10-20 12:55:20,434 - INFO - <module> : input: 123
2022-10-20 12:55:25,553 - INFO - <module> : Populate 'Pole Number' field.
Note: There should be no pending case associated to the encoded Pole Number.
2022-10-20 12:55:25,553 - INFO - <module> : Populate 'Pole Number' field.
Note: There should be no pending case associated to the encoded Pole Number.
2022-10-20 12:55:25,553 - INFO - <module> : Populate 'Pole Number' field.
Note: There should be no pending case associated to the encoded Pole Number.
2022-10-20 12:55:25,553 - INFO - <module> : Populate 'Pole Number' field.
Note: There should be no pending case associated to the encoded Pole Number.
2022-10-20 12:55:25,966 - INFO - <module> : input: 29
2022-10-20 12:55:25,966 - INFO - <module> : input: 29
2022-10-20 12:55:25,966 - INFO - <module> : input: 29
2022-10-20 12:55:25,966 - INFO - <module> : input: 29
2022-10-20 12:55:31,149 - INFO - <module> : Select the 'Landmarks/Directions' option and input values in the text box.
2022-10-20 12:55:31,149 - INFO - <module> : Select the 'Landmarks/Directions' option and input values in the text box.
2022-10-20 12:55:31,149 - INFO - <module> : Select the 'Landmarks/Directions' option and input values in the text box.
2022-10-20 12:55:31,149 - INFO - <module> : Select the 'Landmarks/Directions' option and input values in the text box.
2022-10-20 12:55:31,527 - INFO - <module> : Clicked
2022-10-20 12:55:31,527 - INFO - <module> : Clicked
2022-10-20 12:55:31,527 - INFO - <module> : Clicked
2022-10-20 12:55:31,527 - INFO - <module> : Clicked
2022-10-20 12:55:33,058 - INFO - setup : Close Browser
