2023-01-03 15:33:41,928 - INFO - setup : Browser Launched!
2023-01-03 15:34:14,690 - INFO - <module> : Opened: https://fuat-meralco.cs73.force.com/customers/s/cxe-apply
2023-01-03 15:34:14,690 - INFO - <module> : Opened: https://fuat-meralco.cs73.force.com/customers/s/cxe-apply
2023-01-03 15:34:14,690 - INFO - <module> : Opened: https://fuat-meralco.cs73.force.com/customers/s/cxe-apply
2023-01-03 15:34:14,690 - INFO - <module> : Opened: https://fuat-meralco.cs73.force.com/customers/s/cxe-apply
2023-01-03 15:34:20,953 - INFO - <module> : Service Application exists
2023-01-03 15:34:20,953 - INFO - <module> : Service Application exists
2023-01-03 15:34:20,953 - INFO - <module> : Service Application exists
2023-01-03 15:34:20,953 - INFO - <module> : Service Application exists
2023-01-03 15:34:24,283 - INFO - <module> : Clicked
2023-01-03 15:34:24,283 - INFO - <module> : Clicked
2023-01-03 15:34:24,283 - INFO - <module> : Clicked
2023-01-03 15:34:24,283 - INFO - <module> : Clicked
2023-01-03 15:34:27,608 - INFO - <module> : Clicked
2023-01-03 15:34:27,608 - INFO - <module> : Clicked
2023-01-03 15:34:27,608 - INFO - <module> : Clicked
2023-01-03 15:34:27,608 - INFO - <module> : Clicked
2023-01-03 15:34:36,646 - INFO - <module> : Clicked
2023-01-03 15:34:36,646 - INFO - <module> : Clicked
2023-01-03 15:34:36,646 - INFO - <module> : Clicked
2023-01-03 15:34:36,646 - INFO - <module> : Clicked
2023-01-03 15:34:42,413 - INFO - <module> : input: EarlArcebido@yopmail.com
2023-01-03 15:34:42,413 - INFO - <module> : input: EarlArcebido@yopmail.com
2023-01-03 15:34:42,413 - INFO - <module> : input: EarlArcebido@yopmail.com
2023-01-03 15:34:42,413 - INFO - <module> : input: EarlArcebido@yopmail.com
2023-01-03 15:34:42,581 - INFO - <module> : input: atfirst1
2023-01-03 15:34:42,581 - INFO - <module> : input: atfirst1
2023-01-03 15:34:42,581 - INFO - <module> : input: atfirst1
2023-01-03 15:34:42,581 - INFO - <module> : input: atfirst1
2023-01-03 15:34:42,708 - INFO - <module> : input: atlast1
2023-01-03 15:34:42,708 - INFO - <module> : input: atlast1
2023-01-03 15:34:42,708 - INFO - <module> : input: atlast1
2023-01-03 15:34:42,708 - INFO - <module> : input: atlast1
2023-01-03 15:34:42,792 - INFO - <module> : input: 9234567891
2023-01-03 15:34:42,792 - INFO - <module> : input: 9234567891
2023-01-03 15:34:42,792 - INFO - <module> : input: 9234567891
2023-01-03 15:34:42,792 - INFO - <module> : input: 9234567891
2023-01-03 15:34:43,568 - INFO - <module> : Clicked
2023-01-03 15:34:43,568 - INFO - <module> : Clicked
2023-01-03 15:34:43,568 - INFO - <module> : Clicked
2023-01-03 15:34:43,568 - INFO - <module> : Clicked
2023-01-03 15:34:44,174 - INFO - <module> : Clicked
2023-01-03 15:34:44,174 - INFO - <module> : Clicked
2023-01-03 15:34:44,174 - INFO - <module> : Clicked
2023-01-03 15:34:44,174 - INFO - <module> : Clicked
2023-01-03 15:34:52,705 - INFO - <module> : Opened: https://yopmail.com/en/
2023-01-03 15:34:52,705 - INFO - <module> : Opened: https://yopmail.com/en/
2023-01-03 15:34:52,705 - INFO - <module> : Opened: https://yopmail.com/en/
2023-01-03 15:34:52,705 - INFO - <module> : Opened: https://yopmail.com/en/
2023-01-03 15:35:00,758 - INFO - <module> : input: EarlArcebido@yopmail.com
2023-01-03 15:35:00,758 - INFO - <module> : input: EarlArcebido@yopmail.com
2023-01-03 15:35:00,758 - INFO - <module> : input: EarlArcebido@yopmail.com
2023-01-03 15:35:00,758 - INFO - <module> : input: EarlArcebido@yopmail.com
2023-01-03 15:35:02,371 - INFO - <module> : Clicked
2023-01-03 15:35:02,371 - INFO - <module> : Clicked
2023-01-03 15:35:02,371 - INFO - <module> : Clicked
2023-01-03 15:35:02,371 - INFO - <module> : Clicked
2023-01-03 15:35:02,831 - INFO - setup : Close Browser
