2022-10-18 14:48:36,863 - INFO - setup : Browser Launched!
2022-10-18 14:48:45,314 - INFO - <module> : Go to https://fuat-meralco.cs73.force.com/customers/s/outagemap
2022-10-18 14:48:45,314 - INFO - <module> : Go to https://fuat-meralco.cs73.force.com/customers/s/outagemap
2022-10-18 14:48:45,314 - INFO - <module> : Go to https://fuat-meralco.cs73.force.com/customers/s/outagemap
2022-10-18 14:48:45,314 - INFO - <module> : Go to https://fuat-meralco.cs73.force.com/customers/s/outagemap
2022-10-18 14:48:49,600 - INFO - <module> : Opened: https://fuat-meralco.cs73.force.com/customers/s/outagemap
2022-10-18 14:48:49,600 - INFO - <module> : Opened: https://fuat-meralco.cs73.force.com/customers/s/outagemap
2022-10-18 14:48:49,600 - INFO - <module> : Opened: https://fuat-meralco.cs73.force.com/customers/s/outagemap
2022-10-18 14:48:49,600 - INFO - <module> : Opened: https://fuat-meralco.cs73.force.com/customers/s/outagemap
2022-10-18 14:48:52,983 - INFO - <module> : On the left side, hover on tooltip beside Other Address
2022-10-18 14:48:52,983 - INFO - <module> : On the left side, hover on tooltip beside Other Address
2022-10-18 14:48:52,983 - INFO - <module> : On the left side, hover on tooltip beside Other Address
2022-10-18 14:48:52,983 - INFO - <module> : On the left side, hover on tooltip beside Other Address
2022-10-18 14:48:56,071 - INFO - <module> : Meralco would like to access your location to identify if your area is affected by an outage. exists
2022-10-18 14:48:56,071 - INFO - <module> : Meralco would like to access your location to identify if your area is affected by an outage. exists
2022-10-18 14:48:56,071 - INFO - <module> : Meralco would like to access your location to identify if your area is affected by an outage. exists
2022-10-18 14:48:56,071 - INFO - <module> : Meralco would like to access your location to identify if your area is affected by an outage. exists
2022-10-18 14:48:56,166 - INFO - <module> : Clicked
2022-10-18 14:48:56,166 - INFO - <module> : Clicked
2022-10-18 14:48:56,166 - INFO - <module> : Clicked
2022-10-18 14:48:56,166 - INFO - <module> : Clicked
2022-10-18 14:49:03,276 - INFO - <module> : Clicked
2022-10-18 14:49:03,276 - INFO - <module> : Clicked
2022-10-18 14:49:03,276 - INFO - <module> : Clicked
2022-10-18 14:49:03,276 - INFO - <module> : Clicked
2022-10-18 14:49:11,566 - INFO - setup : Close Browser
