2022-12-22 09:22:01,016 - INFO - setup : Browser Launched!
2022-12-22 09:22:42,047 - INFO - <module> : Login to Meralco Online
2022-12-22 09:22:42,047 - INFO - <module> : Login to Meralco Online
2022-12-22 09:22:42,047 - INFO - <module> : Login to Meralco Online
2022-12-22 09:22:42,047 - INFO - <module> : Login to Meralco Online
2022-12-22 09:22:49,618 - INFO - <module> : input: EarlMO@yopmail.com
2022-12-22 09:22:49,618 - INFO - <module> : input: EarlMO@yopmail.com
2022-12-22 09:22:49,618 - INFO - <module> : input: EarlMO@yopmail.com
2022-12-22 09:22:49,618 - INFO - <module> : input: EarlMO@yopmail.com
2022-12-22 09:22:50,335 - INFO - <module> : input: Meralco01
2022-12-22 09:22:50,335 - INFO - <module> : input: Meralco01
2022-12-22 09:22:50,335 - INFO - <module> : input: Meralco01
2022-12-22 09:22:50,335 - INFO - <module> : input: Meralco01
2022-12-22 09:23:10,166 - INFO - <module> : Clicked
2022-12-22 09:23:10,166 - INFO - <module> : Clicked
2022-12-22 09:23:10,166 - INFO - <module> : Clicked
2022-12-22 09:23:10,166 - INFO - <module> : Clicked
2022-12-22 09:23:10,344 - INFO - <module> : Hello, Earl exists
2022-12-22 09:23:10,344 - INFO - <module> : Hello, Earl exists
2022-12-22 09:23:10,344 - INFO - <module> : Hello, Earl exists
2022-12-22 09:23:10,344 - INFO - <module> : Hello, Earl exists
2022-12-22 09:23:24,765 - INFO - <module> : Click on Request for a Service tile
2022-12-22 09:23:24,765 - INFO - <module> : Click on Request for a Service tile
2022-12-22 09:23:24,765 - INFO - <module> : Click on Request for a Service tile
2022-12-22 09:23:24,765 - INFO - <module> : Click on Request for a Service tile
2022-12-22 09:23:28,726 - INFO - <module> : Clicked
2022-12-22 09:23:28,726 - INFO - <module> : Clicked
2022-12-22 09:23:28,726 - INFO - <module> : Clicked
2022-12-22 09:23:28,726 - INFO - <module> : Clicked
2022-12-22 09:23:34,402 - INFO - <module> :  clicked
2022-12-22 09:23:34,402 - INFO - <module> :  clicked
2022-12-22 09:23:34,402 - INFO - <module> :  clicked
2022-12-22 09:23:34,402 - INFO - <module> :  clicked
2022-12-22 09:23:40,108 - INFO - <module> : Populate all required fields in Contact Information tab > Click Next
2022-12-22 09:23:40,108 - INFO - <module> : Populate all required fields in Contact Information tab > Click Next
2022-12-22 09:23:40,108 - INFO - <module> : Populate all required fields in Contact Information tab > Click Next
2022-12-22 09:23:40,108 - INFO - <module> : Populate all required fields in Contact Information tab > Click Next
2022-12-22 09:23:49,025 - INFO - <module> : Clicked
2022-12-22 09:23:49,025 - INFO - <module> : Clicked
2022-12-22 09:23:49,025 - INFO - <module> : Clicked
2022-12-22 09:23:49,025 - INFO - <module> : Clicked
2022-12-22 09:23:54,628 - INFO - <module> : Populate the following:
Service Address
Province
City / Municipality
Home Ownership
Billing Address Indicator
2022-12-22 09:23:54,628 - INFO - <module> : Populate the following:
Service Address
Province
City / Municipality
Home Ownership
Billing Address Indicator
2022-12-22 09:23:54,628 - INFO - <module> : Populate the following:
Service Address
Province
City / Municipality
Home Ownership
Billing Address Indicator
2022-12-22 09:23:54,628 - INFO - <module> : Populate the following:
Service Address
Province
City / Municipality
Home Ownership
Billing Address Indicator
2022-12-22 09:23:55,220 - INFO - <module> : input: 123 Santo Tomas
2022-12-22 09:23:55,220 - INFO - <module> : input: 123 Santo Tomas
2022-12-22 09:23:55,220 - INFO - <module> : input: 123 Santo Tomas
2022-12-22 09:23:55,220 - INFO - <module> : input: 123 Santo Tomas
2022-12-22 09:23:58,512 - INFO - <module> : Clicked
2022-12-22 09:23:58,512 - INFO - <module> : Clicked
2022-12-22 09:23:58,512 - INFO - <module> : Clicked
2022-12-22 09:23:58,512 - INFO - <module> : Clicked
2022-12-22 09:24:04,181 - INFO - <module> : Populate the following:
Notification indicator
AMC indicator
Paperless Billing indicator
APA indicator
> Attach documents
> Click Next
2022-12-22 09:24:04,181 - INFO - <module> : Populate the following:
Notification indicator
AMC indicator
Paperless Billing indicator
APA indicator
> Attach documents
> Click Next
2022-12-22 09:24:04,181 - INFO - <module> : Populate the following:
Notification indicator
AMC indicator
Paperless Billing indicator
APA indicator
> Attach documents
> Click Next
2022-12-22 09:24:04,181 - INFO - <module> : Populate the following:
Notification indicator
AMC indicator
Paperless Billing indicator
APA indicator
> Attach documents
> Click Next
2022-12-22 09:24:07,074 - INFO - <module> : Clicked
2022-12-22 09:24:07,074 - INFO - <module> : Clicked
2022-12-22 09:24:07,074 - INFO - <module> : Clicked
2022-12-22 09:24:07,074 - INFO - <module> : Clicked
2022-12-22 09:24:12,681 - INFO - <module> : Tick on I have read and agree to the Meralco Online Terms & Conditions and consent to the processing of my personal data in accordance with the Privacy Policy
2022-12-22 09:24:12,681 - INFO - <module> : Tick on I have read and agree to the Meralco Online Terms & Conditions and consent to the processing of my personal data in accordance with the Privacy Policy
2022-12-22 09:24:12,681 - INFO - <module> : Tick on I have read and agree to the Meralco Online Terms & Conditions and consent to the processing of my personal data in accordance with the Privacy Policy
2022-12-22 09:24:12,681 - INFO - <module> : Tick on I have read and agree to the Meralco Online Terms & Conditions and consent to the processing of my personal data in accordance with the Privacy Policy
2022-12-22 09:24:35,428 - ERROR - <module> : element is disabled
2022-12-22 09:24:35,428 - ERROR - <module> : element is disabled
2022-12-22 09:24:35,428 - ERROR - <module> : element is disabled
2022-12-22 09:24:35,428 - ERROR - <module> : element is disabled
2022-12-22 09:24:35,491 - INFO - setup : Close Browser
