2022-12-27 15:37:12,040 - INFO - setup : Browser Launched!
2022-12-27 15:37:25,087 - INFO - <module> : Opened: https://fuat-meralco.cs73.force.com/customers/s/cxe-apply
2022-12-27 15:37:25,087 - INFO - <module> : Opened: https://fuat-meralco.cs73.force.com/customers/s/cxe-apply
2022-12-27 15:37:25,087 - INFO - <module> : Opened: https://fuat-meralco.cs73.force.com/customers/s/cxe-apply
2022-12-27 15:37:25,087 - INFO - <module> : Opened: https://fuat-meralco.cs73.force.com/customers/s/cxe-apply
2022-12-27 15:37:26,857 - INFO - <module> : Service Application exists
2022-12-27 15:37:26,857 - INFO - <module> : Service Application exists
2022-12-27 15:37:26,857 - INFO - <module> : Service Application exists
2022-12-27 15:37:26,857 - INFO - <module> : Service Application exists
2022-12-27 15:37:29,854 - INFO - <module> : Clicked
2022-12-27 15:37:29,854 - INFO - <module> : Clicked
2022-12-27 15:37:29,854 - INFO - <module> : Clicked
2022-12-27 15:37:29,854 - INFO - <module> : Clicked
2022-12-27 15:37:29,903 - INFO - <module> : Start Service exists
2022-12-27 15:37:29,903 - INFO - <module> : Start Service exists
2022-12-27 15:37:29,903 - INFO - <module> : Start Service exists
2022-12-27 15:37:29,903 - INFO - <module> : Start Service exists
2022-12-27 15:37:29,951 - INFO - <module> : Modify Service exists
2022-12-27 15:37:29,951 - INFO - <module> : Modify Service exists
2022-12-27 15:37:29,951 - INFO - <module> : Modify Service exists
2022-12-27 15:37:29,951 - INFO - <module> : Modify Service exists
2022-12-27 15:37:29,998 - INFO - <module> : Reactivate Service exists
2022-12-27 15:37:29,998 - INFO - <module> : Reactivate Service exists
2022-12-27 15:37:29,998 - INFO - <module> : Reactivate Service exists
2022-12-27 15:37:29,998 - INFO - <module> : Reactivate Service exists
2022-12-27 15:37:30,040 - INFO - <module> : Stop Service exists
2022-12-27 15:37:30,040 - INFO - <module> : Stop Service exists
2022-12-27 15:37:30,040 - INFO - <module> : Stop Service exists
2022-12-27 15:37:30,040 - INFO - <module> : Stop Service exists
2022-12-27 15:37:34,092 - INFO - <module> : Clicked
2022-12-27 15:37:34,092 - INFO - <module> : Clicked
2022-12-27 15:37:34,092 - INFO - <module> : Clicked
2022-12-27 15:37:34,092 - INFO - <module> : Clicked
2022-12-27 15:37:35,926 - INFO - <module> : REQUEST DETAILS exists
2022-12-27 15:37:35,926 - INFO - <module> : REQUEST DETAILS exists
2022-12-27 15:37:35,926 - INFO - <module> : REQUEST DETAILS exists
2022-12-27 15:37:35,926 - INFO - <module> : REQUEST DETAILS exists
2022-12-27 15:37:38,977 - INFO - <module> :  exists
2022-12-27 15:37:38,977 - INFO - <module> :  exists
2022-12-27 15:37:38,977 - INFO - <module> :  exists
2022-12-27 15:37:38,977 - INFO - <module> :  exists
2022-12-27 15:37:42,129 - INFO - <module> : input: 3535069832
2022-12-27 15:37:42,129 - INFO - <module> : input: 3535069832
2022-12-27 15:37:42,129 - INFO - <module> : input: 3535069832
2022-12-27 15:37:42,129 - INFO - <module> : input: 3535069832
2022-12-27 15:38:08,607 - INFO - setup : Close Browser
