2023-01-06 12:40:42,979 - INFO - setup : Browser Launched!
2023-01-06 12:40:49,632 - INFO - <module> : ==========Log in==========
2023-01-06 12:40:49,632 - INFO - <module> : ==========Log in==========
2023-01-06 12:40:49,632 - INFO - <module> : ==========Log in==========
2023-01-06 12:40:49,632 - INFO - <module> : ==========Log in==========
2023-01-06 12:40:50,808 - INFO - <module> : Login to Meralco Online
2023-01-06 12:40:50,808 - INFO - <module> : Login to Meralco Online
2023-01-06 12:40:50,808 - INFO - <module> : Login to Meralco Online
2023-01-06 12:40:50,808 - INFO - <module> : Login to Meralco Online
2023-01-06 12:40:50,994 - INFO - <module> : input: ATNewSAMO@yopmail.com
2023-01-06 12:40:50,994 - INFO - <module> : input: ATNewSAMO@yopmail.com
2023-01-06 12:40:50,994 - INFO - <module> : input: ATNewSAMO@yopmail.com
2023-01-06 12:40:50,994 - INFO - <module> : input: ATNewSAMO@yopmail.com
2023-01-06 12:40:51,109 - INFO - <module> : input: Meralco05
2023-01-06 12:40:51,109 - INFO - <module> : input: Meralco05
2023-01-06 12:40:51,109 - INFO - <module> : input: Meralco05
2023-01-06 12:40:51,109 - INFO - <module> : input: Meralco05
2023-01-06 12:40:51,182 - INFO - <module> : Clicked
2023-01-06 12:40:51,182 - INFO - <module> : Clicked
2023-01-06 12:40:51,182 - INFO - <module> : Clicked
2023-01-06 12:40:51,182 - INFO - <module> : Clicked
2023-01-06 12:40:54,856 - INFO - <module> : Hello, exists
2023-01-06 12:40:54,856 - INFO - <module> : Hello, exists
2023-01-06 12:40:54,856 - INFO - <module> : Hello, exists
2023-01-06 12:40:54,856 - INFO - <module> : Hello, exists
2023-01-06 12:40:58,019 - INFO - <module> : Go to Accounts> Manage Accounts
2023-01-06 12:40:58,019 - INFO - <module> : Go to Accounts> Manage Accounts
2023-01-06 12:40:58,019 - INFO - <module> : Go to Accounts> Manage Accounts
2023-01-06 12:40:58,019 - INFO - <module> : Go to Accounts> Manage Accounts
2023-01-06 12:40:59,146 - INFO - <module> : Clicked
2023-01-06 12:40:59,146 - INFO - <module> : Clicked
2023-01-06 12:40:59,146 - INFO - <module> : Clicked
2023-01-06 12:40:59,146 - INFO - <module> : Clicked
2023-01-06 12:41:01,790 - INFO - <module> : Accounts exists
2023-01-06 12:41:01,790 - INFO - <module> : Accounts exists
2023-01-06 12:41:01,790 - INFO - <module> : Accounts exists
2023-01-06 12:41:01,790 - INFO - <module> : Accounts exists
2023-01-06 12:41:05,142 - INFO - <module> : Search then Select Account > Click Reactivate Electric Service button
2023-01-06 12:41:05,142 - INFO - <module> : Search then Select Account > Click Reactivate Electric Service button
2023-01-06 12:41:05,142 - INFO - <module> : Search then Select Account > Click Reactivate Electric Service button
2023-01-06 12:41:05,142 - INFO - <module> : Search then Select Account > Click Reactivate Electric Service button
2023-01-06 12:41:05,248 - INFO - <module> : Clicked
2023-01-06 12:41:05,248 - INFO - <module> : Clicked
2023-01-06 12:41:05,248 - INFO - <module> : Clicked
2023-01-06 12:41:05,248 - INFO - <module> : Clicked
2023-01-06 12:41:35,800 - INFO - setup : Close Browser
