2023-01-10 14:55:14,314 - INFO - setup : Browser Launched!
2023-01-10 14:55:26,807 - INFO - <module> : Go to Outages & Incidents > Report Streetlight And Safety Concerns
2023-01-10 14:55:26,807 - INFO - <module> : Go to Outages & Incidents > Report Streetlight And Safety Concerns
2023-01-10 14:55:26,807 - INFO - <module> : Go to Outages & Incidents > Report Streetlight And Safety Concerns
2023-01-10 14:55:26,807 - INFO - <module> : Go to Outages & Incidents > Report Streetlight And Safety Concerns
2023-01-10 14:55:26,807 - INFO - <module> : Go to Outages & Incidents > Report Streetlight And Safety Concerns
2023-01-10 14:55:33,672 - INFO - <module> : Opened: https://fuat-meralco.cs73.force.com/customers/s/outagemap
2023-01-10 14:55:33,672 - INFO - <module> : Opened: https://fuat-meralco.cs73.force.com/customers/s/outagemap
2023-01-10 14:55:33,672 - INFO - <module> : Opened: https://fuat-meralco.cs73.force.com/customers/s/outagemap
2023-01-10 14:55:33,672 - INFO - <module> : Opened: https://fuat-meralco.cs73.force.com/customers/s/outagemap
2023-01-10 14:55:33,672 - INFO - <module> : Opened: https://fuat-meralco.cs73.force.com/customers/s/outagemap
2023-01-10 14:55:36,584 - INFO - <module> : Meralco would like to access your location to identify if your area is affected by an outage. exists
2023-01-10 14:55:36,584 - INFO - <module> : Meralco would like to access your location to identify if your area is affected by an outage. exists
2023-01-10 14:55:36,584 - INFO - <module> : Meralco would like to access your location to identify if your area is affected by an outage. exists
2023-01-10 14:55:36,584 - INFO - <module> : Meralco would like to access your location to identify if your area is affected by an outage. exists
2023-01-10 14:55:36,584 - INFO - <module> : Meralco would like to access your location to identify if your area is affected by an outage. exists
2023-01-10 14:55:38,673 - INFO - <module> : Clicked
2023-01-10 14:55:38,673 - INFO - <module> : Clicked
2023-01-10 14:55:38,673 - INFO - <module> : Clicked
2023-01-10 14:55:38,673 - INFO - <module> : Clicked
2023-01-10 14:55:38,673 - INFO - <module> : Clicked
2023-01-10 14:55:42,775 - INFO - <module> : Clicked
2023-01-10 14:55:42,775 - INFO - <module> : Clicked
2023-01-10 14:55:42,775 - INFO - <module> : Clicked
2023-01-10 14:55:42,775 - INFO - <module> : Clicked
2023-01-10 14:55:42,775 - INFO - <module> : Clicked
2023-01-10 14:55:51,366 - INFO - <module> : Report an Outage or Incident exists
2023-01-10 14:55:51,366 - INFO - <module> : Report an Outage or Incident exists
2023-01-10 14:55:51,366 - INFO - <module> : Report an Outage or Incident exists
2023-01-10 14:55:51,366 - INFO - <module> : Report an Outage or Incident exists
2023-01-10 14:55:51,366 - INFO - <module> : Report an Outage or Incident exists
2023-01-10 14:56:21,602 - ERROR - <module> : Cannot Locate: safety_concern
2023-01-10 14:56:21,602 - ERROR - <module> : Cannot Locate: safety_concern
2023-01-10 14:56:21,602 - ERROR - <module> : Cannot Locate: safety_concern
2023-01-10 14:56:21,602 - ERROR - <module> : Cannot Locate: safety_concern
2023-01-10 14:56:21,602 - ERROR - <module> : Cannot Locate: safety_concern
2023-01-10 14:56:21,627 - INFO - setup : Close Browser
