2023-01-10 19:21:34,220 - INFO - setup : Browser Launched!
2023-01-10 19:22:08,028 - INFO - <module> : input: atconcernsingle@yopmail.com
2023-01-10 19:22:08,028 - INFO - <module> : input: atconcernsingle@yopmail.com
2023-01-10 19:22:08,028 - INFO - <module> : input: atconcernsingle@yopmail.com
2023-01-10 19:22:08,028 - INFO - <module> : input: atconcernsingle@yopmail.com
2023-01-10 19:22:08,512 - INFO - <module> : input: Meralco01
2023-01-10 19:22:08,512 - INFO - <module> : input: Meralco01
2023-01-10 19:22:08,512 - INFO - <module> : input: Meralco01
2023-01-10 19:22:08,512 - INFO - <module> : input: Meralco01
2023-01-10 19:22:09,383 - INFO - <module> : Clicked
2023-01-10 19:22:09,383 - INFO - <module> : Clicked
2023-01-10 19:22:09,383 - INFO - <module> : Clicked
2023-01-10 19:22:09,383 - INFO - <module> : Clicked
2023-01-10 19:22:14,506 - INFO - <module> : Hello, exists
2023-01-10 19:22:14,506 - INFO - <module> : Hello, exists
2023-01-10 19:22:14,506 - INFO - <module> : Hello, exists
2023-01-10 19:22:14,506 - INFO - <module> : Hello, exists
2023-01-10 19:22:14,587 - INFO - <module> : AT SINGLE clicked
2023-01-10 19:22:14,587 - INFO - <module> : AT SINGLE clicked
2023-01-10 19:22:14,587 - INFO - <module> : AT SINGLE clicked
2023-01-10 19:22:14,587 - INFO - <module> : AT SINGLE clicked
2023-01-10 19:22:14,741 - INFO - <module> :  clicked
2023-01-10 19:22:14,741 - INFO - <module> :  clicked
2023-01-10 19:22:14,741 - INFO - <module> :  clicked
2023-01-10 19:22:14,741 - INFO - <module> :  clicked
2023-01-10 19:22:20,488 - INFO - <module> : Clicked
2023-01-10 19:22:20,488 - INFO - <module> : Clicked
2023-01-10 19:22:20,488 - INFO - <module> : Clicked
2023-01-10 19:22:20,488 - INFO - <module> : Clicked
2023-01-10 19:22:22,933 - INFO - <module> : input: 6321234543
2023-01-10 19:22:22,933 - INFO - <module> : input: 6321234543
2023-01-10 19:22:22,933 - INFO - <module> : input: 6321234543
2023-01-10 19:22:22,933 - INFO - <module> : input: 6321234543
2023-01-10 19:22:22,953 - INFO - setup : Close Browser
