2022-12-22 14:46:36,055 - INFO - setup : Browser Launched!
2022-12-22 14:46:46,712 - INFO - <module> : Opened: https://fuat-meralco.cs73.force.com/customers/s/cxe-apply
2022-12-22 14:46:46,712 - INFO - <module> : Opened: https://fuat-meralco.cs73.force.com/customers/s/cxe-apply
2022-12-22 14:46:46,712 - INFO - <module> : Opened: https://fuat-meralco.cs73.force.com/customers/s/cxe-apply
2022-12-22 14:46:46,712 - INFO - <module> : Opened: https://fuat-meralco.cs73.force.com/customers/s/cxe-apply
2022-12-22 14:46:48,406 - INFO - <module> : Service Application exists
2022-12-22 14:46:48,406 - INFO - <module> : Service Application exists
2022-12-22 14:46:48,406 - INFO - <module> : Service Application exists
2022-12-22 14:46:48,406 - INFO - <module> : Service Application exists
2022-12-22 14:46:51,547 - INFO - <module> : Clicked
2022-12-22 14:46:51,547 - INFO - <module> : Clicked
2022-12-22 14:46:51,547 - INFO - <module> : Clicked
2022-12-22 14:46:51,547 - INFO - <module> : Clicked
2022-12-22 14:46:51,593 - INFO - <module> : Start Service exists
2022-12-22 14:46:51,593 - INFO - <module> : Start Service exists
2022-12-22 14:46:51,593 - INFO - <module> : Start Service exists
2022-12-22 14:46:51,593 - INFO - <module> : Start Service exists
2022-12-22 14:46:51,639 - INFO - <module> : Modify Service exists
2022-12-22 14:46:51,639 - INFO - <module> : Modify Service exists
2022-12-22 14:46:51,639 - INFO - <module> : Modify Service exists
2022-12-22 14:46:51,639 - INFO - <module> : Modify Service exists
2022-12-22 14:46:51,686 - INFO - <module> : Stop Service exists
2022-12-22 14:46:51,686 - INFO - <module> : Stop Service exists
2022-12-22 14:46:51,686 - INFO - <module> : Stop Service exists
2022-12-22 14:46:51,686 - INFO - <module> : Stop Service exists
2022-12-22 14:46:51,718 - INFO - <module> : Stop Service exists
2022-12-22 14:46:51,718 - INFO - <module> : Stop Service exists
2022-12-22 14:46:51,718 - INFO - <module> : Stop Service exists
2022-12-22 14:46:51,718 - INFO - <module> : Stop Service exists
2022-12-22 14:46:54,998 - INFO - <module> : Clicked
2022-12-22 14:46:54,998 - INFO - <module> : Clicked
2022-12-22 14:46:54,998 - INFO - <module> : Clicked
2022-12-22 14:46:54,998 - INFO - <module> : Clicked
2022-12-22 14:46:55,081 - INFO - <module> : Stop Service exists
2022-12-22 14:46:55,081 - INFO - <module> : Stop Service exists
2022-12-22 14:46:55,081 - INFO - <module> : Stop Service exists
2022-12-22 14:46:55,081 - INFO - <module> : Stop Service exists
2022-12-22 14:46:58,302 - INFO - <module> :  exists
2022-12-22 14:46:58,302 - INFO - <module> :  exists
2022-12-22 14:46:58,302 - INFO - <module> :  exists
2022-12-22 14:46:58,302 - INFO - <module> :  exists
2022-12-22 14:47:01,635 - INFO - <module> : input: 3535087812
2022-12-22 14:47:01,635 - INFO - <module> : input: 3535087812
2022-12-22 14:47:01,635 - INFO - <module> : input: 3535087812
2022-12-22 14:47:01,635 - INFO - <module> : input: 3535087812
2022-12-22 14:47:04,755 - INFO - <module> : input: atFirstname
2022-12-22 14:47:04,755 - INFO - <module> : input: atFirstname
2022-12-22 14:47:04,755 - INFO - <module> : input: atFirstname
2022-12-22 14:47:04,755 - INFO - <module> : input: atFirstname
2022-12-22 14:47:04,836 - INFO - <module> : input: atLastname
2022-12-22 14:47:04,836 - INFO - <module> : input: atLastname
2022-12-22 14:47:04,836 - INFO - <module> : input: atLastname
2022-12-22 14:47:04,836 - INFO - <module> : input: atLastname
2022-12-22 14:47:04,921 - INFO - <module> : input: automationteam@gmail.com
2022-12-22 14:47:04,921 - INFO - <module> : input: automationteam@gmail.com
2022-12-22 14:47:04,921 - INFO - <module> : input: automationteam@gmail.com
2022-12-22 14:47:04,921 - INFO - <module> : input: automationteam@gmail.com
2022-12-22 14:47:05,001 - INFO - <module> : input: +639234567891
2022-12-22 14:47:05,001 - INFO - <module> : input: +639234567891
2022-12-22 14:47:05,001 - INFO - <module> : input: +639234567891
2022-12-22 14:47:05,001 - INFO - <module> : input: +639234567891
2022-12-22 14:47:07,316 - INFO - <module> : Clicked
2022-12-22 14:47:07,316 - INFO - <module> : Clicked
2022-12-22 14:47:07,316 - INFO - <module> : Clicked
2022-12-22 14:47:07,316 - INFO - <module> : Clicked
2022-12-22 14:47:07,379 - INFO - <module> : TERMS AND CONDITIONS
(FOR THE ACCESS AND USE OF MERALCO WEBSITE, MERALCO ONLINE, MERALCO MOBILE APPLICATION AND SUBSCRIBERS TO MERALCO NOTIFICATIONS) exists
2022-12-22 14:47:07,379 - INFO - <module> : TERMS AND CONDITIONS
(FOR THE ACCESS AND USE OF MERALCO WEBSITE, MERALCO ONLINE, MERALCO MOBILE APPLICATION AND SUBSCRIBERS TO MERALCO NOTIFICATIONS) exists
2022-12-22 14:47:07,379 - INFO - <module> : TERMS AND CONDITIONS
(FOR THE ACCESS AND USE OF MERALCO WEBSITE, MERALCO ONLINE, MERALCO MOBILE APPLICATION AND SUBSCRIBERS TO MERALCO NOTIFICATIONS) exists
2022-12-22 14:47:07,379 - INFO - <module> : TERMS AND CONDITIONS
(FOR THE ACCESS AND USE OF MERALCO WEBSITE, MERALCO ONLINE, MERALCO MOBILE APPLICATION AND SUBSCRIBERS TO MERALCO NOTIFICATIONS) exists
2022-12-22 14:47:10,549 - INFO - <module> : Clicked
2022-12-22 14:47:10,549 - INFO - <module> : Clicked
2022-12-22 14:47:10,549 - INFO - <module> : Clicked
2022-12-22 14:47:10,549 - INFO - <module> : Clicked
2022-12-22 14:47:12,803 - INFO - <module> : TERMS AND CONDITIONS
(FOR THE ACCESS AND USE OF MERALCO WEBSITE, MERALCO ONLINE, MERALCO MOBILE APPLICATION AND SUBSCRIBERS TO MERALCO NOTIFICATIONS) exists
2022-12-22 14:47:12,803 - INFO - <module> : TERMS AND CONDITIONS
(FOR THE ACCESS AND USE OF MERALCO WEBSITE, MERALCO ONLINE, MERALCO MOBILE APPLICATION AND SUBSCRIBERS TO MERALCO NOTIFICATIONS) exists
2022-12-22 14:47:12,803 - INFO - <module> : TERMS AND CONDITIONS
(FOR THE ACCESS AND USE OF MERALCO WEBSITE, MERALCO ONLINE, MERALCO MOBILE APPLICATION AND SUBSCRIBERS TO MERALCO NOTIFICATIONS) exists
2022-12-22 14:47:12,803 - INFO - <module> : TERMS AND CONDITIONS
(FOR THE ACCESS AND USE OF MERALCO WEBSITE, MERALCO ONLINE, MERALCO MOBILE APPLICATION AND SUBSCRIBERS TO MERALCO NOTIFICATIONS) exists
2022-12-22 14:47:15,907 - INFO - <module> : Clicked
2022-12-22 14:47:15,907 - INFO - <module> : Clicked
2022-12-22 14:47:15,907 - INFO - <module> : Clicked
2022-12-22 14:47:15,907 - INFO - <module> : Clicked
2022-12-22 14:47:30,969 - INFO - <module> : Submit exists
2022-12-22 14:47:30,969 - INFO - <module> : Submit exists
2022-12-22 14:47:30,969 - INFO - <module> : Submit exists
2022-12-22 14:47:30,969 - INFO - <module> : Submit exists
2022-12-22 14:47:34,224 - INFO - <module> : Clicked
2022-12-22 14:47:34,224 - INFO - <module> : Clicked
2022-12-22 14:47:34,224 - INFO - <module> : Clicked
2022-12-22 14:47:34,224 - INFO - <module> : Clicked
2022-12-22 14:47:46,771 - INFO - <module> : TC032 Passed
2022-12-22 14:47:46,771 - INFO - <module> : TC032 Passed
2022-12-22 14:47:46,771 - INFO - <module> : TC032 Passed
2022-12-22 14:47:46,771 - INFO - <module> : TC032 Passed
2022-12-22 14:47:46,853 - INFO - setup : Close Browser
