2022-11-18 16:12:58,477 - INFO - setup : Browser Launched!
2022-11-18 16:13:08,061 - INFO - <module> : Opened: https://outage-api.meralco.com.ph/
2022-11-18 16:13:08,061 - INFO - <module> : Opened: https://outage-api.meralco.com.ph/
2022-11-18 16:13:08,061 - INFO - <module> : Opened: https://outage-api.meralco.com.ph/
2022-11-18 16:13:08,061 - INFO - <module> : Opened: https://outage-api.meralco.com.ph/
2022-11-18 16:13:11,471 - INFO - <module> : input: v-agsealmoy@meralco.com.ph
2022-11-18 16:13:11,471 - INFO - <module> : input: v-agsealmoy@meralco.com.ph
2022-11-18 16:13:11,471 - INFO - <module> : input: v-agsealmoy@meralco.com.ph
2022-11-18 16:13:11,471 - INFO - <module> : input: v-agsealmoy@meralco.com.ph
2022-11-18 16:13:11,554 - INFO - <module> : Clicked
2022-11-18 16:13:11,554 - INFO - <module> : Clicked
2022-11-18 16:13:11,554 - INFO - <module> : Clicked
2022-11-18 16:13:11,554 - INFO - <module> : Clicked
2022-11-18 16:13:13,178 - INFO - <module> : input: Meco@@##00018
2022-11-18 16:13:13,178 - INFO - <module> : input: Meco@@##00018
2022-11-18 16:13:13,178 - INFO - <module> : input: Meco@@##00018
2022-11-18 16:13:13,178 - INFO - <module> : input: Meco@@##00018
2022-11-18 16:13:13,653 - INFO - <module> : Clicked
2022-11-18 16:13:13,653 - INFO - <module> : Clicked
2022-11-18 16:13:13,653 - INFO - <module> : Clicked
2022-11-18 16:13:13,653 - INFO - <module> : Clicked
2022-11-18 16:13:14,346 - INFO - <module> : Clicked
2022-11-18 16:13:14,346 - INFO - <module> : Clicked
2022-11-18 16:13:14,346 - INFO - <module> : Clicked
2022-11-18 16:13:14,346 - INFO - <module> : Clicked
2022-11-18 16:13:50,654 - INFO - <module> : Clicked
2022-11-18 16:13:50,654 - INFO - <module> : Clicked
2022-11-18 16:13:50,654 - INFO - <module> : Clicked
2022-11-18 16:13:50,654 - INFO - <module> : Clicked
2022-11-18 16:14:13,880 - INFO - <module> : Hover over Refresh data button
2022-11-18 16:14:13,880 - INFO - <module> : Hover over Refresh data button
2022-11-18 16:14:13,880 - INFO - <module> : Hover over Refresh data button
2022-11-18 16:14:13,880 - INFO - <module> : Hover over Refresh data button
2022-11-18 16:14:28,123 - INFO - setup : Close Browser
