2022-10-18 16:28:31,395 - INFO - setup : Browser Launched!
2022-10-18 16:28:39,313 - INFO - <module> : Go to https://fuat-meralco.cs73.force.com/customers/s/outagemap
2022-10-18 16:28:39,313 - INFO - <module> : Go to https://fuat-meralco.cs73.force.com/customers/s/outagemap
2022-10-18 16:28:39,313 - INFO - <module> : Go to https://fuat-meralco.cs73.force.com/customers/s/outagemap
2022-10-18 16:28:39,313 - INFO - <module> : Go to https://fuat-meralco.cs73.force.com/customers/s/outagemap
2022-10-18 16:28:44,151 - INFO - <module> : Opened: https://fuat-meralco.cs73.force.com/customers/s/outagemap
2022-10-18 16:28:44,151 - INFO - <module> : Opened: https://fuat-meralco.cs73.force.com/customers/s/outagemap
2022-10-18 16:28:44,151 - INFO - <module> : Opened: https://fuat-meralco.cs73.force.com/customers/s/outagemap
2022-10-18 16:28:44,151 - INFO - <module> : Opened: https://fuat-meralco.cs73.force.com/customers/s/outagemap
2022-10-18 16:28:47,744 - INFO - <module> : On the left side, hover on tooltip beside Other Address
2022-10-18 16:28:47,744 - INFO - <module> : On the left side, hover on tooltip beside Other Address
2022-10-18 16:28:47,744 - INFO - <module> : On the left side, hover on tooltip beside Other Address
2022-10-18 16:28:47,744 - INFO - <module> : On the left side, hover on tooltip beside Other Address
2022-10-18 16:28:50,822 - INFO - <module> : Meralco would like to access your location to identify if your area is affected by an outage. exists
2022-10-18 16:28:50,822 - INFO - <module> : Meralco would like to access your location to identify if your area is affected by an outage. exists
2022-10-18 16:28:50,822 - INFO - <module> : Meralco would like to access your location to identify if your area is affected by an outage. exists
2022-10-18 16:28:50,822 - INFO - <module> : Meralco would like to access your location to identify if your area is affected by an outage. exists
2022-10-18 16:28:50,928 - INFO - <module> : Clicked
2022-10-18 16:28:50,928 - INFO - <module> : Clicked
2022-10-18 16:28:50,928 - INFO - <module> : Clicked
2022-10-18 16:28:50,928 - INFO - <module> : Clicked
2022-10-18 16:28:58,033 - INFO - <module> : Clicked
2022-10-18 16:28:58,033 - INFO - <module> : Clicked
2022-10-18 16:28:58,033 - INFO - <module> : Clicked
2022-10-18 16:28:58,033 - INFO - <module> : Clicked
2022-10-18 16:29:07,986 - INFO - <module> : Login to Meralco Online
2022-10-18 16:29:07,986 - INFO - <module> : Login to Meralco Online
2022-10-18 16:29:07,986 - INFO - <module> : Login to Meralco Online
2022-10-18 16:29:07,986 - INFO - <module> : Login to Meralco Online
2022-10-18 16:29:38,456 - ERROR - <module> : Cannot Locate: email
2022-10-18 16:29:38,456 - ERROR - <module> : Cannot Locate: email
2022-10-18 16:29:38,456 - ERROR - <module> : Cannot Locate: email
2022-10-18 16:29:38,456 - ERROR - <module> : Cannot Locate: email
2022-10-18 16:29:38,515 - INFO - setup : Close Browser
