2023-01-11 11:01:14,464 - INFO - setup : Browser Launched!
2023-01-11 11:01:27,748 - INFO - <module> : Go to Outages & Incidents > Report Streetlight And Safety Concerns
2023-01-11 11:01:27,748 - INFO - <module> : Go to Outages & Incidents > Report Streetlight And Safety Concerns
2023-01-11 11:01:27,748 - INFO - <module> : Go to Outages & Incidents > Report Streetlight And Safety Concerns
2023-01-11 11:01:27,748 - INFO - <module> : Go to Outages & Incidents > Report Streetlight And Safety Concerns
2023-01-11 11:01:27,748 - INFO - <module> : Go to Outages & Incidents > Report Streetlight And Safety Concerns
2023-01-11 11:01:43,532 - INFO - <module> : Opened: https://fuat-meralco.cs73.force.com/customers/s/outagemap
2023-01-11 11:01:43,532 - INFO - <module> : Opened: https://fuat-meralco.cs73.force.com/customers/s/outagemap
2023-01-11 11:01:43,532 - INFO - <module> : Opened: https://fuat-meralco.cs73.force.com/customers/s/outagemap
2023-01-11 11:01:43,532 - INFO - <module> : Opened: https://fuat-meralco.cs73.force.com/customers/s/outagemap
2023-01-11 11:01:43,532 - INFO - <module> : Opened: https://fuat-meralco.cs73.force.com/customers/s/outagemap
2023-01-11 11:01:47,526 - INFO - <module> : Meralco would like to access your location to identify if your area is affected by an outage. exists
2023-01-11 11:01:47,526 - INFO - <module> : Meralco would like to access your location to identify if your area is affected by an outage. exists
2023-01-11 11:01:47,526 - INFO - <module> : Meralco would like to access your location to identify if your area is affected by an outage. exists
2023-01-11 11:01:47,526 - INFO - <module> : Meralco would like to access your location to identify if your area is affected by an outage. exists
2023-01-11 11:01:47,526 - INFO - <module> : Meralco would like to access your location to identify if your area is affected by an outage. exists
2023-01-11 11:01:49,757 - INFO - <module> : Clicked
2023-01-11 11:01:49,757 - INFO - <module> : Clicked
2023-01-11 11:01:49,757 - INFO - <module> : Clicked
2023-01-11 11:01:49,757 - INFO - <module> : Clicked
2023-01-11 11:01:49,757 - INFO - <module> : Clicked
2023-01-11 11:01:53,858 - INFO - <module> : Clicked
2023-01-11 11:01:53,858 - INFO - <module> : Clicked
2023-01-11 11:01:53,858 - INFO - <module> : Clicked
2023-01-11 11:01:53,858 - INFO - <module> : Clicked
2023-01-11 11:01:53,858 - INFO - <module> : Clicked
2023-01-11 11:02:03,465 - INFO - <module> : Report an Outage or Incident exists
2023-01-11 11:02:03,465 - INFO - <module> : Report an Outage or Incident exists
2023-01-11 11:02:03,465 - INFO - <module> : Report an Outage or Incident exists
2023-01-11 11:02:03,465 - INFO - <module> : Report an Outage or Incident exists
2023-01-11 11:02:03,465 - INFO - <module> : Report an Outage or Incident exists
2023-01-11 11:02:03,562 - INFO - <module> : Clicked
2023-01-11 11:02:03,562 - INFO - <module> : Clicked
2023-01-11 11:02:03,562 - INFO - <module> : Clicked
2023-01-11 11:02:03,562 - INFO - <module> : Clicked
2023-01-11 11:02:03,562 - INFO - <module> : Clicked
2023-01-11 11:02:04,141 - INFO - <module> : Clicked
2023-01-11 11:02:04,141 - INFO - <module> : Clicked
2023-01-11 11:02:04,141 - INFO - <module> : Clicked
2023-01-11 11:02:04,141 - INFO - <module> : Clicked
2023-01-11 11:02:04,141 - INFO - <module> : Clicked
2023-01-11 11:02:04,198 - INFO - <module> : Clicked
2023-01-11 11:02:04,198 - INFO - <module> : Clicked
2023-01-11 11:02:04,198 - INFO - <module> : Clicked
2023-01-11 11:02:04,198 - INFO - <module> : Clicked
2023-01-11 11:02:04,198 - INFO - <module> : Clicked
2023-01-11 11:02:07,122 - INFO - <module> : Populate required fields > click Submit
2023-01-11 11:02:07,122 - INFO - <module> : Populate required fields > click Submit
2023-01-11 11:02:07,122 - INFO - <module> : Populate required fields > click Submit
2023-01-11 11:02:07,122 - INFO - <module> : Populate required fields > click Submit
2023-01-11 11:02:07,122 - INFO - <module> : Populate required fields > click Submit
2023-01-11 11:02:07,180 - INFO - <module> : Clicked
2023-01-11 11:02:07,180 - INFO - <module> : Clicked
2023-01-11 11:02:07,180 - INFO - <module> : Clicked
2023-01-11 11:02:07,180 - INFO - <module> : Clicked
2023-01-11 11:02:07,180 - INFO - <module> : Clicked
2023-01-11 11:02:07,753 - INFO - <module> : Clicked
2023-01-11 11:02:07,753 - INFO - <module> : Clicked
2023-01-11 11:02:07,753 - INFO - <module> : Clicked
2023-01-11 11:02:07,753 - INFO - <module> : Clicked
2023-01-11 11:02:07,753 - INFO - <module> : Clicked
2023-01-11 11:02:08,309 - INFO - <module> : Clicked
2023-01-11 11:02:08,309 - INFO - <module> : Clicked
2023-01-11 11:02:08,309 - INFO - <module> : Clicked
2023-01-11 11:02:08,309 - INFO - <module> : Clicked
2023-01-11 11:02:08,309 - INFO - <module> : Clicked
2023-01-11 11:02:08,857 - INFO - <module> : Clicked
2023-01-11 11:02:08,857 - INFO - <module> : Clicked
2023-01-11 11:02:08,857 - INFO - <module> : Clicked
2023-01-11 11:02:08,857 - INFO - <module> : Clicked
2023-01-11 11:02:08,857 - INFO - <module> : Clicked
2023-01-11 11:02:09,959 - INFO - <module> : Clicked
2023-01-11 11:02:09,959 - INFO - <module> : Clicked
2023-01-11 11:02:09,959 - INFO - <module> : Clicked
2023-01-11 11:02:09,959 - INFO - <module> : Clicked
2023-01-11 11:02:09,959 - INFO - <module> : Clicked
2023-01-11 11:02:10,028 - INFO - <module> : input: 123
2023-01-11 11:02:10,028 - INFO - <module> : input: 123
2023-01-11 11:02:10,028 - INFO - <module> : input: 123
2023-01-11 11:02:10,028 - INFO - <module> : input: 123
2023-01-11 11:02:10,028 - INFO - <module> : input: 123
2023-01-11 11:02:39,227 - INFO - <module> : Clicked
2023-01-11 11:02:39,227 - INFO - <module> : Clicked
2023-01-11 11:02:39,227 - INFO - <module> : Clicked
2023-01-11 11:02:39,227 - INFO - <module> : Clicked
2023-01-11 11:02:39,227 - INFO - <module> : Clicked
2023-01-11 11:02:39,355 - INFO - setup : Close Browser
