2022-11-18 16:28:52,955 - INFO - setup : Browser Launched!
2022-11-18 16:29:07,088 - INFO - <module> : Opened: https://outage-api.meralco.com.ph/
2022-11-18 16:29:07,088 - INFO - <module> : Opened: https://outage-api.meralco.com.ph/
2022-11-18 16:29:07,088 - INFO - <module> : Opened: https://outage-api.meralco.com.ph/
2022-11-18 16:29:07,088 - INFO - <module> : Opened: https://outage-api.meralco.com.ph/
2022-11-18 16:29:09,754 - INFO - <module> : input: v-agsealmoy@meralco.com.ph
2022-11-18 16:29:09,754 - INFO - <module> : input: v-agsealmoy@meralco.com.ph
2022-11-18 16:29:09,754 - INFO - <module> : input: v-agsealmoy@meralco.com.ph
2022-11-18 16:29:09,754 - INFO - <module> : input: v-agsealmoy@meralco.com.ph
2022-11-18 16:29:09,984 - INFO - <module> : Clicked
2022-11-18 16:29:09,984 - INFO - <module> : Clicked
2022-11-18 16:29:09,984 - INFO - <module> : Clicked
2022-11-18 16:29:09,984 - INFO - <module> : Clicked
2022-11-18 16:29:11,738 - INFO - <module> : input: Meco@@##00018
2022-11-18 16:29:11,738 - INFO - <module> : input: Meco@@##00018
2022-11-18 16:29:11,738 - INFO - <module> : input: Meco@@##00018
2022-11-18 16:29:11,738 - INFO - <module> : input: Meco@@##00018
2022-11-18 16:29:12,454 - INFO - <module> : Clicked
2022-11-18 16:29:12,454 - INFO - <module> : Clicked
2022-11-18 16:29:12,454 - INFO - <module> : Clicked
2022-11-18 16:29:12,454 - INFO - <module> : Clicked
2022-11-18 16:29:13,249 - INFO - <module> : Clicked
2022-11-18 16:29:13,249 - INFO - <module> : Clicked
2022-11-18 16:29:13,249 - INFO - <module> : Clicked
2022-11-18 16:29:13,249 - INFO - <module> : Clicked
2022-11-18 16:29:42,337 - INFO - <module> : Clicked
2022-11-18 16:29:42,337 - INFO - <module> : Clicked
2022-11-18 16:29:42,337 - INFO - <module> : Clicked
2022-11-18 16:29:42,337 - INFO - <module> : Clicked
2022-11-18 16:30:10,397 - INFO - <module> : Hover over Refresh data button
2022-11-18 16:30:10,397 - INFO - <module> : Hover over Refresh data button
2022-11-18 16:30:10,397 - INFO - <module> : Hover over Refresh data button
2022-11-18 16:30:10,397 - INFO - <module> : Hover over Refresh data button
2022-11-18 16:30:23,816 - INFO - setup : Close Browser
