2022-10-18 13:27:10,144 - INFO - setup : Browser Launched!
2022-10-18 13:27:21,270 - INFO - <module> : Go to https://fuat-meralco.cs73.force.com/customers/s/outagemap
2022-10-18 13:27:21,270 - INFO - <module> : Go to https://fuat-meralco.cs73.force.com/customers/s/outagemap
2022-10-18 13:27:21,270 - INFO - <module> : Go to https://fuat-meralco.cs73.force.com/customers/s/outagemap
2022-10-18 13:27:21,270 - INFO - <module> : Go to https://fuat-meralco.cs73.force.com/customers/s/outagemap
2022-10-18 13:27:28,349 - INFO - <module> : Opened: https://fuat-meralco.cs73.force.com/customers/s/outagemap
2022-10-18 13:27:28,349 - INFO - <module> : Opened: https://fuat-meralco.cs73.force.com/customers/s/outagemap
2022-10-18 13:27:28,349 - INFO - <module> : Opened: https://fuat-meralco.cs73.force.com/customers/s/outagemap
2022-10-18 13:27:28,349 - INFO - <module> : Opened: https://fuat-meralco.cs73.force.com/customers/s/outagemap
2022-10-18 13:27:34,361 - INFO - <module> : On the left side, hover on tooltip beside Other Address
2022-10-18 13:27:34,361 - INFO - <module> : On the left side, hover on tooltip beside Other Address
2022-10-18 13:27:34,361 - INFO - <module> : On the left side, hover on tooltip beside Other Address
2022-10-18 13:27:34,361 - INFO - <module> : On the left side, hover on tooltip beside Other Address
2022-10-18 13:27:37,621 - INFO - <module> : Meralco would like to access your location to identify if your area is affected by an outage. exists
2022-10-18 13:27:37,621 - INFO - <module> : Meralco would like to access your location to identify if your area is affected by an outage. exists
2022-10-18 13:27:37,621 - INFO - <module> : Meralco would like to access your location to identify if your area is affected by an outage. exists
2022-10-18 13:27:37,621 - INFO - <module> : Meralco would like to access your location to identify if your area is affected by an outage. exists
2022-10-18 13:27:37,953 - INFO - <module> : Clicked
2022-10-18 13:27:37,953 - INFO - <module> : Clicked
2022-10-18 13:27:37,953 - INFO - <module> : Clicked
2022-10-18 13:27:37,953 - INFO - <module> : Clicked
2022-10-18 13:27:45,100 - INFO - setup : Close Browser
