2022-10-27 14:15:08,105 - INFO - setup : Browser Launched!
2022-10-27 14:15:15,417 - INFO - <module> : Click Map Views icon in Internal Map -> Select Satellite
2022-10-27 14:15:15,417 - INFO - <module> : Click Map Views icon in Internal Map -> Select Satellite
2022-10-27 14:15:15,417 - INFO - <module> : Click Map Views icon in Internal Map -> Select Satellite
2022-10-27 14:15:15,417 - INFO - <module> : Click Map Views icon in Internal Map -> Select Satellite
2022-10-27 14:15:17,142 - INFO - <module> : Opened: https://outage-api.meralco.com.ph/
2022-10-27 14:15:17,142 - INFO - <module> : Opened: https://outage-api.meralco.com.ph/
2022-10-27 14:15:17,142 - INFO - <module> : Opened: https://outage-api.meralco.com.ph/
2022-10-27 14:15:17,142 - INFO - <module> : Opened: https://outage-api.meralco.com.ph/
2022-10-27 14:15:18,325 - INFO - <module> : input: v-lvlgalvez@meralco.com.ph
2022-10-27 14:15:18,325 - INFO - <module> : input: v-lvlgalvez@meralco.com.ph
2022-10-27 14:15:18,325 - INFO - <module> : input: v-lvlgalvez@meralco.com.ph
2022-10-27 14:15:18,325 - INFO - <module> : input: v-lvlgalvez@meralco.com.ph
2022-10-27 14:15:18,384 - INFO - <module> : Clicked
2022-10-27 14:15:18,384 - INFO - <module> : Clicked
2022-10-27 14:15:18,384 - INFO - <module> : Clicked
2022-10-27 14:15:18,384 - INFO - <module> : Clicked
2022-10-27 14:15:19,467 - INFO - <module> : input: Mecopass@@!!129
2022-10-27 14:15:19,467 - INFO - <module> : input: Mecopass@@!!129
2022-10-27 14:15:19,467 - INFO - <module> : input: Mecopass@@!!129
2022-10-27 14:15:19,467 - INFO - <module> : input: Mecopass@@!!129
2022-10-27 14:15:20,035 - INFO - <module> : Clicked
2022-10-27 14:15:20,035 - INFO - <module> : Clicked
2022-10-27 14:15:20,035 - INFO - <module> : Clicked
2022-10-27 14:15:20,035 - INFO - <module> : Clicked
2022-10-27 14:15:20,611 - INFO - <module> : Clicked
2022-10-27 14:15:20,611 - INFO - <module> : Clicked
2022-10-27 14:15:20,611 - INFO - <module> : Clicked
2022-10-27 14:15:20,611 - INFO - <module> : Clicked
2022-10-27 14:15:48,681 - INFO - <module> : Clicked
2022-10-27 14:15:48,681 - INFO - <module> : Clicked
2022-10-27 14:15:48,681 - INFO - <module> : Clicked
2022-10-27 14:15:48,681 - INFO - <module> : Clicked
2022-10-27 14:15:52,731 - INFO - <module> :  clicked
2022-10-27 14:15:52,731 - INFO - <module> :  clicked
2022-10-27 14:15:52,731 - INFO - <module> :  clicked
2022-10-27 14:15:52,731 - INFO - <module> :  clicked
2022-10-27 14:15:52,816 - INFO - <module> :  clicked
2022-10-27 14:15:52,816 - INFO - <module> :  clicked
2022-10-27 14:15:52,816 - INFO - <module> :  clicked
2022-10-27 14:15:52,816 - INFO - <module> :  clicked
2022-10-27 14:15:55,688 - INFO - setup : Close Browser
