2023-01-05 10:23:04,625 - INFO - setup : Browser Launched!
2023-01-05 10:23:12,335 - INFO - <module> : Opened: https://fuat-meralco.cs73.force.com/customers/s/cxe-apply
2023-01-05 10:23:12,335 - INFO - <module> : Opened: https://fuat-meralco.cs73.force.com/customers/s/cxe-apply
2023-01-05 10:23:12,335 - INFO - <module> : Opened: https://fuat-meralco.cs73.force.com/customers/s/cxe-apply
2023-01-05 10:23:12,335 - INFO - <module> : Opened: https://fuat-meralco.cs73.force.com/customers/s/cxe-apply
2023-01-05 10:23:12,560 - INFO - <module> : Service Application exists
2023-01-05 10:23:12,560 - INFO - <module> : Service Application exists
2023-01-05 10:23:12,560 - INFO - <module> : Service Application exists
2023-01-05 10:23:12,560 - INFO - <module> : Service Application exists
2023-01-05 10:23:15,415 - INFO - <module> : Click on Contractor
2023-01-05 10:23:15,415 - INFO - <module> : Click on Contractor
2023-01-05 10:23:15,415 - INFO - <module> : Click on Contractor
2023-01-05 10:23:15,415 - INFO - <module> : Click on Contractor
2023-01-05 10:23:15,485 - INFO - <module> : Clicked
2023-01-05 10:23:15,485 - INFO - <module> : Clicked
2023-01-05 10:23:15,485 - INFO - <module> : Clicked
2023-01-05 10:23:15,485 - INFO - <module> : Clicked
2023-01-05 10:23:15,528 - INFO - <module> : Start Service exists
2023-01-05 10:23:15,528 - INFO - <module> : Start Service exists
2023-01-05 10:23:15,528 - INFO - <module> : Start Service exists
2023-01-05 10:23:15,528 - INFO - <module> : Start Service exists
2023-01-05 10:23:15,566 - INFO - <module> : Modify Service exists
2023-01-05 10:23:15,566 - INFO - <module> : Modify Service exists
2023-01-05 10:23:15,566 - INFO - <module> : Modify Service exists
2023-01-05 10:23:15,566 - INFO - <module> : Modify Service exists
2023-01-05 10:23:15,603 - INFO - <module> : Reactivate Service exists
2023-01-05 10:23:15,603 - INFO - <module> : Reactivate Service exists
2023-01-05 10:23:15,603 - INFO - <module> : Reactivate Service exists
2023-01-05 10:23:15,603 - INFO - <module> : Reactivate Service exists
2023-01-05 10:23:15,640 - INFO - <module> : Stop Service exists
2023-01-05 10:23:15,640 - INFO - <module> : Stop Service exists
2023-01-05 10:23:15,640 - INFO - <module> : Stop Service exists
2023-01-05 10:23:15,640 - INFO - <module> : Stop Service exists
2023-01-05 10:23:18,489 - INFO - <module> : Click on Reactivate Service
2023-01-05 10:23:18,489 - INFO - <module> : Click on Reactivate Service
2023-01-05 10:23:18,489 - INFO - <module> : Click on Reactivate Service
2023-01-05 10:23:18,489 - INFO - <module> : Click on Reactivate Service
2023-01-05 10:23:19,546 - INFO - <module> : Clicked
2023-01-05 10:23:19,546 - INFO - <module> : Clicked
2023-01-05 10:23:19,546 - INFO - <module> : Clicked
2023-01-05 10:23:19,546 - INFO - <module> : Clicked
2023-01-05 10:23:19,589 - INFO - <module> : Reactivate a Service exists
2023-01-05 10:23:19,589 - INFO - <module> : Reactivate a Service exists
2023-01-05 10:23:19,589 - INFO - <module> : Reactivate a Service exists
2023-01-05 10:23:19,589 - INFO - <module> : Reactivate a Service exists
2023-01-05 10:23:22,423 - INFO - <module> : Populate the following:
First Name*
Last Name*
Business Name*
Email Address*
Mobile Number*
Relationship to Customer*
>Click Next
2023-01-05 10:23:22,423 - INFO - <module> : Populate the following:
First Name*
Last Name*
Business Name*
Email Address*
Mobile Number*
Relationship to Customer*
>Click Next
2023-01-05 10:23:22,423 - INFO - <module> : Populate the following:
First Name*
Last Name*
Business Name*
Email Address*
Mobile Number*
Relationship to Customer*
>Click Next
2023-01-05 10:23:22,423 - INFO - <module> : Populate the following:
First Name*
Last Name*
Business Name*
Email Address*
Mobile Number*
Relationship to Customer*
>Click Next
2023-01-05 10:23:22,529 - INFO - <module> : input: atFirstname
2023-01-05 10:23:22,529 - INFO - <module> : input: atFirstname
2023-01-05 10:23:22,529 - INFO - <module> : input: atFirstname
2023-01-05 10:23:22,529 - INFO - <module> : input: atFirstname
2023-01-05 10:23:22,606 - INFO - <module> : input: atLastname
2023-01-05 10:23:22,606 - INFO - <module> : input: atLastname
2023-01-05 10:23:22,606 - INFO - <module> : input: atLastname
2023-01-05 10:23:22,606 - INFO - <module> : input: atLastname
2023-01-05 10:23:22,689 - INFO - <module> : input: automationteam@gmail.com
2023-01-05 10:23:22,689 - INFO - <module> : input: automationteam@gmail.com
2023-01-05 10:23:22,689 - INFO - <module> : input: automationteam@gmail.com
2023-01-05 10:23:22,689 - INFO - <module> : input: automationteam@gmail.com
2023-01-05 10:23:22,781 - INFO - <module> : input: atcontbusinessName
2023-01-05 10:23:22,781 - INFO - <module> : input: atcontbusinessName
2023-01-05 10:23:22,781 - INFO - <module> : input: atcontbusinessName
2023-01-05 10:23:22,781 - INFO - <module> : input: atcontbusinessName
2023-01-05 10:23:22,869 - INFO - <module> : input: +639234567891
2023-01-05 10:23:22,869 - INFO - <module> : input: +639234567891
2023-01-05 10:23:22,869 - INFO - <module> : input: +639234567891
2023-01-05 10:23:22,869 - INFO - <module> : input: +639234567891
2023-01-05 10:23:25,119 - INFO - <module> : Clicked
2023-01-05 10:23:25,119 - INFO - <module> : Clicked
2023-01-05 10:23:25,119 - INFO - <module> : Clicked
2023-01-05 10:23:25,119 - INFO - <module> : Clicked
2023-01-05 10:23:25,169 - INFO - <module> : CUSTOMER INFO exists
2023-01-05 10:23:25,169 - INFO - <module> : CUSTOMER INFO exists
2023-01-05 10:23:25,169 - INFO - <module> : CUSTOMER INFO exists
2023-01-05 10:23:25,169 - INFO - <module> : CUSTOMER INFO exists
2023-01-05 10:23:28,065 - INFO - <module> : Validate if CAN field is visible and enabled
2023-01-05 10:23:28,065 - INFO - <module> : Validate if CAN field is visible and enabled
2023-01-05 10:23:28,065 - INFO - <module> : Validate if CAN field is visible and enabled
2023-01-05 10:23:28,065 - INFO - <module> : Validate if CAN field is visible and enabled
2023-01-05 10:23:28,128 - INFO - <module> :  exists
2023-01-05 10:23:28,128 - INFO - <module> :  exists
2023-01-05 10:23:28,128 - INFO - <module> :  exists
2023-01-05 10:23:28,128 - INFO - <module> :  exists
2023-01-05 10:23:30,937 - INFO - <module> : Populate Customer Account Number field
2023-01-05 10:23:30,937 - INFO - <module> : Populate Customer Account Number field
2023-01-05 10:23:30,937 - INFO - <module> : Populate Customer Account Number field
2023-01-05 10:23:30,937 - INFO - <module> : Populate Customer Account Number field
2023-01-05 10:23:31,078 - INFO - <module> : input: 3518724842
2023-01-05 10:23:31,078 - INFO - <module> : input: 3518724842
2023-01-05 10:23:31,078 - INFO - <module> : input: 3518724842
2023-01-05 10:23:31,078 - INFO - <module> : input: 3518724842
2023-01-05 10:23:33,948 - INFO - <module> : Populate Service ID Number 
2023-01-05 10:23:33,948 - INFO - <module> : Populate Service ID Number 
2023-01-05 10:23:33,948 - INFO - <module> : Populate Service ID Number 
2023-01-05 10:23:33,948 - INFO - <module> : Populate Service ID Number 
2023-01-05 10:23:34,063 - INFO - <module> : input: 501027710101
2023-01-05 10:23:34,063 - INFO - <module> : input: 501027710101
2023-01-05 10:23:34,063 - INFO - <module> : input: 501027710101
2023-01-05 10:23:34,063 - INFO - <module> : input: 501027710101
2023-01-05 10:23:36,885 - INFO - <module> : Populate the following field:
First Name*
Last Name*
Email address*
Mobile Number*
Landline (optional)
Birthday (optional)
> Click Next
2023-01-05 10:23:36,885 - INFO - <module> : Populate the following field:
First Name*
Last Name*
Email address*
Mobile Number*
Landline (optional)
Birthday (optional)
> Click Next
2023-01-05 10:23:36,885 - INFO - <module> : Populate the following field:
First Name*
Last Name*
Email address*
Mobile Number*
Landline (optional)
Birthday (optional)
> Click Next
2023-01-05 10:23:36,885 - INFO - <module> : Populate the following field:
First Name*
Last Name*
Email address*
Mobile Number*
Landline (optional)
Birthday (optional)
> Click Next
2023-01-05 10:23:36,996 - INFO - <module> : input: atFirstname
2023-01-05 10:23:36,996 - INFO - <module> : input: atFirstname
2023-01-05 10:23:36,996 - INFO - <module> : input: atFirstname
2023-01-05 10:23:36,996 - INFO - <module> : input: atFirstname
2023-01-05 10:23:37,077 - INFO - <module> : input: atLastname
2023-01-05 10:23:37,077 - INFO - <module> : input: atLastname
2023-01-05 10:23:37,077 - INFO - <module> : input: atLastname
2023-01-05 10:23:37,077 - INFO - <module> : input: atLastname
2023-01-05 10:23:37,163 - INFO - <module> : input: automationteam@gmail.com
2023-01-05 10:23:37,163 - INFO - <module> : input: automationteam@gmail.com
2023-01-05 10:23:37,163 - INFO - <module> : input: automationteam@gmail.com
2023-01-05 10:23:37,163 - INFO - <module> : input: automationteam@gmail.com
2023-01-05 10:23:37,254 - INFO - <module> : input: +639234567891
2023-01-05 10:23:37,254 - INFO - <module> : input: +639234567891
2023-01-05 10:23:37,254 - INFO - <module> : input: +639234567891
2023-01-05 10:23:37,254 - INFO - <module> : input: +639234567891
2023-01-05 10:23:39,535 - INFO - <module> : Clicked
2023-01-05 10:23:39,535 - INFO - <module> : Clicked
2023-01-05 10:23:39,535 - INFO - <module> : Clicked
2023-01-05 10:23:39,535 - INFO - <module> : Clicked
2023-01-05 10:23:39,584 - INFO - <module> : Where will the electric service be used? exists
2023-01-05 10:23:39,584 - INFO - <module> : Where will the electric service be used? exists
2023-01-05 10:23:39,584 - INFO - <module> : Where will the electric service be used? exists
2023-01-05 10:23:39,584 - INFO - <module> : Where will the electric service be used? exists
2023-01-05 10:23:42,420 - INFO - <module> : Populate the following:
Service Address
Province
City / Municipality
Home Ownership
Billing Address indicator
> Attach Documents
> Click Next
2023-01-05 10:23:42,420 - INFO - <module> : Populate the following:
Service Address
Province
City / Municipality
Home Ownership
Billing Address indicator
> Attach Documents
> Click Next
2023-01-05 10:23:42,420 - INFO - <module> : Populate the following:
Service Address
Province
City / Municipality
Home Ownership
Billing Address indicator
> Attach Documents
> Click Next
2023-01-05 10:23:42,420 - INFO - <module> : Populate the following:
Service Address
Province
City / Municipality
Home Ownership
Billing Address indicator
> Attach Documents
> Click Next
2023-01-05 10:23:42,531 - INFO - <module> : Clicked
2023-01-05 10:23:42,531 - INFO - <module> : Clicked
2023-01-05 10:23:42,531 - INFO - <module> : Clicked
2023-01-05 10:23:42,531 - INFO - <module> : Clicked
2023-01-05 10:23:42,590 - INFO - <module> : Clicked
2023-01-05 10:23:42,590 - INFO - <module> : Clicked
2023-01-05 10:23:42,590 - INFO - <module> : Clicked
2023-01-05 10:23:42,590 - INFO - <module> : Clicked
2023-01-05 10:23:43,190 - INFO - <module> : Clicked
2023-01-05 10:23:43,190 - INFO - <module> : Clicked
2023-01-05 10:23:43,190 - INFO - <module> : Clicked
2023-01-05 10:23:43,190 - INFO - <module> : Clicked
2023-01-05 10:23:46,013 - INFO - <module> : Populate the following:
Service Address
Province
City / Municipality
Home Ownership
Billing Address indicator
> Attach Documents
> Click Next
2023-01-05 10:23:46,013 - INFO - <module> : Populate the following:
Service Address
Province
City / Municipality
Home Ownership
Billing Address indicator
> Attach Documents
> Click Next
2023-01-05 10:23:46,013 - INFO - <module> : Populate the following:
Service Address
Province
City / Municipality
Home Ownership
Billing Address indicator
> Attach Documents
> Click Next
2023-01-05 10:23:46,013 - INFO - <module> : Populate the following:
Service Address
Province
City / Municipality
Home Ownership
Billing Address indicator
> Attach Documents
> Click Next
2023-01-05 10:24:16,318 - INFO - setup : Close Browser
