2022-11-18 16:31:05,077 - INFO - setup : Browser Launched!
2022-11-18 16:31:24,206 - INFO - <module> : Opened: https://outage-api.meralco.com.ph/
2022-11-18 16:31:24,206 - INFO - <module> : Opened: https://outage-api.meralco.com.ph/
2022-11-18 16:31:24,206 - INFO - <module> : Opened: https://outage-api.meralco.com.ph/
2022-11-18 16:31:24,206 - INFO - <module> : Opened: https://outage-api.meralco.com.ph/
2022-11-18 16:31:29,019 - INFO - <module> : input: v-agsealmoy@meralco.com.ph
2022-11-18 16:31:29,019 - INFO - <module> : input: v-agsealmoy@meralco.com.ph
2022-11-18 16:31:29,019 - INFO - <module> : input: v-agsealmoy@meralco.com.ph
2022-11-18 16:31:29,019 - INFO - <module> : input: v-agsealmoy@meralco.com.ph
2022-11-18 16:31:29,260 - INFO - <module> : Clicked
2022-11-18 16:31:29,260 - INFO - <module> : Clicked
2022-11-18 16:31:29,260 - INFO - <module> : Clicked
2022-11-18 16:31:29,260 - INFO - <module> : Clicked
2022-11-18 16:31:30,707 - INFO - <module> : input: Meco@@##00018
2022-11-18 16:31:30,707 - INFO - <module> : input: Meco@@##00018
2022-11-18 16:31:30,707 - INFO - <module> : input: Meco@@##00018
2022-11-18 16:31:30,707 - INFO - <module> : input: Meco@@##00018
2022-11-18 16:31:31,574 - INFO - <module> : Clicked
2022-11-18 16:31:31,574 - INFO - <module> : Clicked
2022-11-18 16:31:31,574 - INFO - <module> : Clicked
2022-11-18 16:31:31,574 - INFO - <module> : Clicked
2022-11-18 16:31:32,405 - INFO - <module> : Clicked
2022-11-18 16:31:32,405 - INFO - <module> : Clicked
2022-11-18 16:31:32,405 - INFO - <module> : Clicked
2022-11-18 16:31:32,405 - INFO - <module> : Clicked
2022-11-18 16:32:01,322 - INFO - <module> : Clicked
2022-11-18 16:32:01,322 - INFO - <module> : Clicked
2022-11-18 16:32:01,322 - INFO - <module> : Clicked
2022-11-18 16:32:01,322 - INFO - <module> : Clicked
2022-11-18 16:32:29,656 - INFO - <module> : Hover over Refresh data button
2022-11-18 16:32:29,656 - INFO - <module> : Hover over Refresh data button
2022-11-18 16:32:29,656 - INFO - <module> : Hover over Refresh data button
2022-11-18 16:32:29,656 - INFO - <module> : Hover over Refresh data button
2022-11-18 16:32:44,818 - INFO - setup : Close Browser
