2023-01-03 14:32:25,020 - INFO - setup : Browser Launched!
2023-01-03 14:32:54,445 - INFO - <module> : Opened: https://fuat-meralco.cs73.force.com/customers/s/cxe-apply
2023-01-03 14:32:54,445 - INFO - <module> : Opened: https://fuat-meralco.cs73.force.com/customers/s/cxe-apply
2023-01-03 14:32:54,445 - INFO - <module> : Opened: https://fuat-meralco.cs73.force.com/customers/s/cxe-apply
2023-01-03 14:32:54,445 - INFO - <module> : Opened: https://fuat-meralco.cs73.force.com/customers/s/cxe-apply
2023-01-03 14:33:00,806 - INFO - <module> : Service Application exists
2023-01-03 14:33:00,806 - INFO - <module> : Service Application exists
2023-01-03 14:33:00,806 - INFO - <module> : Service Application exists
2023-01-03 14:33:00,806 - INFO - <module> : Service Application exists
2023-01-03 14:33:04,188 - INFO - <module> : Clicked
2023-01-03 14:33:04,188 - INFO - <module> : Clicked
2023-01-03 14:33:04,188 - INFO - <module> : Clicked
2023-01-03 14:33:04,188 - INFO - <module> : Clicked
2023-01-03 14:33:07,457 - INFO - <module> : Clicked
2023-01-03 14:33:07,457 - INFO - <module> : Clicked
2023-01-03 14:33:07,457 - INFO - <module> : Clicked
2023-01-03 14:33:07,457 - INFO - <module> : Clicked
2023-01-03 14:33:20,396 - INFO - <module> : Clicked
2023-01-03 14:33:20,396 - INFO - <module> : Clicked
2023-01-03 14:33:20,396 - INFO - <module> : Clicked
2023-01-03 14:33:20,396 - INFO - <module> : Clicked
2023-01-03 14:33:25,506 - INFO - setup : Close Browser
