2022-11-24 14:46:49,189 - INFO - setup : Browser Launched!
2022-11-24 14:47:01,082 - INFO - <module> : Opened: https://meralco--fuat.lightning.force.com/lightning/page/home
2022-11-24 14:47:01,082 - INFO - <module> : Opened: https://meralco--fuat.lightning.force.com/lightning/page/home
2022-11-24 14:47:01,082 - INFO - <module> : Opened: https://meralco--fuat.lightning.force.com/lightning/page/home
2022-11-24 14:47:02,989 - INFO - <module> : Clicked
2022-11-24 14:47:02,989 - INFO - <module> : Clicked
2022-11-24 14:47:02,989 - INFO - <module> : Clicked
2022-11-24 14:47:04,358 - INFO - <module> : input: v-lvlgalvez@meralco.com.ph
2022-11-24 14:47:04,358 - INFO - <module> : input: v-lvlgalvez@meralco.com.ph
2022-11-24 14:47:04,358 - INFO - <module> : input: v-lvlgalvez@meralco.com.ph
2022-11-24 14:47:04,497 - INFO - <module> : Clicked
2022-11-24 14:47:04,497 - INFO - <module> : Clicked
2022-11-24 14:47:04,497 - INFO - <module> : Clicked
2022-11-24 14:47:05,706 - INFO - <module> : input: Mecopass@@!!121
2022-11-24 14:47:05,706 - INFO - <module> : input: Mecopass@@!!121
2022-11-24 14:47:05,706 - INFO - <module> : input: Mecopass@@!!121
2022-11-24 14:47:06,308 - INFO - <module> : Clicked
2022-11-24 14:47:06,308 - INFO - <module> : Clicked
2022-11-24 14:47:06,308 - INFO - <module> : Clicked
2022-11-24 14:47:31,414 - INFO - setup : Close Browser
