2023-01-06 15:08:13,020 - INFO - setup : Browser Launched!
2023-01-06 15:08:48,974 - INFO - <module> : Opened: https://meralco--fuat.lightning.force.com/lightning/page/home
2023-01-06 15:08:48,974 - INFO - <module> : Opened: https://meralco--fuat.lightning.force.com/lightning/page/home
2023-01-06 15:08:48,974 - INFO - <module> : Opened: https://meralco--fuat.lightning.force.com/lightning/page/home
2023-01-06 15:08:48,974 - INFO - <module> : Opened: https://meralco--fuat.lightning.force.com/lightning/page/home
2023-01-06 15:08:51,004 - INFO - <module> : Clicked
2023-01-06 15:08:51,004 - INFO - <module> : Clicked
2023-01-06 15:08:51,004 - INFO - <module> : Clicked
2023-01-06 15:08:51,004 - INFO - <module> : Clicked
2023-01-06 15:08:58,977 - INFO - <module> : input: v-lvlgalvez@meralco.com.ph
2023-01-06 15:08:58,977 - INFO - <module> : input: v-lvlgalvez@meralco.com.ph
2023-01-06 15:08:58,977 - INFO - <module> : input: v-lvlgalvez@meralco.com.ph
2023-01-06 15:08:58,977 - INFO - <module> : input: v-lvlgalvez@meralco.com.ph
2023-01-06 15:08:59,412 - INFO - <module> : Clicked
2023-01-06 15:08:59,412 - INFO - <module> : Clicked
2023-01-06 15:08:59,412 - INFO - <module> : Clicked
2023-01-06 15:08:59,412 - INFO - <module> : Clicked
2023-01-06 15:09:00,763 - INFO - <module> : input: Mecopass@@!!123
2023-01-06 15:09:00,763 - INFO - <module> : input: Mecopass@@!!123
2023-01-06 15:09:00,763 - INFO - <module> : input: Mecopass@@!!123
2023-01-06 15:09:00,763 - INFO - <module> : input: Mecopass@@!!123
2023-01-06 15:09:01,864 - INFO - <module> : Clicked
2023-01-06 15:09:01,864 - INFO - <module> : Clicked
2023-01-06 15:09:01,864 - INFO - <module> : Clicked
2023-01-06 15:09:01,864 - INFO - <module> : Clicked
2023-01-06 15:09:03,304 - INFO - <module> : Clicked
2023-01-06 15:09:03,304 - INFO - <module> : Clicked
2023-01-06 15:09:03,304 - INFO - <module> : Clicked
2023-01-06 15:09:03,304 - INFO - <module> : Clicked
2023-01-06 15:09:18,381 - INFO - setup : Close Browser
