2022-10-13 10:36:17,543 - INFO - setup : Browser Launched!
2022-10-13 10:36:24,782 - INFO - <module> : Go to External Map 
2022-10-13 10:36:24,782 - INFO - <module> : Go to External Map 
2022-10-13 10:36:24,782 - INFO - <module> : Go to External Map 
2022-10-13 10:36:24,782 - INFO - <module> : Go to External Map 
2022-10-13 10:36:24,904 - INFO - <module> : input: atmooutageaccount@yopmail.com
2022-10-13 10:36:24,904 - INFO - <module> : input: atmooutageaccount@yopmail.com
2022-10-13 10:36:24,904 - INFO - <module> : input: atmooutageaccount@yopmail.com
2022-10-13 10:36:24,904 - INFO - <module> : input: atmooutageaccount@yopmail.com
2022-10-13 10:36:24,975 - INFO - <module> : input: Meralco01
2022-10-13 10:36:24,975 - INFO - <module> : input: Meralco01
2022-10-13 10:36:24,975 - INFO - <module> : input: Meralco01
2022-10-13 10:36:24,975 - INFO - <module> : input: Meralco01
2022-10-13 10:36:25,028 - INFO - <module> : Log in clicked
2022-10-13 10:36:25,028 - INFO - <module> : Log in clicked
2022-10-13 10:36:25,028 - INFO - <module> : Log in clicked
2022-10-13 10:36:25,028 - INFO - <module> : Log in clicked
2022-10-13 10:36:29,806 - INFO - <module> : Hello, exists
2022-10-13 10:36:29,806 - INFO - <module> : Hello, exists
2022-10-13 10:36:29,806 - INFO - <module> : Hello, exists
2022-10-13 10:36:29,806 - INFO - <module> : Hello, exists
2022-10-13 10:36:29,824 - INFO - <module> : Hello, exists
2022-10-13 10:36:29,824 - INFO - <module> : Hello, exists
2022-10-13 10:36:29,824 - INFO - <module> : Hello, exists
2022-10-13 10:36:29,824 - INFO - <module> : Hello, exists
2022-10-13 10:36:32,072 - INFO - <module> : Outages & Incidents clicked
2022-10-13 10:36:32,072 - INFO - <module> : Outages & Incidents clicked
2022-10-13 10:36:32,072 - INFO - <module> : Outages & Incidents clicked
2022-10-13 10:36:32,072 - INFO - <module> : Outages & Incidents clicked
2022-10-13 10:36:32,138 - INFO - <module> :  clicked
2022-10-13 10:36:32,138 - INFO - <module> :  clicked
2022-10-13 10:36:32,138 - INFO - <module> :  clicked
2022-10-13 10:36:32,138 - INFO - <module> :  clicked
2022-10-13 10:36:34,889 - INFO - <module> : Select weather information to be displayed
2022-10-13 10:36:34,889 - INFO - <module> : Select weather information to be displayed
2022-10-13 10:36:34,889 - INFO - <module> : Select weather information to be displayed
2022-10-13 10:36:34,889 - INFO - <module> : Select weather information to be displayed
2022-10-13 10:37:06,553 - ERROR - <module> : Cannot Locate: map_views
2022-10-13 10:37:06,553 - ERROR - <module> : Cannot Locate: map_views
2022-10-13 10:37:06,553 - ERROR - <module> : Cannot Locate: map_views
2022-10-13 10:37:06,553 - ERROR - <module> : Cannot Locate: map_views
2022-10-13 10:37:06,579 - INFO - setup : Close Browser
