2022-10-13 15:03:38,891 - INFO - setup : Browser Launched!
2022-10-13 15:03:48,920 - INFO - <module> : Go to External Map 
2022-10-13 15:03:48,920 - INFO - <module> : Go to External Map 
2022-10-13 15:03:48,920 - INFO - <module> : Go to External Map 
2022-10-13 15:03:48,920 - INFO - <module> : Go to External Map 
2022-10-13 15:03:52,822 - INFO - <module> : Opened: https://fuat-meralco.cs73.force.com/customers/s/outagemap
2022-10-13 15:03:52,822 - INFO - <module> : Opened: https://fuat-meralco.cs73.force.com/customers/s/outagemap
2022-10-13 15:03:52,822 - INFO - <module> : Opened: https://fuat-meralco.cs73.force.com/customers/s/outagemap
2022-10-13 15:03:52,822 - INFO - <module> : Opened: https://fuat-meralco.cs73.force.com/customers/s/outagemap
2022-10-13 15:03:55,813 - INFO - <module> : Select weather information to be displayed
2022-10-13 15:03:55,813 - INFO - <module> : Select weather information to be displayed
2022-10-13 15:03:55,813 - INFO - <module> : Select weather information to be displayed
2022-10-13 15:03:55,813 - INFO - <module> : Select weather information to be displayed
2022-10-13 15:03:56,401 - INFO - <module> : Meralco would like to access your location to identify if your area is affected by an outage. exists
2022-10-13 15:03:56,401 - INFO - <module> : Meralco would like to access your location to identify if your area is affected by an outage. exists
2022-10-13 15:03:56,401 - INFO - <module> : Meralco would like to access your location to identify if your area is affected by an outage. exists
2022-10-13 15:03:56,401 - INFO - <module> : Meralco would like to access your location to identify if your area is affected by an outage. exists
2022-10-13 15:03:56,679 - INFO - <module> : Disagree clicked
2022-10-13 15:03:56,679 - INFO - <module> : Disagree clicked
2022-10-13 15:03:56,679 - INFO - <module> : Disagree clicked
2022-10-13 15:03:56,679 - INFO - <module> : Disagree clicked
2022-10-13 15:03:57,802 - INFO - setup : Close Browser
