2022-10-21 12:48:21,225 - INFO - setup : Browser Launched!
2022-10-21 12:48:40,909 - INFO - <module> : Access outage reporting form for Guest users.
2022-10-21 12:48:40,909 - INFO - <module> : Access outage reporting form for Guest users.
2022-10-21 12:48:40,909 - INFO - <module> : Access outage reporting form for Guest users.
2022-10-21 12:48:40,909 - INFO - <module> : Access outage reporting form for Guest users.
2022-10-21 12:48:46,958 - INFO - <module> : Opened: https://fuat-meralco.cs73.force.com/customers/s/outagemap
2022-10-21 12:48:46,958 - INFO - <module> : Opened: https://fuat-meralco.cs73.force.com/customers/s/outagemap
2022-10-21 12:48:46,958 - INFO - <module> : Opened: https://fuat-meralco.cs73.force.com/customers/s/outagemap
2022-10-21 12:48:46,958 - INFO - <module> : Opened: https://fuat-meralco.cs73.force.com/customers/s/outagemap
2022-10-21 12:48:50,237 - INFO - <module> : Meralco would like to access your location to identify if your area is affected by an outage. exists
2022-10-21 12:48:50,237 - INFO - <module> : Meralco would like to access your location to identify if your area is affected by an outage. exists
2022-10-21 12:48:50,237 - INFO - <module> : Meralco would like to access your location to identify if your area is affected by an outage. exists
2022-10-21 12:48:50,237 - INFO - <module> : Meralco would like to access your location to identify if your area is affected by an outage. exists
2022-10-21 12:48:52,505 - INFO - <module> : Clicked
2022-10-21 12:48:52,505 - INFO - <module> : Clicked
2022-10-21 12:48:52,505 - INFO - <module> : Clicked
2022-10-21 12:48:52,505 - INFO - <module> : Clicked
2022-10-21 12:48:56,719 - INFO - <module> : Clicked
2022-10-21 12:48:56,719 - INFO - <module> : Clicked
2022-10-21 12:48:56,719 - INFO - <module> : Clicked
2022-10-21 12:48:56,719 - INFO - <module> : Clicked
2022-10-21 12:49:06,251 - INFO - <module> : Report an Outage or Incident exists
2022-10-21 12:49:06,251 - INFO - <module> : Report an Outage or Incident exists
2022-10-21 12:49:06,251 - INFO - <module> : Report an Outage or Incident exists
2022-10-21 12:49:06,251 - INFO - <module> : Report an Outage or Incident exists
2022-10-21 12:49:11,898 - INFO - <module> : Choose 'No Power - My house/building ' from the 'What are you reporting?' option.
2022-10-21 12:49:11,898 - INFO - <module> : Choose 'No Power - My house/building ' from the 'What are you reporting?' option.
2022-10-21 12:49:11,898 - INFO - <module> : Choose 'No Power - My house/building ' from the 'What are you reporting?' option.
2022-10-21 12:49:11,898 - INFO - <module> : Choose 'No Power - My house/building ' from the 'What are you reporting?' option.
2022-10-21 12:49:12,150 - INFO - <module> : Clicked
2022-10-21 12:49:12,150 - INFO - <module> : Clicked
2022-10-21 12:49:12,150 - INFO - <module> : Clicked
2022-10-21 12:49:12,150 - INFO - <module> : Clicked
2022-10-21 12:49:17,656 - INFO - <module> : Click the dropdown field for Q1.
2022-10-21 12:49:17,656 - INFO - <module> : Click the dropdown field for Q1.
2022-10-21 12:49:17,656 - INFO - <module> : Click the dropdown field for Q1.
2022-10-21 12:49:17,656 - INFO - <module> : Click the dropdown field for Q1.
2022-10-21 12:49:17,941 - INFO - <module> : Clicked
2022-10-21 12:49:17,941 - INFO - <module> : Clicked
2022-10-21 12:49:17,941 - INFO - <module> : Clicked
2022-10-21 12:49:17,941 - INFO - <module> : Clicked
2022-10-21 12:49:23,330 - INFO - <module> : Choose 'None' from the option.
2022-10-21 12:49:23,330 - INFO - <module> : Choose 'None' from the option.
2022-10-21 12:49:23,330 - INFO - <module> : Choose 'None' from the option.
2022-10-21 12:49:23,330 - INFO - <module> : Choose 'None' from the option.
2022-10-21 12:49:23,493 - INFO - <module> : Clicked
2022-10-21 12:49:23,493 - INFO - <module> : Clicked
2022-10-21 12:49:23,493 - INFO - <module> : Clicked
2022-10-21 12:49:23,493 - INFO - <module> : Clicked
2022-10-21 12:49:29,006 - INFO - <module> : Input the SIN with no pending No Power case but with pending incident in ADMS under the 'Where is your concern located?' section.
2022-10-21 12:49:29,006 - INFO - <module> : Input the SIN with no pending No Power case but with pending incident in ADMS under the 'Where is your concern located?' section.
2022-10-21 12:49:29,006 - INFO - <module> : Input the SIN with no pending No Power case but with pending incident in ADMS under the 'Where is your concern located?' section.
2022-10-21 12:49:29,006 - INFO - <module> : Input the SIN with no pending No Power case but with pending incident in ADMS under the 'Where is your concern located?' section.
2022-10-21 12:49:29,355 - INFO - <module> : Clicked
2022-10-21 12:49:29,355 - INFO - <module> : Clicked
2022-10-21 12:49:29,355 - INFO - <module> : Clicked
2022-10-21 12:49:29,355 - INFO - <module> : Clicked
2022-10-21 12:49:29,657 - INFO - <module> : input: 100004470101
2022-10-21 12:49:29,657 - INFO - <module> : input: 100004470101
2022-10-21 12:49:29,657 - INFO - <module> : input: 100004470101
2022-10-21 12:49:29,657 - INFO - <module> : input: 100004470101
2022-10-21 12:49:29,815 - INFO - <module> : Clicked
2022-10-21 12:49:29,815 - INFO - <module> : Clicked
2022-10-21 12:49:29,815 - INFO - <module> : Clicked
2022-10-21 12:49:29,815 - INFO - <module> : Clicked
2022-10-21 12:49:35,687 - INFO - <module> : Select No.
2022-10-21 12:49:35,687 - INFO - <module> : Select No.
2022-10-21 12:49:35,687 - INFO - <module> : Select No.
2022-10-21 12:49:35,687 - INFO - <module> : Select No.
2022-10-21 12:49:41,740 - INFO - <module> : Access outage reporting form for Guest users.
2022-10-21 12:49:41,740 - INFO - <module> : Access outage reporting form for Guest users.
2022-10-21 12:49:41,740 - INFO - <module> : Access outage reporting form for Guest users.
2022-10-21 12:49:41,740 - INFO - <module> : Access outage reporting form for Guest users.
2022-10-21 12:49:45,271 - INFO - <module> : Opened: https://fuat-meralco.cs73.force.com/customers/s/outagemap
2022-10-21 12:49:45,271 - INFO - <module> : Opened: https://fuat-meralco.cs73.force.com/customers/s/outagemap
2022-10-21 12:49:45,271 - INFO - <module> : Opened: https://fuat-meralco.cs73.force.com/customers/s/outagemap
2022-10-21 12:49:45,271 - INFO - <module> : Opened: https://fuat-meralco.cs73.force.com/customers/s/outagemap
2022-10-21 12:49:50,137 - INFO - <module> : Meralco would like to access your location to identify if your area is affected by an outage. exists
2022-10-21 12:49:50,137 - INFO - <module> : Meralco would like to access your location to identify if your area is affected by an outage. exists
2022-10-21 12:49:50,137 - INFO - <module> : Meralco would like to access your location to identify if your area is affected by an outage. exists
2022-10-21 12:49:50,137 - INFO - <module> : Meralco would like to access your location to identify if your area is affected by an outage. exists
2022-10-21 12:49:52,527 - INFO - <module> : Clicked
2022-10-21 12:49:52,527 - INFO - <module> : Clicked
2022-10-21 12:49:52,527 - INFO - <module> : Clicked
2022-10-21 12:49:52,527 - INFO - <module> : Clicked
2022-10-21 12:49:56,882 - INFO - <module> : Clicked
2022-10-21 12:49:56,882 - INFO - <module> : Clicked
2022-10-21 12:49:56,882 - INFO - <module> : Clicked
2022-10-21 12:49:56,882 - INFO - <module> : Clicked
2022-10-21 12:50:05,200 - INFO - <module> : Report an Outage or Incident exists
2022-10-21 12:50:05,200 - INFO - <module> : Report an Outage or Incident exists
2022-10-21 12:50:05,200 - INFO - <module> : Report an Outage or Incident exists
2022-10-21 12:50:05,200 - INFO - <module> : Report an Outage or Incident exists
2022-10-21 12:50:10,636 - INFO - <module> : Choose 'No Power - My house/building ' from the 'What are you reporting?' option.
2022-10-21 12:50:10,636 - INFO - <module> : Choose 'No Power - My house/building ' from the 'What are you reporting?' option.
2022-10-21 12:50:10,636 - INFO - <module> : Choose 'No Power - My house/building ' from the 'What are you reporting?' option.
2022-10-21 12:50:10,636 - INFO - <module> : Choose 'No Power - My house/building ' from the 'What are you reporting?' option.
2022-10-21 12:50:10,945 - INFO - <module> : Clicked
2022-10-21 12:50:10,945 - INFO - <module> : Clicked
2022-10-21 12:50:10,945 - INFO - <module> : Clicked
2022-10-21 12:50:10,945 - INFO - <module> : Clicked
2022-10-21 12:50:16,518 - INFO - <module> : Click the dropdown field for Q1.
2022-10-21 12:50:16,518 - INFO - <module> : Click the dropdown field for Q1.
2022-10-21 12:50:16,518 - INFO - <module> : Click the dropdown field for Q1.
2022-10-21 12:50:16,518 - INFO - <module> : Click the dropdown field for Q1.
2022-10-21 12:50:16,740 - INFO - <module> : Clicked
2022-10-21 12:50:16,740 - INFO - <module> : Clicked
2022-10-21 12:50:16,740 - INFO - <module> : Clicked
2022-10-21 12:50:16,740 - INFO - <module> : Clicked
2022-10-21 12:50:22,279 - INFO - <module> : Choose 'None' from the option.
2022-10-21 12:50:22,279 - INFO - <module> : Choose 'None' from the option.
2022-10-21 12:50:22,279 - INFO - <module> : Choose 'None' from the option.
2022-10-21 12:50:22,279 - INFO - <module> : Choose 'None' from the option.
2022-10-21 12:50:22,462 - INFO - <module> : Clicked
2022-10-21 12:50:22,462 - INFO - <module> : Clicked
2022-10-21 12:50:22,462 - INFO - <module> : Clicked
2022-10-21 12:50:22,462 - INFO - <module> : Clicked
2022-10-21 12:50:28,088 - INFO - <module> : Input the SIN with no pending No Power case but with pending incident in ADMS under the 'Where is your concern located?' section.
2022-10-21 12:50:28,088 - INFO - <module> : Input the SIN with no pending No Power case but with pending incident in ADMS under the 'Where is your concern located?' section.
2022-10-21 12:50:28,088 - INFO - <module> : Input the SIN with no pending No Power case but with pending incident in ADMS under the 'Where is your concern located?' section.
2022-10-21 12:50:28,088 - INFO - <module> : Input the SIN with no pending No Power case but with pending incident in ADMS under the 'Where is your concern located?' section.
2022-10-21 12:50:28,381 - INFO - <module> : Clicked
2022-10-21 12:50:28,381 - INFO - <module> : Clicked
2022-10-21 12:50:28,381 - INFO - <module> : Clicked
2022-10-21 12:50:28,381 - INFO - <module> : Clicked
2022-10-21 12:50:28,620 - INFO - <module> : input: 100004470101
2022-10-21 12:50:28,620 - INFO - <module> : input: 100004470101
2022-10-21 12:50:28,620 - INFO - <module> : input: 100004470101
2022-10-21 12:50:28,620 - INFO - <module> : input: 100004470101
2022-10-21 12:50:28,749 - INFO - <module> : Clicked
2022-10-21 12:50:28,749 - INFO - <module> : Clicked
2022-10-21 12:50:28,749 - INFO - <module> : Clicked
2022-10-21 12:50:28,749 - INFO - <module> : Clicked
2022-10-21 12:50:34,395 - INFO - <module> : Select Yes.
2022-10-21 12:50:34,395 - INFO - <module> : Select Yes.
2022-10-21 12:50:34,395 - INFO - <module> : Select Yes.
2022-10-21 12:50:34,395 - INFO - <module> : Select Yes.
2022-10-21 12:50:40,098 - INFO - <module> : Select the 'Landmarks/Directions' option and input values in the text box.
2022-10-21 12:50:40,098 - INFO - <module> : Select the 'Landmarks/Directions' option and input values in the text box.
2022-10-21 12:50:40,098 - INFO - <module> : Select the 'Landmarks/Directions' option and input values in the text box.
2022-10-21 12:50:40,098 - INFO - <module> : Select the 'Landmarks/Directions' option and input values in the text box.
2022-10-21 12:50:40,392 - INFO - <module> : Clicked
2022-10-21 12:50:40,392 - INFO - <module> : Clicked
2022-10-21 12:50:40,392 - INFO - <module> : Clicked
2022-10-21 12:50:40,392 - INFO - <module> : Clicked
2022-10-21 12:50:40,536 - INFO - <module> : Clicked
2022-10-21 12:50:40,536 - INFO - <module> : Clicked
2022-10-21 12:50:40,536 - INFO - <module> : Clicked
2022-10-21 12:50:40,536 - INFO - <module> : Clicked
2022-10-21 12:50:50,380 - INFO - <module> : input: Sample Text
2022-10-21 12:50:50,380 - INFO - <module> : input: Sample Text
2022-10-21 12:50:50,380 - INFO - <module> : input: Sample Text
2022-10-21 12:50:50,380 - INFO - <module> : input: Sample Text
2022-10-21 12:51:00,764 - INFO - <module> : Populate the following fields:
a) First Name
b) Middle Name
c) Last Name
d) Mobile Number
e) Landline
f) Email
2022-10-21 12:51:00,764 - INFO - <module> : Populate the following fields:
a) First Name
b) Middle Name
c) Last Name
d) Mobile Number
e) Landline
f) Email
2022-10-21 12:51:00,764 - INFO - <module> : Populate the following fields:
a) First Name
b) Middle Name
c) Last Name
d) Mobile Number
e) Landline
f) Email
2022-10-21 12:51:00,764 - INFO - <module> : Populate the following fields:
a) First Name
b) Middle Name
c) Last Name
d) Mobile Number
e) Landline
f) Email
2022-10-21 12:51:01,086 - INFO - <module> : input: sample
2022-10-21 12:51:01,086 - INFO - <module> : input: sample
2022-10-21 12:51:01,086 - INFO - <module> : input: sample
2022-10-21 12:51:01,086 - INFO - <module> : input: sample
2022-10-21 12:51:01,278 - INFO - <module> : input: middle
2022-10-21 12:51:01,278 - INFO - <module> : input: middle
2022-10-21 12:51:01,278 - INFO - <module> : input: middle
2022-10-21 12:51:01,278 - INFO - <module> : input: middle
2022-10-21 12:51:01,445 - INFO - <module> : input: report
2022-10-21 12:51:01,445 - INFO - <module> : input: report
2022-10-21 12:51:01,445 - INFO - <module> : input: report
2022-10-21 12:51:01,445 - INFO - <module> : input: report
2022-10-21 12:51:01,630 - INFO - <module> : input: +639758880793
2022-10-21 12:51:01,630 - INFO - <module> : input: +639758880793
2022-10-21 12:51:01,630 - INFO - <module> : input: +639758880793
2022-10-21 12:51:01,630 - INFO - <module> : input: +639758880793
2022-10-21 12:51:01,809 - INFO - <module> : input: 
2022-10-21 12:51:01,809 - INFO - <module> : input: 
2022-10-21 12:51:01,809 - INFO - <module> : input: 
2022-10-21 12:51:01,809 - INFO - <module> : input: 
2022-10-21 12:51:02,062 - INFO - <module> : input: testautomationoutage@yopmail.com
2022-10-21 12:51:02,062 - INFO - <module> : input: testautomationoutage@yopmail.com
2022-10-21 12:51:02,062 - INFO - <module> : input: testautomationoutage@yopmail.com
2022-10-21 12:51:02,062 - INFO - <module> : input: testautomationoutage@yopmail.com
2022-10-21 12:51:07,450 - INFO - <module> : Verify if 'Yes' is selected from the options under 'Do you want to receive updates related to this report?'
2022-10-21 12:51:07,450 - INFO - <module> : Verify if 'Yes' is selected from the options under 'Do you want to receive updates related to this report?'
2022-10-21 12:51:07,450 - INFO - <module> : Verify if 'Yes' is selected from the options under 'Do you want to receive updates related to this report?'
2022-10-21 12:51:07,450 - INFO - <module> : Verify if 'Yes' is selected from the options under 'Do you want to receive updates related to this report?'
2022-10-21 12:51:12,855 - INFO - <module> : Select SMS and Email as preferred Case Notification Channel.
Note: Ensure that 'Email' field has valid value if Email has been selected as preferred Case Notification Channel.
2022-10-21 12:51:12,855 - INFO - <module> : Select SMS and Email as preferred Case Notification Channel.
Note: Ensure that 'Email' field has valid value if Email has been selected as preferred Case Notification Channel.
2022-10-21 12:51:12,855 - INFO - <module> : Select SMS and Email as preferred Case Notification Channel.
Note: Ensure that 'Email' field has valid value if Email has been selected as preferred Case Notification Channel.
2022-10-21 12:51:12,855 - INFO - <module> : Select SMS and Email as preferred Case Notification Channel.
Note: Ensure that 'Email' field has valid value if Email has been selected as preferred Case Notification Channel.
2022-10-21 12:51:13,125 - INFO - <module> : Clicked
2022-10-21 12:51:13,125 - INFO - <module> : Clicked
2022-10-21 12:51:13,125 - INFO - <module> : Clicked
2022-10-21 12:51:13,125 - INFO - <module> : Clicked
2022-10-21 12:51:13,310 - INFO - <module> : Clicked
2022-10-21 12:51:13,310 - INFO - <module> : Clicked
2022-10-21 12:51:13,310 - INFO - <module> : Clicked
2022-10-21 12:51:13,310 - INFO - <module> : Clicked
2022-10-21 12:51:18,802 - INFO - <module> : Select the checkbox for:
I have read and agree to the Meralco Online Terms & Conditions and consent to the processing of my personal data in accordance with the Privacy Policy.
2022-10-21 12:51:18,802 - INFO - <module> : Select the checkbox for:
I have read and agree to the Meralco Online Terms & Conditions and consent to the processing of my personal data in accordance with the Privacy Policy.
2022-10-21 12:51:18,802 - INFO - <module> : Select the checkbox for:
I have read and agree to the Meralco Online Terms & Conditions and consent to the processing of my personal data in accordance with the Privacy Policy.
2022-10-21 12:51:18,802 - INFO - <module> : Select the checkbox for:
I have read and agree to the Meralco Online Terms & Conditions and consent to the processing of my personal data in accordance with the Privacy Policy.
2022-10-21 12:51:19,112 - INFO - <module> : Clicked
2022-10-21 12:51:19,112 - INFO - <module> : Clicked
2022-10-21 12:51:19,112 - INFO - <module> : Clicked
2022-10-21 12:51:19,112 - INFO - <module> : Clicked
2022-10-21 12:51:24,629 - INFO - <module> : Click ‘Submit’ button.
2022-10-21 12:51:24,629 - INFO - <module> : Click ‘Submit’ button.
2022-10-21 12:51:24,629 - INFO - <module> : Click ‘Submit’ button.
2022-10-21 12:51:24,629 - INFO - <module> : Click ‘Submit’ button.
2022-10-21 12:51:55,028 - ERROR - <module> : Cannot Locate: submit
2022-10-21 12:51:55,028 - ERROR - <module> : Cannot Locate: submit
2022-10-21 12:51:55,028 - ERROR - <module> : Cannot Locate: submit
2022-10-21 12:51:55,028 - ERROR - <module> : Cannot Locate: submit
2022-10-21 12:51:55,213 - INFO - setup : Close Browser
