2022-10-27 14:07:28,828 - INFO - setup : Browser Launched!
2022-10-27 14:07:36,682 - INFO - <module> : Click Map Views icon in Internal Map -> Select Default
2022-10-27 14:07:36,682 - INFO - <module> : Click Map Views icon in Internal Map -> Select Default
2022-10-27 14:07:36,682 - INFO - <module> : Click Map Views icon in Internal Map -> Select Default
2022-10-27 14:07:36,682 - INFO - <module> : Click Map Views icon in Internal Map -> Select Default
2022-10-27 14:07:39,306 - INFO - <module> : Opened: https://outage-api.meralco.com.ph/
2022-10-27 14:07:39,306 - INFO - <module> : Opened: https://outage-api.meralco.com.ph/
2022-10-27 14:07:39,306 - INFO - <module> : Opened: https://outage-api.meralco.com.ph/
2022-10-27 14:07:39,306 - INFO - <module> : Opened: https://outage-api.meralco.com.ph/
2022-10-27 14:07:40,538 - INFO - <module> : input: v-lvlgalvez@meralco.com.ph
2022-10-27 14:07:40,538 - INFO - <module> : input: v-lvlgalvez@meralco.com.ph
2022-10-27 14:07:40,538 - INFO - <module> : input: v-lvlgalvez@meralco.com.ph
2022-10-27 14:07:40,538 - INFO - <module> : input: v-lvlgalvez@meralco.com.ph
2022-10-27 14:07:40,594 - INFO - <module> : Clicked
2022-10-27 14:07:40,594 - INFO - <module> : Clicked
2022-10-27 14:07:40,594 - INFO - <module> : Clicked
2022-10-27 14:07:40,594 - INFO - <module> : Clicked
2022-10-27 14:07:41,788 - INFO - <module> : input: Mecopass@@!!129
2022-10-27 14:07:41,788 - INFO - <module> : input: Mecopass@@!!129
2022-10-27 14:07:41,788 - INFO - <module> : input: Mecopass@@!!129
2022-10-27 14:07:41,788 - INFO - <module> : input: Mecopass@@!!129
2022-10-27 14:07:42,428 - INFO - <module> : Clicked
2022-10-27 14:07:42,428 - INFO - <module> : Clicked
2022-10-27 14:07:42,428 - INFO - <module> : Clicked
2022-10-27 14:07:42,428 - INFO - <module> : Clicked
2022-10-27 14:07:43,031 - INFO - <module> : Clicked
2022-10-27 14:07:43,031 - INFO - <module> : Clicked
2022-10-27 14:07:43,031 - INFO - <module> : Clicked
2022-10-27 14:07:43,031 - INFO - <module> : Clicked
2022-10-27 14:08:12,254 - INFO - <module> : Clicked
2022-10-27 14:08:12,254 - INFO - <module> : Clicked
2022-10-27 14:08:12,254 - INFO - <module> : Clicked
2022-10-27 14:08:12,254 - INFO - <module> : Clicked
2022-10-27 14:08:16,335 - INFO - <module> :  clicked
2022-10-27 14:08:16,335 - INFO - <module> :  clicked
2022-10-27 14:08:16,335 - INFO - <module> :  clicked
2022-10-27 14:08:16,335 - INFO - <module> :  clicked
2022-10-27 14:08:18,719 - INFO - setup : Close Browser
