2022-10-12 16:53:34,471 - INFO - setup : Browser Launched!
2022-10-12 16:53:41,138 - INFO - <module> : Go to External Map 
2022-10-12 16:53:41,138 - INFO - <module> : Go to External Map 
2022-10-12 16:53:41,138 - INFO - <module> : Go to External Map 
2022-10-12 16:53:45,554 - INFO - <module> : Opened: https://fuat-meralco.cs73.force.com/customers/s/outagemap
2022-10-12 16:53:45,554 - INFO - <module> : Opened: https://fuat-meralco.cs73.force.com/customers/s/outagemap
2022-10-12 16:53:45,554 - INFO - <module> : Opened: https://fuat-meralco.cs73.force.com/customers/s/outagemap
2022-10-12 16:53:49,003 - INFO - <module> : Meralco would like to access your location to identify if your area is affected by an outage. exists
2022-10-12 16:53:49,003 - INFO - <module> : Meralco would like to access your location to identify if your area is affected by an outage. exists
2022-10-12 16:53:49,003 - INFO - <module> : Meralco would like to access your location to identify if your area is affected by an outage. exists
2022-10-12 16:53:52,081 - INFO - <module> : Select weather information to be displayed
2022-10-12 16:53:52,081 - INFO - <module> : Select weather information to be displayed
2022-10-12 16:53:52,081 - INFO - <module> : Select weather information to be displayed
2022-10-12 16:53:52,220 - INFO - <module> : Disagree clicked
2022-10-12 16:53:52,220 - INFO - <module> : Disagree clicked
2022-10-12 16:53:52,220 - INFO - <module> : Disagree clicked
2022-10-12 16:53:52,688 - INFO - <module> :  clicked
2022-10-12 16:53:52,688 - INFO - <module> :  clicked
2022-10-12 16:53:52,688 - INFO - <module> :  clicked
2022-10-12 16:53:55,080 - INFO - <module> :  clicked
2022-10-12 16:53:55,080 - INFO - <module> :  clicked
2022-10-12 16:53:55,080 - INFO - <module> :  clicked
2022-10-12 16:53:55,639 - INFO - <module> : close clicked
2022-10-12 16:53:55,639 - INFO - <module> : close clicked
2022-10-12 16:53:55,639 - INFO - <module> : close clicked
2022-10-12 16:53:59,215 - INFO - <module> : Adjust outage map zoom level to greater than 8
2022-10-12 16:53:59,215 - INFO - <module> : Adjust outage map zoom level to greater than 8
2022-10-12 16:53:59,215 - INFO - <module> : Adjust outage map zoom level to greater than 8
2022-10-12 16:54:09,407 - INFO - <module> :  clicked
2022-10-12 16:54:09,407 - INFO - <module> :  clicked
2022-10-12 16:54:09,407 - INFO - <module> :  clicked
2022-10-12 16:54:09,415 - INFO - setup : Close Browser
