2022-10-13 15:35:52,368 - INFO - setup : Browser Launched!
2022-10-13 15:35:59,904 - INFO - <module> : Login to Meralco Online
2022-10-13 15:35:59,904 - INFO - <module> : Login to Meralco Online
2022-10-13 15:35:59,904 - INFO - <module> : Login to Meralco Online
2022-10-13 15:35:59,904 - INFO - <module> : Login to Meralco Online
2022-10-13 15:36:00,075 - INFO - <module> : input: atmooutageaccount@yopmail.com
2022-10-13 15:36:00,075 - INFO - <module> : input: atmooutageaccount@yopmail.com
2022-10-13 15:36:00,075 - INFO - <module> : input: atmooutageaccount@yopmail.com
2022-10-13 15:36:00,075 - INFO - <module> : input: atmooutageaccount@yopmail.com
2022-10-13 15:36:00,166 - INFO - <module> : input: Meralco01
2022-10-13 15:36:00,166 - INFO - <module> : input: Meralco01
2022-10-13 15:36:00,166 - INFO - <module> : input: Meralco01
2022-10-13 15:36:00,166 - INFO - <module> : input: Meralco01
2022-10-13 15:36:00,290 - INFO - <module> : Log in clicked
2022-10-13 15:36:00,290 - INFO - <module> : Log in clicked
2022-10-13 15:36:00,290 - INFO - <module> : Log in clicked
2022-10-13 15:36:00,290 - INFO - <module> : Log in clicked
2022-10-13 15:36:04,298 - INFO - <module> : Hello, exists
2022-10-13 15:36:04,298 - INFO - <module> : Hello, exists
2022-10-13 15:36:04,298 - INFO - <module> : Hello, exists
2022-10-13 15:36:04,298 - INFO - <module> : Hello, exists
2022-10-13 15:36:04,320 - INFO - <module> : Hello, exists
2022-10-13 15:36:04,320 - INFO - <module> : Hello, exists
2022-10-13 15:36:04,320 - INFO - <module> : Hello, exists
2022-10-13 15:36:04,320 - INFO - <module> : Hello, exists
2022-10-13 15:36:07,128 - INFO - <module> : Go to Outages & Incidents > View/Report Outages > Tick Address on View Outages by > tick Current Address
2022-10-13 15:36:07,128 - INFO - <module> : Go to Outages & Incidents > View/Report Outages > Tick Address on View Outages by > tick Current Address
2022-10-13 15:36:07,128 - INFO - <module> : Go to Outages & Incidents > View/Report Outages > Tick Address on View Outages by > tick Current Address
2022-10-13 15:36:07,128 - INFO - <module> : Go to Outages & Incidents > View/Report Outages > Tick Address on View Outages by > tick Current Address
2022-10-13 15:36:07,205 - INFO - <module> : Outages & Incidents clicked
2022-10-13 15:36:07,205 - INFO - <module> : Outages & Incidents clicked
2022-10-13 15:36:07,205 - INFO - <module> : Outages & Incidents clicked
2022-10-13 15:36:07,205 - INFO - <module> : Outages & Incidents clicked
2022-10-13 15:36:07,260 - INFO - <module> :  clicked
2022-10-13 15:36:07,260 - INFO - <module> :  clicked
2022-10-13 15:36:07,260 - INFO - <module> :  clicked
2022-10-13 15:36:07,260 - INFO - <module> :  clicked
2022-10-13 15:36:16,074 - INFO - <module> : Okay clicked
2022-10-13 15:36:16,074 - INFO - <module> : Okay clicked
2022-10-13 15:36:16,074 - INFO - <module> : Okay clicked
2022-10-13 15:36:16,074 - INFO - <module> : Okay clicked
2022-10-13 15:36:18,366 - INFO - setup : Close Browser
