2022-10-17 09:09:45,267 - INFO - setup : Browser Launched!
2022-10-17 09:09:54,068 - INFO - <module> : Go to https://fuat-meralco.cs73.force.com/customers/s/outagemap
2022-10-17 09:09:54,068 - INFO - <module> : Go to https://fuat-meralco.cs73.force.com/customers/s/outagemap
2022-10-17 09:09:54,068 - INFO - <module> : Go to https://fuat-meralco.cs73.force.com/customers/s/outagemap
2022-10-17 09:09:54,068 - INFO - <module> : Go to https://fuat-meralco.cs73.force.com/customers/s/outagemap
2022-10-17 09:09:57,119 - INFO - <module> : Opened: https://fuat-meralco.cs73.force.com/customers/s/outagemap
2022-10-17 09:09:57,119 - INFO - <module> : Opened: https://fuat-meralco.cs73.force.com/customers/s/outagemap
2022-10-17 09:09:57,119 - INFO - <module> : Opened: https://fuat-meralco.cs73.force.com/customers/s/outagemap
2022-10-17 09:09:57,119 - INFO - <module> : Opened: https://fuat-meralco.cs73.force.com/customers/s/outagemap
2022-10-17 09:10:02,268 - INFO - <module> : Disagree clicked
2022-10-17 09:10:02,268 - INFO - <module> : Disagree clicked
2022-10-17 09:10:02,268 - INFO - <module> : Disagree clicked
2022-10-17 09:10:02,268 - INFO - <module> : Disagree clicked
2022-10-17 09:10:09,258 - INFO - <module> : Click down button beside Legends
2022-10-17 09:10:09,258 - INFO - <module> : Click down button beside Legends
2022-10-17 09:10:09,258 - INFO - <module> : Click down button beside Legends
2022-10-17 09:10:09,258 - INFO - <module> : Click down button beside Legends
2022-10-17 09:10:09,388 - INFO - <module> : expand_less clicked
2022-10-17 09:10:09,388 - INFO - <module> : expand_less clicked
2022-10-17 09:10:09,388 - INFO - <module> : expand_less clicked
2022-10-17 09:10:09,388 - INFO - <module> : expand_less clicked
2022-10-17 09:10:09,958 - INFO - <module> : Unplanned Outage exists
2022-10-17 09:10:09,958 - INFO - <module> : Unplanned Outage exists
2022-10-17 09:10:09,958 - INFO - <module> : Unplanned Outage exists
2022-10-17 09:10:09,958 - INFO - <module> : Unplanned Outage exists
2022-10-17 09:10:10,007 - INFO - <module> : Planned Outage exists
2022-10-17 09:10:10,007 - INFO - <module> : Planned Outage exists
2022-10-17 09:10:10,007 - INFO - <module> : Planned Outage exists
2022-10-17 09:10:10,007 - INFO - <module> : Planned Outage exists
2022-10-17 09:10:12,716 - INFO - setup : Close Browser
