2022-10-14 11:41:42,839 - INFO - setup : Browser Launched!
2022-10-14 11:41:53,392 - INFO - <module> : Go to https://fuat-meralco.cs73.force.com/customers/s/outagemap
2022-10-14 11:41:53,392 - INFO - <module> : Go to https://fuat-meralco.cs73.force.com/customers/s/outagemap
2022-10-14 11:41:53,392 - INFO - <module> : Go to https://fuat-meralco.cs73.force.com/customers/s/outagemap
2022-10-14 11:41:53,392 - INFO - <module> : Go to https://fuat-meralco.cs73.force.com/customers/s/outagemap
2022-10-14 11:41:55,634 - INFO - <module> : Opened: https://fuat-meralco.cs73.force.com/customers/s/outagemap
2022-10-14 11:41:55,634 - INFO - <module> : Opened: https://fuat-meralco.cs73.force.com/customers/s/outagemap
2022-10-14 11:41:55,634 - INFO - <module> : Opened: https://fuat-meralco.cs73.force.com/customers/s/outagemap
2022-10-14 11:41:55,634 - INFO - <module> : Opened: https://fuat-meralco.cs73.force.com/customers/s/outagemap
2022-10-14 11:41:59,510 - INFO - <module> : Validate Announcements and News Ticker
2022-10-14 11:41:59,510 - INFO - <module> : Validate Announcements and News Ticker
2022-10-14 11:41:59,510 - INFO - <module> : Validate Announcements and News Ticker
2022-10-14 11:41:59,510 - INFO - <module> : Validate Announcements and News Ticker
2022-10-14 11:42:00,140 - INFO - <module> : hello exists
2022-10-14 11:42:00,140 - INFO - <module> : hello exists
2022-10-14 11:42:00,140 - INFO - <module> : hello exists
2022-10-14 11:42:00,140 - INFO - <module> : hello exists
2022-10-14 11:42:02,971 - INFO - <module> : Login to Meralco Online
2022-10-14 11:42:02,971 - INFO - <module> : Login to Meralco Online
2022-10-14 11:42:02,971 - INFO - <module> : Login to Meralco Online
2022-10-14 11:42:02,971 - INFO - <module> : Login to Meralco Online
2022-10-14 11:42:04,093 - INFO - <module> : Opened: https://fuat-meralco.cs73.force.com/customers/s/splash
2022-10-14 11:42:04,093 - INFO - <module> : Opened: https://fuat-meralco.cs73.force.com/customers/s/splash
2022-10-14 11:42:04,093 - INFO - <module> : Opened: https://fuat-meralco.cs73.force.com/customers/s/splash
2022-10-14 11:42:04,093 - INFO - <module> : Opened: https://fuat-meralco.cs73.force.com/customers/s/splash
2022-10-14 11:42:04,373 - INFO - <module> : input: atmooutageaccount@yopmail.com
2022-10-14 11:42:04,373 - INFO - <module> : input: atmooutageaccount@yopmail.com
2022-10-14 11:42:04,373 - INFO - <module> : input: atmooutageaccount@yopmail.com
2022-10-14 11:42:04,373 - INFO - <module> : input: atmooutageaccount@yopmail.com
2022-10-14 11:42:04,438 - INFO - <module> : input: Meralco01
2022-10-14 11:42:04,438 - INFO - <module> : input: Meralco01
2022-10-14 11:42:04,438 - INFO - <module> : input: Meralco01
2022-10-14 11:42:04,438 - INFO - <module> : input: Meralco01
2022-10-14 11:42:04,494 - INFO - <module> : Log in clicked
2022-10-14 11:42:04,494 - INFO - <module> : Log in clicked
2022-10-14 11:42:04,494 - INFO - <module> : Log in clicked
2022-10-14 11:42:04,494 - INFO - <module> : Log in clicked
2022-10-14 11:42:07,890 - INFO - <module> : Hello, exists
2022-10-14 11:42:07,890 - INFO - <module> : Hello, exists
2022-10-14 11:42:07,890 - INFO - <module> : Hello, exists
2022-10-14 11:42:07,890 - INFO - <module> : Hello, exists
2022-10-14 11:42:07,914 - INFO - <module> : Hello, exists
2022-10-14 11:42:07,914 - INFO - <module> : Hello, exists
2022-10-14 11:42:07,914 - INFO - <module> : Hello, exists
2022-10-14 11:42:07,914 - INFO - <module> : Hello, exists
2022-10-14 11:42:10,704 - INFO - <module> : Go to Outages & Incidents > View/Report Outages
2022-10-14 11:42:10,704 - INFO - <module> : Go to Outages & Incidents > View/Report Outages
2022-10-14 11:42:10,704 - INFO - <module> : Go to Outages & Incidents > View/Report Outages
2022-10-14 11:42:10,704 - INFO - <module> : Go to Outages & Incidents > View/Report Outages
2022-10-14 11:42:10,792 - INFO - <module> : Outages & Incidents clicked
2022-10-14 11:42:10,792 - INFO - <module> : Outages & Incidents clicked
2022-10-14 11:42:10,792 - INFO - <module> : Outages & Incidents clicked
2022-10-14 11:42:10,792 - INFO - <module> : Outages & Incidents clicked
2022-10-14 11:42:10,851 - INFO - <module> :  clicked
2022-10-14 11:42:10,851 - INFO - <module> :  clicked
2022-10-14 11:42:10,851 - INFO - <module> :  clicked
2022-10-14 11:42:10,851 - INFO - <module> :  clicked
2022-10-14 11:42:22,190 - INFO - <module> : Okay clicked
2022-10-14 11:42:22,190 - INFO - <module> : Okay clicked
2022-10-14 11:42:22,190 - INFO - <module> : Okay clicked
2022-10-14 11:42:22,190 - INFO - <module> : Okay clicked
2022-10-14 11:42:25,008 - INFO - <module> : Validate Announcements and News Ticker
2022-10-14 11:42:25,008 - INFO - <module> : Validate Announcements and News Ticker
2022-10-14 11:42:25,008 - INFO - <module> : Validate Announcements and News Ticker
2022-10-14 11:42:25,008 - INFO - <module> : Validate Announcements and News Ticker
2022-10-14 11:42:25,082 - INFO - <module> : hii exists
2022-10-14 11:42:25,082 - INFO - <module> : hii exists
2022-10-14 11:42:25,082 - INFO - <module> : hii exists
2022-10-14 11:42:25,082 - INFO - <module> : hii exists
2022-10-14 11:42:27,403 - INFO - setup : Close Browser
