2022-10-19 15:33:48,966 - INFO - setup : Browser Launched!
2022-10-19 15:33:57,368 - INFO - <module> : Access outage reporting form for Guest users.
2022-10-19 15:33:57,368 - INFO - <module> : Access outage reporting form for Guest users.
2022-10-19 15:33:57,368 - INFO - <module> : Access outage reporting form for Guest users.
2022-10-19 15:33:57,368 - INFO - <module> : Access outage reporting form for Guest users.
2022-10-19 15:33:59,655 - INFO - <module> : Opened: https://fuat-meralco.cs73.force.com/customers/s/outagemap
2022-10-19 15:33:59,655 - INFO - <module> : Opened: https://fuat-meralco.cs73.force.com/customers/s/outagemap
2022-10-19 15:33:59,655 - INFO - <module> : Opened: https://fuat-meralco.cs73.force.com/customers/s/outagemap
2022-10-19 15:33:59,655 - INFO - <module> : Opened: https://fuat-meralco.cs73.force.com/customers/s/outagemap
2022-10-19 15:34:06,163 - INFO - <module> : Meralco would like to access your location to identify if your area is affected by an outage. exists
2022-10-19 15:34:06,163 - INFO - <module> : Meralco would like to access your location to identify if your area is affected by an outage. exists
2022-10-19 15:34:06,163 - INFO - <module> : Meralco would like to access your location to identify if your area is affected by an outage. exists
2022-10-19 15:34:06,163 - INFO - <module> : Meralco would like to access your location to identify if your area is affected by an outage. exists
2022-10-19 15:34:08,252 - INFO - <module> : Clicked
2022-10-19 15:34:08,252 - INFO - <module> : Clicked
2022-10-19 15:34:08,252 - INFO - <module> : Clicked
2022-10-19 15:34:08,252 - INFO - <module> : Clicked
2022-10-19 15:34:12,340 - INFO - <module> : Clicked
2022-10-19 15:34:12,340 - INFO - <module> : Clicked
2022-10-19 15:34:12,340 - INFO - <module> : Clicked
2022-10-19 15:34:12,340 - INFO - <module> : Clicked
2022-10-19 15:34:20,404 - INFO - <module> : Report an Outage or Incident exists
2022-10-19 15:34:20,404 - INFO - <module> : Report an Outage or Incident exists
2022-10-19 15:34:20,404 - INFO - <module> : Report an Outage or Incident exists
2022-10-19 15:34:20,404 - INFO - <module> : Report an Outage or Incident exists
2022-10-19 15:34:23,135 - INFO - <module> : Choose 'Streetlight Concern' from the 'What are you reporting?' option.
2022-10-19 15:34:23,135 - INFO - <module> : Choose 'Streetlight Concern' from the 'What are you reporting?' option.
2022-10-19 15:34:23,135 - INFO - <module> : Choose 'Streetlight Concern' from the 'What are you reporting?' option.
2022-10-19 15:34:23,135 - INFO - <module> : Choose 'Streetlight Concern' from the 'What are you reporting?' option.
2022-10-19 15:34:23,210 - INFO - <module> : Clicked
2022-10-19 15:34:23,210 - INFO - <module> : Clicked
2022-10-19 15:34:23,210 - INFO - <module> : Clicked
2022-10-19 15:34:23,210 - INFO - <module> : Clicked
2022-10-19 15:34:25,912 - INFO - <module> : Choose 'Yes' from the options.
2022-10-19 15:34:25,912 - INFO - <module> : Choose 'Yes' from the options.
2022-10-19 15:34:25,912 - INFO - <module> : Choose 'Yes' from the options.
2022-10-19 15:34:25,912 - INFO - <module> : Choose 'Yes' from the options.
2022-10-19 15:34:25,984 - INFO - <module> : Clicked
2022-10-19 15:34:25,984 - INFO - <module> : Clicked
2022-10-19 15:34:25,984 - INFO - <module> : Clicked
2022-10-19 15:34:25,984 - INFO - <module> : Clicked
2022-10-19 15:34:28,740 - INFO - <module> : Click the dropdown field for Q2.
2022-10-19 15:34:28,740 - INFO - <module> : Click the dropdown field for Q2.
2022-10-19 15:34:28,740 - INFO - <module> : Click the dropdown field for Q2.
2022-10-19 15:34:28,740 - INFO - <module> : Click the dropdown field for Q2.
2022-10-19 15:34:28,822 - INFO - <module> : Clicked
2022-10-19 15:34:28,822 - INFO - <module> : Clicked
2022-10-19 15:34:28,822 - INFO - <module> : Clicked
2022-10-19 15:34:28,822 - INFO - <module> : Clicked
2022-10-19 15:34:31,631 - INFO - <module> : Choose 'Streetlight is always on, even during daytime' from the option.
2022-10-19 15:34:31,631 - INFO - <module> : Choose 'Streetlight is always on, even during daytime' from the option.
2022-10-19 15:34:31,631 - INFO - <module> : Choose 'Streetlight is always on, even during daytime' from the option.
2022-10-19 15:34:31,631 - INFO - <module> : Choose 'Streetlight is always on, even during daytime' from the option.
2022-10-19 15:34:31,698 - INFO - <module> : Clicked
2022-10-19 15:34:31,698 - INFO - <module> : Clicked
2022-10-19 15:34:31,698 - INFO - <module> : Clicked
2022-10-19 15:34:31,698 - INFO - <module> : Clicked
2022-10-19 15:34:34,461 - INFO - <module> : Populate the following fields by selecting from one of the picklist values, as applicable:
- Province
- City/Municipality
- Barangay
- Subdivision
- Street
- House/Unit No./ Floor/ Building
2022-10-19 15:34:34,461 - INFO - <module> : Populate the following fields by selecting from one of the picklist values, as applicable:
- Province
- City/Municipality
- Barangay
- Subdivision
- Street
- House/Unit No./ Floor/ Building
2022-10-19 15:34:34,461 - INFO - <module> : Populate the following fields by selecting from one of the picklist values, as applicable:
- Province
- City/Municipality
- Barangay
- Subdivision
- Street
- House/Unit No./ Floor/ Building
2022-10-19 15:34:34,461 - INFO - <module> : Populate the following fields by selecting from one of the picklist values, as applicable:
- Province
- City/Municipality
- Barangay
- Subdivision
- Street
- House/Unit No./ Floor/ Building
2022-10-19 15:34:34,549 - INFO - <module> : Clicked
2022-10-19 15:34:34,549 - INFO - <module> : Clicked
2022-10-19 15:34:34,549 - INFO - <module> : Clicked
2022-10-19 15:34:34,549 - INFO - <module> : Clicked
2022-10-19 15:34:35,118 - INFO - <module> : Clicked
2022-10-19 15:34:35,118 - INFO - <module> : Clicked
2022-10-19 15:34:35,118 - INFO - <module> : Clicked
2022-10-19 15:34:35,118 - INFO - <module> : Clicked
2022-10-19 15:34:35,673 - INFO - <module> : Clicked
2022-10-19 15:34:35,673 - INFO - <module> : Clicked
2022-10-19 15:34:35,673 - INFO - <module> : Clicked
2022-10-19 15:34:35,673 - INFO - <module> : Clicked
2022-10-19 15:34:36,236 - INFO - <module> : Clicked
2022-10-19 15:34:36,236 - INFO - <module> : Clicked
2022-10-19 15:34:36,236 - INFO - <module> : Clicked
2022-10-19 15:34:36,236 - INFO - <module> : Clicked
2022-10-19 15:34:36,271 - INFO - <module> : Clicked
2022-10-19 15:34:36,271 - INFO - <module> : Clicked
2022-10-19 15:34:36,271 - INFO - <module> : Clicked
2022-10-19 15:34:36,271 - INFO - <module> : Clicked
2022-10-19 15:34:36,355 - INFO - <module> : input: 123
2022-10-19 15:34:36,355 - INFO - <module> : input: 123
2022-10-19 15:34:36,355 - INFO - <module> : input: 123
2022-10-19 15:34:36,355 - INFO - <module> : input: 123
2022-10-19 15:34:39,077 - INFO - <module> : Populate 'Pole Number' field.
Note: There should be no pending case associated to the encoded Pole Number.
2022-10-19 15:34:39,077 - INFO - <module> : Populate 'Pole Number' field.
Note: There should be no pending case associated to the encoded Pole Number.
2022-10-19 15:34:39,077 - INFO - <module> : Populate 'Pole Number' field.
Note: There should be no pending case associated to the encoded Pole Number.
2022-10-19 15:34:39,077 - INFO - <module> : Populate 'Pole Number' field.
Note: There should be no pending case associated to the encoded Pole Number.
2022-10-19 15:34:39,182 - INFO - <module> : input: 12
2022-10-19 15:34:39,182 - INFO - <module> : input: 12
2022-10-19 15:34:39,182 - INFO - <module> : input: 12
2022-10-19 15:34:39,182 - INFO - <module> : input: 12
2022-10-19 15:34:41,926 - INFO - <module> : Select the 'Landmarks/Directions' option and input values in the text box.
2022-10-19 15:34:41,926 - INFO - <module> : Select the 'Landmarks/Directions' option and input values in the text box.
2022-10-19 15:34:41,926 - INFO - <module> : Select the 'Landmarks/Directions' option and input values in the text box.
2022-10-19 15:34:41,926 - INFO - <module> : Select the 'Landmarks/Directions' option and input values in the text box.
2022-10-19 15:34:42,005 - INFO - <module> : Clicked
2022-10-19 15:34:42,005 - INFO - <module> : Clicked
2022-10-19 15:34:42,005 - INFO - <module> : Clicked
2022-10-19 15:34:42,005 - INFO - <module> : Clicked
2022-10-19 15:35:12,042 - ERROR - <module> : Cannot Locate: landmark_text
2022-10-19 15:35:12,042 - ERROR - <module> : Cannot Locate: landmark_text
2022-10-19 15:35:12,042 - ERROR - <module> : Cannot Locate: landmark_text
2022-10-19 15:35:12,042 - ERROR - <module> : Cannot Locate: landmark_text
2022-10-19 15:35:12,111 - INFO - setup : Close Browser
