2022-11-23 14:28:22,288 - INFO - setup : Browser Launched!
2022-11-23 14:28:36,203 - INFO - <module> : Opened: https://fuat-meralco.cs73.force.com/customers/s/cxe-apply
2022-11-23 14:28:36,203 - INFO - <module> : Opened: https://fuat-meralco.cs73.force.com/customers/s/cxe-apply
2022-11-23 14:28:36,203 - INFO - <module> : Opened: https://fuat-meralco.cs73.force.com/customers/s/cxe-apply
2022-11-23 14:28:36,482 - INFO - <module> : Service Application exists
2022-11-23 14:28:36,482 - INFO - <module> : Service Application exists
2022-11-23 14:28:36,482 - INFO - <module> : Service Application exists
2022-11-23 14:28:39,483 - INFO - <module> : Clicked
2022-11-23 14:28:39,483 - INFO - <module> : Clicked
2022-11-23 14:28:39,483 - INFO - <module> : Clicked
2022-11-23 14:28:39,538 - INFO - <module> : Start Service exists
2022-11-23 14:28:39,538 - INFO - <module> : Start Service exists
2022-11-23 14:28:39,538 - INFO - <module> : Start Service exists
2022-11-23 14:28:39,597 - INFO - <module> : Modify Service exists
2022-11-23 14:28:39,597 - INFO - <module> : Modify Service exists
2022-11-23 14:28:39,597 - INFO - <module> : Modify Service exists
2022-11-23 14:28:39,645 - INFO - <module> : Reactivate Service exists
2022-11-23 14:28:39,645 - INFO - <module> : Reactivate Service exists
2022-11-23 14:28:39,645 - INFO - <module> : Reactivate Service exists
2022-11-23 14:28:39,688 - INFO - <module> : Stop Service exists
2022-11-23 14:28:39,688 - INFO - <module> : Stop Service exists
2022-11-23 14:28:39,688 - INFO - <module> : Stop Service exists
2022-11-23 14:28:42,946 - INFO - <module> : Clicked
2022-11-23 14:28:42,946 - INFO - <module> : Clicked
2022-11-23 14:28:42,946 - INFO - <module> : Clicked
2022-11-23 14:28:43,002 - INFO - <module> : Stop Service exists
2022-11-23 14:28:43,002 - INFO - <module> : Stop Service exists
2022-11-23 14:28:43,002 - INFO - <module> : Stop Service exists
2022-11-23 14:28:45,893 - INFO - <module> :  exists
2022-11-23 14:28:45,893 - INFO - <module> :  exists
2022-11-23 14:28:45,893 - INFO - <module> :  exists
2022-11-23 14:28:49,154 - INFO - <module> : input: 1780945897
2022-11-23 14:28:49,154 - INFO - <module> : input: 1780945897
2022-11-23 14:28:49,154 - INFO - <module> : input: 1780945897
2022-11-23 14:28:52,271 - INFO - <module> : input: 502863370101
2022-11-23 14:28:52,271 - INFO - <module> : input: 502863370101
2022-11-23 14:28:52,271 - INFO - <module> : input: 502863370101
2022-11-23 14:28:55,482 - INFO - <module> : input: atFirstname
2022-11-23 14:28:55,482 - INFO - <module> : input: atFirstname
2022-11-23 14:28:55,482 - INFO - <module> : input: atFirstname
2022-11-23 14:28:55,580 - INFO - <module> : input: atLastname
2022-11-23 14:28:55,580 - INFO - <module> : input: atLastname
2022-11-23 14:28:55,580 - INFO - <module> : input: atLastname
2022-11-23 14:28:55,693 - INFO - <module> : input: automationteam@gmail.com
2022-11-23 14:28:55,693 - INFO - <module> : input: automationteam@gmail.com
2022-11-23 14:28:55,693 - INFO - <module> : input: automationteam@gmail.com
2022-11-23 14:28:55,804 - INFO - <module> : input: +639234567891
2022-11-23 14:28:55,804 - INFO - <module> : input: +639234567891
2022-11-23 14:28:55,804 - INFO - <module> : input: +639234567891
2022-11-23 14:28:58,071 - INFO - <module> : Clicked
2022-11-23 14:28:58,071 - INFO - <module> : Clicked
2022-11-23 14:28:58,071 - INFO - <module> : Clicked
2022-11-23 14:28:58,116 - INFO - <module> : TERMS AND CONDITIONS
(FOR THE ACCESS AND USE OF MERALCO WEBSITE, MERALCO ONLINE, MERALCO MOBILE APPLICATION AND SUBSCRIBERS TO MERALCO NOTIFICATIONS) exists
2022-11-23 14:28:58,116 - INFO - <module> : TERMS AND CONDITIONS
(FOR THE ACCESS AND USE OF MERALCO WEBSITE, MERALCO ONLINE, MERALCO MOBILE APPLICATION AND SUBSCRIBERS TO MERALCO NOTIFICATIONS) exists
2022-11-23 14:28:58,116 - INFO - <module> : TERMS AND CONDITIONS
(FOR THE ACCESS AND USE OF MERALCO WEBSITE, MERALCO ONLINE, MERALCO MOBILE APPLICATION AND SUBSCRIBERS TO MERALCO NOTIFICATIONS) exists
2022-11-23 14:29:00,864 - INFO - <module> : Clicked
2022-11-23 14:29:00,864 - INFO - <module> : Clicked
2022-11-23 14:29:00,864 - INFO - <module> : Clicked
2022-11-23 14:29:03,134 - INFO - <module> : TERMS AND CONDITIONS
(FOR THE ACCESS AND USE OF MERALCO WEBSITE, MERALCO ONLINE, MERALCO MOBILE APPLICATION AND SUBSCRIBERS TO MERALCO NOTIFICATIONS) exists
2022-11-23 14:29:03,134 - INFO - <module> : TERMS AND CONDITIONS
(FOR THE ACCESS AND USE OF MERALCO WEBSITE, MERALCO ONLINE, MERALCO MOBILE APPLICATION AND SUBSCRIBERS TO MERALCO NOTIFICATIONS) exists
2022-11-23 14:29:03,134 - INFO - <module> : TERMS AND CONDITIONS
(FOR THE ACCESS AND USE OF MERALCO WEBSITE, MERALCO ONLINE, MERALCO MOBILE APPLICATION AND SUBSCRIBERS TO MERALCO NOTIFICATIONS) exists
2022-11-23 14:29:07,121 - INFO - setup : Close Browser
