2022-10-13 15:06:06,300 - INFO - setup : Browser Launched!
2022-10-13 15:06:15,191 - INFO - <module> : Go to External Map 
2022-10-13 15:06:15,191 - INFO - <module> : Go to External Map 
2022-10-13 15:06:15,191 - INFO - <module> : Go to External Map 
2022-10-13 15:06:15,191 - INFO - <module> : Go to External Map 
2022-10-13 15:06:19,558 - INFO - <module> : Opened: https://fuat-meralco.cs73.force.com/customers/s/outagemap
2022-10-13 15:06:19,558 - INFO - <module> : Opened: https://fuat-meralco.cs73.force.com/customers/s/outagemap
2022-10-13 15:06:19,558 - INFO - <module> : Opened: https://fuat-meralco.cs73.force.com/customers/s/outagemap
2022-10-13 15:06:19,558 - INFO - <module> : Opened: https://fuat-meralco.cs73.force.com/customers/s/outagemap
2022-10-13 15:06:22,847 - INFO - <module> : Select weather information to be displayed
2022-10-13 15:06:22,847 - INFO - <module> : Select weather information to be displayed
2022-10-13 15:06:22,847 - INFO - <module> : Select weather information to be displayed
2022-10-13 15:06:22,847 - INFO - <module> : Select weather information to be displayed
2022-10-13 15:06:22,975 - INFO - <module> : Meralco would like to access your location to identify if your area is affected by an outage. exists
2022-10-13 15:06:22,975 - INFO - <module> : Meralco would like to access your location to identify if your area is affected by an outage. exists
2022-10-13 15:06:22,975 - INFO - <module> : Meralco would like to access your location to identify if your area is affected by an outage. exists
2022-10-13 15:06:22,975 - INFO - <module> : Meralco would like to access your location to identify if your area is affected by an outage. exists
2022-10-13 15:06:23,695 - INFO - <module> : Disagree clicked
2022-10-13 15:06:23,695 - INFO - <module> : Disagree clicked
2022-10-13 15:06:23,695 - INFO - <module> : Disagree clicked
2022-10-13 15:06:23,695 - INFO - <module> : Disagree clicked
2022-10-13 15:06:27,794 - INFO - <module> :  clicked
2022-10-13 15:06:27,794 - INFO - <module> :  clicked
2022-10-13 15:06:27,794 - INFO - <module> :  clicked
2022-10-13 15:06:27,794 - INFO - <module> :  clicked
2022-10-13 15:06:30,163 - INFO - <module> :  clicked
2022-10-13 15:06:30,163 - INFO - <module> :  clicked
2022-10-13 15:06:30,163 - INFO - <module> :  clicked
2022-10-13 15:06:30,163 - INFO - <module> :  clicked
2022-10-13 15:06:30,724 - INFO - <module> : close clicked
2022-10-13 15:06:30,724 - INFO - <module> : close clicked
2022-10-13 15:06:30,724 - INFO - <module> : close clicked
2022-10-13 15:06:30,724 - INFO - <module> : close clicked
2022-10-13 15:06:45,833 - INFO - <module> :  clicked
2022-10-13 15:06:45,833 - INFO - <module> :  clicked
2022-10-13 15:06:45,833 - INFO - <module> :  clicked
2022-10-13 15:06:45,833 - INFO - <module> :  clicked
2022-10-13 15:06:48,856 - INFO - <module> : Adjust outage map zoom level to greater than 8
2022-10-13 15:06:48,856 - INFO - <module> : Adjust outage map zoom level to greater than 8
2022-10-13 15:06:48,856 - INFO - <module> : Adjust outage map zoom level to greater than 8
2022-10-13 15:06:48,856 - INFO - <module> : Adjust outage map zoom level to greater than 8
2022-10-13 15:06:49,083 - INFO - <module> : add clicked
2022-10-13 15:06:49,083 - INFO - <module> : add clicked
2022-10-13 15:06:49,083 - INFO - <module> : add clicked
2022-10-13 15:06:49,083 - INFO - <module> : add clicked
2022-10-13 15:06:52,103 - INFO - <module> : Validate weather icons in Internal Map
2022-10-13 15:06:52,103 - INFO - <module> : Validate weather icons in Internal Map
2022-10-13 15:06:52,103 - INFO - <module> : Validate weather icons in Internal Map
2022-10-13 15:06:52,103 - INFO - <module> : Validate weather icons in Internal Map
2022-10-13 15:06:54,613 - INFO - setup : Close Browser
