2022-11-18 14:35:31,842 - INFO - setup : Browser Launched!
2022-11-18 14:35:41,192 - INFO - <module> : Go to lower right of Internal Map
2022-11-18 14:35:41,192 - INFO - <module> : Go to lower right of Internal Map
2022-11-18 14:35:41,192 - INFO - <module> : Go to lower right of Internal Map
2022-11-18 14:35:41,192 - INFO - <module> : Go to lower right of Internal Map
2022-11-18 14:35:42,376 - INFO - <module> : Opened: https://outage-api.meralco.com.ph/
2022-11-18 14:35:42,376 - INFO - <module> : Opened: https://outage-api.meralco.com.ph/
2022-11-18 14:35:42,376 - INFO - <module> : Opened: https://outage-api.meralco.com.ph/
2022-11-18 14:35:42,376 - INFO - <module> : Opened: https://outage-api.meralco.com.ph/
2022-11-18 14:35:44,129 - INFO - <module> : input: v-agsealmoy@meralco.com.ph
2022-11-18 14:35:44,129 - INFO - <module> : input: v-agsealmoy@meralco.com.ph
2022-11-18 14:35:44,129 - INFO - <module> : input: v-agsealmoy@meralco.com.ph
2022-11-18 14:35:44,129 - INFO - <module> : input: v-agsealmoy@meralco.com.ph
2022-11-18 14:35:44,250 - INFO - <module> : Clicked
2022-11-18 14:35:44,250 - INFO - <module> : Clicked
2022-11-18 14:35:44,250 - INFO - <module> : Clicked
2022-11-18 14:35:44,250 - INFO - <module> : Clicked
2022-11-18 14:35:45,410 - INFO - <module> : input: Meco@@##00018
2022-11-18 14:35:45,410 - INFO - <module> : input: Meco@@##00018
2022-11-18 14:35:45,410 - INFO - <module> : input: Meco@@##00018
2022-11-18 14:35:45,410 - INFO - <module> : input: Meco@@##00018
2022-11-18 14:35:45,884 - INFO - <module> : Clicked
2022-11-18 14:35:45,884 - INFO - <module> : Clicked
2022-11-18 14:35:45,884 - INFO - <module> : Clicked
2022-11-18 14:35:45,884 - INFO - <module> : Clicked
2022-11-18 14:35:46,543 - INFO - <module> : Clicked
2022-11-18 14:35:46,543 - INFO - <module> : Clicked
2022-11-18 14:35:46,543 - INFO - <module> : Clicked
2022-11-18 14:35:46,543 - INFO - <module> : Clicked
2022-11-18 14:36:15,114 - INFO - <module> : Clicked
2022-11-18 14:36:15,114 - INFO - <module> : Clicked
2022-11-18 14:36:15,114 - INFO - <module> : Clicked
2022-11-18 14:36:15,114 - INFO - <module> : Clicked
2022-11-18 14:36:50,024 - INFO - <module> : Go to lower right of Internal Map
2022-11-18 14:36:50,024 - INFO - <module> : Go to lower right of Internal Map
2022-11-18 14:36:50,024 - INFO - <module> : Go to lower right of Internal Map
2022-11-18 14:36:50,024 - INFO - <module> : Go to lower right of Internal Map
2022-11-18 14:36:54,642 - INFO - <module> : Click Street View icon
2022-11-18 14:36:54,642 - INFO - <module> : Click Street View icon
2022-11-18 14:36:54,642 - INFO - <module> : Click Street View icon
2022-11-18 14:36:54,642 - INFO - <module> : Click Street View icon
2022-11-18 14:36:55,699 - INFO - <module> : Clicked
2022-11-18 14:36:55,699 - INFO - <module> : Clicked
2022-11-18 14:36:55,699 - INFO - <module> : Clicked
2022-11-18 14:36:55,699 - INFO - <module> : Clicked
2022-11-18 14:37:05,001 - INFO - setup : Close Browser
