2022-10-17 09:37:28,287 - INFO - setup : Browser Launched!
2022-10-17 09:37:35,818 - INFO - <module> : Go to https://fuat-meralco.cs73.force.com/customers/s/outagemap
2022-10-17 09:37:35,818 - INFO - <module> : Go to https://fuat-meralco.cs73.force.com/customers/s/outagemap
2022-10-17 09:37:35,818 - INFO - <module> : Go to https://fuat-meralco.cs73.force.com/customers/s/outagemap
2022-10-17 09:37:35,818 - INFO - <module> : Go to https://fuat-meralco.cs73.force.com/customers/s/outagemap
2022-10-17 09:37:39,737 - INFO - <module> : Opened: https://fuat-meralco.cs73.force.com/customers/s/outagemap
2022-10-17 09:37:39,737 - INFO - <module> : Opened: https://fuat-meralco.cs73.force.com/customers/s/outagemap
2022-10-17 09:37:39,737 - INFO - <module> : Opened: https://fuat-meralco.cs73.force.com/customers/s/outagemap
2022-10-17 09:37:39,737 - INFO - <module> : Opened: https://fuat-meralco.cs73.force.com/customers/s/outagemap
2022-10-17 09:37:42,842 - INFO - <module> : Validate View Outages by
2022-10-17 09:37:42,842 - INFO - <module> : Validate View Outages by
2022-10-17 09:37:42,842 - INFO - <module> : Validate View Outages by
2022-10-17 09:37:42,842 - INFO - <module> : Validate View Outages by
2022-10-17 09:37:42,902 - INFO - <module> : Meralco would like to access your location to identify if your area is affected by an outage. exists
2022-10-17 09:37:42,902 - INFO - <module> : Meralco would like to access your location to identify if your area is affected by an outage. exists
2022-10-17 09:37:42,902 - INFO - <module> : Meralco would like to access your location to identify if your area is affected by an outage. exists
2022-10-17 09:37:42,902 - INFO - <module> : Meralco would like to access your location to identify if your area is affected by an outage. exists
2022-10-17 09:37:43,775 - INFO - <module> : Agree clicked
2022-10-17 09:37:43,775 - INFO - <module> : Agree clicked
2022-10-17 09:37:43,775 - INFO - <module> : Agree clicked
2022-10-17 09:37:43,775 - INFO - <module> : Agree clicked
2022-10-17 09:37:50,685 - INFO - <module> : Tick Other Address
2022-10-17 09:37:50,685 - INFO - <module> : Tick Other Address
2022-10-17 09:37:50,685 - INFO - <module> : Tick Other Address
2022-10-17 09:37:50,685 - INFO - <module> : Tick Other Address
2022-10-17 09:37:50,815 - INFO - <module> :  clicked
2022-10-17 09:37:50,815 - INFO - <module> :  clicked
2022-10-17 09:37:50,815 - INFO - <module> :  clicked
2022-10-17 09:37:50,815 - INFO - <module> :  clicked
2022-10-17 09:37:53,996 - INFO - <module> : Tick Anywhere on the map
2022-10-17 09:37:53,996 - INFO - <module> : Tick Anywhere on the map
2022-10-17 09:37:53,996 - INFO - <module> : Tick Anywhere on the map
2022-10-17 09:37:53,996 - INFO - <module> : Tick Anywhere on the map
2022-10-17 09:37:56,878 - INFO - setup : Close Browser
