2022-10-14 12:53:08,892 - INFO - setup : Browser Launched!
2022-10-14 12:53:20,389 - INFO - <module> : Go to https://fuat-meralco.cs73.force.com/customers/s/outagemap
2022-10-14 12:53:20,389 - INFO - <module> : Go to https://fuat-meralco.cs73.force.com/customers/s/outagemap
2022-10-14 12:53:20,389 - INFO - <module> : Go to https://fuat-meralco.cs73.force.com/customers/s/outagemap
2022-10-14 12:53:20,389 - INFO - <module> : Go to https://fuat-meralco.cs73.force.com/customers/s/outagemap
2022-10-14 12:53:22,622 - INFO - <module> : Opened: https://fuat-meralco.cs73.force.com/customers/s/outagemap
2022-10-14 12:53:22,622 - INFO - <module> : Opened: https://fuat-meralco.cs73.force.com/customers/s/outagemap
2022-10-14 12:53:22,622 - INFO - <module> : Opened: https://fuat-meralco.cs73.force.com/customers/s/outagemap
2022-10-14 12:53:22,622 - INFO - <module> : Opened: https://fuat-meralco.cs73.force.com/customers/s/outagemap
2022-10-14 12:53:28,100 - INFO - <module> : Disagree clicked
2022-10-14 12:53:28,100 - INFO - <module> : Disagree clicked
2022-10-14 12:53:28,100 - INFO - <module> : Disagree clicked
2022-10-14 12:53:28,100 - INFO - <module> : Disagree clicked
2022-10-14 12:53:35,087 - INFO - <module> : Click on Refresh button beside label Updated as of <date & time>
2022-10-14 12:53:35,087 - INFO - <module> : Click on Refresh button beside label Updated as of <date & time>
2022-10-14 12:53:35,087 - INFO - <module> : Click on Refresh button beside label Updated as of <date & time>
2022-10-14 12:53:35,087 - INFO - <module> : Click on Refresh button beside label Updated as of <date & time>
2022-10-14 12:53:35,247 - INFO - <module> : refresh clicked
2022-10-14 12:53:35,247 - INFO - <module> : refresh clicked
2022-10-14 12:53:35,247 - INFO - <module> : refresh clicked
2022-10-14 12:53:35,247 - INFO - <module> : refresh clicked
2022-10-14 12:53:42,523 - INFO - <module> : Login to Meralco Online
2022-10-14 12:53:42,523 - INFO - <module> : Login to Meralco Online
2022-10-14 12:53:42,523 - INFO - <module> : Login to Meralco Online
2022-10-14 12:53:42,523 - INFO - <module> : Login to Meralco Online
2022-10-14 12:53:43,794 - INFO - <module> : Opened: https://fuat-meralco.cs73.force.com/customers/s/splash
2022-10-14 12:53:43,794 - INFO - <module> : Opened: https://fuat-meralco.cs73.force.com/customers/s/splash
2022-10-14 12:53:43,794 - INFO - <module> : Opened: https://fuat-meralco.cs73.force.com/customers/s/splash
2022-10-14 12:53:43,794 - INFO - <module> : Opened: https://fuat-meralco.cs73.force.com/customers/s/splash
2022-10-14 12:53:44,059 - INFO - <module> : input: atmooutageaccount@yopmail.com
2022-10-14 12:53:44,059 - INFO - <module> : input: atmooutageaccount@yopmail.com
2022-10-14 12:53:44,059 - INFO - <module> : input: atmooutageaccount@yopmail.com
2022-10-14 12:53:44,059 - INFO - <module> : input: atmooutageaccount@yopmail.com
2022-10-14 12:53:44,145 - INFO - <module> : input: Meralco01
2022-10-14 12:53:44,145 - INFO - <module> : input: Meralco01
2022-10-14 12:53:44,145 - INFO - <module> : input: Meralco01
2022-10-14 12:53:44,145 - INFO - <module> : input: Meralco01
2022-10-14 12:53:44,231 - INFO - <module> : Log in clicked
2022-10-14 12:53:44,231 - INFO - <module> : Log in clicked
2022-10-14 12:53:44,231 - INFO - <module> : Log in clicked
2022-10-14 12:53:44,231 - INFO - <module> : Log in clicked
2022-10-14 12:53:50,386 - INFO - <module> : Hello, exists
2022-10-14 12:53:50,386 - INFO - <module> : Hello, exists
2022-10-14 12:53:50,386 - INFO - <module> : Hello, exists
2022-10-14 12:53:50,386 - INFO - <module> : Hello, exists
2022-10-14 12:53:50,411 - INFO - <module> : Hello, exists
2022-10-14 12:53:50,411 - INFO - <module> : Hello, exists
2022-10-14 12:53:50,411 - INFO - <module> : Hello, exists
2022-10-14 12:53:50,411 - INFO - <module> : Hello, exists
2022-10-14 12:53:53,347 - INFO - <module> : Go to Outages & Incidents > View/Report Outages
2022-10-14 12:53:53,347 - INFO - <module> : Go to Outages & Incidents > View/Report Outages
2022-10-14 12:53:53,347 - INFO - <module> : Go to Outages & Incidents > View/Report Outages
2022-10-14 12:53:53,347 - INFO - <module> : Go to Outages & Incidents > View/Report Outages
2022-10-14 12:53:53,489 - INFO - <module> : Outages & Incidents clicked
2022-10-14 12:53:53,489 - INFO - <module> : Outages & Incidents clicked
2022-10-14 12:53:53,489 - INFO - <module> : Outages & Incidents clicked
2022-10-14 12:53:53,489 - INFO - <module> : Outages & Incidents clicked
2022-10-14 12:53:53,542 - INFO - <module> :  clicked
2022-10-14 12:53:53,542 - INFO - <module> :  clicked
2022-10-14 12:53:53,542 - INFO - <module> :  clicked
2022-10-14 12:53:53,542 - INFO - <module> :  clicked
2022-10-14 12:54:02,790 - INFO - <module> : Okay clicked
2022-10-14 12:54:02,790 - INFO - <module> : Okay clicked
2022-10-14 12:54:02,790 - INFO - <module> : Okay clicked
2022-10-14 12:54:02,790 - INFO - <module> : Okay clicked
2022-10-14 12:54:05,752 - INFO - <module> : Click on Refresh button beside label Updated as of <date & time>
2022-10-14 12:54:05,752 - INFO - <module> : Click on Refresh button beside label Updated as of <date & time>
2022-10-14 12:54:05,752 - INFO - <module> : Click on Refresh button beside label Updated as of <date & time>
2022-10-14 12:54:05,752 - INFO - <module> : Click on Refresh button beside label Updated as of <date & time>
2022-10-14 12:54:05,945 - INFO - <module> : refresh clicked
2022-10-14 12:54:05,945 - INFO - <module> : refresh clicked
2022-10-14 12:54:05,945 - INFO - <module> : refresh clicked
2022-10-14 12:54:05,945 - INFO - <module> : refresh clicked
2022-10-14 12:54:12,351 - INFO - setup : Close Browser
