2023-01-11 10:59:44,177 - INFO - setup : Browser Launched!
2023-01-11 10:59:56,810 - INFO - <module> : Go to Outages & Incidents > Report Streetlight And Safety Concerns
2023-01-11 10:59:56,810 - INFO - <module> : Go to Outages & Incidents > Report Streetlight And Safety Concerns
2023-01-11 10:59:56,810 - INFO - <module> : Go to Outages & Incidents > Report Streetlight And Safety Concerns
2023-01-11 10:59:56,810 - INFO - <module> : Go to Outages & Incidents > Report Streetlight And Safety Concerns
2023-01-11 10:59:56,810 - INFO - <module> : Go to Outages & Incidents > Report Streetlight And Safety Concerns
2023-01-11 11:00:03,070 - INFO - <module> : Opened: https://fuat-meralco.cs73.force.com/customers/s/outagemap
2023-01-11 11:00:03,070 - INFO - <module> : Opened: https://fuat-meralco.cs73.force.com/customers/s/outagemap
2023-01-11 11:00:03,070 - INFO - <module> : Opened: https://fuat-meralco.cs73.force.com/customers/s/outagemap
2023-01-11 11:00:03,070 - INFO - <module> : Opened: https://fuat-meralco.cs73.force.com/customers/s/outagemap
2023-01-11 11:00:03,070 - INFO - <module> : Opened: https://fuat-meralco.cs73.force.com/customers/s/outagemap
2023-01-11 11:00:08,582 - INFO - <module> : Meralco would like to access your location to identify if your area is affected by an outage. exists
2023-01-11 11:00:08,582 - INFO - <module> : Meralco would like to access your location to identify if your area is affected by an outage. exists
2023-01-11 11:00:08,582 - INFO - <module> : Meralco would like to access your location to identify if your area is affected by an outage. exists
2023-01-11 11:00:08,582 - INFO - <module> : Meralco would like to access your location to identify if your area is affected by an outage. exists
2023-01-11 11:00:08,582 - INFO - <module> : Meralco would like to access your location to identify if your area is affected by an outage. exists
2023-01-11 11:00:10,677 - INFO - <module> : Clicked
2023-01-11 11:00:10,677 - INFO - <module> : Clicked
2023-01-11 11:00:10,677 - INFO - <module> : Clicked
2023-01-11 11:00:10,677 - INFO - <module> : Clicked
2023-01-11 11:00:10,677 - INFO - <module> : Clicked
2023-01-11 11:00:14,783 - INFO - <module> : Clicked
2023-01-11 11:00:14,783 - INFO - <module> : Clicked
2023-01-11 11:00:14,783 - INFO - <module> : Clicked
2023-01-11 11:00:14,783 - INFO - <module> : Clicked
2023-01-11 11:00:14,783 - INFO - <module> : Clicked
2023-01-11 11:00:23,182 - INFO - <module> : Report an Outage or Incident exists
2023-01-11 11:00:23,182 - INFO - <module> : Report an Outage or Incident exists
2023-01-11 11:00:23,182 - INFO - <module> : Report an Outage or Incident exists
2023-01-11 11:00:23,182 - INFO - <module> : Report an Outage or Incident exists
2023-01-11 11:00:23,182 - INFO - <module> : Report an Outage or Incident exists
2023-01-11 11:00:23,240 - INFO - <module> : Clicked
2023-01-11 11:00:23,240 - INFO - <module> : Clicked
2023-01-11 11:00:23,240 - INFO - <module> : Clicked
2023-01-11 11:00:23,240 - INFO - <module> : Clicked
2023-01-11 11:00:23,240 - INFO - <module> : Clicked
2023-01-11 11:00:23,815 - INFO - <module> : Clicked
2023-01-11 11:00:23,815 - INFO - <module> : Clicked
2023-01-11 11:00:23,815 - INFO - <module> : Clicked
2023-01-11 11:00:23,815 - INFO - <module> : Clicked
2023-01-11 11:00:23,815 - INFO - <module> : Clicked
2023-01-11 11:00:23,883 - INFO - <module> : Clicked
2023-01-11 11:00:23,883 - INFO - <module> : Clicked
2023-01-11 11:00:23,883 - INFO - <module> : Clicked
2023-01-11 11:00:23,883 - INFO - <module> : Clicked
2023-01-11 11:00:23,883 - INFO - <module> : Clicked
2023-01-11 11:00:26,796 - INFO - <module> : Populate required fields > click Submit
2023-01-11 11:00:26,796 - INFO - <module> : Populate required fields > click Submit
2023-01-11 11:00:26,796 - INFO - <module> : Populate required fields > click Submit
2023-01-11 11:00:26,796 - INFO - <module> : Populate required fields > click Submit
2023-01-11 11:00:26,796 - INFO - <module> : Populate required fields > click Submit
2023-01-11 11:00:26,867 - INFO - <module> : Clicked
2023-01-11 11:00:26,867 - INFO - <module> : Clicked
2023-01-11 11:00:26,867 - INFO - <module> : Clicked
2023-01-11 11:00:26,867 - INFO - <module> : Clicked
2023-01-11 11:00:26,867 - INFO - <module> : Clicked
2023-01-11 11:00:27,961 - INFO - <module> : Clicked
2023-01-11 11:00:27,961 - INFO - <module> : Clicked
2023-01-11 11:00:27,961 - INFO - <module> : Clicked
2023-01-11 11:00:27,961 - INFO - <module> : Clicked
2023-01-11 11:00:27,961 - INFO - <module> : Clicked
2023-01-11 11:00:28,532 - INFO - <module> : Clicked
2023-01-11 11:00:28,532 - INFO - <module> : Clicked
2023-01-11 11:00:28,532 - INFO - <module> : Clicked
2023-01-11 11:00:28,532 - INFO - <module> : Clicked
2023-01-11 11:00:28,532 - INFO - <module> : Clicked
2023-01-11 11:00:29,622 - INFO - <module> : Clicked
2023-01-11 11:00:29,622 - INFO - <module> : Clicked
2023-01-11 11:00:29,622 - INFO - <module> : Clicked
2023-01-11 11:00:29,622 - INFO - <module> : Clicked
2023-01-11 11:00:29,622 - INFO - <module> : Clicked
2023-01-11 11:00:30,698 - INFO - <module> : Clicked
2023-01-11 11:00:30,698 - INFO - <module> : Clicked
2023-01-11 11:00:30,698 - INFO - <module> : Clicked
2023-01-11 11:00:30,698 - INFO - <module> : Clicked
2023-01-11 11:00:30,698 - INFO - <module> : Clicked
2023-01-11 11:00:30,765 - INFO - <module> : input: 123
2023-01-11 11:00:30,765 - INFO - <module> : input: 123
2023-01-11 11:00:30,765 - INFO - <module> : input: 123
2023-01-11 11:00:30,765 - INFO - <module> : input: 123
2023-01-11 11:00:30,765 - INFO - <module> : input: 123
2023-01-11 11:00:30,822 - INFO - <module> : Clicked
2023-01-11 11:00:30,822 - INFO - <module> : Clicked
2023-01-11 11:00:30,822 - INFO - <module> : Clicked
2023-01-11 11:00:30,822 - INFO - <module> : Clicked
2023-01-11 11:00:30,822 - INFO - <module> : Clicked
2023-01-11 11:00:31,942 - INFO - setup : Close Browser
