2023-01-06 15:53:07,243 - INFO - setup : Browser Launched!
2023-01-06 15:53:39,019 - INFO - <module> : Opened: https://meralco--fuat.lightning.force.com/lightning/page/home
2023-01-06 15:53:39,019 - INFO - <module> : Opened: https://meralco--fuat.lightning.force.com/lightning/page/home
2023-01-06 15:53:39,019 - INFO - <module> : Opened: https://meralco--fuat.lightning.force.com/lightning/page/home
2023-01-06 15:53:39,019 - INFO - <module> : Opened: https://meralco--fuat.lightning.force.com/lightning/page/home
2023-01-06 15:53:41,448 - INFO - <module> : Clicked
2023-01-06 15:53:41,448 - INFO - <module> : Clicked
2023-01-06 15:53:41,448 - INFO - <module> : Clicked
2023-01-06 15:53:41,448 - INFO - <module> : Clicked
2023-01-06 15:53:46,670 - INFO - <module> : input: v-lvlgalvez@meralco.com.ph
2023-01-06 15:53:46,670 - INFO - <module> : input: v-lvlgalvez@meralco.com.ph
2023-01-06 15:53:46,670 - INFO - <module> : input: v-lvlgalvez@meralco.com.ph
2023-01-06 15:53:46,670 - INFO - <module> : input: v-lvlgalvez@meralco.com.ph
2023-01-06 15:53:47,125 - INFO - <module> : Clicked
2023-01-06 15:53:47,125 - INFO - <module> : Clicked
2023-01-06 15:53:47,125 - INFO - <module> : Clicked
2023-01-06 15:53:47,125 - INFO - <module> : Clicked
2023-01-06 15:53:48,655 - INFO - <module> : input: Mecopass@@!!123
2023-01-06 15:53:48,655 - INFO - <module> : input: Mecopass@@!!123
2023-01-06 15:53:48,655 - INFO - <module> : input: Mecopass@@!!123
2023-01-06 15:53:48,655 - INFO - <module> : input: Mecopass@@!!123
2023-01-06 15:53:49,664 - INFO - <module> : Clicked
2023-01-06 15:53:49,664 - INFO - <module> : Clicked
2023-01-06 15:53:49,664 - INFO - <module> : Clicked
2023-01-06 15:53:49,664 - INFO - <module> : Clicked
2023-01-06 15:53:51,120 - INFO - <module> : Clicked
2023-01-06 15:53:51,120 - INFO - <module> : Clicked
2023-01-06 15:53:51,120 - INFO - <module> : Clicked
2023-01-06 15:53:51,120 - INFO - <module> : Clicked
2023-01-06 15:54:52,283 - INFO - <module> : Clicked
2023-01-06 15:54:52,283 - INFO - <module> : Clicked
2023-01-06 15:54:52,283 - INFO - <module> : Clicked
2023-01-06 15:54:52,283 - INFO - <module> : Clicked
2023-01-06 15:54:59,255 - INFO - <module> : input: Search...22122252189
2023-01-06 15:54:59,255 - INFO - <module> : input: Search...22122252189
2023-01-06 15:54:59,255 - INFO - <module> : input: Search...22122252189
2023-01-06 15:54:59,255 - INFO - <module> : input: Search...22122252189
2023-01-06 15:54:59,310 - INFO - setup : Close Browser
