2022-12-21 15:30:14,314 - INFO - setup : Browser Launched!
2022-12-21 15:30:28,387 - INFO - <module> : Go to Meralco Mobile App > Login using account with expired password
2022-12-21 15:30:28,387 - INFO - <module> : Go to Meralco Mobile App > Login using account with expired password
2022-12-21 15:30:28,387 - INFO - <module> : Go to Meralco Mobile App > Login using account with expired password
2022-12-21 15:30:28,387 - INFO - <module> : Go to Meralco Mobile App > Login using account with expired password
2022-12-21 15:30:31,209 - INFO - <module> : Opened: https://fuat-meralco.cs73.force.com/customers/s/cxe-apply
2022-12-21 15:30:31,209 - INFO - <module> : Opened: https://fuat-meralco.cs73.force.com/customers/s/cxe-apply
2022-12-21 15:30:31,209 - INFO - <module> : Opened: https://fuat-meralco.cs73.force.com/customers/s/cxe-apply
2022-12-21 15:30:31,209 - INFO - <module> : Opened: https://fuat-meralco.cs73.force.com/customers/s/cxe-apply
2022-12-21 15:30:34,951 - INFO - <module> : Service Application exists
2022-12-21 15:30:34,951 - INFO - <module> : Service Application exists
2022-12-21 15:30:34,951 - INFO - <module> : Service Application exists
2022-12-21 15:30:34,951 - INFO - <module> : Service Application exists
2022-12-21 15:30:40,346 - INFO - <module> : Update Password
2022-12-21 15:30:40,346 - INFO - <module> : Update Password
2022-12-21 15:30:40,346 - INFO - <module> : Update Password
2022-12-21 15:30:40,346 - INFO - <module> : Update Password
2022-12-21 15:30:40,515 - INFO - <module> : Clicked
2022-12-21 15:30:40,515 - INFO - <module> : Clicked
2022-12-21 15:30:40,515 - INFO - <module> : Clicked
2022-12-21 15:30:40,515 - INFO - <module> : Clicked
2022-12-21 15:30:40,602 - INFO - <module> : Start Service exists
2022-12-21 15:30:40,602 - INFO - <module> : Start Service exists
2022-12-21 15:30:40,602 - INFO - <module> : Start Service exists
2022-12-21 15:30:40,602 - INFO - <module> : Start Service exists
2022-12-21 15:30:40,687 - INFO - <module> : Modify Service exists
2022-12-21 15:30:40,687 - INFO - <module> : Modify Service exists
2022-12-21 15:30:40,687 - INFO - <module> : Modify Service exists
2022-12-21 15:30:40,687 - INFO - <module> : Modify Service exists
2022-12-21 15:30:40,778 - INFO - <module> : Reactivate Service exists
2022-12-21 15:30:40,778 - INFO - <module> : Reactivate Service exists
2022-12-21 15:30:40,778 - INFO - <module> : Reactivate Service exists
2022-12-21 15:30:40,778 - INFO - <module> : Reactivate Service exists
2022-12-21 15:30:40,867 - INFO - <module> : Stop Service exists
2022-12-21 15:30:40,867 - INFO - <module> : Stop Service exists
2022-12-21 15:30:40,867 - INFO - <module> : Stop Service exists
2022-12-21 15:30:40,867 - INFO - <module> : Stop Service exists
2022-12-21 15:30:46,317 - INFO - <module> : Login using new password
2022-12-21 15:30:46,317 - INFO - <module> : Login using new password
2022-12-21 15:30:46,317 - INFO - <module> : Login using new password
2022-12-21 15:30:46,317 - INFO - <module> : Login using new password
2022-12-21 15:30:47,026 - INFO - <module> : Clicked
2022-12-21 15:30:47,026 - INFO - <module> : Clicked
2022-12-21 15:30:47,026 - INFO - <module> : Clicked
2022-12-21 15:30:47,026 - INFO - <module> : Clicked
2022-12-21 15:30:47,202 - INFO - <module> : Requests exists
2022-12-21 15:30:47,202 - INFO - <module> : Requests exists
2022-12-21 15:30:47,202 - INFO - <module> : Requests exists
2022-12-21 15:30:47,202 - INFO - <module> : Requests exists
2022-12-21 15:31:23,497 - INFO - setup : Close Browser
