2022-10-18 14:30:21,225 - INFO - setup : Browser Launched!
2022-10-18 14:30:33,229 - INFO - <module> : Go to https://fuat-meralco.cs73.force.com/customers/s/outagemap
2022-10-18 14:30:33,229 - INFO - <module> : Go to https://fuat-meralco.cs73.force.com/customers/s/outagemap
2022-10-18 14:30:33,229 - INFO - <module> : Go to https://fuat-meralco.cs73.force.com/customers/s/outagemap
2022-10-18 14:30:33,229 - INFO - <module> : Go to https://fuat-meralco.cs73.force.com/customers/s/outagemap
2022-10-18 14:30:35,581 - INFO - <module> : Opened: https://fuat-meralco.cs73.force.com/customers/s/outagemap
2022-10-18 14:30:35,581 - INFO - <module> : Opened: https://fuat-meralco.cs73.force.com/customers/s/outagemap
2022-10-18 14:30:35,581 - INFO - <module> : Opened: https://fuat-meralco.cs73.force.com/customers/s/outagemap
2022-10-18 14:30:35,581 - INFO - <module> : Opened: https://fuat-meralco.cs73.force.com/customers/s/outagemap
2022-10-18 14:30:42,659 - INFO - <module> : On the left side, hover on tooltip beside Other Address
2022-10-18 14:30:42,659 - INFO - <module> : On the left side, hover on tooltip beside Other Address
2022-10-18 14:30:42,659 - INFO - <module> : On the left side, hover on tooltip beside Other Address
2022-10-18 14:30:42,659 - INFO - <module> : On the left side, hover on tooltip beside Other Address
2022-10-18 14:30:45,854 - INFO - <module> : Meralco would like to access your location to identify if your area is affected by an outage. exists
2022-10-18 14:30:45,854 - INFO - <module> : Meralco would like to access your location to identify if your area is affected by an outage. exists
2022-10-18 14:30:45,854 - INFO - <module> : Meralco would like to access your location to identify if your area is affected by an outage. exists
2022-10-18 14:30:45,854 - INFO - <module> : Meralco would like to access your location to identify if your area is affected by an outage. exists
2022-10-18 14:30:46,026 - INFO - <module> : Clicked
2022-10-18 14:30:46,026 - INFO - <module> : Clicked
2022-10-18 14:30:46,026 - INFO - <module> : Clicked
2022-10-18 14:30:46,026 - INFO - <module> : Clicked
2022-10-18 14:30:53,324 - INFO - <module> : Clicked
2022-10-18 14:30:53,324 - INFO - <module> : Clicked
2022-10-18 14:30:53,324 - INFO - <module> : Clicked
2022-10-18 14:30:53,324 - INFO - <module> : Clicked
2022-10-18 14:31:02,029 - INFO - setup : Close Browser
