2023-01-06 14:48:40,069 - INFO - setup : Browser Launched!
2023-01-06 14:49:07,955 - INFO - <module> : Opened: https://meralco--fuat.lightning.force.com/lightning/page/home
2023-01-06 14:49:07,955 - INFO - <module> : Opened: https://meralco--fuat.lightning.force.com/lightning/page/home
2023-01-06 14:49:07,955 - INFO - <module> : Opened: https://meralco--fuat.lightning.force.com/lightning/page/home
2023-01-06 14:49:07,955 - INFO - <module> : Opened: https://meralco--fuat.lightning.force.com/lightning/page/home
2023-01-06 14:49:10,172 - INFO - <module> : Clicked
2023-01-06 14:49:10,172 - INFO - <module> : Clicked
2023-01-06 14:49:10,172 - INFO - <module> : Clicked
2023-01-06 14:49:10,172 - INFO - <module> : Clicked
2023-01-06 14:49:17,303 - INFO - <module> : input: v-lvlgalvez@meralco.com.ph
2023-01-06 14:49:17,303 - INFO - <module> : input: v-lvlgalvez@meralco.com.ph
2023-01-06 14:49:17,303 - INFO - <module> : input: v-lvlgalvez@meralco.com.ph
2023-01-06 14:49:17,303 - INFO - <module> : input: v-lvlgalvez@meralco.com.ph
2023-01-06 14:49:17,720 - INFO - <module> : Clicked
2023-01-06 14:49:17,720 - INFO - <module> : Clicked
2023-01-06 14:49:17,720 - INFO - <module> : Clicked
2023-01-06 14:49:17,720 - INFO - <module> : Clicked
2023-01-06 14:49:19,051 - INFO - <module> : input: Mecopass@@!!123
2023-01-06 14:49:19,051 - INFO - <module> : input: Mecopass@@!!123
2023-01-06 14:49:19,051 - INFO - <module> : input: Mecopass@@!!123
2023-01-06 14:49:19,051 - INFO - <module> : input: Mecopass@@!!123
2023-01-06 14:49:19,928 - INFO - <module> : Clicked
2023-01-06 14:49:19,928 - INFO - <module> : Clicked
2023-01-06 14:49:19,928 - INFO - <module> : Clicked
2023-01-06 14:49:19,928 - INFO - <module> : Clicked
2023-01-06 14:49:21,199 - INFO - <module> : Clicked
2023-01-06 14:49:21,199 - INFO - <module> : Clicked
2023-01-06 14:49:21,199 - INFO - <module> : Clicked
2023-01-06 14:49:21,199 - INFO - <module> : Clicked
2023-01-06 14:49:31,257 - INFO - setup : Close Browser
