2022-12-22 12:09:22,151 - INFO - setup : Browser Launched!
2022-12-22 12:09:57,006 - INFO - <module> : Login to Meralco Online
2022-12-22 12:09:57,006 - INFO - <module> : Login to Meralco Online
2022-12-22 12:09:57,006 - INFO - <module> : Login to Meralco Online
2022-12-22 12:09:57,006 - INFO - <module> : Login to Meralco Online
2022-12-22 12:10:00,231 - INFO - <module> : input: ATNewSAMObiz@yopmail.com
2022-12-22 12:10:00,231 - INFO - <module> : input: ATNewSAMObiz@yopmail.com
2022-12-22 12:10:00,231 - INFO - <module> : input: ATNewSAMObiz@yopmail.com
2022-12-22 12:10:00,231 - INFO - <module> : input: ATNewSAMObiz@yopmail.com
2022-12-22 12:10:00,584 - INFO - <module> : input: Meralco01
2022-12-22 12:10:00,584 - INFO - <module> : input: Meralco01
2022-12-22 12:10:00,584 - INFO - <module> : input: Meralco01
2022-12-22 12:10:00,584 - INFO - <module> : input: Meralco01
2022-12-22 12:10:01,567 - INFO - <module> : Clicked
2022-12-22 12:10:01,567 - INFO - <module> : Clicked
2022-12-22 12:10:01,567 - INFO - <module> : Clicked
2022-12-22 12:10:01,567 - INFO - <module> : Clicked
2022-12-22 12:10:08,371 - INFO - <module> : Hello, exists
2022-12-22 12:10:08,371 - INFO - <module> : Hello, exists
2022-12-22 12:10:08,371 - INFO - <module> : Hello, exists
2022-12-22 12:10:08,371 - INFO - <module> : Hello, exists
2022-12-22 12:10:21,251 - INFO - <module> : Go to Accounts> Manage Accounts
2022-12-22 12:10:21,251 - INFO - <module> : Go to Accounts> Manage Accounts
2022-12-22 12:10:21,251 - INFO - <module> : Go to Accounts> Manage Accounts
2022-12-22 12:10:21,251 - INFO - <module> : Go to Accounts> Manage Accounts
2022-12-22 12:10:21,377 - INFO - <module> : Accounts clicked
2022-12-22 12:10:21,377 - INFO - <module> : Accounts clicked
2022-12-22 12:10:21,377 - INFO - <module> : Accounts clicked
2022-12-22 12:10:21,377 - INFO - <module> : Accounts clicked
2022-12-22 12:10:21,556 - INFO - <module> :  clicked
2022-12-22 12:10:21,556 - INFO - <module> :  clicked
2022-12-22 12:10:21,556 - INFO - <module> :  clicked
2022-12-22 12:10:21,556 - INFO - <module> :  clicked
2022-12-22 12:10:29,564 - INFO - <module> : Search then Select Account > Click Reactivate Electric Service button
2022-12-22 12:10:29,564 - INFO - <module> : Search then Select Account > Click Reactivate Electric Service button
2022-12-22 12:10:29,564 - INFO - <module> : Search then Select Account > Click Reactivate Electric Service button
2022-12-22 12:10:29,564 - INFO - <module> : Search then Select Account > Click Reactivate Electric Service button
2022-12-22 12:10:29,817 - INFO - <module> : Clicked
2022-12-22 12:10:29,817 - INFO - <module> : Clicked
2022-12-22 12:10:29,817 - INFO - <module> : Clicked
2022-12-22 12:10:29,817 - INFO - <module> : Clicked
2022-12-22 12:10:38,052 - INFO - <module> : Clicked
2022-12-22 12:10:38,052 - INFO - <module> : Clicked
2022-12-22 12:10:38,052 - INFO - <module> : Clicked
2022-12-22 12:10:38,052 - INFO - <module> : Clicked
2022-12-22 12:10:48,676 - INFO - <module> : Populate the following:
SIN
First Name
Middle Name (Optional)
Last Name
Email Address
Mobile Number (optional)
Landline (optional)
Birthday (optional)
Representative indicator
Click Next
2022-12-22 12:10:48,676 - INFO - <module> : Populate the following:
SIN
First Name
Middle Name (Optional)
Last Name
Email Address
Mobile Number (optional)
Landline (optional)
Birthday (optional)
Representative indicator
Click Next
2022-12-22 12:10:48,676 - INFO - <module> : Populate the following:
SIN
First Name
Middle Name (Optional)
Last Name
Email Address
Mobile Number (optional)
Landline (optional)
Birthday (optional)
Representative indicator
Click Next
2022-12-22 12:10:48,676 - INFO - <module> : Populate the following:
SIN
First Name
Middle Name (Optional)
Last Name
Email Address
Mobile Number (optional)
Landline (optional)
Birthday (optional)
Representative indicator
Click Next
2022-12-22 12:10:49,577 - INFO - setup : Close Browser
