2022-10-18 12:39:19,387 - INFO - setup : Browser Launched!
2022-10-18 12:39:31,021 - INFO - <module> : Login to Meralco Online
2022-10-18 12:39:31,021 - INFO - <module> : Login to Meralco Online
2022-10-18 12:39:31,021 - INFO - <module> : Login to Meralco Online
2022-10-18 12:39:31,021 - INFO - <module> : Login to Meralco Online
2022-10-18 12:39:31,350 - INFO - <module> : input: atmooutageaccount@yopmail.com
2022-10-18 12:39:31,350 - INFO - <module> : input: atmooutageaccount@yopmail.com
2022-10-18 12:39:31,350 - INFO - <module> : input: atmooutageaccount@yopmail.com
2022-10-18 12:39:31,350 - INFO - <module> : input: atmooutageaccount@yopmail.com
2022-10-18 12:39:31,602 - INFO - <module> : input: Meralco01
2022-10-18 12:39:31,602 - INFO - <module> : input: Meralco01
2022-10-18 12:39:31,602 - INFO - <module> : input: Meralco01
2022-10-18 12:39:31,602 - INFO - <module> : input: Meralco01
2022-10-18 12:39:31,785 - INFO - <module> : Clicked
2022-10-18 12:39:31,785 - INFO - <module> : Clicked
2022-10-18 12:39:31,785 - INFO - <module> : Clicked
2022-10-18 12:39:31,785 - INFO - <module> : Clicked
2022-10-18 12:39:36,834 - INFO - <module> : Hello, exists
2022-10-18 12:39:36,834 - INFO - <module> : Hello, exists
2022-10-18 12:39:36,834 - INFO - <module> : Hello, exists
2022-10-18 12:39:36,834 - INFO - <module> : Hello, exists
2022-10-18 12:39:36,897 - INFO - <module> : Hello, exists
2022-10-18 12:39:36,897 - INFO - <module> : Hello, exists
2022-10-18 12:39:36,897 - INFO - <module> : Hello, exists
2022-10-18 12:39:36,897 - INFO - <module> : Hello, exists
2022-10-18 12:39:40,834 - INFO - <module> : Go to Outages & Incidents > View/Report Outages
2022-10-18 12:39:40,834 - INFO - <module> : Go to Outages & Incidents > View/Report Outages
2022-10-18 12:39:40,834 - INFO - <module> : Go to Outages & Incidents > View/Report Outages
2022-10-18 12:39:40,834 - INFO - <module> : Go to Outages & Incidents > View/Report Outages
2022-10-18 12:39:40,949 - INFO - <module> : Clicked
2022-10-18 12:39:40,949 - INFO - <module> : Clicked
2022-10-18 12:39:40,949 - INFO - <module> : Clicked
2022-10-18 12:39:40,949 - INFO - <module> : Clicked
2022-10-18 12:39:41,047 - INFO - <module> :  clicked
2022-10-18 12:39:41,047 - INFO - <module> :  clicked
2022-10-18 12:39:41,047 - INFO - <module> :  clicked
2022-10-18 12:39:41,047 - INFO - <module> :  clicked
2022-10-18 12:39:49,944 - INFO - <module> : Okay clicked
2022-10-18 12:39:49,944 - INFO - <module> : Okay clicked
2022-10-18 12:39:49,944 - INFO - <module> : Okay clicked
2022-10-18 12:39:49,944 - INFO - <module> : Okay clicked
2022-10-18 12:39:53,899 - INFO - <module> : Click on Map Views button > Select All under Outage Type
2022-10-18 12:39:53,899 - INFO - <module> : Click on Map Views button > Select All under Outage Type
2022-10-18 12:39:53,899 - INFO - <module> : Click on Map Views button > Select All under Outage Type
2022-10-18 12:39:53,899 - INFO - <module> : Click on Map Views button > Select All under Outage Type
2022-10-18 12:39:54,129 - INFO - <module> : Clicked
2022-10-18 12:39:54,129 - INFO - <module> : Clicked
2022-10-18 12:39:54,129 - INFO - <module> : Clicked
2022-10-18 12:39:54,129 - INFO - <module> : Clicked
2022-10-18 12:39:56,911 - INFO - <module> : Clicked
2022-10-18 12:39:56,911 - INFO - <module> : Clicked
2022-10-18 12:39:56,911 - INFO - <module> : Clicked
2022-10-18 12:39:56,911 - INFO - <module> : Clicked
2022-10-18 12:39:59,552 - INFO - <module> :  clicked
2022-10-18 12:39:59,552 - INFO - <module> :  clicked
2022-10-18 12:39:59,552 - INFO - <module> :  clicked
2022-10-18 12:39:59,552 - INFO - <module> :  clicked
2022-10-18 12:40:15,815 - INFO - <module> : Click on Map Views button > Select Unplanned under Outage Type
2022-10-18 12:40:15,815 - INFO - <module> : Click on Map Views button > Select Unplanned under Outage Type
2022-10-18 12:40:15,815 - INFO - <module> : Click on Map Views button > Select Unplanned under Outage Type
2022-10-18 12:40:15,815 - INFO - <module> : Click on Map Views button > Select Unplanned under Outage Type
2022-10-18 12:40:16,010 - INFO - <module> : Clicked
2022-10-18 12:40:16,010 - INFO - <module> : Clicked
2022-10-18 12:40:16,010 - INFO - <module> : Clicked
2022-10-18 12:40:16,010 - INFO - <module> : Clicked
2022-10-18 12:40:18,545 - INFO - setup : Close Browser
