2022-10-18 14:02:41,915 - INFO - setup : Browser Launched!
2022-10-18 14:03:02,954 - INFO - <module> : Go to https://fuat-meralco.cs73.force.com/customers/s/outagemap
2022-10-18 14:03:02,954 - INFO - <module> : Go to https://fuat-meralco.cs73.force.com/customers/s/outagemap
2022-10-18 14:03:02,954 - INFO - <module> : Go to https://fuat-meralco.cs73.force.com/customers/s/outagemap
2022-10-18 14:03:02,954 - INFO - <module> : Go to https://fuat-meralco.cs73.force.com/customers/s/outagemap
2022-10-18 14:03:09,133 - INFO - <module> : Opened: https://fuat-meralco.cs73.force.com/customers/s/outagemap
2022-10-18 14:03:09,133 - INFO - <module> : Opened: https://fuat-meralco.cs73.force.com/customers/s/outagemap
2022-10-18 14:03:09,133 - INFO - <module> : Opened: https://fuat-meralco.cs73.force.com/customers/s/outagemap
2022-10-18 14:03:09,133 - INFO - <module> : Opened: https://fuat-meralco.cs73.force.com/customers/s/outagemap
2022-10-18 14:03:16,414 - INFO - <module> : On the left side, hover on tooltip beside Other Address
2022-10-18 14:03:16,414 - INFO - <module> : On the left side, hover on tooltip beside Other Address
2022-10-18 14:03:16,414 - INFO - <module> : On the left side, hover on tooltip beside Other Address
2022-10-18 14:03:16,414 - INFO - <module> : On the left side, hover on tooltip beside Other Address
2022-10-18 14:03:19,714 - INFO - <module> : Meralco would like to access your location to identify if your area is affected by an outage. exists
2022-10-18 14:03:19,714 - INFO - <module> : Meralco would like to access your location to identify if your area is affected by an outage. exists
2022-10-18 14:03:19,714 - INFO - <module> : Meralco would like to access your location to identify if your area is affected by an outage. exists
2022-10-18 14:03:19,714 - INFO - <module> : Meralco would like to access your location to identify if your area is affected by an outage. exists
2022-10-18 14:03:20,109 - INFO - <module> : Clicked
2022-10-18 14:03:20,109 - INFO - <module> : Clicked
2022-10-18 14:03:20,109 - INFO - <module> : Clicked
2022-10-18 14:03:20,109 - INFO - <module> : Clicked
2022-10-18 14:03:35,435 - INFO - setup : Close Browser
