2022-10-26 15:31:30,067 - INFO - setup : Browser Launched!
2022-10-26 15:31:48,902 - INFO - <module> : Click on burger menu > Search Locations > Select Service ID No. > Search SIN
2022-10-26 15:31:48,902 - INFO - <module> : Click on burger menu > Search Locations > Select Service ID No. > Search SIN
2022-10-26 15:31:48,902 - INFO - <module> : Click on burger menu > Search Locations > Select Service ID No. > Search SIN
2022-10-26 15:31:48,902 - INFO - <module> : Click on burger menu > Search Locations > Select Service ID No. > Search SIN
2022-10-26 15:31:50,133 - INFO - <module> : Opened: https://outage-api.meralco.com.ph/
2022-10-26 15:31:50,133 - INFO - <module> : Opened: https://outage-api.meralco.com.ph/
2022-10-26 15:31:50,133 - INFO - <module> : Opened: https://outage-api.meralco.com.ph/
2022-10-26 15:31:50,133 - INFO - <module> : Opened: https://outage-api.meralco.com.ph/
2022-10-26 15:31:51,535 - INFO - <module> : input: v-lvlgalvez@meralco.com.ph
2022-10-26 15:31:51,535 - INFO - <module> : input: v-lvlgalvez@meralco.com.ph
2022-10-26 15:31:51,535 - INFO - <module> : input: v-lvlgalvez@meralco.com.ph
2022-10-26 15:31:51,535 - INFO - <module> : input: v-lvlgalvez@meralco.com.ph
2022-10-26 15:31:51,623 - INFO - <module> : Clicked
2022-10-26 15:31:51,623 - INFO - <module> : Clicked
2022-10-26 15:31:51,623 - INFO - <module> : Clicked
2022-10-26 15:31:51,623 - INFO - <module> : Clicked
2022-10-26 15:31:52,788 - INFO - <module> : input: Mecopass@@!!129
2022-10-26 15:31:52,788 - INFO - <module> : input: Mecopass@@!!129
2022-10-26 15:31:52,788 - INFO - <module> : input: Mecopass@@!!129
2022-10-26 15:31:52,788 - INFO - <module> : input: Mecopass@@!!129
2022-10-26 15:31:53,337 - INFO - <module> : Clicked
2022-10-26 15:31:53,337 - INFO - <module> : Clicked
2022-10-26 15:31:53,337 - INFO - <module> : Clicked
2022-10-26 15:31:53,337 - INFO - <module> : Clicked
2022-10-26 15:31:53,987 - INFO - <module> : Clicked
2022-10-26 15:31:53,987 - INFO - <module> : Clicked
2022-10-26 15:31:53,987 - INFO - <module> : Clicked
2022-10-26 15:31:53,987 - INFO - <module> : Clicked
2022-10-26 15:32:27,774 - INFO - <module> : Clicked
2022-10-26 15:32:27,774 - INFO - <module> : Clicked
2022-10-26 15:32:27,774 - INFO - <module> : Clicked
2022-10-26 15:32:27,774 - INFO - <module> : Clicked
2022-10-26 15:32:31,903 - INFO - <module> :  clicked
2022-10-26 15:32:31,903 - INFO - <module> :  clicked
2022-10-26 15:32:31,903 - INFO - <module> :  clicked
2022-10-26 15:32:31,903 - INFO - <module> :  clicked
2022-10-26 15:32:32,021 - INFO - <module> : Search Locations clicked
2022-10-26 15:32:32,021 - INFO - <module> : Search Locations clicked
2022-10-26 15:32:32,021 - INFO - <module> : Search Locations clicked
2022-10-26 15:32:32,021 - INFO - <module> : Search Locations clicked
2022-10-26 15:32:32,104 - INFO - <module> : Service ID No.
arrow_drop_down clicked
2022-10-26 15:32:32,104 - INFO - <module> : Service ID No.
arrow_drop_down clicked
2022-10-26 15:32:32,104 - INFO - <module> : Service ID No.
arrow_drop_down clicked
2022-10-26 15:32:32,104 - INFO - <module> : Service ID No.
arrow_drop_down clicked
2022-10-26 15:32:32,168 - INFO - <module> : Service ID No. clicked
2022-10-26 15:32:32,168 - INFO - <module> : Service ID No. clicked
2022-10-26 15:32:32,168 - INFO - <module> : Service ID No. clicked
2022-10-26 15:32:32,168 - INFO - <module> : Service ID No. clicked
2022-10-26 15:32:32,464 - INFO - setup : Close Browser
