2022-11-18 16:10:20,997 - INFO - setup : Browser Launched!
2022-11-18 16:10:32,027 - INFO - <module> : Opened: https://outage-api.meralco.com.ph/
2022-11-18 16:10:32,027 - INFO - <module> : Opened: https://outage-api.meralco.com.ph/
2022-11-18 16:10:32,027 - INFO - <module> : Opened: https://outage-api.meralco.com.ph/
2022-11-18 16:10:32,027 - INFO - <module> : Opened: https://outage-api.meralco.com.ph/
2022-11-18 16:10:34,845 - INFO - <module> : input: v-agsealmoy@meralco.com.ph
2022-11-18 16:10:34,845 - INFO - <module> : input: v-agsealmoy@meralco.com.ph
2022-11-18 16:10:34,845 - INFO - <module> : input: v-agsealmoy@meralco.com.ph
2022-11-18 16:10:34,845 - INFO - <module> : input: v-agsealmoy@meralco.com.ph
2022-11-18 16:10:34,900 - INFO - <module> : Clicked
2022-11-18 16:10:34,900 - INFO - <module> : Clicked
2022-11-18 16:10:34,900 - INFO - <module> : Clicked
2022-11-18 16:10:34,900 - INFO - <module> : Clicked
2022-11-18 16:10:36,538 - INFO - <module> : input: Meco@@##00018
2022-11-18 16:10:36,538 - INFO - <module> : input: Meco@@##00018
2022-11-18 16:10:36,538 - INFO - <module> : input: Meco@@##00018
2022-11-18 16:10:36,538 - INFO - <module> : input: Meco@@##00018
2022-11-18 16:10:37,017 - INFO - <module> : Clicked
2022-11-18 16:10:37,017 - INFO - <module> : Clicked
2022-11-18 16:10:37,017 - INFO - <module> : Clicked
2022-11-18 16:10:37,017 - INFO - <module> : Clicked
2022-11-18 16:10:37,635 - INFO - <module> : Clicked
2022-11-18 16:10:37,635 - INFO - <module> : Clicked
2022-11-18 16:10:37,635 - INFO - <module> : Clicked
2022-11-18 16:10:37,635 - INFO - <module> : Clicked
2022-11-18 16:11:07,149 - INFO - <module> : Clicked
2022-11-18 16:11:07,149 - INFO - <module> : Clicked
2022-11-18 16:11:07,149 - INFO - <module> : Clicked
2022-11-18 16:11:07,149 - INFO - <module> : Clicked
2022-11-18 16:11:25,152 - INFO - <module> : Hover over Refresh data button
2022-11-18 16:11:25,152 - INFO - <module> : Hover over Refresh data button
2022-11-18 16:11:25,152 - INFO - <module> : Hover over Refresh data button
2022-11-18 16:11:25,152 - INFO - <module> : Hover over Refresh data button
2022-11-18 16:11:37,661 - INFO - setup : Close Browser
