2023-01-03 16:12:18,031 - INFO - setup : Browser Launched!
2023-01-03 16:12:49,372 - INFO - <module> : Opened: https://fuat-meralco.cs73.force.com/customers/s/cxe-apply
2023-01-03 16:12:49,372 - INFO - <module> : Opened: https://fuat-meralco.cs73.force.com/customers/s/cxe-apply
2023-01-03 16:12:49,372 - INFO - <module> : Opened: https://fuat-meralco.cs73.force.com/customers/s/cxe-apply
2023-01-03 16:12:49,372 - INFO - <module> : Opened: https://fuat-meralco.cs73.force.com/customers/s/cxe-apply
2023-01-03 16:12:55,605 - INFO - <module> : Service Application exists
2023-01-03 16:12:55,605 - INFO - <module> : Service Application exists
2023-01-03 16:12:55,605 - INFO - <module> : Service Application exists
2023-01-03 16:12:55,605 - INFO - <module> : Service Application exists
2023-01-03 16:12:58,956 - INFO - <module> : Clicked
2023-01-03 16:12:58,956 - INFO - <module> : Clicked
2023-01-03 16:12:58,956 - INFO - <module> : Clicked
2023-01-03 16:12:58,956 - INFO - <module> : Clicked
2023-01-03 16:13:02,260 - INFO - <module> : Clicked
2023-01-03 16:13:02,260 - INFO - <module> : Clicked
2023-01-03 16:13:02,260 - INFO - <module> : Clicked
2023-01-03 16:13:02,260 - INFO - <module> : Clicked
2023-01-03 16:13:11,100 - INFO - <module> : Clicked
2023-01-03 16:13:11,100 - INFO - <module> : Clicked
2023-01-03 16:13:11,100 - INFO - <module> : Clicked
2023-01-03 16:13:11,100 - INFO - <module> : Clicked
2023-01-03 16:13:16,223 - INFO - setup : Close Browser
