2023-01-12 15:09:38,037 - INFO - setup : Browser Launched!
2023-01-12 15:10:10,815 - INFO - <module> : Clicked
2023-01-12 15:10:10,815 - INFO - <module> : Clicked
2023-01-12 15:10:10,815 - INFO - <module> : Clicked
2023-01-12 15:10:10,815 - INFO - <module> : Clicked
2023-01-12 15:10:28,600 - INFO - <module> : input: arcebido.earljohn@gmail.com
2023-01-12 15:10:28,600 - INFO - <module> : input: arcebido.earljohn@gmail.com
2023-01-12 15:10:28,600 - INFO - <module> : input: arcebido.earljohn@gmail.com
2023-01-12 15:10:28,600 - INFO - <module> : input: arcebido.earljohn@gmail.com
2023-01-12 15:10:29,463 - INFO - <module> : Clicked
2023-01-12 15:10:29,463 - INFO - <module> : Clicked
2023-01-12 15:10:29,463 - INFO - <module> : Clicked
2023-01-12 15:10:29,463 - INFO - <module> : Clicked
2023-01-12 15:10:31,096 - INFO - <module> : input: Eja09202903164!
2023-01-12 15:10:31,096 - INFO - <module> : input: Eja09202903164!
2023-01-12 15:10:31,096 - INFO - <module> : input: Eja09202903164!
2023-01-12 15:10:31,096 - INFO - <module> : input: Eja09202903164!
2023-01-12 15:10:31,211 - INFO - <module> : Clicked
2023-01-12 15:10:31,211 - INFO - <module> : Clicked
2023-01-12 15:10:31,211 - INFO - <module> : Clicked
2023-01-12 15:10:31,211 - INFO - <module> : Clicked
2023-01-12 15:10:50,596 - INFO - setup : Close Browser
