2022-10-26 10:33:20,628 - INFO - setup : Browser Launched!
2022-10-26 10:33:30,961 - INFO - <module> : Log in to Internal Map using this link:
https://outage-api.meralco.com.ph/
2022-10-26 10:33:30,961 - INFO - <module> : Log in to Internal Map using this link:
https://outage-api.meralco.com.ph/
2022-10-26 10:33:30,961 - INFO - <module> : Log in to Internal Map using this link:
https://outage-api.meralco.com.ph/
2022-10-26 10:33:30,961 - INFO - <module> : Log in to Internal Map using this link:
https://outage-api.meralco.com.ph/
2022-10-26 10:33:32,983 - INFO - <module> : Opened: https://outage-api.meralco.com.ph/
2022-10-26 10:33:32,983 - INFO - <module> : Opened: https://outage-api.meralco.com.ph/
2022-10-26 10:33:32,983 - INFO - <module> : Opened: https://outage-api.meralco.com.ph/
2022-10-26 10:33:32,983 - INFO - <module> : Opened: https://outage-api.meralco.com.ph/
2022-10-26 10:33:35,761 - INFO - <module> : input: v-lvlgalvez@meralco.com.ph
2022-10-26 10:33:35,761 - INFO - <module> : input: v-lvlgalvez@meralco.com.ph
2022-10-26 10:33:35,761 - INFO - <module> : input: v-lvlgalvez@meralco.com.ph
2022-10-26 10:33:35,761 - INFO - <module> : input: v-lvlgalvez@meralco.com.ph
2022-10-26 10:33:35,820 - INFO - <module> : Clicked
2022-10-26 10:33:35,820 - INFO - <module> : Clicked
2022-10-26 10:33:35,820 - INFO - <module> : Clicked
2022-10-26 10:33:35,820 - INFO - <module> : Clicked
2022-10-26 10:33:37,408 - INFO - <module> : input: Mecopass@@!!129
2022-10-26 10:33:37,408 - INFO - <module> : input: Mecopass@@!!129
2022-10-26 10:33:37,408 - INFO - <module> : input: Mecopass@@!!129
2022-10-26 10:33:37,408 - INFO - <module> : input: Mecopass@@!!129
2022-10-26 10:33:37,922 - INFO - <module> : Clicked
2022-10-26 10:33:37,922 - INFO - <module> : Clicked
2022-10-26 10:33:37,922 - INFO - <module> : Clicked
2022-10-26 10:33:37,922 - INFO - <module> : Clicked
2022-10-26 10:33:38,528 - INFO - <module> : Clicked
2022-10-26 10:33:38,528 - INFO - <module> : Clicked
2022-10-26 10:33:38,528 - INFO - <module> : Clicked
2022-10-26 10:33:38,528 - INFO - <module> : Clicked
2022-10-26 10:34:08,749 - INFO - <module> : Clicked
2022-10-26 10:34:08,749 - INFO - <module> : Clicked
2022-10-26 10:34:08,749 - INFO - <module> : Clicked
2022-10-26 10:34:08,749 - INFO - <module> : Clicked
2022-10-26 10:34:13,518 - INFO - <module> : Clicked
2022-10-26 10:34:13,518 - INFO - <module> : Clicked
2022-10-26 10:34:13,518 - INFO - <module> : Clicked
2022-10-26 10:34:13,518 - INFO - <module> : Clicked
2022-10-26 10:34:15,943 - INFO - setup : Close Browser
