2022-10-26 16:05:36,481 - INFO - setup : Browser Launched!
2022-10-26 16:05:45,549 - INFO - <module> : Click on burger menu > Search Locations > Select Service ID No. > Search SIN
2022-10-26 16:05:45,549 - INFO - <module> : Click on burger menu > Search Locations > Select Service ID No. > Search SIN
2022-10-26 16:05:45,549 - INFO - <module> : Click on burger menu > Search Locations > Select Service ID No. > Search SIN
2022-10-26 16:05:45,549 - INFO - <module> : Click on burger menu > Search Locations > Select Service ID No. > Search SIN
2022-10-26 16:05:47,885 - INFO - <module> : Opened: https://outage-api.meralco.com.ph/
2022-10-26 16:05:47,885 - INFO - <module> : Opened: https://outage-api.meralco.com.ph/
2022-10-26 16:05:47,885 - INFO - <module> : Opened: https://outage-api.meralco.com.ph/
2022-10-26 16:05:47,885 - INFO - <module> : Opened: https://outage-api.meralco.com.ph/
2022-10-26 16:05:48,650 - INFO - <module> : input: v-lvlgalvez@meralco.com.ph
2022-10-26 16:05:48,650 - INFO - <module> : input: v-lvlgalvez@meralco.com.ph
2022-10-26 16:05:48,650 - INFO - <module> : input: v-lvlgalvez@meralco.com.ph
2022-10-26 16:05:48,650 - INFO - <module> : input: v-lvlgalvez@meralco.com.ph
2022-10-26 16:05:48,745 - INFO - <module> : Clicked
2022-10-26 16:05:48,745 - INFO - <module> : Clicked
2022-10-26 16:05:48,745 - INFO - <module> : Clicked
2022-10-26 16:05:48,745 - INFO - <module> : Clicked
2022-10-26 16:05:49,883 - INFO - <module> : input: Mecopass@@!!129
2022-10-26 16:05:49,883 - INFO - <module> : input: Mecopass@@!!129
2022-10-26 16:05:49,883 - INFO - <module> : input: Mecopass@@!!129
2022-10-26 16:05:49,883 - INFO - <module> : input: Mecopass@@!!129
2022-10-26 16:05:50,481 - INFO - <module> : Clicked
2022-10-26 16:05:50,481 - INFO - <module> : Clicked
2022-10-26 16:05:50,481 - INFO - <module> : Clicked
2022-10-26 16:05:50,481 - INFO - <module> : Clicked
2022-10-26 16:05:51,115 - INFO - <module> : Clicked
2022-10-26 16:05:51,115 - INFO - <module> : Clicked
2022-10-26 16:05:51,115 - INFO - <module> : Clicked
2022-10-26 16:05:51,115 - INFO - <module> : Clicked
2022-10-26 16:06:19,395 - INFO - <module> : Clicked
2022-10-26 16:06:19,395 - INFO - <module> : Clicked
2022-10-26 16:06:19,395 - INFO - <module> : Clicked
2022-10-26 16:06:19,395 - INFO - <module> : Clicked
2022-10-26 16:06:23,485 - INFO - <module> :  clicked
2022-10-26 16:06:23,485 - INFO - <module> :  clicked
2022-10-26 16:06:23,485 - INFO - <module> :  clicked
2022-10-26 16:06:23,485 - INFO - <module> :  clicked
2022-10-26 16:06:23,569 - INFO - <module> : Search Locations clicked
2022-10-26 16:06:23,569 - INFO - <module> : Search Locations clicked
2022-10-26 16:06:23,569 - INFO - <module> : Search Locations clicked
2022-10-26 16:06:23,569 - INFO - <module> : Search Locations clicked
2022-10-26 16:06:23,638 - INFO - <module> : Service ID No.
arrow_drop_down clicked
2022-10-26 16:06:23,638 - INFO - <module> : Service ID No.
arrow_drop_down clicked
2022-10-26 16:06:23,638 - INFO - <module> : Service ID No.
arrow_drop_down clicked
2022-10-26 16:06:23,638 - INFO - <module> : Service ID No.
arrow_drop_down clicked
2022-10-26 16:06:23,714 - INFO - <module> : Service ID No. clicked
2022-10-26 16:06:23,714 - INFO - <module> : Service ID No. clicked
2022-10-26 16:06:23,714 - INFO - <module> : Service ID No. clicked
2022-10-26 16:06:23,714 - INFO - <module> : Service ID No. clicked
2022-10-26 16:06:23,864 - INFO - <module> : input: 200102850101
2022-10-26 16:06:23,864 - INFO - <module> : input: 200102850101
2022-10-26 16:06:23,864 - INFO - <module> : input: 200102850101
2022-10-26 16:06:23,864 - INFO - <module> : input: 200102850101
2022-10-26 16:06:23,916 - INFO - <module> : Enter: 
2022-10-26 16:06:23,916 - INFO - <module> : Enter: 
2022-10-26 16:06:23,916 - INFO - <module> : Enter: 
2022-10-26 16:06:23,916 - INFO - <module> : Enter: 
2022-10-26 16:06:27,043 - INFO - <module> :  clicked
2022-10-26 16:06:27,043 - INFO - <module> :  clicked
2022-10-26 16:06:27,043 - INFO - <module> :  clicked
2022-10-26 16:06:27,043 - INFO - <module> :  clicked
2022-10-26 16:06:27,148 - INFO - <module> : input: 200102850101
2022-10-26 16:06:27,148 - INFO - <module> : input: 200102850101
2022-10-26 16:06:27,148 - INFO - <module> : input: 200102850101
2022-10-26 16:06:27,148 - INFO - <module> : input: 200102850101
2022-10-26 16:06:36,663 - INFO - setup : Close Browser
