2023-01-03 15:03:36,975 - INFO - setup : Browser Launched!
2023-01-03 15:04:06,710 - INFO - <module> : input: EarlMO@yopmail.com
2023-01-03 15:04:06,710 - INFO - <module> : input: EarlMO@yopmail.com
2023-01-03 15:04:06,710 - INFO - <module> : input: EarlMO@yopmail.com
2023-01-03 15:04:06,710 - INFO - <module> : input: EarlMO@yopmail.com
2023-01-03 15:04:06,899 - INFO - <module> : input: Meralco01
2023-01-03 15:04:06,899 - INFO - <module> : input: Meralco01
2023-01-03 15:04:06,899 - INFO - <module> : input: Meralco01
2023-01-03 15:04:06,899 - INFO - <module> : input: Meralco01
2023-01-03 15:04:07,981 - INFO - <module> : Clicked
2023-01-03 15:04:07,981 - INFO - <module> : Clicked
2023-01-03 15:04:07,981 - INFO - <module> : Clicked
2023-01-03 15:04:07,981 - INFO - <module> : Clicked
2023-01-03 15:04:13,313 - INFO - <module> : Hello, exists
2023-01-03 15:04:13,313 - INFO - <module> : Hello, exists
2023-01-03 15:04:13,313 - INFO - <module> : Hello, exists
2023-01-03 15:04:13,313 - INFO - <module> : Hello, exists
2023-01-03 15:04:30,367 - INFO - <module> : Clicked
2023-01-03 15:04:30,367 - INFO - <module> : Clicked
2023-01-03 15:04:30,367 - INFO - <module> : Clicked
2023-01-03 15:04:30,367 - INFO - <module> : Clicked
2023-01-03 15:04:33,029 - INFO - setup : Close Browser
