2022-10-17 09:50:06,787 - INFO - setup : Browser Launched!
2022-10-17 09:50:17,683 - INFO - <module> : Go to https://fuat-meralco.cs73.force.com/customers/s/outagemap
2022-10-17 09:50:17,683 - INFO - <module> : Go to https://fuat-meralco.cs73.force.com/customers/s/outagemap
2022-10-17 09:50:17,683 - INFO - <module> : Go to https://fuat-meralco.cs73.force.com/customers/s/outagemap
2022-10-17 09:50:17,683 - INFO - <module> : Go to https://fuat-meralco.cs73.force.com/customers/s/outagemap
2022-10-17 09:50:22,701 - INFO - <module> : Opened: https://fuat-meralco.cs73.force.com/customers/s/outagemap
2022-10-17 09:50:22,701 - INFO - <module> : Opened: https://fuat-meralco.cs73.force.com/customers/s/outagemap
2022-10-17 09:50:22,701 - INFO - <module> : Opened: https://fuat-meralco.cs73.force.com/customers/s/outagemap
2022-10-17 09:50:22,701 - INFO - <module> : Opened: https://fuat-meralco.cs73.force.com/customers/s/outagemap
2022-10-17 09:50:25,882 - INFO - <module> : Validate View Outages by
2022-10-17 09:50:25,882 - INFO - <module> : Validate View Outages by
2022-10-17 09:50:25,882 - INFO - <module> : Validate View Outages by
2022-10-17 09:50:25,882 - INFO - <module> : Validate View Outages by
2022-10-17 09:50:25,978 - INFO - <module> : Meralco would like to access your location to identify if your area is affected by an outage. exists
2022-10-17 09:50:25,978 - INFO - <module> : Meralco would like to access your location to identify if your area is affected by an outage. exists
2022-10-17 09:50:25,978 - INFO - <module> : Meralco would like to access your location to identify if your area is affected by an outage. exists
2022-10-17 09:50:25,978 - INFO - <module> : Meralco would like to access your location to identify if your area is affected by an outage. exists
2022-10-17 09:50:26,074 - INFO - <module> : Agree clicked
2022-10-17 09:50:26,074 - INFO - <module> : Agree clicked
2022-10-17 09:50:26,074 - INFO - <module> : Agree clicked
2022-10-17 09:50:26,074 - INFO - <module> : Agree clicked
2022-10-17 09:50:33,520 - INFO - <module> : Tick Other Address
2022-10-17 09:50:33,520 - INFO - <module> : Tick Other Address
2022-10-17 09:50:33,520 - INFO - <module> : Tick Other Address
2022-10-17 09:50:33,520 - INFO - <module> : Tick Other Address
2022-10-17 09:50:37,209 - INFO - <module> : Tick Anywhere on the map
2022-10-17 09:50:37,209 - INFO - <module> : Tick Anywhere on the map
2022-10-17 09:50:37,209 - INFO - <module> : Tick Anywhere on the map
2022-10-17 09:50:37,209 - INFO - <module> : Tick Anywhere on the map
2022-10-17 09:50:40,019 - INFO - setup : Close Browser
