2023-01-11 09:52:55,524 - INFO - setup : Browser Launched!
2023-01-11 09:53:08,384 - INFO - <module> : Go to Outages & Incidents > Report Streetlight And Safety Concerns
2023-01-11 09:53:08,384 - INFO - <module> : Go to Outages & Incidents > Report Streetlight And Safety Concerns
2023-01-11 09:53:08,384 - INFO - <module> : Go to Outages & Incidents > Report Streetlight And Safety Concerns
2023-01-11 09:53:08,384 - INFO - <module> : Go to Outages & Incidents > Report Streetlight And Safety Concerns
2023-01-11 09:53:08,384 - INFO - <module> : Go to Outages & Incidents > Report Streetlight And Safety Concerns
2023-01-11 09:53:14,833 - INFO - <module> : Opened: https://fuat-meralco.cs73.force.com/customers/s/outagemap
2023-01-11 09:53:14,833 - INFO - <module> : Opened: https://fuat-meralco.cs73.force.com/customers/s/outagemap
2023-01-11 09:53:14,833 - INFO - <module> : Opened: https://fuat-meralco.cs73.force.com/customers/s/outagemap
2023-01-11 09:53:14,833 - INFO - <module> : Opened: https://fuat-meralco.cs73.force.com/customers/s/outagemap
2023-01-11 09:53:14,833 - INFO - <module> : Opened: https://fuat-meralco.cs73.force.com/customers/s/outagemap
2023-01-11 09:53:17,796 - INFO - <module> : Meralco would like to access your location to identify if your area is affected by an outage. exists
2023-01-11 09:53:17,796 - INFO - <module> : Meralco would like to access your location to identify if your area is affected by an outage. exists
2023-01-11 09:53:17,796 - INFO - <module> : Meralco would like to access your location to identify if your area is affected by an outage. exists
2023-01-11 09:53:17,796 - INFO - <module> : Meralco would like to access your location to identify if your area is affected by an outage. exists
2023-01-11 09:53:17,796 - INFO - <module> : Meralco would like to access your location to identify if your area is affected by an outage. exists
2023-01-11 09:53:19,906 - INFO - <module> : Clicked
2023-01-11 09:53:19,906 - INFO - <module> : Clicked
2023-01-11 09:53:19,906 - INFO - <module> : Clicked
2023-01-11 09:53:19,906 - INFO - <module> : Clicked
2023-01-11 09:53:19,906 - INFO - <module> : Clicked
2023-01-11 09:53:24,020 - INFO - <module> : Clicked
2023-01-11 09:53:24,020 - INFO - <module> : Clicked
2023-01-11 09:53:24,020 - INFO - <module> : Clicked
2023-01-11 09:53:24,020 - INFO - <module> : Clicked
2023-01-11 09:53:24,020 - INFO - <module> : Clicked
2023-01-11 09:53:33,668 - INFO - <module> : Report an Outage or Incident exists
2023-01-11 09:53:33,668 - INFO - <module> : Report an Outage or Incident exists
2023-01-11 09:53:33,668 - INFO - <module> : Report an Outage or Incident exists
2023-01-11 09:53:33,668 - INFO - <module> : Report an Outage or Incident exists
2023-01-11 09:53:33,668 - INFO - <module> : Report an Outage or Incident exists
2023-01-11 09:53:33,729 - INFO - <module> : Clicked
2023-01-11 09:53:33,729 - INFO - <module> : Clicked
2023-01-11 09:53:33,729 - INFO - <module> : Clicked
2023-01-11 09:53:33,729 - INFO - <module> : Clicked
2023-01-11 09:53:33,729 - INFO - <module> : Clicked
2023-01-11 09:53:34,310 - INFO - <module> : Clicked
2023-01-11 09:53:34,310 - INFO - <module> : Clicked
2023-01-11 09:53:34,310 - INFO - <module> : Clicked
2023-01-11 09:53:34,310 - INFO - <module> : Clicked
2023-01-11 09:53:34,310 - INFO - <module> : Clicked
2023-01-11 09:53:37,315 - INFO - <module> : Populate required fields > click Submit
2023-01-11 09:53:37,315 - INFO - <module> : Populate required fields > click Submit
2023-01-11 09:53:37,315 - INFO - <module> : Populate required fields > click Submit
2023-01-11 09:53:37,315 - INFO - <module> : Populate required fields > click Submit
2023-01-11 09:53:37,315 - INFO - <module> : Populate required fields > click Submit
2023-01-11 09:54:00,615 - INFO - <module> : Clicked
2023-01-11 09:54:00,615 - INFO - <module> : Clicked
2023-01-11 09:54:00,615 - INFO - <module> : Clicked
2023-01-11 09:54:00,615 - INFO - <module> : Clicked
2023-01-11 09:54:00,615 - INFO - <module> : Clicked
2023-01-11 09:54:13,163 - INFO - <module> : Clicked
2023-01-11 09:54:13,163 - INFO - <module> : Clicked
2023-01-11 09:54:13,163 - INFO - <module> : Clicked
2023-01-11 09:54:13,163 - INFO - <module> : Clicked
2023-01-11 09:54:13,163 - INFO - <module> : Clicked
2023-01-11 09:54:14,306 - INFO - <module> : Clicked
2023-01-11 09:54:14,306 - INFO - <module> : Clicked
2023-01-11 09:54:14,306 - INFO - <module> : Clicked
2023-01-11 09:54:14,306 - INFO - <module> : Clicked
2023-01-11 09:54:14,306 - INFO - <module> : Clicked
2023-01-11 09:54:14,891 - INFO - <module> : Clicked
2023-01-11 09:54:14,891 - INFO - <module> : Clicked
2023-01-11 09:54:14,891 - INFO - <module> : Clicked
2023-01-11 09:54:14,891 - INFO - <module> : Clicked
2023-01-11 09:54:14,891 - INFO - <module> : Clicked
2023-01-11 09:54:16,029 - INFO - <module> : Clicked
2023-01-11 09:54:16,029 - INFO - <module> : Clicked
2023-01-11 09:54:16,029 - INFO - <module> : Clicked
2023-01-11 09:54:16,029 - INFO - <module> : Clicked
2023-01-11 09:54:16,029 - INFO - <module> : Clicked
2023-01-11 09:54:16,134 - INFO - <module> : input: 123
2023-01-11 09:54:16,134 - INFO - <module> : input: 123
2023-01-11 09:54:16,134 - INFO - <module> : input: 123
2023-01-11 09:54:16,134 - INFO - <module> : input: 123
2023-01-11 09:54:16,134 - INFO - <module> : input: 123
2023-01-11 09:54:16,224 - INFO - <module> : Clicked
2023-01-11 09:54:16,224 - INFO - <module> : Clicked
2023-01-11 09:54:16,224 - INFO - <module> : Clicked
2023-01-11 09:54:16,224 - INFO - <module> : Clicked
2023-01-11 09:54:16,224 - INFO - <module> : Clicked
2023-01-11 09:54:17,539 - INFO - setup : Close Browser
