2023-01-04 14:42:17,427 - INFO - setup : Browser Launched!
2023-01-04 14:42:26,243 - INFO - <module> : Go tohttps://fuat-meralco.cs73.force.com/customers/s/cxe-apply
2023-01-04 14:42:26,243 - INFO - <module> : Go tohttps://fuat-meralco.cs73.force.com/customers/s/cxe-apply
2023-01-04 14:42:26,243 - INFO - <module> : Go tohttps://fuat-meralco.cs73.force.com/customers/s/cxe-apply
2023-01-04 14:42:26,243 - INFO - <module> : Go tohttps://fuat-meralco.cs73.force.com/customers/s/cxe-apply
2023-01-04 14:42:27,476 - INFO - <module> : Opened: https://fuat-meralco.cs73.force.com/customers/s/cxe-apply
2023-01-04 14:42:27,476 - INFO - <module> : Opened: https://fuat-meralco.cs73.force.com/customers/s/cxe-apply
2023-01-04 14:42:27,476 - INFO - <module> : Opened: https://fuat-meralco.cs73.force.com/customers/s/cxe-apply
2023-01-04 14:42:27,476 - INFO - <module> : Opened: https://fuat-meralco.cs73.force.com/customers/s/cxe-apply
2023-01-04 14:42:27,808 - INFO - <module> : Service Application exists
2023-01-04 14:42:27,808 - INFO - <module> : Service Application exists
2023-01-04 14:42:27,808 - INFO - <module> : Service Application exists
2023-01-04 14:42:27,808 - INFO - <module> : Service Application exists
2023-01-04 14:42:31,052 - INFO - <module> : Click on Business
2023-01-04 14:42:31,052 - INFO - <module> : Click on Business
2023-01-04 14:42:31,052 - INFO - <module> : Click on Business
2023-01-04 14:42:31,052 - INFO - <module> : Click on Business
2023-01-04 14:42:31,128 - INFO - <module> : Clicked
2023-01-04 14:42:31,128 - INFO - <module> : Clicked
2023-01-04 14:42:31,128 - INFO - <module> : Clicked
2023-01-04 14:42:31,128 - INFO - <module> : Clicked
2023-01-04 14:42:31,185 - INFO - <module> : Start Service exists
2023-01-04 14:42:31,185 - INFO - <module> : Start Service exists
2023-01-04 14:42:31,185 - INFO - <module> : Start Service exists
2023-01-04 14:42:31,185 - INFO - <module> : Start Service exists
2023-01-04 14:42:31,237 - INFO - <module> : Modify Service exists
2023-01-04 14:42:31,237 - INFO - <module> : Modify Service exists
2023-01-04 14:42:31,237 - INFO - <module> : Modify Service exists
2023-01-04 14:42:31,237 - INFO - <module> : Modify Service exists
2023-01-04 14:42:31,284 - INFO - <module> : Reactivate Service exists
2023-01-04 14:42:31,284 - INFO - <module> : Reactivate Service exists
2023-01-04 14:42:31,284 - INFO - <module> : Reactivate Service exists
2023-01-04 14:42:31,284 - INFO - <module> : Reactivate Service exists
2023-01-04 14:42:31,328 - INFO - <module> : Stop Service exists
2023-01-04 14:42:31,328 - INFO - <module> : Stop Service exists
2023-01-04 14:42:31,328 - INFO - <module> : Stop Service exists
2023-01-04 14:42:31,328 - INFO - <module> : Stop Service exists
2023-01-04 14:42:34,149 - INFO - setup : Close Browser
