2023-01-10 14:35:17,241 - INFO - setup : Browser Launched!
2023-01-10 14:35:28,988 - INFO - <module> : Go to Outages & Incidents > Report Streetlight And Safety Concerns
2023-01-10 14:35:28,988 - INFO - <module> : Go to Outages & Incidents > Report Streetlight And Safety Concerns
2023-01-10 14:35:28,988 - INFO - <module> : Go to Outages & Incidents > Report Streetlight And Safety Concerns
2023-01-10 14:35:28,988 - INFO - <module> : Go to Outages & Incidents > Report Streetlight And Safety Concerns
2023-01-10 14:35:28,988 - INFO - <module> : Go to Outages & Incidents > Report Streetlight And Safety Concerns
2023-01-10 14:35:32,865 - INFO - <module> : Opened: https://fuat-meralco.cs73.force.com/customers/s/outagemap
2023-01-10 14:35:32,865 - INFO - <module> : Opened: https://fuat-meralco.cs73.force.com/customers/s/outagemap
2023-01-10 14:35:32,865 - INFO - <module> : Opened: https://fuat-meralco.cs73.force.com/customers/s/outagemap
2023-01-10 14:35:32,865 - INFO - <module> : Opened: https://fuat-meralco.cs73.force.com/customers/s/outagemap
2023-01-10 14:35:32,865 - INFO - <module> : Opened: https://fuat-meralco.cs73.force.com/customers/s/outagemap
2023-01-10 14:35:45,219 - INFO - <module> : Meralco would like to access your location to identify if your area is affected by an outage. exists
2023-01-10 14:35:45,219 - INFO - <module> : Meralco would like to access your location to identify if your area is affected by an outage. exists
2023-01-10 14:35:45,219 - INFO - <module> : Meralco would like to access your location to identify if your area is affected by an outage. exists
2023-01-10 14:35:45,219 - INFO - <module> : Meralco would like to access your location to identify if your area is affected by an outage. exists
2023-01-10 14:35:45,219 - INFO - <module> : Meralco would like to access your location to identify if your area is affected by an outage. exists
2023-01-10 14:35:47,328 - INFO - <module> : Clicked
2023-01-10 14:35:47,328 - INFO - <module> : Clicked
2023-01-10 14:35:47,328 - INFO - <module> : Clicked
2023-01-10 14:35:47,328 - INFO - <module> : Clicked
2023-01-10 14:35:47,328 - INFO - <module> : Clicked
2023-01-10 14:35:51,446 - INFO - <module> : Clicked
2023-01-10 14:35:51,446 - INFO - <module> : Clicked
2023-01-10 14:35:51,446 - INFO - <module> : Clicked
2023-01-10 14:35:51,446 - INFO - <module> : Clicked
2023-01-10 14:35:51,446 - INFO - <module> : Clicked
2023-01-10 14:36:02,358 - INFO - <module> : Report an Outage or Incident exists
2023-01-10 14:36:02,358 - INFO - <module> : Report an Outage or Incident exists
2023-01-10 14:36:02,358 - INFO - <module> : Report an Outage or Incident exists
2023-01-10 14:36:02,358 - INFO - <module> : Report an Outage or Incident exists
2023-01-10 14:36:02,358 - INFO - <module> : Report an Outage or Incident exists
2023-01-10 14:36:02,441 - INFO - <module> : Clicked
2023-01-10 14:36:02,441 - INFO - <module> : Clicked
2023-01-10 14:36:02,441 - INFO - <module> : Clicked
2023-01-10 14:36:02,441 - INFO - <module> : Clicked
2023-01-10 14:36:02,441 - INFO - <module> : Clicked
2023-01-10 14:36:05,436 - INFO - <module> : Populate required fields > click Submit
2023-01-10 14:36:05,436 - INFO - <module> : Populate required fields > click Submit
2023-01-10 14:36:05,436 - INFO - <module> : Populate required fields > click Submit
2023-01-10 14:36:05,436 - INFO - <module> : Populate required fields > click Submit
2023-01-10 14:36:05,436 - INFO - <module> : Populate required fields > click Submit
2023-01-10 14:36:05,502 - INFO - <module> : Clicked
2023-01-10 14:36:05,502 - INFO - <module> : Clicked
2023-01-10 14:36:05,502 - INFO - <module> : Clicked
2023-01-10 14:36:05,502 - INFO - <module> : Clicked
2023-01-10 14:36:05,502 - INFO - <module> : Clicked
2023-01-10 14:36:35,683 - ERROR - <module> : Cannot Locate: province_metro_manila
2023-01-10 14:36:35,683 - ERROR - <module> : Cannot Locate: province_metro_manila
2023-01-10 14:36:35,683 - ERROR - <module> : Cannot Locate: province_metro_manila
2023-01-10 14:36:35,683 - ERROR - <module> : Cannot Locate: province_metro_manila
2023-01-10 14:36:35,683 - ERROR - <module> : Cannot Locate: province_metro_manila
2023-01-10 14:36:35,715 - INFO - setup : Close Browser
