2023-01-10 14:32:31,275 - INFO - setup : Browser Launched!
2023-01-10 14:32:43,237 - INFO - <module> : Go to Outages & Incidents > Report Streetlight And Safety Concerns
2023-01-10 14:32:43,237 - INFO - <module> : Go to Outages & Incidents > Report Streetlight And Safety Concerns
2023-01-10 14:32:43,237 - INFO - <module> : Go to Outages & Incidents > Report Streetlight And Safety Concerns
2023-01-10 14:32:43,237 - INFO - <module> : Go to Outages & Incidents > Report Streetlight And Safety Concerns
2023-01-10 14:32:43,237 - INFO - <module> : Go to Outages & Incidents > Report Streetlight And Safety Concerns
2023-01-10 14:32:45,639 - INFO - <module> : Opened: https://fuat-meralco.cs73.force.com/customers/s/outagemap
2023-01-10 14:32:45,639 - INFO - <module> : Opened: https://fuat-meralco.cs73.force.com/customers/s/outagemap
2023-01-10 14:32:45,639 - INFO - <module> : Opened: https://fuat-meralco.cs73.force.com/customers/s/outagemap
2023-01-10 14:32:45,639 - INFO - <module> : Opened: https://fuat-meralco.cs73.force.com/customers/s/outagemap
2023-01-10 14:32:45,639 - INFO - <module> : Opened: https://fuat-meralco.cs73.force.com/customers/s/outagemap
2023-01-10 14:32:53,590 - INFO - <module> : Meralco would like to access your location to identify if your area is affected by an outage. exists
2023-01-10 14:32:53,590 - INFO - <module> : Meralco would like to access your location to identify if your area is affected by an outage. exists
2023-01-10 14:32:53,590 - INFO - <module> : Meralco would like to access your location to identify if your area is affected by an outage. exists
2023-01-10 14:32:53,590 - INFO - <module> : Meralco would like to access your location to identify if your area is affected by an outage. exists
2023-01-10 14:32:53,590 - INFO - <module> : Meralco would like to access your location to identify if your area is affected by an outage. exists
2023-01-10 14:32:55,700 - INFO - <module> : Clicked
2023-01-10 14:32:55,700 - INFO - <module> : Clicked
2023-01-10 14:32:55,700 - INFO - <module> : Clicked
2023-01-10 14:32:55,700 - INFO - <module> : Clicked
2023-01-10 14:32:55,700 - INFO - <module> : Clicked
2023-01-10 14:32:59,796 - INFO - <module> : Clicked
2023-01-10 14:32:59,796 - INFO - <module> : Clicked
2023-01-10 14:32:59,796 - INFO - <module> : Clicked
2023-01-10 14:32:59,796 - INFO - <module> : Clicked
2023-01-10 14:32:59,796 - INFO - <module> : Clicked
2023-01-10 14:33:09,024 - INFO - <module> : Report an Outage or Incident exists
2023-01-10 14:33:09,024 - INFO - <module> : Report an Outage or Incident exists
2023-01-10 14:33:09,024 - INFO - <module> : Report an Outage or Incident exists
2023-01-10 14:33:09,024 - INFO - <module> : Report an Outage or Incident exists
2023-01-10 14:33:09,024 - INFO - <module> : Report an Outage or Incident exists
2023-01-10 14:33:09,120 - INFO - <module> : Clicked
2023-01-10 14:33:09,120 - INFO - <module> : Clicked
2023-01-10 14:33:09,120 - INFO - <module> : Clicked
2023-01-10 14:33:09,120 - INFO - <module> : Clicked
2023-01-10 14:33:09,120 - INFO - <module> : Clicked
2023-01-10 14:33:12,053 - INFO - <module> : Populate required fields > click Submit
2023-01-10 14:33:12,053 - INFO - <module> : Populate required fields > click Submit
2023-01-10 14:33:12,053 - INFO - <module> : Populate required fields > click Submit
2023-01-10 14:33:12,053 - INFO - <module> : Populate required fields > click Submit
2023-01-10 14:33:12,053 - INFO - <module> : Populate required fields > click Submit
2023-01-10 14:33:12,121 - INFO - <module> : Clicked
2023-01-10 14:33:12,121 - INFO - <module> : Clicked
2023-01-10 14:33:12,121 - INFO - <module> : Clicked
2023-01-10 14:33:12,121 - INFO - <module> : Clicked
2023-01-10 14:33:12,121 - INFO - <module> : Clicked
2023-01-10 14:33:42,856 - ERROR - <module> : Cannot Locate: province_metro_manila
2023-01-10 14:33:42,856 - ERROR - <module> : Cannot Locate: province_metro_manila
2023-01-10 14:33:42,856 - ERROR - <module> : Cannot Locate: province_metro_manila
2023-01-10 14:33:42,856 - ERROR - <module> : Cannot Locate: province_metro_manila
2023-01-10 14:33:42,856 - ERROR - <module> : Cannot Locate: province_metro_manila
2023-01-10 14:33:42,893 - INFO - setup : Close Browser
