2022-10-18 10:51:23,438 - INFO - setup : Browser Launched!
2022-10-18 10:51:30,736 - INFO - <module> : Go to https://fuat-meralco.cs73.force.com/customers/s/outagemap
2022-10-18 10:51:30,736 - INFO - <module> : Go to https://fuat-meralco.cs73.force.com/customers/s/outagemap
2022-10-18 10:51:30,736 - INFO - <module> : Go to https://fuat-meralco.cs73.force.com/customers/s/outagemap
2022-10-18 10:51:30,736 - INFO - <module> : Go to https://fuat-meralco.cs73.force.com/customers/s/outagemap
2022-10-18 10:51:35,029 - INFO - <module> : Opened: https://fuat-meralco.cs73.force.com/customers/s/outagemap
2022-10-18 10:51:35,029 - INFO - <module> : Opened: https://fuat-meralco.cs73.force.com/customers/s/outagemap
2022-10-18 10:51:35,029 - INFO - <module> : Opened: https://fuat-meralco.cs73.force.com/customers/s/outagemap
2022-10-18 10:51:35,029 - INFO - <module> : Opened: https://fuat-meralco.cs73.force.com/customers/s/outagemap
2022-10-18 10:51:38,479 - INFO - <module> : Click Track your Outage Report
2022-10-18 10:51:38,479 - INFO - <module> : Click Track your Outage Report
2022-10-18 10:51:38,479 - INFO - <module> : Click Track your Outage Report
2022-10-18 10:51:38,479 - INFO - <module> : Click Track your Outage Report
2022-10-18 10:51:38,555 - INFO - <module> : Meralco would like to access your location to identify if your area is affected by an outage. exists
2022-10-18 10:51:38,555 - INFO - <module> : Meralco would like to access your location to identify if your area is affected by an outage. exists
2022-10-18 10:51:38,555 - INFO - <module> : Meralco would like to access your location to identify if your area is affected by an outage. exists
2022-10-18 10:51:38,555 - INFO - <module> : Meralco would like to access your location to identify if your area is affected by an outage. exists
2022-10-18 10:51:38,919 - INFO - <module> : Clicked
2022-10-18 10:51:38,919 - INFO - <module> : Clicked
2022-10-18 10:51:38,919 - INFO - <module> : Clicked
2022-10-18 10:51:38,919 - INFO - <module> : Clicked
2022-10-18 10:51:45,343 - INFO - <module> : Clicked
2022-10-18 10:51:45,343 - INFO - <module> : Clicked
2022-10-18 10:51:45,343 - INFO - <module> : Clicked
2022-10-18 10:51:45,343 - INFO - <module> : Clicked
2022-10-18 10:51:52,312 - INFO - <module> : Populate Reference No. and Last Name > click Submit
2022-10-18 10:51:52,312 - INFO - <module> : Populate Reference No. and Last Name > click Submit
2022-10-18 10:51:52,312 - INFO - <module> : Populate Reference No. and Last Name > click Submit
2022-10-18 10:51:52,312 - INFO - <module> : Populate Reference No. and Last Name > click Submit
2022-10-18 10:51:52,363 - INFO - setup : Close Browser
