2022-11-23 15:37:43,381 - INFO - setup : Browser Launched!
2022-11-23 15:37:51,125 - INFO - <module> : Opened: https://fuat-meralco.cs73.force.com/customers/s/contact
2022-11-23 15:37:51,125 - INFO - <module> : Opened: https://fuat-meralco.cs73.force.com/customers/s/contact
2022-11-23 15:37:51,125 - INFO - <module> : Opened: https://fuat-meralco.cs73.force.com/customers/s/contact
2022-11-23 15:37:51,125 - INFO - <module> : Opened: https://fuat-meralco.cs73.force.com/customers/s/contact
2022-11-23 15:37:51,341 - INFO - <module> : Clicked
2022-11-23 15:37:51,341 - INFO - <module> : Clicked
2022-11-23 15:37:51,341 - INFO - <module> : Clicked
2022-11-23 15:37:51,341 - INFO - <module> : Clicked
2022-11-23 15:38:04,736 - INFO - <module> :  exists
2022-11-23 15:38:04,736 - INFO - <module> :  exists
2022-11-23 15:38:04,736 - INFO - <module> :  exists
2022-11-23 15:38:04,736 - INFO - <module> :  exists
2022-11-23 15:38:08,318 - INFO - <module> : input: 3535100272
2022-11-23 15:38:08,318 - INFO - <module> : input: 3535100272
2022-11-23 15:38:08,318 - INFO - <module> : input: 3535100272
2022-11-23 15:38:08,318 - INFO - <module> : input: 3535100272
2022-11-23 15:38:08,381 - INFO - <module> : input: automation
2022-11-23 15:38:08,381 - INFO - <module> : input: automation
2022-11-23 15:38:08,381 - INFO - <module> : input: automation
2022-11-23 15:38:08,381 - INFO - <module> : input: automation
2022-11-23 15:38:08,444 - INFO - <module> : input: outage
2022-11-23 15:38:08,444 - INFO - <module> : input: outage
2022-11-23 15:38:08,444 - INFO - <module> : input: outage
2022-11-23 15:38:08,444 - INFO - <module> : input: outage
2022-11-23 15:38:08,523 - INFO - <module> : input: atconcernsingle@yopmail.com
2022-11-23 15:38:08,523 - INFO - <module> : input: atconcernsingle@yopmail.com
2022-11-23 15:38:08,523 - INFO - <module> : input: atconcernsingle@yopmail.com
2022-11-23 15:38:08,523 - INFO - <module> : input: atconcernsingle@yopmail.com
2022-11-23 15:38:08,598 - INFO - <module> : input: +639758880795
2022-11-23 15:38:08,598 - INFO - <module> : input: +639758880795
2022-11-23 15:38:08,598 - INFO - <module> : input: +639758880795
2022-11-23 15:38:08,598 - INFO - <module> : input: +639758880795
2022-11-23 15:38:08,691 - INFO - <module> : input: Sample Remarks
2022-11-23 15:38:08,691 - INFO - <module> : input: Sample Remarks
2022-11-23 15:38:08,691 - INFO - <module> : input: Sample Remarks
2022-11-23 15:38:08,691 - INFO - <module> : input: Sample Remarks
2022-11-23 15:38:08,745 - INFO - <module> : input: Sample Remarks
2022-11-23 15:38:08,745 - INFO - <module> : input: Sample Remarks
2022-11-23 15:38:08,745 - INFO - <module> : input: Sample Remarks
2022-11-23 15:38:08,745 - INFO - <module> : input: Sample Remarks
2022-11-23 15:38:11,972 - INFO - <module> : Clicked
2022-11-23 15:38:11,972 - INFO - <module> : Clicked
2022-11-23 15:38:11,972 - INFO - <module> : Clicked
2022-11-23 15:38:11,972 - INFO - <module> : Clicked
2022-11-23 15:38:21,168 - INFO - <module> : Opened: https://fuat-meralco.cs73.force.com/customers/s/concernstatus
2022-11-23 15:38:21,168 - INFO - <module> : Opened: https://fuat-meralco.cs73.force.com/customers/s/concernstatus
2022-11-23 15:38:21,168 - INFO - <module> : Opened: https://fuat-meralco.cs73.force.com/customers/s/concernstatus
2022-11-23 15:38:21,168 - INFO - <module> : Opened: https://fuat-meralco.cs73.force.com/customers/s/concernstatus
2022-11-23 15:38:21,361 - INFO - <module> : input: 22112251408
2022-11-23 15:38:21,361 - INFO - <module> : input: 22112251408
2022-11-23 15:38:21,361 - INFO - <module> : input: 22112251408
2022-11-23 15:38:21,361 - INFO - <module> : input: 22112251408
2022-11-23 15:38:21,483 - INFO - <module> : input: outage
2022-11-23 15:38:21,483 - INFO - <module> : input: outage
2022-11-23 15:38:21,483 - INFO - <module> : input: outage
2022-11-23 15:38:21,483 - INFO - <module> : input: outage
2022-11-23 15:38:21,559 - INFO - <module> : Clicked
2022-11-23 15:38:21,559 - INFO - <module> : Clicked
2022-11-23 15:38:21,559 - INFO - <module> : Clicked
2022-11-23 15:38:21,559 - INFO - <module> : Clicked
2022-11-23 15:38:33,181 - INFO - <module> : Opened: https://yopmail.com/en/
2022-11-23 15:38:33,181 - INFO - <module> : Opened: https://yopmail.com/en/
2022-11-23 15:38:33,181 - INFO - <module> : Opened: https://yopmail.com/en/
2022-11-23 15:38:33,181 - INFO - <module> : Opened: https://yopmail.com/en/
2022-11-23 15:38:33,381 - INFO - <module> : input: atconcernsingle@yopmail.com
2022-11-23 15:38:33,381 - INFO - <module> : input: atconcernsingle@yopmail.com
2022-11-23 15:38:33,381 - INFO - <module> : input: atconcernsingle@yopmail.com
2022-11-23 15:38:33,381 - INFO - <module> : input: atconcernsingle@yopmail.com
2022-11-23 15:38:34,556 - INFO - <module> : Clicked
2022-11-23 15:38:34,556 - INFO - <module> : Clicked
2022-11-23 15:38:34,556 - INFO - <module> : Clicked
2022-11-23 15:38:34,556 - INFO - <module> : Clicked
2022-11-23 15:38:36,799 - INFO - setup : Close Browser
