2023-01-11 09:39:31,660 - INFO - setup : Browser Launched!
2023-01-11 09:39:43,956 - INFO - <module> : Go to Outages & Incidents > Report Streetlight And Safety Concerns
2023-01-11 09:39:43,956 - INFO - <module> : Go to Outages & Incidents > Report Streetlight And Safety Concerns
2023-01-11 09:39:43,956 - INFO - <module> : Go to Outages & Incidents > Report Streetlight And Safety Concerns
2023-01-11 09:39:43,956 - INFO - <module> : Go to Outages & Incidents > Report Streetlight And Safety Concerns
2023-01-11 09:39:43,956 - INFO - <module> : Go to Outages & Incidents > Report Streetlight And Safety Concerns
2023-01-11 09:39:52,171 - INFO - <module> : Opened: https://fuat-meralco.cs73.force.com/customers/s/outagemap
2023-01-11 09:39:52,171 - INFO - <module> : Opened: https://fuat-meralco.cs73.force.com/customers/s/outagemap
2023-01-11 09:39:52,171 - INFO - <module> : Opened: https://fuat-meralco.cs73.force.com/customers/s/outagemap
2023-01-11 09:39:52,171 - INFO - <module> : Opened: https://fuat-meralco.cs73.force.com/customers/s/outagemap
2023-01-11 09:39:52,171 - INFO - <module> : Opened: https://fuat-meralco.cs73.force.com/customers/s/outagemap
2023-01-11 09:39:55,047 - INFO - <module> : Meralco would like to access your location to identify if your area is affected by an outage. exists
2023-01-11 09:39:55,047 - INFO - <module> : Meralco would like to access your location to identify if your area is affected by an outage. exists
2023-01-11 09:39:55,047 - INFO - <module> : Meralco would like to access your location to identify if your area is affected by an outage. exists
2023-01-11 09:39:55,047 - INFO - <module> : Meralco would like to access your location to identify if your area is affected by an outage. exists
2023-01-11 09:39:55,047 - INFO - <module> : Meralco would like to access your location to identify if your area is affected by an outage. exists
2023-01-11 09:39:57,142 - INFO - <module> : Clicked
2023-01-11 09:39:57,142 - INFO - <module> : Clicked
2023-01-11 09:39:57,142 - INFO - <module> : Clicked
2023-01-11 09:39:57,142 - INFO - <module> : Clicked
2023-01-11 09:39:57,142 - INFO - <module> : Clicked
2023-01-11 09:40:01,244 - INFO - <module> : Clicked
2023-01-11 09:40:01,244 - INFO - <module> : Clicked
2023-01-11 09:40:01,244 - INFO - <module> : Clicked
2023-01-11 09:40:01,244 - INFO - <module> : Clicked
2023-01-11 09:40:01,244 - INFO - <module> : Clicked
2023-01-11 09:40:09,313 - INFO - <module> : Report an Outage or Incident exists
2023-01-11 09:40:09,313 - INFO - <module> : Report an Outage or Incident exists
2023-01-11 09:40:09,313 - INFO - <module> : Report an Outage or Incident exists
2023-01-11 09:40:09,313 - INFO - <module> : Report an Outage or Incident exists
2023-01-11 09:40:09,313 - INFO - <module> : Report an Outage or Incident exists
2023-01-11 09:40:09,374 - INFO - <module> : Clicked
2023-01-11 09:40:09,374 - INFO - <module> : Clicked
2023-01-11 09:40:09,374 - INFO - <module> : Clicked
2023-01-11 09:40:09,374 - INFO - <module> : Clicked
2023-01-11 09:40:09,374 - INFO - <module> : Clicked
2023-01-11 09:40:29,436 - INFO - setup : Close Browser
