2022-11-18 13:29:32,577 - INFO - setup : Browser Launched!
2022-11-18 13:29:40,198 - INFO - <module> : Opened: https://outage-api.meralco.com.ph/
2022-11-18 13:29:40,198 - INFO - <module> : Opened: https://outage-api.meralco.com.ph/
2022-11-18 13:29:40,198 - INFO - <module> : Opened: https://outage-api.meralco.com.ph/
2022-11-18 13:29:40,198 - INFO - <module> : Opened: https://outage-api.meralco.com.ph/
2022-11-18 13:29:43,459 - INFO - <module> : input: v-lvlgalvez@meralco.com.ph
2022-11-18 13:29:43,459 - INFO - <module> : input: v-lvlgalvez@meralco.com.ph
2022-11-18 13:29:43,459 - INFO - <module> : input: v-lvlgalvez@meralco.com.ph
2022-11-18 13:29:43,459 - INFO - <module> : input: v-lvlgalvez@meralco.com.ph
2022-11-18 13:29:43,510 - INFO - <module> : Clicked
2022-11-18 13:29:43,510 - INFO - <module> : Clicked
2022-11-18 13:29:43,510 - INFO - <module> : Clicked
2022-11-18 13:29:43,510 - INFO - <module> : Clicked
2022-11-18 13:29:45,096 - INFO - <module> : input: Mecopass@@!!121
2022-11-18 13:29:45,096 - INFO - <module> : input: Mecopass@@!!121
2022-11-18 13:29:45,096 - INFO - <module> : input: Mecopass@@!!121
2022-11-18 13:29:45,096 - INFO - <module> : input: Mecopass@@!!121
2022-11-18 13:29:45,533 - INFO - <module> : Clicked
2022-11-18 13:29:45,533 - INFO - <module> : Clicked
2022-11-18 13:29:45,533 - INFO - <module> : Clicked
2022-11-18 13:29:45,533 - INFO - <module> : Clicked
2022-11-18 13:29:46,117 - INFO - <module> : Clicked
2022-11-18 13:29:46,117 - INFO - <module> : Clicked
2022-11-18 13:29:46,117 - INFO - <module> : Clicked
2022-11-18 13:29:46,117 - INFO - <module> : Clicked
2022-11-18 13:30:41,292 - INFO - setup : Close Browser
