2022-10-13 14:50:31,496 - INFO - setup : Browser Launched!
2022-10-13 14:50:44,609 - INFO - <module> : Go to External Map 
2022-10-13 14:50:44,609 - INFO - <module> : Go to External Map 
2022-10-13 14:50:44,609 - INFO - <module> : Go to External Map 
2022-10-13 14:50:44,609 - INFO - <module> : Go to External Map 
2022-10-13 14:50:50,510 - INFO - <module> : Opened: https://fuat-meralco.cs73.force.com/customers/s/outagemap
2022-10-13 14:50:50,510 - INFO - <module> : Opened: https://fuat-meralco.cs73.force.com/customers/s/outagemap
2022-10-13 14:50:50,510 - INFO - <module> : Opened: https://fuat-meralco.cs73.force.com/customers/s/outagemap
2022-10-13 14:50:50,510 - INFO - <module> : Opened: https://fuat-meralco.cs73.force.com/customers/s/outagemap
2022-10-13 14:50:53,603 - INFO - <module> : Select weather information to be displayed
2022-10-13 14:50:53,603 - INFO - <module> : Select weather information to be displayed
2022-10-13 14:50:53,603 - INFO - <module> : Select weather information to be displayed
2022-10-13 14:50:53,603 - INFO - <module> : Select weather information to be displayed
2022-10-13 14:50:53,717 - INFO - <module> : Meralco would like to access your location to identify if your area is affected by an outage. exists
2022-10-13 14:50:53,717 - INFO - <module> : Meralco would like to access your location to identify if your area is affected by an outage. exists
2022-10-13 14:50:53,717 - INFO - <module> : Meralco would like to access your location to identify if your area is affected by an outage. exists
2022-10-13 14:50:53,717 - INFO - <module> : Meralco would like to access your location to identify if your area is affected by an outage. exists
2022-10-13 14:50:53,807 - INFO - <module> : Disagree clicked
2022-10-13 14:50:53,807 - INFO - <module> : Disagree clicked
2022-10-13 14:50:53,807 - INFO - <module> : Disagree clicked
2022-10-13 14:50:53,807 - INFO - <module> : Disagree clicked
2022-10-13 14:50:54,273 - INFO - <module> :  clicked
2022-10-13 14:50:54,273 - INFO - <module> :  clicked
2022-10-13 14:50:54,273 - INFO - <module> :  clicked
2022-10-13 14:50:54,273 - INFO - <module> :  clicked
2022-10-13 14:50:56,693 - INFO - <module> :  clicked
2022-10-13 14:50:56,693 - INFO - <module> :  clicked
2022-10-13 14:50:56,693 - INFO - <module> :  clicked
2022-10-13 14:50:56,693 - INFO - <module> :  clicked
2022-10-13 14:50:57,271 - INFO - <module> : close clicked
2022-10-13 14:50:57,271 - INFO - <module> : close clicked
2022-10-13 14:50:57,271 - INFO - <module> : close clicked
2022-10-13 14:50:57,271 - INFO - <module> : close clicked
2022-10-13 14:51:07,372 - INFO - <module> :  clicked
2022-10-13 14:51:07,372 - INFO - <module> :  clicked
2022-10-13 14:51:07,372 - INFO - <module> :  clicked
2022-10-13 14:51:07,372 - INFO - <module> :  clicked
2022-10-13 14:51:10,310 - INFO - <module> : Adjust outage map zoom level to greater than 8
2022-10-13 14:51:10,310 - INFO - <module> : Adjust outage map zoom level to greater than 8
2022-10-13 14:51:10,310 - INFO - <module> : Adjust outage map zoom level to greater than 8
2022-10-13 14:51:10,310 - INFO - <module> : Adjust outage map zoom level to greater than 8
2022-10-13 14:51:10,522 - INFO - <module> : remove clicked
2022-10-13 14:51:10,522 - INFO - <module> : remove clicked
2022-10-13 14:51:10,522 - INFO - <module> : remove clicked
2022-10-13 14:51:10,522 - INFO - <module> : remove clicked
2022-10-13 14:51:13,388 - INFO - <module> : Validate weather icons in Internal Map
2022-10-13 14:51:13,388 - INFO - <module> : Validate weather icons in Internal Map
2022-10-13 14:51:13,388 - INFO - <module> : Validate weather icons in Internal Map
2022-10-13 14:51:13,388 - INFO - <module> : Validate weather icons in Internal Map
2022-10-13 14:51:15,801 - INFO - setup : Close Browser
