2022-10-17 08:51:36,916 - INFO - setup : Browser Launched!
2022-10-17 08:51:46,254 - INFO - <module> : Go to https://fuat-meralco.cs73.force.com/customers/s/outagemap
2022-10-17 08:51:46,254 - INFO - <module> : Go to https://fuat-meralco.cs73.force.com/customers/s/outagemap
2022-10-17 08:51:46,254 - INFO - <module> : Go to https://fuat-meralco.cs73.force.com/customers/s/outagemap
2022-10-17 08:51:46,254 - INFO - <module> : Go to https://fuat-meralco.cs73.force.com/customers/s/outagemap
2022-10-17 08:51:48,628 - INFO - <module> : Opened: https://fuat-meralco.cs73.force.com/customers/s/outagemap
2022-10-17 08:51:48,628 - INFO - <module> : Opened: https://fuat-meralco.cs73.force.com/customers/s/outagemap
2022-10-17 08:51:48,628 - INFO - <module> : Opened: https://fuat-meralco.cs73.force.com/customers/s/outagemap
2022-10-17 08:51:48,628 - INFO - <module> : Opened: https://fuat-meralco.cs73.force.com/customers/s/outagemap
2022-10-17 08:51:56,697 - INFO - <module> : Disagree clicked
2022-10-17 08:51:56,697 - INFO - <module> : Disagree clicked
2022-10-17 08:51:56,697 - INFO - <module> : Disagree clicked
2022-10-17 08:51:56,697 - INFO - <module> : Disagree clicked
2022-10-17 08:52:03,836 - INFO - <module> : Click down button beside Legends
2022-10-17 08:52:03,836 - INFO - <module> : Click down button beside Legends
2022-10-17 08:52:03,836 - INFO - <module> : Click down button beside Legends
2022-10-17 08:52:03,836 - INFO - <module> : Click down button beside Legends
2022-10-17 08:52:03,968 - INFO - <module> : expand_less clicked
2022-10-17 08:52:03,968 - INFO - <module> : expand_less clicked
2022-10-17 08:52:03,968 - INFO - <module> : expand_less clicked
2022-10-17 08:52:03,968 - INFO - <module> : expand_less clicked
2022-10-17 08:52:04,537 - INFO - <module> : Unplanned Outage exists
2022-10-17 08:52:04,537 - INFO - <module> : Unplanned Outage exists
2022-10-17 08:52:04,537 - INFO - <module> : Unplanned Outage exists
2022-10-17 08:52:04,537 - INFO - <module> : Unplanned Outage exists
2022-10-17 08:52:04,584 - INFO - <module> : Planned Outage exists
2022-10-17 08:52:04,584 - INFO - <module> : Planned Outage exists
2022-10-17 08:52:04,584 - INFO - <module> : Planned Outage exists
2022-10-17 08:52:04,584 - INFO - <module> : Planned Outage exists
2022-10-17 08:52:07,270 - INFO - setup : Close Browser
