2023-01-11 10:52:29,929 - INFO - setup : Browser Launched!
2023-01-11 10:52:48,111 - INFO - <module> : Go to Outages & Incidents > Report Streetlight And Safety Concerns
2023-01-11 10:52:48,111 - INFO - <module> : Go to Outages & Incidents > Report Streetlight And Safety Concerns
2023-01-11 10:52:48,111 - INFO - <module> : Go to Outages & Incidents > Report Streetlight And Safety Concerns
2023-01-11 10:52:48,111 - INFO - <module> : Go to Outages & Incidents > Report Streetlight And Safety Concerns
2023-01-11 10:52:48,111 - INFO - <module> : Go to Outages & Incidents > Report Streetlight And Safety Concerns
2023-01-11 10:53:04,281 - INFO - <module> : Opened: https://fuat-meralco.cs73.force.com/customers/s/outagemap
2023-01-11 10:53:04,281 - INFO - <module> : Opened: https://fuat-meralco.cs73.force.com/customers/s/outagemap
2023-01-11 10:53:04,281 - INFO - <module> : Opened: https://fuat-meralco.cs73.force.com/customers/s/outagemap
2023-01-11 10:53:04,281 - INFO - <module> : Opened: https://fuat-meralco.cs73.force.com/customers/s/outagemap
2023-01-11 10:53:04,281 - INFO - <module> : Opened: https://fuat-meralco.cs73.force.com/customers/s/outagemap
2023-01-11 10:53:05,045 - INFO - <module> : Meralco would like to access your location to identify if your area is affected by an outage. exists
2023-01-11 10:53:05,045 - INFO - <module> : Meralco would like to access your location to identify if your area is affected by an outage. exists
2023-01-11 10:53:05,045 - INFO - <module> : Meralco would like to access your location to identify if your area is affected by an outage. exists
2023-01-11 10:53:05,045 - INFO - <module> : Meralco would like to access your location to identify if your area is affected by an outage. exists
2023-01-11 10:53:05,045 - INFO - <module> : Meralco would like to access your location to identify if your area is affected by an outage. exists
2023-01-11 10:53:07,281 - INFO - <module> : Clicked
2023-01-11 10:53:07,281 - INFO - <module> : Clicked
2023-01-11 10:53:07,281 - INFO - <module> : Clicked
2023-01-11 10:53:07,281 - INFO - <module> : Clicked
2023-01-11 10:53:07,281 - INFO - <module> : Clicked
2023-01-11 10:53:11,403 - INFO - <module> : Clicked
2023-01-11 10:53:11,403 - INFO - <module> : Clicked
2023-01-11 10:53:11,403 - INFO - <module> : Clicked
2023-01-11 10:53:11,403 - INFO - <module> : Clicked
2023-01-11 10:53:11,403 - INFO - <module> : Clicked
2023-01-11 10:53:39,767 - INFO - setup : Close Browser
