2023-01-12 18:44:18,875 - INFO - setup : Browser Launched!
2023-01-12 18:44:49,291 - INFO - <module> : Opened: https://fuat-meralco.cs73.force.com/customers/s/cxe-apply
2023-01-12 18:44:49,291 - INFO - <module> : Opened: https://fuat-meralco.cs73.force.com/customers/s/cxe-apply
2023-01-12 18:44:49,291 - INFO - <module> : Opened: https://fuat-meralco.cs73.force.com/customers/s/cxe-apply
2023-01-12 18:44:49,291 - INFO - <module> : Opened: https://fuat-meralco.cs73.force.com/customers/s/cxe-apply
2023-01-12 18:44:51,083 - INFO - <module> : Service Application exists
2023-01-12 18:44:51,083 - INFO - <module> : Service Application exists
2023-01-12 18:44:51,083 - INFO - <module> : Service Application exists
2023-01-12 18:44:51,083 - INFO - <module> : Service Application exists
2023-01-12 18:44:54,376 - INFO - <module> : Clicked
2023-01-12 18:44:54,376 - INFO - <module> : Clicked
2023-01-12 18:44:54,376 - INFO - <module> : Clicked
2023-01-12 18:44:54,376 - INFO - <module> : Clicked
2023-01-12 18:44:57,490 - INFO - <module> : Clicked
2023-01-12 18:44:57,490 - INFO - <module> : Clicked
2023-01-12 18:44:57,490 - INFO - <module> : Clicked
2023-01-12 18:44:57,490 - INFO - <module> : Clicked
2023-01-12 18:44:59,275 - INFO - <module> : Clicked
2023-01-12 18:44:59,275 - INFO - <module> : Clicked
2023-01-12 18:44:59,275 - INFO - <module> : Clicked
2023-01-12 18:44:59,275 - INFO - <module> : Clicked
2023-01-12 18:45:05,064 - INFO - <module> : input: 
2023-01-12 18:45:05,064 - INFO - <module> : input: 
2023-01-12 18:45:05,064 - INFO - <module> : input: 
2023-01-12 18:45:05,064 - INFO - <module> : input: 
2023-01-12 18:45:05,541 - INFO - <module> : input: Zero Eleven
2023-01-12 18:45:05,541 - INFO - <module> : input: Zero Eleven
2023-01-12 18:45:05,541 - INFO - <module> : input: Zero Eleven
2023-01-12 18:45:05,541 - INFO - <module> : input: Zero Eleven
2023-01-12 18:45:05,649 - INFO - <module> : input: TS
2023-01-12 18:45:05,649 - INFO - <module> : input: TS
2023-01-12 18:45:05,649 - INFO - <module> : input: TS
2023-01-12 18:45:05,649 - INFO - <module> : input: TS
2023-01-12 18:45:05,837 - INFO - <module> : input: 9299437219
2023-01-12 18:45:05,837 - INFO - <module> : input: 9299437219
2023-01-12 18:45:05,837 - INFO - <module> : input: 9299437219
2023-01-12 18:45:05,837 - INFO - <module> : input: 9299437219
2023-01-12 18:45:06,824 - INFO - <module> : Clicked
2023-01-12 18:45:06,824 - INFO - <module> : Clicked
2023-01-12 18:45:06,824 - INFO - <module> : Clicked
2023-01-12 18:45:06,824 - INFO - <module> : Clicked
2023-01-12 18:45:10,092 - INFO - <module> : Clicked
2023-01-12 18:45:10,092 - INFO - <module> : Clicked
2023-01-12 18:45:10,092 - INFO - <module> : Clicked
2023-01-12 18:45:10,092 - INFO - <module> : Clicked
2023-01-12 18:45:14,904 - INFO - setup : Close Browser
