2023-01-04 16:21:57,781 - INFO - setup : Browser Launched!
2023-01-04 16:22:34,391 - INFO - <module> : Opened: https://fuat-meralco.cs73.force.com/customers/s/cxe-apply
2023-01-04 16:22:34,391 - INFO - <module> : Opened: https://fuat-meralco.cs73.force.com/customers/s/cxe-apply
2023-01-04 16:22:34,391 - INFO - <module> : Opened: https://fuat-meralco.cs73.force.com/customers/s/cxe-apply
2023-01-04 16:22:34,391 - INFO - <module> : Opened: https://fuat-meralco.cs73.force.com/customers/s/cxe-apply
2023-01-04 16:22:40,501 - INFO - <module> : Service Application exists
2023-01-04 16:22:40,501 - INFO - <module> : Service Application exists
2023-01-04 16:22:40,501 - INFO - <module> : Service Application exists
2023-01-04 16:22:40,501 - INFO - <module> : Service Application exists
2023-01-04 16:22:43,839 - INFO - <module> : Clicked
2023-01-04 16:22:43,839 - INFO - <module> : Clicked
2023-01-04 16:22:43,839 - INFO - <module> : Clicked
2023-01-04 16:22:43,839 - INFO - <module> : Clicked
2023-01-04 16:22:46,789 - INFO - <module> : Clicked
2023-01-04 16:22:46,789 - INFO - <module> : Clicked
2023-01-04 16:22:46,789 - INFO - <module> : Clicked
2023-01-04 16:22:46,789 - INFO - <module> : Clicked
2023-01-04 16:22:57,758 - INFO - <module> :  clicked
2023-01-04 16:22:57,758 - INFO - <module> :  clicked
2023-01-04 16:22:57,758 - INFO - <module> :  clicked
2023-01-04 16:22:57,758 - INFO - <module> :  clicked
2023-01-04 16:23:03,709 - INFO - <module> : input: automation1
2023-01-04 16:23:03,709 - INFO - <module> : input: automation1
2023-01-04 16:23:03,709 - INFO - <module> : input: automation1
2023-01-04 16:23:03,709 - INFO - <module> : input: automation1
2023-01-04 16:23:03,839 - INFO - <module> : input: +63945113252
2023-01-04 16:23:03,839 - INFO - <module> : input: +63945113252
2023-01-04 16:23:03,839 - INFO - <module> : input: +63945113252
2023-01-04 16:23:03,839 - INFO - <module> : input: +63945113252
2023-01-04 16:23:03,924 - INFO - <module> : input: automation5
2023-01-04 16:23:03,924 - INFO - <module> : input: automation5
2023-01-04 16:23:03,924 - INFO - <module> : input: automation5
2023-01-04 16:23:03,924 - INFO - <module> : input: automation5
2023-01-04 16:23:04,135 - INFO - <module> : input: automation6
2023-01-04 16:23:04,135 - INFO - <module> : input: automation6
2023-01-04 16:23:04,135 - INFO - <module> : input: automation6
2023-01-04 16:23:04,135 - INFO - <module> : input: automation6
2023-01-04 16:23:04,265 - INFO - <module> : input: automation2@yopmail.com
2023-01-04 16:23:04,265 - INFO - <module> : input: automation2@yopmail.com
2023-01-04 16:23:04,265 - INFO - <module> : input: automation2@yopmail.com
2023-01-04 16:23:04,265 - INFO - <module> : input: automation2@yopmail.com
2023-01-04 16:23:04,390 - INFO - <module> : input: +639234567891
2023-01-04 16:23:04,390 - INFO - <module> : input: +639234567891
2023-01-04 16:23:04,390 - INFO - <module> : input: +639234567891
2023-01-04 16:23:04,390 - INFO - <module> : input: +639234567891
2023-01-04 16:23:04,453 - INFO - <module> : input: manager
2023-01-04 16:23:04,453 - INFO - <module> : input: manager
2023-01-04 16:23:04,453 - INFO - <module> : input: manager
2023-01-04 16:23:04,453 - INFO - <module> : input: manager
2023-01-04 16:23:07,641 - INFO - <module> : Clicked
2023-01-04 16:23:07,641 - INFO - <module> : Clicked
2023-01-04 16:23:07,641 - INFO - <module> : Clicked
2023-01-04 16:23:07,641 - INFO - <module> : Clicked
2023-01-04 16:23:15,360 - INFO - <module> : input: atsrviceadd
2023-01-04 16:23:15,360 - INFO - <module> : input: atsrviceadd
2023-01-04 16:23:15,360 - INFO - <module> : input: atsrviceadd
2023-01-04 16:23:15,360 - INFO - <module> : input: atsrviceadd
2023-01-04 16:23:15,573 - INFO - <module> : Clicked
2023-01-04 16:23:15,573 - INFO - <module> : Clicked
2023-01-04 16:23:15,573 - INFO - <module> : Clicked
2023-01-04 16:23:15,573 - INFO - <module> : Clicked
2023-01-04 16:23:16,003 - INFO - <module> : Clicked
2023-01-04 16:23:16,003 - INFO - <module> : Clicked
2023-01-04 16:23:16,003 - INFO - <module> : Clicked
2023-01-04 16:23:16,003 - INFO - <module> : Clicked
2023-01-04 16:23:16,347 - INFO - <module> : Clicked
2023-01-04 16:23:16,347 - INFO - <module> : Clicked
2023-01-04 16:23:16,347 - INFO - <module> : Clicked
2023-01-04 16:23:16,347 - INFO - <module> : Clicked
2023-01-04 16:23:16,747 - INFO - <module> : Clicked
2023-01-04 16:23:16,747 - INFO - <module> : Clicked
2023-01-04 16:23:16,747 - INFO - <module> : Clicked
2023-01-04 16:23:16,747 - INFO - <module> : Clicked
2023-01-04 16:23:47,017 - INFO - setup : Close Browser
