2022-10-18 14:49:42,376 - INFO - setup : Browser Launched!
2022-10-18 14:49:51,621 - INFO - <module> : Go to https://fuat-meralco.cs73.force.com/customers/s/outagemap
2022-10-18 14:49:51,621 - INFO - <module> : Go to https://fuat-meralco.cs73.force.com/customers/s/outagemap
2022-10-18 14:49:51,621 - INFO - <module> : Go to https://fuat-meralco.cs73.force.com/customers/s/outagemap
2022-10-18 14:49:51,621 - INFO - <module> : Go to https://fuat-meralco.cs73.force.com/customers/s/outagemap
2022-10-18 14:49:57,334 - INFO - <module> : Opened: https://fuat-meralco.cs73.force.com/customers/s/outagemap
2022-10-18 14:49:57,334 - INFO - <module> : Opened: https://fuat-meralco.cs73.force.com/customers/s/outagemap
2022-10-18 14:49:57,334 - INFO - <module> : Opened: https://fuat-meralco.cs73.force.com/customers/s/outagemap
2022-10-18 14:49:57,334 - INFO - <module> : Opened: https://fuat-meralco.cs73.force.com/customers/s/outagemap
2022-10-18 14:50:00,948 - INFO - <module> : On the left side, hover on tooltip beside Other Address
2022-10-18 14:50:00,948 - INFO - <module> : On the left side, hover on tooltip beside Other Address
2022-10-18 14:50:00,948 - INFO - <module> : On the left side, hover on tooltip beside Other Address
2022-10-18 14:50:00,948 - INFO - <module> : On the left side, hover on tooltip beside Other Address
2022-10-18 14:50:04,087 - INFO - <module> : Meralco would like to access your location to identify if your area is affected by an outage. exists
2022-10-18 14:50:04,087 - INFO - <module> : Meralco would like to access your location to identify if your area is affected by an outage. exists
2022-10-18 14:50:04,087 - INFO - <module> : Meralco would like to access your location to identify if your area is affected by an outage. exists
2022-10-18 14:50:04,087 - INFO - <module> : Meralco would like to access your location to identify if your area is affected by an outage. exists
2022-10-18 14:50:04,712 - INFO - <module> : Clicked
2022-10-18 14:50:04,712 - INFO - <module> : Clicked
2022-10-18 14:50:04,712 - INFO - <module> : Clicked
2022-10-18 14:50:04,712 - INFO - <module> : Clicked
2022-10-18 14:50:11,832 - INFO - <module> : Clicked
2022-10-18 14:50:11,832 - INFO - <module> : Clicked
2022-10-18 14:50:11,832 - INFO - <module> : Clicked
2022-10-18 14:50:11,832 - INFO - <module> : Clicked
2022-10-18 14:50:20,438 - INFO - setup : Close Browser
