2022-10-26 13:31:33,014 - INFO - setup : Browser Launched!
2022-10-26 13:31:41,216 - INFO - <module> : Click on burger menu > Legends
2022-10-26 13:31:41,216 - INFO - <module> : Click on burger menu > Legends
2022-10-26 13:31:41,216 - INFO - <module> : Click on burger menu > Legends
2022-10-26 13:31:41,216 - INFO - <module> : Click on burger menu > Legends
2022-10-26 13:31:43,533 - INFO - <module> : Opened: https://outage-api.meralco.com.ph/
2022-10-26 13:31:43,533 - INFO - <module> : Opened: https://outage-api.meralco.com.ph/
2022-10-26 13:31:43,533 - INFO - <module> : Opened: https://outage-api.meralco.com.ph/
2022-10-26 13:31:43,533 - INFO - <module> : Opened: https://outage-api.meralco.com.ph/
2022-10-26 13:31:44,733 - INFO - <module> : input: v-lvlgalvez@meralco.com.ph
2022-10-26 13:31:44,733 - INFO - <module> : input: v-lvlgalvez@meralco.com.ph
2022-10-26 13:31:44,733 - INFO - <module> : input: v-lvlgalvez@meralco.com.ph
2022-10-26 13:31:44,733 - INFO - <module> : input: v-lvlgalvez@meralco.com.ph
2022-10-26 13:31:44,796 - INFO - <module> : Clicked
2022-10-26 13:31:44,796 - INFO - <module> : Clicked
2022-10-26 13:31:44,796 - INFO - <module> : Clicked
2022-10-26 13:31:44,796 - INFO - <module> : Clicked
2022-10-26 13:31:46,406 - INFO - <module> : input: Mecopass@@!!129
2022-10-26 13:31:46,406 - INFO - <module> : input: Mecopass@@!!129
2022-10-26 13:31:46,406 - INFO - <module> : input: Mecopass@@!!129
2022-10-26 13:31:46,406 - INFO - <module> : input: Mecopass@@!!129
2022-10-26 13:31:46,958 - INFO - <module> : Clicked
2022-10-26 13:31:46,958 - INFO - <module> : Clicked
2022-10-26 13:31:46,958 - INFO - <module> : Clicked
2022-10-26 13:31:46,958 - INFO - <module> : Clicked
2022-10-26 13:31:47,566 - INFO - <module> : Clicked
2022-10-26 13:31:47,566 - INFO - <module> : Clicked
2022-10-26 13:31:47,566 - INFO - <module> : Clicked
2022-10-26 13:31:47,566 - INFO - <module> : Clicked
2022-10-26 13:32:16,176 - INFO - <module> : Clicked
2022-10-26 13:32:16,176 - INFO - <module> : Clicked
2022-10-26 13:32:16,176 - INFO - <module> : Clicked
2022-10-26 13:32:16,176 - INFO - <module> : Clicked
2022-10-26 13:32:20,259 - INFO - <module> :  clicked
2022-10-26 13:32:20,259 - INFO - <module> :  clicked
2022-10-26 13:32:20,259 - INFO - <module> :  clicked
2022-10-26 13:32:20,259 - INFO - <module> :  clicked
2022-10-26 13:32:20,360 - INFO - <module> : Legend clicked
2022-10-26 13:32:20,360 - INFO - <module> : Legend clicked
2022-10-26 13:32:20,360 - INFO - <module> : Legend clicked
2022-10-26 13:32:20,360 - INFO - <module> : Legend clicked
2022-10-26 13:32:23,408 - INFO - <module> : Validate Legend for Ongoing Outage Pins
2022-10-26 13:32:23,408 - INFO - <module> : Validate Legend for Ongoing Outage Pins
2022-10-26 13:32:23,408 - INFO - <module> : Validate Legend for Ongoing Outage Pins
2022-10-26 13:32:23,408 - INFO - <module> : Validate Legend for Ongoing Outage Pins
2022-10-26 13:32:25,893 - INFO - setup : Close Browser
