2023-01-11 13:58:34,567 - INFO - setup : Browser Launched!
2023-01-11 13:59:05,364 - INFO - <module> : Opened: https://fuat-meralco.cs73.force.com/customers/s/cxe-apply
2023-01-11 13:59:05,364 - INFO - <module> : Opened: https://fuat-meralco.cs73.force.com/customers/s/cxe-apply
2023-01-11 13:59:05,364 - INFO - <module> : Opened: https://fuat-meralco.cs73.force.com/customers/s/cxe-apply
2023-01-11 13:59:05,364 - INFO - <module> : Opened: https://fuat-meralco.cs73.force.com/customers/s/cxe-apply
2023-01-11 13:59:05,364 - INFO - <module> : Opened: https://fuat-meralco.cs73.force.com/customers/s/cxe-apply
2023-01-11 13:59:06,521 - INFO - <module> : Service Application exists
2023-01-11 13:59:06,521 - INFO - <module> : Service Application exists
2023-01-11 13:59:06,521 - INFO - <module> : Service Application exists
2023-01-11 13:59:06,521 - INFO - <module> : Service Application exists
2023-01-11 13:59:06,521 - INFO - <module> : Service Application exists
2023-01-11 13:59:09,669 - INFO - <module> : Clicked
2023-01-11 13:59:09,669 - INFO - <module> : Clicked
2023-01-11 13:59:09,669 - INFO - <module> : Clicked
2023-01-11 13:59:09,669 - INFO - <module> : Clicked
2023-01-11 13:59:09,669 - INFO - <module> : Clicked
2023-01-11 13:59:12,285 - INFO - <module> : Clicked
2023-01-11 13:59:12,285 - INFO - <module> : Clicked
2023-01-11 13:59:12,285 - INFO - <module> : Clicked
2023-01-11 13:59:12,285 - INFO - <module> : Clicked
2023-01-11 13:59:12,285 - INFO - <module> : Clicked
2023-01-11 13:59:45,088 - INFO - setup : Close Browser
