2023-01-10 14:52:39,354 - INFO - setup : Browser Launched!
2023-01-10 14:52:51,332 - INFO - <module> : Go to Outages & Incidents > Report Streetlight And Safety Concerns
2023-01-10 14:52:51,332 - INFO - <module> : Go to Outages & Incidents > Report Streetlight And Safety Concerns
2023-01-10 14:52:51,332 - INFO - <module> : Go to Outages & Incidents > Report Streetlight And Safety Concerns
2023-01-10 14:52:51,332 - INFO - <module> : Go to Outages & Incidents > Report Streetlight And Safety Concerns
2023-01-10 14:52:51,332 - INFO - <module> : Go to Outages & Incidents > Report Streetlight And Safety Concerns
2023-01-10 14:52:54,193 - INFO - <module> : Opened: https://fuat-meralco.cs73.force.com/customers/s/outagemap
2023-01-10 14:52:54,193 - INFO - <module> : Opened: https://fuat-meralco.cs73.force.com/customers/s/outagemap
2023-01-10 14:52:54,193 - INFO - <module> : Opened: https://fuat-meralco.cs73.force.com/customers/s/outagemap
2023-01-10 14:52:54,193 - INFO - <module> : Opened: https://fuat-meralco.cs73.force.com/customers/s/outagemap
2023-01-10 14:52:54,193 - INFO - <module> : Opened: https://fuat-meralco.cs73.force.com/customers/s/outagemap
2023-01-10 14:53:01,024 - INFO - <module> : Meralco would like to access your location to identify if your area is affected by an outage. exists
2023-01-10 14:53:01,024 - INFO - <module> : Meralco would like to access your location to identify if your area is affected by an outage. exists
2023-01-10 14:53:01,024 - INFO - <module> : Meralco would like to access your location to identify if your area is affected by an outage. exists
2023-01-10 14:53:01,024 - INFO - <module> : Meralco would like to access your location to identify if your area is affected by an outage. exists
2023-01-10 14:53:01,024 - INFO - <module> : Meralco would like to access your location to identify if your area is affected by an outage. exists
2023-01-10 14:53:03,124 - INFO - <module> : Clicked
2023-01-10 14:53:03,124 - INFO - <module> : Clicked
2023-01-10 14:53:03,124 - INFO - <module> : Clicked
2023-01-10 14:53:03,124 - INFO - <module> : Clicked
2023-01-10 14:53:03,124 - INFO - <module> : Clicked
2023-01-10 14:53:07,217 - INFO - <module> : Clicked
2023-01-10 14:53:07,217 - INFO - <module> : Clicked
2023-01-10 14:53:07,217 - INFO - <module> : Clicked
2023-01-10 14:53:07,217 - INFO - <module> : Clicked
2023-01-10 14:53:07,217 - INFO - <module> : Clicked
2023-01-10 14:53:15,273 - INFO - <module> : Report an Outage or Incident exists
2023-01-10 14:53:15,273 - INFO - <module> : Report an Outage or Incident exists
2023-01-10 14:53:15,273 - INFO - <module> : Report an Outage or Incident exists
2023-01-10 14:53:15,273 - INFO - <module> : Report an Outage or Incident exists
2023-01-10 14:53:15,273 - INFO - <module> : Report an Outage or Incident exists
2023-01-10 14:53:15,337 - INFO - <module> : Clicked
2023-01-10 14:53:15,337 - INFO - <module> : Clicked
2023-01-10 14:53:15,337 - INFO - <module> : Clicked
2023-01-10 14:53:15,337 - INFO - <module> : Clicked
2023-01-10 14:53:15,337 - INFO - <module> : Clicked
2023-01-10 14:53:18,467 - INFO - <module> : Populate required fields > click Submit
2023-01-10 14:53:18,467 - INFO - <module> : Populate required fields > click Submit
2023-01-10 14:53:18,467 - INFO - <module> : Populate required fields > click Submit
2023-01-10 14:53:18,467 - INFO - <module> : Populate required fields > click Submit
2023-01-10 14:53:18,467 - INFO - <module> : Populate required fields > click Submit
2023-01-10 14:53:24,763 - INFO - setup : Close Browser
