2023-01-03 14:53:28,096 - INFO - setup : Browser Launched!
2023-01-03 14:53:56,545 - INFO - <module> : Opened: https://fuat-meralco.cs73.force.com/customers/s/cxe-apply
2023-01-03 14:53:56,545 - INFO - <module> : Opened: https://fuat-meralco.cs73.force.com/customers/s/cxe-apply
2023-01-03 14:53:56,545 - INFO - <module> : Opened: https://fuat-meralco.cs73.force.com/customers/s/cxe-apply
2023-01-03 14:53:56,545 - INFO - <module> : Opened: https://fuat-meralco.cs73.force.com/customers/s/cxe-apply
2023-01-03 14:54:02,717 - INFO - <module> : Service Application exists
2023-01-03 14:54:02,717 - INFO - <module> : Service Application exists
2023-01-03 14:54:02,717 - INFO - <module> : Service Application exists
2023-01-03 14:54:02,717 - INFO - <module> : Service Application exists
2023-01-03 14:54:06,076 - INFO - <module> : Clicked
2023-01-03 14:54:06,076 - INFO - <module> : Clicked
2023-01-03 14:54:06,076 - INFO - <module> : Clicked
2023-01-03 14:54:06,076 - INFO - <module> : Clicked
2023-01-03 14:54:09,319 - INFO - <module> : Clicked
2023-01-03 14:54:09,319 - INFO - <module> : Clicked
2023-01-03 14:54:09,319 - INFO - <module> : Clicked
2023-01-03 14:54:09,319 - INFO - <module> : Clicked
2023-01-03 14:54:21,697 - INFO - <module> : Clicked
2023-01-03 14:54:21,697 - INFO - <module> : Clicked
2023-01-03 14:54:21,697 - INFO - <module> : Clicked
2023-01-03 14:54:21,697 - INFO - <module> : Clicked
2023-01-03 14:54:27,193 - INFO - <module> : input: aaaaa@yopmail.com
2023-01-03 14:54:27,193 - INFO - <module> : input: aaaaa@yopmail.com
2023-01-03 14:54:27,193 - INFO - <module> : input: aaaaa@yopmail.com
2023-01-03 14:54:27,193 - INFO - <module> : input: aaaaa@yopmail.com
2023-01-03 14:54:27,324 - INFO - <module> : input: atfirst1
2023-01-03 14:54:27,324 - INFO - <module> : input: atfirst1
2023-01-03 14:54:27,324 - INFO - <module> : input: atfirst1
2023-01-03 14:54:27,324 - INFO - <module> : input: atfirst1
2023-01-03 14:54:27,401 - INFO - <module> : input: atlast1
2023-01-03 14:54:27,401 - INFO - <module> : input: atlast1
2023-01-03 14:54:27,401 - INFO - <module> : input: atlast1
2023-01-03 14:54:27,401 - INFO - <module> : input: atlast1
2023-01-03 14:54:27,467 - INFO - <module> : input: 9234567891
2023-01-03 14:54:27,467 - INFO - <module> : input: 9234567891
2023-01-03 14:54:27,467 - INFO - <module> : input: 9234567891
2023-01-03 14:54:27,467 - INFO - <module> : input: 9234567891
2023-01-03 14:54:27,953 - INFO - <module> : Clicked
2023-01-03 14:54:27,953 - INFO - <module> : Clicked
2023-01-03 14:54:27,953 - INFO - <module> : Clicked
2023-01-03 14:54:27,953 - INFO - <module> : Clicked
2023-01-03 14:54:28,451 - INFO - <module> : Clicked
2023-01-03 14:54:28,451 - INFO - <module> : Clicked
2023-01-03 14:54:28,451 - INFO - <module> : Clicked
2023-01-03 14:54:28,451 - INFO - <module> : Clicked
2023-01-03 14:54:28,523 - INFO - setup : Close Browser
