2022-10-27 12:56:23,038 - INFO - setup : Browser Launched!
2022-10-27 12:56:36,788 - INFO - <module> : Click on burger menu > Legends
2022-10-27 12:56:36,788 - INFO - <module> : Click on burger menu > Legends
2022-10-27 12:56:36,788 - INFO - <module> : Click on burger menu > Legends
2022-10-27 12:56:36,788 - INFO - <module> : Click on burger menu > Legends
2022-10-27 12:56:39,408 - INFO - <module> : Opened: https://outage-api.meralco.com.ph/
2022-10-27 12:56:39,408 - INFO - <module> : Opened: https://outage-api.meralco.com.ph/
2022-10-27 12:56:39,408 - INFO - <module> : Opened: https://outage-api.meralco.com.ph/
2022-10-27 12:56:39,408 - INFO - <module> : Opened: https://outage-api.meralco.com.ph/
2022-10-27 12:56:42,774 - INFO - <module> : input: v-lvlgalvez@meralco.com.ph
2022-10-27 12:56:42,774 - INFO - <module> : input: v-lvlgalvez@meralco.com.ph
2022-10-27 12:56:42,774 - INFO - <module> : input: v-lvlgalvez@meralco.com.ph
2022-10-27 12:56:42,774 - INFO - <module> : input: v-lvlgalvez@meralco.com.ph
2022-10-27 12:56:42,828 - INFO - <module> : Clicked
2022-10-27 12:56:42,828 - INFO - <module> : Clicked
2022-10-27 12:56:42,828 - INFO - <module> : Clicked
2022-10-27 12:56:42,828 - INFO - <module> : Clicked
2022-10-27 12:56:44,451 - INFO - <module> : input: Mecopass@@!!129
2022-10-27 12:56:44,451 - INFO - <module> : input: Mecopass@@!!129
2022-10-27 12:56:44,451 - INFO - <module> : input: Mecopass@@!!129
2022-10-27 12:56:44,451 - INFO - <module> : input: Mecopass@@!!129
2022-10-27 12:56:44,941 - INFO - <module> : Clicked
2022-10-27 12:56:44,941 - INFO - <module> : Clicked
2022-10-27 12:56:44,941 - INFO - <module> : Clicked
2022-10-27 12:56:44,941 - INFO - <module> : Clicked
2022-10-27 12:56:45,527 - INFO - <module> : Clicked
2022-10-27 12:56:45,527 - INFO - <module> : Clicked
2022-10-27 12:56:45,527 - INFO - <module> : Clicked
2022-10-27 12:56:45,527 - INFO - <module> : Clicked
2022-10-27 12:57:14,095 - INFO - <module> : Clicked
2022-10-27 12:57:14,095 - INFO - <module> : Clicked
2022-10-27 12:57:14,095 - INFO - <module> : Clicked
2022-10-27 12:57:14,095 - INFO - <module> : Clicked
2022-10-27 12:57:18,180 - INFO - <module> :  clicked
2022-10-27 12:57:18,180 - INFO - <module> :  clicked
2022-10-27 12:57:18,180 - INFO - <module> :  clicked
2022-10-27 12:57:18,180 - INFO - <module> :  clicked
2022-10-27 12:57:18,276 - INFO - <module> : Legend clicked
2022-10-27 12:57:18,276 - INFO - <module> : Legend clicked
2022-10-27 12:57:18,276 - INFO - <module> : Legend clicked
2022-10-27 12:57:18,276 - INFO - <module> : Legend clicked
2022-10-27 12:57:21,322 - INFO - <module> : Validate Legend for Ongoing Outage Pins
2022-10-27 12:57:21,322 - INFO - <module> : Validate Legend for Ongoing Outage Pins
2022-10-27 12:57:21,322 - INFO - <module> : Validate Legend for Ongoing Outage Pins
2022-10-27 12:57:21,322 - INFO - <module> : Validate Legend for Ongoing Outage Pins
2022-10-27 12:57:23,757 - INFO - setup : Close Browser
