2022-10-25 15:54:21,850 - INFO - setup : Browser Launched!
2022-10-25 15:54:38,232 - INFO - <module> : Go to Internal Map 
2022-10-25 15:54:38,232 - INFO - <module> : Go to Internal Map 
2022-10-25 15:54:38,232 - INFO - <module> : Go to Internal Map 
2022-10-25 15:54:38,232 - INFO - <module> : Go to Internal Map 
2022-10-25 15:54:39,801 - INFO - <module> : Opened: https://outage-api.meralco.com.ph/
2022-10-25 15:54:39,801 - INFO - <module> : Opened: https://outage-api.meralco.com.ph/
2022-10-25 15:54:39,801 - INFO - <module> : Opened: https://outage-api.meralco.com.ph/
2022-10-25 15:54:39,801 - INFO - <module> : Opened: https://outage-api.meralco.com.ph/
2022-10-25 15:54:41,934 - INFO - <module> : input: v-lvlgalvez@meralco.com.ph
2022-10-25 15:54:41,934 - INFO - <module> : input: v-lvlgalvez@meralco.com.ph
2022-10-25 15:54:41,934 - INFO - <module> : input: v-lvlgalvez@meralco.com.ph
2022-10-25 15:54:41,934 - INFO - <module> : input: v-lvlgalvez@meralco.com.ph
2022-10-25 15:54:42,100 - INFO - <module> : Clicked
2022-10-25 15:54:42,100 - INFO - <module> : Clicked
2022-10-25 15:54:42,100 - INFO - <module> : Clicked
2022-10-25 15:54:42,100 - INFO - <module> : Clicked
2022-10-25 15:54:43,327 - INFO - <module> : input: Mecopass@@!!129
2022-10-25 15:54:43,327 - INFO - <module> : input: Mecopass@@!!129
2022-10-25 15:54:43,327 - INFO - <module> : input: Mecopass@@!!129
2022-10-25 15:54:43,327 - INFO - <module> : input: Mecopass@@!!129
2022-10-25 15:54:44,174 - INFO - <module> : Clicked
2022-10-25 15:54:44,174 - INFO - <module> : Clicked
2022-10-25 15:54:44,174 - INFO - <module> : Clicked
2022-10-25 15:54:44,174 - INFO - <module> : Clicked
2022-10-25 15:54:44,901 - INFO - <module> : Clicked
2022-10-25 15:54:44,901 - INFO - <module> : Clicked
2022-10-25 15:54:44,901 - INFO - <module> : Clicked
2022-10-25 15:54:44,901 - INFO - <module> : Clicked
2022-10-25 15:55:13,109 - INFO - <module> : Clicked
2022-10-25 15:55:13,109 - INFO - <module> : Clicked
2022-10-25 15:55:13,109 - INFO - <module> : Clicked
2022-10-25 15:55:13,109 - INFO - <module> : Clicked
2022-10-25 15:55:20,738 - INFO - <module> : Open Menu -> Map Displays -> tick weather
2022-10-25 15:55:20,738 - INFO - <module> : Open Menu -> Map Displays -> tick weather
2022-10-25 15:55:20,738 - INFO - <module> : Open Menu -> Map Displays -> tick weather
2022-10-25 15:55:20,738 - INFO - <module> : Open Menu -> Map Displays -> tick weather
2022-10-25 15:55:51,147 - ERROR - <module> : Cannot Locate: menu
2022-10-25 15:55:51,147 - ERROR - <module> : Cannot Locate: menu
2022-10-25 15:55:51,147 - ERROR - <module> : Cannot Locate: menu
2022-10-25 15:55:51,147 - ERROR - <module> : Cannot Locate: menu
2022-10-25 15:55:51,232 - INFO - setup : Close Browser
