2022-10-20 14:14:25,556 - INFO - setup : Browser Launched!
2022-10-20 14:14:35,624 - INFO - <module> : Access outage reporting form for Guest users.
2022-10-20 14:14:35,624 - INFO - <module> : Access outage reporting form for Guest users.
2022-10-20 14:14:35,624 - INFO - <module> : Access outage reporting form for Guest users.
2022-10-20 14:14:35,624 - INFO - <module> : Access outage reporting form for Guest users.
2022-10-20 14:14:40,864 - INFO - <module> : Opened: https://fuat-meralco.cs73.force.com/customers/s/outagemap
2022-10-20 14:14:40,864 - INFO - <module> : Opened: https://fuat-meralco.cs73.force.com/customers/s/outagemap
2022-10-20 14:14:40,864 - INFO - <module> : Opened: https://fuat-meralco.cs73.force.com/customers/s/outagemap
2022-10-20 14:14:40,864 - INFO - <module> : Opened: https://fuat-meralco.cs73.force.com/customers/s/outagemap
2022-10-20 14:14:44,396 - INFO - <module> : Meralco would like to access your location to identify if your area is affected by an outage. exists
2022-10-20 14:14:44,396 - INFO - <module> : Meralco would like to access your location to identify if your area is affected by an outage. exists
2022-10-20 14:14:44,396 - INFO - <module> : Meralco would like to access your location to identify if your area is affected by an outage. exists
2022-10-20 14:14:44,396 - INFO - <module> : Meralco would like to access your location to identify if your area is affected by an outage. exists
2022-10-20 14:14:46,495 - INFO - <module> : Clicked
2022-10-20 14:14:46,495 - INFO - <module> : Clicked
2022-10-20 14:14:46,495 - INFO - <module> : Clicked
2022-10-20 14:14:46,495 - INFO - <module> : Clicked
2022-10-20 14:14:50,614 - INFO - <module> : Clicked
2022-10-20 14:14:50,614 - INFO - <module> : Clicked
2022-10-20 14:14:50,614 - INFO - <module> : Clicked
2022-10-20 14:14:50,614 - INFO - <module> : Clicked
2022-10-20 14:14:58,662 - INFO - <module> : Report an Outage or Incident exists
2022-10-20 14:14:58,662 - INFO - <module> : Report an Outage or Incident exists
2022-10-20 14:14:58,662 - INFO - <module> : Report an Outage or Incident exists
2022-10-20 14:14:58,662 - INFO - <module> : Report an Outage or Incident exists
2022-10-20 14:15:01,509 - INFO - <module> : Choose 'Streetlight Concern' from the 'What are you reporting?' option.
2022-10-20 14:15:01,509 - INFO - <module> : Choose 'Streetlight Concern' from the 'What are you reporting?' option.
2022-10-20 14:15:01,509 - INFO - <module> : Choose 'Streetlight Concern' from the 'What are you reporting?' option.
2022-10-20 14:15:01,509 - INFO - <module> : Choose 'Streetlight Concern' from the 'What are you reporting?' option.
2022-10-20 14:15:01,595 - INFO - <module> : Clicked
2022-10-20 14:15:01,595 - INFO - <module> : Clicked
2022-10-20 14:15:01,595 - INFO - <module> : Clicked
2022-10-20 14:15:01,595 - INFO - <module> : Clicked
2022-10-20 14:15:04,519 - INFO - <module> : Choose 'Yes' from the options.
2022-10-20 14:15:04,519 - INFO - <module> : Choose 'Yes' from the options.
2022-10-20 14:15:04,519 - INFO - <module> : Choose 'Yes' from the options.
2022-10-20 14:15:04,519 - INFO - <module> : Choose 'Yes' from the options.
2022-10-20 14:15:04,597 - INFO - <module> : Clicked
2022-10-20 14:15:04,597 - INFO - <module> : Clicked
2022-10-20 14:15:04,597 - INFO - <module> : Clicked
2022-10-20 14:15:04,597 - INFO - <module> : Clicked
2022-10-20 14:15:07,476 - INFO - <module> : Click the dropdown field for Q2.
2022-10-20 14:15:07,476 - INFO - <module> : Click the dropdown field for Q2.
2022-10-20 14:15:07,476 - INFO - <module> : Click the dropdown field for Q2.
2022-10-20 14:15:07,476 - INFO - <module> : Click the dropdown field for Q2.
2022-10-20 14:15:07,567 - INFO - <module> : Clicked
2022-10-20 14:15:07,567 - INFO - <module> : Clicked
2022-10-20 14:15:07,567 - INFO - <module> : Clicked
2022-10-20 14:15:07,567 - INFO - <module> : Clicked
2022-10-20 14:15:10,466 - INFO - <module> : Choose 'Streetlight is always on, even during daytime' from the option.
2022-10-20 14:15:10,466 - INFO - <module> : Choose 'Streetlight is always on, even during daytime' from the option.
2022-10-20 14:15:10,466 - INFO - <module> : Choose 'Streetlight is always on, even during daytime' from the option.
2022-10-20 14:15:10,466 - INFO - <module> : Choose 'Streetlight is always on, even during daytime' from the option.
2022-10-20 14:15:10,539 - INFO - <module> : Clicked
2022-10-20 14:15:10,539 - INFO - <module> : Clicked
2022-10-20 14:15:10,539 - INFO - <module> : Clicked
2022-10-20 14:15:10,539 - INFO - <module> : Clicked
2022-10-20 14:15:13,434 - INFO - <module> : Populate the following fields by selecting from one of the picklist values, as applicable:
- Province
- City/Municipality
- Barangay
- Subdivision
- Street
- House/Unit No./ Floor/ Building
2022-10-20 14:15:13,434 - INFO - <module> : Populate the following fields by selecting from one of the picklist values, as applicable:
- Province
- City/Municipality
- Barangay
- Subdivision
- Street
- House/Unit No./ Floor/ Building
2022-10-20 14:15:13,434 - INFO - <module> : Populate the following fields by selecting from one of the picklist values, as applicable:
- Province
- City/Municipality
- Barangay
- Subdivision
- Street
- House/Unit No./ Floor/ Building
2022-10-20 14:15:13,434 - INFO - <module> : Populate the following fields by selecting from one of the picklist values, as applicable:
- Province
- City/Municipality
- Barangay
- Subdivision
- Street
- House/Unit No./ Floor/ Building
2022-10-20 14:15:13,543 - INFO - <module> : Clicked
2022-10-20 14:15:13,543 - INFO - <module> : Clicked
2022-10-20 14:15:13,543 - INFO - <module> : Clicked
2022-10-20 14:15:13,543 - INFO - <module> : Clicked
2022-10-20 14:15:14,123 - INFO - <module> : Clicked
2022-10-20 14:15:14,123 - INFO - <module> : Clicked
2022-10-20 14:15:14,123 - INFO - <module> : Clicked
2022-10-20 14:15:14,123 - INFO - <module> : Clicked
2022-10-20 14:15:14,680 - INFO - <module> : Clicked
2022-10-20 14:15:14,680 - INFO - <module> : Clicked
2022-10-20 14:15:14,680 - INFO - <module> : Clicked
2022-10-20 14:15:14,680 - INFO - <module> : Clicked
2022-10-20 14:15:15,252 - INFO - <module> : Clicked
2022-10-20 14:15:15,252 - INFO - <module> : Clicked
2022-10-20 14:15:15,252 - INFO - <module> : Clicked
2022-10-20 14:15:15,252 - INFO - <module> : Clicked
2022-10-20 14:15:15,825 - INFO - <module> : Clicked
2022-10-20 14:15:15,825 - INFO - <module> : Clicked
2022-10-20 14:15:15,825 - INFO - <module> : Clicked
2022-10-20 14:15:15,825 - INFO - <module> : Clicked
2022-10-20 14:15:15,905 - INFO - <module> : input: 123
2022-10-20 14:15:15,905 - INFO - <module> : input: 123
2022-10-20 14:15:15,905 - INFO - <module> : input: 123
2022-10-20 14:15:15,905 - INFO - <module> : input: 123
2022-10-20 14:15:18,797 - INFO - <module> : Populate 'Pole Number' field.
Note: There should be no pending case associated to the encoded Pole Number.
2022-10-20 14:15:18,797 - INFO - <module> : Populate 'Pole Number' field.
Note: There should be no pending case associated to the encoded Pole Number.
2022-10-20 14:15:18,797 - INFO - <module> : Populate 'Pole Number' field.
Note: There should be no pending case associated to the encoded Pole Number.
2022-10-20 14:15:18,797 - INFO - <module> : Populate 'Pole Number' field.
Note: There should be no pending case associated to the encoded Pole Number.
2022-10-20 14:15:18,911 - INFO - <module> : input: 40
2022-10-20 14:15:18,911 - INFO - <module> : input: 40
2022-10-20 14:15:18,911 - INFO - <module> : input: 40
2022-10-20 14:15:18,911 - INFO - <module> : input: 40
2022-10-20 14:15:21,781 - INFO - <module> : Select the 'Landmarks/Directions' option and input values in the text box.
2022-10-20 14:15:21,781 - INFO - <module> : Select the 'Landmarks/Directions' option and input values in the text box.
2022-10-20 14:15:21,781 - INFO - <module> : Select the 'Landmarks/Directions' option and input values in the text box.
2022-10-20 14:15:21,781 - INFO - <module> : Select the 'Landmarks/Directions' option and input values in the text box.
2022-10-20 14:15:21,876 - INFO - <module> : Clicked
2022-10-20 14:15:21,876 - INFO - <module> : Clicked
2022-10-20 14:15:21,876 - INFO - <module> : Clicked
2022-10-20 14:15:21,876 - INFO - <module> : Clicked
2022-10-20 14:15:22,123 - INFO - <module> : Clicked
2022-10-20 14:15:22,123 - INFO - <module> : Clicked
2022-10-20 14:15:22,123 - INFO - <module> : Clicked
2022-10-20 14:15:22,123 - INFO - <module> : Clicked
2022-10-20 14:15:22,237 - INFO - <module> : input: Sample Text
2022-10-20 14:15:22,237 - INFO - <module> : input: Sample Text
2022-10-20 14:15:22,237 - INFO - <module> : input: Sample Text
2022-10-20 14:15:22,237 - INFO - <module> : input: Sample Text
2022-10-20 14:15:30,111 - INFO - <module> : Populate the following fields:
a) First Name
b) Middle Name
c) Last Name
d) Mobile Number
e) Landline
f) Email
2022-10-20 14:15:30,111 - INFO - <module> : Populate the following fields:
a) First Name
b) Middle Name
c) Last Name
d) Mobile Number
e) Landline
f) Email
2022-10-20 14:15:30,111 - INFO - <module> : Populate the following fields:
a) First Name
b) Middle Name
c) Last Name
d) Mobile Number
e) Landline
f) Email
2022-10-20 14:15:30,111 - INFO - <module> : Populate the following fields:
a) First Name
b) Middle Name
c) Last Name
d) Mobile Number
e) Landline
f) Email
2022-10-20 14:15:30,241 - INFO - <module> : input: sample
2022-10-20 14:15:30,241 - INFO - <module> : input: sample
2022-10-20 14:15:30,241 - INFO - <module> : input: sample
2022-10-20 14:15:30,241 - INFO - <module> : input: sample
2022-10-20 14:15:30,317 - INFO - <module> : input: middle
2022-10-20 14:15:30,317 - INFO - <module> : input: middle
2022-10-20 14:15:30,317 - INFO - <module> : input: middle
2022-10-20 14:15:30,317 - INFO - <module> : input: middle
2022-10-20 14:15:30,386 - INFO - <module> : input: report
2022-10-20 14:15:30,386 - INFO - <module> : input: report
2022-10-20 14:15:30,386 - INFO - <module> : input: report
2022-10-20 14:15:30,386 - INFO - <module> : input: report
2022-10-20 14:15:30,468 - INFO - <module> : input: +639758880793
2022-10-20 14:15:30,468 - INFO - <module> : input: +639758880793
2022-10-20 14:15:30,468 - INFO - <module> : input: +639758880793
2022-10-20 14:15:30,468 - INFO - <module> : input: +639758880793
2022-10-20 14:15:30,529 - INFO - <module> : input: 
2022-10-20 14:15:30,529 - INFO - <module> : input: 
2022-10-20 14:15:30,529 - INFO - <module> : input: 
2022-10-20 14:15:30,529 - INFO - <module> : input: 
2022-10-20 14:15:30,609 - INFO - <module> : input: testautomationoutage@yopmail.com
2022-10-20 14:15:30,609 - INFO - <module> : input: testautomationoutage@yopmail.com
2022-10-20 14:15:30,609 - INFO - <module> : input: testautomationoutage@yopmail.com
2022-10-20 14:15:30,609 - INFO - <module> : input: testautomationoutage@yopmail.com
2022-10-20 14:15:33,534 - INFO - <module> : Verify if 'Yes' is selected from the options under 'Do you want to receive updates related to this report?'
2022-10-20 14:15:33,534 - INFO - <module> : Verify if 'Yes' is selected from the options under 'Do you want to receive updates related to this report?'
2022-10-20 14:15:33,534 - INFO - <module> : Verify if 'Yes' is selected from the options under 'Do you want to receive updates related to this report?'
2022-10-20 14:15:33,534 - INFO - <module> : Verify if 'Yes' is selected from the options under 'Do you want to receive updates related to this report?'
2022-10-20 14:15:36,423 - INFO - <module> : Select SMS and Email as preferred Case Notification Channel.
Note: Ensure that 'Email' field has valid value if Email has been selected as preferred Case Notification Channel.
2022-10-20 14:15:36,423 - INFO - <module> : Select SMS and Email as preferred Case Notification Channel.
Note: Ensure that 'Email' field has valid value if Email has been selected as preferred Case Notification Channel.
2022-10-20 14:15:36,423 - INFO - <module> : Select SMS and Email as preferred Case Notification Channel.
Note: Ensure that 'Email' field has valid value if Email has been selected as preferred Case Notification Channel.
2022-10-20 14:15:36,423 - INFO - <module> : Select SMS and Email as preferred Case Notification Channel.
Note: Ensure that 'Email' field has valid value if Email has been selected as preferred Case Notification Channel.
2022-10-20 14:15:36,515 - INFO - <module> : Clicked
2022-10-20 14:15:36,515 - INFO - <module> : Clicked
2022-10-20 14:15:36,515 - INFO - <module> : Clicked
2022-10-20 14:15:36,515 - INFO - <module> : Clicked
2022-10-20 14:15:36,578 - INFO - <module> : Clicked
2022-10-20 14:15:36,578 - INFO - <module> : Clicked
2022-10-20 14:15:36,578 - INFO - <module> : Clicked
2022-10-20 14:15:36,578 - INFO - <module> : Clicked
2022-10-20 14:15:39,590 - INFO - <module> : Select the checkbox for:
I have read and agree to the Meralco Online Terms & Conditions and consent to the processing of my personal data in accordance with the Privacy Policy.
2022-10-20 14:15:39,590 - INFO - <module> : Select the checkbox for:
I have read and agree to the Meralco Online Terms & Conditions and consent to the processing of my personal data in accordance with the Privacy Policy.
2022-10-20 14:15:39,590 - INFO - <module> : Select the checkbox for:
I have read and agree to the Meralco Online Terms & Conditions and consent to the processing of my personal data in accordance with the Privacy Policy.
2022-10-20 14:15:39,590 - INFO - <module> : Select the checkbox for:
I have read and agree to the Meralco Online Terms & Conditions and consent to the processing of my personal data in accordance with the Privacy Policy.
2022-10-20 14:15:39,710 - INFO - <module> : Clicked
2022-10-20 14:15:39,710 - INFO - <module> : Clicked
2022-10-20 14:15:39,710 - INFO - <module> : Clicked
2022-10-20 14:15:39,710 - INFO - <module> : Clicked
2022-10-20 14:15:42,609 - INFO - <module> : Click ‘Submit’ button.
2022-10-20 14:15:42,609 - INFO - <module> : Click ‘Submit’ button.
2022-10-20 14:15:42,609 - INFO - <module> : Click ‘Submit’ button.
2022-10-20 14:15:42,609 - INFO - <module> : Click ‘Submit’ button.
2022-10-20 14:15:42,731 - INFO - <module> : Clicked
2022-10-20 14:15:42,731 - INFO - <module> : Clicked
2022-10-20 14:15:42,731 - INFO - <module> : Clicked
2022-10-20 14:15:42,731 - INFO - <module> : Clicked
2022-10-20 14:16:00,798 - INFO - <module> : Verify received SMS notification.
2022-10-20 14:16:00,798 - INFO - <module> : Verify received SMS notification.
2022-10-20 14:16:00,798 - INFO - <module> : Verify received SMS notification.
2022-10-20 14:16:00,798 - INFO - <module> : Verify received SMS notification.
2022-10-20 14:16:01,525 - INFO - <module> : Verify received Email notification.
2022-10-20 14:16:01,525 - INFO - <module> : Verify received Email notification.
2022-10-20 14:16:01,525 - INFO - <module> : Verify received Email notification.
2022-10-20 14:16:01,525 - INFO - <module> : Verify received Email notification.
2022-10-20 14:16:08,452 - INFO - <module> : Opened: https://yopmail.com/en/
2022-10-20 14:16:08,452 - INFO - <module> : Opened: https://yopmail.com/en/
2022-10-20 14:16:08,452 - INFO - <module> : Opened: https://yopmail.com/en/
2022-10-20 14:16:08,452 - INFO - <module> : Opened: https://yopmail.com/en/
2022-10-20 14:16:08,615 - INFO - <module> : input: testautomationoutage@yopmail.com
2022-10-20 14:16:08,615 - INFO - <module> : input: testautomationoutage@yopmail.com
2022-10-20 14:16:08,615 - INFO - <module> : input: testautomationoutage@yopmail.com
2022-10-20 14:16:08,615 - INFO - <module> : input: testautomationoutage@yopmail.com
2022-10-20 14:16:10,100 - INFO - <module> : Clicked
2022-10-20 14:16:10,100 - INFO - <module> : Clicked
2022-10-20 14:16:10,100 - INFO - <module> : Clicked
2022-10-20 14:16:10,100 - INFO - <module> : Clicked
2022-10-20 14:16:13,063 - INFO - <module> : Access outage reporting form for Guest users.
2022-10-20 14:16:13,063 - INFO - <module> : Access outage reporting form for Guest users.
2022-10-20 14:16:13,063 - INFO - <module> : Access outage reporting form for Guest users.
2022-10-20 14:16:13,063 - INFO - <module> : Access outage reporting form for Guest users.
2022-10-20 14:16:15,066 - INFO - <module> : Opened: https://fuat-meralco.cs73.force.com/customers/s/outagemap
2022-10-20 14:16:15,066 - INFO - <module> : Opened: https://fuat-meralco.cs73.force.com/customers/s/outagemap
2022-10-20 14:16:15,066 - INFO - <module> : Opened: https://fuat-meralco.cs73.force.com/customers/s/outagemap
2022-10-20 14:16:15,066 - INFO - <module> : Opened: https://fuat-meralco.cs73.force.com/customers/s/outagemap
2022-10-20 14:16:24,185 - INFO - <module> : Meralco would like to access your location to identify if your area is affected by an outage. exists
2022-10-20 14:16:24,185 - INFO - <module> : Meralco would like to access your location to identify if your area is affected by an outage. exists
2022-10-20 14:16:24,185 - INFO - <module> : Meralco would like to access your location to identify if your area is affected by an outage. exists
2022-10-20 14:16:24,185 - INFO - <module> : Meralco would like to access your location to identify if your area is affected by an outage. exists
2022-10-20 14:16:26,281 - INFO - <module> : Clicked
2022-10-20 14:16:26,281 - INFO - <module> : Clicked
2022-10-20 14:16:26,281 - INFO - <module> : Clicked
2022-10-20 14:16:26,281 - INFO - <module> : Clicked
2022-10-20 14:16:30,392 - INFO - <module> : Clicked
2022-10-20 14:16:30,392 - INFO - <module> : Clicked
2022-10-20 14:16:30,392 - INFO - <module> : Clicked
2022-10-20 14:16:30,392 - INFO - <module> : Clicked
2022-10-20 14:16:38,446 - INFO - <module> : Report an Outage or Incident exists
2022-10-20 14:16:38,446 - INFO - <module> : Report an Outage or Incident exists
2022-10-20 14:16:38,446 - INFO - <module> : Report an Outage or Incident exists
2022-10-20 14:16:38,446 - INFO - <module> : Report an Outage or Incident exists
2022-10-20 14:16:41,412 - INFO - <module> : Choose 'Streetlight Concern' from the 'What are you reporting?' option.
2022-10-20 14:16:41,412 - INFO - <module> : Choose 'Streetlight Concern' from the 'What are you reporting?' option.
2022-10-20 14:16:41,412 - INFO - <module> : Choose 'Streetlight Concern' from the 'What are you reporting?' option.
2022-10-20 14:16:41,412 - INFO - <module> : Choose 'Streetlight Concern' from the 'What are you reporting?' option.
2022-10-20 14:16:41,545 - INFO - <module> : Clicked
2022-10-20 14:16:41,545 - INFO - <module> : Clicked
2022-10-20 14:16:41,545 - INFO - <module> : Clicked
2022-10-20 14:16:41,545 - INFO - <module> : Clicked
2022-10-20 14:16:44,579 - INFO - <module> : Choose 'Yes' from the options.
2022-10-20 14:16:44,579 - INFO - <module> : Choose 'Yes' from the options.
2022-10-20 14:16:44,579 - INFO - <module> : Choose 'Yes' from the options.
2022-10-20 14:16:44,579 - INFO - <module> : Choose 'Yes' from the options.
2022-10-20 14:16:44,711 - INFO - <module> : Clicked
2022-10-20 14:16:44,711 - INFO - <module> : Clicked
2022-10-20 14:16:44,711 - INFO - <module> : Clicked
2022-10-20 14:16:44,711 - INFO - <module> : Clicked
2022-10-20 14:16:47,627 - INFO - <module> : Click the dropdown field for Q2.
2022-10-20 14:16:47,627 - INFO - <module> : Click the dropdown field for Q2.
2022-10-20 14:16:47,627 - INFO - <module> : Click the dropdown field for Q2.
2022-10-20 14:16:47,627 - INFO - <module> : Click the dropdown field for Q2.
2022-10-20 14:16:47,764 - INFO - <module> : Clicked
2022-10-20 14:16:47,764 - INFO - <module> : Clicked
2022-10-20 14:16:47,764 - INFO - <module> : Clicked
2022-10-20 14:16:47,764 - INFO - <module> : Clicked
2022-10-20 14:16:50,765 - INFO - <module> : Choose 'Streetlight is flickering' from the option.
2022-10-20 14:16:50,765 - INFO - <module> : Choose 'Streetlight is flickering' from the option.
2022-10-20 14:16:50,765 - INFO - <module> : Choose 'Streetlight is flickering' from the option.
2022-10-20 14:16:50,765 - INFO - <module> : Choose 'Streetlight is flickering' from the option.
2022-10-20 14:16:50,904 - INFO - <module> : Clicked
2022-10-20 14:16:50,904 - INFO - <module> : Clicked
2022-10-20 14:16:50,904 - INFO - <module> : Clicked
2022-10-20 14:16:50,904 - INFO - <module> : Clicked
2022-10-20 14:16:53,882 - INFO - <module> : Populate the following fields by selecting from one of the picklist values, as applicable:
- Province
- City/Municipality
- Barangay
- Subdivision
- Street
- House/Unit No./ Floor/ Building
2022-10-20 14:16:53,882 - INFO - <module> : Populate the following fields by selecting from one of the picklist values, as applicable:
- Province
- City/Municipality
- Barangay
- Subdivision
- Street
- House/Unit No./ Floor/ Building
2022-10-20 14:16:53,882 - INFO - <module> : Populate the following fields by selecting from one of the picklist values, as applicable:
- Province
- City/Municipality
- Barangay
- Subdivision
- Street
- House/Unit No./ Floor/ Building
2022-10-20 14:16:53,882 - INFO - <module> : Populate the following fields by selecting from one of the picklist values, as applicable:
- Province
- City/Municipality
- Barangay
- Subdivision
- Street
- House/Unit No./ Floor/ Building
2022-10-20 14:16:54,034 - INFO - <module> : Clicked
2022-10-20 14:16:54,034 - INFO - <module> : Clicked
2022-10-20 14:16:54,034 - INFO - <module> : Clicked
2022-10-20 14:16:54,034 - INFO - <module> : Clicked
2022-10-20 14:16:54,606 - INFO - <module> : Clicked
2022-10-20 14:16:54,606 - INFO - <module> : Clicked
2022-10-20 14:16:54,606 - INFO - <module> : Clicked
2022-10-20 14:16:54,606 - INFO - <module> : Clicked
2022-10-20 14:16:55,174 - INFO - <module> : Clicked
2022-10-20 14:16:55,174 - INFO - <module> : Clicked
2022-10-20 14:16:55,174 - INFO - <module> : Clicked
2022-10-20 14:16:55,174 - INFO - <module> : Clicked
2022-10-20 14:16:55,749 - INFO - <module> : Clicked
2022-10-20 14:16:55,749 - INFO - <module> : Clicked
2022-10-20 14:16:55,749 - INFO - <module> : Clicked
2022-10-20 14:16:55,749 - INFO - <module> : Clicked
2022-10-20 14:16:56,328 - INFO - <module> : Clicked
2022-10-20 14:16:56,328 - INFO - <module> : Clicked
2022-10-20 14:16:56,328 - INFO - <module> : Clicked
2022-10-20 14:16:56,328 - INFO - <module> : Clicked
2022-10-20 14:16:56,399 - INFO - <module> : input: 123
2022-10-20 14:16:56,399 - INFO - <module> : input: 123
2022-10-20 14:16:56,399 - INFO - <module> : input: 123
2022-10-20 14:16:56,399 - INFO - <module> : input: 123
2022-10-20 14:16:59,349 - INFO - <module> : Populate 'Pole Number' field using the values encoded in the prior report.
2022-10-20 14:16:59,349 - INFO - <module> : Populate 'Pole Number' field using the values encoded in the prior report.
2022-10-20 14:16:59,349 - INFO - <module> : Populate 'Pole Number' field using the values encoded in the prior report.
2022-10-20 14:16:59,349 - INFO - <module> : Populate 'Pole Number' field using the values encoded in the prior report.
2022-10-20 14:16:59,524 - INFO - <module> : input: 39
2022-10-20 14:16:59,524 - INFO - <module> : input: 39
2022-10-20 14:16:59,524 - INFO - <module> : input: 39
2022-10-20 14:16:59,524 - INFO - <module> : input: 39
2022-10-20 14:17:02,439 - INFO - <module> : Select any other field in the form.
2022-10-20 14:17:02,439 - INFO - <module> : Select any other field in the form.
2022-10-20 14:17:02,439 - INFO - <module> : Select any other field in the form.
2022-10-20 14:17:02,439 - INFO - <module> : Select any other field in the form.
2022-10-20 14:17:02,549 - INFO - <module> : Clicked
2022-10-20 14:17:02,549 - INFO - <module> : Clicked
2022-10-20 14:17:02,549 - INFO - <module> : Clicked
2022-10-20 14:17:02,549 - INFO - <module> : Clicked
2022-10-20 14:17:02,579 - INFO - <module> : Clicked
2022-10-20 14:17:02,579 - INFO - <module> : Clicked
2022-10-20 14:17:02,579 - INFO - <module> : Clicked
2022-10-20 14:17:02,579 - INFO - <module> : Clicked
2022-10-20 14:17:11,158 - INFO - <module> : Clicked
2022-10-20 14:17:11,158 - INFO - <module> : Clicked
2022-10-20 14:17:11,158 - INFO - <module> : Clicked
2022-10-20 14:17:11,158 - INFO - <module> : Clicked
2022-10-20 14:17:14,114 - INFO - <module> : Access outage reporting form for Guest users.
2022-10-20 14:17:14,114 - INFO - <module> : Access outage reporting form for Guest users.
2022-10-20 14:17:14,114 - INFO - <module> : Access outage reporting form for Guest users.
2022-10-20 14:17:14,114 - INFO - <module> : Access outage reporting form for Guest users.
2022-10-20 14:17:25,796 - INFO - <module> : Opened: https://fuat-meralco.cs73.force.com/customers/s/outagemap
2022-10-20 14:17:25,796 - INFO - <module> : Opened: https://fuat-meralco.cs73.force.com/customers/s/outagemap
2022-10-20 14:17:25,796 - INFO - <module> : Opened: https://fuat-meralco.cs73.force.com/customers/s/outagemap
2022-10-20 14:17:25,796 - INFO - <module> : Opened: https://fuat-meralco.cs73.force.com/customers/s/outagemap
2022-10-20 14:17:51,966 - INFO - <module> : Meralco would like to access your location to identify if your area is affected by an outage. exists
2022-10-20 14:17:51,966 - INFO - <module> : Meralco would like to access your location to identify if your area is affected by an outage. exists
2022-10-20 14:17:51,966 - INFO - <module> : Meralco would like to access your location to identify if your area is affected by an outage. exists
2022-10-20 14:17:51,966 - INFO - <module> : Meralco would like to access your location to identify if your area is affected by an outage. exists
2022-10-20 14:17:54,062 - INFO - <module> : Clicked
2022-10-20 14:17:54,062 - INFO - <module> : Clicked
2022-10-20 14:17:54,062 - INFO - <module> : Clicked
2022-10-20 14:17:54,062 - INFO - <module> : Clicked
2022-10-20 14:17:58,168 - INFO - <module> : Clicked
2022-10-20 14:17:58,168 - INFO - <module> : Clicked
2022-10-20 14:17:58,168 - INFO - <module> : Clicked
2022-10-20 14:17:58,168 - INFO - <module> : Clicked
2022-10-20 14:18:06,227 - INFO - <module> : Report an Outage or Incident exists
2022-10-20 14:18:06,227 - INFO - <module> : Report an Outage or Incident exists
2022-10-20 14:18:06,227 - INFO - <module> : Report an Outage or Incident exists
2022-10-20 14:18:06,227 - INFO - <module> : Report an Outage or Incident exists
2022-10-20 14:18:09,246 - INFO - <module> : Choose 'Streetlight Concern' from the 'What are you reporting?' option.
2022-10-20 14:18:09,246 - INFO - <module> : Choose 'Streetlight Concern' from the 'What are you reporting?' option.
2022-10-20 14:18:09,246 - INFO - <module> : Choose 'Streetlight Concern' from the 'What are you reporting?' option.
2022-10-20 14:18:09,246 - INFO - <module> : Choose 'Streetlight Concern' from the 'What are you reporting?' option.
2022-10-20 14:18:09,401 - INFO - <module> : Clicked
2022-10-20 14:18:09,401 - INFO - <module> : Clicked
2022-10-20 14:18:09,401 - INFO - <module> : Clicked
2022-10-20 14:18:09,401 - INFO - <module> : Clicked
2022-10-20 14:18:12,518 - INFO - <module> : Choose 'Yes' from the options.
2022-10-20 14:18:12,518 - INFO - <module> : Choose 'Yes' from the options.
2022-10-20 14:18:12,518 - INFO - <module> : Choose 'Yes' from the options.
2022-10-20 14:18:12,518 - INFO - <module> : Choose 'Yes' from the options.
2022-10-20 14:18:12,720 - INFO - <module> : Clicked
2022-10-20 14:18:12,720 - INFO - <module> : Clicked
2022-10-20 14:18:12,720 - INFO - <module> : Clicked
2022-10-20 14:18:12,720 - INFO - <module> : Clicked
2022-10-20 14:18:15,786 - INFO - <module> : Click the dropdown field for Q2.
2022-10-20 14:18:15,786 - INFO - <module> : Click the dropdown field for Q2.
2022-10-20 14:18:15,786 - INFO - <module> : Click the dropdown field for Q2.
2022-10-20 14:18:15,786 - INFO - <module> : Click the dropdown field for Q2.
2022-10-20 14:18:15,949 - INFO - <module> : Clicked
2022-10-20 14:18:15,949 - INFO - <module> : Clicked
2022-10-20 14:18:15,949 - INFO - <module> : Clicked
2022-10-20 14:18:15,949 - INFO - <module> : Clicked
2022-10-20 14:18:19,141 - INFO - <module> : Choose 'Streetlight is not on or has no power' from the option.
2022-10-20 14:18:19,141 - INFO - <module> : Choose 'Streetlight is not on or has no power' from the option.
2022-10-20 14:18:19,141 - INFO - <module> : Choose 'Streetlight is not on or has no power' from the option.
2022-10-20 14:18:19,141 - INFO - <module> : Choose 'Streetlight is not on or has no power' from the option.
2022-10-20 14:18:19,292 - INFO - <module> : Clicked
2022-10-20 14:18:19,292 - INFO - <module> : Clicked
2022-10-20 14:18:19,292 - INFO - <module> : Clicked
2022-10-20 14:18:19,292 - INFO - <module> : Clicked
2022-10-20 14:18:22,798 - INFO - <module> : Populate the following fields by selecting from one of the picklist values, as applicable:
- Province
- City/Municipality
- Barangay
- Subdivision
- Street
- House/Unit No./ Floor/ Building
2022-10-20 14:18:22,798 - INFO - <module> : Populate the following fields by selecting from one of the picklist values, as applicable:
- Province
- City/Municipality
- Barangay
- Subdivision
- Street
- House/Unit No./ Floor/ Building
2022-10-20 14:18:22,798 - INFO - <module> : Populate the following fields by selecting from one of the picklist values, as applicable:
- Province
- City/Municipality
- Barangay
- Subdivision
- Street
- House/Unit No./ Floor/ Building
2022-10-20 14:18:22,798 - INFO - <module> : Populate the following fields by selecting from one of the picklist values, as applicable:
- Province
- City/Municipality
- Barangay
- Subdivision
- Street
- House/Unit No./ Floor/ Building
2022-10-20 14:18:22,999 - INFO - <module> : Clicked
2022-10-20 14:18:22,999 - INFO - <module> : Clicked
2022-10-20 14:18:22,999 - INFO - <module> : Clicked
2022-10-20 14:18:22,999 - INFO - <module> : Clicked
2022-10-20 14:18:24,061 - INFO - <module> : Clicked
2022-10-20 14:18:24,061 - INFO - <module> : Clicked
2022-10-20 14:18:24,061 - INFO - <module> : Clicked
2022-10-20 14:18:24,061 - INFO - <module> : Clicked
2022-10-20 14:18:24,633 - INFO - <module> : Clicked
2022-10-20 14:18:24,633 - INFO - <module> : Clicked
2022-10-20 14:18:24,633 - INFO - <module> : Clicked
2022-10-20 14:18:24,633 - INFO - <module> : Clicked
2022-10-20 14:18:25,222 - INFO - <module> : Clicked
2022-10-20 14:18:25,222 - INFO - <module> : Clicked
2022-10-20 14:18:25,222 - INFO - <module> : Clicked
2022-10-20 14:18:25,222 - INFO - <module> : Clicked
2022-10-20 14:18:25,786 - INFO - <module> : Clicked
2022-10-20 14:18:25,786 - INFO - <module> : Clicked
2022-10-20 14:18:25,786 - INFO - <module> : Clicked
2022-10-20 14:18:25,786 - INFO - <module> : Clicked
2022-10-20 14:18:25,861 - INFO - <module> : input: 123
2022-10-20 14:18:25,861 - INFO - <module> : input: 123
2022-10-20 14:18:25,861 - INFO - <module> : input: 123
2022-10-20 14:18:25,861 - INFO - <module> : input: 123
2022-10-20 14:18:28,890 - INFO - <module> : Populate 'Pole Number' field using the values encoded in the prior report.
2022-10-20 14:18:28,890 - INFO - <module> : Populate 'Pole Number' field using the values encoded in the prior report.
2022-10-20 14:18:28,890 - INFO - <module> : Populate 'Pole Number' field using the values encoded in the prior report.
2022-10-20 14:18:28,890 - INFO - <module> : Populate 'Pole Number' field using the values encoded in the prior report.
2022-10-20 14:18:29,081 - INFO - <module> : input: 39
2022-10-20 14:18:29,081 - INFO - <module> : input: 39
2022-10-20 14:18:29,081 - INFO - <module> : input: 39
2022-10-20 14:18:29,081 - INFO - <module> : input: 39
2022-10-20 14:18:33,688 - INFO - <module> : Clicked
2022-10-20 14:18:33,688 - INFO - <module> : Clicked
2022-10-20 14:18:33,688 - INFO - <module> : Clicked
2022-10-20 14:18:33,688 - INFO - <module> : Clicked
2022-10-20 14:18:33,729 - INFO - <module> : Clicked
2022-10-20 14:18:33,729 - INFO - <module> : Clicked
2022-10-20 14:18:33,729 - INFO - <module> : Clicked
2022-10-20 14:18:33,729 - INFO - <module> : Clicked
2022-10-20 14:18:38,271 - INFO - <module> : Clicked
2022-10-20 14:18:38,271 - INFO - <module> : Clicked
2022-10-20 14:18:38,271 - INFO - <module> : Clicked
2022-10-20 14:18:38,271 - INFO - <module> : Clicked
2022-10-20 14:18:45,215 - INFO - <module> : Select the 'Landmarks/Directions' option and input values in the text box.
2022-10-20 14:18:45,215 - INFO - <module> : Select the 'Landmarks/Directions' option and input values in the text box.
2022-10-20 14:18:45,215 - INFO - <module> : Select the 'Landmarks/Directions' option and input values in the text box.
2022-10-20 14:18:45,215 - INFO - <module> : Select the 'Landmarks/Directions' option and input values in the text box.
2022-10-20 14:18:45,352 - INFO - <module> : Clicked
2022-10-20 14:18:45,352 - INFO - <module> : Clicked
2022-10-20 14:18:45,352 - INFO - <module> : Clicked
2022-10-20 14:18:45,352 - INFO - <module> : Clicked
2022-10-20 14:18:46,550 - INFO - setup : Close Browser
