2023-01-06 12:46:27,873 - INFO - setup : Browser Launched!
2023-01-06 12:46:37,713 - INFO - <module> : ==========Log in==========
2023-01-06 12:46:37,713 - INFO - <module> : ==========Log in==========
2023-01-06 12:46:37,713 - INFO - <module> : ==========Log in==========
2023-01-06 12:46:37,713 - INFO - <module> : ==========Log in==========
2023-01-06 12:46:39,231 - INFO - <module> : Login to Meralco Online
2023-01-06 12:46:39,231 - INFO - <module> : Login to Meralco Online
2023-01-06 12:46:39,231 - INFO - <module> : Login to Meralco Online
2023-01-06 12:46:39,231 - INFO - <module> : Login to Meralco Online
2023-01-06 12:46:39,421 - INFO - <module> : input: ATNewSAMO@yopmail.com
2023-01-06 12:46:39,421 - INFO - <module> : input: ATNewSAMO@yopmail.com
2023-01-06 12:46:39,421 - INFO - <module> : input: ATNewSAMO@yopmail.com
2023-01-06 12:46:39,421 - INFO - <module> : input: ATNewSAMO@yopmail.com
2023-01-06 12:46:39,552 - INFO - <module> : input: Meralco05
2023-01-06 12:46:39,552 - INFO - <module> : input: Meralco05
2023-01-06 12:46:39,552 - INFO - <module> : input: Meralco05
2023-01-06 12:46:39,552 - INFO - <module> : input: Meralco05
2023-01-06 12:46:39,653 - INFO - <module> : Clicked
2023-01-06 12:46:39,653 - INFO - <module> : Clicked
2023-01-06 12:46:39,653 - INFO - <module> : Clicked
2023-01-06 12:46:39,653 - INFO - <module> : Clicked
2023-01-06 12:46:42,125 - INFO - <module> : Hello, exists
2023-01-06 12:46:42,125 - INFO - <module> : Hello, exists
2023-01-06 12:46:42,125 - INFO - <module> : Hello, exists
2023-01-06 12:46:42,125 - INFO - <module> : Hello, exists
2023-01-06 12:46:45,992 - INFO - <module> : Go to Accounts> Manage Accounts
2023-01-06 12:46:45,992 - INFO - <module> : Go to Accounts> Manage Accounts
2023-01-06 12:46:45,992 - INFO - <module> : Go to Accounts> Manage Accounts
2023-01-06 12:46:45,992 - INFO - <module> : Go to Accounts> Manage Accounts
2023-01-06 12:46:46,217 - INFO - <module> : Clicked
2023-01-06 12:46:46,217 - INFO - <module> : Clicked
2023-01-06 12:46:46,217 - INFO - <module> : Clicked
2023-01-06 12:46:46,217 - INFO - <module> : Clicked
2023-01-06 12:46:47,830 - INFO - <module> : Accounts exists
2023-01-06 12:46:47,830 - INFO - <module> : Accounts exists
2023-01-06 12:46:47,830 - INFO - <module> : Accounts exists
2023-01-06 12:46:47,830 - INFO - <module> : Accounts exists
2023-01-06 12:46:51,738 - INFO - <module> : Search then Select Account > Click Reactivate Electric Service button
2023-01-06 12:46:51,738 - INFO - <module> : Search then Select Account > Click Reactivate Electric Service button
2023-01-06 12:46:51,738 - INFO - <module> : Search then Select Account > Click Reactivate Electric Service button
2023-01-06 12:46:51,738 - INFO - <module> : Search then Select Account > Click Reactivate Electric Service button
2023-01-06 12:46:51,898 - INFO - <module> : Clicked
2023-01-06 12:46:51,898 - INFO - <module> : Clicked
2023-01-06 12:46:51,898 - INFO - <module> : Clicked
2023-01-06 12:46:51,898 - INFO - <module> : Clicked
2023-01-06 12:46:52,153 - INFO - setup : Close Browser
