2022-10-26 15:20:06,923 - INFO - setup : Browser Launched!
2022-10-26 15:20:20,175 - INFO - <module> : Click on burger menu > Search Locations > Select Service ID No. > Search SIN
2022-10-26 15:20:20,175 - INFO - <module> : Click on burger menu > Search Locations > Select Service ID No. > Search SIN
2022-10-26 15:20:20,175 - INFO - <module> : Click on burger menu > Search Locations > Select Service ID No. > Search SIN
2022-10-26 15:20:20,175 - INFO - <module> : Click on burger menu > Search Locations > Select Service ID No. > Search SIN
2022-10-26 15:20:22,942 - INFO - <module> : Opened: https://outage-api.meralco.com.ph/
2022-10-26 15:20:22,942 - INFO - <module> : Opened: https://outage-api.meralco.com.ph/
2022-10-26 15:20:22,942 - INFO - <module> : Opened: https://outage-api.meralco.com.ph/
2022-10-26 15:20:22,942 - INFO - <module> : Opened: https://outage-api.meralco.com.ph/
2022-10-26 15:20:25,719 - INFO - <module> : input: v-lvlgalvez@meralco.com.ph
2022-10-26 15:20:25,719 - INFO - <module> : input: v-lvlgalvez@meralco.com.ph
2022-10-26 15:20:25,719 - INFO - <module> : input: v-lvlgalvez@meralco.com.ph
2022-10-26 15:20:25,719 - INFO - <module> : input: v-lvlgalvez@meralco.com.ph
2022-10-26 15:20:25,776 - INFO - <module> : Clicked
2022-10-26 15:20:25,776 - INFO - <module> : Clicked
2022-10-26 15:20:25,776 - INFO - <module> : Clicked
2022-10-26 15:20:25,776 - INFO - <module> : Clicked
2022-10-26 15:20:26,855 - INFO - <module> : input: Mecopass@@!!129
2022-10-26 15:20:26,855 - INFO - <module> : input: Mecopass@@!!129
2022-10-26 15:20:26,855 - INFO - <module> : input: Mecopass@@!!129
2022-10-26 15:20:26,855 - INFO - <module> : input: Mecopass@@!!129
2022-10-26 15:20:27,824 - INFO - <module> : Clicked
2022-10-26 15:20:27,824 - INFO - <module> : Clicked
2022-10-26 15:20:27,824 - INFO - <module> : Clicked
2022-10-26 15:20:27,824 - INFO - <module> : Clicked
2022-10-26 15:20:28,415 - INFO - <module> : Clicked
2022-10-26 15:20:28,415 - INFO - <module> : Clicked
2022-10-26 15:20:28,415 - INFO - <module> : Clicked
2022-10-26 15:20:28,415 - INFO - <module> : Clicked
2022-10-26 15:21:23,580 - INFO - setup : Close Browser
