2022-10-13 15:34:36,205 - INFO - setup : Browser Launched!
2022-10-13 15:34:43,028 - INFO - <module> : Login to Meralco Online
2022-10-13 15:34:43,028 - INFO - <module> : Login to Meralco Online
2022-10-13 15:34:43,028 - INFO - <module> : Login to Meralco Online
2022-10-13 15:34:43,028 - INFO - <module> : Login to Meralco Online
2022-10-13 15:34:43,173 - INFO - <module> : input: atmooutageaccount@yopmail.com
2022-10-13 15:34:43,173 - INFO - <module> : input: atmooutageaccount@yopmail.com
2022-10-13 15:34:43,173 - INFO - <module> : input: atmooutageaccount@yopmail.com
2022-10-13 15:34:43,173 - INFO - <module> : input: atmooutageaccount@yopmail.com
2022-10-13 15:34:43,317 - INFO - <module> : input: Meralco01
2022-10-13 15:34:43,317 - INFO - <module> : input: Meralco01
2022-10-13 15:34:43,317 - INFO - <module> : input: Meralco01
2022-10-13 15:34:43,317 - INFO - <module> : input: Meralco01
2022-10-13 15:34:43,383 - INFO - <module> : Log in clicked
2022-10-13 15:34:43,383 - INFO - <module> : Log in clicked
2022-10-13 15:34:43,383 - INFO - <module> : Log in clicked
2022-10-13 15:34:43,383 - INFO - <module> : Log in clicked
2022-10-13 15:34:51,704 - INFO - <module> : Hello, exists
2022-10-13 15:34:51,704 - INFO - <module> : Hello, exists
2022-10-13 15:34:51,704 - INFO - <module> : Hello, exists
2022-10-13 15:34:51,704 - INFO - <module> : Hello, exists
2022-10-13 15:34:51,724 - INFO - <module> : Hello, exists
2022-10-13 15:34:51,724 - INFO - <module> : Hello, exists
2022-10-13 15:34:51,724 - INFO - <module> : Hello, exists
2022-10-13 15:34:51,724 - INFO - <module> : Hello, exists
2022-10-13 15:34:54,499 - INFO - <module> : Go to Outages & Incidents > View/Report Outages > Tick Address on View Outages by > tick Current Address
2022-10-13 15:34:54,499 - INFO - <module> : Go to Outages & Incidents > View/Report Outages > Tick Address on View Outages by > tick Current Address
2022-10-13 15:34:54,499 - INFO - <module> : Go to Outages & Incidents > View/Report Outages > Tick Address on View Outages by > tick Current Address
2022-10-13 15:34:54,499 - INFO - <module> : Go to Outages & Incidents > View/Report Outages > Tick Address on View Outages by > tick Current Address
2022-10-13 15:34:54,574 - INFO - <module> : Outages & Incidents clicked
2022-10-13 15:34:54,574 - INFO - <module> : Outages & Incidents clicked
2022-10-13 15:34:54,574 - INFO - <module> : Outages & Incidents clicked
2022-10-13 15:34:54,574 - INFO - <module> : Outages & Incidents clicked
2022-10-13 15:34:54,630 - INFO - <module> :  clicked
2022-10-13 15:34:54,630 - INFO - <module> :  clicked
2022-10-13 15:34:54,630 - INFO - <module> :  clicked
2022-10-13 15:34:54,630 - INFO - <module> :  clicked
2022-10-13 15:34:58,470 - INFO - setup : Close Browser
