2022-10-27 14:13:22,140 - INFO - setup : Browser Launched!
2022-10-27 14:13:33,141 - INFO - <module> : Click Map Views icon in Internal Map -> Select Satellite
2022-10-27 14:13:33,141 - INFO - <module> : Click Map Views icon in Internal Map -> Select Satellite
2022-10-27 14:13:33,141 - INFO - <module> : Click Map Views icon in Internal Map -> Select Satellite
2022-10-27 14:13:33,141 - INFO - <module> : Click Map Views icon in Internal Map -> Select Satellite
2022-10-27 14:13:35,876 - INFO - <module> : Opened: https://outage-api.meralco.com.ph/
2022-10-27 14:13:35,876 - INFO - <module> : Opened: https://outage-api.meralco.com.ph/
2022-10-27 14:13:35,876 - INFO - <module> : Opened: https://outage-api.meralco.com.ph/
2022-10-27 14:13:35,876 - INFO - <module> : Opened: https://outage-api.meralco.com.ph/
2022-10-27 14:13:36,589 - INFO - <module> : input: v-lvlgalvez@meralco.com.ph
2022-10-27 14:13:36,589 - INFO - <module> : input: v-lvlgalvez@meralco.com.ph
2022-10-27 14:13:36,589 - INFO - <module> : input: v-lvlgalvez@meralco.com.ph
2022-10-27 14:13:36,589 - INFO - <module> : input: v-lvlgalvez@meralco.com.ph
2022-10-27 14:13:36,648 - INFO - <module> : Clicked
2022-10-27 14:13:36,648 - INFO - <module> : Clicked
2022-10-27 14:13:36,648 - INFO - <module> : Clicked
2022-10-27 14:13:36,648 - INFO - <module> : Clicked
2022-10-27 14:13:37,744 - INFO - <module> : input: Mecopass@@!!129
2022-10-27 14:13:37,744 - INFO - <module> : input: Mecopass@@!!129
2022-10-27 14:13:37,744 - INFO - <module> : input: Mecopass@@!!129
2022-10-27 14:13:37,744 - INFO - <module> : input: Mecopass@@!!129
2022-10-27 14:13:38,336 - INFO - <module> : Clicked
2022-10-27 14:13:38,336 - INFO - <module> : Clicked
2022-10-27 14:13:38,336 - INFO - <module> : Clicked
2022-10-27 14:13:38,336 - INFO - <module> : Clicked
2022-10-27 14:13:38,935 - INFO - <module> : Clicked
2022-10-27 14:13:38,935 - INFO - <module> : Clicked
2022-10-27 14:13:38,935 - INFO - <module> : Clicked
2022-10-27 14:13:38,935 - INFO - <module> : Clicked
2022-10-27 14:14:07,016 - INFO - <module> : Clicked
2022-10-27 14:14:07,016 - INFO - <module> : Clicked
2022-10-27 14:14:07,016 - INFO - <module> : Clicked
2022-10-27 14:14:07,016 - INFO - <module> : Clicked
2022-10-27 14:14:11,083 - INFO - <module> :  clicked
2022-10-27 14:14:11,083 - INFO - <module> :  clicked
2022-10-27 14:14:11,083 - INFO - <module> :  clicked
2022-10-27 14:14:11,083 - INFO - <module> :  clicked
2022-10-27 14:14:11,255 - INFO - setup : Close Browser
