2023-01-11 14:14:24,566 - INFO - setup : Browser Launched!
2023-01-11 14:14:54,966 - INFO - <module> : Opened: https://fuat-meralco.cs73.force.com/customers/s/cxe-apply
2023-01-11 14:14:54,966 - INFO - <module> : Opened: https://fuat-meralco.cs73.force.com/customers/s/cxe-apply
2023-01-11 14:14:54,966 - INFO - <module> : Opened: https://fuat-meralco.cs73.force.com/customers/s/cxe-apply
2023-01-11 14:14:54,966 - INFO - <module> : Opened: https://fuat-meralco.cs73.force.com/customers/s/cxe-apply
2023-01-11 14:14:54,966 - INFO - <module> : Opened: https://fuat-meralco.cs73.force.com/customers/s/cxe-apply
2023-01-11 14:14:55,813 - INFO - <module> : Service Application exists
2023-01-11 14:14:55,813 - INFO - <module> : Service Application exists
2023-01-11 14:14:55,813 - INFO - <module> : Service Application exists
2023-01-11 14:14:55,813 - INFO - <module> : Service Application exists
2023-01-11 14:14:55,813 - INFO - <module> : Service Application exists
2023-01-11 14:14:58,997 - INFO - <module> : Clicked
2023-01-11 14:14:58,997 - INFO - <module> : Clicked
2023-01-11 14:14:58,997 - INFO - <module> : Clicked
2023-01-11 14:14:58,997 - INFO - <module> : Clicked
2023-01-11 14:14:58,997 - INFO - <module> : Clicked
2023-01-11 14:15:02,017 - INFO - <module> : Clicked
2023-01-11 14:15:02,017 - INFO - <module> : Clicked
2023-01-11 14:15:02,017 - INFO - <module> : Clicked
2023-01-11 14:15:02,017 - INFO - <module> : Clicked
2023-01-11 14:15:02,017 - INFO - <module> : Clicked
2023-01-11 14:15:04,683 - INFO - <module> : X
Cancel
Would you like to avail a Private Electrical Contractor Certified by Meralco (PECCBM) Service?
The Private Electrical Contractor Certified By MERALCO (PECCBM) is a program which aims to enhance customers’ experience in their service applications by ensuring timely, safe and hassle-free energization. The PECCBM performs installation of service entrance and private poles and provide assistance in securing permits needed for electric service. The PECCBM is composed of third-party service providers who are licensed by the Philippine Contractors Accreditation Board (PCAB).
YesNo exists
2023-01-11 14:15:04,683 - INFO - <module> : X
Cancel
Would you like to avail a Private Electrical Contractor Certified by Meralco (PECCBM) Service?
The Private Electrical Contractor Certified By MERALCO (PECCBM) is a program which aims to enhance customers’ experience in their service applications by ensuring timely, safe and hassle-free energization. The PECCBM performs installation of service entrance and private poles and provide assistance in securing permits needed for electric service. The PECCBM is composed of third-party service providers who are licensed by the Philippine Contractors Accreditation Board (PCAB).
YesNo exists
2023-01-11 14:15:04,683 - INFO - <module> : X
Cancel
Would you like to avail a Private Electrical Contractor Certified by Meralco (PECCBM) Service?
The Private Electrical Contractor Certified By MERALCO (PECCBM) is a program which aims to enhance customers’ experience in their service applications by ensuring timely, safe and hassle-free energization. The PECCBM performs installation of service entrance and private poles and provide assistance in securing permits needed for electric service. The PECCBM is composed of third-party service providers who are licensed by the Philippine Contractors Accreditation Board (PCAB).
YesNo exists
2023-01-11 14:15:04,683 - INFO - <module> : X
Cancel
Would you like to avail a Private Electrical Contractor Certified by Meralco (PECCBM) Service?
The Private Electrical Contractor Certified By MERALCO (PECCBM) is a program which aims to enhance customers’ experience in their service applications by ensuring timely, safe and hassle-free energization. The PECCBM performs installation of service entrance and private poles and provide assistance in securing permits needed for electric service. The PECCBM is composed of third-party service providers who are licensed by the Philippine Contractors Accreditation Board (PCAB).
YesNo exists
2023-01-11 14:15:04,683 - INFO - <module> : X
Cancel
Would you like to avail a Private Electrical Contractor Certified by Meralco (PECCBM) Service?
The Private Electrical Contractor Certified By MERALCO (PECCBM) is a program which aims to enhance customers’ experience in their service applications by ensuring timely, safe and hassle-free energization. The PECCBM performs installation of service entrance and private poles and provide assistance in securing permits needed for electric service. The PECCBM is composed of third-party service providers who are licensed by the Philippine Contractors Accreditation Board (PCAB).
YesNo exists
2023-01-11 14:15:07,395 - INFO - <module> : Clicked
2023-01-11 14:15:07,395 - INFO - <module> : Clicked
2023-01-11 14:15:07,395 - INFO - <module> : Clicked
2023-01-11 14:15:07,395 - INFO - <module> : Clicked
2023-01-11 14:15:07,395 - INFO - <module> : Clicked
2023-01-11 14:15:14,950 - INFO - setup : Close Browser
