2022-12-22 09:31:04,317 - INFO - setup : Browser Launched!
2022-12-22 09:31:37,693 - INFO - <module> : Login to Meralco Online
2022-12-22 09:31:37,693 - INFO - <module> : Login to Meralco Online
2022-12-22 09:31:37,693 - INFO - <module> : Login to Meralco Online
2022-12-22 09:31:37,693 - INFO - <module> : Login to Meralco Online
2022-12-22 09:31:41,052 - INFO - <module> : input: EarlMO@yopmail.com
2022-12-22 09:31:41,052 - INFO - <module> : input: EarlMO@yopmail.com
2022-12-22 09:31:41,052 - INFO - <module> : input: EarlMO@yopmail.com
2022-12-22 09:31:41,052 - INFO - <module> : input: EarlMO@yopmail.com
2022-12-22 09:31:41,380 - INFO - <module> : input: Meralco01
2022-12-22 09:31:41,380 - INFO - <module> : input: Meralco01
2022-12-22 09:31:41,380 - INFO - <module> : input: Meralco01
2022-12-22 09:31:41,380 - INFO - <module> : input: Meralco01
2022-12-22 09:31:42,644 - INFO - <module> : Clicked
2022-12-22 09:31:42,644 - INFO - <module> : Clicked
2022-12-22 09:31:42,644 - INFO - <module> : Clicked
2022-12-22 09:31:42,644 - INFO - <module> : Clicked
2022-12-22 09:31:48,925 - INFO - <module> : Hello, Earl exists
2022-12-22 09:31:48,925 - INFO - <module> : Hello, Earl exists
2022-12-22 09:31:48,925 - INFO - <module> : Hello, Earl exists
2022-12-22 09:31:48,925 - INFO - <module> : Hello, Earl exists
2022-12-22 09:32:01,940 - INFO - <module> : Click on Request for a Service tile
2022-12-22 09:32:01,940 - INFO - <module> : Click on Request for a Service tile
2022-12-22 09:32:01,940 - INFO - <module> : Click on Request for a Service tile
2022-12-22 09:32:01,940 - INFO - <module> : Click on Request for a Service tile
2022-12-22 09:32:05,386 - INFO - <module> : Clicked
2022-12-22 09:32:05,386 - INFO - <module> : Clicked
2022-12-22 09:32:05,386 - INFO - <module> : Clicked
2022-12-22 09:32:05,386 - INFO - <module> : Clicked
2022-12-22 09:32:10,825 - INFO - <module> :  clicked
2022-12-22 09:32:10,825 - INFO - <module> :  clicked
2022-12-22 09:32:10,825 - INFO - <module> :  clicked
2022-12-22 09:32:10,825 - INFO - <module> :  clicked
2022-12-22 09:32:16,483 - INFO - <module> : Populate all required fields in Contact Information tab > Click Next
2022-12-22 09:32:16,483 - INFO - <module> : Populate all required fields in Contact Information tab > Click Next
2022-12-22 09:32:16,483 - INFO - <module> : Populate all required fields in Contact Information tab > Click Next
2022-12-22 09:32:16,483 - INFO - <module> : Populate all required fields in Contact Information tab > Click Next
2022-12-22 09:32:25,072 - INFO - <module> : Clicked
2022-12-22 09:32:25,072 - INFO - <module> : Clicked
2022-12-22 09:32:25,072 - INFO - <module> : Clicked
2022-12-22 09:32:25,072 - INFO - <module> : Clicked
2022-12-22 09:32:30,624 - INFO - <module> : Populate the following:
Service Address
Province
City / Municipality
Home Ownership
Billing Address Indicator
2022-12-22 09:32:30,624 - INFO - <module> : Populate the following:
Service Address
Province
City / Municipality
Home Ownership
Billing Address Indicator
2022-12-22 09:32:30,624 - INFO - <module> : Populate the following:
Service Address
Province
City / Municipality
Home Ownership
Billing Address Indicator
2022-12-22 09:32:30,624 - INFO - <module> : Populate the following:
Service Address
Province
City / Municipality
Home Ownership
Billing Address Indicator
2022-12-22 09:32:31,033 - INFO - <module> : input: 123 Santo Tomas
2022-12-22 09:32:31,033 - INFO - <module> : input: 123 Santo Tomas
2022-12-22 09:32:31,033 - INFO - <module> : input: 123 Santo Tomas
2022-12-22 09:32:31,033 - INFO - <module> : input: 123 Santo Tomas
2022-12-22 09:32:34,185 - INFO - <module> : Clicked
2022-12-22 09:32:34,185 - INFO - <module> : Clicked
2022-12-22 09:32:34,185 - INFO - <module> : Clicked
2022-12-22 09:32:34,185 - INFO - <module> : Clicked
2022-12-22 09:32:39,728 - INFO - <module> : Populate the following:
Notification indicator
AMC indicator
Paperless Billing indicator
APA indicator
> Attach documents
> Click Next
2022-12-22 09:32:39,728 - INFO - <module> : Populate the following:
Notification indicator
AMC indicator
Paperless Billing indicator
APA indicator
> Attach documents
> Click Next
2022-12-22 09:32:39,728 - INFO - <module> : Populate the following:
Notification indicator
AMC indicator
Paperless Billing indicator
APA indicator
> Attach documents
> Click Next
2022-12-22 09:32:39,728 - INFO - <module> : Populate the following:
Notification indicator
AMC indicator
Paperless Billing indicator
APA indicator
> Attach documents
> Click Next
2022-12-22 09:32:42,548 - INFO - <module> : Clicked
2022-12-22 09:32:42,548 - INFO - <module> : Clicked
2022-12-22 09:32:42,548 - INFO - <module> : Clicked
2022-12-22 09:32:42,548 - INFO - <module> : Clicked
2022-12-22 09:32:48,156 - INFO - <module> : Tick on I have read and agree to the Meralco Online Terms & Conditions and consent to the processing of my personal data in accordance with the Privacy Policy
2022-12-22 09:32:48,156 - INFO - <module> : Tick on I have read and agree to the Meralco Online Terms & Conditions and consent to the processing of my personal data in accordance with the Privacy Policy
2022-12-22 09:32:48,156 - INFO - <module> : Tick on I have read and agree to the Meralco Online Terms & Conditions and consent to the processing of my personal data in accordance with the Privacy Policy
2022-12-22 09:32:48,156 - INFO - <module> : Tick on I have read and agree to the Meralco Online Terms & Conditions and consent to the processing of my personal data in accordance with the Privacy Policy
2022-12-22 09:33:11,179 - INFO - <module> : Clicked
2022-12-22 09:33:11,179 - INFO - <module> : Clicked
2022-12-22 09:33:11,179 - INFO - <module> : Clicked
2022-12-22 09:33:11,179 - INFO - <module> : Clicked
2022-12-22 09:33:16,715 - INFO - <module> : Click Submit
2022-12-22 09:33:16,715 - INFO - <module> : Click Submit
2022-12-22 09:33:16,715 - INFO - <module> : Click Submit
2022-12-22 09:33:16,715 - INFO - <module> : Click Submit
2022-12-22 09:33:23,862 - INFO - <module> : Clicked
2022-12-22 09:33:23,862 - INFO - <module> : Clicked
2022-12-22 09:33:23,862 - INFO - <module> : Clicked
2022-12-22 09:33:23,862 - INFO - <module> : Clicked
2022-12-22 09:33:24,669 - INFO - <module> : Clicked
2022-12-22 09:33:24,669 - INFO - <module> : Clicked
2022-12-22 09:33:24,669 - INFO - <module> : Clicked
2022-12-22 09:33:24,669 - INFO - <module> : Clicked
2022-12-22 09:33:32,935 - INFO - <module> : Clicked
2022-12-22 09:33:32,935 - INFO - <module> : Clicked
2022-12-22 09:33:32,935 - INFO - <module> : Clicked
2022-12-22 09:33:32,935 - INFO - <module> : Clicked
2022-12-22 09:33:33,682 - INFO - <module> : Go to Activity Tracker page
2022-12-22 09:33:33,682 - INFO - <module> : Go to Activity Tracker page
2022-12-22 09:33:33,682 - INFO - <module> : Go to Activity Tracker page
2022-12-22 09:33:33,682 - INFO - <module> : Go to Activity Tracker page
2022-12-22 09:33:36,848 - INFO - <module> : Check if created case is included in activity tracker page
2022-12-22 09:33:36,848 - INFO - <module> : Check if created case is included in activity tracker page
2022-12-22 09:33:36,848 - INFO - <module> : Check if created case is included in activity tracker page
2022-12-22 09:33:36,848 - INFO - <module> : Check if created case is included in activity tracker page
2022-12-22 09:33:40,109 - INFO - <module> : Validate email notification
2022-12-22 09:33:40,109 - INFO - <module> : Validate email notification
2022-12-22 09:33:40,109 - INFO - <module> : Validate email notification
2022-12-22 09:33:40,109 - INFO - <module> : Validate email notification
2022-12-22 09:33:48,169 - INFO - <module> : Opened: https://yopmail.com/en/
2022-12-22 09:33:48,169 - INFO - <module> : Opened: https://yopmail.com/en/
2022-12-22 09:33:48,169 - INFO - <module> : Opened: https://yopmail.com/en/
2022-12-22 09:33:48,169 - INFO - <module> : Opened: https://yopmail.com/en/
2022-12-22 09:33:53,039 - INFO - <module> : input: EarlMO@yopmail.com
2022-12-22 09:33:53,039 - INFO - <module> : input: EarlMO@yopmail.com
2022-12-22 09:33:53,039 - INFO - <module> : input: EarlMO@yopmail.com
2022-12-22 09:33:53,039 - INFO - <module> : input: EarlMO@yopmail.com
2022-12-22 09:33:55,040 - INFO - <module> : Clicked
2022-12-22 09:33:55,040 - INFO - <module> : Clicked
2022-12-22 09:33:55,040 - INFO - <module> : Clicked
2022-12-22 09:33:55,040 - INFO - <module> : Clicked
2022-12-22 09:33:57,639 - INFO - setup : Close Browser
