2022-10-14 14:36:53,777 - INFO - setup : Browser Launched!
2022-10-14 14:37:01,506 - INFO - <module> : Go to https://fuat-meralco.cs73.force.com/customers/s/outagemap
2022-10-14 14:37:01,506 - INFO - <module> : Go to https://fuat-meralco.cs73.force.com/customers/s/outagemap
2022-10-14 14:37:01,506 - INFO - <module> : Go to https://fuat-meralco.cs73.force.com/customers/s/outagemap
2022-10-14 14:37:01,506 - INFO - <module> : Go to https://fuat-meralco.cs73.force.com/customers/s/outagemap
2022-10-14 14:37:06,475 - INFO - <module> : Opened: https://fuat-meralco.cs73.force.com/customers/s/outagemap
2022-10-14 14:37:06,475 - INFO - <module> : Opened: https://fuat-meralco.cs73.force.com/customers/s/outagemap
2022-10-14 14:37:06,475 - INFO - <module> : Opened: https://fuat-meralco.cs73.force.com/customers/s/outagemap
2022-10-14 14:37:06,475 - INFO - <module> : Opened: https://fuat-meralco.cs73.force.com/customers/s/outagemap
2022-10-14 14:37:09,607 - INFO - <module> : Click on Map Views button > Select Terrain on Map Type 
2022-10-14 14:37:09,607 - INFO - <module> : Click on Map Views button > Select Terrain on Map Type 
2022-10-14 14:37:09,607 - INFO - <module> : Click on Map Views button > Select Terrain on Map Type 
2022-10-14 14:37:09,607 - INFO - <module> : Click on Map Views button > Select Terrain on Map Type 
2022-10-14 14:37:09,688 - INFO - <module> : Meralco would like to access your location to identify if your area is affected by an outage. exists
2022-10-14 14:37:09,688 - INFO - <module> : Meralco would like to access your location to identify if your area is affected by an outage. exists
2022-10-14 14:37:09,688 - INFO - <module> : Meralco would like to access your location to identify if your area is affected by an outage. exists
2022-10-14 14:37:09,688 - INFO - <module> : Meralco would like to access your location to identify if your area is affected by an outage. exists
2022-10-14 14:37:09,938 - INFO - <module> : Disagree clicked
2022-10-14 14:37:09,938 - INFO - <module> : Disagree clicked
2022-10-14 14:37:09,938 - INFO - <module> : Disagree clicked
2022-10-14 14:37:09,938 - INFO - <module> : Disagree clicked
2022-10-14 14:37:14,034 - INFO - <module> :  clicked
2022-10-14 14:37:14,034 - INFO - <module> :  clicked
2022-10-14 14:37:14,034 - INFO - <module> :  clicked
2022-10-14 14:37:14,034 - INFO - <module> :  clicked
2022-10-14 14:37:18,741 - INFO - setup : Close Browser
