2023-01-05 11:17:44,057 - INFO - setup : Browser Launched!
2023-01-05 11:18:15,704 - INFO - <module> : Opened: https://fuat-meralco.cs73.force.com/customers/s/cxe-apply
2023-01-05 11:18:15,704 - INFO - <module> : Opened: https://fuat-meralco.cs73.force.com/customers/s/cxe-apply
2023-01-05 11:18:15,704 - INFO - <module> : Opened: https://fuat-meralco.cs73.force.com/customers/s/cxe-apply
2023-01-05 11:18:15,704 - INFO - <module> : Opened: https://fuat-meralco.cs73.force.com/customers/s/cxe-apply
2023-01-05 11:18:21,895 - INFO - <module> : Service Application exists
2023-01-05 11:18:21,895 - INFO - <module> : Service Application exists
2023-01-05 11:18:21,895 - INFO - <module> : Service Application exists
2023-01-05 11:18:21,895 - INFO - <module> : Service Application exists
2023-01-05 11:18:25,286 - INFO - <module> : Clicked
2023-01-05 11:18:25,286 - INFO - <module> : Clicked
2023-01-05 11:18:25,286 - INFO - <module> : Clicked
2023-01-05 11:18:25,286 - INFO - <module> : Clicked
2023-01-05 11:18:28,610 - INFO - <module> : Clicked
2023-01-05 11:18:28,610 - INFO - <module> : Clicked
2023-01-05 11:18:28,610 - INFO - <module> : Clicked
2023-01-05 11:18:28,610 - INFO - <module> : Clicked
2023-01-05 11:18:43,577 - INFO - <module> : Clicked
2023-01-05 11:18:43,577 - INFO - <module> : Clicked
2023-01-05 11:18:43,577 - INFO - <module> : Clicked
2023-01-05 11:18:43,577 - INFO - <module> : Clicked
2023-01-05 11:18:49,993 - INFO - <module> : input: atcontFname
2023-01-05 11:18:49,993 - INFO - <module> : input: atcontFname
2023-01-05 11:18:49,993 - INFO - <module> : input: atcontFname
2023-01-05 11:18:49,993 - INFO - <module> : input: atcontFname
2023-01-05 11:18:50,186 - INFO - <module> : input: atcontLname
2023-01-05 11:18:50,186 - INFO - <module> : input: atcontLname
2023-01-05 11:18:50,186 - INFO - <module> : input: atcontLname
2023-01-05 11:18:50,186 - INFO - <module> : input: atcontLname
2023-01-05 11:18:50,365 - INFO - <module> : input: atcontbusinessName
2023-01-05 11:18:50,365 - INFO - <module> : input: atcontbusinessName
2023-01-05 11:18:50,365 - INFO - <module> : input: atcontbusinessName
2023-01-05 11:18:50,365 - INFO - <module> : input: atcontbusinessName
2023-01-05 11:18:50,539 - INFO - <module> : input: atcontEmailAddress@yopmail.com
2023-01-05 11:18:50,539 - INFO - <module> : input: atcontEmailAddress@yopmail.com
2023-01-05 11:18:50,539 - INFO - <module> : input: atcontEmailAddress@yopmail.com
2023-01-05 11:18:50,539 - INFO - <module> : input: atcontEmailAddress@yopmail.com
2023-01-05 11:18:50,672 - INFO - <module> : input: +639234567891
2023-01-05 11:18:50,672 - INFO - <module> : input: +639234567891
2023-01-05 11:18:50,672 - INFO - <module> : input: +639234567891
2023-01-05 11:18:50,672 - INFO - <module> : input: +639234567891
2023-01-05 11:18:53,942 - INFO - <module> : Clicked
2023-01-05 11:18:53,942 - INFO - <module> : Clicked
2023-01-05 11:18:53,942 - INFO - <module> : Clicked
2023-01-05 11:18:53,942 - INFO - <module> : Clicked
2023-01-05 11:19:02,032 - INFO - <module> : input: atfirst1
2023-01-05 11:19:02,032 - INFO - <module> : input: atfirst1
2023-01-05 11:19:02,032 - INFO - <module> : input: atfirst1
2023-01-05 11:19:02,032 - INFO - <module> : input: atfirst1
2023-01-05 11:19:02,162 - INFO - <module> : input: atlast1
2023-01-05 11:19:02,162 - INFO - <module> : input: atlast1
2023-01-05 11:19:02,162 - INFO - <module> : input: atlast1
2023-01-05 11:19:02,162 - INFO - <module> : input: atlast1
2023-01-05 11:19:02,266 - INFO - <module> : input: aaaaa@yopmail.com
2023-01-05 11:19:02,266 - INFO - <module> : input: aaaaa@yopmail.com
2023-01-05 11:19:02,266 - INFO - <module> : input: aaaaa@yopmail.com
2023-01-05 11:19:02,266 - INFO - <module> : input: aaaaa@yopmail.com
2023-01-05 11:19:02,341 - INFO - <module> : input: 10/04/1993
2023-01-05 11:19:02,341 - INFO - <module> : input: 10/04/1993
2023-01-05 11:19:02,341 - INFO - <module> : input: 10/04/1993
2023-01-05 11:19:02,341 - INFO - <module> : input: 10/04/1993
2023-01-05 11:19:02,756 - INFO - <module> : input: +639272222235
2023-01-05 11:19:02,756 - INFO - <module> : input: +639272222235
2023-01-05 11:19:02,756 - INFO - <module> : input: +639272222235
2023-01-05 11:19:02,756 - INFO - <module> : input: +639272222235
2023-01-05 11:19:05,330 - INFO - <module> : Clicked
2023-01-05 11:19:05,330 - INFO - <module> : Clicked
2023-01-05 11:19:05,330 - INFO - <module> : Clicked
2023-01-05 11:19:05,330 - INFO - <module> : Clicked
2023-01-05 11:19:13,309 - INFO - <module> : input: Quezon City
2023-01-05 11:19:13,309 - INFO - <module> : input: Quezon City
2023-01-05 11:19:13,309 - INFO - <module> : input: Quezon City
2023-01-05 11:19:13,309 - INFO - <module> : input: Quezon City
2023-01-05 11:19:16,612 - INFO - <module> : Clicked
2023-01-05 11:19:16,612 - INFO - <module> : Clicked
2023-01-05 11:19:16,612 - INFO - <module> : Clicked
2023-01-05 11:19:16,612 - INFO - <module> : Clicked
2023-01-05 11:19:49,745 - ERROR - <module> : Cannot Locate: cxe_apply_terms_conditions
2023-01-05 11:19:49,745 - ERROR - <module> : Cannot Locate: cxe_apply_terms_conditions
2023-01-05 11:19:49,745 - ERROR - <module> : Cannot Locate: cxe_apply_terms_conditions
2023-01-05 11:19:49,745 - ERROR - <module> : Cannot Locate: cxe_apply_terms_conditions
2023-01-05 11:19:49,835 - INFO - setup : Close Browser
