2023-01-05 09:50:36,330 - INFO - setup : Browser Launched!
2023-01-05 09:51:15,986 - INFO - <module> : Opened: https://fuat-meralco.cs73.force.com/customers/s/cxe-apply
2023-01-05 09:51:15,986 - INFO - <module> : Opened: https://fuat-meralco.cs73.force.com/customers/s/cxe-apply
2023-01-05 09:51:15,986 - INFO - <module> : Opened: https://fuat-meralco.cs73.force.com/customers/s/cxe-apply
2023-01-05 09:51:15,986 - INFO - <module> : Opened: https://fuat-meralco.cs73.force.com/customers/s/cxe-apply
2023-01-05 09:51:22,347 - INFO - <module> : Service Application exists
2023-01-05 09:51:22,347 - INFO - <module> : Service Application exists
2023-01-05 09:51:22,347 - INFO - <module> : Service Application exists
2023-01-05 09:51:22,347 - INFO - <module> : Service Application exists
2023-01-05 09:51:25,759 - INFO - <module> : Clicked
2023-01-05 09:51:25,759 - INFO - <module> : Clicked
2023-01-05 09:51:25,759 - INFO - <module> : Clicked
2023-01-05 09:51:25,759 - INFO - <module> : Clicked
2023-01-05 09:51:29,104 - INFO - <module> : Clicked
2023-01-05 09:51:29,104 - INFO - <module> : Clicked
2023-01-05 09:51:29,104 - INFO - <module> : Clicked
2023-01-05 09:51:29,104 - INFO - <module> : Clicked
2023-01-05 09:51:45,227 - INFO - <module> : Clicked
2023-01-05 09:51:45,227 - INFO - <module> : Clicked
2023-01-05 09:51:45,227 - INFO - <module> : Clicked
2023-01-05 09:51:45,227 - INFO - <module> : Clicked
2023-01-05 09:51:51,499 - INFO - <module> : input: atcontFname
2023-01-05 09:51:51,499 - INFO - <module> : input: atcontFname
2023-01-05 09:51:51,499 - INFO - <module> : input: atcontFname
2023-01-05 09:51:51,499 - INFO - <module> : input: atcontFname
2023-01-05 09:51:51,684 - INFO - <module> : input: atcontLname
2023-01-05 09:51:51,684 - INFO - <module> : input: atcontLname
2023-01-05 09:51:51,684 - INFO - <module> : input: atcontLname
2023-01-05 09:51:51,684 - INFO - <module> : input: atcontLname
2023-01-05 09:52:24,096 - ERROR - <module> : Cannot Locate: business_name
2023-01-05 09:52:24,096 - ERROR - <module> : Cannot Locate: business_name
2023-01-05 09:52:24,096 - ERROR - <module> : Cannot Locate: business_name
2023-01-05 09:52:24,096 - ERROR - <module> : Cannot Locate: business_name
2023-01-05 09:52:24,266 - INFO - setup : Close Browser
