2022-10-18 16:31:00,618 - INFO - setup : Browser Launched!
2022-10-18 16:31:09,935 - INFO - <module> : Go to https://fuat-meralco.cs73.force.com/customers/s/outagemap
2022-10-18 16:31:09,935 - INFO - <module> : Go to https://fuat-meralco.cs73.force.com/customers/s/outagemap
2022-10-18 16:31:09,935 - INFO - <module> : Go to https://fuat-meralco.cs73.force.com/customers/s/outagemap
2022-10-18 16:31:09,935 - INFO - <module> : Go to https://fuat-meralco.cs73.force.com/customers/s/outagemap
2022-10-18 16:31:15,353 - INFO - <module> : Opened: https://fuat-meralco.cs73.force.com/customers/s/outagemap
2022-10-18 16:31:15,353 - INFO - <module> : Opened: https://fuat-meralco.cs73.force.com/customers/s/outagemap
2022-10-18 16:31:15,353 - INFO - <module> : Opened: https://fuat-meralco.cs73.force.com/customers/s/outagemap
2022-10-18 16:31:15,353 - INFO - <module> : Opened: https://fuat-meralco.cs73.force.com/customers/s/outagemap
2022-10-18 16:31:19,485 - INFO - <module> : On the left side, hover on tooltip beside Other Address
2022-10-18 16:31:19,485 - INFO - <module> : On the left side, hover on tooltip beside Other Address
2022-10-18 16:31:19,485 - INFO - <module> : On the left side, hover on tooltip beside Other Address
2022-10-18 16:31:19,485 - INFO - <module> : On the left side, hover on tooltip beside Other Address
2022-10-18 16:31:22,652 - INFO - <module> : Meralco would like to access your location to identify if your area is affected by an outage. exists
2022-10-18 16:31:22,652 - INFO - <module> : Meralco would like to access your location to identify if your area is affected by an outage. exists
2022-10-18 16:31:22,652 - INFO - <module> : Meralco would like to access your location to identify if your area is affected by an outage. exists
2022-10-18 16:31:22,652 - INFO - <module> : Meralco would like to access your location to identify if your area is affected by an outage. exists
2022-10-18 16:31:22,777 - INFO - <module> : Clicked
2022-10-18 16:31:22,777 - INFO - <module> : Clicked
2022-10-18 16:31:22,777 - INFO - <module> : Clicked
2022-10-18 16:31:22,777 - INFO - <module> : Clicked
2022-10-18 16:31:29,940 - INFO - <module> : Clicked
2022-10-18 16:31:29,940 - INFO - <module> : Clicked
2022-10-18 16:31:29,940 - INFO - <module> : Clicked
2022-10-18 16:31:29,940 - INFO - <module> : Clicked
2022-10-18 16:31:40,165 - INFO - <module> : Login to Meralco Online
2022-10-18 16:31:40,165 - INFO - <module> : Login to Meralco Online
2022-10-18 16:31:40,165 - INFO - <module> : Login to Meralco Online
2022-10-18 16:31:40,165 - INFO - <module> : Login to Meralco Online
2022-10-18 16:31:41,933 - INFO - <module> : Opened: https://fuat-meralco.cs73.force.com/customers/s/splash
2022-10-18 16:31:41,933 - INFO - <module> : Opened: https://fuat-meralco.cs73.force.com/customers/s/splash
2022-10-18 16:31:41,933 - INFO - <module> : Opened: https://fuat-meralco.cs73.force.com/customers/s/splash
2022-10-18 16:31:41,933 - INFO - <module> : Opened: https://fuat-meralco.cs73.force.com/customers/s/splash
2022-10-18 16:31:42,495 - INFO - <module> : input: atmooutageaccount@yopmail.com
2022-10-18 16:31:42,495 - INFO - <module> : input: atmooutageaccount@yopmail.com
2022-10-18 16:31:42,495 - INFO - <module> : input: atmooutageaccount@yopmail.com
2022-10-18 16:31:42,495 - INFO - <module> : input: atmooutageaccount@yopmail.com
2022-10-18 16:31:42,616 - INFO - <module> : input: Meralco01
2022-10-18 16:31:42,616 - INFO - <module> : input: Meralco01
2022-10-18 16:31:42,616 - INFO - <module> : input: Meralco01
2022-10-18 16:31:42,616 - INFO - <module> : input: Meralco01
2022-10-18 16:31:42,704 - INFO - <module> : Clicked
2022-10-18 16:31:42,704 - INFO - <module> : Clicked
2022-10-18 16:31:42,704 - INFO - <module> : Clicked
2022-10-18 16:31:42,704 - INFO - <module> : Clicked
2022-10-18 16:31:46,950 - INFO - <module> : Hello, exists
2022-10-18 16:31:46,950 - INFO - <module> : Hello, exists
2022-10-18 16:31:46,950 - INFO - <module> : Hello, exists
2022-10-18 16:31:46,950 - INFO - <module> : Hello, exists
2022-10-18 16:31:46,998 - INFO - <module> : Hello, exists
2022-10-18 16:31:46,998 - INFO - <module> : Hello, exists
2022-10-18 16:31:46,998 - INFO - <module> : Hello, exists
2022-10-18 16:31:46,998 - INFO - <module> : Hello, exists
2022-10-18 16:31:50,751 - INFO - <module> : Go to Outages & Incidents > View/Report Outages
2022-10-18 16:31:50,751 - INFO - <module> : Go to Outages & Incidents > View/Report Outages
2022-10-18 16:31:50,751 - INFO - <module> : Go to Outages & Incidents > View/Report Outages
2022-10-18 16:31:50,751 - INFO - <module> : Go to Outages & Incidents > View/Report Outages
2022-10-18 16:31:50,892 - INFO - <module> : Clicked
2022-10-18 16:31:50,892 - INFO - <module> : Clicked
2022-10-18 16:31:50,892 - INFO - <module> : Clicked
2022-10-18 16:31:50,892 - INFO - <module> : Clicked
2022-10-18 16:31:50,966 - INFO - <module> :  clicked
2022-10-18 16:31:50,966 - INFO - <module> :  clicked
2022-10-18 16:31:50,966 - INFO - <module> :  clicked
2022-10-18 16:31:50,966 - INFO - <module> :  clicked
2022-10-18 16:31:59,340 - INFO - <module> : Okay clicked
2022-10-18 16:31:59,340 - INFO - <module> : Okay clicked
2022-10-18 16:31:59,340 - INFO - <module> : Okay clicked
2022-10-18 16:31:59,340 - INFO - <module> : Okay clicked
2022-10-18 16:32:03,039 - INFO - <module> : Tick Address on View Outages by
2022-10-18 16:32:03,039 - INFO - <module> : Tick Address on View Outages by
2022-10-18 16:32:03,039 - INFO - <module> : Tick Address on View Outages by
2022-10-18 16:32:03,039 - INFO - <module> : Tick Address on View Outages by
2022-10-18 16:32:03,255 - INFO - <module> : Clicked
2022-10-18 16:32:03,255 - INFO - <module> : Clicked
2022-10-18 16:32:03,255 - INFO - <module> : Clicked
2022-10-18 16:32:03,255 - INFO - <module> : Clicked
2022-10-18 16:32:07,319 - INFO - <module> : Hover on tooltip beside Other Address
2022-10-18 16:32:07,319 - INFO - <module> : Hover on tooltip beside Other Address
2022-10-18 16:32:07,319 - INFO - <module> : Hover on tooltip beside Other Address
2022-10-18 16:32:07,319 - INFO - <module> : Hover on tooltip beside Other Address
2022-10-18 16:32:10,561 - INFO - <module> : Clicked
2022-10-18 16:32:10,561 - INFO - <module> : Clicked
2022-10-18 16:32:10,561 - INFO - <module> : Clicked
2022-10-18 16:32:10,561 - INFO - <module> : Clicked
2022-10-18 16:32:19,503 - INFO - setup : Close Browser
