2022-10-26 13:18:53,477 - INFO - setup : Browser Launched!
2022-10-26 13:19:36,225 - INFO - <module> : Click on burger menu > Legends
2022-10-26 13:19:36,225 - INFO - <module> : Click on burger menu > Legends
2022-10-26 13:19:36,225 - INFO - <module> : Click on burger menu > Legends
2022-10-26 13:19:36,225 - INFO - <module> : Click on burger menu > Legends
2022-10-26 13:19:41,813 - INFO - <module> : Opened: https://outage-api.meralco.com.ph/
2022-10-26 13:19:41,813 - INFO - <module> : Opened: https://outage-api.meralco.com.ph/
2022-10-26 13:19:41,813 - INFO - <module> : Opened: https://outage-api.meralco.com.ph/
2022-10-26 13:19:41,813 - INFO - <module> : Opened: https://outage-api.meralco.com.ph/
2022-10-26 13:19:44,398 - INFO - <module> : input: v-lvlgalvez@meralco.com.ph
2022-10-26 13:19:44,398 - INFO - <module> : input: v-lvlgalvez@meralco.com.ph
2022-10-26 13:19:44,398 - INFO - <module> : input: v-lvlgalvez@meralco.com.ph
2022-10-26 13:19:44,398 - INFO - <module> : input: v-lvlgalvez@meralco.com.ph
2022-10-26 13:19:44,549 - INFO - <module> : Clicked
2022-10-26 13:19:44,549 - INFO - <module> : Clicked
2022-10-26 13:19:44,549 - INFO - <module> : Clicked
2022-10-26 13:19:44,549 - INFO - <module> : Clicked
2022-10-26 13:19:46,289 - INFO - <module> : input: Mecopass@@!!129
2022-10-26 13:19:46,289 - INFO - <module> : input: Mecopass@@!!129
2022-10-26 13:19:46,289 - INFO - <module> : input: Mecopass@@!!129
2022-10-26 13:19:46,289 - INFO - <module> : input: Mecopass@@!!129
2022-10-26 13:19:47,449 - INFO - <module> : Clicked
2022-10-26 13:19:47,449 - INFO - <module> : Clicked
2022-10-26 13:19:47,449 - INFO - <module> : Clicked
2022-10-26 13:19:47,449 - INFO - <module> : Clicked
2022-10-26 13:19:48,204 - INFO - <module> : Clicked
2022-10-26 13:19:48,204 - INFO - <module> : Clicked
2022-10-26 13:19:48,204 - INFO - <module> : Clicked
2022-10-26 13:19:48,204 - INFO - <module> : Clicked
2022-10-26 13:20:19,232 - INFO - <module> : Clicked
2022-10-26 13:20:19,232 - INFO - <module> : Clicked
2022-10-26 13:20:19,232 - INFO - <module> : Clicked
2022-10-26 13:20:19,232 - INFO - <module> : Clicked
2022-10-26 13:20:23,433 - INFO - <module> :  clicked
2022-10-26 13:20:23,433 - INFO - <module> :  clicked
2022-10-26 13:20:23,433 - INFO - <module> :  clicked
2022-10-26 13:20:23,433 - INFO - <module> :  clicked
2022-10-26 13:20:23,760 - INFO - <module> : Legend clicked
2022-10-26 13:20:23,760 - INFO - <module> : Legend clicked
2022-10-26 13:20:23,760 - INFO - <module> : Legend clicked
2022-10-26 13:20:23,760 - INFO - <module> : Legend clicked
2022-10-26 13:20:29,545 - INFO - <module> : Validate Legend for Scheduled Outage Pins
2022-10-26 13:20:29,545 - INFO - <module> : Validate Legend for Scheduled Outage Pins
2022-10-26 13:20:29,545 - INFO - <module> : Validate Legend for Scheduled Outage Pins
2022-10-26 13:20:29,545 - INFO - <module> : Validate Legend for Scheduled Outage Pins
2022-10-26 13:20:32,544 - INFO - setup : Close Browser
