2023-01-12 18:49:47,287 - INFO - setup : Browser Launched!
2023-01-12 18:50:22,123 - INFO - <module> : Opened: https://fuat-meralco.cs73.force.com/customers/s/cxe-apply
2023-01-12 18:50:22,123 - INFO - <module> : Opened: https://fuat-meralco.cs73.force.com/customers/s/cxe-apply
2023-01-12 18:50:22,123 - INFO - <module> : Opened: https://fuat-meralco.cs73.force.com/customers/s/cxe-apply
2023-01-12 18:50:22,123 - INFO - <module> : Opened: https://fuat-meralco.cs73.force.com/customers/s/cxe-apply
2023-01-12 18:50:23,043 - INFO - <module> : Service Application exists
2023-01-12 18:50:23,043 - INFO - <module> : Service Application exists
2023-01-12 18:50:23,043 - INFO - <module> : Service Application exists
2023-01-12 18:50:23,043 - INFO - <module> : Service Application exists
2023-01-12 18:50:26,320 - INFO - <module> : Clicked
2023-01-12 18:50:26,320 - INFO - <module> : Clicked
2023-01-12 18:50:26,320 - INFO - <module> : Clicked
2023-01-12 18:50:26,320 - INFO - <module> : Clicked
2023-01-12 18:50:29,464 - INFO - <module> : Clicked
2023-01-12 18:50:29,464 - INFO - <module> : Clicked
2023-01-12 18:50:29,464 - INFO - <module> : Clicked
2023-01-12 18:50:29,464 - INFO - <module> : Clicked
2023-01-12 18:50:35,253 - INFO - <module> : Clicked
2023-01-12 18:50:35,253 - INFO - <module> : Clicked
2023-01-12 18:50:35,253 - INFO - <module> : Clicked
2023-01-12 18:50:35,253 - INFO - <module> : Clicked
2023-01-12 18:50:38,822 - INFO - <module> : input: aaaa4@yopmail.com
2023-01-12 18:50:38,822 - INFO - <module> : input: aaaa4@yopmail.com
2023-01-12 18:50:38,822 - INFO - <module> : input: aaaa4@yopmail.com
2023-01-12 18:50:38,822 - INFO - <module> : input: aaaa4@yopmail.com
2023-01-12 18:50:38,943 - INFO - <module> : input: Zero Eleven
2023-01-12 18:50:38,943 - INFO - <module> : input: Zero Eleven
2023-01-12 18:50:38,943 - INFO - <module> : input: Zero Eleven
2023-01-12 18:50:38,943 - INFO - <module> : input: Zero Eleven
2023-01-12 18:50:39,038 - INFO - <module> : input: TS
2023-01-12 18:50:39,038 - INFO - <module> : input: TS
2023-01-12 18:50:39,038 - INFO - <module> : input: TS
2023-01-12 18:50:39,038 - INFO - <module> : input: TS
2023-01-12 18:50:39,103 - INFO - <module> : input: 9299437219
2023-01-12 18:50:39,103 - INFO - <module> : input: 9299437219
2023-01-12 18:50:39,103 - INFO - <module> : input: 9299437219
2023-01-12 18:50:39,103 - INFO - <module> : input: 9299437219
2023-01-12 18:50:39,556 - INFO - <module> : Clicked
2023-01-12 18:50:39,556 - INFO - <module> : Clicked
2023-01-12 18:50:39,556 - INFO - <module> : Clicked
2023-01-12 18:50:39,556 - INFO - <module> : Clicked
2023-01-12 18:50:42,613 - INFO - <module> : Clicked
2023-01-12 18:50:42,613 - INFO - <module> : Clicked
2023-01-12 18:50:42,613 - INFO - <module> : Clicked
2023-01-12 18:50:42,613 - INFO - <module> : Clicked
2023-01-12 18:50:56,538 - INFO - <module> : Opened: https://yopmail.com/en/
2023-01-12 18:50:56,538 - INFO - <module> : Opened: https://yopmail.com/en/
2023-01-12 18:50:56,538 - INFO - <module> : Opened: https://yopmail.com/en/
2023-01-12 18:50:56,538 - INFO - <module> : Opened: https://yopmail.com/en/
2023-01-12 18:50:58,832 - INFO - <module> : input: aaaa4@yopmail.com
2023-01-12 18:50:58,832 - INFO - <module> : input: aaaa4@yopmail.com
2023-01-12 18:50:58,832 - INFO - <module> : input: aaaa4@yopmail.com
2023-01-12 18:50:58,832 - INFO - <module> : input: aaaa4@yopmail.com
2023-01-12 18:51:01,370 - INFO - <module> : Clicked
2023-01-12 18:51:01,370 - INFO - <module> : Clicked
2023-01-12 18:51:01,370 - INFO - <module> : Clicked
2023-01-12 18:51:01,370 - INFO - <module> : Clicked
2023-01-12 18:51:04,130 - INFO - setup : Close Browser
