2023-01-12 15:16:37,917 - INFO - setup : Browser Launched!
2023-01-12 15:17:15,270 - INFO - <module> : Clicked
2023-01-12 15:17:15,270 - INFO - <module> : Clicked
2023-01-12 15:17:15,270 - INFO - <module> : Clicked
2023-01-12 15:17:15,270 - INFO - <module> : Clicked
2023-01-12 15:17:24,890 - INFO - <module> : input: arcebido.earljohn@gmail.com
2023-01-12 15:17:24,890 - INFO - <module> : input: arcebido.earljohn@gmail.com
2023-01-12 15:17:24,890 - INFO - <module> : input: arcebido.earljohn@gmail.com
2023-01-12 15:17:24,890 - INFO - <module> : input: arcebido.earljohn@gmail.com
2023-01-12 15:17:26,113 - INFO - <module> : Clicked
2023-01-12 15:17:26,113 - INFO - <module> : Clicked
2023-01-12 15:17:26,113 - INFO - <module> : Clicked
2023-01-12 15:17:26,113 - INFO - <module> : Clicked
2023-01-12 15:17:27,746 - INFO - <module> : input: Eja09202903164!
2023-01-12 15:17:27,746 - INFO - <module> : input: Eja09202903164!
2023-01-12 15:17:27,746 - INFO - <module> : input: Eja09202903164!
2023-01-12 15:17:27,746 - INFO - <module> : input: Eja09202903164!
2023-01-12 15:17:27,865 - INFO - <module> : Clicked
2023-01-12 15:17:27,865 - INFO - <module> : Clicked
2023-01-12 15:17:27,865 - INFO - <module> : Clicked
2023-01-12 15:17:27,865 - INFO - <module> : Clicked
2023-01-12 15:17:58,462 - INFO - setup : Close Browser
