2022-10-13 14:59:20,093 - INFO - setup : Browser Launched!
2022-10-13 14:59:27,173 - INFO - <module> : Go to External Map 
2022-10-13 14:59:27,173 - INFO - <module> : Go to External Map 
2022-10-13 14:59:27,173 - INFO - <module> : Go to External Map 
2022-10-13 14:59:27,173 - INFO - <module> : Go to External Map 
2022-10-13 14:59:31,251 - INFO - <module> : Opened: https://fuat-meralco.cs73.force.com/customers/s/outagemap
2022-10-13 14:59:31,251 - INFO - <module> : Opened: https://fuat-meralco.cs73.force.com/customers/s/outagemap
2022-10-13 14:59:31,251 - INFO - <module> : Opened: https://fuat-meralco.cs73.force.com/customers/s/outagemap
2022-10-13 14:59:31,251 - INFO - <module> : Opened: https://fuat-meralco.cs73.force.com/customers/s/outagemap
2022-10-13 14:59:34,459 - INFO - <module> : Select weather information to be displayed
2022-10-13 14:59:34,459 - INFO - <module> : Select weather information to be displayed
2022-10-13 14:59:34,459 - INFO - <module> : Select weather information to be displayed
2022-10-13 14:59:34,459 - INFO - <module> : Select weather information to be displayed
2022-10-13 14:59:34,531 - INFO - <module> : Meralco would like to access your location to identify if your area is affected by an outage. exists
2022-10-13 14:59:34,531 - INFO - <module> : Meralco would like to access your location to identify if your area is affected by an outage. exists
2022-10-13 14:59:34,531 - INFO - <module> : Meralco would like to access your location to identify if your area is affected by an outage. exists
2022-10-13 14:59:34,531 - INFO - <module> : Meralco would like to access your location to identify if your area is affected by an outage. exists
2022-10-13 14:59:35,546 - INFO - <module> : Disagree clicked
2022-10-13 14:59:35,546 - INFO - <module> : Disagree clicked
2022-10-13 14:59:35,546 - INFO - <module> : Disagree clicked
2022-10-13 14:59:35,546 - INFO - <module> : Disagree clicked
2022-10-13 14:59:36,013 - INFO - <module> :  clicked
2022-10-13 14:59:36,013 - INFO - <module> :  clicked
2022-10-13 14:59:36,013 - INFO - <module> :  clicked
2022-10-13 14:59:36,013 - INFO - <module> :  clicked
2022-10-13 14:59:38,427 - INFO - <module> :  clicked
2022-10-13 14:59:38,427 - INFO - <module> :  clicked
2022-10-13 14:59:38,427 - INFO - <module> :  clicked
2022-10-13 14:59:38,427 - INFO - <module> :  clicked
2022-10-13 14:59:38,995 - INFO - <module> : close clicked
2022-10-13 14:59:38,995 - INFO - <module> : close clicked
2022-10-13 14:59:38,995 - INFO - <module> : close clicked
2022-10-13 14:59:38,995 - INFO - <module> : close clicked
2022-10-13 14:59:50,178 - INFO - setup : Close Browser
