2022-11-18 13:56:31,048 - INFO - setup : Browser Launched!
2022-11-18 13:56:40,637 - INFO - <module> : Go to lower right of Internal Map
2022-11-18 13:56:40,637 - INFO - <module> : Go to lower right of Internal Map
2022-11-18 13:56:40,637 - INFO - <module> : Go to lower right of Internal Map
2022-11-18 13:56:40,637 - INFO - <module> : Go to lower right of Internal Map
2022-11-18 13:56:43,147 - INFO - <module> : Opened: https://outage-api.meralco.com.ph/
2022-11-18 13:56:43,147 - INFO - <module> : Opened: https://outage-api.meralco.com.ph/
2022-11-18 13:56:43,147 - INFO - <module> : Opened: https://outage-api.meralco.com.ph/
2022-11-18 13:56:43,147 - INFO - <module> : Opened: https://outage-api.meralco.com.ph/
2022-11-18 13:56:46,429 - INFO - <module> : input: v-agsealmoy@meralco.com.ph
2022-11-18 13:56:46,429 - INFO - <module> : input: v-agsealmoy@meralco.com.ph
2022-11-18 13:56:46,429 - INFO - <module> : input: v-agsealmoy@meralco.com.ph
2022-11-18 13:56:46,429 - INFO - <module> : input: v-agsealmoy@meralco.com.ph
2022-11-18 13:56:46,479 - INFO - <module> : Clicked
2022-11-18 13:56:46,479 - INFO - <module> : Clicked
2022-11-18 13:56:46,479 - INFO - <module> : Clicked
2022-11-18 13:56:46,479 - INFO - <module> : Clicked
2022-11-18 13:56:47,582 - INFO - <module> : input: Meco@@##00018
2022-11-18 13:56:47,582 - INFO - <module> : input: Meco@@##00018
2022-11-18 13:56:47,582 - INFO - <module> : input: Meco@@##00018
2022-11-18 13:56:47,582 - INFO - <module> : input: Meco@@##00018
2022-11-18 13:56:48,028 - INFO - <module> : Clicked
2022-11-18 13:56:48,028 - INFO - <module> : Clicked
2022-11-18 13:56:48,028 - INFO - <module> : Clicked
2022-11-18 13:56:48,028 - INFO - <module> : Clicked
2022-11-18 13:56:48,634 - INFO - <module> : Clicked
2022-11-18 13:56:48,634 - INFO - <module> : Clicked
2022-11-18 13:56:48,634 - INFO - <module> : Clicked
2022-11-18 13:56:48,634 - INFO - <module> : Clicked
2022-11-18 13:57:16,610 - INFO - <module> : Clicked
2022-11-18 13:57:16,610 - INFO - <module> : Clicked
2022-11-18 13:57:16,610 - INFO - <module> : Clicked
2022-11-18 13:57:16,610 - INFO - <module> : Clicked
2022-11-18 13:57:49,635 - INFO - <module> : Go to lower right of Internal Map
2022-11-18 13:57:49,635 - INFO - <module> : Go to lower right of Internal Map
2022-11-18 13:57:49,635 - INFO - <module> : Go to lower right of Internal Map
2022-11-18 13:57:49,635 - INFO - <module> : Go to lower right of Internal Map
2022-11-18 13:57:52,629 - INFO - <module> : Click Street View icon
2022-11-18 13:57:52,629 - INFO - <module> : Click Street View icon
2022-11-18 13:57:52,629 - INFO - <module> : Click Street View icon
2022-11-18 13:57:52,629 - INFO - <module> : Click Street View icon
2022-11-18 13:57:56,138 - INFO - setup : Close Browser
