2022-10-18 16:21:10,226 - INFO - setup : Browser Launched!
2022-10-18 16:21:22,735 - INFO - <module> : Login to Meralco Online
2022-10-18 16:21:22,735 - INFO - <module> : Login to Meralco Online
2022-10-18 16:21:22,735 - INFO - <module> : Login to Meralco Online
2022-10-18 16:21:22,735 - INFO - <module> : Login to Meralco Online
2022-10-18 16:21:22,953 - INFO - <module> : input: atmooutageaccount@yopmail.com
2022-10-18 16:21:22,953 - INFO - <module> : input: atmooutageaccount@yopmail.com
2022-10-18 16:21:22,953 - INFO - <module> : input: atmooutageaccount@yopmail.com
2022-10-18 16:21:22,953 - INFO - <module> : input: atmooutageaccount@yopmail.com
2022-10-18 16:21:23,029 - INFO - <module> : input: Meralco01
2022-10-18 16:21:23,029 - INFO - <module> : input: Meralco01
2022-10-18 16:21:23,029 - INFO - <module> : input: Meralco01
2022-10-18 16:21:23,029 - INFO - <module> : input: Meralco01
2022-10-18 16:21:23,089 - INFO - <module> : Clicked
2022-10-18 16:21:23,089 - INFO - <module> : Clicked
2022-10-18 16:21:23,089 - INFO - <module> : Clicked
2022-10-18 16:21:23,089 - INFO - <module> : Clicked
2022-10-18 16:21:26,988 - INFO - <module> : Hello, exists
2022-10-18 16:21:26,988 - INFO - <module> : Hello, exists
2022-10-18 16:21:26,988 - INFO - <module> : Hello, exists
2022-10-18 16:21:26,988 - INFO - <module> : Hello, exists
2022-10-18 16:21:27,017 - INFO - <module> : Hello, exists
2022-10-18 16:21:27,017 - INFO - <module> : Hello, exists
2022-10-18 16:21:27,017 - INFO - <module> : Hello, exists
2022-10-18 16:21:27,017 - INFO - <module> : Hello, exists
2022-10-18 16:21:30,080 - INFO - <module> : Go to Outages & Incidents > View/Report Outages
2022-10-18 16:21:30,080 - INFO - <module> : Go to Outages & Incidents > View/Report Outages
2022-10-18 16:21:30,080 - INFO - <module> : Go to Outages & Incidents > View/Report Outages
2022-10-18 16:21:30,080 - INFO - <module> : Go to Outages & Incidents > View/Report Outages
2022-10-18 16:21:30,148 - INFO - <module> : Clicked
2022-10-18 16:21:30,148 - INFO - <module> : Clicked
2022-10-18 16:21:30,148 - INFO - <module> : Clicked
2022-10-18 16:21:30,148 - INFO - <module> : Clicked
2022-10-18 16:21:30,216 - INFO - <module> :  clicked
2022-10-18 16:21:30,216 - INFO - <module> :  clicked
2022-10-18 16:21:30,216 - INFO - <module> :  clicked
2022-10-18 16:21:30,216 - INFO - <module> :  clicked
2022-10-18 16:21:39,521 - INFO - <module> : Okay clicked
2022-10-18 16:21:39,521 - INFO - <module> : Okay clicked
2022-10-18 16:21:39,521 - INFO - <module> : Okay clicked
2022-10-18 16:21:39,521 - INFO - <module> : Okay clicked
2022-10-18 16:21:42,513 - INFO - <module> : Tick Address on View Outages by
2022-10-18 16:21:42,513 - INFO - <module> : Tick Address on View Outages by
2022-10-18 16:21:42,513 - INFO - <module> : Tick Address on View Outages by
2022-10-18 16:21:42,513 - INFO - <module> : Tick Address on View Outages by
2022-10-18 16:21:42,642 - INFO - <module> : Clicked
2022-10-18 16:21:42,642 - INFO - <module> : Clicked
2022-10-18 16:21:42,642 - INFO - <module> : Clicked
2022-10-18 16:21:42,642 - INFO - <module> : Clicked
2022-10-18 16:21:45,741 - INFO - <module> : Hover on tooltip beside Other Address
2022-10-18 16:21:45,741 - INFO - <module> : Hover on tooltip beside Other Address
2022-10-18 16:21:45,741 - INFO - <module> : Hover on tooltip beside Other Address
2022-10-18 16:21:45,741 - INFO - <module> : Hover on tooltip beside Other Address
2022-10-18 16:22:16,294 - ERROR - <module> : Cannot Locate: location_message
2022-10-18 16:22:16,294 - ERROR - <module> : Cannot Locate: location_message
2022-10-18 16:22:16,294 - ERROR - <module> : Cannot Locate: location_message
2022-10-18 16:22:16,294 - ERROR - <module> : Cannot Locate: location_message
2022-10-18 16:22:16,380 - INFO - setup : Close Browser
