2023-01-09 08:18:47,618 - INFO - setup : Browser Launched!
2023-01-09 08:19:38,241 - INFO - <module> : Opened: https://meralco--fuat.lightning.force.com/lightning/page/home
2023-01-09 08:19:38,241 - INFO - <module> : Opened: https://meralco--fuat.lightning.force.com/lightning/page/home
2023-01-09 08:19:38,241 - INFO - <module> : Opened: https://meralco--fuat.lightning.force.com/lightning/page/home
2023-01-09 08:19:38,241 - INFO - <module> : Opened: https://meralco--fuat.lightning.force.com/lightning/page/home
2023-01-09 08:19:38,971 - INFO - <module> : Clicked
2023-01-09 08:19:38,971 - INFO - <module> : Clicked
2023-01-09 08:19:38,971 - INFO - <module> : Clicked
2023-01-09 08:19:38,971 - INFO - <module> : Clicked
2023-01-09 08:19:45,879 - INFO - <module> : input: v-lvlgalvez@meralco.com.ph
2023-01-09 08:19:45,879 - INFO - <module> : input: v-lvlgalvez@meralco.com.ph
2023-01-09 08:19:45,879 - INFO - <module> : input: v-lvlgalvez@meralco.com.ph
2023-01-09 08:19:45,879 - INFO - <module> : input: v-lvlgalvez@meralco.com.ph
2023-01-09 08:19:46,291 - INFO - <module> : Clicked
2023-01-09 08:19:46,291 - INFO - <module> : Clicked
2023-01-09 08:19:46,291 - INFO - <module> : Clicked
2023-01-09 08:19:46,291 - INFO - <module> : Clicked
2023-01-09 08:19:48,971 - INFO - <module> : input: Mecopass@@!!123
2023-01-09 08:19:48,971 - INFO - <module> : input: Mecopass@@!!123
2023-01-09 08:19:48,971 - INFO - <module> : input: Mecopass@@!!123
2023-01-09 08:19:48,971 - INFO - <module> : input: Mecopass@@!!123
2023-01-09 08:19:50,635 - INFO - <module> : Clicked
2023-01-09 08:19:50,635 - INFO - <module> : Clicked
2023-01-09 08:19:50,635 - INFO - <module> : Clicked
2023-01-09 08:19:50,635 - INFO - <module> : Clicked
2023-01-09 08:19:52,018 - INFO - <module> : Clicked
2023-01-09 08:19:52,018 - INFO - <module> : Clicked
2023-01-09 08:19:52,018 - INFO - <module> : Clicked
2023-01-09 08:19:52,018 - INFO - <module> : Clicked
2023-01-09 08:20:49,563 - INFO - <module> : Clicked
2023-01-09 08:20:49,563 - INFO - <module> : Clicked
2023-01-09 08:20:49,563 - INFO - <module> : Clicked
2023-01-09 08:20:49,563 - INFO - <module> : Clicked
2023-01-09 08:21:06,052 - INFO - <module> : Clicked
2023-01-09 08:21:06,052 - INFO - <module> : Clicked
2023-01-09 08:21:06,052 - INFO - <module> : Clicked
2023-01-09 08:21:06,052 - INFO - <module> : Clicked
2023-01-09 08:21:09,618 - INFO - <module> : input: 22122252189
2023-01-09 08:21:09,618 - INFO - <module> : input: 22122252189
2023-01-09 08:21:09,618 - INFO - <module> : input: 22122252189
2023-01-09 08:21:09,618 - INFO - <module> : input: 22122252189
2023-01-09 08:21:16,805 - INFO - <module> : Clicked
2023-01-09 08:21:16,805 - INFO - <module> : Clicked
2023-01-09 08:21:16,805 - INFO - <module> : Clicked
2023-01-09 08:21:16,805 - INFO - <module> : Clicked
2023-01-09 08:21:16,858 - INFO - setup : Close Browser
