2022-11-18 15:54:41,286 - INFO - setup : Browser Launched!
2022-11-18 15:54:52,588 - INFO - <module> : Opened: https://outage-api.meralco.com.ph/
2022-11-18 15:54:52,588 - INFO - <module> : Opened: https://outage-api.meralco.com.ph/
2022-11-18 15:54:52,588 - INFO - <module> : Opened: https://outage-api.meralco.com.ph/
2022-11-18 15:54:52,588 - INFO - <module> : Opened: https://outage-api.meralco.com.ph/
2022-11-18 15:54:55,936 - INFO - <module> : input: v-agsealmoy@meralco.com.ph
2022-11-18 15:54:55,936 - INFO - <module> : input: v-agsealmoy@meralco.com.ph
2022-11-18 15:54:55,936 - INFO - <module> : input: v-agsealmoy@meralco.com.ph
2022-11-18 15:54:55,936 - INFO - <module> : input: v-agsealmoy@meralco.com.ph
2022-11-18 15:54:56,012 - INFO - <module> : Clicked
2022-11-18 15:54:56,012 - INFO - <module> : Clicked
2022-11-18 15:54:56,012 - INFO - <module> : Clicked
2022-11-18 15:54:56,012 - INFO - <module> : Clicked
2022-11-18 15:54:57,642 - INFO - <module> : input: Meco@@##00018
2022-11-18 15:54:57,642 - INFO - <module> : input: Meco@@##00018
2022-11-18 15:54:57,642 - INFO - <module> : input: Meco@@##00018
2022-11-18 15:54:57,642 - INFO - <module> : input: Meco@@##00018
2022-11-18 15:54:58,110 - INFO - <module> : Clicked
2022-11-18 15:54:58,110 - INFO - <module> : Clicked
2022-11-18 15:54:58,110 - INFO - <module> : Clicked
2022-11-18 15:54:58,110 - INFO - <module> : Clicked
2022-11-18 15:54:58,717 - INFO - <module> : Clicked
2022-11-18 15:54:58,717 - INFO - <module> : Clicked
2022-11-18 15:54:58,717 - INFO - <module> : Clicked
2022-11-18 15:54:58,717 - INFO - <module> : Clicked
2022-11-18 15:55:26,818 - INFO - <module> : Clicked
2022-11-18 15:55:26,818 - INFO - <module> : Clicked
2022-11-18 15:55:26,818 - INFO - <module> : Clicked
2022-11-18 15:55:26,818 - INFO - <module> : Clicked
2022-11-18 15:55:59,878 - INFO - <module> : Zoom in using scroll wheel
2022-11-18 15:55:59,878 - INFO - <module> : Zoom in using scroll wheel
2022-11-18 15:55:59,878 - INFO - <module> : Zoom in using scroll wheel
2022-11-18 15:55:59,878 - INFO - <module> : Zoom in using scroll wheel
2022-11-18 15:56:07,283 - INFO - setup : Close Browser
