2023-01-06 12:21:43,115 - INFO - setup : Browser Launched!
2023-01-06 12:21:52,481 - INFO - <module> : Login to Meralco Online
2023-01-06 12:21:52,481 - INFO - <module> : Login to Meralco Online
2023-01-06 12:21:52,481 - INFO - <module> : Login to Meralco Online
2023-01-06 12:21:52,481 - INFO - <module> : Login to Meralco Online
2023-01-06 12:21:54,299 - INFO - <module> : Opened: https://fuat-meralco.cs73.force.com/customers/s/cxe-apply
2023-01-06 12:21:54,299 - INFO - <module> : Opened: https://fuat-meralco.cs73.force.com/customers/s/cxe-apply
2023-01-06 12:21:54,299 - INFO - <module> : Opened: https://fuat-meralco.cs73.force.com/customers/s/cxe-apply
2023-01-06 12:21:54,299 - INFO - <module> : Opened: https://fuat-meralco.cs73.force.com/customers/s/cxe-apply
2023-01-06 12:21:55,807 - INFO - <module> : Service Application exists
2023-01-06 12:21:55,807 - INFO - <module> : Service Application exists
2023-01-06 12:21:55,807 - INFO - <module> : Service Application exists
2023-01-06 12:21:55,807 - INFO - <module> : Service Application exists
2023-01-06 12:21:58,902 - INFO - <module> : Go to Accounts> Manage Accounts
2023-01-06 12:21:58,902 - INFO - <module> : Go to Accounts> Manage Accounts
2023-01-06 12:21:58,902 - INFO - <module> : Go to Accounts> Manage Accounts
2023-01-06 12:21:58,902 - INFO - <module> : Go to Accounts> Manage Accounts
2023-01-06 12:21:58,994 - INFO - <module> : Clicked
2023-01-06 12:21:58,994 - INFO - <module> : Clicked
2023-01-06 12:21:58,994 - INFO - <module> : Clicked
2023-01-06 12:21:58,994 - INFO - <module> : Clicked
2023-01-06 12:22:02,093 - INFO - <module> : Search then Select Account > Click Change Service Details button
2023-01-06 12:22:02,093 - INFO - <module> : Search then Select Account > Click Change Service Details button
2023-01-06 12:22:02,093 - INFO - <module> : Search then Select Account > Click Change Service Details button
2023-01-06 12:22:02,093 - INFO - <module> : Search then Select Account > Click Change Service Details button
2023-01-06 12:22:02,562 - INFO - <module> : Clicked
2023-01-06 12:22:02,562 - INFO - <module> : Clicked
2023-01-06 12:22:02,562 - INFO - <module> : Clicked
2023-01-06 12:22:02,562 - INFO - <module> : Clicked
2023-01-06 12:22:02,624 - INFO - <module> : Requests exists
2023-01-06 12:22:02,624 - INFO - <module> : Requests exists
2023-01-06 12:22:02,624 - INFO - <module> : Requests exists
2023-01-06 12:22:02,624 - INFO - <module> : Requests exists
2023-01-06 12:22:05,783 - INFO - <module> : Select Change Service Details request options then click Next
2023-01-06 12:22:05,783 - INFO - <module> : Select Change Service Details request options then click Next
2023-01-06 12:22:05,783 - INFO - <module> : Select Change Service Details request options then click Next
2023-01-06 12:22:05,783 - INFO - <module> : Select Change Service Details request options then click Next
2023-01-06 12:22:05,953 - INFO - <module> :  exists
2023-01-06 12:22:05,953 - INFO - <module> :  exists
2023-01-06 12:22:05,953 - INFO - <module> :  exists
2023-01-06 12:22:05,953 - INFO - <module> :  exists
2023-01-06 12:22:09,315 - INFO - <module> : Populate the following:
Notification indicator
AMC indicator
> Attach documents
> Click Next
2023-01-06 12:22:09,315 - INFO - <module> : Populate the following:
Notification indicator
AMC indicator
> Attach documents
> Click Next
2023-01-06 12:22:09,315 - INFO - <module> : Populate the following:
Notification indicator
AMC indicator
> Attach documents
> Click Next
2023-01-06 12:22:09,315 - INFO - <module> : Populate the following:
Notification indicator
AMC indicator
> Attach documents
> Click Next
2023-01-06 12:22:09,472 - INFO - <module> : input: 3535069832
2023-01-06 12:22:09,472 - INFO - <module> : input: 3535069832
2023-01-06 12:22:09,472 - INFO - <module> : input: 3535069832
2023-01-06 12:22:09,472 - INFO - <module> : input: 3535069832
2023-01-06 12:22:12,897 - INFO - <module> : Tick on I have read and agree to the Meralco Online Terms & Conditions and consent to the processing of my personal data in accordance with the Privacy Policy
2023-01-06 12:22:12,897 - INFO - <module> : Tick on I have read and agree to the Meralco Online Terms & Conditions and consent to the processing of my personal data in accordance with the Privacy Policy
2023-01-06 12:22:12,897 - INFO - <module> : Tick on I have read and agree to the Meralco Online Terms & Conditions and consent to the processing of my personal data in accordance with the Privacy Policy
2023-01-06 12:22:12,897 - INFO - <module> : Tick on I have read and agree to the Meralco Online Terms & Conditions and consent to the processing of my personal data in accordance with the Privacy Policy
2023-01-06 12:22:15,280 - INFO - setup : Close Browser
