2023-01-06 15:43:26,937 - INFO - setup : Browser Launched!
2023-01-06 15:44:04,261 - INFO - <module> : Opened: https://meralco--fuat.lightning.force.com/lightning/page/home
2023-01-06 15:44:04,261 - INFO - <module> : Opened: https://meralco--fuat.lightning.force.com/lightning/page/home
2023-01-06 15:44:04,261 - INFO - <module> : Opened: https://meralco--fuat.lightning.force.com/lightning/page/home
2023-01-06 15:44:04,261 - INFO - <module> : Opened: https://meralco--fuat.lightning.force.com/lightning/page/home
2023-01-06 15:44:05,867 - INFO - <module> : Clicked
2023-01-06 15:44:05,867 - INFO - <module> : Clicked
2023-01-06 15:44:05,867 - INFO - <module> : Clicked
2023-01-06 15:44:05,867 - INFO - <module> : Clicked
2023-01-06 15:44:13,625 - INFO - <module> : input: v-lvlgalvez@meralco.com.ph
2023-01-06 15:44:13,625 - INFO - <module> : input: v-lvlgalvez@meralco.com.ph
2023-01-06 15:44:13,625 - INFO - <module> : input: v-lvlgalvez@meralco.com.ph
2023-01-06 15:44:13,625 - INFO - <module> : input: v-lvlgalvez@meralco.com.ph
2023-01-06 15:44:14,078 - INFO - <module> : Clicked
2023-01-06 15:44:14,078 - INFO - <module> : Clicked
2023-01-06 15:44:14,078 - INFO - <module> : Clicked
2023-01-06 15:44:14,078 - INFO - <module> : Clicked
2023-01-06 15:44:15,466 - INFO - <module> : input: Mecopass@@!!123
2023-01-06 15:44:15,466 - INFO - <module> : input: Mecopass@@!!123
2023-01-06 15:44:15,466 - INFO - <module> : input: Mecopass@@!!123
2023-01-06 15:44:15,466 - INFO - <module> : input: Mecopass@@!!123
2023-01-06 15:44:16,931 - INFO - <module> : Clicked
2023-01-06 15:44:16,931 - INFO - <module> : Clicked
2023-01-06 15:44:16,931 - INFO - <module> : Clicked
2023-01-06 15:44:16,931 - INFO - <module> : Clicked
2023-01-06 15:44:18,426 - INFO - <module> : Clicked
2023-01-06 15:44:18,426 - INFO - <module> : Clicked
2023-01-06 15:44:18,426 - INFO - <module> : Clicked
2023-01-06 15:44:18,426 - INFO - <module> : Clicked
2023-01-06 15:45:00,880 - INFO - <module> : Clicked
2023-01-06 15:45:00,880 - INFO - <module> : Clicked
2023-01-06 15:45:00,880 - INFO - <module> : Clicked
2023-01-06 15:45:00,880 - INFO - <module> : Clicked
2023-01-06 15:45:31,392 - INFO - setup : Close Browser
