2022-12-27 11:59:39,774 - INFO - setup : Browser Launched!
2022-12-27 11:59:46,959 - INFO - <module> : Go to Meralco Mobile App > Login using account with expired password
2022-12-27 11:59:46,959 - INFO - <module> : Go to Meralco Mobile App > Login using account with expired password
2022-12-27 11:59:46,959 - INFO - <module> : Go to Meralco Mobile App > Login using account with expired password
2022-12-27 11:59:46,959 - INFO - <module> : Go to Meralco Mobile App > Login using account with expired password
2022-12-27 11:59:48,185 - INFO - <module> : Opened: https://fuat-meralco.cs73.force.com/customers/s/cxe-apply
2022-12-27 11:59:48,185 - INFO - <module> : Opened: https://fuat-meralco.cs73.force.com/customers/s/cxe-apply
2022-12-27 11:59:48,185 - INFO - <module> : Opened: https://fuat-meralco.cs73.force.com/customers/s/cxe-apply
2022-12-27 11:59:48,185 - INFO - <module> : Opened: https://fuat-meralco.cs73.force.com/customers/s/cxe-apply
2022-12-27 11:59:48,401 - INFO - <module> : Service Application exists
2022-12-27 11:59:48,401 - INFO - <module> : Service Application exists
2022-12-27 11:59:48,401 - INFO - <module> : Service Application exists
2022-12-27 11:59:48,401 - INFO - <module> : Service Application exists
2022-12-27 11:59:51,307 - INFO - <module> : Update Password
2022-12-27 11:59:51,307 - INFO - <module> : Update Password
2022-12-27 11:59:51,307 - INFO - <module> : Update Password
2022-12-27 11:59:51,307 - INFO - <module> : Update Password
2022-12-27 11:59:51,396 - INFO - <module> : Clicked
2022-12-27 11:59:51,396 - INFO - <module> : Clicked
2022-12-27 11:59:51,396 - INFO - <module> : Clicked
2022-12-27 11:59:51,396 - INFO - <module> : Clicked
2022-12-27 12:00:21,654 - INFO - setup : Close Browser
