2023-01-10 14:42:16,269 - INFO - setup : Browser Launched!
2023-01-10 14:42:41,040 - INFO - <module> : Go to Outages & Incidents > Report Streetlight And Safety Concerns
2023-01-10 14:42:41,040 - INFO - <module> : Go to Outages & Incidents > Report Streetlight And Safety Concerns
2023-01-10 14:42:41,040 - INFO - <module> : Go to Outages & Incidents > Report Streetlight And Safety Concerns
2023-01-10 14:42:41,040 - INFO - <module> : Go to Outages & Incidents > Report Streetlight And Safety Concerns
2023-01-10 14:42:41,040 - INFO - <module> : Go to Outages & Incidents > Report Streetlight And Safety Concerns
2023-01-10 14:43:20,125 - INFO - <module> : Opened: https://fuat-meralco.cs73.force.com/customers/s/outagemap
2023-01-10 14:43:20,125 - INFO - <module> : Opened: https://fuat-meralco.cs73.force.com/customers/s/outagemap
2023-01-10 14:43:20,125 - INFO - <module> : Opened: https://fuat-meralco.cs73.force.com/customers/s/outagemap
2023-01-10 14:43:20,125 - INFO - <module> : Opened: https://fuat-meralco.cs73.force.com/customers/s/outagemap
2023-01-10 14:43:20,125 - INFO - <module> : Opened: https://fuat-meralco.cs73.force.com/customers/s/outagemap
2023-01-10 14:43:20,315 - INFO - <module> : Meralco would like to access your location to identify if your area is affected by an outage. exists
2023-01-10 14:43:20,315 - INFO - <module> : Meralco would like to access your location to identify if your area is affected by an outage. exists
2023-01-10 14:43:20,315 - INFO - <module> : Meralco would like to access your location to identify if your area is affected by an outage. exists
2023-01-10 14:43:20,315 - INFO - <module> : Meralco would like to access your location to identify if your area is affected by an outage. exists
2023-01-10 14:43:20,315 - INFO - <module> : Meralco would like to access your location to identify if your area is affected by an outage. exists
2023-01-10 14:43:22,428 - INFO - <module> : Clicked
2023-01-10 14:43:22,428 - INFO - <module> : Clicked
2023-01-10 14:43:22,428 - INFO - <module> : Clicked
2023-01-10 14:43:22,428 - INFO - <module> : Clicked
2023-01-10 14:43:22,428 - INFO - <module> : Clicked
2023-01-10 14:43:26,521 - INFO - <module> : Clicked
2023-01-10 14:43:26,521 - INFO - <module> : Clicked
2023-01-10 14:43:26,521 - INFO - <module> : Clicked
2023-01-10 14:43:26,521 - INFO - <module> : Clicked
2023-01-10 14:43:26,521 - INFO - <module> : Clicked
2023-01-10 14:43:46,785 - INFO - <module> : Report an Outage or Incident exists
2023-01-10 14:43:46,785 - INFO - <module> : Report an Outage or Incident exists
2023-01-10 14:43:46,785 - INFO - <module> : Report an Outage or Incident exists
2023-01-10 14:43:46,785 - INFO - <module> : Report an Outage or Incident exists
2023-01-10 14:43:46,785 - INFO - <module> : Report an Outage or Incident exists
2023-01-10 14:43:46,903 - INFO - <module> : Clicked
2023-01-10 14:43:46,903 - INFO - <module> : Clicked
2023-01-10 14:43:46,903 - INFO - <module> : Clicked
2023-01-10 14:43:46,903 - INFO - <module> : Clicked
2023-01-10 14:43:46,903 - INFO - <module> : Clicked
2023-01-10 14:43:50,108 - INFO - <module> : Populate required fields > click Submit
2023-01-10 14:43:50,108 - INFO - <module> : Populate required fields > click Submit
2023-01-10 14:43:50,108 - INFO - <module> : Populate required fields > click Submit
2023-01-10 14:43:50,108 - INFO - <module> : Populate required fields > click Submit
2023-01-10 14:43:50,108 - INFO - <module> : Populate required fields > click Submit
2023-01-10 14:43:50,190 - INFO - <module> : Clicked
2023-01-10 14:43:50,190 - INFO - <module> : Clicked
2023-01-10 14:43:50,190 - INFO - <module> : Clicked
2023-01-10 14:43:50,190 - INFO - <module> : Clicked
2023-01-10 14:43:50,190 - INFO - <module> : Clicked
2023-01-10 14:44:20,408 - ERROR - <module> : Cannot Locate: province_metro_manila
2023-01-10 14:44:20,408 - ERROR - <module> : Cannot Locate: province_metro_manila
2023-01-10 14:44:20,408 - ERROR - <module> : Cannot Locate: province_metro_manila
2023-01-10 14:44:20,408 - ERROR - <module> : Cannot Locate: province_metro_manila
2023-01-10 14:44:20,408 - ERROR - <module> : Cannot Locate: province_metro_manila
2023-01-10 14:44:20,457 - INFO - setup : Close Browser
