2022-11-18 15:57:43,768 - INFO - setup : Browser Launched!
2022-11-18 15:58:04,845 - INFO - <module> : Opened: https://outage-api.meralco.com.ph/
2022-11-18 15:58:04,845 - INFO - <module> : Opened: https://outage-api.meralco.com.ph/
2022-11-18 15:58:04,845 - INFO - <module> : Opened: https://outage-api.meralco.com.ph/
2022-11-18 15:58:04,845 - INFO - <module> : Opened: https://outage-api.meralco.com.ph/
2022-11-18 15:58:07,661 - INFO - <module> : input: v-agsealmoy@meralco.com.ph
2022-11-18 15:58:07,661 - INFO - <module> : input: v-agsealmoy@meralco.com.ph
2022-11-18 15:58:07,661 - INFO - <module> : input: v-agsealmoy@meralco.com.ph
2022-11-18 15:58:07,661 - INFO - <module> : input: v-agsealmoy@meralco.com.ph
2022-11-18 15:58:07,750 - INFO - <module> : Clicked
2022-11-18 15:58:07,750 - INFO - <module> : Clicked
2022-11-18 15:58:07,750 - INFO - <module> : Clicked
2022-11-18 15:58:07,750 - INFO - <module> : Clicked
2022-11-18 15:58:08,868 - INFO - <module> : input: Meco@@##00018
2022-11-18 15:58:08,868 - INFO - <module> : input: Meco@@##00018
2022-11-18 15:58:08,868 - INFO - <module> : input: Meco@@##00018
2022-11-18 15:58:08,868 - INFO - <module> : input: Meco@@##00018
2022-11-18 15:58:09,321 - INFO - <module> : Clicked
2022-11-18 15:58:09,321 - INFO - <module> : Clicked
2022-11-18 15:58:09,321 - INFO - <module> : Clicked
2022-11-18 15:58:09,321 - INFO - <module> : Clicked
2022-11-18 15:58:09,937 - INFO - <module> : Clicked
2022-11-18 15:58:09,937 - INFO - <module> : Clicked
2022-11-18 15:58:09,937 - INFO - <module> : Clicked
2022-11-18 15:58:09,937 - INFO - <module> : Clicked
2022-11-18 15:58:54,718 - INFO - <module> : Clicked
2022-11-18 15:58:54,718 - INFO - <module> : Clicked
2022-11-18 15:58:54,718 - INFO - <module> : Clicked
2022-11-18 15:58:54,718 - INFO - <module> : Clicked
2022-11-18 15:59:28,936 - INFO - <module> : Zoom in using scroll wheel
2022-11-18 15:59:28,936 - INFO - <module> : Zoom in using scroll wheel
2022-11-18 15:59:28,936 - INFO - <module> : Zoom in using scroll wheel
2022-11-18 15:59:28,936 - INFO - <module> : Zoom in using scroll wheel
2022-11-18 15:59:29,344 - INFO - setup : Close Browser
