2022-11-21 13:56:42,189 - INFO - setup : Browser Launched!
2022-11-21 13:56:49,965 - INFO - <module> : Opened: https://fuat-meralco.cs73.force.com/customers/s/contact
2022-11-21 13:56:49,965 - INFO - <module> : Opened: https://fuat-meralco.cs73.force.com/customers/s/contact
2022-11-21 13:56:49,965 - INFO - <module> : Opened: https://fuat-meralco.cs73.force.com/customers/s/contact
2022-11-21 13:56:49,965 - INFO - <module> : Opened: https://fuat-meralco.cs73.force.com/customers/s/contact
2022-11-21 13:56:50,195 - INFO - <module> : Clicked
2022-11-21 13:56:50,195 - INFO - <module> : Clicked
2022-11-21 13:56:50,195 - INFO - <module> : Clicked
2022-11-21 13:56:50,195 - INFO - <module> : Clicked
2022-11-21 13:56:54,704 - INFO - <module> : Opened: https://fuat-meralco.cs73.force.com/customers/s/concernstatus
2022-11-21 13:56:54,704 - INFO - <module> : Opened: https://fuat-meralco.cs73.force.com/customers/s/concernstatus
2022-11-21 13:56:54,704 - INFO - <module> : Opened: https://fuat-meralco.cs73.force.com/customers/s/concernstatus
2022-11-21 13:56:54,704 - INFO - <module> : Opened: https://fuat-meralco.cs73.force.com/customers/s/concernstatus
2022-11-21 13:56:54,912 - INFO - <module> : input: 22102250650
2022-11-21 13:56:54,912 - INFO - <module> : input: 22102250650
2022-11-21 13:56:54,912 - INFO - <module> : input: 22102250650
2022-11-21 13:56:54,912 - INFO - <module> : input: 22102250650
2022-11-21 13:56:54,985 - INFO - <module> : input: outage
2022-11-21 13:56:54,985 - INFO - <module> : input: outage
2022-11-21 13:56:54,985 - INFO - <module> : input: outage
2022-11-21 13:56:54,985 - INFO - <module> : input: outage
2022-11-21 13:56:55,035 - INFO - <module> : Clicked
2022-11-21 13:56:55,035 - INFO - <module> : Clicked
2022-11-21 13:56:55,035 - INFO - <module> : Clicked
2022-11-21 13:56:55,035 - INFO - <module> : Clicked
2022-11-21 13:56:57,259 - INFO - setup : Close Browser
