2022-11-18 14:38:56,880 - INFO - setup : Browser Launched!
2022-11-18 14:39:06,896 - INFO - <module> : Go to lower right of Internal Map
2022-11-18 14:39:06,896 - INFO - <module> : Go to lower right of Internal Map
2022-11-18 14:39:06,896 - INFO - <module> : Go to lower right of Internal Map
2022-11-18 14:39:06,896 - INFO - <module> : Go to lower right of Internal Map
2022-11-18 14:39:08,274 - INFO - <module> : Opened: https://outage-api.meralco.com.ph/
2022-11-18 14:39:08,274 - INFO - <module> : Opened: https://outage-api.meralco.com.ph/
2022-11-18 14:39:08,274 - INFO - <module> : Opened: https://outage-api.meralco.com.ph/
2022-11-18 14:39:08,274 - INFO - <module> : Opened: https://outage-api.meralco.com.ph/
2022-11-18 14:39:10,067 - INFO - <module> : input: v-agsealmoy@meralco.com.ph
2022-11-18 14:39:10,067 - INFO - <module> : input: v-agsealmoy@meralco.com.ph
2022-11-18 14:39:10,067 - INFO - <module> : input: v-agsealmoy@meralco.com.ph
2022-11-18 14:39:10,067 - INFO - <module> : input: v-agsealmoy@meralco.com.ph
2022-11-18 14:39:10,277 - INFO - <module> : Clicked
2022-11-18 14:39:10,277 - INFO - <module> : Clicked
2022-11-18 14:39:10,277 - INFO - <module> : Clicked
2022-11-18 14:39:10,277 - INFO - <module> : Clicked
2022-11-18 14:39:11,454 - INFO - <module> : input: Meco@@##00018
2022-11-18 14:39:11,454 - INFO - <module> : input: Meco@@##00018
2022-11-18 14:39:11,454 - INFO - <module> : input: Meco@@##00018
2022-11-18 14:39:11,454 - INFO - <module> : input: Meco@@##00018
2022-11-18 14:39:11,949 - INFO - <module> : Clicked
2022-11-18 14:39:11,949 - INFO - <module> : Clicked
2022-11-18 14:39:11,949 - INFO - <module> : Clicked
2022-11-18 14:39:11,949 - INFO - <module> : Clicked
2022-11-18 14:39:12,613 - INFO - <module> : Clicked
2022-11-18 14:39:12,613 - INFO - <module> : Clicked
2022-11-18 14:39:12,613 - INFO - <module> : Clicked
2022-11-18 14:39:12,613 - INFO - <module> : Clicked
2022-11-18 14:39:41,250 - INFO - <module> : Clicked
2022-11-18 14:39:41,250 - INFO - <module> : Clicked
2022-11-18 14:39:41,250 - INFO - <module> : Clicked
2022-11-18 14:39:41,250 - INFO - <module> : Clicked
2022-11-18 14:40:15,056 - INFO - <module> : Go to lower right of Internal Map
2022-11-18 14:40:15,056 - INFO - <module> : Go to lower right of Internal Map
2022-11-18 14:40:15,056 - INFO - <module> : Go to lower right of Internal Map
2022-11-18 14:40:15,056 - INFO - <module> : Go to lower right of Internal Map
2022-11-18 14:40:18,634 - INFO - <module> : Click Street View icon
2022-11-18 14:40:18,634 - INFO - <module> : Click Street View icon
2022-11-18 14:40:18,634 - INFO - <module> : Click Street View icon
2022-11-18 14:40:18,634 - INFO - <module> : Click Street View icon
2022-11-18 14:40:32,947 - INFO - setup : Close Browser
