2022-10-20 15:18:46,125 - INFO - setup : Browser Launched!
2022-10-20 15:18:56,514 - INFO - <module> : Access outage reporting form for Guest users.
2022-10-20 15:18:56,514 - INFO - <module> : Access outage reporting form for Guest users.
2022-10-20 15:18:56,514 - INFO - <module> : Access outage reporting form for Guest users.
2022-10-20 15:18:56,514 - INFO - <module> : Access outage reporting form for Guest users.
2022-10-20 15:18:58,945 - INFO - <module> : Opened: https://fuat-meralco.cs73.force.com/customers/s/outagemap
2022-10-20 15:18:58,945 - INFO - <module> : Opened: https://fuat-meralco.cs73.force.com/customers/s/outagemap
2022-10-20 15:18:58,945 - INFO - <module> : Opened: https://fuat-meralco.cs73.force.com/customers/s/outagemap
2022-10-20 15:18:58,945 - INFO - <module> : Opened: https://fuat-meralco.cs73.force.com/customers/s/outagemap
2022-10-20 15:19:05,631 - INFO - <module> : Meralco would like to access your location to identify if your area is affected by an outage. exists
2022-10-20 15:19:05,631 - INFO - <module> : Meralco would like to access your location to identify if your area is affected by an outage. exists
2022-10-20 15:19:05,631 - INFO - <module> : Meralco would like to access your location to identify if your area is affected by an outage. exists
2022-10-20 15:19:05,631 - INFO - <module> : Meralco would like to access your location to identify if your area is affected by an outage. exists
2022-10-20 15:19:07,715 - INFO - <module> : Clicked
2022-10-20 15:19:07,715 - INFO - <module> : Clicked
2022-10-20 15:19:07,715 - INFO - <module> : Clicked
2022-10-20 15:19:07,715 - INFO - <module> : Clicked
2022-10-20 15:19:11,810 - INFO - <module> : Clicked
2022-10-20 15:19:11,810 - INFO - <module> : Clicked
2022-10-20 15:19:11,810 - INFO - <module> : Clicked
2022-10-20 15:19:11,810 - INFO - <module> : Clicked
2022-10-20 15:19:19,873 - INFO - <module> : Report an Outage or Incident exists
2022-10-20 15:19:19,873 - INFO - <module> : Report an Outage or Incident exists
2022-10-20 15:19:19,873 - INFO - <module> : Report an Outage or Incident exists
2022-10-20 15:19:19,873 - INFO - <module> : Report an Outage or Incident exists
2022-10-20 15:19:22,962 - INFO - <module> : Choose 'Streetlight Concern' from the 'What are you reporting?' option.
2022-10-20 15:19:22,962 - INFO - <module> : Choose 'Streetlight Concern' from the 'What are you reporting?' option.
2022-10-20 15:19:22,962 - INFO - <module> : Choose 'Streetlight Concern' from the 'What are you reporting?' option.
2022-10-20 15:19:22,962 - INFO - <module> : Choose 'Streetlight Concern' from the 'What are you reporting?' option.
2022-10-20 15:19:23,067 - INFO - <module> : Clicked
2022-10-20 15:19:23,067 - INFO - <module> : Clicked
2022-10-20 15:19:23,067 - INFO - <module> : Clicked
2022-10-20 15:19:23,067 - INFO - <module> : Clicked
2022-10-20 15:19:26,243 - INFO - <module> : Choose 'Yes' from the options.
2022-10-20 15:19:26,243 - INFO - <module> : Choose 'Yes' from the options.
2022-10-20 15:19:26,243 - INFO - <module> : Choose 'Yes' from the options.
2022-10-20 15:19:26,243 - INFO - <module> : Choose 'Yes' from the options.
2022-10-20 15:19:26,356 - INFO - <module> : Clicked
2022-10-20 15:19:26,356 - INFO - <module> : Clicked
2022-10-20 15:19:26,356 - INFO - <module> : Clicked
2022-10-20 15:19:26,356 - INFO - <module> : Clicked
2022-10-20 15:19:29,847 - INFO - <module> : Click the dropdown field for Q2.
2022-10-20 15:19:29,847 - INFO - <module> : Click the dropdown field for Q2.
2022-10-20 15:19:29,847 - INFO - <module> : Click the dropdown field for Q2.
2022-10-20 15:19:29,847 - INFO - <module> : Click the dropdown field for Q2.
2022-10-20 15:19:29,985 - INFO - <module> : Clicked
2022-10-20 15:19:29,985 - INFO - <module> : Clicked
2022-10-20 15:19:29,985 - INFO - <module> : Clicked
2022-10-20 15:19:29,985 - INFO - <module> : Clicked
2022-10-20 15:19:33,571 - INFO - <module> : Choose 'Streetlight is always on, even during daytime' from the option.
2022-10-20 15:19:33,571 - INFO - <module> : Choose 'Streetlight is always on, even during daytime' from the option.
2022-10-20 15:19:33,571 - INFO - <module> : Choose 'Streetlight is always on, even during daytime' from the option.
2022-10-20 15:19:33,571 - INFO - <module> : Choose 'Streetlight is always on, even during daytime' from the option.
2022-10-20 15:19:33,699 - INFO - <module> : Clicked
2022-10-20 15:19:33,699 - INFO - <module> : Clicked
2022-10-20 15:19:33,699 - INFO - <module> : Clicked
2022-10-20 15:19:33,699 - INFO - <module> : Clicked
2022-10-20 15:19:37,216 - INFO - <module> : Populate the following fields by selecting from one of the picklist values, as applicable:
- Province
- City/Municipality
- Barangay
- Subdivision
- Street
- House/Unit No./ Floor/ Building
2022-10-20 15:19:37,216 - INFO - <module> : Populate the following fields by selecting from one of the picklist values, as applicable:
- Province
- City/Municipality
- Barangay
- Subdivision
- Street
- House/Unit No./ Floor/ Building
2022-10-20 15:19:37,216 - INFO - <module> : Populate the following fields by selecting from one of the picklist values, as applicable:
- Province
- City/Municipality
- Barangay
- Subdivision
- Street
- House/Unit No./ Floor/ Building
2022-10-20 15:19:37,216 - INFO - <module> : Populate the following fields by selecting from one of the picklist values, as applicable:
- Province
- City/Municipality
- Barangay
- Subdivision
- Street
- House/Unit No./ Floor/ Building
2022-10-20 15:19:37,353 - INFO - <module> : Clicked
2022-10-20 15:19:37,353 - INFO - <module> : Clicked
2022-10-20 15:19:37,353 - INFO - <module> : Clicked
2022-10-20 15:19:37,353 - INFO - <module> : Clicked
2022-10-20 15:19:37,937 - INFO - <module> : Clicked
2022-10-20 15:19:37,937 - INFO - <module> : Clicked
2022-10-20 15:19:37,937 - INFO - <module> : Clicked
2022-10-20 15:19:37,937 - INFO - <module> : Clicked
2022-10-20 15:19:38,520 - INFO - <module> : Clicked
2022-10-20 15:19:38,520 - INFO - <module> : Clicked
2022-10-20 15:19:38,520 - INFO - <module> : Clicked
2022-10-20 15:19:38,520 - INFO - <module> : Clicked
2022-10-20 15:19:39,099 - INFO - <module> : Clicked
2022-10-20 15:19:39,099 - INFO - <module> : Clicked
2022-10-20 15:19:39,099 - INFO - <module> : Clicked
2022-10-20 15:19:39,099 - INFO - <module> : Clicked
2022-10-20 15:19:39,676 - INFO - <module> : Clicked
2022-10-20 15:19:39,676 - INFO - <module> : Clicked
2022-10-20 15:19:39,676 - INFO - <module> : Clicked
2022-10-20 15:19:39,676 - INFO - <module> : Clicked
2022-10-20 15:19:39,774 - INFO - <module> : input: 123
2022-10-20 15:19:39,774 - INFO - <module> : input: 123
2022-10-20 15:19:39,774 - INFO - <module> : input: 123
2022-10-20 15:19:39,774 - INFO - <module> : input: 123
2022-10-20 15:19:43,276 - INFO - <module> : Populate 'Pole Number' field.
Note: There should be no pending case associated to the encoded Pole Number.
2022-10-20 15:19:43,276 - INFO - <module> : Populate 'Pole Number' field.
Note: There should be no pending case associated to the encoded Pole Number.
2022-10-20 15:19:43,276 - INFO - <module> : Populate 'Pole Number' field.
Note: There should be no pending case associated to the encoded Pole Number.
2022-10-20 15:19:43,276 - INFO - <module> : Populate 'Pole Number' field.
Note: There should be no pending case associated to the encoded Pole Number.
2022-10-20 15:19:43,462 - INFO - <module> : input: 42
2022-10-20 15:19:43,462 - INFO - <module> : input: 42
2022-10-20 15:19:43,462 - INFO - <module> : input: 42
2022-10-20 15:19:43,462 - INFO - <module> : input: 42
2022-10-20 15:19:46,984 - INFO - <module> : Select the 'Landmarks/Directions' option and input values in the text box.
2022-10-20 15:19:46,984 - INFO - <module> : Select the 'Landmarks/Directions' option and input values in the text box.
2022-10-20 15:19:46,984 - INFO - <module> : Select the 'Landmarks/Directions' option and input values in the text box.
2022-10-20 15:19:46,984 - INFO - <module> : Select the 'Landmarks/Directions' option and input values in the text box.
2022-10-20 15:19:47,103 - INFO - <module> : Clicked
2022-10-20 15:19:47,103 - INFO - <module> : Clicked
2022-10-20 15:19:47,103 - INFO - <module> : Clicked
2022-10-20 15:19:47,103 - INFO - <module> : Clicked
2022-10-20 15:19:47,283 - INFO - <module> : Clicked
2022-10-20 15:19:47,283 - INFO - <module> : Clicked
2022-10-20 15:19:47,283 - INFO - <module> : Clicked
2022-10-20 15:19:47,283 - INFO - <module> : Clicked
2022-10-20 15:19:47,407 - INFO - <module> : input: Sample Text
2022-10-20 15:19:47,407 - INFO - <module> : input: Sample Text
2022-10-20 15:19:47,407 - INFO - <module> : input: Sample Text
2022-10-20 15:19:47,407 - INFO - <module> : input: Sample Text
2022-10-20 15:19:55,653 - INFO - <module> : Populate the following fields:
a) First Name
b) Middle Name
c) Last Name
d) Mobile Number
e) Landline
f) Email
2022-10-20 15:19:55,653 - INFO - <module> : Populate the following fields:
a) First Name
b) Middle Name
c) Last Name
d) Mobile Number
e) Landline
f) Email
2022-10-20 15:19:55,653 - INFO - <module> : Populate the following fields:
a) First Name
b) Middle Name
c) Last Name
d) Mobile Number
e) Landline
f) Email
2022-10-20 15:19:55,653 - INFO - <module> : Populate the following fields:
a) First Name
b) Middle Name
c) Last Name
d) Mobile Number
e) Landline
f) Email
2022-10-20 15:19:55,777 - INFO - <module> : input: sample
2022-10-20 15:19:55,777 - INFO - <module> : input: sample
2022-10-20 15:19:55,777 - INFO - <module> : input: sample
2022-10-20 15:19:55,777 - INFO - <module> : input: sample
2022-10-20 15:19:55,860 - INFO - <module> : input: middle
2022-10-20 15:19:55,860 - INFO - <module> : input: middle
2022-10-20 15:19:55,860 - INFO - <module> : input: middle
2022-10-20 15:19:55,860 - INFO - <module> : input: middle
2022-10-20 15:19:55,939 - INFO - <module> : input: report
2022-10-20 15:19:55,939 - INFO - <module> : input: report
2022-10-20 15:19:55,939 - INFO - <module> : input: report
2022-10-20 15:19:55,939 - INFO - <module> : input: report
2022-10-20 15:19:56,026 - INFO - <module> : input: +639758880793
2022-10-20 15:19:56,026 - INFO - <module> : input: +639758880793
2022-10-20 15:19:56,026 - INFO - <module> : input: +639758880793
2022-10-20 15:19:56,026 - INFO - <module> : input: +639758880793
2022-10-20 15:19:56,091 - INFO - <module> : input: 
2022-10-20 15:19:56,091 - INFO - <module> : input: 
2022-10-20 15:19:56,091 - INFO - <module> : input: 
2022-10-20 15:19:56,091 - INFO - <module> : input: 
2022-10-20 15:19:56,181 - INFO - <module> : input: testautomationoutage@yopmail.com
2022-10-20 15:19:56,181 - INFO - <module> : input: testautomationoutage@yopmail.com
2022-10-20 15:19:56,181 - INFO - <module> : input: testautomationoutage@yopmail.com
2022-10-20 15:19:56,181 - INFO - <module> : input: testautomationoutage@yopmail.com
2022-10-20 15:19:59,229 - INFO - <module> : Verify if 'Yes' is selected from the options under 'Do you want to receive updates related to this report?'
2022-10-20 15:19:59,229 - INFO - <module> : Verify if 'Yes' is selected from the options under 'Do you want to receive updates related to this report?'
2022-10-20 15:19:59,229 - INFO - <module> : Verify if 'Yes' is selected from the options under 'Do you want to receive updates related to this report?'
2022-10-20 15:19:59,229 - INFO - <module> : Verify if 'Yes' is selected from the options under 'Do you want to receive updates related to this report?'
2022-10-20 15:20:02,265 - INFO - <module> : Select SMS and Email as preferred Case Notification Channel.
Note: Ensure that 'Email' field has valid value if Email has been selected as preferred Case Notification Channel.
2022-10-20 15:20:02,265 - INFO - <module> : Select SMS and Email as preferred Case Notification Channel.
Note: Ensure that 'Email' field has valid value if Email has been selected as preferred Case Notification Channel.
2022-10-20 15:20:02,265 - INFO - <module> : Select SMS and Email as preferred Case Notification Channel.
Note: Ensure that 'Email' field has valid value if Email has been selected as preferred Case Notification Channel.
2022-10-20 15:20:02,265 - INFO - <module> : Select SMS and Email as preferred Case Notification Channel.
Note: Ensure that 'Email' field has valid value if Email has been selected as preferred Case Notification Channel.
2022-10-20 15:20:02,382 - INFO - <module> : Clicked
2022-10-20 15:20:02,382 - INFO - <module> : Clicked
2022-10-20 15:20:02,382 - INFO - <module> : Clicked
2022-10-20 15:20:02,382 - INFO - <module> : Clicked
2022-10-20 15:20:02,448 - INFO - <module> : Clicked
2022-10-20 15:20:02,448 - INFO - <module> : Clicked
2022-10-20 15:20:02,448 - INFO - <module> : Clicked
2022-10-20 15:20:02,448 - INFO - <module> : Clicked
2022-10-20 15:20:05,384 - INFO - <module> : Select the checkbox for:
I have read and agree to the Meralco Online Terms & Conditions and consent to the processing of my personal data in accordance with the Privacy Policy.
2022-10-20 15:20:05,384 - INFO - <module> : Select the checkbox for:
I have read and agree to the Meralco Online Terms & Conditions and consent to the processing of my personal data in accordance with the Privacy Policy.
2022-10-20 15:20:05,384 - INFO - <module> : Select the checkbox for:
I have read and agree to the Meralco Online Terms & Conditions and consent to the processing of my personal data in accordance with the Privacy Policy.
2022-10-20 15:20:05,384 - INFO - <module> : Select the checkbox for:
I have read and agree to the Meralco Online Terms & Conditions and consent to the processing of my personal data in accordance with the Privacy Policy.
2022-10-20 15:20:05,493 - INFO - <module> : Clicked
2022-10-20 15:20:05,493 - INFO - <module> : Clicked
2022-10-20 15:20:05,493 - INFO - <module> : Clicked
2022-10-20 15:20:05,493 - INFO - <module> : Clicked
2022-10-20 15:20:08,548 - INFO - <module> : Click ‘Submit’ button.
2022-10-20 15:20:08,548 - INFO - <module> : Click ‘Submit’ button.
2022-10-20 15:20:08,548 - INFO - <module> : Click ‘Submit’ button.
2022-10-20 15:20:08,548 - INFO - <module> : Click ‘Submit’ button.
2022-10-20 15:20:08,663 - INFO - <module> : Clicked
2022-10-20 15:20:08,663 - INFO - <module> : Clicked
2022-10-20 15:20:08,663 - INFO - <module> : Clicked
2022-10-20 15:20:08,663 - INFO - <module> : Clicked
2022-10-20 15:20:26,756 - INFO - <module> : Verify received SMS notification.
2022-10-20 15:20:26,756 - INFO - <module> : Verify received SMS notification.
2022-10-20 15:20:26,756 - INFO - <module> : Verify received SMS notification.
2022-10-20 15:20:26,756 - INFO - <module> : Verify received SMS notification.
2022-10-20 15:20:27,594 - INFO - <module> : Verify received Email notification.
2022-10-20 15:20:27,594 - INFO - <module> : Verify received Email notification.
2022-10-20 15:20:27,594 - INFO - <module> : Verify received Email notification.
2022-10-20 15:20:27,594 - INFO - <module> : Verify received Email notification.
2022-10-20 15:20:34,608 - INFO - <module> : Opened: https://yopmail.com/en/
2022-10-20 15:20:34,608 - INFO - <module> : Opened: https://yopmail.com/en/
2022-10-20 15:20:34,608 - INFO - <module> : Opened: https://yopmail.com/en/
2022-10-20 15:20:34,608 - INFO - <module> : Opened: https://yopmail.com/en/
2022-10-20 15:20:34,816 - INFO - <module> : input: testautomationoutage@yopmail.com
2022-10-20 15:20:34,816 - INFO - <module> : input: testautomationoutage@yopmail.com
2022-10-20 15:20:34,816 - INFO - <module> : input: testautomationoutage@yopmail.com
2022-10-20 15:20:34,816 - INFO - <module> : input: testautomationoutage@yopmail.com
2022-10-20 15:20:36,083 - INFO - <module> : Clicked
2022-10-20 15:20:36,083 - INFO - <module> : Clicked
2022-10-20 15:20:36,083 - INFO - <module> : Clicked
2022-10-20 15:20:36,083 - INFO - <module> : Clicked
2022-10-20 15:20:39,190 - INFO - <module> : Access outage reporting form for Guest users.
2022-10-20 15:20:39,190 - INFO - <module> : Access outage reporting form for Guest users.
2022-10-20 15:20:39,190 - INFO - <module> : Access outage reporting form for Guest users.
2022-10-20 15:20:39,190 - INFO - <module> : Access outage reporting form for Guest users.
2022-10-20 15:20:41,943 - INFO - <module> : Opened: https://fuat-meralco.cs73.force.com/customers/s/outagemap
2022-10-20 15:20:41,943 - INFO - <module> : Opened: https://fuat-meralco.cs73.force.com/customers/s/outagemap
2022-10-20 15:20:41,943 - INFO - <module> : Opened: https://fuat-meralco.cs73.force.com/customers/s/outagemap
2022-10-20 15:20:41,943 - INFO - <module> : Opened: https://fuat-meralco.cs73.force.com/customers/s/outagemap
2022-10-20 15:20:45,246 - INFO - <module> : Meralco would like to access your location to identify if your area is affected by an outage. exists
2022-10-20 15:20:45,246 - INFO - <module> : Meralco would like to access your location to identify if your area is affected by an outage. exists
2022-10-20 15:20:45,246 - INFO - <module> : Meralco would like to access your location to identify if your area is affected by an outage. exists
2022-10-20 15:20:45,246 - INFO - <module> : Meralco would like to access your location to identify if your area is affected by an outage. exists
2022-10-20 15:20:47,386 - INFO - <module> : Clicked
2022-10-20 15:20:47,386 - INFO - <module> : Clicked
2022-10-20 15:20:47,386 - INFO - <module> : Clicked
2022-10-20 15:20:47,386 - INFO - <module> : Clicked
2022-10-20 15:20:51,481 - INFO - <module> : Clicked
2022-10-20 15:20:51,481 - INFO - <module> : Clicked
2022-10-20 15:20:51,481 - INFO - <module> : Clicked
2022-10-20 15:20:51,481 - INFO - <module> : Clicked
2022-10-20 15:20:59,526 - INFO - <module> : Report an Outage or Incident exists
2022-10-20 15:20:59,526 - INFO - <module> : Report an Outage or Incident exists
2022-10-20 15:20:59,526 - INFO - <module> : Report an Outage or Incident exists
2022-10-20 15:20:59,526 - INFO - <module> : Report an Outage or Incident exists
2022-10-20 15:21:02,533 - INFO - <module> : Choose 'Streetlight Concern' from the 'What are you reporting?' option.
2022-10-20 15:21:02,533 - INFO - <module> : Choose 'Streetlight Concern' from the 'What are you reporting?' option.
2022-10-20 15:21:02,533 - INFO - <module> : Choose 'Streetlight Concern' from the 'What are you reporting?' option.
2022-10-20 15:21:02,533 - INFO - <module> : Choose 'Streetlight Concern' from the 'What are you reporting?' option.
2022-10-20 15:21:02,659 - INFO - <module> : Clicked
2022-10-20 15:21:02,659 - INFO - <module> : Clicked
2022-10-20 15:21:02,659 - INFO - <module> : Clicked
2022-10-20 15:21:02,659 - INFO - <module> : Clicked
2022-10-20 15:21:05,507 - INFO - <module> : Choose 'Yes' from the options.
2022-10-20 15:21:05,507 - INFO - <module> : Choose 'Yes' from the options.
2022-10-20 15:21:05,507 - INFO - <module> : Choose 'Yes' from the options.
2022-10-20 15:21:05,507 - INFO - <module> : Choose 'Yes' from the options.
2022-10-20 15:21:05,617 - INFO - <module> : Clicked
2022-10-20 15:21:05,617 - INFO - <module> : Clicked
2022-10-20 15:21:05,617 - INFO - <module> : Clicked
2022-10-20 15:21:05,617 - INFO - <module> : Clicked
2022-10-20 15:21:08,457 - INFO - <module> : Click the dropdown field for Q2.
2022-10-20 15:21:08,457 - INFO - <module> : Click the dropdown field for Q2.
2022-10-20 15:21:08,457 - INFO - <module> : Click the dropdown field for Q2.
2022-10-20 15:21:08,457 - INFO - <module> : Click the dropdown field for Q2.
2022-10-20 15:21:08,564 - INFO - <module> : Clicked
2022-10-20 15:21:08,564 - INFO - <module> : Clicked
2022-10-20 15:21:08,564 - INFO - <module> : Clicked
2022-10-20 15:21:08,564 - INFO - <module> : Clicked
2022-10-20 15:21:11,494 - INFO - <module> : Choose 'Streetlight is flickering' from the option.
2022-10-20 15:21:11,494 - INFO - <module> : Choose 'Streetlight is flickering' from the option.
2022-10-20 15:21:11,494 - INFO - <module> : Choose 'Streetlight is flickering' from the option.
2022-10-20 15:21:11,494 - INFO - <module> : Choose 'Streetlight is flickering' from the option.
2022-10-20 15:21:11,597 - INFO - <module> : Clicked
2022-10-20 15:21:11,597 - INFO - <module> : Clicked
2022-10-20 15:21:11,597 - INFO - <module> : Clicked
2022-10-20 15:21:11,597 - INFO - <module> : Clicked
2022-10-20 15:21:14,459 - INFO - <module> : Populate the following fields by selecting from one of the picklist values, as applicable:
- Province
- City/Municipality
- Barangay
- Subdivision
- Street
- House/Unit No./ Floor/ Building
2022-10-20 15:21:14,459 - INFO - <module> : Populate the following fields by selecting from one of the picklist values, as applicable:
- Province
- City/Municipality
- Barangay
- Subdivision
- Street
- House/Unit No./ Floor/ Building
2022-10-20 15:21:14,459 - INFO - <module> : Populate the following fields by selecting from one of the picklist values, as applicable:
- Province
- City/Municipality
- Barangay
- Subdivision
- Street
- House/Unit No./ Floor/ Building
2022-10-20 15:21:14,459 - INFO - <module> : Populate the following fields by selecting from one of the picklist values, as applicable:
- Province
- City/Municipality
- Barangay
- Subdivision
- Street
- House/Unit No./ Floor/ Building
2022-10-20 15:21:14,563 - INFO - <module> : Clicked
2022-10-20 15:21:14,563 - INFO - <module> : Clicked
2022-10-20 15:21:14,563 - INFO - <module> : Clicked
2022-10-20 15:21:14,563 - INFO - <module> : Clicked
2022-10-20 15:21:15,655 - INFO - <module> : Clicked
2022-10-20 15:21:15,655 - INFO - <module> : Clicked
2022-10-20 15:21:15,655 - INFO - <module> : Clicked
2022-10-20 15:21:15,655 - INFO - <module> : Clicked
2022-10-20 15:21:16,223 - INFO - <module> : Clicked
2022-10-20 15:21:16,223 - INFO - <module> : Clicked
2022-10-20 15:21:16,223 - INFO - <module> : Clicked
2022-10-20 15:21:16,223 - INFO - <module> : Clicked
2022-10-20 15:21:16,778 - INFO - <module> : Clicked
2022-10-20 15:21:16,778 - INFO - <module> : Clicked
2022-10-20 15:21:16,778 - INFO - <module> : Clicked
2022-10-20 15:21:16,778 - INFO - <module> : Clicked
2022-10-20 15:21:17,338 - INFO - <module> : Clicked
2022-10-20 15:21:17,338 - INFO - <module> : Clicked
2022-10-20 15:21:17,338 - INFO - <module> : Clicked
2022-10-20 15:21:17,338 - INFO - <module> : Clicked
2022-10-20 15:21:17,427 - INFO - <module> : input: 123
2022-10-20 15:21:17,427 - INFO - <module> : input: 123
2022-10-20 15:21:17,427 - INFO - <module> : input: 123
2022-10-20 15:21:17,427 - INFO - <module> : input: 123
2022-10-20 15:21:20,501 - INFO - <module> : Populate 'Pole Number' field using the values encoded in the prior report.
2022-10-20 15:21:20,501 - INFO - <module> : Populate 'Pole Number' field using the values encoded in the prior report.
2022-10-20 15:21:20,501 - INFO - <module> : Populate 'Pole Number' field using the values encoded in the prior report.
2022-10-20 15:21:20,501 - INFO - <module> : Populate 'Pole Number' field using the values encoded in the prior report.
2022-10-20 15:21:20,645 - INFO - <module> : input: 42
2022-10-20 15:21:20,645 - INFO - <module> : input: 42
2022-10-20 15:21:20,645 - INFO - <module> : input: 42
2022-10-20 15:21:20,645 - INFO - <module> : input: 42
2022-10-20 15:21:24,021 - INFO - <module> : Select any other field in the form.
2022-10-20 15:21:24,021 - INFO - <module> : Select any other field in the form.
2022-10-20 15:21:24,021 - INFO - <module> : Select any other field in the form.
2022-10-20 15:21:24,021 - INFO - <module> : Select any other field in the form.
2022-10-20 15:21:24,192 - INFO - <module> : Clicked
2022-10-20 15:21:24,192 - INFO - <module> : Clicked
2022-10-20 15:21:24,192 - INFO - <module> : Clicked
2022-10-20 15:21:24,192 - INFO - <module> : Clicked
2022-10-20 15:21:32,648 - INFO - <module> :  clicked
2022-10-20 15:21:32,648 - INFO - <module> :  clicked
2022-10-20 15:21:32,648 - INFO - <module> :  clicked
2022-10-20 15:21:32,648 - INFO - <module> :  clicked
2022-10-20 15:21:35,674 - INFO - <module> : Access outage reporting form for Guest users.
2022-10-20 15:21:35,674 - INFO - <module> : Access outage reporting form for Guest users.
2022-10-20 15:21:35,674 - INFO - <module> : Access outage reporting form for Guest users.
2022-10-20 15:21:35,674 - INFO - <module> : Access outage reporting form for Guest users.
2022-10-20 15:21:37,640 - INFO - <module> : Opened: https://fuat-meralco.cs73.force.com/customers/s/outagemap
2022-10-20 15:21:37,640 - INFO - <module> : Opened: https://fuat-meralco.cs73.force.com/customers/s/outagemap
2022-10-20 15:21:37,640 - INFO - <module> : Opened: https://fuat-meralco.cs73.force.com/customers/s/outagemap
2022-10-20 15:21:37,640 - INFO - <module> : Opened: https://fuat-meralco.cs73.force.com/customers/s/outagemap
2022-10-20 15:21:52,640 - INFO - <module> : Meralco would like to access your location to identify if your area is affected by an outage. exists
2022-10-20 15:21:52,640 - INFO - <module> : Meralco would like to access your location to identify if your area is affected by an outage. exists
2022-10-20 15:21:52,640 - INFO - <module> : Meralco would like to access your location to identify if your area is affected by an outage. exists
2022-10-20 15:21:52,640 - INFO - <module> : Meralco would like to access your location to identify if your area is affected by an outage. exists
2022-10-20 15:21:54,746 - INFO - <module> : Clicked
2022-10-20 15:21:54,746 - INFO - <module> : Clicked
2022-10-20 15:21:54,746 - INFO - <module> : Clicked
2022-10-20 15:21:54,746 - INFO - <module> : Clicked
2022-10-20 15:21:58,839 - INFO - <module> : Clicked
2022-10-20 15:21:58,839 - INFO - <module> : Clicked
2022-10-20 15:21:58,839 - INFO - <module> : Clicked
2022-10-20 15:21:58,839 - INFO - <module> : Clicked
2022-10-20 15:22:06,891 - INFO - <module> : Report an Outage or Incident exists
2022-10-20 15:22:06,891 - INFO - <module> : Report an Outage or Incident exists
2022-10-20 15:22:06,891 - INFO - <module> : Report an Outage or Incident exists
2022-10-20 15:22:06,891 - INFO - <module> : Report an Outage or Incident exists
2022-10-20 15:22:10,003 - INFO - <module> : Choose 'Streetlight Concern' from the 'What are you reporting?' option.
2022-10-20 15:22:10,003 - INFO - <module> : Choose 'Streetlight Concern' from the 'What are you reporting?' option.
2022-10-20 15:22:10,003 - INFO - <module> : Choose 'Streetlight Concern' from the 'What are you reporting?' option.
2022-10-20 15:22:10,003 - INFO - <module> : Choose 'Streetlight Concern' from the 'What are you reporting?' option.
2022-10-20 15:22:10,144 - INFO - <module> : Clicked
2022-10-20 15:22:10,144 - INFO - <module> : Clicked
2022-10-20 15:22:10,144 - INFO - <module> : Clicked
2022-10-20 15:22:10,144 - INFO - <module> : Clicked
2022-10-20 15:22:13,322 - INFO - <module> : Choose 'Yes' from the options.
2022-10-20 15:22:13,322 - INFO - <module> : Choose 'Yes' from the options.
2022-10-20 15:22:13,322 - INFO - <module> : Choose 'Yes' from the options.
2022-10-20 15:22:13,322 - INFO - <module> : Choose 'Yes' from the options.
2022-10-20 15:22:13,457 - INFO - <module> : Clicked
2022-10-20 15:22:13,457 - INFO - <module> : Clicked
2022-10-20 15:22:13,457 - INFO - <module> : Clicked
2022-10-20 15:22:13,457 - INFO - <module> : Clicked
2022-10-20 15:22:16,652 - INFO - <module> : Click the dropdown field for Q2.
2022-10-20 15:22:16,652 - INFO - <module> : Click the dropdown field for Q2.
2022-10-20 15:22:16,652 - INFO - <module> : Click the dropdown field for Q2.
2022-10-20 15:22:16,652 - INFO - <module> : Click the dropdown field for Q2.
2022-10-20 15:22:16,789 - INFO - <module> : Clicked
2022-10-20 15:22:16,789 - INFO - <module> : Clicked
2022-10-20 15:22:16,789 - INFO - <module> : Clicked
2022-10-20 15:22:16,789 - INFO - <module> : Clicked
2022-10-20 15:22:20,085 - INFO - <module> : Choose 'Streetlight is not on or has no power' from the option.
2022-10-20 15:22:20,085 - INFO - <module> : Choose 'Streetlight is not on or has no power' from the option.
2022-10-20 15:22:20,085 - INFO - <module> : Choose 'Streetlight is not on or has no power' from the option.
2022-10-20 15:22:20,085 - INFO - <module> : Choose 'Streetlight is not on or has no power' from the option.
2022-10-20 15:22:20,219 - INFO - <module> : Clicked
2022-10-20 15:22:20,219 - INFO - <module> : Clicked
2022-10-20 15:22:20,219 - INFO - <module> : Clicked
2022-10-20 15:22:20,219 - INFO - <module> : Clicked
2022-10-20 15:22:23,925 - INFO - <module> : Populate the following fields by selecting from one of the picklist values, as applicable:
- Province
- City/Municipality
- Barangay
- Subdivision
- Street
- House/Unit No./ Floor/ Building
2022-10-20 15:22:23,925 - INFO - <module> : Populate the following fields by selecting from one of the picklist values, as applicable:
- Province
- City/Municipality
- Barangay
- Subdivision
- Street
- House/Unit No./ Floor/ Building
2022-10-20 15:22:23,925 - INFO - <module> : Populate the following fields by selecting from one of the picklist values, as applicable:
- Province
- City/Municipality
- Barangay
- Subdivision
- Street
- House/Unit No./ Floor/ Building
2022-10-20 15:22:23,925 - INFO - <module> : Populate the following fields by selecting from one of the picklist values, as applicable:
- Province
- City/Municipality
- Barangay
- Subdivision
- Street
- House/Unit No./ Floor/ Building
2022-10-20 15:22:24,095 - INFO - <module> : Clicked
2022-10-20 15:22:24,095 - INFO - <module> : Clicked
2022-10-20 15:22:24,095 - INFO - <module> : Clicked
2022-10-20 15:22:24,095 - INFO - <module> : Clicked
2022-10-20 15:22:24,684 - INFO - <module> : Clicked
2022-10-20 15:22:24,684 - INFO - <module> : Clicked
2022-10-20 15:22:24,684 - INFO - <module> : Clicked
2022-10-20 15:22:24,684 - INFO - <module> : Clicked
2022-10-20 15:22:25,261 - INFO - <module> : Clicked
2022-10-20 15:22:25,261 - INFO - <module> : Clicked
2022-10-20 15:22:25,261 - INFO - <module> : Clicked
2022-10-20 15:22:25,261 - INFO - <module> : Clicked
2022-10-20 15:22:25,838 - INFO - <module> : Clicked
2022-10-20 15:22:25,838 - INFO - <module> : Clicked
2022-10-20 15:22:25,838 - INFO - <module> : Clicked
2022-10-20 15:22:25,838 - INFO - <module> : Clicked
2022-10-20 15:22:26,397 - INFO - <module> : Clicked
2022-10-20 15:22:26,397 - INFO - <module> : Clicked
2022-10-20 15:22:26,397 - INFO - <module> : Clicked
2022-10-20 15:22:26,397 - INFO - <module> : Clicked
2022-10-20 15:22:26,492 - INFO - <module> : input: 123
2022-10-20 15:22:26,492 - INFO - <module> : input: 123
2022-10-20 15:22:26,492 - INFO - <module> : input: 123
2022-10-20 15:22:26,492 - INFO - <module> : input: 123
2022-10-20 15:22:29,650 - INFO - <module> : Populate 'Pole Number' field using the values encoded in the prior report.
2022-10-20 15:22:29,650 - INFO - <module> : Populate 'Pole Number' field using the values encoded in the prior report.
2022-10-20 15:22:29,650 - INFO - <module> : Populate 'Pole Number' field using the values encoded in the prior report.
2022-10-20 15:22:29,650 - INFO - <module> : Populate 'Pole Number' field using the values encoded in the prior report.
2022-10-20 15:22:29,800 - INFO - <module> : input: 42
2022-10-20 15:22:29,800 - INFO - <module> : input: 42
2022-10-20 15:22:29,800 - INFO - <module> : input: 42
2022-10-20 15:22:29,800 - INFO - <module> : input: 42
2022-10-20 15:22:34,288 - INFO - <module> : Clicked
2022-10-20 15:22:34,288 - INFO - <module> : Clicked
2022-10-20 15:22:34,288 - INFO - <module> : Clicked
2022-10-20 15:22:34,288 - INFO - <module> : Clicked
2022-10-20 15:22:38,828 - INFO - <module> :  clicked
2022-10-20 15:22:38,828 - INFO - <module> :  clicked
2022-10-20 15:22:38,828 - INFO - <module> :  clicked
2022-10-20 15:22:38,828 - INFO - <module> :  clicked
2022-10-20 15:22:45,839 - INFO - <module> : Select the 'Landmarks/Directions' option and input values in the text box.
2022-10-20 15:22:45,839 - INFO - <module> : Select the 'Landmarks/Directions' option and input values in the text box.
2022-10-20 15:22:45,839 - INFO - <module> : Select the 'Landmarks/Directions' option and input values in the text box.
2022-10-20 15:22:45,839 - INFO - <module> : Select the 'Landmarks/Directions' option and input values in the text box.
2022-10-20 15:22:45,956 - INFO - <module> : Clicked
2022-10-20 15:22:45,956 - INFO - <module> : Clicked
2022-10-20 15:22:45,956 - INFO - <module> : Clicked
2022-10-20 15:22:45,956 - INFO - <module> : Clicked
2022-10-20 15:22:47,145 - INFO - setup : Close Browser
