2023-01-10 14:57:30,289 - INFO - setup : Browser Launched!
2023-01-10 14:57:43,940 - INFO - <module> : Go to Outages & Incidents > Report Streetlight And Safety Concerns
2023-01-10 14:57:43,940 - INFO - <module> : Go to Outages & Incidents > Report Streetlight And Safety Concerns
2023-01-10 14:57:43,940 - INFO - <module> : Go to Outages & Incidents > Report Streetlight And Safety Concerns
2023-01-10 14:57:43,940 - INFO - <module> : Go to Outages & Incidents > Report Streetlight And Safety Concerns
2023-01-10 14:57:43,940 - INFO - <module> : Go to Outages & Incidents > Report Streetlight And Safety Concerns
2023-01-10 14:57:50,349 - INFO - <module> : Opened: https://fuat-meralco.cs73.force.com/customers/s/outagemap
2023-01-10 14:57:50,349 - INFO - <module> : Opened: https://fuat-meralco.cs73.force.com/customers/s/outagemap
2023-01-10 14:57:50,349 - INFO - <module> : Opened: https://fuat-meralco.cs73.force.com/customers/s/outagemap
2023-01-10 14:57:50,349 - INFO - <module> : Opened: https://fuat-meralco.cs73.force.com/customers/s/outagemap
2023-01-10 14:57:50,349 - INFO - <module> : Opened: https://fuat-meralco.cs73.force.com/customers/s/outagemap
2023-01-10 14:57:53,753 - INFO - <module> : Meralco would like to access your location to identify if your area is affected by an outage. exists
2023-01-10 14:57:53,753 - INFO - <module> : Meralco would like to access your location to identify if your area is affected by an outage. exists
2023-01-10 14:57:53,753 - INFO - <module> : Meralco would like to access your location to identify if your area is affected by an outage. exists
2023-01-10 14:57:53,753 - INFO - <module> : Meralco would like to access your location to identify if your area is affected by an outage. exists
2023-01-10 14:57:53,753 - INFO - <module> : Meralco would like to access your location to identify if your area is affected by an outage. exists
2023-01-10 14:57:55,848 - INFO - <module> : Clicked
2023-01-10 14:57:55,848 - INFO - <module> : Clicked
2023-01-10 14:57:55,848 - INFO - <module> : Clicked
2023-01-10 14:57:55,848 - INFO - <module> : Clicked
2023-01-10 14:57:55,848 - INFO - <module> : Clicked
2023-01-10 14:57:59,991 - INFO - <module> : Clicked
2023-01-10 14:57:59,991 - INFO - <module> : Clicked
2023-01-10 14:57:59,991 - INFO - <module> : Clicked
2023-01-10 14:57:59,991 - INFO - <module> : Clicked
2023-01-10 14:57:59,991 - INFO - <module> : Clicked
2023-01-10 14:58:09,164 - INFO - <module> : Report an Outage or Incident exists
2023-01-10 14:58:09,164 - INFO - <module> : Report an Outage or Incident exists
2023-01-10 14:58:09,164 - INFO - <module> : Report an Outage or Incident exists
2023-01-10 14:58:09,164 - INFO - <module> : Report an Outage or Incident exists
2023-01-10 14:58:09,164 - INFO - <module> : Report an Outage or Incident exists
2023-01-10 14:58:09,235 - INFO - <module> : Clicked
2023-01-10 14:58:09,235 - INFO - <module> : Clicked
2023-01-10 14:58:09,235 - INFO - <module> : Clicked
2023-01-10 14:58:09,235 - INFO - <module> : Clicked
2023-01-10 14:58:09,235 - INFO - <module> : Clicked
2023-01-10 14:58:12,295 - INFO - <module> : Populate required fields > click Submit
2023-01-10 14:58:12,295 - INFO - <module> : Populate required fields > click Submit
2023-01-10 14:58:12,295 - INFO - <module> : Populate required fields > click Submit
2023-01-10 14:58:12,295 - INFO - <module> : Populate required fields > click Submit
2023-01-10 14:58:12,295 - INFO - <module> : Populate required fields > click Submit
2023-01-10 14:58:20,618 - INFO - <module> : Clicked
2023-01-10 14:58:20,618 - INFO - <module> : Clicked
2023-01-10 14:58:20,618 - INFO - <module> : Clicked
2023-01-10 14:58:20,618 - INFO - <module> : Clicked
2023-01-10 14:58:20,618 - INFO - <module> : Clicked
2023-01-10 14:58:50,760 - ERROR - <module> : Cannot Locate: province_metro_manila
2023-01-10 14:58:50,760 - ERROR - <module> : Cannot Locate: province_metro_manila
2023-01-10 14:58:50,760 - ERROR - <module> : Cannot Locate: province_metro_manila
2023-01-10 14:58:50,760 - ERROR - <module> : Cannot Locate: province_metro_manila
2023-01-10 14:58:50,760 - ERROR - <module> : Cannot Locate: province_metro_manila
2023-01-10 14:58:50,808 - INFO - setup : Close Browser
