2022-11-18 16:02:56,263 - INFO - setup : Browser Launched!
2022-11-18 16:03:09,179 - INFO - <module> : Opened: https://outage-api.meralco.com.ph/
2022-11-18 16:03:09,179 - INFO - <module> : Opened: https://outage-api.meralco.com.ph/
2022-11-18 16:03:09,179 - INFO - <module> : Opened: https://outage-api.meralco.com.ph/
2022-11-18 16:03:09,179 - INFO - <module> : Opened: https://outage-api.meralco.com.ph/
2022-11-18 16:03:10,821 - INFO - <module> : input: v-agsealmoy@meralco.com.ph
2022-11-18 16:03:10,821 - INFO - <module> : input: v-agsealmoy@meralco.com.ph
2022-11-18 16:03:10,821 - INFO - <module> : input: v-agsealmoy@meralco.com.ph
2022-11-18 16:03:10,821 - INFO - <module> : input: v-agsealmoy@meralco.com.ph
2022-11-18 16:03:10,983 - INFO - <module> : Clicked
2022-11-18 16:03:10,983 - INFO - <module> : Clicked
2022-11-18 16:03:10,983 - INFO - <module> : Clicked
2022-11-18 16:03:10,983 - INFO - <module> : Clicked
2022-11-18 16:03:12,716 - INFO - <module> : input: Meco@@##00018
2022-11-18 16:03:12,716 - INFO - <module> : input: Meco@@##00018
2022-11-18 16:03:12,716 - INFO - <module> : input: Meco@@##00018
2022-11-18 16:03:12,716 - INFO - <module> : input: Meco@@##00018
2022-11-18 16:03:13,415 - INFO - <module> : Clicked
2022-11-18 16:03:13,415 - INFO - <module> : Clicked
2022-11-18 16:03:13,415 - INFO - <module> : Clicked
2022-11-18 16:03:13,415 - INFO - <module> : Clicked
2022-11-18 16:03:14,105 - INFO - <module> : Clicked
2022-11-18 16:03:14,105 - INFO - <module> : Clicked
2022-11-18 16:03:14,105 - INFO - <module> : Clicked
2022-11-18 16:03:14,105 - INFO - <module> : Clicked
2022-11-18 16:04:00,204 - INFO - setup : Close Browser
