2022-11-17 11:23:48,593 - INFO - setup : Browser Launched!
2022-11-17 11:23:55,452 - INFO - <module> : Go to Map Displays -> tick Scheduled Interruption -> tick Outage Pins
2022-11-17 11:23:55,452 - INFO - <module> : Go to Map Displays -> tick Scheduled Interruption -> tick Outage Pins
2022-11-17 11:23:55,452 - INFO - <module> : Go to Map Displays -> tick Scheduled Interruption -> tick Outage Pins
2022-11-17 11:23:55,452 - INFO - <module> : Go to Map Displays -> tick Scheduled Interruption -> tick Outage Pins
2022-11-17 11:23:56,759 - INFO - <module> : Opened: https://outage-api.meralco.com.ph/
2022-11-17 11:23:56,759 - INFO - <module> : Opened: https://outage-api.meralco.com.ph/
2022-11-17 11:23:56,759 - INFO - <module> : Opened: https://outage-api.meralco.com.ph/
2022-11-17 11:23:56,759 - INFO - <module> : Opened: https://outage-api.meralco.com.ph/
2022-11-17 11:23:58,515 - INFO - <module> : input: v-lvlgalvez@meralco.com.ph
2022-11-17 11:23:58,515 - INFO - <module> : input: v-lvlgalvez@meralco.com.ph
2022-11-17 11:23:58,515 - INFO - <module> : input: v-lvlgalvez@meralco.com.ph
2022-11-17 11:23:58,515 - INFO - <module> : input: v-lvlgalvez@meralco.com.ph
2022-11-17 11:23:58,570 - INFO - <module> : Clicked
2022-11-17 11:23:58,570 - INFO - <module> : Clicked
2022-11-17 11:23:58,570 - INFO - <module> : Clicked
2022-11-17 11:23:58,570 - INFO - <module> : Clicked
2022-11-17 11:24:00,172 - INFO - <module> : input: Mecopass@@!!121
2022-11-17 11:24:00,172 - INFO - <module> : input: Mecopass@@!!121
2022-11-17 11:24:00,172 - INFO - <module> : input: Mecopass@@!!121
2022-11-17 11:24:00,172 - INFO - <module> : input: Mecopass@@!!121
2022-11-17 11:24:00,626 - INFO - <module> : Clicked
2022-11-17 11:24:00,626 - INFO - <module> : Clicked
2022-11-17 11:24:00,626 - INFO - <module> : Clicked
2022-11-17 11:24:00,626 - INFO - <module> : Clicked
2022-11-17 11:24:01,236 - INFO - <module> : Clicked
2022-11-17 11:24:01,236 - INFO - <module> : Clicked
2022-11-17 11:24:01,236 - INFO - <module> : Clicked
2022-11-17 11:24:01,236 - INFO - <module> : Clicked
2022-11-17 11:24:29,810 - INFO - <module> : Clicked
2022-11-17 11:24:29,810 - INFO - <module> : Clicked
2022-11-17 11:24:29,810 - INFO - <module> : Clicked
2022-11-17 11:24:29,810 - INFO - <module> : Clicked
2022-11-17 11:25:01,926 - INFO - <module> : Clicked
2022-11-17 11:25:01,926 - INFO - <module> : Clicked
2022-11-17 11:25:01,926 - INFO - <module> : Clicked
2022-11-17 11:25:01,926 - INFO - <module> : Clicked
2022-11-17 11:25:03,994 - INFO - <module> : Clicked
2022-11-17 11:25:03,994 - INFO - <module> : Clicked
2022-11-17 11:25:03,994 - INFO - <module> : Clicked
2022-11-17 11:25:03,994 - INFO - <module> : Clicked
2022-11-17 11:25:06,077 - INFO - <module> : Clicked
2022-11-17 11:25:06,077 - INFO - <module> : Clicked
2022-11-17 11:25:06,077 - INFO - <module> : Clicked
2022-11-17 11:25:06,077 - INFO - <module> : Clicked
2022-11-17 11:25:09,758 - INFO - <module> : Go to Map Displays -> tick Scheduled Interruptions -> tick Outage pins
2022-11-17 11:25:09,758 - INFO - <module> : Go to Map Displays -> tick Scheduled Interruptions -> tick Outage pins
2022-11-17 11:25:09,758 - INFO - <module> : Go to Map Displays -> tick Scheduled Interruptions -> tick Outage pins
2022-11-17 11:25:09,758 - INFO - <module> : Go to Map Displays -> tick Scheduled Interruptions -> tick Outage pins
2022-11-17 11:25:13,177 - INFO - <module> : Go to Map Displays -> tick Scheduled Interruptions -> tick Outage pins
2022-11-17 11:25:13,177 - INFO - <module> : Go to Map Displays -> tick Scheduled Interruptions -> tick Outage pins
2022-11-17 11:25:13,177 - INFO - <module> : Go to Map Displays -> tick Scheduled Interruptions -> tick Outage pins
2022-11-17 11:25:13,177 - INFO - <module> : Go to Map Displays -> tick Scheduled Interruptions -> tick Outage pins
2022-11-17 11:25:13,373 - INFO - <module> : Clicked
2022-11-17 11:25:13,373 - INFO - <module> : Clicked
2022-11-17 11:25:13,373 - INFO - <module> : Clicked
2022-11-17 11:25:13,373 - INFO - <module> : Clicked
2022-11-17 11:25:16,766 - INFO - <module> : Go to Map Displays -> tick Affected Areas under Scheduled Interruption
2022-11-17 11:25:16,766 - INFO - <module> : Go to Map Displays -> tick Affected Areas under Scheduled Interruption
2022-11-17 11:25:16,766 - INFO - <module> : Go to Map Displays -> tick Affected Areas under Scheduled Interruption
2022-11-17 11:25:16,766 - INFO - <module> : Go to Map Displays -> tick Affected Areas under Scheduled Interruption
2022-11-17 11:25:16,930 - INFO - <module> : Clicked
2022-11-17 11:25:16,930 - INFO - <module> : Clicked
2022-11-17 11:25:16,930 - INFO - <module> : Clicked
2022-11-17 11:25:16,930 - INFO - <module> : Clicked
2022-11-17 11:25:20,406 - INFO - <module> : Go to Map Displays -> tick Affected Areas under Scheduled Interruption
2022-11-17 11:25:20,406 - INFO - <module> : Go to Map Displays -> tick Affected Areas under Scheduled Interruption
2022-11-17 11:25:20,406 - INFO - <module> : Go to Map Displays -> tick Affected Areas under Scheduled Interruption
2022-11-17 11:25:20,406 - INFO - <module> : Go to Map Displays -> tick Affected Areas under Scheduled Interruption
2022-11-17 11:25:20,589 - INFO - <module> : Clicked
2022-11-17 11:25:20,589 - INFO - <module> : Clicked
2022-11-17 11:25:20,589 - INFO - <module> : Clicked
2022-11-17 11:25:20,589 - INFO - <module> : Clicked
2022-11-17 11:25:24,101 - INFO - <module> : Go to Map Displays -> tick Affected Areas under Scheduled Interruption
2022-11-17 11:25:24,101 - INFO - <module> : Go to Map Displays -> tick Affected Areas under Scheduled Interruption
2022-11-17 11:25:24,101 - INFO - <module> : Go to Map Displays -> tick Affected Areas under Scheduled Interruption
2022-11-17 11:25:24,101 - INFO - <module> : Go to Map Displays -> tick Affected Areas under Scheduled Interruption
2022-11-17 11:25:24,409 - INFO - <module> : Clicked
2022-11-17 11:25:24,409 - INFO - <module> : Clicked
2022-11-17 11:25:24,409 - INFO - <module> : Clicked
2022-11-17 11:25:24,409 - INFO - <module> : Clicked
2022-11-17 11:25:27,908 - INFO - <module> : Go to Map Displays -> tick Affected Areas under Scheduled Interruptions > Tick By Count
2022-11-17 11:25:27,908 - INFO - <module> : Go to Map Displays -> tick Affected Areas under Scheduled Interruptions > Tick By Count
2022-11-17 11:25:27,908 - INFO - <module> : Go to Map Displays -> tick Affected Areas under Scheduled Interruptions > Tick By Count
2022-11-17 11:25:27,908 - INFO - <module> : Go to Map Displays -> tick Affected Areas under Scheduled Interruptions > Tick By Count
2022-11-17 11:25:30,638 - INFO - setup : Close Browser
