2022-10-17 09:07:06,669 - INFO - setup : Browser Launched!
2022-10-17 09:07:19,743 - INFO - <module> : Login to Meralco Online
2022-10-17 09:07:19,743 - INFO - <module> : Login to Meralco Online
2022-10-17 09:07:19,743 - INFO - <module> : Login to Meralco Online
2022-10-17 09:07:19,743 - INFO - <module> : Login to Meralco Online
2022-10-17 09:07:21,416 - INFO - <module> : Opened: https://fuat-meralco.cs73.force.com/customers/s/splash
2022-10-17 09:07:21,416 - INFO - <module> : Opened: https://fuat-meralco.cs73.force.com/customers/s/splash
2022-10-17 09:07:21,416 - INFO - <module> : Opened: https://fuat-meralco.cs73.force.com/customers/s/splash
2022-10-17 09:07:21,416 - INFO - <module> : Opened: https://fuat-meralco.cs73.force.com/customers/s/splash
2022-10-17 09:07:21,682 - INFO - <module> : input: atmooutageaccount@yopmail.com
2022-10-17 09:07:21,682 - INFO - <module> : input: atmooutageaccount@yopmail.com
2022-10-17 09:07:21,682 - INFO - <module> : input: atmooutageaccount@yopmail.com
2022-10-17 09:07:21,682 - INFO - <module> : input: atmooutageaccount@yopmail.com
2022-10-17 09:07:21,750 - INFO - <module> : input: Meralco01
2022-10-17 09:07:21,750 - INFO - <module> : input: Meralco01
2022-10-17 09:07:21,750 - INFO - <module> : input: Meralco01
2022-10-17 09:07:21,750 - INFO - <module> : input: Meralco01
2022-10-17 09:07:21,811 - INFO - <module> : Log in clicked
2022-10-17 09:07:21,811 - INFO - <module> : Log in clicked
2022-10-17 09:07:21,811 - INFO - <module> : Log in clicked
2022-10-17 09:07:21,811 - INFO - <module> : Log in clicked
2022-10-17 09:07:26,179 - INFO - <module> : Hello, exists
2022-10-17 09:07:26,179 - INFO - <module> : Hello, exists
2022-10-17 09:07:26,179 - INFO - <module> : Hello, exists
2022-10-17 09:07:26,179 - INFO - <module> : Hello, exists
2022-10-17 09:07:26,201 - INFO - <module> : Hello, exists
2022-10-17 09:07:26,201 - INFO - <module> : Hello, exists
2022-10-17 09:07:26,201 - INFO - <module> : Hello, exists
2022-10-17 09:07:26,201 - INFO - <module> : Hello, exists
2022-10-17 09:07:28,985 - INFO - <module> : Go to Outages & Incidents > View/Report Outages
2022-10-17 09:07:28,985 - INFO - <module> : Go to Outages & Incidents > View/Report Outages
2022-10-17 09:07:28,985 - INFO - <module> : Go to Outages & Incidents > View/Report Outages
2022-10-17 09:07:28,985 - INFO - <module> : Go to Outages & Incidents > View/Report Outages
2022-10-17 09:07:29,056 - INFO - <module> : Outages & Incidents clicked
2022-10-17 09:07:29,056 - INFO - <module> : Outages & Incidents clicked
2022-10-17 09:07:29,056 - INFO - <module> : Outages & Incidents clicked
2022-10-17 09:07:29,056 - INFO - <module> : Outages & Incidents clicked
2022-10-17 09:07:29,100 - INFO - <module> :  clicked
2022-10-17 09:07:29,100 - INFO - <module> :  clicked
2022-10-17 09:07:29,100 - INFO - <module> :  clicked
2022-10-17 09:07:29,100 - INFO - <module> :  clicked
2022-10-17 09:07:37,883 - INFO - <module> : Okay clicked
2022-10-17 09:07:37,883 - INFO - <module> : Okay clicked
2022-10-17 09:07:37,883 - INFO - <module> : Okay clicked
2022-10-17 09:07:37,883 - INFO - <module> : Okay clicked
2022-10-17 09:07:40,215 - INFO - setup : Close Browser
