2022-11-18 14:25:08,591 - INFO - setup : Browser Launched!
2022-11-18 14:25:14,891 - INFO - <module> : Go to lower right of Internal Map
2022-11-18 14:25:14,891 - INFO - <module> : Go to lower right of Internal Map
2022-11-18 14:25:14,891 - INFO - <module> : Go to lower right of Internal Map
2022-11-18 14:25:14,891 - INFO - <module> : Go to lower right of Internal Map
2022-11-18 14:25:16,639 - INFO - <module> : Opened: https://outage-api.meralco.com.ph/
2022-11-18 14:25:16,639 - INFO - <module> : Opened: https://outage-api.meralco.com.ph/
2022-11-18 14:25:16,639 - INFO - <module> : Opened: https://outage-api.meralco.com.ph/
2022-11-18 14:25:16,639 - INFO - <module> : Opened: https://outage-api.meralco.com.ph/
2022-11-18 14:25:17,991 - INFO - <module> : input: v-agsealmoy@meralco.com.ph
2022-11-18 14:25:17,991 - INFO - <module> : input: v-agsealmoy@meralco.com.ph
2022-11-18 14:25:17,991 - INFO - <module> : input: v-agsealmoy@meralco.com.ph
2022-11-18 14:25:17,991 - INFO - <module> : input: v-agsealmoy@meralco.com.ph
2022-11-18 14:25:18,043 - INFO - <module> : Clicked
2022-11-18 14:25:18,043 - INFO - <module> : Clicked
2022-11-18 14:25:18,043 - INFO - <module> : Clicked
2022-11-18 14:25:18,043 - INFO - <module> : Clicked
2022-11-18 14:25:19,158 - INFO - <module> : input: Meco@@##00018
2022-11-18 14:25:19,158 - INFO - <module> : input: Meco@@##00018
2022-11-18 14:25:19,158 - INFO - <module> : input: Meco@@##00018
2022-11-18 14:25:19,158 - INFO - <module> : input: Meco@@##00018
2022-11-18 14:25:19,564 - INFO - <module> : Clicked
2022-11-18 14:25:19,564 - INFO - <module> : Clicked
2022-11-18 14:25:19,564 - INFO - <module> : Clicked
2022-11-18 14:25:19,564 - INFO - <module> : Clicked
2022-11-18 14:25:20,217 - INFO - <module> : Clicked
2022-11-18 14:25:20,217 - INFO - <module> : Clicked
2022-11-18 14:25:20,217 - INFO - <module> : Clicked
2022-11-18 14:25:20,217 - INFO - <module> : Clicked
2022-11-18 14:25:48,429 - INFO - <module> : Clicked
2022-11-18 14:25:48,429 - INFO - <module> : Clicked
2022-11-18 14:25:48,429 - INFO - <module> : Clicked
2022-11-18 14:25:48,429 - INFO - <module> : Clicked
2022-11-18 14:26:22,012 - INFO - <module> : Go to lower right of Internal Map
2022-11-18 14:26:22,012 - INFO - <module> : Go to lower right of Internal Map
2022-11-18 14:26:22,012 - INFO - <module> : Go to lower right of Internal Map
2022-11-18 14:26:22,012 - INFO - <module> : Go to lower right of Internal Map
2022-11-18 14:26:25,485 - INFO - <module> : Click Street View icon
2022-11-18 14:26:25,485 - INFO - <module> : Click Street View icon
2022-11-18 14:26:25,485 - INFO - <module> : Click Street View icon
2022-11-18 14:26:25,485 - INFO - <module> : Click Street View icon
2022-11-18 14:26:26,034 - INFO - setup : Close Browser
