2022-10-20 15:31:38,530 - INFO - setup : Browser Launched!
2022-10-20 15:31:46,121 - INFO - <module> : Access outage reporting form for Guest users.
2022-10-20 15:31:46,121 - INFO - <module> : Access outage reporting form for Guest users.
2022-10-20 15:31:46,121 - INFO - <module> : Access outage reporting form for Guest users.
2022-10-20 15:31:46,121 - INFO - <module> : Access outage reporting form for Guest users.
2022-10-20 15:31:58,628 - INFO - <module> : Opened: https://fuat-meralco.cs73.force.com/customers/s/outagemap
2022-10-20 15:31:58,628 - INFO - <module> : Opened: https://fuat-meralco.cs73.force.com/customers/s/outagemap
2022-10-20 15:31:58,628 - INFO - <module> : Opened: https://fuat-meralco.cs73.force.com/customers/s/outagemap
2022-10-20 15:31:58,628 - INFO - <module> : Opened: https://fuat-meralco.cs73.force.com/customers/s/outagemap
2022-10-20 15:32:03,135 - INFO - <module> : Meralco would like to access your location to identify if your area is affected by an outage. exists
2022-10-20 15:32:03,135 - INFO - <module> : Meralco would like to access your location to identify if your area is affected by an outage. exists
2022-10-20 15:32:03,135 - INFO - <module> : Meralco would like to access your location to identify if your area is affected by an outage. exists
2022-10-20 15:32:03,135 - INFO - <module> : Meralco would like to access your location to identify if your area is affected by an outage. exists
2022-10-20 15:32:05,233 - INFO - <module> : Clicked
2022-10-20 15:32:05,233 - INFO - <module> : Clicked
2022-10-20 15:32:05,233 - INFO - <module> : Clicked
2022-10-20 15:32:05,233 - INFO - <module> : Clicked
2022-10-20 15:32:09,319 - INFO - <module> : Clicked
2022-10-20 15:32:09,319 - INFO - <module> : Clicked
2022-10-20 15:32:09,319 - INFO - <module> : Clicked
2022-10-20 15:32:09,319 - INFO - <module> : Clicked
2022-10-20 15:32:17,384 - INFO - <module> : Report an Outage or Incident exists
2022-10-20 15:32:17,384 - INFO - <module> : Report an Outage or Incident exists
2022-10-20 15:32:17,384 - INFO - <module> : Report an Outage or Incident exists
2022-10-20 15:32:17,384 - INFO - <module> : Report an Outage or Incident exists
2022-10-20 15:32:20,190 - INFO - <module> : Choose 'Streetlight Concern' from the 'What are you reporting?' option.
2022-10-20 15:32:20,190 - INFO - <module> : Choose 'Streetlight Concern' from the 'What are you reporting?' option.
2022-10-20 15:32:20,190 - INFO - <module> : Choose 'Streetlight Concern' from the 'What are you reporting?' option.
2022-10-20 15:32:20,190 - INFO - <module> : Choose 'Streetlight Concern' from the 'What are you reporting?' option.
2022-10-20 15:32:20,262 - INFO - <module> : Clicked
2022-10-20 15:32:20,262 - INFO - <module> : Clicked
2022-10-20 15:32:20,262 - INFO - <module> : Clicked
2022-10-20 15:32:20,262 - INFO - <module> : Clicked
2022-10-20 15:32:23,291 - INFO - <module> : Choose 'Yes' from the options.
2022-10-20 15:32:23,291 - INFO - <module> : Choose 'Yes' from the options.
2022-10-20 15:32:23,291 - INFO - <module> : Choose 'Yes' from the options.
2022-10-20 15:32:23,291 - INFO - <module> : Choose 'Yes' from the options.
2022-10-20 15:32:23,374 - INFO - <module> : Clicked
2022-10-20 15:32:23,374 - INFO - <module> : Clicked
2022-10-20 15:32:23,374 - INFO - <module> : Clicked
2022-10-20 15:32:23,374 - INFO - <module> : Clicked
2022-10-20 15:32:26,202 - INFO - <module> : Click the dropdown field for Q2.
2022-10-20 15:32:26,202 - INFO - <module> : Click the dropdown field for Q2.
2022-10-20 15:32:26,202 - INFO - <module> : Click the dropdown field for Q2.
2022-10-20 15:32:26,202 - INFO - <module> : Click the dropdown field for Q2.
2022-10-20 15:32:26,298 - INFO - <module> : Clicked
2022-10-20 15:32:26,298 - INFO - <module> : Clicked
2022-10-20 15:32:26,298 - INFO - <module> : Clicked
2022-10-20 15:32:26,298 - INFO - <module> : Clicked
2022-10-20 15:32:29,162 - INFO - <module> : Choose 'Streetlight is always on, even during daytime' from the option.
2022-10-20 15:32:29,162 - INFO - <module> : Choose 'Streetlight is always on, even during daytime' from the option.
2022-10-20 15:32:29,162 - INFO - <module> : Choose 'Streetlight is always on, even during daytime' from the option.
2022-10-20 15:32:29,162 - INFO - <module> : Choose 'Streetlight is always on, even during daytime' from the option.
2022-10-20 15:32:29,239 - INFO - <module> : Clicked
2022-10-20 15:32:29,239 - INFO - <module> : Clicked
2022-10-20 15:32:29,239 - INFO - <module> : Clicked
2022-10-20 15:32:29,239 - INFO - <module> : Clicked
2022-10-20 15:32:32,111 - INFO - <module> : Populate the following fields by selecting from one of the picklist values, as applicable:
- Province
- City/Municipality
- Barangay
- Subdivision
- Street
- House/Unit No./ Floor/ Building
2022-10-20 15:32:32,111 - INFO - <module> : Populate the following fields by selecting from one of the picklist values, as applicable:
- Province
- City/Municipality
- Barangay
- Subdivision
- Street
- House/Unit No./ Floor/ Building
2022-10-20 15:32:32,111 - INFO - <module> : Populate the following fields by selecting from one of the picklist values, as applicable:
- Province
- City/Municipality
- Barangay
- Subdivision
- Street
- House/Unit No./ Floor/ Building
2022-10-20 15:32:32,111 - INFO - <module> : Populate the following fields by selecting from one of the picklist values, as applicable:
- Province
- City/Municipality
- Barangay
- Subdivision
- Street
- House/Unit No./ Floor/ Building
2022-10-20 15:32:32,188 - INFO - <module> : Clicked
2022-10-20 15:32:32,188 - INFO - <module> : Clicked
2022-10-20 15:32:32,188 - INFO - <module> : Clicked
2022-10-20 15:32:32,188 - INFO - <module> : Clicked
2022-10-20 15:32:32,744 - INFO - <module> : Clicked
2022-10-20 15:32:32,744 - INFO - <module> : Clicked
2022-10-20 15:32:32,744 - INFO - <module> : Clicked
2022-10-20 15:32:32,744 - INFO - <module> : Clicked
2022-10-20 15:32:33,324 - INFO - <module> : Clicked
2022-10-20 15:32:33,324 - INFO - <module> : Clicked
2022-10-20 15:32:33,324 - INFO - <module> : Clicked
2022-10-20 15:32:33,324 - INFO - <module> : Clicked
2022-10-20 15:32:33,891 - INFO - <module> : Clicked
2022-10-20 15:32:33,891 - INFO - <module> : Clicked
2022-10-20 15:32:33,891 - INFO - <module> : Clicked
2022-10-20 15:32:33,891 - INFO - <module> : Clicked
2022-10-20 15:32:34,469 - INFO - <module> : Clicked
2022-10-20 15:32:34,469 - INFO - <module> : Clicked
2022-10-20 15:32:34,469 - INFO - <module> : Clicked
2022-10-20 15:32:34,469 - INFO - <module> : Clicked
2022-10-20 15:32:34,563 - INFO - <module> : input: 123
2022-10-20 15:32:34,563 - INFO - <module> : input: 123
2022-10-20 15:32:34,563 - INFO - <module> : input: 123
2022-10-20 15:32:34,563 - INFO - <module> : input: 123
2022-10-20 15:32:37,471 - INFO - <module> : Populate 'Pole Number' field.
Note: There should be no pending case associated to the encoded Pole Number.
2022-10-20 15:32:37,471 - INFO - <module> : Populate 'Pole Number' field.
Note: There should be no pending case associated to the encoded Pole Number.
2022-10-20 15:32:37,471 - INFO - <module> : Populate 'Pole Number' field.
Note: There should be no pending case associated to the encoded Pole Number.
2022-10-20 15:32:37,471 - INFO - <module> : Populate 'Pole Number' field.
Note: There should be no pending case associated to the encoded Pole Number.
2022-10-20 15:32:37,607 - INFO - <module> : input: 43
2022-10-20 15:32:37,607 - INFO - <module> : input: 43
2022-10-20 15:32:37,607 - INFO - <module> : input: 43
2022-10-20 15:32:37,607 - INFO - <module> : input: 43
2022-10-20 15:32:40,528 - INFO - <module> : Select the 'Landmarks/Directions' option and input values in the text box.
2022-10-20 15:32:40,528 - INFO - <module> : Select the 'Landmarks/Directions' option and input values in the text box.
2022-10-20 15:32:40,528 - INFO - <module> : Select the 'Landmarks/Directions' option and input values in the text box.
2022-10-20 15:32:40,528 - INFO - <module> : Select the 'Landmarks/Directions' option and input values in the text box.
2022-10-20 15:32:40,616 - INFO - <module> : Clicked
2022-10-20 15:32:40,616 - INFO - <module> : Clicked
2022-10-20 15:32:40,616 - INFO - <module> : Clicked
2022-10-20 15:32:40,616 - INFO - <module> : Clicked
2022-10-20 15:32:40,966 - INFO - <module> : Clicked
2022-10-20 15:32:40,966 - INFO - <module> : Clicked
2022-10-20 15:32:40,966 - INFO - <module> : Clicked
2022-10-20 15:32:40,966 - INFO - <module> : Clicked
2022-10-20 15:32:41,079 - INFO - <module> : input: Sample Text
2022-10-20 15:32:41,079 - INFO - <module> : input: Sample Text
2022-10-20 15:32:41,079 - INFO - <module> : input: Sample Text
2022-10-20 15:32:41,079 - INFO - <module> : input: Sample Text
2022-10-20 15:32:48,938 - INFO - <module> : Populate the following fields:
a) First Name
b) Middle Name
c) Last Name
d) Mobile Number
e) Landline
f) Email
2022-10-20 15:32:48,938 - INFO - <module> : Populate the following fields:
a) First Name
b) Middle Name
c) Last Name
d) Mobile Number
e) Landline
f) Email
2022-10-20 15:32:48,938 - INFO - <module> : Populate the following fields:
a) First Name
b) Middle Name
c) Last Name
d) Mobile Number
e) Landline
f) Email
2022-10-20 15:32:48,938 - INFO - <module> : Populate the following fields:
a) First Name
b) Middle Name
c) Last Name
d) Mobile Number
e) Landline
f) Email
2022-10-20 15:32:49,045 - INFO - <module> : input: sample
2022-10-20 15:32:49,045 - INFO - <module> : input: sample
2022-10-20 15:32:49,045 - INFO - <module> : input: sample
2022-10-20 15:32:49,045 - INFO - <module> : input: sample
2022-10-20 15:32:49,103 - INFO - <module> : input: middle
2022-10-20 15:32:49,103 - INFO - <module> : input: middle
2022-10-20 15:32:49,103 - INFO - <module> : input: middle
2022-10-20 15:32:49,103 - INFO - <module> : input: middle
2022-10-20 15:32:49,161 - INFO - <module> : input: report
2022-10-20 15:32:49,161 - INFO - <module> : input: report
2022-10-20 15:32:49,161 - INFO - <module> : input: report
2022-10-20 15:32:49,161 - INFO - <module> : input: report
2022-10-20 15:32:49,226 - INFO - <module> : input: +639758880793
2022-10-20 15:32:49,226 - INFO - <module> : input: +639758880793
2022-10-20 15:32:49,226 - INFO - <module> : input: +639758880793
2022-10-20 15:32:49,226 - INFO - <module> : input: +639758880793
2022-10-20 15:32:49,283 - INFO - <module> : input: 
2022-10-20 15:32:49,283 - INFO - <module> : input: 
2022-10-20 15:32:49,283 - INFO - <module> : input: 
2022-10-20 15:32:49,283 - INFO - <module> : input: 
2022-10-20 15:32:49,355 - INFO - <module> : input: testautomationoutage@yopmail.com
2022-10-20 15:32:49,355 - INFO - <module> : input: testautomationoutage@yopmail.com
2022-10-20 15:32:49,355 - INFO - <module> : input: testautomationoutage@yopmail.com
2022-10-20 15:32:49,355 - INFO - <module> : input: testautomationoutage@yopmail.com
2022-10-20 15:32:52,303 - INFO - <module> : Verify if 'Yes' is selected from the options under 'Do you want to receive updates related to this report?'
2022-10-20 15:32:52,303 - INFO - <module> : Verify if 'Yes' is selected from the options under 'Do you want to receive updates related to this report?'
2022-10-20 15:32:52,303 - INFO - <module> : Verify if 'Yes' is selected from the options under 'Do you want to receive updates related to this report?'
2022-10-20 15:32:52,303 - INFO - <module> : Verify if 'Yes' is selected from the options under 'Do you want to receive updates related to this report?'
2022-10-20 15:32:55,256 - INFO - <module> : Select SMS and Email as preferred Case Notification Channel.
Note: Ensure that 'Email' field has valid value if Email has been selected as preferred Case Notification Channel.
2022-10-20 15:32:55,256 - INFO - <module> : Select SMS and Email as preferred Case Notification Channel.
Note: Ensure that 'Email' field has valid value if Email has been selected as preferred Case Notification Channel.
2022-10-20 15:32:55,256 - INFO - <module> : Select SMS and Email as preferred Case Notification Channel.
Note: Ensure that 'Email' field has valid value if Email has been selected as preferred Case Notification Channel.
2022-10-20 15:32:55,256 - INFO - <module> : Select SMS and Email as preferred Case Notification Channel.
Note: Ensure that 'Email' field has valid value if Email has been selected as preferred Case Notification Channel.
2022-10-20 15:32:55,338 - INFO - <module> : Clicked
2022-10-20 15:32:55,338 - INFO - <module> : Clicked
2022-10-20 15:32:55,338 - INFO - <module> : Clicked
2022-10-20 15:32:55,338 - INFO - <module> : Clicked
2022-10-20 15:32:55,398 - INFO - <module> : Clicked
2022-10-20 15:32:55,398 - INFO - <module> : Clicked
2022-10-20 15:32:55,398 - INFO - <module> : Clicked
2022-10-20 15:32:55,398 - INFO - <module> : Clicked
2022-10-20 15:32:58,432 - INFO - <module> : Select the checkbox for:
I have read and agree to the Meralco Online Terms & Conditions and consent to the processing of my personal data in accordance with the Privacy Policy.
2022-10-20 15:32:58,432 - INFO - <module> : Select the checkbox for:
I have read and agree to the Meralco Online Terms & Conditions and consent to the processing of my personal data in accordance with the Privacy Policy.
2022-10-20 15:32:58,432 - INFO - <module> : Select the checkbox for:
I have read and agree to the Meralco Online Terms & Conditions and consent to the processing of my personal data in accordance with the Privacy Policy.
2022-10-20 15:32:58,432 - INFO - <module> : Select the checkbox for:
I have read and agree to the Meralco Online Terms & Conditions and consent to the processing of my personal data in accordance with the Privacy Policy.
2022-10-20 15:32:58,544 - INFO - <module> : Clicked
2022-10-20 15:32:58,544 - INFO - <module> : Clicked
2022-10-20 15:32:58,544 - INFO - <module> : Clicked
2022-10-20 15:32:58,544 - INFO - <module> : Clicked
2022-10-20 15:33:01,514 - INFO - <module> : Click ‘Submit’ button.
2022-10-20 15:33:01,514 - INFO - <module> : Click ‘Submit’ button.
2022-10-20 15:33:01,514 - INFO - <module> : Click ‘Submit’ button.
2022-10-20 15:33:01,514 - INFO - <module> : Click ‘Submit’ button.
2022-10-20 15:33:01,633 - INFO - <module> : Clicked
2022-10-20 15:33:01,633 - INFO - <module> : Clicked
2022-10-20 15:33:01,633 - INFO - <module> : Clicked
2022-10-20 15:33:01,633 - INFO - <module> : Clicked
2022-10-20 15:33:19,740 - INFO - <module> : Verify received SMS notification.
2022-10-20 15:33:19,740 - INFO - <module> : Verify received SMS notification.
2022-10-20 15:33:19,740 - INFO - <module> : Verify received SMS notification.
2022-10-20 15:33:19,740 - INFO - <module> : Verify received SMS notification.
2022-10-20 15:33:20,603 - INFO - <module> : Verify received Email notification.
2022-10-20 15:33:20,603 - INFO - <module> : Verify received Email notification.
2022-10-20 15:33:20,603 - INFO - <module> : Verify received Email notification.
2022-10-20 15:33:20,603 - INFO - <module> : Verify received Email notification.
2022-10-20 15:33:27,269 - INFO - <module> : Opened: https://yopmail.com/en/
2022-10-20 15:33:27,269 - INFO - <module> : Opened: https://yopmail.com/en/
2022-10-20 15:33:27,269 - INFO - <module> : Opened: https://yopmail.com/en/
2022-10-20 15:33:27,269 - INFO - <module> : Opened: https://yopmail.com/en/
2022-10-20 15:33:27,442 - INFO - <module> : input: testautomationoutage@yopmail.com
2022-10-20 15:33:27,442 - INFO - <module> : input: testautomationoutage@yopmail.com
2022-10-20 15:33:27,442 - INFO - <module> : input: testautomationoutage@yopmail.com
2022-10-20 15:33:27,442 - INFO - <module> : input: testautomationoutage@yopmail.com
2022-10-20 15:33:28,915 - INFO - <module> : Clicked
2022-10-20 15:33:28,915 - INFO - <module> : Clicked
2022-10-20 15:33:28,915 - INFO - <module> : Clicked
2022-10-20 15:33:28,915 - INFO - <module> : Clicked
2022-10-20 15:33:32,044 - INFO - <module> : Access outage reporting form for Guest users.
2022-10-20 15:33:32,044 - INFO - <module> : Access outage reporting form for Guest users.
2022-10-20 15:33:32,044 - INFO - <module> : Access outage reporting form for Guest users.
2022-10-20 15:33:32,044 - INFO - <module> : Access outage reporting form for Guest users.
2022-10-20 15:33:34,829 - INFO - <module> : Opened: https://fuat-meralco.cs73.force.com/customers/s/outagemap
2022-10-20 15:33:34,829 - INFO - <module> : Opened: https://fuat-meralco.cs73.force.com/customers/s/outagemap
2022-10-20 15:33:34,829 - INFO - <module> : Opened: https://fuat-meralco.cs73.force.com/customers/s/outagemap
2022-10-20 15:33:34,829 - INFO - <module> : Opened: https://fuat-meralco.cs73.force.com/customers/s/outagemap
2022-10-20 15:33:37,692 - INFO - <module> : Meralco would like to access your location to identify if your area is affected by an outage. exists
2022-10-20 15:33:37,692 - INFO - <module> : Meralco would like to access your location to identify if your area is affected by an outage. exists
2022-10-20 15:33:37,692 - INFO - <module> : Meralco would like to access your location to identify if your area is affected by an outage. exists
2022-10-20 15:33:37,692 - INFO - <module> : Meralco would like to access your location to identify if your area is affected by an outage. exists
2022-10-20 15:33:39,807 - INFO - <module> : Clicked
2022-10-20 15:33:39,807 - INFO - <module> : Clicked
2022-10-20 15:33:39,807 - INFO - <module> : Clicked
2022-10-20 15:33:39,807 - INFO - <module> : Clicked
2022-10-20 15:33:43,912 - INFO - <module> : Clicked
2022-10-20 15:33:43,912 - INFO - <module> : Clicked
2022-10-20 15:33:43,912 - INFO - <module> : Clicked
2022-10-20 15:33:43,912 - INFO - <module> : Clicked
2022-10-20 15:33:51,986 - INFO - <module> : Report an Outage or Incident exists
2022-10-20 15:33:51,986 - INFO - <module> : Report an Outage or Incident exists
2022-10-20 15:33:51,986 - INFO - <module> : Report an Outage or Incident exists
2022-10-20 15:33:51,986 - INFO - <module> : Report an Outage or Incident exists
2022-10-20 15:33:55,042 - INFO - <module> : Choose 'Streetlight Concern' from the 'What are you reporting?' option.
2022-10-20 15:33:55,042 - INFO - <module> : Choose 'Streetlight Concern' from the 'What are you reporting?' option.
2022-10-20 15:33:55,042 - INFO - <module> : Choose 'Streetlight Concern' from the 'What are you reporting?' option.
2022-10-20 15:33:55,042 - INFO - <module> : Choose 'Streetlight Concern' from the 'What are you reporting?' option.
2022-10-20 15:33:55,189 - INFO - <module> : Clicked
2022-10-20 15:33:55,189 - INFO - <module> : Clicked
2022-10-20 15:33:55,189 - INFO - <module> : Clicked
2022-10-20 15:33:55,189 - INFO - <module> : Clicked
2022-10-20 15:33:58,218 - INFO - <module> : Choose 'Yes' from the options.
2022-10-20 15:33:58,218 - INFO - <module> : Choose 'Yes' from the options.
2022-10-20 15:33:58,218 - INFO - <module> : Choose 'Yes' from the options.
2022-10-20 15:33:58,218 - INFO - <module> : Choose 'Yes' from the options.
2022-10-20 15:33:58,352 - INFO - <module> : Clicked
2022-10-20 15:33:58,352 - INFO - <module> : Clicked
2022-10-20 15:33:58,352 - INFO - <module> : Clicked
2022-10-20 15:33:58,352 - INFO - <module> : Clicked
2022-10-20 15:34:01,331 - INFO - <module> : Click the dropdown field for Q2.
2022-10-20 15:34:01,331 - INFO - <module> : Click the dropdown field for Q2.
2022-10-20 15:34:01,331 - INFO - <module> : Click the dropdown field for Q2.
2022-10-20 15:34:01,331 - INFO - <module> : Click the dropdown field for Q2.
2022-10-20 15:34:01,466 - INFO - <module> : Clicked
2022-10-20 15:34:01,466 - INFO - <module> : Clicked
2022-10-20 15:34:01,466 - INFO - <module> : Clicked
2022-10-20 15:34:01,466 - INFO - <module> : Clicked
2022-10-20 15:34:04,537 - INFO - <module> : Choose 'Streetlight is flickering' from the option.
2022-10-20 15:34:04,537 - INFO - <module> : Choose 'Streetlight is flickering' from the option.
2022-10-20 15:34:04,537 - INFO - <module> : Choose 'Streetlight is flickering' from the option.
2022-10-20 15:34:04,537 - INFO - <module> : Choose 'Streetlight is flickering' from the option.
2022-10-20 15:34:04,684 - INFO - <module> : Clicked
2022-10-20 15:34:04,684 - INFO - <module> : Clicked
2022-10-20 15:34:04,684 - INFO - <module> : Clicked
2022-10-20 15:34:04,684 - INFO - <module> : Clicked
2022-10-20 15:34:08,038 - INFO - <module> : Populate the following fields by selecting from one of the picklist values, as applicable:
- Province
- City/Municipality
- Barangay
- Subdivision
- Street
- House/Unit No./ Floor/ Building
2022-10-20 15:34:08,038 - INFO - <module> : Populate the following fields by selecting from one of the picklist values, as applicable:
- Province
- City/Municipality
- Barangay
- Subdivision
- Street
- House/Unit No./ Floor/ Building
2022-10-20 15:34:08,038 - INFO - <module> : Populate the following fields by selecting from one of the picklist values, as applicable:
- Province
- City/Municipality
- Barangay
- Subdivision
- Street
- House/Unit No./ Floor/ Building
2022-10-20 15:34:08,038 - INFO - <module> : Populate the following fields by selecting from one of the picklist values, as applicable:
- Province
- City/Municipality
- Barangay
- Subdivision
- Street
- House/Unit No./ Floor/ Building
2022-10-20 15:34:08,169 - INFO - <module> : Clicked
2022-10-20 15:34:08,169 - INFO - <module> : Clicked
2022-10-20 15:34:08,169 - INFO - <module> : Clicked
2022-10-20 15:34:08,169 - INFO - <module> : Clicked
2022-10-20 15:34:08,738 - INFO - <module> : Clicked
2022-10-20 15:34:08,738 - INFO - <module> : Clicked
2022-10-20 15:34:08,738 - INFO - <module> : Clicked
2022-10-20 15:34:08,738 - INFO - <module> : Clicked
2022-10-20 15:34:09,307 - INFO - <module> : Clicked
2022-10-20 15:34:09,307 - INFO - <module> : Clicked
2022-10-20 15:34:09,307 - INFO - <module> : Clicked
2022-10-20 15:34:09,307 - INFO - <module> : Clicked
2022-10-20 15:34:09,893 - INFO - <module> : Clicked
2022-10-20 15:34:09,893 - INFO - <module> : Clicked
2022-10-20 15:34:09,893 - INFO - <module> : Clicked
2022-10-20 15:34:09,893 - INFO - <module> : Clicked
2022-10-20 15:34:10,446 - INFO - <module> : Clicked
2022-10-20 15:34:10,446 - INFO - <module> : Clicked
2022-10-20 15:34:10,446 - INFO - <module> : Clicked
2022-10-20 15:34:10,446 - INFO - <module> : Clicked
2022-10-20 15:34:10,528 - INFO - <module> : input: 123
2022-10-20 15:34:10,528 - INFO - <module> : input: 123
2022-10-20 15:34:10,528 - INFO - <module> : input: 123
2022-10-20 15:34:10,528 - INFO - <module> : input: 123
2022-10-20 15:34:14,067 - INFO - <module> : Populate 'Pole Number' field using the values encoded in the prior report.
2022-10-20 15:34:14,067 - INFO - <module> : Populate 'Pole Number' field using the values encoded in the prior report.
2022-10-20 15:34:14,067 - INFO - <module> : Populate 'Pole Number' field using the values encoded in the prior report.
2022-10-20 15:34:14,067 - INFO - <module> : Populate 'Pole Number' field using the values encoded in the prior report.
2022-10-20 15:34:14,248 - INFO - <module> : input: 43
2022-10-20 15:34:14,248 - INFO - <module> : input: 43
2022-10-20 15:34:14,248 - INFO - <module> : input: 43
2022-10-20 15:34:14,248 - INFO - <module> : input: 43
2022-10-20 15:34:17,847 - INFO - <module> : Select any other field in the form.
2022-10-20 15:34:17,847 - INFO - <module> : Select any other field in the form.
2022-10-20 15:34:17,847 - INFO - <module> : Select any other field in the form.
2022-10-20 15:34:17,847 - INFO - <module> : Select any other field in the form.
2022-10-20 15:34:18,029 - INFO - <module> : Clicked
2022-10-20 15:34:18,029 - INFO - <module> : Clicked
2022-10-20 15:34:18,029 - INFO - <module> : Clicked
2022-10-20 15:34:18,029 - INFO - <module> : Clicked
2022-10-20 15:34:26,529 - INFO - <module> :  clicked
2022-10-20 15:34:26,529 - INFO - <module> :  clicked
2022-10-20 15:34:26,529 - INFO - <module> :  clicked
2022-10-20 15:34:26,529 - INFO - <module> :  clicked
2022-10-20 15:34:30,012 - INFO - <module> : Access outage reporting form for Guest users.
2022-10-20 15:34:30,012 - INFO - <module> : Access outage reporting form for Guest users.
2022-10-20 15:34:30,012 - INFO - <module> : Access outage reporting form for Guest users.
2022-10-20 15:34:30,012 - INFO - <module> : Access outage reporting form for Guest users.
2022-10-20 15:34:41,580 - INFO - <module> : Opened: https://fuat-meralco.cs73.force.com/customers/s/outagemap
2022-10-20 15:34:41,580 - INFO - <module> : Opened: https://fuat-meralco.cs73.force.com/customers/s/outagemap
2022-10-20 15:34:41,580 - INFO - <module> : Opened: https://fuat-meralco.cs73.force.com/customers/s/outagemap
2022-10-20 15:34:41,580 - INFO - <module> : Opened: https://fuat-meralco.cs73.force.com/customers/s/outagemap
2022-10-20 15:34:45,099 - INFO - <module> : Meralco would like to access your location to identify if your area is affected by an outage. exists
2022-10-20 15:34:45,099 - INFO - <module> : Meralco would like to access your location to identify if your area is affected by an outage. exists
2022-10-20 15:34:45,099 - INFO - <module> : Meralco would like to access your location to identify if your area is affected by an outage. exists
2022-10-20 15:34:45,099 - INFO - <module> : Meralco would like to access your location to identify if your area is affected by an outage. exists
2022-10-20 15:34:47,213 - INFO - <module> : Clicked
2022-10-20 15:34:47,213 - INFO - <module> : Clicked
2022-10-20 15:34:47,213 - INFO - <module> : Clicked
2022-10-20 15:34:47,213 - INFO - <module> : Clicked
2022-10-20 15:34:51,314 - INFO - <module> : Clicked
2022-10-20 15:34:51,314 - INFO - <module> : Clicked
2022-10-20 15:34:51,314 - INFO - <module> : Clicked
2022-10-20 15:34:51,314 - INFO - <module> : Clicked
2022-10-20 15:34:59,369 - INFO - <module> : Report an Outage or Incident exists
2022-10-20 15:34:59,369 - INFO - <module> : Report an Outage or Incident exists
2022-10-20 15:34:59,369 - INFO - <module> : Report an Outage or Incident exists
2022-10-20 15:34:59,369 - INFO - <module> : Report an Outage or Incident exists
2022-10-20 15:35:02,637 - INFO - <module> : Choose 'Streetlight Concern' from the 'What are you reporting?' option.
2022-10-20 15:35:02,637 - INFO - <module> : Choose 'Streetlight Concern' from the 'What are you reporting?' option.
2022-10-20 15:35:02,637 - INFO - <module> : Choose 'Streetlight Concern' from the 'What are you reporting?' option.
2022-10-20 15:35:02,637 - INFO - <module> : Choose 'Streetlight Concern' from the 'What are you reporting?' option.
2022-10-20 15:35:02,808 - INFO - <module> : Clicked
2022-10-20 15:35:02,808 - INFO - <module> : Clicked
2022-10-20 15:35:02,808 - INFO - <module> : Clicked
2022-10-20 15:35:02,808 - INFO - <module> : Clicked
2022-10-20 15:35:06,181 - INFO - <module> : Choose 'Yes' from the options.
2022-10-20 15:35:06,181 - INFO - <module> : Choose 'Yes' from the options.
2022-10-20 15:35:06,181 - INFO - <module> : Choose 'Yes' from the options.
2022-10-20 15:35:06,181 - INFO - <module> : Choose 'Yes' from the options.
2022-10-20 15:35:06,336 - INFO - <module> : Clicked
2022-10-20 15:35:06,336 - INFO - <module> : Clicked
2022-10-20 15:35:06,336 - INFO - <module> : Clicked
2022-10-20 15:35:06,336 - INFO - <module> : Clicked
2022-10-20 15:35:09,579 - INFO - <module> : Click the dropdown field for Q2.
2022-10-20 15:35:09,579 - INFO - <module> : Click the dropdown field for Q2.
2022-10-20 15:35:09,579 - INFO - <module> : Click the dropdown field for Q2.
2022-10-20 15:35:09,579 - INFO - <module> : Click the dropdown field for Q2.
2022-10-20 15:35:09,749 - INFO - <module> : Clicked
2022-10-20 15:35:09,749 - INFO - <module> : Clicked
2022-10-20 15:35:09,749 - INFO - <module> : Clicked
2022-10-20 15:35:09,749 - INFO - <module> : Clicked
2022-10-20 15:35:12,843 - INFO - <module> : Choose 'Streetlight is not on or has no power' from the option.
2022-10-20 15:35:12,843 - INFO - <module> : Choose 'Streetlight is not on or has no power' from the option.
2022-10-20 15:35:12,843 - INFO - <module> : Choose 'Streetlight is not on or has no power' from the option.
2022-10-20 15:35:12,843 - INFO - <module> : Choose 'Streetlight is not on or has no power' from the option.
2022-10-20 15:35:13,010 - INFO - <module> : Clicked
2022-10-20 15:35:13,010 - INFO - <module> : Clicked
2022-10-20 15:35:13,010 - INFO - <module> : Clicked
2022-10-20 15:35:13,010 - INFO - <module> : Clicked
2022-10-20 15:35:16,251 - INFO - <module> : Populate the following fields by selecting from one of the picklist values, as applicable:
- Province
- City/Municipality
- Barangay
- Subdivision
- Street
- House/Unit No./ Floor/ Building
2022-10-20 15:35:16,251 - INFO - <module> : Populate the following fields by selecting from one of the picklist values, as applicable:
- Province
- City/Municipality
- Barangay
- Subdivision
- Street
- House/Unit No./ Floor/ Building
2022-10-20 15:35:16,251 - INFO - <module> : Populate the following fields by selecting from one of the picklist values, as applicable:
- Province
- City/Municipality
- Barangay
- Subdivision
- Street
- House/Unit No./ Floor/ Building
2022-10-20 15:35:16,251 - INFO - <module> : Populate the following fields by selecting from one of the picklist values, as applicable:
- Province
- City/Municipality
- Barangay
- Subdivision
- Street
- House/Unit No./ Floor/ Building
2022-10-20 15:35:16,397 - INFO - <module> : Clicked
2022-10-20 15:35:16,397 - INFO - <module> : Clicked
2022-10-20 15:35:16,397 - INFO - <module> : Clicked
2022-10-20 15:35:16,397 - INFO - <module> : Clicked
2022-10-20 15:35:16,961 - INFO - <module> : Clicked
2022-10-20 15:35:16,961 - INFO - <module> : Clicked
2022-10-20 15:35:16,961 - INFO - <module> : Clicked
2022-10-20 15:35:16,961 - INFO - <module> : Clicked
2022-10-20 15:35:17,533 - INFO - <module> : Clicked
2022-10-20 15:35:17,533 - INFO - <module> : Clicked
2022-10-20 15:35:17,533 - INFO - <module> : Clicked
2022-10-20 15:35:17,533 - INFO - <module> : Clicked
2022-10-20 15:35:18,089 - INFO - <module> : Clicked
2022-10-20 15:35:18,089 - INFO - <module> : Clicked
2022-10-20 15:35:18,089 - INFO - <module> : Clicked
2022-10-20 15:35:18,089 - INFO - <module> : Clicked
2022-10-20 15:35:18,660 - INFO - <module> : Clicked
2022-10-20 15:35:18,660 - INFO - <module> : Clicked
2022-10-20 15:35:18,660 - INFO - <module> : Clicked
2022-10-20 15:35:18,660 - INFO - <module> : Clicked
2022-10-20 15:35:18,741 - INFO - <module> : input: 123
2022-10-20 15:35:18,741 - INFO - <module> : input: 123
2022-10-20 15:35:18,741 - INFO - <module> : input: 123
2022-10-20 15:35:18,741 - INFO - <module> : input: 123
2022-10-20 15:35:21,639 - INFO - <module> : Populate 'Pole Number' field using the values encoded in the prior report.
2022-10-20 15:35:21,639 - INFO - <module> : Populate 'Pole Number' field using the values encoded in the prior report.
2022-10-20 15:35:21,639 - INFO - <module> : Populate 'Pole Number' field using the values encoded in the prior report.
2022-10-20 15:35:21,639 - INFO - <module> : Populate 'Pole Number' field using the values encoded in the prior report.
2022-10-20 15:35:21,804 - INFO - <module> : input: 43
2022-10-20 15:35:21,804 - INFO - <module> : input: 43
2022-10-20 15:35:21,804 - INFO - <module> : input: 43
2022-10-20 15:35:21,804 - INFO - <module> : input: 43
2022-10-20 15:35:26,298 - INFO - <module> : Clicked
2022-10-20 15:35:26,298 - INFO - <module> : Clicked
2022-10-20 15:35:26,298 - INFO - <module> : Clicked
2022-10-20 15:35:26,298 - INFO - <module> : Clicked
2022-10-20 15:35:30,771 - INFO - <module> :  clicked
2022-10-20 15:35:30,771 - INFO - <module> :  clicked
2022-10-20 15:35:30,771 - INFO - <module> :  clicked
2022-10-20 15:35:30,771 - INFO - <module> :  clicked
2022-10-20 15:35:37,713 - INFO - <module> : Select the 'Landmarks/Directions' option and input values in the text box.
2022-10-20 15:35:37,713 - INFO - <module> : Select the 'Landmarks/Directions' option and input values in the text box.
2022-10-20 15:35:37,713 - INFO - <module> : Select the 'Landmarks/Directions' option and input values in the text box.
2022-10-20 15:35:37,713 - INFO - <module> : Select the 'Landmarks/Directions' option and input values in the text box.
2022-10-20 15:35:37,837 - INFO - <module> : Clicked
2022-10-20 15:35:37,837 - INFO - <module> : Clicked
2022-10-20 15:35:37,837 - INFO - <module> : Clicked
2022-10-20 15:35:37,837 - INFO - <module> : Clicked
2022-10-20 15:35:39,043 - INFO - setup : Close Browser
