2022-11-18 14:22:06,325 - INFO - setup : Browser Launched!
2022-11-18 14:22:12,928 - INFO - <module> : Go to lower right of Internal Map
2022-11-18 14:22:12,928 - INFO - <module> : Go to lower right of Internal Map
2022-11-18 14:22:12,928 - INFO - <module> : Go to lower right of Internal Map
2022-11-18 14:22:12,928 - INFO - <module> : Go to lower right of Internal Map
2022-11-18 14:22:15,134 - INFO - <module> : Opened: https://outage-api.meralco.com.ph/
2022-11-18 14:22:15,134 - INFO - <module> : Opened: https://outage-api.meralco.com.ph/
2022-11-18 14:22:15,134 - INFO - <module> : Opened: https://outage-api.meralco.com.ph/
2022-11-18 14:22:15,134 - INFO - <module> : Opened: https://outage-api.meralco.com.ph/
2022-11-18 14:22:16,871 - INFO - <module> : input: v-agsealmoy@meralco.com.ph
2022-11-18 14:22:16,871 - INFO - <module> : input: v-agsealmoy@meralco.com.ph
2022-11-18 14:22:16,871 - INFO - <module> : input: v-agsealmoy@meralco.com.ph
2022-11-18 14:22:16,871 - INFO - <module> : input: v-agsealmoy@meralco.com.ph
2022-11-18 14:22:16,943 - INFO - <module> : Clicked
2022-11-18 14:22:16,943 - INFO - <module> : Clicked
2022-11-18 14:22:16,943 - INFO - <module> : Clicked
2022-11-18 14:22:16,943 - INFO - <module> : Clicked
2022-11-18 14:22:18,040 - INFO - <module> : input: Meco@@##00018
2022-11-18 14:22:18,040 - INFO - <module> : input: Meco@@##00018
2022-11-18 14:22:18,040 - INFO - <module> : input: Meco@@##00018
2022-11-18 14:22:18,040 - INFO - <module> : input: Meco@@##00018
2022-11-18 14:22:18,530 - INFO - <module> : Clicked
2022-11-18 14:22:18,530 - INFO - <module> : Clicked
2022-11-18 14:22:18,530 - INFO - <module> : Clicked
2022-11-18 14:22:18,530 - INFO - <module> : Clicked
2022-11-18 14:22:19,157 - INFO - <module> : Clicked
2022-11-18 14:22:19,157 - INFO - <module> : Clicked
2022-11-18 14:22:19,157 - INFO - <module> : Clicked
2022-11-18 14:22:19,157 - INFO - <module> : Clicked
2022-11-18 14:22:48,449 - INFO - <module> : Clicked
2022-11-18 14:22:48,449 - INFO - <module> : Clicked
2022-11-18 14:22:48,449 - INFO - <module> : Clicked
2022-11-18 14:22:48,449 - INFO - <module> : Clicked
2022-11-18 14:23:22,616 - INFO - <module> : Go to lower right of Internal Map
2022-11-18 14:23:22,616 - INFO - <module> : Go to lower right of Internal Map
2022-11-18 14:23:22,616 - INFO - <module> : Go to lower right of Internal Map
2022-11-18 14:23:22,616 - INFO - <module> : Go to lower right of Internal Map
2022-11-18 14:23:26,611 - INFO - <module> : Click Street View icon
2022-11-18 14:23:26,611 - INFO - <module> : Click Street View icon
2022-11-18 14:23:26,611 - INFO - <module> : Click Street View icon
2022-11-18 14:23:26,611 - INFO - <module> : Click Street View icon
2022-11-18 14:23:27,326 - INFO - setup : Close Browser
