2023-01-05 10:06:17,009 - INFO - setup : Browser Launched!
2023-01-05 10:06:29,780 - INFO - <module> : Opened: https://fuat-meralco.cs73.force.com/customers/s/cxe-apply
2023-01-05 10:06:29,780 - INFO - <module> : Opened: https://fuat-meralco.cs73.force.com/customers/s/cxe-apply
2023-01-05 10:06:29,780 - INFO - <module> : Opened: https://fuat-meralco.cs73.force.com/customers/s/cxe-apply
2023-01-05 10:06:29,780 - INFO - <module> : Opened: https://fuat-meralco.cs73.force.com/customers/s/cxe-apply
2023-01-05 10:06:29,953 - INFO - <module> : Service Application exists
2023-01-05 10:06:29,953 - INFO - <module> : Service Application exists
2023-01-05 10:06:29,953 - INFO - <module> : Service Application exists
2023-01-05 10:06:29,953 - INFO - <module> : Service Application exists
2023-01-05 10:06:33,034 - INFO - <module> : Click on Contractor
2023-01-05 10:06:33,034 - INFO - <module> : Click on Contractor
2023-01-05 10:06:33,034 - INFO - <module> : Click on Contractor
2023-01-05 10:06:33,034 - INFO - <module> : Click on Contractor
2023-01-05 10:06:33,111 - INFO - <module> : Clicked
2023-01-05 10:06:33,111 - INFO - <module> : Clicked
2023-01-05 10:06:33,111 - INFO - <module> : Clicked
2023-01-05 10:06:33,111 - INFO - <module> : Clicked
2023-01-05 10:06:33,148 - INFO - <module> : Start Service exists
2023-01-05 10:06:33,148 - INFO - <module> : Start Service exists
2023-01-05 10:06:33,148 - INFO - <module> : Start Service exists
2023-01-05 10:06:33,148 - INFO - <module> : Start Service exists
2023-01-05 10:06:33,194 - INFO - <module> : Modify Service exists
2023-01-05 10:06:33,194 - INFO - <module> : Modify Service exists
2023-01-05 10:06:33,194 - INFO - <module> : Modify Service exists
2023-01-05 10:06:33,194 - INFO - <module> : Modify Service exists
2023-01-05 10:06:33,236 - INFO - <module> : Reactivate Service exists
2023-01-05 10:06:33,236 - INFO - <module> : Reactivate Service exists
2023-01-05 10:06:33,236 - INFO - <module> : Reactivate Service exists
2023-01-05 10:06:33,236 - INFO - <module> : Reactivate Service exists
2023-01-05 10:06:33,286 - INFO - <module> : Stop Service exists
2023-01-05 10:06:33,286 - INFO - <module> : Stop Service exists
2023-01-05 10:06:33,286 - INFO - <module> : Stop Service exists
2023-01-05 10:06:33,286 - INFO - <module> : Stop Service exists
2023-01-05 10:06:36,313 - INFO - <module> : Click on Reactivate Service
2023-01-05 10:06:36,313 - INFO - <module> : Click on Reactivate Service
2023-01-05 10:06:36,313 - INFO - <module> : Click on Reactivate Service
2023-01-05 10:06:36,313 - INFO - <module> : Click on Reactivate Service
2023-01-05 10:06:37,458 - INFO - <module> : Clicked
2023-01-05 10:06:37,458 - INFO - <module> : Clicked
2023-01-05 10:06:37,458 - INFO - <module> : Clicked
2023-01-05 10:06:37,458 - INFO - <module> : Clicked
2023-01-05 10:06:37,555 - INFO - <module> : Reactivate a Service exists
2023-01-05 10:06:37,555 - INFO - <module> : Reactivate a Service exists
2023-01-05 10:06:37,555 - INFO - <module> : Reactivate a Service exists
2023-01-05 10:06:37,555 - INFO - <module> : Reactivate a Service exists
2023-01-05 10:06:40,886 - INFO - <module> : Populate the following:
First Name*
Last Name*
Business Name*
Email Address*
Mobile Number*
Relationship to Customer*
>Click Next
2023-01-05 10:06:40,886 - INFO - <module> : Populate the following:
First Name*
Last Name*
Business Name*
Email Address*
Mobile Number*
Relationship to Customer*
>Click Next
2023-01-05 10:06:40,886 - INFO - <module> : Populate the following:
First Name*
Last Name*
Business Name*
Email Address*
Mobile Number*
Relationship to Customer*
>Click Next
2023-01-05 10:06:40,886 - INFO - <module> : Populate the following:
First Name*
Last Name*
Business Name*
Email Address*
Mobile Number*
Relationship to Customer*
>Click Next
2023-01-05 10:06:41,037 - INFO - <module> : input: atFirstname
2023-01-05 10:06:41,037 - INFO - <module> : input: atFirstname
2023-01-05 10:06:41,037 - INFO - <module> : input: atFirstname
2023-01-05 10:06:41,037 - INFO - <module> : input: atFirstname
2023-01-05 10:06:41,142 - INFO - <module> : input: atLastname
2023-01-05 10:06:41,142 - INFO - <module> : input: atLastname
2023-01-05 10:06:41,142 - INFO - <module> : input: atLastname
2023-01-05 10:06:41,142 - INFO - <module> : input: atLastname
2023-01-05 10:06:41,244 - INFO - <module> : input: automationteam@gmail.com
2023-01-05 10:06:41,244 - INFO - <module> : input: automationteam@gmail.com
2023-01-05 10:06:41,244 - INFO - <module> : input: automationteam@gmail.com
2023-01-05 10:06:41,244 - INFO - <module> : input: automationteam@gmail.com
2023-01-05 10:06:41,324 - INFO - <module> : input: atcontbusinessName
2023-01-05 10:06:41,324 - INFO - <module> : input: atcontbusinessName
2023-01-05 10:06:41,324 - INFO - <module> : input: atcontbusinessName
2023-01-05 10:06:41,324 - INFO - <module> : input: atcontbusinessName
2023-01-05 10:06:41,414 - INFO - <module> : input: +639234567891
2023-01-05 10:06:41,414 - INFO - <module> : input: +639234567891
2023-01-05 10:06:41,414 - INFO - <module> : input: +639234567891
2023-01-05 10:06:41,414 - INFO - <module> : input: +639234567891
2023-01-05 10:06:43,663 - INFO - <module> : Clicked
2023-01-05 10:06:43,663 - INFO - <module> : Clicked
2023-01-05 10:06:43,663 - INFO - <module> : Clicked
2023-01-05 10:06:43,663 - INFO - <module> : Clicked
2023-01-05 10:06:43,712 - INFO - <module> : CUSTOMER INFO exists
2023-01-05 10:06:43,712 - INFO - <module> : CUSTOMER INFO exists
2023-01-05 10:06:43,712 - INFO - <module> : CUSTOMER INFO exists
2023-01-05 10:06:43,712 - INFO - <module> : CUSTOMER INFO exists
2023-01-05 10:06:46,873 - INFO - <module> : Validate if CAN field is visible and enabled
2023-01-05 10:06:46,873 - INFO - <module> : Validate if CAN field is visible and enabled
2023-01-05 10:06:46,873 - INFO - <module> : Validate if CAN field is visible and enabled
2023-01-05 10:06:46,873 - INFO - <module> : Validate if CAN field is visible and enabled
2023-01-05 10:06:46,956 - INFO - <module> :  exists
2023-01-05 10:06:46,956 - INFO - <module> :  exists
2023-01-05 10:06:46,956 - INFO - <module> :  exists
2023-01-05 10:06:46,956 - INFO - <module> :  exists
2023-01-05 10:06:49,982 - INFO - <module> : Populate Customer Account Number field
2023-01-05 10:06:49,982 - INFO - <module> : Populate Customer Account Number field
2023-01-05 10:06:49,982 - INFO - <module> : Populate Customer Account Number field
2023-01-05 10:06:49,982 - INFO - <module> : Populate Customer Account Number field
2023-01-05 10:06:50,138 - INFO - <module> : input: 3518724842
2023-01-05 10:06:50,138 - INFO - <module> : input: 3518724842
2023-01-05 10:06:50,138 - INFO - <module> : input: 3518724842
2023-01-05 10:06:50,138 - INFO - <module> : input: 3518724842
2023-01-05 10:06:53,175 - INFO - <module> : Populate Service ID Number 
2023-01-05 10:06:53,175 - INFO - <module> : Populate Service ID Number 
2023-01-05 10:06:53,175 - INFO - <module> : Populate Service ID Number 
2023-01-05 10:06:53,175 - INFO - <module> : Populate Service ID Number 
2023-01-05 10:06:53,308 - INFO - <module> : input: 501027710101
2023-01-05 10:06:53,308 - INFO - <module> : input: 501027710101
2023-01-05 10:06:53,308 - INFO - <module> : input: 501027710101
2023-01-05 10:06:53,308 - INFO - <module> : input: 501027710101
2023-01-05 10:06:56,430 - INFO - <module> : Populate the following field:
First Name*
Last Name*
Email address*
Mobile Number*
Landline (optional)
Birthday (optional)
> Click Next
2023-01-05 10:06:56,430 - INFO - <module> : Populate the following field:
First Name*
Last Name*
Email address*
Mobile Number*
Landline (optional)
Birthday (optional)
> Click Next
2023-01-05 10:06:56,430 - INFO - <module> : Populate the following field:
First Name*
Last Name*
Email address*
Mobile Number*
Landline (optional)
Birthday (optional)
> Click Next
2023-01-05 10:06:56,430 - INFO - <module> : Populate the following field:
First Name*
Last Name*
Email address*
Mobile Number*
Landline (optional)
Birthday (optional)
> Click Next
2023-01-05 10:06:56,569 - INFO - <module> : input: atFirstname
2023-01-05 10:06:56,569 - INFO - <module> : input: atFirstname
2023-01-05 10:06:56,569 - INFO - <module> : input: atFirstname
2023-01-05 10:06:56,569 - INFO - <module> : input: atFirstname
2023-01-05 10:06:56,680 - INFO - <module> : input: atLastname
2023-01-05 10:06:56,680 - INFO - <module> : input: atLastname
2023-01-05 10:06:56,680 - INFO - <module> : input: atLastname
2023-01-05 10:06:56,680 - INFO - <module> : input: atLastname
2023-01-05 10:06:56,768 - INFO - <module> : input: automationteam@gmail.com
2023-01-05 10:06:56,768 - INFO - <module> : input: automationteam@gmail.com
2023-01-05 10:06:56,768 - INFO - <module> : input: automationteam@gmail.com
2023-01-05 10:06:56,768 - INFO - <module> : input: automationteam@gmail.com
2023-01-05 10:06:56,849 - INFO - <module> : input: +639234567891
2023-01-05 10:06:56,849 - INFO - <module> : input: +639234567891
2023-01-05 10:06:56,849 - INFO - <module> : input: +639234567891
2023-01-05 10:06:56,849 - INFO - <module> : input: +639234567891
2023-01-05 10:06:59,144 - INFO - <module> : Clicked
2023-01-05 10:06:59,144 - INFO - <module> : Clicked
2023-01-05 10:06:59,144 - INFO - <module> : Clicked
2023-01-05 10:06:59,144 - INFO - <module> : Clicked
2023-01-05 10:06:59,192 - INFO - <module> : Where will the electric service be used? exists
2023-01-05 10:06:59,192 - INFO - <module> : Where will the electric service be used? exists
2023-01-05 10:06:59,192 - INFO - <module> : Where will the electric service be used? exists
2023-01-05 10:06:59,192 - INFO - <module> : Where will the electric service be used? exists
2023-01-05 10:07:02,322 - INFO - <module> : Populate the following:
Service Address
Province
City / Municipality
Home Ownership
Billing Address indicator
> Attach Documents
> Click Next
2023-01-05 10:07:02,322 - INFO - <module> : Populate the following:
Service Address
Province
City / Municipality
Home Ownership
Billing Address indicator
> Attach Documents
> Click Next
2023-01-05 10:07:02,322 - INFO - <module> : Populate the following:
Service Address
Province
City / Municipality
Home Ownership
Billing Address indicator
> Attach Documents
> Click Next
2023-01-05 10:07:02,322 - INFO - <module> : Populate the following:
Service Address
Province
City / Municipality
Home Ownership
Billing Address indicator
> Attach Documents
> Click Next
2023-01-05 10:07:02,461 - INFO - <module> : Clicked
2023-01-05 10:07:02,461 - INFO - <module> : Clicked
2023-01-05 10:07:02,461 - INFO - <module> : Clicked
2023-01-05 10:07:02,461 - INFO - <module> : Clicked
2023-01-05 10:07:32,985 - INFO - setup : Close Browser
