2023-01-04 16:46:12,495 - INFO - setup : Browser Launched!
2023-01-04 16:46:41,642 - INFO - <module> : Opened: https://fuat-meralco.cs73.force.com/customers/s/cxe-apply
2023-01-04 16:46:41,642 - INFO - <module> : Opened: https://fuat-meralco.cs73.force.com/customers/s/cxe-apply
2023-01-04 16:46:41,642 - INFO - <module> : Opened: https://fuat-meralco.cs73.force.com/customers/s/cxe-apply
2023-01-04 16:46:41,642 - INFO - <module> : Opened: https://fuat-meralco.cs73.force.com/customers/s/cxe-apply
2023-01-04 16:46:47,825 - INFO - <module> : Service Application exists
2023-01-04 16:46:47,825 - INFO - <module> : Service Application exists
2023-01-04 16:46:47,825 - INFO - <module> : Service Application exists
2023-01-04 16:46:47,825 - INFO - <module> : Service Application exists
2023-01-04 16:46:51,132 - INFO - <module> : Clicked
2023-01-04 16:46:51,132 - INFO - <module> : Clicked
2023-01-04 16:46:51,132 - INFO - <module> : Clicked
2023-01-04 16:46:51,132 - INFO - <module> : Clicked
2023-01-04 16:46:54,418 - INFO - <module> : Clicked
2023-01-04 16:46:54,418 - INFO - <module> : Clicked
2023-01-04 16:46:54,418 - INFO - <module> : Clicked
2023-01-04 16:46:54,418 - INFO - <module> : Clicked
2023-01-04 16:47:05,571 - INFO - <module> :  clicked
2023-01-04 16:47:05,571 - INFO - <module> :  clicked
2023-01-04 16:47:05,571 - INFO - <module> :  clicked
2023-01-04 16:47:05,571 - INFO - <module> :  clicked
2023-01-04 16:47:11,734 - INFO - <module> : input: automation1
2023-01-04 16:47:11,734 - INFO - <module> : input: automation1
2023-01-04 16:47:11,734 - INFO - <module> : input: automation1
2023-01-04 16:47:11,734 - INFO - <module> : input: automation1
2023-01-04 16:47:11,871 - INFO - <module> : input: +63945113252
2023-01-04 16:47:11,871 - INFO - <module> : input: +63945113252
2023-01-04 16:47:11,871 - INFO - <module> : input: +63945113252
2023-01-04 16:47:11,871 - INFO - <module> : input: +63945113252
2023-01-04 16:47:12,178 - INFO - <module> : input: automation5
2023-01-04 16:47:12,178 - INFO - <module> : input: automation5
2023-01-04 16:47:12,178 - INFO - <module> : input: automation5
2023-01-04 16:47:12,178 - INFO - <module> : input: automation5
2023-01-04 16:47:12,308 - INFO - <module> : input: automation6
2023-01-04 16:47:12,308 - INFO - <module> : input: automation6
2023-01-04 16:47:12,308 - INFO - <module> : input: automation6
2023-01-04 16:47:12,308 - INFO - <module> : input: automation6
2023-01-04 16:47:12,412 - INFO - <module> : input: automation2@yopmail.com
2023-01-04 16:47:12,412 - INFO - <module> : input: automation2@yopmail.com
2023-01-04 16:47:12,412 - INFO - <module> : input: automation2@yopmail.com
2023-01-04 16:47:12,412 - INFO - <module> : input: automation2@yopmail.com
2023-01-04 16:47:12,522 - INFO - <module> : input: +639234567891
2023-01-04 16:47:12,522 - INFO - <module> : input: +639234567891
2023-01-04 16:47:12,522 - INFO - <module> : input: +639234567891
2023-01-04 16:47:12,522 - INFO - <module> : input: +639234567891
2023-01-04 16:47:12,585 - INFO - <module> : input: manager
2023-01-04 16:47:12,585 - INFO - <module> : input: manager
2023-01-04 16:47:12,585 - INFO - <module> : input: manager
2023-01-04 16:47:12,585 - INFO - <module> : input: manager
2023-01-04 16:47:15,915 - INFO - <module> : Clicked
2023-01-04 16:47:15,915 - INFO - <module> : Clicked
2023-01-04 16:47:15,915 - INFO - <module> : Clicked
2023-01-04 16:47:15,915 - INFO - <module> : Clicked
2023-01-04 16:47:29,274 - INFO - <module> : input: atsrviceadd
2023-01-04 16:47:29,274 - INFO - <module> : input: atsrviceadd
2023-01-04 16:47:29,274 - INFO - <module> : input: atsrviceadd
2023-01-04 16:47:29,274 - INFO - <module> : input: atsrviceadd
2023-01-04 16:47:29,522 - INFO - <module> : Clicked
2023-01-04 16:47:29,522 - INFO - <module> : Clicked
2023-01-04 16:47:29,522 - INFO - <module> : Clicked
2023-01-04 16:47:29,522 - INFO - <module> : Clicked
2023-01-04 16:47:29,949 - INFO - <module> : Clicked
2023-01-04 16:47:29,949 - INFO - <module> : Clicked
2023-01-04 16:47:29,949 - INFO - <module> : Clicked
2023-01-04 16:47:29,949 - INFO - <module> : Clicked
2023-01-04 16:47:30,327 - INFO - <module> : Clicked
2023-01-04 16:47:30,327 - INFO - <module> : Clicked
2023-01-04 16:47:30,327 - INFO - <module> : Clicked
2023-01-04 16:47:30,327 - INFO - <module> : Clicked
2023-01-04 16:47:30,699 - INFO - <module> : Clicked
2023-01-04 16:47:30,699 - INFO - <module> : Clicked
2023-01-04 16:47:30,699 - INFO - <module> : Clicked
2023-01-04 16:47:30,699 - INFO - <module> : Clicked
2023-01-04 16:47:31,003 - INFO - <module> : Clicked
2023-01-04 16:47:31,003 - INFO - <module> : Clicked
2023-01-04 16:47:31,003 - INFO - <module> : Clicked
2023-01-04 16:47:31,003 - INFO - <module> : Clicked
2023-01-04 16:47:39,471 - INFO - <module> : Clicked
2023-01-04 16:47:39,471 - INFO - <module> : Clicked
2023-01-04 16:47:39,471 - INFO - <module> : Clicked
2023-01-04 16:47:39,471 - INFO - <module> : Clicked
2023-01-04 16:47:42,545 - INFO - <module> : Clicked
2023-01-04 16:47:42,545 - INFO - <module> : Clicked
2023-01-04 16:47:42,545 - INFO - <module> : Clicked
2023-01-04 16:47:42,545 - INFO - <module> : Clicked
2023-01-04 16:48:02,605 - INFO - <module> : Submit exists
2023-01-04 16:48:02,605 - INFO - <module> : Submit exists
2023-01-04 16:48:02,605 - INFO - <module> : Submit exists
2023-01-04 16:48:02,605 - INFO - <module> : Submit exists
2023-01-04 16:48:05,685 - INFO - <module> : Clicked
2023-01-04 16:48:05,685 - INFO - <module> : Clicked
2023-01-04 16:48:05,685 - INFO - <module> : Clicked
2023-01-04 16:48:05,685 - INFO - <module> : Clicked
2023-01-04 16:48:16,268 - INFO - <module> : Clicked
2023-01-04 16:48:16,268 - INFO - <module> : Clicked
2023-01-04 16:48:16,268 - INFO - <module> : Clicked
2023-01-04 16:48:16,268 - INFO - <module> : Clicked
2023-01-04 16:48:18,673 - INFO - setup : Close Browser
