2023-01-12 18:11:02,419 - INFO - setup : Browser Launched!
2023-01-12 18:11:36,343 - INFO - <module> : Opened: https://fuat-meralco.cs73.force.com/customers/s/cxe-apply
2023-01-12 18:11:36,343 - INFO - <module> : Opened: https://fuat-meralco.cs73.force.com/customers/s/cxe-apply
2023-01-12 18:11:36,343 - INFO - <module> : Opened: https://fuat-meralco.cs73.force.com/customers/s/cxe-apply
2023-01-12 18:11:36,343 - INFO - <module> : Opened: https://fuat-meralco.cs73.force.com/customers/s/cxe-apply
2023-01-12 18:11:37,299 - INFO - <module> : Service Application exists
2023-01-12 18:11:37,299 - INFO - <module> : Service Application exists
2023-01-12 18:11:37,299 - INFO - <module> : Service Application exists
2023-01-12 18:11:37,299 - INFO - <module> : Service Application exists
2023-01-12 18:11:40,533 - INFO - <module> : Clicked
2023-01-12 18:11:40,533 - INFO - <module> : Clicked
2023-01-12 18:11:40,533 - INFO - <module> : Clicked
2023-01-12 18:11:40,533 - INFO - <module> : Clicked
2023-01-12 18:11:43,630 - INFO - <module> : Clicked
2023-01-12 18:11:43,630 - INFO - <module> : Clicked
2023-01-12 18:11:43,630 - INFO - <module> : Clicked
2023-01-12 18:11:43,630 - INFO - <module> : Clicked
2023-01-12 18:11:50,185 - INFO - <module> : Clicked
2023-01-12 18:11:50,185 - INFO - <module> : Clicked
2023-01-12 18:11:50,185 - INFO - <module> : Clicked
2023-01-12 18:11:50,185 - INFO - <module> : Clicked
2023-01-12 18:11:53,729 - INFO - <module> : input: aaaaa5@yopmail.com
2023-01-12 18:11:53,729 - INFO - <module> : input: aaaaa5@yopmail.com
2023-01-12 18:11:53,729 - INFO - <module> : input: aaaaa5@yopmail.com
2023-01-12 18:11:53,729 - INFO - <module> : input: aaaaa5@yopmail.com
2023-01-12 18:11:53,871 - INFO - <module> : input: Zero Eleven
2023-01-12 18:11:53,871 - INFO - <module> : input: Zero Eleven
2023-01-12 18:11:53,871 - INFO - <module> : input: Zero Eleven
2023-01-12 18:11:53,871 - INFO - <module> : input: Zero Eleven
2023-01-12 18:11:53,949 - INFO - <module> : input: TS
2023-01-12 18:11:53,949 - INFO - <module> : input: TS
2023-01-12 18:11:53,949 - INFO - <module> : input: TS
2023-01-12 18:11:53,949 - INFO - <module> : input: TS
2023-01-12 18:11:54,013 - INFO - <module> : input: 9299437216
2023-01-12 18:11:54,013 - INFO - <module> : input: 9299437216
2023-01-12 18:11:54,013 - INFO - <module> : input: 9299437216
2023-01-12 18:11:54,013 - INFO - <module> : input: 9299437216
2023-01-12 18:11:54,430 - INFO - <module> : Clicked
2023-01-12 18:11:54,430 - INFO - <module> : Clicked
2023-01-12 18:11:54,430 - INFO - <module> : Clicked
2023-01-12 18:11:54,430 - INFO - <module> : Clicked
2023-01-12 18:11:57,453 - INFO - <module> : Clicked
2023-01-12 18:11:57,453 - INFO - <module> : Clicked
2023-01-12 18:11:57,453 - INFO - <module> : Clicked
2023-01-12 18:11:57,453 - INFO - <module> : Clicked
2023-01-12 18:12:10,157 - INFO - <module> : Opened: https://yopmail.com/en/
2023-01-12 18:12:10,157 - INFO - <module> : Opened: https://yopmail.com/en/
2023-01-12 18:12:10,157 - INFO - <module> : Opened: https://yopmail.com/en/
2023-01-12 18:12:10,157 - INFO - <module> : Opened: https://yopmail.com/en/
2023-01-12 18:12:10,745 - INFO - <module> : input: aaaaa5@yopmail.com
2023-01-12 18:12:10,745 - INFO - <module> : input: aaaaa5@yopmail.com
2023-01-12 18:12:10,745 - INFO - <module> : input: aaaaa5@yopmail.com
2023-01-12 18:12:10,745 - INFO - <module> : input: aaaaa5@yopmail.com
2023-01-12 18:12:12,936 - INFO - <module> : Clicked
2023-01-12 18:12:12,936 - INFO - <module> : Clicked
2023-01-12 18:12:12,936 - INFO - <module> : Clicked
2023-01-12 18:12:12,936 - INFO - <module> : Clicked
2023-01-12 18:12:13,460 - INFO - setup : Close Browser
