2023-01-11 12:07:17,431 - INFO - setup : Browser Launched!
2023-01-11 12:07:31,980 - INFO - <module> : ==========Log in==========
2023-01-11 12:07:31,980 - INFO - <module> : ==========Log in==========
2023-01-11 12:07:31,980 - INFO - <module> : ==========Log in==========
2023-01-11 12:07:31,980 - INFO - <module> : ==========Log in==========
2023-01-11 12:07:33,119 - INFO - <module> : Login to Meralco Online
2023-01-11 12:07:33,119 - INFO - <module> : Login to Meralco Online
2023-01-11 12:07:33,119 - INFO - <module> : Login to Meralco Online
2023-01-11 12:07:33,119 - INFO - <module> : Login to Meralco Online
2023-01-11 12:07:33,301 - INFO - <module> : input: ATNewSAMO@yopmail.com
2023-01-11 12:07:33,301 - INFO - <module> : input: ATNewSAMO@yopmail.com
2023-01-11 12:07:33,301 - INFO - <module> : input: ATNewSAMO@yopmail.com
2023-01-11 12:07:33,301 - INFO - <module> : input: ATNewSAMO@yopmail.com
2023-01-11 12:07:33,385 - INFO - <module> : input: Meralco05
2023-01-11 12:07:33,385 - INFO - <module> : input: Meralco05
2023-01-11 12:07:33,385 - INFO - <module> : input: Meralco05
2023-01-11 12:07:33,385 - INFO - <module> : input: Meralco05
2023-01-11 12:07:33,443 - INFO - <module> : Clicked
2023-01-11 12:07:33,443 - INFO - <module> : Clicked
2023-01-11 12:07:33,443 - INFO - <module> : Clicked
2023-01-11 12:07:33,443 - INFO - <module> : Clicked
2023-01-11 12:07:39,048 - INFO - <module> : Hello, exists
2023-01-11 12:07:39,048 - INFO - <module> : Hello, exists
2023-01-11 12:07:39,048 - INFO - <module> : Hello, exists
2023-01-11 12:07:39,048 - INFO - <module> : Hello, exists
2023-01-11 12:07:42,032 - INFO - <module> : Click on Request for a Service tile
2023-01-11 12:07:42,032 - INFO - <module> : Click on Request for a Service tile
2023-01-11 12:07:42,032 - INFO - <module> : Click on Request for a Service tile
2023-01-11 12:07:42,032 - INFO - <module> : Click on Request for a Service tile
2023-01-11 12:07:43,680 - INFO - <module> : Clicked
2023-01-11 12:07:43,680 - INFO - <module> : Clicked
2023-01-11 12:07:43,680 - INFO - <module> : Clicked
2023-01-11 12:07:43,680 - INFO - <module> : Clicked
2023-01-11 12:07:56,750 - INFO - <module> : Start a Service exists
2023-01-11 12:07:56,750 - INFO - <module> : Start a Service exists
2023-01-11 12:07:56,750 - INFO - <module> : Start a Service exists
2023-01-11 12:07:56,750 - INFO - <module> : Start a Service exists
2023-01-11 12:07:59,722 - INFO - <module> : Populate all required fields in Contact Information tab > Click Next
2023-01-11 12:07:59,722 - INFO - <module> : Populate all required fields in Contact Information tab > Click Next
2023-01-11 12:07:59,722 - INFO - <module> : Populate all required fields in Contact Information tab > Click Next
2023-01-11 12:07:59,722 - INFO - <module> : Populate all required fields in Contact Information tab > Click Next
2023-01-11 12:07:59,824 - INFO - <module> : input: 08/08/1993
2023-01-11 12:07:59,824 - INFO - <module> : input: 08/08/1993
2023-01-11 12:07:59,824 - INFO - <module> : input: 08/08/1993
2023-01-11 12:07:59,824 - INFO - <module> : input: 08/08/1993
2023-01-11 12:07:59,896 - INFO - <module> : Clicked
2023-01-11 12:07:59,896 - INFO - <module> : Clicked
2023-01-11 12:07:59,896 - INFO - <module> : Clicked
2023-01-11 12:07:59,896 - INFO - <module> : Clicked
2023-01-11 12:07:59,929 - INFO - <module> : Start a Service exists
2023-01-11 12:07:59,929 - INFO - <module> : Start a Service exists
2023-01-11 12:07:59,929 - INFO - <module> : Start a Service exists
2023-01-11 12:07:59,929 - INFO - <module> : Start a Service exists
2023-01-11 12:08:02,902 - INFO - <module> : Populate the following:
Service Address
Province
City / Municipality
Home Ownership
Billing Address Indicator
2023-01-11 12:08:02,902 - INFO - <module> : Populate the following:
Service Address
Province
City / Municipality
Home Ownership
Billing Address Indicator
2023-01-11 12:08:02,902 - INFO - <module> : Populate the following:
Service Address
Province
City / Municipality
Home Ownership
Billing Address Indicator
2023-01-11 12:08:02,902 - INFO - <module> : Populate the following:
Service Address
Province
City / Municipality
Home Ownership
Billing Address Indicator
2023-01-11 12:08:03,000 - INFO - <module> : input: atsrviceadd
2023-01-11 12:08:03,000 - INFO - <module> : input: atsrviceadd
2023-01-11 12:08:03,000 - INFO - <module> : input: atsrviceadd
2023-01-11 12:08:03,000 - INFO - <module> : input: atsrviceadd
2023-01-11 12:08:03,069 - INFO - <module> : Clicked
2023-01-11 12:08:03,069 - INFO - <module> : Clicked
2023-01-11 12:08:03,069 - INFO - <module> : Clicked
2023-01-11 12:08:03,069 - INFO - <module> : Clicked
2023-01-11 12:08:03,119 - INFO - <module> : Clicked
2023-01-11 12:08:03,119 - INFO - <module> : Clicked
2023-01-11 12:08:03,119 - INFO - <module> : Clicked
2023-01-11 12:08:03,119 - INFO - <module> : Clicked
2023-01-11 12:08:03,209 - INFO - <module> : Clicked
2023-01-11 12:08:03,209 - INFO - <module> : Clicked
2023-01-11 12:08:03,209 - INFO - <module> : Clicked
2023-01-11 12:08:03,209 - INFO - <module> : Clicked
2023-01-11 12:08:03,261 - INFO - <module> : Clicked
2023-01-11 12:08:03,261 - INFO - <module> : Clicked
2023-01-11 12:08:03,261 - INFO - <module> : Clicked
2023-01-11 12:08:03,261 - INFO - <module> : Clicked
2023-01-11 12:08:03,337 - INFO - <module> : Clicked
2023-01-11 12:08:03,337 - INFO - <module> : Clicked
2023-01-11 12:08:03,337 - INFO - <module> : Clicked
2023-01-11 12:08:03,337 - INFO - <module> : Clicked
2023-01-11 12:08:03,391 - INFO - <module> : Clicked
2023-01-11 12:08:03,391 - INFO - <module> : Clicked
2023-01-11 12:08:03,391 - INFO - <module> : Clicked
2023-01-11 12:08:03,391 - INFO - <module> : Clicked
2023-01-11 12:08:03,458 - INFO - <module> : Clicked
2023-01-11 12:08:03,458 - INFO - <module> : Clicked
2023-01-11 12:08:03,458 - INFO - <module> : Clicked
2023-01-11 12:08:03,458 - INFO - <module> : Clicked
2023-01-11 12:08:03,509 - INFO - <module> : Clicked
2023-01-11 12:08:03,509 - INFO - <module> : Clicked
2023-01-11 12:08:03,509 - INFO - <module> : Clicked
2023-01-11 12:08:03,509 - INFO - <module> : Clicked
2023-01-11 12:08:03,582 - INFO - <module> : Clicked
2023-01-11 12:08:03,582 - INFO - <module> : Clicked
2023-01-11 12:08:03,582 - INFO - <module> : Clicked
2023-01-11 12:08:03,582 - INFO - <module> : Clicked
2023-01-11 12:08:03,624 - INFO - <module> : 3VALUE ADDED SERVICES exists
2023-01-11 12:08:03,624 - INFO - <module> : 3VALUE ADDED SERVICES exists
2023-01-11 12:08:03,624 - INFO - <module> : 3VALUE ADDED SERVICES exists
2023-01-11 12:08:03,624 - INFO - <module> : 3VALUE ADDED SERVICES exists
2023-01-11 12:08:06,650 - INFO - <module> : Populate the following:
Notification indicator
AMC indicator
Paperless Billing indicator
APA indicator
> Attach documents
> Click Next
2023-01-11 12:08:06,650 - INFO - <module> : Populate the following:
Notification indicator
AMC indicator
Paperless Billing indicator
APA indicator
> Attach documents
> Click Next
2023-01-11 12:08:06,650 - INFO - <module> : Populate the following:
Notification indicator
AMC indicator
Paperless Billing indicator
APA indicator
> Attach documents
> Click Next
2023-01-11 12:08:06,650 - INFO - <module> : Populate the following:
Notification indicator
AMC indicator
Paperless Billing indicator
APA indicator
> Attach documents
> Click Next
2023-01-11 12:08:06,737 - INFO - <module> : Clicked
2023-01-11 12:08:06,737 - INFO - <module> : Clicked
2023-01-11 12:08:06,737 - INFO - <module> : Clicked
2023-01-11 12:08:06,737 - INFO - <module> : Clicked
2023-01-11 12:08:06,823 - INFO - <module> : Clicked
2023-01-11 12:08:06,823 - INFO - <module> : Clicked
2023-01-11 12:08:06,823 - INFO - <module> : Clicked
2023-01-11 12:08:06,823 - INFO - <module> : Clicked
2023-01-11 12:08:06,863 - INFO - <module> : 4TERMS & CONDITIONS exists
2023-01-11 12:08:06,863 - INFO - <module> : 4TERMS & CONDITIONS exists
2023-01-11 12:08:06,863 - INFO - <module> : 4TERMS & CONDITIONS exists
2023-01-11 12:08:06,863 - INFO - <module> : 4TERMS & CONDITIONS exists
2023-01-11 12:08:09,819 - INFO - <module> : Tick on I have read and agree to the Meralco Online Terms & Conditions and consent to the processing of my personal data in accordance with the Privacy Policy
2023-01-11 12:08:09,819 - INFO - <module> : Tick on I have read and agree to the Meralco Online Terms & Conditions and consent to the processing of my personal data in accordance with the Privacy Policy
2023-01-11 12:08:09,819 - INFO - <module> : Tick on I have read and agree to the Meralco Online Terms & Conditions and consent to the processing of my personal data in accordance with the Privacy Policy
2023-01-11 12:08:09,819 - INFO - <module> : Tick on I have read and agree to the Meralco Online Terms & Conditions and consent to the processing of my personal data in accordance with the Privacy Policy
2023-01-11 12:08:09,918 - INFO - <module> : Clicked
2023-01-11 12:08:09,918 - INFO - <module> : Clicked
2023-01-11 12:08:09,918 - INFO - <module> : Clicked
2023-01-11 12:08:09,918 - INFO - <module> : Clicked
2023-01-11 12:08:30,006 - INFO - <module> : Clicked
2023-01-11 12:08:30,006 - INFO - <module> : Clicked
2023-01-11 12:08:30,006 - INFO - <module> : Clicked
2023-01-11 12:08:30,006 - INFO - <module> : Clicked
2023-01-11 12:08:32,252 - INFO - <module> : TC001 Passed
2023-01-11 12:08:32,252 - INFO - <module> : TC001 Passed
2023-01-11 12:08:32,252 - INFO - <module> : TC001 Passed
2023-01-11 12:08:32,252 - INFO - <module> : TC001 Passed
2023-01-11 12:08:32,323 - INFO - setup : Close Browser
