2022-11-23 14:26:00,076 - INFO - setup : Browser Launched!
2022-11-23 14:26:06,993 - INFO - <module> : Opened: https://fuat-meralco.cs73.force.com/customers/s/cxe-apply
2022-11-23 14:26:06,993 - INFO - <module> : Opened: https://fuat-meralco.cs73.force.com/customers/s/cxe-apply
2022-11-23 14:26:06,993 - INFO - <module> : Opened: https://fuat-meralco.cs73.force.com/customers/s/cxe-apply
2022-11-23 14:26:07,180 - INFO - <module> : Service Application exists
2022-11-23 14:26:07,180 - INFO - <module> : Service Application exists
2022-11-23 14:26:07,180 - INFO - <module> : Service Application exists
2022-11-23 14:26:10,052 - INFO - <module> : Clicked
2022-11-23 14:26:10,052 - INFO - <module> : Clicked
2022-11-23 14:26:10,052 - INFO - <module> : Clicked
2022-11-23 14:26:10,098 - INFO - <module> : Start Service exists
2022-11-23 14:26:10,098 - INFO - <module> : Start Service exists
2022-11-23 14:26:10,098 - INFO - <module> : Start Service exists
2022-11-23 14:26:10,139 - INFO - <module> : Modify Service exists
2022-11-23 14:26:10,139 - INFO - <module> : Modify Service exists
2022-11-23 14:26:10,139 - INFO - <module> : Modify Service exists
2022-11-23 14:26:10,188 - INFO - <module> : Reactivate Service exists
2022-11-23 14:26:10,188 - INFO - <module> : Reactivate Service exists
2022-11-23 14:26:10,188 - INFO - <module> : Reactivate Service exists
2022-11-23 14:26:10,235 - INFO - <module> : Stop Service exists
2022-11-23 14:26:10,235 - INFO - <module> : Stop Service exists
2022-11-23 14:26:10,235 - INFO - <module> : Stop Service exists
2022-11-23 14:26:13,192 - INFO - <module> : Clicked
2022-11-23 14:26:13,192 - INFO - <module> : Clicked
2022-11-23 14:26:13,192 - INFO - <module> : Clicked
2022-11-23 14:26:13,381 - INFO - <module> : Stop Service exists
2022-11-23 14:26:13,381 - INFO - <module> : Stop Service exists
2022-11-23 14:26:13,381 - INFO - <module> : Stop Service exists
2022-11-23 14:26:16,117 - INFO - <module> :  exists
2022-11-23 14:26:16,117 - INFO - <module> :  exists
2022-11-23 14:26:16,117 - INFO - <module> :  exists
2022-11-23 14:26:18,979 - INFO - <module> : input: 1780945897
2022-11-23 14:26:18,979 - INFO - <module> : input: 1780945897
2022-11-23 14:26:18,979 - INFO - <module> : input: 1780945897
2022-11-23 14:26:21,866 - INFO - <module> : input: 502863370101
2022-11-23 14:26:21,866 - INFO - <module> : input: 502863370101
2022-11-23 14:26:21,866 - INFO - <module> : input: 502863370101
2022-11-23 14:26:24,733 - INFO - <module> : input: atFirstname
2022-11-23 14:26:24,733 - INFO - <module> : input: atFirstname
2022-11-23 14:26:24,733 - INFO - <module> : input: atFirstname
2022-11-23 14:26:24,808 - INFO - <module> : input: atLastname
2022-11-23 14:26:24,808 - INFO - <module> : input: atLastname
2022-11-23 14:26:24,808 - INFO - <module> : input: atLastname
2022-11-23 14:26:24,884 - INFO - <module> : input: automationteam@gmail.com
2022-11-23 14:26:24,884 - INFO - <module> : input: automationteam@gmail.com
2022-11-23 14:26:24,884 - INFO - <module> : input: automationteam@gmail.com
2022-11-23 14:26:24,951 - INFO - <module> : input: +639234567891
2022-11-23 14:26:24,951 - INFO - <module> : input: +639234567891
2022-11-23 14:26:24,951 - INFO - <module> : input: +639234567891
2022-11-23 14:26:27,249 - INFO - <module> : Clicked
2022-11-23 14:26:27,249 - INFO - <module> : Clicked
2022-11-23 14:26:27,249 - INFO - <module> : Clicked
2022-11-23 14:26:27,294 - INFO - <module> : TERMS AND CONDITIONS
(FOR THE ACCESS AND USE OF MERALCO WEBSITE, MERALCO ONLINE, MERALCO MOBILE APPLICATION AND SUBSCRIBERS TO MERALCO NOTIFICATIONS) exists
2022-11-23 14:26:27,294 - INFO - <module> : TERMS AND CONDITIONS
(FOR THE ACCESS AND USE OF MERALCO WEBSITE, MERALCO ONLINE, MERALCO MOBILE APPLICATION AND SUBSCRIBERS TO MERALCO NOTIFICATIONS) exists
2022-11-23 14:26:27,294 - INFO - <module> : TERMS AND CONDITIONS
(FOR THE ACCESS AND USE OF MERALCO WEBSITE, MERALCO ONLINE, MERALCO MOBILE APPLICATION AND SUBSCRIBERS TO MERALCO NOTIFICATIONS) exists
2022-11-23 14:26:30,233 - INFO - <module> : Clicked
2022-11-23 14:26:30,233 - INFO - <module> : Clicked
2022-11-23 14:26:30,233 - INFO - <module> : Clicked
2022-11-23 14:26:32,468 - INFO - <module> : TERMS AND CONDITIONS
(FOR THE ACCESS AND USE OF MERALCO WEBSITE, MERALCO ONLINE, MERALCO MOBILE APPLICATION AND SUBSCRIBERS TO MERALCO NOTIFICATIONS) exists
2022-11-23 14:26:32,468 - INFO - <module> : TERMS AND CONDITIONS
(FOR THE ACCESS AND USE OF MERALCO WEBSITE, MERALCO ONLINE, MERALCO MOBILE APPLICATION AND SUBSCRIBERS TO MERALCO NOTIFICATIONS) exists
2022-11-23 14:26:32,468 - INFO - <module> : TERMS AND CONDITIONS
(FOR THE ACCESS AND USE OF MERALCO WEBSITE, MERALCO ONLINE, MERALCO MOBILE APPLICATION AND SUBSCRIBERS TO MERALCO NOTIFICATIONS) exists
2022-11-23 14:26:35,240 - INFO - <module> : Clicked
2022-11-23 14:26:35,240 - INFO - <module> : Clicked
2022-11-23 14:26:35,240 - INFO - <module> : Clicked
2022-11-23 14:27:20,792 - INFO - setup : Close Browser
