2023-01-06 16:15:54,615 - INFO - setup : Browser Launched!
2023-01-06 16:16:25,193 - INFO - <module> : Opened: https://meralco--fuat.lightning.force.com/lightning/page/home
2023-01-06 16:16:25,193 - INFO - <module> : Opened: https://meralco--fuat.lightning.force.com/lightning/page/home
2023-01-06 16:16:25,193 - INFO - <module> : Opened: https://meralco--fuat.lightning.force.com/lightning/page/home
2023-01-06 16:16:25,193 - INFO - <module> : Opened: https://meralco--fuat.lightning.force.com/lightning/page/home
2023-01-06 16:16:27,551 - INFO - <module> : Clicked
2023-01-06 16:16:27,551 - INFO - <module> : Clicked
2023-01-06 16:16:27,551 - INFO - <module> : Clicked
2023-01-06 16:16:27,551 - INFO - <module> : Clicked
2023-01-06 16:16:33,957 - INFO - <module> : input: v-lvlgalvez@meralco.com.ph
2023-01-06 16:16:33,957 - INFO - <module> : input: v-lvlgalvez@meralco.com.ph
2023-01-06 16:16:33,957 - INFO - <module> : input: v-lvlgalvez@meralco.com.ph
2023-01-06 16:16:33,957 - INFO - <module> : input: v-lvlgalvez@meralco.com.ph
2023-01-06 16:16:34,397 - INFO - <module> : Clicked
2023-01-06 16:16:34,397 - INFO - <module> : Clicked
2023-01-06 16:16:34,397 - INFO - <module> : Clicked
2023-01-06 16:16:34,397 - INFO - <module> : Clicked
2023-01-06 16:16:36,313 - INFO - <module> : input: Mecopass@@!!123
2023-01-06 16:16:36,313 - INFO - <module> : input: Mecopass@@!!123
2023-01-06 16:16:36,313 - INFO - <module> : input: Mecopass@@!!123
2023-01-06 16:16:36,313 - INFO - <module> : input: Mecopass@@!!123
2023-01-06 16:16:37,584 - INFO - <module> : Clicked
2023-01-06 16:16:37,584 - INFO - <module> : Clicked
2023-01-06 16:16:37,584 - INFO - <module> : Clicked
2023-01-06 16:16:37,584 - INFO - <module> : Clicked
2023-01-06 16:16:38,989 - INFO - <module> : Clicked
2023-01-06 16:16:38,989 - INFO - <module> : Clicked
2023-01-06 16:16:38,989 - INFO - <module> : Clicked
2023-01-06 16:16:38,989 - INFO - <module> : Clicked
2023-01-06 16:17:07,298 - INFO - <module> : Clicked
2023-01-06 16:17:07,298 - INFO - <module> : Clicked
2023-01-06 16:17:07,298 - INFO - <module> : Clicked
2023-01-06 16:17:07,298 - INFO - <module> : Clicked
2023-01-06 16:17:20,400 - INFO - <module> : Clicked
2023-01-06 16:17:20,400 - INFO - <module> : Clicked
2023-01-06 16:17:20,400 - INFO - <module> : Clicked
2023-01-06 16:17:20,400 - INFO - <module> : Clicked
2023-01-06 16:17:23,025 - INFO - <module> : input: 22122252189
2023-01-06 16:17:23,025 - INFO - <module> : input: 22122252189
2023-01-06 16:17:23,025 - INFO - <module> : input: 22122252189
2023-01-06 16:17:23,025 - INFO - <module> : input: 22122252189
2023-01-06 16:17:23,874 - INFO - setup : Close Browser
