2022-10-26 15:25:27,787 - INFO - setup : Browser Launched!
2022-10-26 15:25:34,465 - INFO - <module> : Click on burger menu > Search Locations > Select Service ID No. > Search SIN
2022-10-26 15:25:34,465 - INFO - <module> : Click on burger menu > Search Locations > Select Service ID No. > Search SIN
2022-10-26 15:25:34,465 - INFO - <module> : Click on burger menu > Search Locations > Select Service ID No. > Search SIN
2022-10-26 15:25:34,465 - INFO - <module> : Click on burger menu > Search Locations > Select Service ID No. > Search SIN
2022-10-26 15:25:36,271 - INFO - <module> : Opened: https://outage-api.meralco.com.ph/
2022-10-26 15:25:36,271 - INFO - <module> : Opened: https://outage-api.meralco.com.ph/
2022-10-26 15:25:36,271 - INFO - <module> : Opened: https://outage-api.meralco.com.ph/
2022-10-26 15:25:36,271 - INFO - <module> : Opened: https://outage-api.meralco.com.ph/
2022-10-26 15:25:38,518 - INFO - <module> : input: v-lvlgalvez@meralco.com.ph
2022-10-26 15:25:38,518 - INFO - <module> : input: v-lvlgalvez@meralco.com.ph
2022-10-26 15:25:38,518 - INFO - <module> : input: v-lvlgalvez@meralco.com.ph
2022-10-26 15:25:38,518 - INFO - <module> : input: v-lvlgalvez@meralco.com.ph
2022-10-26 15:25:38,585 - INFO - <module> : Clicked
2022-10-26 15:25:38,585 - INFO - <module> : Clicked
2022-10-26 15:25:38,585 - INFO - <module> : Clicked
2022-10-26 15:25:38,585 - INFO - <module> : Clicked
2022-10-26 15:25:39,687 - INFO - <module> : input: Mecopass@@!!129
2022-10-26 15:25:39,687 - INFO - <module> : input: Mecopass@@!!129
2022-10-26 15:25:39,687 - INFO - <module> : input: Mecopass@@!!129
2022-10-26 15:25:39,687 - INFO - <module> : input: Mecopass@@!!129
2022-10-26 15:25:40,811 - INFO - <module> : Clicked
2022-10-26 15:25:40,811 - INFO - <module> : Clicked
2022-10-26 15:25:40,811 - INFO - <module> : Clicked
2022-10-26 15:25:40,811 - INFO - <module> : Clicked
2022-10-26 15:25:41,414 - INFO - <module> : Clicked
2022-10-26 15:25:41,414 - INFO - <module> : Clicked
2022-10-26 15:25:41,414 - INFO - <module> : Clicked
2022-10-26 15:25:41,414 - INFO - <module> : Clicked
2022-10-26 15:26:09,854 - INFO - <module> : Clicked
2022-10-26 15:26:09,854 - INFO - <module> : Clicked
2022-10-26 15:26:09,854 - INFO - <module> : Clicked
2022-10-26 15:26:09,854 - INFO - <module> : Clicked
2022-10-26 15:26:13,938 - INFO - <module> :  clicked
2022-10-26 15:26:13,938 - INFO - <module> :  clicked
2022-10-26 15:26:13,938 - INFO - <module> :  clicked
2022-10-26 15:26:13,938 - INFO - <module> :  clicked
2022-10-26 15:26:14,007 - INFO - <module> : Search Locations clicked
2022-10-26 15:26:14,007 - INFO - <module> : Search Locations clicked
2022-10-26 15:26:14,007 - INFO - <module> : Search Locations clicked
2022-10-26 15:26:14,007 - INFO - <module> : Search Locations clicked
2022-10-26 15:26:14,081 - INFO - <module> : Service ID No.
arrow_drop_down clicked
2022-10-26 15:26:14,081 - INFO - <module> : Service ID No.
arrow_drop_down clicked
2022-10-26 15:26:14,081 - INFO - <module> : Service ID No.
arrow_drop_down clicked
2022-10-26 15:26:14,081 - INFO - <module> : Service ID No.
arrow_drop_down clicked
2022-10-26 15:26:14,136 - INFO - <module> : Service ID No. clicked
2022-10-26 15:26:14,136 - INFO - <module> : Service ID No. clicked
2022-10-26 15:26:14,136 - INFO - <module> : Service ID No. clicked
2022-10-26 15:26:14,136 - INFO - <module> : Service ID No. clicked
2022-10-26 15:26:14,330 - INFO - setup : Close Browser
