2023-01-11 14:02:28,462 - INFO - setup : Browser Launched!
2023-01-11 14:02:59,277 - INFO - <module> : Opened: https://fuat-meralco.cs73.force.com/customers/s/cxe-apply
2023-01-11 14:02:59,277 - INFO - <module> : Opened: https://fuat-meralco.cs73.force.com/customers/s/cxe-apply
2023-01-11 14:02:59,277 - INFO - <module> : Opened: https://fuat-meralco.cs73.force.com/customers/s/cxe-apply
2023-01-11 14:02:59,277 - INFO - <module> : Opened: https://fuat-meralco.cs73.force.com/customers/s/cxe-apply
2023-01-11 14:02:59,277 - INFO - <module> : Opened: https://fuat-meralco.cs73.force.com/customers/s/cxe-apply
2023-01-11 14:03:00,337 - INFO - <module> : Service Application exists
2023-01-11 14:03:00,337 - INFO - <module> : Service Application exists
2023-01-11 14:03:00,337 - INFO - <module> : Service Application exists
2023-01-11 14:03:00,337 - INFO - <module> : Service Application exists
2023-01-11 14:03:00,337 - INFO - <module> : Service Application exists
2023-01-11 14:03:03,520 - INFO - <module> : Clicked
2023-01-11 14:03:03,520 - INFO - <module> : Clicked
2023-01-11 14:03:03,520 - INFO - <module> : Clicked
2023-01-11 14:03:03,520 - INFO - <module> : Clicked
2023-01-11 14:03:03,520 - INFO - <module> : Clicked
2023-01-11 14:03:06,136 - INFO - <module> : Clicked
2023-01-11 14:03:06,136 - INFO - <module> : Clicked
2023-01-11 14:03:06,136 - INFO - <module> : Clicked
2023-01-11 14:03:06,136 - INFO - <module> : Clicked
2023-01-11 14:03:06,136 - INFO - <module> : Clicked
2023-01-11 14:03:39,582 - INFO - setup : Close Browser
