2022-10-18 14:06:33,276 - INFO - setup : Browser Launched!
2022-10-18 14:06:51,214 - INFO - <module> : Go to https://fuat-meralco.cs73.force.com/customers/s/outagemap
2022-10-18 14:06:51,214 - INFO - <module> : Go to https://fuat-meralco.cs73.force.com/customers/s/outagemap
2022-10-18 14:06:51,214 - INFO - <module> : Go to https://fuat-meralco.cs73.force.com/customers/s/outagemap
2022-10-18 14:06:51,214 - INFO - <module> : Go to https://fuat-meralco.cs73.force.com/customers/s/outagemap
2022-10-18 14:06:56,873 - INFO - <module> : Opened: https://fuat-meralco.cs73.force.com/customers/s/outagemap
2022-10-18 14:06:56,873 - INFO - <module> : Opened: https://fuat-meralco.cs73.force.com/customers/s/outagemap
2022-10-18 14:06:56,873 - INFO - <module> : Opened: https://fuat-meralco.cs73.force.com/customers/s/outagemap
2022-10-18 14:06:56,873 - INFO - <module> : Opened: https://fuat-meralco.cs73.force.com/customers/s/outagemap
2022-10-18 14:07:04,431 - INFO - <module> : On the left side, hover on tooltip beside Other Address
2022-10-18 14:07:04,431 - INFO - <module> : On the left side, hover on tooltip beside Other Address
2022-10-18 14:07:04,431 - INFO - <module> : On the left side, hover on tooltip beside Other Address
2022-10-18 14:07:04,431 - INFO - <module> : On the left side, hover on tooltip beside Other Address
2022-10-18 14:07:07,660 - INFO - <module> : Meralco would like to access your location to identify if your area is affected by an outage. exists
2022-10-18 14:07:07,660 - INFO - <module> : Meralco would like to access your location to identify if your area is affected by an outage. exists
2022-10-18 14:07:07,660 - INFO - <module> : Meralco would like to access your location to identify if your area is affected by an outage. exists
2022-10-18 14:07:07,660 - INFO - <module> : Meralco would like to access your location to identify if your area is affected by an outage. exists
2022-10-18 14:07:07,981 - INFO - <module> : Clicked
2022-10-18 14:07:07,981 - INFO - <module> : Clicked
2022-10-18 14:07:07,981 - INFO - <module> : Clicked
2022-10-18 14:07:07,981 - INFO - <module> : Clicked
2022-10-18 14:07:28,282 - INFO - setup : Close Browser
