2023-01-03 14:54:58,610 - INFO - setup : Browser Launched!
2023-01-03 14:55:26,550 - INFO - <module> : Opened: https://fuat-meralco.cs73.force.com/customers/s/cxe-apply
2023-01-03 14:55:26,550 - INFO - <module> : Opened: https://fuat-meralco.cs73.force.com/customers/s/cxe-apply
2023-01-03 14:55:26,550 - INFO - <module> : Opened: https://fuat-meralco.cs73.force.com/customers/s/cxe-apply
2023-01-03 14:55:26,550 - INFO - <module> : Opened: https://fuat-meralco.cs73.force.com/customers/s/cxe-apply
2023-01-03 14:55:32,994 - INFO - <module> : Service Application exists
2023-01-03 14:55:32,994 - INFO - <module> : Service Application exists
2023-01-03 14:55:32,994 - INFO - <module> : Service Application exists
2023-01-03 14:55:32,994 - INFO - <module> : Service Application exists
2023-01-03 14:55:36,374 - INFO - <module> : Clicked
2023-01-03 14:55:36,374 - INFO - <module> : Clicked
2023-01-03 14:55:36,374 - INFO - <module> : Clicked
2023-01-03 14:55:36,374 - INFO - <module> : Clicked
2023-01-03 14:55:39,625 - INFO - <module> : Clicked
2023-01-03 14:55:39,625 - INFO - <module> : Clicked
2023-01-03 14:55:39,625 - INFO - <module> : Clicked
2023-01-03 14:55:39,625 - INFO - <module> : Clicked
2023-01-03 14:55:52,565 - INFO - <module> : Clicked
2023-01-03 14:55:52,565 - INFO - <module> : Clicked
2023-01-03 14:55:52,565 - INFO - <module> : Clicked
2023-01-03 14:55:52,565 - INFO - <module> : Clicked
2023-01-03 14:55:58,093 - INFO - <module> : input: aaaaa@yopmail.com
2023-01-03 14:55:58,093 - INFO - <module> : input: aaaaa@yopmail.com
2023-01-03 14:55:58,093 - INFO - <module> : input: aaaaa@yopmail.com
2023-01-03 14:55:58,093 - INFO - <module> : input: aaaaa@yopmail.com
2023-01-03 14:55:58,208 - INFO - <module> : input: atfirst1
2023-01-03 14:55:58,208 - INFO - <module> : input: atfirst1
2023-01-03 14:55:58,208 - INFO - <module> : input: atfirst1
2023-01-03 14:55:58,208 - INFO - <module> : input: atfirst1
2023-01-03 14:55:58,281 - INFO - <module> : input: atlast1
2023-01-03 14:55:58,281 - INFO - <module> : input: atlast1
2023-01-03 14:55:58,281 - INFO - <module> : input: atlast1
2023-01-03 14:55:58,281 - INFO - <module> : input: atlast1
2023-01-03 14:55:58,341 - INFO - <module> : input: 9234567891
2023-01-03 14:55:58,341 - INFO - <module> : input: 9234567891
2023-01-03 14:55:58,341 - INFO - <module> : input: 9234567891
2023-01-03 14:55:58,341 - INFO - <module> : input: 9234567891
2023-01-03 14:55:58,817 - INFO - <module> : Clicked
2023-01-03 14:55:58,817 - INFO - <module> : Clicked
2023-01-03 14:55:58,817 - INFO - <module> : Clicked
2023-01-03 14:55:58,817 - INFO - <module> : Clicked
2023-01-03 14:55:59,270 - INFO - <module> : Clicked
2023-01-03 14:55:59,270 - INFO - <module> : Clicked
2023-01-03 14:55:59,270 - INFO - <module> : Clicked
2023-01-03 14:55:59,270 - INFO - <module> : Clicked
2023-01-03 14:56:14,798 - INFO - <module> : Opened: https://yopmail.com/en/
2023-01-03 14:56:14,798 - INFO - <module> : Opened: https://yopmail.com/en/
2023-01-03 14:56:14,798 - INFO - <module> : Opened: https://yopmail.com/en/
2023-01-03 14:56:14,798 - INFO - <module> : Opened: https://yopmail.com/en/
2023-01-03 14:56:15,861 - INFO - <module> : input: aaaaa@yopmail.com
2023-01-03 14:56:15,861 - INFO - <module> : input: aaaaa@yopmail.com
2023-01-03 14:56:15,861 - INFO - <module> : input: aaaaa@yopmail.com
2023-01-03 14:56:15,861 - INFO - <module> : input: aaaaa@yopmail.com
2023-01-03 14:56:17,655 - INFO - <module> : Clicked
2023-01-03 14:56:17,655 - INFO - <module> : Clicked
2023-01-03 14:56:17,655 - INFO - <module> : Clicked
2023-01-03 14:56:17,655 - INFO - <module> : Clicked
2023-01-03 14:56:17,720 - INFO - setup : Close Browser
