2023-01-12 11:39:03,845 - INFO - setup : Browser Launched!
2023-01-12 11:39:46,772 - INFO - <module> : Clicked
2023-01-12 11:39:46,772 - INFO - <module> : Clicked
2023-01-12 11:39:46,772 - INFO - <module> : Clicked
2023-01-12 11:39:46,772 - INFO - <module> : Clicked
2023-01-12 11:39:46,772 - INFO - <module> : Clicked
2023-01-12 11:39:54,536 - INFO - <module> : input: tylertesting006@gmail.com
2023-01-12 11:39:54,536 - INFO - <module> : input: tylertesting006@gmail.com
2023-01-12 11:39:54,536 - INFO - <module> : input: tylertesting006@gmail.com
2023-01-12 11:39:54,536 - INFO - <module> : input: tylertesting006@gmail.com
2023-01-12 11:39:54,536 - INFO - <module> : input: tylertesting006@gmail.com
2023-01-12 11:39:55,409 - INFO - <module> : Clicked
2023-01-12 11:39:55,409 - INFO - <module> : Clicked
2023-01-12 11:39:55,409 - INFO - <module> : Clicked
2023-01-12 11:39:55,409 - INFO - <module> : Clicked
2023-01-12 11:39:55,409 - INFO - <module> : Clicked
2023-01-12 11:39:57,000 - INFO - <module> : input: @Dahmer06
2023-01-12 11:39:57,000 - INFO - <module> : input: @Dahmer06
2023-01-12 11:39:57,000 - INFO - <module> : input: @Dahmer06
2023-01-12 11:39:57,000 - INFO - <module> : input: @Dahmer06
2023-01-12 11:39:57,000 - INFO - <module> : input: @Dahmer06
2023-01-12 11:39:57,170 - INFO - <module> : Clicked
2023-01-12 11:39:57,170 - INFO - <module> : Clicked
2023-01-12 11:39:57,170 - INFO - <module> : Clicked
2023-01-12 11:39:57,170 - INFO - <module> : Clicked
2023-01-12 11:39:57,170 - INFO - <module> : Clicked
2023-01-12 11:39:59,974 - INFO - setup : Close Browser
