2023-01-11 14:05:05,748 - INFO - setup : Browser Launched!
2023-01-11 14:05:44,518 - INFO - <module> : Opened: https://fuat-meralco.cs73.force.com/customers/s/cxe-apply
2023-01-11 14:05:44,518 - INFO - <module> : Opened: https://fuat-meralco.cs73.force.com/customers/s/cxe-apply
2023-01-11 14:05:44,518 - INFO - <module> : Opened: https://fuat-meralco.cs73.force.com/customers/s/cxe-apply
2023-01-11 14:05:44,518 - INFO - <module> : Opened: https://fuat-meralco.cs73.force.com/customers/s/cxe-apply
2023-01-11 14:05:44,518 - INFO - <module> : Opened: https://fuat-meralco.cs73.force.com/customers/s/cxe-apply
2023-01-11 14:05:45,374 - INFO - <module> : Service Application exists
2023-01-11 14:05:45,374 - INFO - <module> : Service Application exists
2023-01-11 14:05:45,374 - INFO - <module> : Service Application exists
2023-01-11 14:05:45,374 - INFO - <module> : Service Application exists
2023-01-11 14:05:45,374 - INFO - <module> : Service Application exists
2023-01-11 14:05:48,747 - INFO - <module> : Clicked
2023-01-11 14:05:48,747 - INFO - <module> : Clicked
2023-01-11 14:05:48,747 - INFO - <module> : Clicked
2023-01-11 14:05:48,747 - INFO - <module> : Clicked
2023-01-11 14:05:48,747 - INFO - <module> : Clicked
2023-01-11 14:05:51,418 - INFO - <module> : Clicked
2023-01-11 14:05:51,418 - INFO - <module> : Clicked
2023-01-11 14:05:51,418 - INFO - <module> : Clicked
2023-01-11 14:05:51,418 - INFO - <module> : Clicked
2023-01-11 14:05:51,418 - INFO - <module> : Clicked
2023-01-11 14:06:04,067 - INFO - setup : Close Browser
