2022-10-13 15:00:20,225 - INFO - setup : Browser Launched!
2022-10-13 15:00:26,992 - INFO - <module> : Go to External Map 
2022-10-13 15:00:26,992 - INFO - <module> : Go to External Map 
2022-10-13 15:00:26,992 - INFO - <module> : Go to External Map 
2022-10-13 15:00:26,992 - INFO - <module> : Go to External Map 
2022-10-13 15:00:29,002 - INFO - <module> : Opened: https://fuat-meralco.cs73.force.com/customers/s/outagemap
2022-10-13 15:00:29,002 - INFO - <module> : Opened: https://fuat-meralco.cs73.force.com/customers/s/outagemap
2022-10-13 15:00:29,002 - INFO - <module> : Opened: https://fuat-meralco.cs73.force.com/customers/s/outagemap
2022-10-13 15:00:29,002 - INFO - <module> : Opened: https://fuat-meralco.cs73.force.com/customers/s/outagemap
2022-10-13 15:00:32,632 - INFO - <module> : Select weather information to be displayed
2022-10-13 15:00:32,632 - INFO - <module> : Select weather information to be displayed
2022-10-13 15:00:32,632 - INFO - <module> : Select weather information to be displayed
2022-10-13 15:00:32,632 - INFO - <module> : Select weather information to be displayed
2022-10-13 15:00:33,757 - INFO - <module> : Meralco would like to access your location to identify if your area is affected by an outage. exists
2022-10-13 15:00:33,757 - INFO - <module> : Meralco would like to access your location to identify if your area is affected by an outage. exists
2022-10-13 15:00:33,757 - INFO - <module> : Meralco would like to access your location to identify if your area is affected by an outage. exists
2022-10-13 15:00:33,757 - INFO - <module> : Meralco would like to access your location to identify if your area is affected by an outage. exists
2022-10-13 15:00:34,044 - INFO - <module> : Disagree clicked
2022-10-13 15:00:34,044 - INFO - <module> : Disagree clicked
2022-10-13 15:00:34,044 - INFO - <module> : Disagree clicked
2022-10-13 15:00:34,044 - INFO - <module> : Disagree clicked
2022-10-13 15:00:35,191 - INFO - setup : Close Browser
