2023-01-10 14:48:26,486 - INFO - setup : Browser Launched!
2023-01-10 14:48:50,138 - INFO - <module> : Go to Outages & Incidents > Report Streetlight And Safety Concerns
2023-01-10 14:48:50,138 - INFO - <module> : Go to Outages & Incidents > Report Streetlight And Safety Concerns
2023-01-10 14:48:50,138 - INFO - <module> : Go to Outages & Incidents > Report Streetlight And Safety Concerns
2023-01-10 14:48:50,138 - INFO - <module> : Go to Outages & Incidents > Report Streetlight And Safety Concerns
2023-01-10 14:48:50,138 - INFO - <module> : Go to Outages & Incidents > Report Streetlight And Safety Concerns
2023-01-10 14:49:53,758 - INFO - <module> : Opened: https://fuat-meralco.cs73.force.com/customers/s/outagemap
2023-01-10 14:49:53,758 - INFO - <module> : Opened: https://fuat-meralco.cs73.force.com/customers/s/outagemap
2023-01-10 14:49:53,758 - INFO - <module> : Opened: https://fuat-meralco.cs73.force.com/customers/s/outagemap
2023-01-10 14:49:53,758 - INFO - <module> : Opened: https://fuat-meralco.cs73.force.com/customers/s/outagemap
2023-01-10 14:49:53,758 - INFO - <module> : Opened: https://fuat-meralco.cs73.force.com/customers/s/outagemap
2023-01-10 14:49:53,952 - INFO - <module> : Meralco would like to access your location to identify if your area is affected by an outage. exists
2023-01-10 14:49:53,952 - INFO - <module> : Meralco would like to access your location to identify if your area is affected by an outage. exists
2023-01-10 14:49:53,952 - INFO - <module> : Meralco would like to access your location to identify if your area is affected by an outage. exists
2023-01-10 14:49:53,952 - INFO - <module> : Meralco would like to access your location to identify if your area is affected by an outage. exists
2023-01-10 14:49:53,952 - INFO - <module> : Meralco would like to access your location to identify if your area is affected by an outage. exists
2023-01-10 14:49:56,077 - INFO - <module> : Clicked
2023-01-10 14:49:56,077 - INFO - <module> : Clicked
2023-01-10 14:49:56,077 - INFO - <module> : Clicked
2023-01-10 14:49:56,077 - INFO - <module> : Clicked
2023-01-10 14:49:56,077 - INFO - <module> : Clicked
2023-01-10 14:50:00,179 - INFO - <module> : Clicked
2023-01-10 14:50:00,179 - INFO - <module> : Clicked
2023-01-10 14:50:00,179 - INFO - <module> : Clicked
2023-01-10 14:50:00,179 - INFO - <module> : Clicked
2023-01-10 14:50:00,179 - INFO - <module> : Clicked
2023-01-10 14:50:14,030 - INFO - <module> : Report an Outage or Incident exists
2023-01-10 14:50:14,030 - INFO - <module> : Report an Outage or Incident exists
2023-01-10 14:50:14,030 - INFO - <module> : Report an Outage or Incident exists
2023-01-10 14:50:14,030 - INFO - <module> : Report an Outage or Incident exists
2023-01-10 14:50:14,030 - INFO - <module> : Report an Outage or Incident exists
2023-01-10 14:50:14,108 - INFO - <module> : Clicked
2023-01-10 14:50:14,108 - INFO - <module> : Clicked
2023-01-10 14:50:14,108 - INFO - <module> : Clicked
2023-01-10 14:50:14,108 - INFO - <module> : Clicked
2023-01-10 14:50:14,108 - INFO - <module> : Clicked
2023-01-10 14:50:17,292 - INFO - <module> : Populate required fields > click Submit
2023-01-10 14:50:17,292 - INFO - <module> : Populate required fields > click Submit
2023-01-10 14:50:17,292 - INFO - <module> : Populate required fields > click Submit
2023-01-10 14:50:17,292 - INFO - <module> : Populate required fields > click Submit
2023-01-10 14:50:17,292 - INFO - <module> : Populate required fields > click Submit
2023-01-10 14:50:47,595 - ERROR - <module> : Cannot Locate: address
2023-01-10 14:50:47,595 - ERROR - <module> : Cannot Locate: address
2023-01-10 14:50:47,595 - ERROR - <module> : Cannot Locate: address
2023-01-10 14:50:47,595 - ERROR - <module> : Cannot Locate: address
2023-01-10 14:50:47,595 - ERROR - <module> : Cannot Locate: address
2023-01-10 14:50:47,644 - INFO - setup : Close Browser
