2023-01-06 14:03:16,242 - INFO - setup : Browser Launched!
2023-01-06 14:03:26,253 - INFO - <module> : Go to https://fuat-meralco.cs73.force.com/customers/s/cxe-apply
2023-01-06 14:03:26,253 - INFO - <module> : Go to https://fuat-meralco.cs73.force.com/customers/s/cxe-apply
2023-01-06 14:03:26,253 - INFO - <module> : Go to https://fuat-meralco.cs73.force.com/customers/s/cxe-apply
2023-01-06 14:03:26,253 - INFO - <module> : Go to https://fuat-meralco.cs73.force.com/customers/s/cxe-apply
2023-01-06 14:03:27,729 - INFO - <module> : Opened: https://fuat-meralco.cs73.force.com/customers/s/cxe-apply
2023-01-06 14:03:27,729 - INFO - <module> : Opened: https://fuat-meralco.cs73.force.com/customers/s/cxe-apply
2023-01-06 14:03:27,729 - INFO - <module> : Opened: https://fuat-meralco.cs73.force.com/customers/s/cxe-apply
2023-01-06 14:03:27,729 - INFO - <module> : Opened: https://fuat-meralco.cs73.force.com/customers/s/cxe-apply
2023-01-06 14:03:29,568 - INFO - <module> : Service Application exists
2023-01-06 14:03:29,568 - INFO - <module> : Service Application exists
2023-01-06 14:03:29,568 - INFO - <module> : Service Application exists
2023-01-06 14:03:29,568 - INFO - <module> : Service Application exists
2023-01-06 14:03:32,918 - INFO - <module> : Click on Contractor
2023-01-06 14:03:32,918 - INFO - <module> : Click on Contractor
2023-01-06 14:03:32,918 - INFO - <module> : Click on Contractor
2023-01-06 14:03:32,918 - INFO - <module> : Click on Contractor
2023-01-06 14:03:32,994 - INFO - <module> : Clicked
2023-01-06 14:03:32,994 - INFO - <module> : Clicked
2023-01-06 14:03:32,994 - INFO - <module> : Clicked
2023-01-06 14:03:32,994 - INFO - <module> : Clicked
2023-01-06 14:03:33,037 - INFO - <module> : Start Service exists
2023-01-06 14:03:33,037 - INFO - <module> : Start Service exists
2023-01-06 14:03:33,037 - INFO - <module> : Start Service exists
2023-01-06 14:03:33,037 - INFO - <module> : Start Service exists
2023-01-06 14:03:33,074 - INFO - <module> : Modify Service exists
2023-01-06 14:03:33,074 - INFO - <module> : Modify Service exists
2023-01-06 14:03:33,074 - INFO - <module> : Modify Service exists
2023-01-06 14:03:33,074 - INFO - <module> : Modify Service exists
2023-01-06 14:03:33,136 - INFO - <module> : Reactivate Service exists
2023-01-06 14:03:33,136 - INFO - <module> : Reactivate Service exists
2023-01-06 14:03:33,136 - INFO - <module> : Reactivate Service exists
2023-01-06 14:03:33,136 - INFO - <module> : Reactivate Service exists
2023-01-06 14:03:33,200 - INFO - <module> : Stop Service exists
2023-01-06 14:03:33,200 - INFO - <module> : Stop Service exists
2023-01-06 14:03:33,200 - INFO - <module> : Stop Service exists
2023-01-06 14:03:33,200 - INFO - <module> : Stop Service exists
2023-01-06 14:03:36,490 - INFO - <module> : Click on Reactivate Service
2023-01-06 14:03:36,490 - INFO - <module> : Click on Reactivate Service
2023-01-06 14:03:36,490 - INFO - <module> : Click on Reactivate Service
2023-01-06 14:03:36,490 - INFO - <module> : Click on Reactivate Service
2023-01-06 14:03:37,282 - INFO - <module> : Clicked
2023-01-06 14:03:37,282 - INFO - <module> : Clicked
2023-01-06 14:03:37,282 - INFO - <module> : Clicked
2023-01-06 14:03:37,282 - INFO - <module> : Clicked
2023-01-06 14:03:39,506 - INFO - <module> : Reactivate a Service exists
2023-01-06 14:03:39,506 - INFO - <module> : Reactivate a Service exists
2023-01-06 14:03:39,506 - INFO - <module> : Reactivate a Service exists
2023-01-06 14:03:39,506 - INFO - <module> : Reactivate a Service exists
2023-01-06 14:03:42,510 - INFO - <module> : Validate if CAN field is visible and enabled
2023-01-06 14:03:42,510 - INFO - <module> : Validate if CAN field is visible and enabled
2023-01-06 14:03:42,510 - INFO - <module> : Validate if CAN field is visible and enabled
2023-01-06 14:03:42,510 - INFO - <module> : Validate if CAN field is visible and enabled
2023-01-06 14:03:42,648 - INFO - <module> : input: atFirstname
2023-01-06 14:03:42,648 - INFO - <module> : input: atFirstname
2023-01-06 14:03:42,648 - INFO - <module> : input: atFirstname
2023-01-06 14:03:42,648 - INFO - <module> : input: atFirstname
2023-01-06 14:03:42,789 - INFO - <module> : input: atLastname
2023-01-06 14:03:42,789 - INFO - <module> : input: atLastname
2023-01-06 14:03:42,789 - INFO - <module> : input: atLastname
2023-01-06 14:03:42,789 - INFO - <module> : input: atLastname
2023-01-06 14:03:42,881 - INFO - <module> : input: automationteam@gmail.com
2023-01-06 14:03:42,881 - INFO - <module> : input: automationteam@gmail.com
2023-01-06 14:03:42,881 - INFO - <module> : input: automationteam@gmail.com
2023-01-06 14:03:42,881 - INFO - <module> : input: automationteam@gmail.com
2023-01-06 14:03:42,972 - INFO - <module> : input: atcontbusinessName
2023-01-06 14:03:42,972 - INFO - <module> : input: atcontbusinessName
2023-01-06 14:03:42,972 - INFO - <module> : input: atcontbusinessName
2023-01-06 14:03:42,972 - INFO - <module> : input: atcontbusinessName
2023-01-06 14:03:43,120 - INFO - <module> : input: +639234567891
2023-01-06 14:03:43,120 - INFO - <module> : input: +639234567891
2023-01-06 14:03:43,120 - INFO - <module> : input: +639234567891
2023-01-06 14:03:43,120 - INFO - <module> : input: +639234567891
2023-01-06 14:03:45,444 - INFO - <module> : Clicked
2023-01-06 14:03:45,444 - INFO - <module> : Clicked
2023-01-06 14:03:45,444 - INFO - <module> : Clicked
2023-01-06 14:03:45,444 - INFO - <module> : Clicked
2023-01-06 14:03:45,530 - INFO - <module> : CUSTOMER INFO exists
2023-01-06 14:03:45,530 - INFO - <module> : CUSTOMER INFO exists
2023-01-06 14:03:45,530 - INFO - <module> : CUSTOMER INFO exists
2023-01-06 14:03:45,530 - INFO - <module> : CUSTOMER INFO exists
2023-01-06 14:03:48,806 - INFO - <module> : Populate CAN field
2023-01-06 14:03:48,806 - INFO - <module> : Populate CAN field
2023-01-06 14:03:48,806 - INFO - <module> : Populate CAN field
2023-01-06 14:03:48,806 - INFO - <module> : Populate CAN field
2023-01-06 14:03:48,955 - INFO - <module> :  exists
2023-01-06 14:03:48,955 - INFO - <module> :  exists
2023-01-06 14:03:48,955 - INFO - <module> :  exists
2023-01-06 14:03:48,955 - INFO - <module> :  exists
2023-01-06 14:03:52,102 - INFO - <module> : Tick Change my Service Details > tick Request to downgrade electrical load > click Next
2023-01-06 14:03:52,102 - INFO - <module> : Tick Change my Service Details > tick Request to downgrade electrical load > click Next
2023-01-06 14:03:52,102 - INFO - <module> : Tick Change my Service Details > tick Request to downgrade electrical load > click Next
2023-01-06 14:03:52,102 - INFO - <module> : Tick Change my Service Details > tick Request to downgrade electrical load > click Next
2023-01-06 14:03:52,267 - INFO - <module> : input: 3535131201
2023-01-06 14:03:52,267 - INFO - <module> : input: 3535131201
2023-01-06 14:03:52,267 - INFO - <module> : input: 3535131201
2023-01-06 14:03:52,267 - INFO - <module> : input: 3535131201
2023-01-06 14:03:55,390 - INFO - <module> : Populate the following
Company Name*
Doing Business As
Business Email Address
Business Landline*
First Name*
Last Name*
Email Address*
Mobile Number*
Designation*
2023-01-06 14:03:55,390 - INFO - <module> : Populate the following
Company Name*
Doing Business As
Business Email Address
Business Landline*
First Name*
Last Name*
Email Address*
Mobile Number*
Designation*
2023-01-06 14:03:55,390 - INFO - <module> : Populate the following
Company Name*
Doing Business As
Business Email Address
Business Landline*
First Name*
Last Name*
Email Address*
Mobile Number*
Designation*
2023-01-06 14:03:55,390 - INFO - <module> : Populate the following
Company Name*
Doing Business As
Business Email Address
Business Landline*
First Name*
Last Name*
Email Address*
Mobile Number*
Designation*
2023-01-06 14:04:25,895 - INFO - setup : Close Browser
