2023-01-06 16:02:16,207 - INFO - setup : Browser Launched!
2023-01-06 16:02:47,613 - INFO - <module> : Opened: https://meralco--fuat.lightning.force.com/lightning/page/home
2023-01-06 16:02:47,613 - INFO - <module> : Opened: https://meralco--fuat.lightning.force.com/lightning/page/home
2023-01-06 16:02:47,613 - INFO - <module> : Opened: https://meralco--fuat.lightning.force.com/lightning/page/home
2023-01-06 16:02:47,613 - INFO - <module> : Opened: https://meralco--fuat.lightning.force.com/lightning/page/home
2023-01-06 16:02:50,533 - INFO - <module> : Clicked
2023-01-06 16:02:50,533 - INFO - <module> : Clicked
2023-01-06 16:02:50,533 - INFO - <module> : Clicked
2023-01-06 16:02:50,533 - INFO - <module> : Clicked
2023-01-06 16:02:54,190 - INFO - <module> : input: v-lvlgalvez@meralco.com.ph
2023-01-06 16:02:54,190 - INFO - <module> : input: v-lvlgalvez@meralco.com.ph
2023-01-06 16:02:54,190 - INFO - <module> : input: v-lvlgalvez@meralco.com.ph
2023-01-06 16:02:54,190 - INFO - <module> : input: v-lvlgalvez@meralco.com.ph
2023-01-06 16:02:54,644 - INFO - <module> : Clicked
2023-01-06 16:02:54,644 - INFO - <module> : Clicked
2023-01-06 16:02:54,644 - INFO - <module> : Clicked
2023-01-06 16:02:54,644 - INFO - <module> : Clicked
2023-01-06 16:02:56,131 - INFO - <module> : input: Mecopass@@!!123
2023-01-06 16:02:56,131 - INFO - <module> : input: Mecopass@@!!123
2023-01-06 16:02:56,131 - INFO - <module> : input: Mecopass@@!!123
2023-01-06 16:02:56,131 - INFO - <module> : input: Mecopass@@!!123
2023-01-06 16:02:57,113 - INFO - <module> : Clicked
2023-01-06 16:02:57,113 - INFO - <module> : Clicked
2023-01-06 16:02:57,113 - INFO - <module> : Clicked
2023-01-06 16:02:57,113 - INFO - <module> : Clicked
2023-01-06 16:02:58,327 - INFO - <module> : Clicked
2023-01-06 16:02:58,327 - INFO - <module> : Clicked
2023-01-06 16:02:58,327 - INFO - <module> : Clicked
2023-01-06 16:02:58,327 - INFO - <module> : Clicked
2023-01-06 16:03:35,902 - INFO - <module> : Clicked
2023-01-06 16:03:35,902 - INFO - <module> : Clicked
2023-01-06 16:03:35,902 - INFO - <module> : Clicked
2023-01-06 16:03:35,902 - INFO - <module> : Clicked
2023-01-06 16:03:47,331 - INFO - <module> : Clicked
2023-01-06 16:03:47,331 - INFO - <module> : Clicked
2023-01-06 16:03:47,331 - INFO - <module> : Clicked
2023-01-06 16:03:47,331 - INFO - <module> : Clicked
2023-01-06 16:03:48,424 - INFO - <module> : input: Search...22122252189
2023-01-06 16:03:48,424 - INFO - <module> : input: Search...22122252189
2023-01-06 16:03:48,424 - INFO - <module> : input: Search...22122252189
2023-01-06 16:03:48,424 - INFO - <module> : input: Search...22122252189
2023-01-06 16:03:48,478 - INFO - setup : Close Browser
