2022-11-18 15:04:06,400 - INFO - setup : Browser Launched!
2022-11-18 15:04:14,020 - INFO - <module> : Go to lower right of Internal Map
2022-11-18 15:04:14,020 - INFO - <module> : Go to lower right of Internal Map
2022-11-18 15:04:14,020 - INFO - <module> : Go to lower right of Internal Map
2022-11-18 15:04:14,020 - INFO - <module> : Go to lower right of Internal Map
2022-11-18 15:04:15,215 - INFO - <module> : Opened: https://outage-api.meralco.com.ph/
2022-11-18 15:04:15,215 - INFO - <module> : Opened: https://outage-api.meralco.com.ph/
2022-11-18 15:04:15,215 - INFO - <module> : Opened: https://outage-api.meralco.com.ph/
2022-11-18 15:04:15,215 - INFO - <module> : Opened: https://outage-api.meralco.com.ph/
2022-11-18 15:04:17,774 - INFO - <module> : input: v-agsealmoy@meralco.com.ph
2022-11-18 15:04:17,774 - INFO - <module> : input: v-agsealmoy@meralco.com.ph
2022-11-18 15:04:17,774 - INFO - <module> : input: v-agsealmoy@meralco.com.ph
2022-11-18 15:04:17,774 - INFO - <module> : input: v-agsealmoy@meralco.com.ph
2022-11-18 15:04:17,846 - INFO - <module> : Clicked
2022-11-18 15:04:17,846 - INFO - <module> : Clicked
2022-11-18 15:04:17,846 - INFO - <module> : Clicked
2022-11-18 15:04:17,846 - INFO - <module> : Clicked
2022-11-18 15:04:19,119 - INFO - <module> : input: Meco@@##00018
2022-11-18 15:04:19,119 - INFO - <module> : input: Meco@@##00018
2022-11-18 15:04:19,119 - INFO - <module> : input: Meco@@##00018
2022-11-18 15:04:19,119 - INFO - <module> : input: Meco@@##00018
2022-11-18 15:04:19,644 - INFO - <module> : Clicked
2022-11-18 15:04:19,644 - INFO - <module> : Clicked
2022-11-18 15:04:19,644 - INFO - <module> : Clicked
2022-11-18 15:04:19,644 - INFO - <module> : Clicked
2022-11-18 15:04:20,280 - INFO - <module> : Clicked
2022-11-18 15:04:20,280 - INFO - <module> : Clicked
2022-11-18 15:04:20,280 - INFO - <module> : Clicked
2022-11-18 15:04:20,280 - INFO - <module> : Clicked
2022-11-18 15:04:48,338 - INFO - <module> : Clicked
2022-11-18 15:04:48,338 - INFO - <module> : Clicked
2022-11-18 15:04:48,338 - INFO - <module> : Clicked
2022-11-18 15:04:48,338 - INFO - <module> : Clicked
2022-11-18 15:05:21,263 - INFO - <module> : Go to lower right of Internal Map
2022-11-18 15:05:21,263 - INFO - <module> : Go to lower right of Internal Map
2022-11-18 15:05:21,263 - INFO - <module> : Go to lower right of Internal Map
2022-11-18 15:05:21,263 - INFO - <module> : Go to lower right of Internal Map
2022-11-18 15:05:24,444 - INFO - <module> : Click Street View icon
2022-11-18 15:05:24,444 - INFO - <module> : Click Street View icon
2022-11-18 15:05:24,444 - INFO - <module> : Click Street View icon
2022-11-18 15:05:24,444 - INFO - <module> : Click Street View icon
2022-11-18 15:05:38,868 - INFO - <module> : Click X at the lower right
2022-11-18 15:05:38,868 - INFO - <module> : Click X at the lower right
2022-11-18 15:05:38,868 - INFO - <module> : Click X at the lower right
2022-11-18 15:05:38,868 - INFO - <module> : Click X at the lower right
2022-11-18 15:05:39,002 - INFO - <module> : Clicked
2022-11-18 15:05:39,002 - INFO - <module> : Clicked
2022-11-18 15:05:39,002 - INFO - <module> : Clicked
2022-11-18 15:05:39,002 - INFO - <module> : Clicked
2022-11-18 15:05:41,526 - INFO - setup : Close Browser
