2022-10-19 11:17:24,830 - INFO - setup : Browser Launched!
2022-10-19 11:17:38,297 - INFO - <module> : Go to https://fuat-meralco.cs73.force.com/customers/s/outagemap
2022-10-19 11:17:38,297 - INFO - <module> : Go to https://fuat-meralco.cs73.force.com/customers/s/outagemap
2022-10-19 11:17:38,297 - INFO - <module> : Go to https://fuat-meralco.cs73.force.com/customers/s/outagemap
2022-10-19 11:17:38,297 - INFO - <module> : Go to https://fuat-meralco.cs73.force.com/customers/s/outagemap
2022-10-19 11:17:44,845 - INFO - <module> : Opened: https://fuat-meralco.cs73.force.com/customers/s/outagemap
2022-10-19 11:17:44,845 - INFO - <module> : Opened: https://fuat-meralco.cs73.force.com/customers/s/outagemap
2022-10-19 11:17:44,845 - INFO - <module> : Opened: https://fuat-meralco.cs73.force.com/customers/s/outagemap
2022-10-19 11:17:44,845 - INFO - <module> : Opened: https://fuat-meralco.cs73.force.com/customers/s/outagemap
2022-10-19 11:17:51,294 - INFO - <module> : Click on Map Views button > Click Meralco Business Center under Map Layers
2022-10-19 11:17:51,294 - INFO - <module> : Click on Map Views button > Click Meralco Business Center under Map Layers
2022-10-19 11:17:51,294 - INFO - <module> : Click on Map Views button > Click Meralco Business Center under Map Layers
2022-10-19 11:17:51,294 - INFO - <module> : Click on Map Views button > Click Meralco Business Center under Map Layers
2022-10-19 11:17:51,521 - INFO - <module> : Meralco would like to access your location to identify if your area is affected by an outage. exists
2022-10-19 11:17:51,521 - INFO - <module> : Meralco would like to access your location to identify if your area is affected by an outage. exists
2022-10-19 11:17:51,521 - INFO - <module> : Meralco would like to access your location to identify if your area is affected by an outage. exists
2022-10-19 11:17:51,521 - INFO - <module> : Meralco would like to access your location to identify if your area is affected by an outage. exists
2022-10-19 11:17:51,819 - INFO - <module> : Clicked
2022-10-19 11:17:51,819 - INFO - <module> : Clicked
2022-10-19 11:17:51,819 - INFO - <module> : Clicked
2022-10-19 11:17:51,819 - INFO - <module> : Clicked
2022-10-19 11:17:56,098 - INFO - <module> : Clicked
2022-10-19 11:17:56,098 - INFO - <module> : Clicked
2022-10-19 11:17:56,098 - INFO - <module> : Clicked
2022-10-19 11:17:56,098 - INFO - <module> : Clicked
2022-10-19 11:17:58,848 - INFO - <module> : Clicked
2022-10-19 11:17:58,848 - INFO - <module> : Clicked
2022-10-19 11:17:58,848 - INFO - <module> : Clicked
2022-10-19 11:17:58,848 - INFO - <module> : Clicked
2022-10-19 11:18:07,981 - INFO - <module> : Click x
2022-10-19 11:18:07,981 - INFO - <module> : Click x
2022-10-19 11:18:07,981 - INFO - <module> : Click x
2022-10-19 11:18:07,981 - INFO - <module> : Click x
2022-10-19 11:18:08,271 - INFO - <module> : close clicked
2022-10-19 11:18:08,271 - INFO - <module> : close clicked
2022-10-19 11:18:08,271 - INFO - <module> : close clicked
2022-10-19 11:18:08,271 - INFO - <module> : close clicked
2022-10-19 11:18:26,292 - INFO - setup : Close Browser
