2023-01-04 15:08:25,861 - INFO - setup : Browser Launched!
2023-01-04 15:08:52,313 - INFO - <module> : Opened: https://fuat-meralco.cs73.force.com/customers/s/cxe-apply
2023-01-04 15:08:52,313 - INFO - <module> : Opened: https://fuat-meralco.cs73.force.com/customers/s/cxe-apply
2023-01-04 15:08:52,313 - INFO - <module> : Opened: https://fuat-meralco.cs73.force.com/customers/s/cxe-apply
2023-01-04 15:08:52,313 - INFO - <module> : Opened: https://fuat-meralco.cs73.force.com/customers/s/cxe-apply
2023-01-04 15:08:58,505 - INFO - <module> : Service Application exists
2023-01-04 15:08:58,505 - INFO - <module> : Service Application exists
2023-01-04 15:08:58,505 - INFO - <module> : Service Application exists
2023-01-04 15:08:58,505 - INFO - <module> : Service Application exists
2023-01-04 15:09:01,833 - INFO - <module> : Clicked
2023-01-04 15:09:01,833 - INFO - <module> : Clicked
2023-01-04 15:09:01,833 - INFO - <module> : Clicked
2023-01-04 15:09:01,833 - INFO - <module> : Clicked
2023-01-04 15:09:05,089 - INFO - <module> : Clicked
2023-01-04 15:09:05,089 - INFO - <module> : Clicked
2023-01-04 15:09:05,089 - INFO - <module> : Clicked
2023-01-04 15:09:05,089 - INFO - <module> : Clicked
2023-01-04 15:09:16,163 - INFO - <module> :  clicked
2023-01-04 15:09:16,163 - INFO - <module> :  clicked
2023-01-04 15:09:16,163 - INFO - <module> :  clicked
2023-01-04 15:09:16,163 - INFO - <module> :  clicked
2023-01-04 15:09:22,189 - INFO - <module> : input: automation1
2023-01-04 15:09:22,189 - INFO - <module> : input: automation1
2023-01-04 15:09:22,189 - INFO - <module> : input: automation1
2023-01-04 15:09:22,189 - INFO - <module> : input: automation1
2023-01-04 15:09:22,314 - INFO - <module> : input: +63945113252
2023-01-04 15:09:22,314 - INFO - <module> : input: +63945113252
2023-01-04 15:09:22,314 - INFO - <module> : input: +63945113252
2023-01-04 15:09:22,314 - INFO - <module> : input: +63945113252
2023-01-04 15:09:22,395 - INFO - <module> : input: automation5
2023-01-04 15:09:22,395 - INFO - <module> : input: automation5
2023-01-04 15:09:22,395 - INFO - <module> : input: automation5
2023-01-04 15:09:22,395 - INFO - <module> : input: automation5
2023-01-04 15:09:22,469 - INFO - <module> : input: automation6
2023-01-04 15:09:22,469 - INFO - <module> : input: automation6
2023-01-04 15:09:22,469 - INFO - <module> : input: automation6
2023-01-04 15:09:22,469 - INFO - <module> : input: automation6
2023-01-04 15:09:22,602 - INFO - <module> : input: automation2@yopmail.com
2023-01-04 15:09:22,602 - INFO - <module> : input: automation2@yopmail.com
2023-01-04 15:09:22,602 - INFO - <module> : input: automation2@yopmail.com
2023-01-04 15:09:22,602 - INFO - <module> : input: automation2@yopmail.com
2023-01-04 15:09:22,721 - INFO - <module> : input: +639234567891
2023-01-04 15:09:22,721 - INFO - <module> : input: +639234567891
2023-01-04 15:09:22,721 - INFO - <module> : input: +639234567891
2023-01-04 15:09:22,721 - INFO - <module> : input: +639234567891
2023-01-04 15:09:22,795 - INFO - <module> : input: manager
2023-01-04 15:09:22,795 - INFO - <module> : input: manager
2023-01-04 15:09:22,795 - INFO - <module> : input: manager
2023-01-04 15:09:22,795 - INFO - <module> : input: manager
2023-01-04 15:09:25,785 - INFO - <module> : Clicked
2023-01-04 15:09:25,785 - INFO - <module> : Clicked
2023-01-04 15:09:25,785 - INFO - <module> : Clicked
2023-01-04 15:09:25,785 - INFO - <module> : Clicked
2023-01-04 15:09:33,127 - INFO - setup : Close Browser
