2023-01-05 10:19:18,065 - INFO - setup : Browser Launched!
2023-01-05 10:19:26,343 - INFO - <module> : Opened: https://fuat-meralco.cs73.force.com/customers/s/cxe-apply
2023-01-05 10:19:26,343 - INFO - <module> : Opened: https://fuat-meralco.cs73.force.com/customers/s/cxe-apply
2023-01-05 10:19:26,343 - INFO - <module> : Opened: https://fuat-meralco.cs73.force.com/customers/s/cxe-apply
2023-01-05 10:19:26,343 - INFO - <module> : Opened: https://fuat-meralco.cs73.force.com/customers/s/cxe-apply
2023-01-05 10:19:26,530 - INFO - <module> : Service Application exists
2023-01-05 10:19:26,530 - INFO - <module> : Service Application exists
2023-01-05 10:19:26,530 - INFO - <module> : Service Application exists
2023-01-05 10:19:26,530 - INFO - <module> : Service Application exists
2023-01-05 10:19:29,502 - INFO - <module> : Click on Contractor
2023-01-05 10:19:29,502 - INFO - <module> : Click on Contractor
2023-01-05 10:19:29,502 - INFO - <module> : Click on Contractor
2023-01-05 10:19:29,502 - INFO - <module> : Click on Contractor
2023-01-05 10:19:29,586 - INFO - <module> : Clicked
2023-01-05 10:19:29,586 - INFO - <module> : Clicked
2023-01-05 10:19:29,586 - INFO - <module> : Clicked
2023-01-05 10:19:29,586 - INFO - <module> : Clicked
2023-01-05 10:19:29,628 - INFO - <module> : Start Service exists
2023-01-05 10:19:29,628 - INFO - <module> : Start Service exists
2023-01-05 10:19:29,628 - INFO - <module> : Start Service exists
2023-01-05 10:19:29,628 - INFO - <module> : Start Service exists
2023-01-05 10:19:29,676 - INFO - <module> : Modify Service exists
2023-01-05 10:19:29,676 - INFO - <module> : Modify Service exists
2023-01-05 10:19:29,676 - INFO - <module> : Modify Service exists
2023-01-05 10:19:29,676 - INFO - <module> : Modify Service exists
2023-01-05 10:19:29,721 - INFO - <module> : Reactivate Service exists
2023-01-05 10:19:29,721 - INFO - <module> : Reactivate Service exists
2023-01-05 10:19:29,721 - INFO - <module> : Reactivate Service exists
2023-01-05 10:19:29,721 - INFO - <module> : Reactivate Service exists
2023-01-05 10:19:29,767 - INFO - <module> : Stop Service exists
2023-01-05 10:19:29,767 - INFO - <module> : Stop Service exists
2023-01-05 10:19:29,767 - INFO - <module> : Stop Service exists
2023-01-05 10:19:29,767 - INFO - <module> : Stop Service exists
2023-01-05 10:19:32,580 - INFO - <module> : Click on Reactivate Service
2023-01-05 10:19:32,580 - INFO - <module> : Click on Reactivate Service
2023-01-05 10:19:32,580 - INFO - <module> : Click on Reactivate Service
2023-01-05 10:19:32,580 - INFO - <module> : Click on Reactivate Service
2023-01-05 10:19:33,696 - INFO - <module> : Clicked
2023-01-05 10:19:33,696 - INFO - <module> : Clicked
2023-01-05 10:19:33,696 - INFO - <module> : Clicked
2023-01-05 10:19:33,696 - INFO - <module> : Clicked
2023-01-05 10:19:33,743 - INFO - <module> : Reactivate a Service exists
2023-01-05 10:19:33,743 - INFO - <module> : Reactivate a Service exists
2023-01-05 10:19:33,743 - INFO - <module> : Reactivate a Service exists
2023-01-05 10:19:33,743 - INFO - <module> : Reactivate a Service exists
2023-01-05 10:19:36,612 - INFO - <module> : Populate the following:
First Name*
Last Name*
Business Name*
Email Address*
Mobile Number*
Relationship to Customer*
>Click Next
2023-01-05 10:19:36,612 - INFO - <module> : Populate the following:
First Name*
Last Name*
Business Name*
Email Address*
Mobile Number*
Relationship to Customer*
>Click Next
2023-01-05 10:19:36,612 - INFO - <module> : Populate the following:
First Name*
Last Name*
Business Name*
Email Address*
Mobile Number*
Relationship to Customer*
>Click Next
2023-01-05 10:19:36,612 - INFO - <module> : Populate the following:
First Name*
Last Name*
Business Name*
Email Address*
Mobile Number*
Relationship to Customer*
>Click Next
2023-01-05 10:19:36,712 - INFO - <module> : input: atFirstname
2023-01-05 10:19:36,712 - INFO - <module> : input: atFirstname
2023-01-05 10:19:36,712 - INFO - <module> : input: atFirstname
2023-01-05 10:19:36,712 - INFO - <module> : input: atFirstname
2023-01-05 10:19:36,787 - INFO - <module> : input: atLastname
2023-01-05 10:19:36,787 - INFO - <module> : input: atLastname
2023-01-05 10:19:36,787 - INFO - <module> : input: atLastname
2023-01-05 10:19:36,787 - INFO - <module> : input: atLastname
2023-01-05 10:19:36,871 - INFO - <module> : input: automationteam@gmail.com
2023-01-05 10:19:36,871 - INFO - <module> : input: automationteam@gmail.com
2023-01-05 10:19:36,871 - INFO - <module> : input: automationteam@gmail.com
2023-01-05 10:19:36,871 - INFO - <module> : input: automationteam@gmail.com
2023-01-05 10:19:36,953 - INFO - <module> : input: atcontbusinessName
2023-01-05 10:19:36,953 - INFO - <module> : input: atcontbusinessName
2023-01-05 10:19:36,953 - INFO - <module> : input: atcontbusinessName
2023-01-05 10:19:36,953 - INFO - <module> : input: atcontbusinessName
2023-01-05 10:19:37,034 - INFO - <module> : input: +639234567891
2023-01-05 10:19:37,034 - INFO - <module> : input: +639234567891
2023-01-05 10:19:37,034 - INFO - <module> : input: +639234567891
2023-01-05 10:19:37,034 - INFO - <module> : input: +639234567891
2023-01-05 10:19:39,311 - INFO - <module> : Clicked
2023-01-05 10:19:39,311 - INFO - <module> : Clicked
2023-01-05 10:19:39,311 - INFO - <module> : Clicked
2023-01-05 10:19:39,311 - INFO - <module> : Clicked
2023-01-05 10:19:39,366 - INFO - <module> : CUSTOMER INFO exists
2023-01-05 10:19:39,366 - INFO - <module> : CUSTOMER INFO exists
2023-01-05 10:19:39,366 - INFO - <module> : CUSTOMER INFO exists
2023-01-05 10:19:39,366 - INFO - <module> : CUSTOMER INFO exists
2023-01-05 10:19:42,177 - INFO - <module> : Validate if CAN field is visible and enabled
2023-01-05 10:19:42,177 - INFO - <module> : Validate if CAN field is visible and enabled
2023-01-05 10:19:42,177 - INFO - <module> : Validate if CAN field is visible and enabled
2023-01-05 10:19:42,177 - INFO - <module> : Validate if CAN field is visible and enabled
2023-01-05 10:19:42,255 - INFO - <module> :  exists
2023-01-05 10:19:42,255 - INFO - <module> :  exists
2023-01-05 10:19:42,255 - INFO - <module> :  exists
2023-01-05 10:19:42,255 - INFO - <module> :  exists
2023-01-05 10:19:45,081 - INFO - <module> : Populate Customer Account Number field
2023-01-05 10:19:45,081 - INFO - <module> : Populate Customer Account Number field
2023-01-05 10:19:45,081 - INFO - <module> : Populate Customer Account Number field
2023-01-05 10:19:45,081 - INFO - <module> : Populate Customer Account Number field
2023-01-05 10:19:45,208 - INFO - <module> : input: 3518724842
2023-01-05 10:19:45,208 - INFO - <module> : input: 3518724842
2023-01-05 10:19:45,208 - INFO - <module> : input: 3518724842
2023-01-05 10:19:45,208 - INFO - <module> : input: 3518724842
2023-01-05 10:19:48,077 - INFO - <module> : Populate Service ID Number 
2023-01-05 10:19:48,077 - INFO - <module> : Populate Service ID Number 
2023-01-05 10:19:48,077 - INFO - <module> : Populate Service ID Number 
2023-01-05 10:19:48,077 - INFO - <module> : Populate Service ID Number 
2023-01-05 10:19:48,190 - INFO - <module> : input: 501027710101
2023-01-05 10:19:48,190 - INFO - <module> : input: 501027710101
2023-01-05 10:19:48,190 - INFO - <module> : input: 501027710101
2023-01-05 10:19:48,190 - INFO - <module> : input: 501027710101
2023-01-05 10:19:50,997 - INFO - <module> : Populate the following field:
First Name*
Last Name*
Email address*
Mobile Number*
Landline (optional)
Birthday (optional)
> Click Next
2023-01-05 10:19:50,997 - INFO - <module> : Populate the following field:
First Name*
Last Name*
Email address*
Mobile Number*
Landline (optional)
Birthday (optional)
> Click Next
2023-01-05 10:19:50,997 - INFO - <module> : Populate the following field:
First Name*
Last Name*
Email address*
Mobile Number*
Landline (optional)
Birthday (optional)
> Click Next
2023-01-05 10:19:50,997 - INFO - <module> : Populate the following field:
First Name*
Last Name*
Email address*
Mobile Number*
Landline (optional)
Birthday (optional)
> Click Next
2023-01-05 10:19:51,109 - INFO - <module> : input: atFirstname
2023-01-05 10:19:51,109 - INFO - <module> : input: atFirstname
2023-01-05 10:19:51,109 - INFO - <module> : input: atFirstname
2023-01-05 10:19:51,109 - INFO - <module> : input: atFirstname
2023-01-05 10:19:51,187 - INFO - <module> : input: atLastname
2023-01-05 10:19:51,187 - INFO - <module> : input: atLastname
2023-01-05 10:19:51,187 - INFO - <module> : input: atLastname
2023-01-05 10:19:51,187 - INFO - <module> : input: atLastname
2023-01-05 10:19:51,271 - INFO - <module> : input: automationteam@gmail.com
2023-01-05 10:19:51,271 - INFO - <module> : input: automationteam@gmail.com
2023-01-05 10:19:51,271 - INFO - <module> : input: automationteam@gmail.com
2023-01-05 10:19:51,271 - INFO - <module> : input: automationteam@gmail.com
2023-01-05 10:19:51,368 - INFO - <module> : input: +639234567891
2023-01-05 10:19:51,368 - INFO - <module> : input: +639234567891
2023-01-05 10:19:51,368 - INFO - <module> : input: +639234567891
2023-01-05 10:19:51,368 - INFO - <module> : input: +639234567891
2023-01-05 10:19:53,715 - INFO - <module> : Clicked
2023-01-05 10:19:53,715 - INFO - <module> : Clicked
2023-01-05 10:19:53,715 - INFO - <module> : Clicked
2023-01-05 10:19:53,715 - INFO - <module> : Clicked
2023-01-05 10:19:53,755 - INFO - <module> : Where will the electric service be used? exists
2023-01-05 10:19:53,755 - INFO - <module> : Where will the electric service be used? exists
2023-01-05 10:19:53,755 - INFO - <module> : Where will the electric service be used? exists
2023-01-05 10:19:53,755 - INFO - <module> : Where will the electric service be used? exists
2023-01-05 10:19:56,678 - INFO - <module> : Populate the following:
Service Address
Province
City / Municipality
Home Ownership
Billing Address indicator
> Attach Documents
> Click Next
2023-01-05 10:19:56,678 - INFO - <module> : Populate the following:
Service Address
Province
City / Municipality
Home Ownership
Billing Address indicator
> Attach Documents
> Click Next
2023-01-05 10:19:56,678 - INFO - <module> : Populate the following:
Service Address
Province
City / Municipality
Home Ownership
Billing Address indicator
> Attach Documents
> Click Next
2023-01-05 10:19:56,678 - INFO - <module> : Populate the following:
Service Address
Province
City / Municipality
Home Ownership
Billing Address indicator
> Attach Documents
> Click Next
2023-01-05 10:19:56,784 - INFO - <module> : Clicked
2023-01-05 10:19:56,784 - INFO - <module> : Clicked
2023-01-05 10:19:56,784 - INFO - <module> : Clicked
2023-01-05 10:19:56,784 - INFO - <module> : Clicked
2023-01-05 10:19:56,843 - INFO - <module> : Clicked
2023-01-05 10:19:56,843 - INFO - <module> : Clicked
2023-01-05 10:19:56,843 - INFO - <module> : Clicked
2023-01-05 10:19:56,843 - INFO - <module> : Clicked
2023-01-05 10:19:56,864 - ERROR - <module> : element is disabled
2023-01-05 10:19:56,864 - ERROR - <module> : element is disabled
2023-01-05 10:19:56,864 - ERROR - <module> : element is disabled
2023-01-05 10:19:56,864 - ERROR - <module> : element is disabled
2023-01-05 10:19:56,949 - INFO - setup : Close Browser
