2023-01-09 16:12:23,446 - INFO - setup : Browser Launched!
2023-01-09 16:12:30,802 - INFO - <module> : Go to https://fuat-meralco.cs73.force.com/customers/s/cxe-apply
2023-01-09 16:12:30,802 - INFO - <module> : Go to https://fuat-meralco.cs73.force.com/customers/s/cxe-apply
2023-01-09 16:12:30,802 - INFO - <module> : Go to https://fuat-meralco.cs73.force.com/customers/s/cxe-apply
2023-01-09 16:12:30,802 - INFO - <module> : Go to https://fuat-meralco.cs73.force.com/customers/s/cxe-apply
2023-01-09 16:12:30,802 - INFO - <module> : Go to https://fuat-meralco.cs73.force.com/customers/s/cxe-apply
2023-01-09 16:12:32,379 - INFO - <module> : Opened: https://fuat-meralco.cs73.force.com/customers/s/cxe-apply
2023-01-09 16:12:32,379 - INFO - <module> : Opened: https://fuat-meralco.cs73.force.com/customers/s/cxe-apply
2023-01-09 16:12:32,379 - INFO - <module> : Opened: https://fuat-meralco.cs73.force.com/customers/s/cxe-apply
2023-01-09 16:12:32,379 - INFO - <module> : Opened: https://fuat-meralco.cs73.force.com/customers/s/cxe-apply
2023-01-09 16:12:32,379 - INFO - <module> : Opened: https://fuat-meralco.cs73.force.com/customers/s/cxe-apply
2023-01-09 16:12:32,529 - INFO - <module> : Service Application exists
2023-01-09 16:12:32,529 - INFO - <module> : Service Application exists
2023-01-09 16:12:32,529 - INFO - <module> : Service Application exists
2023-01-09 16:12:32,529 - INFO - <module> : Service Application exists
2023-01-09 16:12:32,529 - INFO - <module> : Service Application exists
2023-01-09 16:12:35,393 - INFO - <module> : Click on Business
2023-01-09 16:12:35,393 - INFO - <module> : Click on Business
2023-01-09 16:12:35,393 - INFO - <module> : Click on Business
2023-01-09 16:12:35,393 - INFO - <module> : Click on Business
2023-01-09 16:12:35,393 - INFO - <module> : Click on Business
2023-01-09 16:12:35,470 - INFO - <module> : Clicked
2023-01-09 16:12:35,470 - INFO - <module> : Clicked
2023-01-09 16:12:35,470 - INFO - <module> : Clicked
2023-01-09 16:12:35,470 - INFO - <module> : Clicked
2023-01-09 16:12:35,470 - INFO - <module> : Clicked
2023-01-09 16:12:35,508 - INFO - <module> : INDIVIDUAL
Are you applying for your home or microbusiness? Get started by clicking an option below. exists
2023-01-09 16:12:35,508 - INFO - <module> : INDIVIDUAL
Are you applying for your home or microbusiness? Get started by clicking an option below. exists
2023-01-09 16:12:35,508 - INFO - <module> : INDIVIDUAL
Are you applying for your home or microbusiness? Get started by clicking an option below. exists
2023-01-09 16:12:35,508 - INFO - <module> : INDIVIDUAL
Are you applying for your home or microbusiness? Get started by clicking an option below. exists
2023-01-09 16:12:35,508 - INFO - <module> : INDIVIDUAL
Are you applying for your home or microbusiness? Get started by clicking an option below. exists
2023-01-09 16:12:35,546 - INFO - <module> : Start Service exists
2023-01-09 16:12:35,546 - INFO - <module> : Start Service exists
2023-01-09 16:12:35,546 - INFO - <module> : Start Service exists
2023-01-09 16:12:35,546 - INFO - <module> : Start Service exists
2023-01-09 16:12:35,546 - INFO - <module> : Start Service exists
2023-01-09 16:12:35,570 - INFO - <module> : Start Service exists
2023-01-09 16:12:35,570 - INFO - <module> : Start Service exists
2023-01-09 16:12:35,570 - INFO - <module> : Start Service exists
2023-01-09 16:12:35,570 - INFO - <module> : Start Service exists
2023-01-09 16:12:35,570 - INFO - <module> : Start Service exists
2023-01-09 16:12:35,593 - INFO - <module> : Start Service exists
2023-01-09 16:12:35,593 - INFO - <module> : Start Service exists
2023-01-09 16:12:35,593 - INFO - <module> : Start Service exists
2023-01-09 16:12:35,593 - INFO - <module> : Start Service exists
2023-01-09 16:12:35,593 - INFO - <module> : Start Service exists
2023-01-09 16:12:38,461 - INFO - <module> : Click on Start a Service
2023-01-09 16:12:38,461 - INFO - <module> : Click on Start a Service
2023-01-09 16:12:38,461 - INFO - <module> : Click on Start a Service
2023-01-09 16:12:38,461 - INFO - <module> : Click on Start a Service
2023-01-09 16:12:38,461 - INFO - <module> : Click on Start a Service
2023-01-09 16:12:38,529 - INFO - <module> : Clicked
2023-01-09 16:12:38,529 - INFO - <module> : Clicked
2023-01-09 16:12:38,529 - INFO - <module> : Clicked
2023-01-09 16:12:38,529 - INFO - <module> : Clicked
2023-01-09 16:12:38,529 - INFO - <module> : Clicked
2023-01-09 16:12:41,426 - INFO - <module> : Click No
2023-01-09 16:12:41,426 - INFO - <module> : Click No
2023-01-09 16:12:41,426 - INFO - <module> : Click No
2023-01-09 16:12:41,426 - INFO - <module> : Click No
2023-01-09 16:12:41,426 - INFO - <module> : Click No
2023-01-09 16:12:41,656 - INFO - <module> : Clicked
2023-01-09 16:12:41,656 - INFO - <module> : Clicked
2023-01-09 16:12:41,656 - INFO - <module> : Clicked
2023-01-09 16:12:41,656 - INFO - <module> : Clicked
2023-01-09 16:12:41,656 - INFO - <module> : Clicked
2023-01-09 16:12:41,755 - INFO - <module> : Start a Service exists
2023-01-09 16:12:41,755 - INFO - <module> : Start a Service exists
2023-01-09 16:12:41,755 - INFO - <module> : Start a Service exists
2023-01-09 16:12:41,755 - INFO - <module> : Start a Service exists
2023-01-09 16:12:41,755 - INFO - <module> : Start a Service exists
2023-01-09 16:12:44,660 - INFO - <module> : Populate the following fields:
- Company Name
- Trade Name (Optional)
- Company Email Address (Optional)
- Company Landline
- First Name
- Last Name
- Email Address
- Mobile Number
- Designation

> Click Next
2023-01-09 16:12:44,660 - INFO - <module> : Populate the following fields:
- Company Name
- Trade Name (Optional)
- Company Email Address (Optional)
- Company Landline
- First Name
- Last Name
- Email Address
- Mobile Number
- Designation

> Click Next
2023-01-09 16:12:44,660 - INFO - <module> : Populate the following fields:
- Company Name
- Trade Name (Optional)
- Company Email Address (Optional)
- Company Landline
- First Name
- Last Name
- Email Address
- Mobile Number
- Designation

> Click Next
2023-01-09 16:12:44,660 - INFO - <module> : Populate the following fields:
- Company Name
- Trade Name (Optional)
- Company Email Address (Optional)
- Company Landline
- First Name
- Last Name
- Email Address
- Mobile Number
- Designation

> Click Next
2023-01-09 16:12:44,660 - INFO - <module> : Populate the following fields:
- Company Name
- Trade Name (Optional)
- Company Email Address (Optional)
- Company Landline
- First Name
- Last Name
- Email Address
- Mobile Number
- Designation

> Click Next
2023-01-09 16:12:44,759 - INFO - <module> : input: automation1
2023-01-09 16:12:44,759 - INFO - <module> : input: automation1
2023-01-09 16:12:44,759 - INFO - <module> : input: automation1
2023-01-09 16:12:44,759 - INFO - <module> : input: automation1
2023-01-09 16:12:44,759 - INFO - <module> : input: automation1
2023-01-09 16:12:44,833 - INFO - <module> : input: automation2
2023-01-09 16:12:44,833 - INFO - <module> : input: automation2
2023-01-09 16:12:44,833 - INFO - <module> : input: automation2
2023-01-09 16:12:44,833 - INFO - <module> : input: automation2
2023-01-09 16:12:44,833 - INFO - <module> : input: automation2
2023-01-09 16:12:44,871 - INFO - <module> : input: automation3
2023-01-09 16:12:44,871 - INFO - <module> : input: automation3
2023-01-09 16:12:44,871 - INFO - <module> : input: automation3
2023-01-09 16:12:44,871 - INFO - <module> : input: automation3
2023-01-09 16:12:44,871 - INFO - <module> : input: automation3
2023-01-09 16:12:44,936 - INFO - <module> : input: +63945113252
2023-01-09 16:12:44,936 - INFO - <module> : input: +63945113252
2023-01-09 16:12:44,936 - INFO - <module> : input: +63945113252
2023-01-09 16:12:44,936 - INFO - <module> : input: +63945113252
2023-01-09 16:12:44,936 - INFO - <module> : input: +63945113252
2023-01-09 16:12:45,004 - INFO - <module> : input: automation5
2023-01-09 16:12:45,004 - INFO - <module> : input: automation5
2023-01-09 16:12:45,004 - INFO - <module> : input: automation5
2023-01-09 16:12:45,004 - INFO - <module> : input: automation5
2023-01-09 16:12:45,004 - INFO - <module> : input: automation5
2023-01-09 16:12:45,078 - INFO - <module> : input: automation6
2023-01-09 16:12:45,078 - INFO - <module> : input: automation6
2023-01-09 16:12:45,078 - INFO - <module> : input: automation6
2023-01-09 16:12:45,078 - INFO - <module> : input: automation6
2023-01-09 16:12:45,078 - INFO - <module> : input: automation6
2023-01-09 16:12:45,152 - INFO - <module> : input: automation2@yopmail.com
2023-01-09 16:12:45,152 - INFO - <module> : input: automation2@yopmail.com
2023-01-09 16:12:45,152 - INFO - <module> : input: automation2@yopmail.com
2023-01-09 16:12:45,152 - INFO - <module> : input: automation2@yopmail.com
2023-01-09 16:12:45,152 - INFO - <module> : input: automation2@yopmail.com
2023-01-09 16:12:45,225 - INFO - <module> : input: +639234567891
2023-01-09 16:12:45,225 - INFO - <module> : input: +639234567891
2023-01-09 16:12:45,225 - INFO - <module> : input: +639234567891
2023-01-09 16:12:45,225 - INFO - <module> : input: +639234567891
2023-01-09 16:12:45,225 - INFO - <module> : input: +639234567891
2023-01-09 16:12:45,298 - INFO - <module> : input: manager
2023-01-09 16:12:45,298 - INFO - <module> : input: manager
2023-01-09 16:12:45,298 - INFO - <module> : input: manager
2023-01-09 16:12:45,298 - INFO - <module> : input: manager
2023-01-09 16:12:45,298 - INFO - <module> : input: manager
2023-01-09 16:12:47,590 - INFO - <module> : Clicked
2023-01-09 16:12:47,590 - INFO - <module> : Clicked
2023-01-09 16:12:47,590 - INFO - <module> : Clicked
2023-01-09 16:12:47,590 - INFO - <module> : Clicked
2023-01-09 16:12:47,590 - INFO - <module> : Clicked
2023-01-09 16:12:47,631 - INFO - <module> : 2NEW ADDRESS exists
2023-01-09 16:12:47,631 - INFO - <module> : 2NEW ADDRESS exists
2023-01-09 16:12:47,631 - INFO - <module> : 2NEW ADDRESS exists
2023-01-09 16:12:47,631 - INFO - <module> : 2NEW ADDRESS exists
2023-01-09 16:12:47,631 - INFO - <module> : 2NEW ADDRESS exists
2023-01-09 16:12:50,586 - INFO - <module> : Populate the following:
Service Address
Province
City / Municipality
Home Ownership
Billing Address Indicator

> Click Next
2023-01-09 16:12:50,586 - INFO - <module> : Populate the following:
Service Address
Province
City / Municipality
Home Ownership
Billing Address Indicator

> Click Next
2023-01-09 16:12:50,586 - INFO - <module> : Populate the following:
Service Address
Province
City / Municipality
Home Ownership
Billing Address Indicator

> Click Next
2023-01-09 16:12:50,586 - INFO - <module> : Populate the following:
Service Address
Province
City / Municipality
Home Ownership
Billing Address Indicator

> Click Next
2023-01-09 16:12:50,586 - INFO - <module> : Populate the following:
Service Address
Province
City / Municipality
Home Ownership
Billing Address Indicator

> Click Next
2023-01-09 16:12:50,687 - INFO - <module> : input: atsrviceadd
2023-01-09 16:12:50,687 - INFO - <module> : input: atsrviceadd
2023-01-09 16:12:50,687 - INFO - <module> : input: atsrviceadd
2023-01-09 16:12:50,687 - INFO - <module> : input: atsrviceadd
2023-01-09 16:12:50,687 - INFO - <module> : input: atsrviceadd
2023-01-09 16:12:50,746 - INFO - <module> : Clicked
2023-01-09 16:12:50,746 - INFO - <module> : Clicked
2023-01-09 16:12:50,746 - INFO - <module> : Clicked
2023-01-09 16:12:50,746 - INFO - <module> : Clicked
2023-01-09 16:12:50,746 - INFO - <module> : Clicked
2023-01-09 16:12:50,800 - INFO - <module> : Clicked
2023-01-09 16:12:50,800 - INFO - <module> : Clicked
2023-01-09 16:12:50,800 - INFO - <module> : Clicked
2023-01-09 16:12:50,800 - INFO - <module> : Clicked
2023-01-09 16:12:50,800 - INFO - <module> : Clicked
2023-01-09 16:12:50,879 - INFO - <module> : Clicked
2023-01-09 16:12:50,879 - INFO - <module> : Clicked
2023-01-09 16:12:50,879 - INFO - <module> : Clicked
2023-01-09 16:12:50,879 - INFO - <module> : Clicked
2023-01-09 16:12:50,879 - INFO - <module> : Clicked
2023-01-09 16:12:50,941 - INFO - <module> : Clicked
2023-01-09 16:12:50,941 - INFO - <module> : Clicked
2023-01-09 16:12:50,941 - INFO - <module> : Clicked
2023-01-09 16:12:50,941 - INFO - <module> : Clicked
2023-01-09 16:12:50,941 - INFO - <module> : Clicked
2023-01-09 16:12:51,031 - INFO - <module> : Clicked
2023-01-09 16:12:51,031 - INFO - <module> : Clicked
2023-01-09 16:12:51,031 - INFO - <module> : Clicked
2023-01-09 16:12:51,031 - INFO - <module> : Clicked
2023-01-09 16:12:51,031 - INFO - <module> : Clicked
2023-01-09 16:12:51,083 - INFO - <module> : Clicked
2023-01-09 16:12:51,083 - INFO - <module> : Clicked
2023-01-09 16:12:51,083 - INFO - <module> : Clicked
2023-01-09 16:12:51,083 - INFO - <module> : Clicked
2023-01-09 16:12:51,083 - INFO - <module> : Clicked
2023-01-09 16:12:53,275 - INFO - <module> : 3VALUE ADDED SERVICES exists
2023-01-09 16:12:53,275 - INFO - <module> : 3VALUE ADDED SERVICES exists
2023-01-09 16:12:53,275 - INFO - <module> : 3VALUE ADDED SERVICES exists
2023-01-09 16:12:53,275 - INFO - <module> : 3VALUE ADDED SERVICES exists
2023-01-09 16:12:53,275 - INFO - <module> : 3VALUE ADDED SERVICES exists
2023-01-09 16:12:56,254 - INFO - <module> : Clicked
2023-01-09 16:12:56,254 - INFO - <module> : Clicked
2023-01-09 16:12:56,254 - INFO - <module> : Clicked
2023-01-09 16:12:56,254 - INFO - <module> : Clicked
2023-01-09 16:12:56,254 - INFO - <module> : Clicked
2023-01-09 16:12:59,260 - INFO - <module> : Clicked
2023-01-09 16:12:59,260 - INFO - <module> : Clicked
2023-01-09 16:12:59,260 - INFO - <module> : Clicked
2023-01-09 16:12:59,260 - INFO - <module> : Clicked
2023-01-09 16:12:59,260 - INFO - <module> : Clicked
2023-01-09 16:13:22,235 - INFO - <module> : Submit exists
2023-01-09 16:13:22,235 - INFO - <module> : Submit exists
2023-01-09 16:13:22,235 - INFO - <module> : Submit exists
2023-01-09 16:13:22,235 - INFO - <module> : Submit exists
2023-01-09 16:13:22,235 - INFO - <module> : Submit exists
2023-01-09 16:13:25,191 - INFO - <module> : Clicked
2023-01-09 16:13:25,191 - INFO - <module> : Clicked
2023-01-09 16:13:25,191 - INFO - <module> : Clicked
2023-01-09 16:13:25,191 - INFO - <module> : Clicked
2023-01-09 16:13:25,191 - INFO - <module> : Clicked
2023-01-09 16:13:29,973 - INFO - <module> : Clicked
2023-01-09 16:13:29,973 - INFO - <module> : Clicked
2023-01-09 16:13:29,973 - INFO - <module> : Clicked
2023-01-09 16:13:29,973 - INFO - <module> : Clicked
2023-01-09 16:13:29,973 - INFO - <module> : Clicked
2023-01-09 16:13:32,196 - INFO - <module> : TC051 Passed
2023-01-09 16:13:32,196 - INFO - <module> : TC051 Passed
2023-01-09 16:13:32,196 - INFO - <module> : TC051 Passed
2023-01-09 16:13:32,196 - INFO - <module> : TC051 Passed
2023-01-09 16:13:32,196 - INFO - <module> : TC051 Passed
2023-01-09 16:13:32,263 - INFO - setup : Close Browser
