2022-11-22 13:44:53,401 - INFO - setup : Browser Launched!
2022-11-22 13:45:04,482 - INFO - <module> : Opened: https://fuat-meralco.cs73.force.com/customers/s/contact
2022-11-22 13:45:04,482 - INFO - <module> : Opened: https://fuat-meralco.cs73.force.com/customers/s/contact
2022-11-22 13:45:04,482 - INFO - <module> : Opened: https://fuat-meralco.cs73.force.com/customers/s/contact
2022-11-22 13:45:04,482 - INFO - <module> : Opened: https://fuat-meralco.cs73.force.com/customers/s/contact
2022-11-22 13:45:04,716 - INFO - <module> : Clicked
2022-11-22 13:45:04,716 - INFO - <module> : Clicked
2022-11-22 13:45:04,716 - INFO - <module> : Clicked
2022-11-22 13:45:04,716 - INFO - <module> : Clicked
2022-11-22 13:45:18,220 - INFO - <module> :  exists
2022-11-22 13:45:18,220 - INFO - <module> :  exists
2022-11-22 13:45:18,220 - INFO - <module> :  exists
2022-11-22 13:45:18,220 - INFO - <module> :  exists
2022-11-22 13:45:21,874 - INFO - <module> : input: automation
2022-11-22 13:45:21,874 - INFO - <module> : input: automation
2022-11-22 13:45:21,874 - INFO - <module> : input: automation
2022-11-22 13:45:21,874 - INFO - <module> : input: automation
2022-11-22 13:45:21,932 - INFO - <module> : input: outage
2022-11-22 13:45:21,932 - INFO - <module> : input: outage
2022-11-22 13:45:21,932 - INFO - <module> : input: outage
2022-11-22 13:45:21,932 - INFO - <module> : input: outage
2022-11-22 13:45:22,002 - INFO - <module> : input: atconcernsingle@yopmail.com
2022-11-22 13:45:22,002 - INFO - <module> : input: atconcernsingle@yopmail.com
2022-11-22 13:45:22,002 - INFO - <module> : input: atconcernsingle@yopmail.com
2022-11-22 13:45:22,002 - INFO - <module> : input: atconcernsingle@yopmail.com
2022-11-22 13:45:22,066 - INFO - <module> : input: +639758880795
2022-11-22 13:45:22,066 - INFO - <module> : input: +639758880795
2022-11-22 13:45:22,066 - INFO - <module> : input: +639758880795
2022-11-22 13:45:22,066 - INFO - <module> : input: +639758880795
2022-11-22 13:45:22,165 - INFO - <module> : input: Sample Remarks
2022-11-22 13:45:22,165 - INFO - <module> : input: Sample Remarks
2022-11-22 13:45:22,165 - INFO - <module> : input: Sample Remarks
2022-11-22 13:45:22,165 - INFO - <module> : input: Sample Remarks
2022-11-22 13:45:22,214 - INFO - <module> : input: Sample Remarks
2022-11-22 13:45:22,214 - INFO - <module> : input: Sample Remarks
2022-11-22 13:45:22,214 - INFO - <module> : input: Sample Remarks
2022-11-22 13:45:22,214 - INFO - <module> : input: Sample Remarks
2022-11-22 13:45:22,262 - INFO - <module> : Clicked
2022-11-22 13:45:22,262 - INFO - <module> : Clicked
2022-11-22 13:45:22,262 - INFO - <module> : Clicked
2022-11-22 13:45:22,262 - INFO - <module> : Clicked
2022-11-22 13:45:26,279 - INFO - setup : Close Browser
