2022-10-17 09:34:18,117 - INFO - setup : Browser Launched!
2022-10-17 09:34:33,607 - INFO - <module> : Go to https://fuat-meralco.cs73.force.com/customers/s/outagemap
2022-10-17 09:34:33,607 - INFO - <module> : Go to https://fuat-meralco.cs73.force.com/customers/s/outagemap
2022-10-17 09:34:33,607 - INFO - <module> : Go to https://fuat-meralco.cs73.force.com/customers/s/outagemap
2022-10-17 09:34:33,607 - INFO - <module> : Go to https://fuat-meralco.cs73.force.com/customers/s/outagemap
2022-10-17 09:34:38,140 - INFO - <module> : Opened: https://fuat-meralco.cs73.force.com/customers/s/outagemap
2022-10-17 09:34:38,140 - INFO - <module> : Opened: https://fuat-meralco.cs73.force.com/customers/s/outagemap
2022-10-17 09:34:38,140 - INFO - <module> : Opened: https://fuat-meralco.cs73.force.com/customers/s/outagemap
2022-10-17 09:34:38,140 - INFO - <module> : Opened: https://fuat-meralco.cs73.force.com/customers/s/outagemap
2022-10-17 09:34:41,418 - INFO - <module> : Validate View Outages by
2022-10-17 09:34:41,418 - INFO - <module> : Validate View Outages by
2022-10-17 09:34:41,418 - INFO - <module> : Validate View Outages by
2022-10-17 09:34:41,418 - INFO - <module> : Validate View Outages by
2022-10-17 09:34:41,594 - INFO - <module> : Meralco would like to access your location to identify if your area is affected by an outage. exists
2022-10-17 09:34:41,594 - INFO - <module> : Meralco would like to access your location to identify if your area is affected by an outage. exists
2022-10-17 09:34:41,594 - INFO - <module> : Meralco would like to access your location to identify if your area is affected by an outage. exists
2022-10-17 09:34:41,594 - INFO - <module> : Meralco would like to access your location to identify if your area is affected by an outage. exists
2022-10-17 09:34:42,141 - INFO - <module> : Agree clicked
2022-10-17 09:34:42,141 - INFO - <module> : Agree clicked
2022-10-17 09:34:42,141 - INFO - <module> : Agree clicked
2022-10-17 09:34:42,141 - INFO - <module> : Agree clicked
2022-10-17 09:34:49,120 - INFO - <module> : Tick Other Address
2022-10-17 09:34:49,120 - INFO - <module> : Tick Other Address
2022-10-17 09:34:49,120 - INFO - <module> : Tick Other Address
2022-10-17 09:34:49,120 - INFO - <module> : Tick Other Address
2022-10-17 09:34:49,260 - INFO - <module> :  clicked
2022-10-17 09:34:49,260 - INFO - <module> :  clicked
2022-10-17 09:34:49,260 - INFO - <module> :  clicked
2022-10-17 09:34:49,260 - INFO - <module> :  clicked
2022-10-17 09:34:52,312 - INFO - <module> : Tick Anywhere on the map
2022-10-17 09:34:52,312 - INFO - <module> : Tick Anywhere on the map
2022-10-17 09:34:52,312 - INFO - <module> : Tick Anywhere on the map
2022-10-17 09:34:52,312 - INFO - <module> : Tick Anywhere on the map
2022-10-17 09:34:52,385 - INFO - setup : Close Browser
