2023-01-12 12:47:00,686 - INFO - setup : Browser Launched!
2023-01-12 12:47:38,757 - INFO - <module> : Clicked
2023-01-12 12:47:38,757 - INFO - <module> : Clicked
2023-01-12 12:47:38,757 - INFO - <module> : Clicked
2023-01-12 12:47:38,757 - INFO - <module> : Clicked
2023-01-12 12:47:38,757 - INFO - <module> : Clicked
2023-01-12 12:47:45,530 - INFO - <module> : input: arcebido.earljohn@gmail.com
2023-01-12 12:47:45,530 - INFO - <module> : input: arcebido.earljohn@gmail.com
2023-01-12 12:47:45,530 - INFO - <module> : input: arcebido.earljohn@gmail.com
2023-01-12 12:47:45,530 - INFO - <module> : input: arcebido.earljohn@gmail.com
2023-01-12 12:47:45,530 - INFO - <module> : input: arcebido.earljohn@gmail.com
2023-01-12 12:47:46,838 - INFO - <module> : Clicked
2023-01-12 12:47:46,838 - INFO - <module> : Clicked
2023-01-12 12:47:46,838 - INFO - <module> : Clicked
2023-01-12 12:47:46,838 - INFO - <module> : Clicked
2023-01-12 12:47:46,838 - INFO - <module> : Clicked
2023-01-12 12:47:48,607 - INFO - <module> : input: Eja09202903164!
2023-01-12 12:47:48,607 - INFO - <module> : input: Eja09202903164!
2023-01-12 12:47:48,607 - INFO - <module> : input: Eja09202903164!
2023-01-12 12:47:48,607 - INFO - <module> : input: Eja09202903164!
2023-01-12 12:47:48,607 - INFO - <module> : input: Eja09202903164!
2023-01-12 12:47:48,746 - INFO - <module> : Clicked
2023-01-12 12:47:48,746 - INFO - <module> : Clicked
2023-01-12 12:47:48,746 - INFO - <module> : Clicked
2023-01-12 12:47:48,746 - INFO - <module> : Clicked
2023-01-12 12:47:48,746 - INFO - <module> : Clicked
2023-01-12 12:47:51,393 - INFO - setup : Close Browser
