2022-10-17 09:45:28,865 - INFO - setup : Browser Launched!
2022-10-17 09:45:35,880 - INFO - <module> : Go to https://fuat-meralco.cs73.force.com/customers/s/outagemap
2022-10-17 09:45:35,880 - INFO - <module> : Go to https://fuat-meralco.cs73.force.com/customers/s/outagemap
2022-10-17 09:45:35,880 - INFO - <module> : Go to https://fuat-meralco.cs73.force.com/customers/s/outagemap
2022-10-17 09:45:35,880 - INFO - <module> : Go to https://fuat-meralco.cs73.force.com/customers/s/outagemap
2022-10-17 09:45:38,771 - INFO - <module> : Opened: https://fuat-meralco.cs73.force.com/customers/s/outagemap
2022-10-17 09:45:38,771 - INFO - <module> : Opened: https://fuat-meralco.cs73.force.com/customers/s/outagemap
2022-10-17 09:45:38,771 - INFO - <module> : Opened: https://fuat-meralco.cs73.force.com/customers/s/outagemap
2022-10-17 09:45:38,771 - INFO - <module> : Opened: https://fuat-meralco.cs73.force.com/customers/s/outagemap
2022-10-17 09:45:42,423 - INFO - <module> : Validate View Outages by
2022-10-17 09:45:42,423 - INFO - <module> : Validate View Outages by
2022-10-17 09:45:42,423 - INFO - <module> : Validate View Outages by
2022-10-17 09:45:42,423 - INFO - <module> : Validate View Outages by
2022-10-17 09:45:44,092 - INFO - <module> : Meralco would like to access your location to identify if your area is affected by an outage. exists
2022-10-17 09:45:44,092 - INFO - <module> : Meralco would like to access your location to identify if your area is affected by an outage. exists
2022-10-17 09:45:44,092 - INFO - <module> : Meralco would like to access your location to identify if your area is affected by an outage. exists
2022-10-17 09:45:44,092 - INFO - <module> : Meralco would like to access your location to identify if your area is affected by an outage. exists
2022-10-17 09:45:44,186 - INFO - <module> : Agree clicked
2022-10-17 09:45:44,186 - INFO - <module> : Agree clicked
2022-10-17 09:45:44,186 - INFO - <module> : Agree clicked
2022-10-17 09:45:44,186 - INFO - <module> : Agree clicked
2022-10-17 09:45:51,083 - INFO - <module> : Tick Other Address
2022-10-17 09:45:51,083 - INFO - <module> : Tick Other Address
2022-10-17 09:45:51,083 - INFO - <module> : Tick Other Address
2022-10-17 09:45:51,083 - INFO - <module> : Tick Other Address
2022-10-17 09:45:51,204 - INFO - <module> :  clicked
2022-10-17 09:45:51,204 - INFO - <module> :  clicked
2022-10-17 09:45:51,204 - INFO - <module> :  clicked
2022-10-17 09:45:51,204 - INFO - <module> :  clicked
2022-10-17 09:45:54,120 - INFO - <module> : Tick Anywhere on the map
2022-10-17 09:45:54,120 - INFO - <module> : Tick Anywhere on the map
2022-10-17 09:45:54,120 - INFO - <module> : Tick Anywhere on the map
2022-10-17 09:45:54,120 - INFO - <module> : Tick Anywhere on the map
2022-10-17 09:45:56,978 - INFO - setup : Close Browser
