2022-10-19 15:25:30,495 - INFO - setup : Browser Launched!
2022-10-19 15:25:37,346 - INFO - <module> : Access outage reporting form for Guest users.
2022-10-19 15:25:37,346 - INFO - <module> : Access outage reporting form for Guest users.
2022-10-19 15:25:37,346 - INFO - <module> : Access outage reporting form for Guest users.
2022-10-19 15:25:37,346 - INFO - <module> : Access outage reporting form for Guest users.
2022-10-19 15:25:39,438 - INFO - <module> : Opened: https://fuat-meralco.cs73.force.com/customers/s/outagemap
2022-10-19 15:25:39,438 - INFO - <module> : Opened: https://fuat-meralco.cs73.force.com/customers/s/outagemap
2022-10-19 15:25:39,438 - INFO - <module> : Opened: https://fuat-meralco.cs73.force.com/customers/s/outagemap
2022-10-19 15:25:39,438 - INFO - <module> : Opened: https://fuat-meralco.cs73.force.com/customers/s/outagemap
2022-10-19 15:25:44,576 - INFO - <module> : Meralco would like to access your location to identify if your area is affected by an outage. exists
2022-10-19 15:25:44,576 - INFO - <module> : Meralco would like to access your location to identify if your area is affected by an outage. exists
2022-10-19 15:25:44,576 - INFO - <module> : Meralco would like to access your location to identify if your area is affected by an outage. exists
2022-10-19 15:25:44,576 - INFO - <module> : Meralco would like to access your location to identify if your area is affected by an outage. exists
2022-10-19 15:25:46,725 - INFO - <module> : Clicked
2022-10-19 15:25:46,725 - INFO - <module> : Clicked
2022-10-19 15:25:46,725 - INFO - <module> : Clicked
2022-10-19 15:25:46,725 - INFO - <module> : Clicked
2022-10-19 15:25:50,840 - INFO - <module> : Clicked
2022-10-19 15:25:50,840 - INFO - <module> : Clicked
2022-10-19 15:25:50,840 - INFO - <module> : Clicked
2022-10-19 15:25:50,840 - INFO - <module> : Clicked
2022-10-19 15:25:58,891 - INFO - <module> : Report an Outage or Incident exists
2022-10-19 15:25:58,891 - INFO - <module> : Report an Outage or Incident exists
2022-10-19 15:25:58,891 - INFO - <module> : Report an Outage or Incident exists
2022-10-19 15:25:58,891 - INFO - <module> : Report an Outage or Incident exists
2022-10-19 15:26:01,716 - INFO - <module> : Choose 'Streetlight Concern' from the 'What are you reporting?' option.
2022-10-19 15:26:01,716 - INFO - <module> : Choose 'Streetlight Concern' from the 'What are you reporting?' option.
2022-10-19 15:26:01,716 - INFO - <module> : Choose 'Streetlight Concern' from the 'What are you reporting?' option.
2022-10-19 15:26:01,716 - INFO - <module> : Choose 'Streetlight Concern' from the 'What are you reporting?' option.
2022-10-19 15:26:01,798 - INFO - <module> : Clicked
2022-10-19 15:26:01,798 - INFO - <module> : Clicked
2022-10-19 15:26:01,798 - INFO - <module> : Clicked
2022-10-19 15:26:01,798 - INFO - <module> : Clicked
2022-10-19 15:26:04,707 - INFO - <module> : Choose 'Yes' from the options.
2022-10-19 15:26:04,707 - INFO - <module> : Choose 'Yes' from the options.
2022-10-19 15:26:04,707 - INFO - <module> : Choose 'Yes' from the options.
2022-10-19 15:26:04,707 - INFO - <module> : Choose 'Yes' from the options.
2022-10-19 15:26:04,782 - INFO - <module> : Clicked
2022-10-19 15:26:04,782 - INFO - <module> : Clicked
2022-10-19 15:26:04,782 - INFO - <module> : Clicked
2022-10-19 15:26:04,782 - INFO - <module> : Clicked
2022-10-19 15:26:07,560 - INFO - <module> : Click the dropdown field for Q2.
2022-10-19 15:26:07,560 - INFO - <module> : Click the dropdown field for Q2.
2022-10-19 15:26:07,560 - INFO - <module> : Click the dropdown field for Q2.
2022-10-19 15:26:07,560 - INFO - <module> : Click the dropdown field for Q2.
2022-10-19 15:26:07,638 - INFO - <module> : Clicked
2022-10-19 15:26:07,638 - INFO - <module> : Clicked
2022-10-19 15:26:07,638 - INFO - <module> : Clicked
2022-10-19 15:26:07,638 - INFO - <module> : Clicked
2022-10-19 15:26:10,605 - INFO - <module> : Choose 'Streetlight is always on, even during daytime' from the option.
2022-10-19 15:26:10,605 - INFO - <module> : Choose 'Streetlight is always on, even during daytime' from the option.
2022-10-19 15:26:10,605 - INFO - <module> : Choose 'Streetlight is always on, even during daytime' from the option.
2022-10-19 15:26:10,605 - INFO - <module> : Choose 'Streetlight is always on, even during daytime' from the option.
2022-10-19 15:26:10,671 - INFO - <module> : Clicked
2022-10-19 15:26:10,671 - INFO - <module> : Clicked
2022-10-19 15:26:10,671 - INFO - <module> : Clicked
2022-10-19 15:26:10,671 - INFO - <module> : Clicked
2022-10-19 15:26:13,519 - INFO - <module> : Populate the following fields by selecting from one of the picklist values, as applicable:
- Province
- City/Municipality
- Barangay
- Subdivision
- Street
- House/Unit No./ Floor/ Building
2022-10-19 15:26:13,519 - INFO - <module> : Populate the following fields by selecting from one of the picklist values, as applicable:
- Province
- City/Municipality
- Barangay
- Subdivision
- Street
- House/Unit No./ Floor/ Building
2022-10-19 15:26:13,519 - INFO - <module> : Populate the following fields by selecting from one of the picklist values, as applicable:
- Province
- City/Municipality
- Barangay
- Subdivision
- Street
- House/Unit No./ Floor/ Building
2022-10-19 15:26:13,519 - INFO - <module> : Populate the following fields by selecting from one of the picklist values, as applicable:
- Province
- City/Municipality
- Barangay
- Subdivision
- Street
- House/Unit No./ Floor/ Building
2022-10-19 15:26:13,590 - INFO - <module> : Clicked
2022-10-19 15:26:13,590 - INFO - <module> : Clicked
2022-10-19 15:26:13,590 - INFO - <module> : Clicked
2022-10-19 15:26:13,590 - INFO - <module> : Clicked
2022-10-19 15:26:14,152 - INFO - <module> : Clicked
2022-10-19 15:26:14,152 - INFO - <module> : Clicked
2022-10-19 15:26:14,152 - INFO - <module> : Clicked
2022-10-19 15:26:14,152 - INFO - <module> : Clicked
2022-10-19 15:26:14,715 - INFO - <module> : Clicked
2022-10-19 15:26:14,715 - INFO - <module> : Clicked
2022-10-19 15:26:14,715 - INFO - <module> : Clicked
2022-10-19 15:26:14,715 - INFO - <module> : Clicked
2022-10-19 15:26:15,267 - INFO - <module> : Clicked
2022-10-19 15:26:15,267 - INFO - <module> : Clicked
2022-10-19 15:26:15,267 - INFO - <module> : Clicked
2022-10-19 15:26:15,267 - INFO - <module> : Clicked
2022-10-19 15:26:15,831 - INFO - <module> : Clicked
2022-10-19 15:26:15,831 - INFO - <module> : Clicked
2022-10-19 15:26:15,831 - INFO - <module> : Clicked
2022-10-19 15:26:15,831 - INFO - <module> : Clicked
2022-10-19 15:26:15,901 - INFO - <module> : input: 123
2022-10-19 15:26:15,901 - INFO - <module> : input: 123
2022-10-19 15:26:15,901 - INFO - <module> : input: 123
2022-10-19 15:26:15,901 - INFO - <module> : input: 123
2022-10-19 15:26:18,661 - INFO - <module> : Populate 'Pole Number' field.
Note: There should be no pending case associated to the encoded Pole Number.
2022-10-19 15:26:18,661 - INFO - <module> : Populate 'Pole Number' field.
Note: There should be no pending case associated to the encoded Pole Number.
2022-10-19 15:26:18,661 - INFO - <module> : Populate 'Pole Number' field.
Note: There should be no pending case associated to the encoded Pole Number.
2022-10-19 15:26:18,661 - INFO - <module> : Populate 'Pole Number' field.
Note: There should be no pending case associated to the encoded Pole Number.
2022-10-19 15:26:18,760 - INFO - <module> : input: 12
2022-10-19 15:26:18,760 - INFO - <module> : input: 12
2022-10-19 15:26:18,760 - INFO - <module> : input: 12
2022-10-19 15:26:18,760 - INFO - <module> : input: 12
2022-10-19 15:26:21,590 - INFO - <module> : Select the 'Landmarks/Directions' option and input values in the text box.
2022-10-19 15:26:21,590 - INFO - <module> : Select the 'Landmarks/Directions' option and input values in the text box.
2022-10-19 15:26:21,590 - INFO - <module> : Select the 'Landmarks/Directions' option and input values in the text box.
2022-10-19 15:26:21,590 - INFO - <module> : Select the 'Landmarks/Directions' option and input values in the text box.
2022-10-19 15:26:21,681 - INFO - <module> : Clicked
2022-10-19 15:26:21,681 - INFO - <module> : Clicked
2022-10-19 15:26:21,681 - INFO - <module> : Clicked
2022-10-19 15:26:21,681 - INFO - <module> : Clicked
2022-10-19 15:26:51,931 - ERROR - <module> : Cannot Locate: landmark_text
2022-10-19 15:26:51,931 - ERROR - <module> : Cannot Locate: landmark_text
2022-10-19 15:26:51,931 - ERROR - <module> : Cannot Locate: landmark_text
2022-10-19 15:26:51,931 - ERROR - <module> : Cannot Locate: landmark_text
2022-10-19 15:26:51,986 - INFO - setup : Close Browser
