2022-10-25 15:11:40,623 - INFO - setup : Browser Launched!
2022-10-25 15:11:55,122 - INFO - <module> : Go to Internal Map 
2022-10-25 15:11:55,122 - INFO - <module> : Go to Internal Map 
2022-10-25 15:11:55,122 - INFO - <module> : Go to Internal Map 
2022-10-25 15:11:55,122 - INFO - <module> : Go to Internal Map 
2022-10-25 15:11:56,471 - INFO - <module> : Opened: https://outage-api.meralco.com.ph/
2022-10-25 15:11:56,471 - INFO - <module> : Opened: https://outage-api.meralco.com.ph/
2022-10-25 15:11:56,471 - INFO - <module> : Opened: https://outage-api.meralco.com.ph/
2022-10-25 15:11:56,471 - INFO - <module> : Opened: https://outage-api.meralco.com.ph/
2022-10-25 15:11:59,667 - INFO - <module> : input: v-lvlgalvez@meralco.com.ph
2022-10-25 15:11:59,667 - INFO - <module> : input: v-lvlgalvez@meralco.com.ph
2022-10-25 15:11:59,667 - INFO - <module> : input: v-lvlgalvez@meralco.com.ph
2022-10-25 15:11:59,667 - INFO - <module> : input: v-lvlgalvez@meralco.com.ph
2022-10-25 15:11:59,833 - INFO - <module> : Clicked
2022-10-25 15:11:59,833 - INFO - <module> : Clicked
2022-10-25 15:11:59,833 - INFO - <module> : Clicked
2022-10-25 15:11:59,833 - INFO - <module> : Clicked
2022-10-25 15:12:01,136 - INFO - <module> : input: Mecopass@@!!129
2022-10-25 15:12:01,136 - INFO - <module> : input: Mecopass@@!!129
2022-10-25 15:12:01,136 - INFO - <module> : input: Mecopass@@!!129
2022-10-25 15:12:01,136 - INFO - <module> : input: Mecopass@@!!129
2022-10-25 15:12:01,908 - INFO - <module> : Clicked
2022-10-25 15:12:01,908 - INFO - <module> : Clicked
2022-10-25 15:12:01,908 - INFO - <module> : Clicked
2022-10-25 15:12:01,908 - INFO - <module> : Clicked
2022-10-25 15:12:02,671 - INFO - <module> : Clicked
2022-10-25 15:12:02,671 - INFO - <module> : Clicked
2022-10-25 15:12:02,671 - INFO - <module> : Clicked
2022-10-25 15:12:02,671 - INFO - <module> : Clicked
2022-10-25 15:12:31,540 - INFO - <module> : Clicked
2022-10-25 15:12:31,540 - INFO - <module> : Clicked
2022-10-25 15:12:31,540 - INFO - <module> : Clicked
2022-10-25 15:12:31,540 - INFO - <module> : Clicked
2022-10-25 15:13:02,290 - INFO - setup : Close Browser
