2023-01-10 10:55:19,588 - INFO - setup : Browser Launched!
2023-01-10 10:55:26,257 - INFO - <module> : Go to Outages & Incidents > Report Streetlight And Safety Concerns
2023-01-10 10:55:26,257 - INFO - <module> : Go to Outages & Incidents > Report Streetlight And Safety Concerns
2023-01-10 10:55:26,257 - INFO - <module> : Go to Outages & Incidents > Report Streetlight And Safety Concerns
2023-01-10 10:55:26,257 - INFO - <module> : Go to Outages & Incidents > Report Streetlight And Safety Concerns
2023-01-10 10:55:26,257 - INFO - <module> : Go to Outages & Incidents > Report Streetlight And Safety Concerns
2023-01-10 10:55:27,220 - INFO - <module> : Opened: https://fuat-meralco.cs73.force.com/customers/s/outagemap
2023-01-10 10:55:27,220 - INFO - <module> : Opened: https://fuat-meralco.cs73.force.com/customers/s/outagemap
2023-01-10 10:55:27,220 - INFO - <module> : Opened: https://fuat-meralco.cs73.force.com/customers/s/outagemap
2023-01-10 10:55:27,220 - INFO - <module> : Opened: https://fuat-meralco.cs73.force.com/customers/s/outagemap
2023-01-10 10:55:27,220 - INFO - <module> : Opened: https://fuat-meralco.cs73.force.com/customers/s/outagemap
2023-01-10 10:55:36,039 - INFO - <module> : Meralco would like to access your location to identify if your area is affected by an outage. exists
2023-01-10 10:55:36,039 - INFO - <module> : Meralco would like to access your location to identify if your area is affected by an outage. exists
2023-01-10 10:55:36,039 - INFO - <module> : Meralco would like to access your location to identify if your area is affected by an outage. exists
2023-01-10 10:55:36,039 - INFO - <module> : Meralco would like to access your location to identify if your area is affected by an outage. exists
2023-01-10 10:55:36,039 - INFO - <module> : Meralco would like to access your location to identify if your area is affected by an outage. exists
2023-01-10 10:55:38,390 - INFO - <module> : Clicked
2023-01-10 10:55:38,390 - INFO - <module> : Clicked
2023-01-10 10:55:38,390 - INFO - <module> : Clicked
2023-01-10 10:55:38,390 - INFO - <module> : Clicked
2023-01-10 10:55:38,390 - INFO - <module> : Clicked
2023-01-10 10:55:42,517 - INFO - <module> : Clicked
2023-01-10 10:55:42,517 - INFO - <module> : Clicked
2023-01-10 10:55:42,517 - INFO - <module> : Clicked
2023-01-10 10:55:42,517 - INFO - <module> : Clicked
2023-01-10 10:55:42,517 - INFO - <module> : Clicked
2023-01-10 10:55:50,589 - INFO - <module> : Report an Outage or Incident exists
2023-01-10 10:55:50,589 - INFO - <module> : Report an Outage or Incident exists
2023-01-10 10:55:50,589 - INFO - <module> : Report an Outage or Incident exists
2023-01-10 10:55:50,589 - INFO - <module> : Report an Outage or Incident exists
2023-01-10 10:55:50,589 - INFO - <module> : Report an Outage or Incident exists
2023-01-10 10:55:50,661 - INFO - <module> : Clicked
2023-01-10 10:55:50,661 - INFO - <module> : Clicked
2023-01-10 10:55:50,661 - INFO - <module> : Clicked
2023-01-10 10:55:50,661 - INFO - <module> : Clicked
2023-01-10 10:55:50,661 - INFO - <module> : Clicked
2023-01-10 10:55:53,773 - INFO - <module> : Populate required fields > click Submit
2023-01-10 10:55:53,773 - INFO - <module> : Populate required fields > click Submit
2023-01-10 10:55:53,773 - INFO - <module> : Populate required fields > click Submit
2023-01-10 10:55:53,773 - INFO - <module> : Populate required fields > click Submit
2023-01-10 10:55:53,773 - INFO - <module> : Populate required fields > click Submit
2023-01-10 10:55:53,858 - INFO - <module> : Clicked
2023-01-10 10:55:53,858 - INFO - <module> : Clicked
2023-01-10 10:55:53,858 - INFO - <module> : Clicked
2023-01-10 10:55:53,858 - INFO - <module> : Clicked
2023-01-10 10:55:53,858 - INFO - <module> : Clicked
2023-01-10 10:55:53,960 - INFO - <module> : input: Sample Text
2023-01-10 10:55:53,960 - INFO - <module> : input: Sample Text
2023-01-10 10:55:53,960 - INFO - <module> : input: Sample Text
2023-01-10 10:55:53,960 - INFO - <module> : input: Sample Text
2023-01-10 10:55:53,960 - INFO - <module> : input: Sample Text
2023-01-10 10:55:54,039 - INFO - <module> : input: sample
2023-01-10 10:55:54,039 - INFO - <module> : input: sample
2023-01-10 10:55:54,039 - INFO - <module> : input: sample
2023-01-10 10:55:54,039 - INFO - <module> : input: sample
2023-01-10 10:55:54,039 - INFO - <module> : input: sample
2023-01-10 10:55:54,117 - INFO - <module> : input: middle
2023-01-10 10:55:54,117 - INFO - <module> : input: middle
2023-01-10 10:55:54,117 - INFO - <module> : input: middle
2023-01-10 10:55:54,117 - INFO - <module> : input: middle
2023-01-10 10:55:54,117 - INFO - <module> : input: middle
2023-01-10 10:55:54,191 - INFO - <module> : input: report
2023-01-10 10:55:54,191 - INFO - <module> : input: report
2023-01-10 10:55:54,191 - INFO - <module> : input: report
2023-01-10 10:55:54,191 - INFO - <module> : input: report
2023-01-10 10:55:54,191 - INFO - <module> : input: report
2023-01-10 10:55:54,273 - INFO - <module> : input: +639276597262
2023-01-10 10:55:54,273 - INFO - <module> : input: +639276597262
2023-01-10 10:55:54,273 - INFO - <module> : input: +639276597262
2023-01-10 10:55:54,273 - INFO - <module> : input: +639276597262
2023-01-10 10:55:54,273 - INFO - <module> : input: +639276597262
2023-01-10 10:55:54,342 - INFO - <module> : input: 
2023-01-10 10:55:54,342 - INFO - <module> : input: 
2023-01-10 10:55:54,342 - INFO - <module> : input: 
2023-01-10 10:55:54,342 - INFO - <module> : input: 
2023-01-10 10:55:54,342 - INFO - <module> : input: 
2023-01-10 10:55:54,438 - INFO - <module> : input: testautomationoutage@yopmail.com
2023-01-10 10:55:54,438 - INFO - <module> : input: testautomationoutage@yopmail.com
2023-01-10 10:55:54,438 - INFO - <module> : input: testautomationoutage@yopmail.com
2023-01-10 10:55:54,438 - INFO - <module> : input: testautomationoutage@yopmail.com
2023-01-10 10:55:54,438 - INFO - <module> : input: testautomationoutage@yopmail.com
2023-01-10 10:55:54,509 - INFO - <module> : Clicked
2023-01-10 10:55:54,509 - INFO - <module> : Clicked
2023-01-10 10:55:54,509 - INFO - <module> : Clicked
2023-01-10 10:55:54,509 - INFO - <module> : Clicked
2023-01-10 10:55:54,509 - INFO - <module> : Clicked
2023-01-10 10:55:54,582 - INFO - <module> : Clicked
2023-01-10 10:55:54,582 - INFO - <module> : Clicked
2023-01-10 10:55:54,582 - INFO - <module> : Clicked
2023-01-10 10:55:54,582 - INFO - <module> : Clicked
2023-01-10 10:55:54,582 - INFO - <module> : Clicked
2023-01-10 10:55:54,641 - INFO - <module> : Clicked
2023-01-10 10:55:54,641 - INFO - <module> : Clicked
2023-01-10 10:55:54,641 - INFO - <module> : Clicked
2023-01-10 10:55:54,641 - INFO - <module> : Clicked
2023-01-10 10:55:54,641 - INFO - <module> : Clicked
2023-01-10 10:55:54,705 - INFO - <module> : Clicked
2023-01-10 10:55:54,705 - INFO - <module> : Clicked
2023-01-10 10:55:54,705 - INFO - <module> : Clicked
2023-01-10 10:55:54,705 - INFO - <module> : Clicked
2023-01-10 10:55:54,705 - INFO - <module> : Clicked
2023-01-10 10:55:56,934 - INFO - setup : Close Browser
