2022-10-19 15:32:34,408 - INFO - setup : Browser Launched!
2022-10-19 15:32:42,470 - INFO - <module> : Access outage reporting form for Guest users.
2022-10-19 15:32:42,470 - INFO - <module> : Access outage reporting form for Guest users.
2022-10-19 15:32:42,470 - INFO - <module> : Access outage reporting form for Guest users.
2022-10-19 15:32:42,470 - INFO - <module> : Access outage reporting form for Guest users.
2022-10-19 15:32:46,834 - INFO - <module> : Opened: https://fuat-meralco.cs73.force.com/customers/s/outagemap
2022-10-19 15:32:46,834 - INFO - <module> : Opened: https://fuat-meralco.cs73.force.com/customers/s/outagemap
2022-10-19 15:32:46,834 - INFO - <module> : Opened: https://fuat-meralco.cs73.force.com/customers/s/outagemap
2022-10-19 15:32:46,834 - INFO - <module> : Opened: https://fuat-meralco.cs73.force.com/customers/s/outagemap
2022-10-19 15:32:50,442 - INFO - <module> : Meralco would like to access your location to identify if your area is affected by an outage. exists
2022-10-19 15:32:50,442 - INFO - <module> : Meralco would like to access your location to identify if your area is affected by an outage. exists
2022-10-19 15:32:50,442 - INFO - <module> : Meralco would like to access your location to identify if your area is affected by an outage. exists
2022-10-19 15:32:50,442 - INFO - <module> : Meralco would like to access your location to identify if your area is affected by an outage. exists
2022-10-19 15:32:52,539 - INFO - <module> : Clicked
2022-10-19 15:32:52,539 - INFO - <module> : Clicked
2022-10-19 15:32:52,539 - INFO - <module> : Clicked
2022-10-19 15:32:52,539 - INFO - <module> : Clicked
2022-10-19 15:32:56,659 - INFO - <module> : Clicked
2022-10-19 15:32:56,659 - INFO - <module> : Clicked
2022-10-19 15:32:56,659 - INFO - <module> : Clicked
2022-10-19 15:32:56,659 - INFO - <module> : Clicked
2022-10-19 15:33:04,769 - INFO - <module> : Report an Outage or Incident exists
2022-10-19 15:33:04,769 - INFO - <module> : Report an Outage or Incident exists
2022-10-19 15:33:04,769 - INFO - <module> : Report an Outage or Incident exists
2022-10-19 15:33:04,769 - INFO - <module> : Report an Outage or Incident exists
2022-10-19 15:33:07,687 - INFO - <module> : Choose 'Streetlight Concern' from the 'What are you reporting?' option.
2022-10-19 15:33:07,687 - INFO - <module> : Choose 'Streetlight Concern' from the 'What are you reporting?' option.
2022-10-19 15:33:07,687 - INFO - <module> : Choose 'Streetlight Concern' from the 'What are you reporting?' option.
2022-10-19 15:33:07,687 - INFO - <module> : Choose 'Streetlight Concern' from the 'What are you reporting?' option.
2022-10-19 15:33:07,767 - INFO - <module> : Clicked
2022-10-19 15:33:07,767 - INFO - <module> : Clicked
2022-10-19 15:33:07,767 - INFO - <module> : Clicked
2022-10-19 15:33:07,767 - INFO - <module> : Clicked
2022-10-19 15:33:10,947 - INFO - <module> : Choose 'Yes' from the options.
2022-10-19 15:33:10,947 - INFO - <module> : Choose 'Yes' from the options.
2022-10-19 15:33:10,947 - INFO - <module> : Choose 'Yes' from the options.
2022-10-19 15:33:10,947 - INFO - <module> : Choose 'Yes' from the options.
2022-10-19 15:33:11,029 - INFO - <module> : Clicked
2022-10-19 15:33:11,029 - INFO - <module> : Clicked
2022-10-19 15:33:11,029 - INFO - <module> : Clicked
2022-10-19 15:33:11,029 - INFO - <module> : Clicked
2022-10-19 15:33:13,943 - INFO - <module> : Click the dropdown field for Q2.
2022-10-19 15:33:13,943 - INFO - <module> : Click the dropdown field for Q2.
2022-10-19 15:33:13,943 - INFO - <module> : Click the dropdown field for Q2.
2022-10-19 15:33:13,943 - INFO - <module> : Click the dropdown field for Q2.
2022-10-19 15:33:14,022 - INFO - <module> : Clicked
2022-10-19 15:33:14,022 - INFO - <module> : Clicked
2022-10-19 15:33:14,022 - INFO - <module> : Clicked
2022-10-19 15:33:14,022 - INFO - <module> : Clicked
2022-10-19 15:33:17,250 - INFO - <module> : Choose 'Streetlight is always on, even during daytime' from the option.
2022-10-19 15:33:17,250 - INFO - <module> : Choose 'Streetlight is always on, even during daytime' from the option.
2022-10-19 15:33:17,250 - INFO - <module> : Choose 'Streetlight is always on, even during daytime' from the option.
2022-10-19 15:33:17,250 - INFO - <module> : Choose 'Streetlight is always on, even during daytime' from the option.
2022-10-19 15:33:17,323 - INFO - <module> : Clicked
2022-10-19 15:33:17,323 - INFO - <module> : Clicked
2022-10-19 15:33:17,323 - INFO - <module> : Clicked
2022-10-19 15:33:17,323 - INFO - <module> : Clicked
2022-10-19 15:33:20,268 - INFO - <module> : Populate the following fields by selecting from one of the picklist values, as applicable:
- Province
- City/Municipality
- Barangay
- Subdivision
- Street
- House/Unit No./ Floor/ Building
2022-10-19 15:33:20,268 - INFO - <module> : Populate the following fields by selecting from one of the picklist values, as applicable:
- Province
- City/Municipality
- Barangay
- Subdivision
- Street
- House/Unit No./ Floor/ Building
2022-10-19 15:33:20,268 - INFO - <module> : Populate the following fields by selecting from one of the picklist values, as applicable:
- Province
- City/Municipality
- Barangay
- Subdivision
- Street
- House/Unit No./ Floor/ Building
2022-10-19 15:33:20,268 - INFO - <module> : Populate the following fields by selecting from one of the picklist values, as applicable:
- Province
- City/Municipality
- Barangay
- Subdivision
- Street
- House/Unit No./ Floor/ Building
2022-10-19 15:33:20,345 - INFO - <module> : Clicked
2022-10-19 15:33:20,345 - INFO - <module> : Clicked
2022-10-19 15:33:20,345 - INFO - <module> : Clicked
2022-10-19 15:33:20,345 - INFO - <module> : Clicked
2022-10-19 15:33:20,912 - INFO - <module> : Clicked
2022-10-19 15:33:20,912 - INFO - <module> : Clicked
2022-10-19 15:33:20,912 - INFO - <module> : Clicked
2022-10-19 15:33:20,912 - INFO - <module> : Clicked
2022-10-19 15:33:21,476 - INFO - <module> : Clicked
2022-10-19 15:33:21,476 - INFO - <module> : Clicked
2022-10-19 15:33:21,476 - INFO - <module> : Clicked
2022-10-19 15:33:21,476 - INFO - <module> : Clicked
2022-10-19 15:33:22,061 - INFO - <module> : Clicked
2022-10-19 15:33:22,061 - INFO - <module> : Clicked
2022-10-19 15:33:22,061 - INFO - <module> : Clicked
2022-10-19 15:33:22,061 - INFO - <module> : Clicked
2022-10-19 15:33:47,370 - INFO - setup : Close Browser
