2022-10-21 12:59:11,313 - INFO - setup : Browser Launched!
2022-10-21 12:59:28,494 - INFO - <module> : Access outage reporting form for Guest users.
2022-10-21 12:59:28,494 - INFO - <module> : Access outage reporting form for Guest users.
2022-10-21 12:59:28,494 - INFO - <module> : Access outage reporting form for Guest users.
2022-10-21 12:59:28,494 - INFO - <module> : Access outage reporting form for Guest users.
2022-10-21 12:59:34,969 - INFO - <module> : Opened: https://fuat-meralco.cs73.force.com/customers/s/outagemap
2022-10-21 12:59:34,969 - INFO - <module> : Opened: https://fuat-meralco.cs73.force.com/customers/s/outagemap
2022-10-21 12:59:34,969 - INFO - <module> : Opened: https://fuat-meralco.cs73.force.com/customers/s/outagemap
2022-10-21 12:59:34,969 - INFO - <module> : Opened: https://fuat-meralco.cs73.force.com/customers/s/outagemap
2022-10-21 12:59:37,944 - INFO - <module> : Meralco would like to access your location to identify if your area is affected by an outage. exists
2022-10-21 12:59:37,944 - INFO - <module> : Meralco would like to access your location to identify if your area is affected by an outage. exists
2022-10-21 12:59:37,944 - INFO - <module> : Meralco would like to access your location to identify if your area is affected by an outage. exists
2022-10-21 12:59:37,944 - INFO - <module> : Meralco would like to access your location to identify if your area is affected by an outage. exists
2022-10-21 12:59:40,224 - INFO - <module> : Clicked
2022-10-21 12:59:40,224 - INFO - <module> : Clicked
2022-10-21 12:59:40,224 - INFO - <module> : Clicked
2022-10-21 12:59:40,224 - INFO - <module> : Clicked
2022-10-21 12:59:44,474 - INFO - <module> : Clicked
2022-10-21 12:59:44,474 - INFO - <module> : Clicked
2022-10-21 12:59:44,474 - INFO - <module> : Clicked
2022-10-21 12:59:44,474 - INFO - <module> : Clicked
2022-10-21 12:59:52,597 - INFO - <module> : Report an Outage or Incident exists
2022-10-21 12:59:52,597 - INFO - <module> : Report an Outage or Incident exists
2022-10-21 12:59:52,597 - INFO - <module> : Report an Outage or Incident exists
2022-10-21 12:59:52,597 - INFO - <module> : Report an Outage or Incident exists
2022-10-21 12:59:58,498 - INFO - <module> : Choose 'No Power - My house/building ' from the 'What are you reporting?' option.
2022-10-21 12:59:58,498 - INFO - <module> : Choose 'No Power - My house/building ' from the 'What are you reporting?' option.
2022-10-21 12:59:58,498 - INFO - <module> : Choose 'No Power - My house/building ' from the 'What are you reporting?' option.
2022-10-21 12:59:58,498 - INFO - <module> : Choose 'No Power - My house/building ' from the 'What are you reporting?' option.
2022-10-21 12:59:58,811 - INFO - <module> : Clicked
2022-10-21 12:59:58,811 - INFO - <module> : Clicked
2022-10-21 12:59:58,811 - INFO - <module> : Clicked
2022-10-21 12:59:58,811 - INFO - <module> : Clicked
2022-10-21 13:00:04,505 - INFO - <module> : Click the dropdown field for Q1.
2022-10-21 13:00:04,505 - INFO - <module> : Click the dropdown field for Q1.
2022-10-21 13:00:04,505 - INFO - <module> : Click the dropdown field for Q1.
2022-10-21 13:00:04,505 - INFO - <module> : Click the dropdown field for Q1.
2022-10-21 13:00:04,901 - INFO - <module> : Clicked
2022-10-21 13:00:04,901 - INFO - <module> : Clicked
2022-10-21 13:00:04,901 - INFO - <module> : Clicked
2022-10-21 13:00:04,901 - INFO - <module> : Clicked
2022-10-21 13:00:10,718 - INFO - <module> : Choose 'None' from the option.
2022-10-21 13:00:10,718 - INFO - <module> : Choose 'None' from the option.
2022-10-21 13:00:10,718 - INFO - <module> : Choose 'None' from the option.
2022-10-21 13:00:10,718 - INFO - <module> : Choose 'None' from the option.
2022-10-21 13:00:10,959 - INFO - <module> : Clicked
2022-10-21 13:00:10,959 - INFO - <module> : Clicked
2022-10-21 13:00:10,959 - INFO - <module> : Clicked
2022-10-21 13:00:10,959 - INFO - <module> : Clicked
2022-10-21 13:00:16,857 - INFO - <module> : Input the SIN with no pending No Power case but with pending incident in ADMS under the 'Where is your concern located?' section.
2022-10-21 13:00:16,857 - INFO - <module> : Input the SIN with no pending No Power case but with pending incident in ADMS under the 'Where is your concern located?' section.
2022-10-21 13:00:16,857 - INFO - <module> : Input the SIN with no pending No Power case but with pending incident in ADMS under the 'Where is your concern located?' section.
2022-10-21 13:00:16,857 - INFO - <module> : Input the SIN with no pending No Power case but with pending incident in ADMS under the 'Where is your concern located?' section.
2022-10-21 13:00:17,194 - INFO - <module> : Clicked
2022-10-21 13:00:17,194 - INFO - <module> : Clicked
2022-10-21 13:00:17,194 - INFO - <module> : Clicked
2022-10-21 13:00:17,194 - INFO - <module> : Clicked
2022-10-21 13:00:17,493 - INFO - <module> : input: 100004470101
2022-10-21 13:00:17,493 - INFO - <module> : input: 100004470101
2022-10-21 13:00:17,493 - INFO - <module> : input: 100004470101
2022-10-21 13:00:17,493 - INFO - <module> : input: 100004470101
2022-10-21 13:00:17,640 - INFO - <module> : Clicked
2022-10-21 13:00:17,640 - INFO - <module> : Clicked
2022-10-21 13:00:17,640 - INFO - <module> : Clicked
2022-10-21 13:00:17,640 - INFO - <module> : Clicked
2022-10-21 13:00:23,289 - INFO - <module> : Select No.
2022-10-21 13:00:23,289 - INFO - <module> : Select No.
2022-10-21 13:00:23,289 - INFO - <module> : Select No.
2022-10-21 13:00:23,289 - INFO - <module> : Select No.
2022-10-21 13:00:29,209 - INFO - <module> : Access outage reporting form for Guest users.
2022-10-21 13:00:29,209 - INFO - <module> : Access outage reporting form for Guest users.
2022-10-21 13:00:29,209 - INFO - <module> : Access outage reporting form for Guest users.
2022-10-21 13:00:29,209 - INFO - <module> : Access outage reporting form for Guest users.
2022-10-21 13:00:31,226 - INFO - <module> : Opened: https://fuat-meralco.cs73.force.com/customers/s/outagemap
2022-10-21 13:00:31,226 - INFO - <module> : Opened: https://fuat-meralco.cs73.force.com/customers/s/outagemap
2022-10-21 13:00:31,226 - INFO - <module> : Opened: https://fuat-meralco.cs73.force.com/customers/s/outagemap
2022-10-21 13:00:31,226 - INFO - <module> : Opened: https://fuat-meralco.cs73.force.com/customers/s/outagemap
2022-10-21 13:00:36,624 - INFO - <module> : Meralco would like to access your location to identify if your area is affected by an outage. exists
2022-10-21 13:00:36,624 - INFO - <module> : Meralco would like to access your location to identify if your area is affected by an outage. exists
2022-10-21 13:00:36,624 - INFO - <module> : Meralco would like to access your location to identify if your area is affected by an outage. exists
2022-10-21 13:00:36,624 - INFO - <module> : Meralco would like to access your location to identify if your area is affected by an outage. exists
2022-10-21 13:00:38,912 - INFO - <module> : Clicked
2022-10-21 13:00:38,912 - INFO - <module> : Clicked
2022-10-21 13:00:38,912 - INFO - <module> : Clicked
2022-10-21 13:00:38,912 - INFO - <module> : Clicked
2022-10-21 13:00:43,126 - INFO - <module> : Clicked
2022-10-21 13:00:43,126 - INFO - <module> : Clicked
2022-10-21 13:00:43,126 - INFO - <module> : Clicked
2022-10-21 13:00:43,126 - INFO - <module> : Clicked
2022-10-21 13:00:51,249 - INFO - <module> : Report an Outage or Incident exists
2022-10-21 13:00:51,249 - INFO - <module> : Report an Outage or Incident exists
2022-10-21 13:00:51,249 - INFO - <module> : Report an Outage or Incident exists
2022-10-21 13:00:51,249 - INFO - <module> : Report an Outage or Incident exists
2022-10-21 13:00:57,182 - INFO - <module> : Choose 'No Power - My house/building ' from the 'What are you reporting?' option.
2022-10-21 13:00:57,182 - INFO - <module> : Choose 'No Power - My house/building ' from the 'What are you reporting?' option.
2022-10-21 13:00:57,182 - INFO - <module> : Choose 'No Power - My house/building ' from the 'What are you reporting?' option.
2022-10-21 13:00:57,182 - INFO - <module> : Choose 'No Power - My house/building ' from the 'What are you reporting?' option.
2022-10-21 13:00:57,509 - INFO - <module> : Clicked
2022-10-21 13:00:57,509 - INFO - <module> : Clicked
2022-10-21 13:00:57,509 - INFO - <module> : Clicked
2022-10-21 13:00:57,509 - INFO - <module> : Clicked
2022-10-21 13:01:03,390 - INFO - <module> : Click the dropdown field for Q1.
2022-10-21 13:01:03,390 - INFO - <module> : Click the dropdown field for Q1.
2022-10-21 13:01:03,390 - INFO - <module> : Click the dropdown field for Q1.
2022-10-21 13:01:03,390 - INFO - <module> : Click the dropdown field for Q1.
2022-10-21 13:01:03,722 - INFO - <module> : Clicked
2022-10-21 13:01:03,722 - INFO - <module> : Clicked
2022-10-21 13:01:03,722 - INFO - <module> : Clicked
2022-10-21 13:01:03,722 - INFO - <module> : Clicked
2022-10-21 13:01:09,349 - INFO - <module> : Choose 'None' from the option.
2022-10-21 13:01:09,349 - INFO - <module> : Choose 'None' from the option.
2022-10-21 13:01:09,349 - INFO - <module> : Choose 'None' from the option.
2022-10-21 13:01:09,349 - INFO - <module> : Choose 'None' from the option.
2022-10-21 13:01:09,593 - INFO - <module> : Clicked
2022-10-21 13:01:09,593 - INFO - <module> : Clicked
2022-10-21 13:01:09,593 - INFO - <module> : Clicked
2022-10-21 13:01:09,593 - INFO - <module> : Clicked
2022-10-21 13:01:15,215 - INFO - <module> : Input the SIN with no pending No Power case but with pending incident in ADMS under the 'Where is your concern located?' section.
2022-10-21 13:01:15,215 - INFO - <module> : Input the SIN with no pending No Power case but with pending incident in ADMS under the 'Where is your concern located?' section.
2022-10-21 13:01:15,215 - INFO - <module> : Input the SIN with no pending No Power case but with pending incident in ADMS under the 'Where is your concern located?' section.
2022-10-21 13:01:15,215 - INFO - <module> : Input the SIN with no pending No Power case but with pending incident in ADMS under the 'Where is your concern located?' section.
2022-10-21 13:01:15,544 - INFO - <module> : Clicked
2022-10-21 13:01:15,544 - INFO - <module> : Clicked
2022-10-21 13:01:15,544 - INFO - <module> : Clicked
2022-10-21 13:01:15,544 - INFO - <module> : Clicked
2022-10-21 13:01:15,793 - INFO - <module> : input: 100004470101
2022-10-21 13:01:15,793 - INFO - <module> : input: 100004470101
2022-10-21 13:01:15,793 - INFO - <module> : input: 100004470101
2022-10-21 13:01:15,793 - INFO - <module> : input: 100004470101
2022-10-21 13:01:15,944 - INFO - <module> : Clicked
2022-10-21 13:01:15,944 - INFO - <module> : Clicked
2022-10-21 13:01:15,944 - INFO - <module> : Clicked
2022-10-21 13:01:15,944 - INFO - <module> : Clicked
2022-10-21 13:01:21,507 - INFO - <module> : Select Yes.
2022-10-21 13:01:21,507 - INFO - <module> : Select Yes.
2022-10-21 13:01:21,507 - INFO - <module> : Select Yes.
2022-10-21 13:01:21,507 - INFO - <module> : Select Yes.
2022-10-21 13:01:27,181 - INFO - <module> : Select the 'Landmarks/Directions' option and input values in the text box.
2022-10-21 13:01:27,181 - INFO - <module> : Select the 'Landmarks/Directions' option and input values in the text box.
2022-10-21 13:01:27,181 - INFO - <module> : Select the 'Landmarks/Directions' option and input values in the text box.
2022-10-21 13:01:27,181 - INFO - <module> : Select the 'Landmarks/Directions' option and input values in the text box.
2022-10-21 13:01:27,522 - INFO - <module> : Clicked
2022-10-21 13:01:27,522 - INFO - <module> : Clicked
2022-10-21 13:01:27,522 - INFO - <module> : Clicked
2022-10-21 13:01:27,522 - INFO - <module> : Clicked
2022-10-21 13:01:27,884 - INFO - <module> : input: Sample Text
2022-10-21 13:01:27,884 - INFO - <module> : input: Sample Text
2022-10-21 13:01:27,884 - INFO - <module> : input: Sample Text
2022-10-21 13:01:27,884 - INFO - <module> : input: Sample Text
2022-10-21 13:01:38,386 - INFO - <module> : Populate the following fields:
a) First Name
b) Middle Name
c) Last Name
d) Mobile Number
e) Landline
f) Email
2022-10-21 13:01:38,386 - INFO - <module> : Populate the following fields:
a) First Name
b) Middle Name
c) Last Name
d) Mobile Number
e) Landline
f) Email
2022-10-21 13:01:38,386 - INFO - <module> : Populate the following fields:
a) First Name
b) Middle Name
c) Last Name
d) Mobile Number
e) Landline
f) Email
2022-10-21 13:01:38,386 - INFO - <module> : Populate the following fields:
a) First Name
b) Middle Name
c) Last Name
d) Mobile Number
e) Landline
f) Email
2022-10-21 13:01:38,800 - INFO - <module> : input: sample
2022-10-21 13:01:38,800 - INFO - <module> : input: sample
2022-10-21 13:01:38,800 - INFO - <module> : input: sample
2022-10-21 13:01:38,800 - INFO - <module> : input: sample
2022-10-21 13:01:39,063 - INFO - <module> : input: middle
2022-10-21 13:01:39,063 - INFO - <module> : input: middle
2022-10-21 13:01:39,063 - INFO - <module> : input: middle
2022-10-21 13:01:39,063 - INFO - <module> : input: middle
2022-10-21 13:01:39,306 - INFO - <module> : input: report
2022-10-21 13:01:39,306 - INFO - <module> : input: report
2022-10-21 13:01:39,306 - INFO - <module> : input: report
2022-10-21 13:01:39,306 - INFO - <module> : input: report
2022-10-21 13:01:39,594 - INFO - <module> : input: +639758880793
2022-10-21 13:01:39,594 - INFO - <module> : input: +639758880793
2022-10-21 13:01:39,594 - INFO - <module> : input: +639758880793
2022-10-21 13:01:39,594 - INFO - <module> : input: +639758880793
2022-10-21 13:01:39,841 - INFO - <module> : input: 
2022-10-21 13:01:39,841 - INFO - <module> : input: 
2022-10-21 13:01:39,841 - INFO - <module> : input: 
2022-10-21 13:01:39,841 - INFO - <module> : input: 
2022-10-21 13:01:40,166 - INFO - <module> : input: testautomationoutage@yopmail.com
2022-10-21 13:01:40,166 - INFO - <module> : input: testautomationoutage@yopmail.com
2022-10-21 13:01:40,166 - INFO - <module> : input: testautomationoutage@yopmail.com
2022-10-21 13:01:40,166 - INFO - <module> : input: testautomationoutage@yopmail.com
2022-10-21 13:01:45,641 - INFO - <module> : Verify if 'Yes' is selected from the options under 'Do you want to receive updates related to this report?'
2022-10-21 13:01:45,641 - INFO - <module> : Verify if 'Yes' is selected from the options under 'Do you want to receive updates related to this report?'
2022-10-21 13:01:45,641 - INFO - <module> : Verify if 'Yes' is selected from the options under 'Do you want to receive updates related to this report?'
2022-10-21 13:01:45,641 - INFO - <module> : Verify if 'Yes' is selected from the options under 'Do you want to receive updates related to this report?'
2022-10-21 13:01:51,417 - INFO - <module> : Select SMS and Email as preferred Case Notification Channel.
Note: Ensure that 'Email' field has valid value if Email has been selected as preferred Case Notification Channel.
2022-10-21 13:01:51,417 - INFO - <module> : Select SMS and Email as preferred Case Notification Channel.
Note: Ensure that 'Email' field has valid value if Email has been selected as preferred Case Notification Channel.
2022-10-21 13:01:51,417 - INFO - <module> : Select SMS and Email as preferred Case Notification Channel.
Note: Ensure that 'Email' field has valid value if Email has been selected as preferred Case Notification Channel.
2022-10-21 13:01:51,417 - INFO - <module> : Select SMS and Email as preferred Case Notification Channel.
Note: Ensure that 'Email' field has valid value if Email has been selected as preferred Case Notification Channel.
2022-10-21 13:01:51,791 - INFO - <module> : Clicked
2022-10-21 13:01:51,791 - INFO - <module> : Clicked
2022-10-21 13:01:51,791 - INFO - <module> : Clicked
2022-10-21 13:01:51,791 - INFO - <module> : Clicked
2022-10-21 13:01:52,001 - INFO - <module> : Clicked
2022-10-21 13:01:52,001 - INFO - <module> : Clicked
2022-10-21 13:01:52,001 - INFO - <module> : Clicked
2022-10-21 13:01:52,001 - INFO - <module> : Clicked
2022-10-21 13:01:57,786 - INFO - <module> : Select the checkbox for:
I have read and agree to the Meralco Online Terms & Conditions and consent to the processing of my personal data in accordance with the Privacy Policy.
2022-10-21 13:01:57,786 - INFO - <module> : Select the checkbox for:
I have read and agree to the Meralco Online Terms & Conditions and consent to the processing of my personal data in accordance with the Privacy Policy.
2022-10-21 13:01:57,786 - INFO - <module> : Select the checkbox for:
I have read and agree to the Meralco Online Terms & Conditions and consent to the processing of my personal data in accordance with the Privacy Policy.
2022-10-21 13:01:57,786 - INFO - <module> : Select the checkbox for:
I have read and agree to the Meralco Online Terms & Conditions and consent to the processing of my personal data in accordance with the Privacy Policy.
2022-10-21 13:01:58,155 - INFO - <module> : Clicked
2022-10-21 13:01:58,155 - INFO - <module> : Clicked
2022-10-21 13:01:58,155 - INFO - <module> : Clicked
2022-10-21 13:01:58,155 - INFO - <module> : Clicked
2022-10-21 13:02:04,067 - INFO - <module> : Click ‘Submit’ button.
2022-10-21 13:02:04,067 - INFO - <module> : Click ‘Submit’ button.
2022-10-21 13:02:04,067 - INFO - <module> : Click ‘Submit’ button.
2022-10-21 13:02:04,067 - INFO - <module> : Click ‘Submit’ button.
2022-10-21 13:02:34,687 - ERROR - <module> : Cannot Locate: submit
2022-10-21 13:02:34,687 - ERROR - <module> : Cannot Locate: submit
2022-10-21 13:02:34,687 - ERROR - <module> : Cannot Locate: submit
2022-10-21 13:02:34,687 - ERROR - <module> : Cannot Locate: submit
2022-10-21 13:02:35,025 - INFO - setup : Close Browser
