2023-01-04 16:44:14,768 - INFO - setup : Browser Launched!
2023-01-04 16:44:42,631 - INFO - <module> : Opened: https://fuat-meralco.cs73.force.com/customers/s/cxe-apply
2023-01-04 16:44:42,631 - INFO - <module> : Opened: https://fuat-meralco.cs73.force.com/customers/s/cxe-apply
2023-01-04 16:44:42,631 - INFO - <module> : Opened: https://fuat-meralco.cs73.force.com/customers/s/cxe-apply
2023-01-04 16:44:42,631 - INFO - <module> : Opened: https://fuat-meralco.cs73.force.com/customers/s/cxe-apply
2023-01-04 16:44:48,720 - INFO - <module> : Service Application exists
2023-01-04 16:44:48,720 - INFO - <module> : Service Application exists
2023-01-04 16:44:48,720 - INFO - <module> : Service Application exists
2023-01-04 16:44:48,720 - INFO - <module> : Service Application exists
2023-01-04 16:44:52,051 - INFO - <module> : Clicked
2023-01-04 16:44:52,051 - INFO - <module> : Clicked
2023-01-04 16:44:52,051 - INFO - <module> : Clicked
2023-01-04 16:44:52,051 - INFO - <module> : Clicked
2023-01-04 16:44:55,279 - INFO - <module> : Clicked
2023-01-04 16:44:55,279 - INFO - <module> : Clicked
2023-01-04 16:44:55,279 - INFO - <module> : Clicked
2023-01-04 16:44:55,279 - INFO - <module> : Clicked
2023-01-04 16:45:06,378 - INFO - <module> :  clicked
2023-01-04 16:45:06,378 - INFO - <module> :  clicked
2023-01-04 16:45:06,378 - INFO - <module> :  clicked
2023-01-04 16:45:06,378 - INFO - <module> :  clicked
2023-01-04 16:45:12,299 - INFO - <module> : input: automation1
2023-01-04 16:45:12,299 - INFO - <module> : input: automation1
2023-01-04 16:45:12,299 - INFO - <module> : input: automation1
2023-01-04 16:45:12,299 - INFO - <module> : input: automation1
2023-01-04 16:45:12,428 - INFO - <module> : input: +63945113252
2023-01-04 16:45:12,428 - INFO - <module> : input: +63945113252
2023-01-04 16:45:12,428 - INFO - <module> : input: +63945113252
2023-01-04 16:45:12,428 - INFO - <module> : input: +63945113252
2023-01-04 16:45:12,517 - INFO - <module> : input: automation5
2023-01-04 16:45:12,517 - INFO - <module> : input: automation5
2023-01-04 16:45:12,517 - INFO - <module> : input: automation5
2023-01-04 16:45:12,517 - INFO - <module> : input: automation5
2023-01-04 16:45:12,590 - INFO - <module> : input: automation6
2023-01-04 16:45:12,590 - INFO - <module> : input: automation6
2023-01-04 16:45:12,590 - INFO - <module> : input: automation6
2023-01-04 16:45:12,590 - INFO - <module> : input: automation6
2023-01-04 16:45:12,743 - INFO - <module> : input: automation2@yopmail.com
2023-01-04 16:45:12,743 - INFO - <module> : input: automation2@yopmail.com
2023-01-04 16:45:12,743 - INFO - <module> : input: automation2@yopmail.com
2023-01-04 16:45:12,743 - INFO - <module> : input: automation2@yopmail.com
2023-01-04 16:45:12,860 - INFO - <module> : input: +639234567891
2023-01-04 16:45:12,860 - INFO - <module> : input: +639234567891
2023-01-04 16:45:12,860 - INFO - <module> : input: +639234567891
2023-01-04 16:45:12,860 - INFO - <module> : input: +639234567891
2023-01-04 16:45:12,926 - INFO - <module> : input: manager
2023-01-04 16:45:12,926 - INFO - <module> : input: manager
2023-01-04 16:45:12,926 - INFO - <module> : input: manager
2023-01-04 16:45:12,926 - INFO - <module> : input: manager
2023-01-04 16:45:15,919 - INFO - <module> : Clicked
2023-01-04 16:45:15,919 - INFO - <module> : Clicked
2023-01-04 16:45:15,919 - INFO - <module> : Clicked
2023-01-04 16:45:15,919 - INFO - <module> : Clicked
2023-01-04 16:45:29,213 - INFO - <module> : input: atsrviceadd
2023-01-04 16:45:29,213 - INFO - <module> : input: atsrviceadd
2023-01-04 16:45:29,213 - INFO - <module> : input: atsrviceadd
2023-01-04 16:45:29,213 - INFO - <module> : input: atsrviceadd
2023-01-04 16:45:29,456 - INFO - <module> : Clicked
2023-01-04 16:45:29,456 - INFO - <module> : Clicked
2023-01-04 16:45:29,456 - INFO - <module> : Clicked
2023-01-04 16:45:29,456 - INFO - <module> : Clicked
2023-01-04 16:45:29,902 - INFO - <module> : Clicked
2023-01-04 16:45:29,902 - INFO - <module> : Clicked
2023-01-04 16:45:29,902 - INFO - <module> : Clicked
2023-01-04 16:45:29,902 - INFO - <module> : Clicked
2023-01-04 16:45:30,242 - INFO - <module> : Clicked
2023-01-04 16:45:30,242 - INFO - <module> : Clicked
2023-01-04 16:45:30,242 - INFO - <module> : Clicked
2023-01-04 16:45:30,242 - INFO - <module> : Clicked
2023-01-04 16:45:30,618 - INFO - <module> : Clicked
2023-01-04 16:45:30,618 - INFO - <module> : Clicked
2023-01-04 16:45:30,618 - INFO - <module> : Clicked
2023-01-04 16:45:30,618 - INFO - <module> : Clicked
2023-01-04 16:45:30,916 - INFO - <module> : Clicked
2023-01-04 16:45:30,916 - INFO - <module> : Clicked
2023-01-04 16:45:30,916 - INFO - <module> : Clicked
2023-01-04 16:45:30,916 - INFO - <module> : Clicked
2023-01-04 16:45:39,294 - INFO - <module> : Clicked
2023-01-04 16:45:39,294 - INFO - <module> : Clicked
2023-01-04 16:45:39,294 - INFO - <module> : Clicked
2023-01-04 16:45:39,294 - INFO - <module> : Clicked
2023-01-04 16:45:42,537 - INFO - <module> : Clicked
2023-01-04 16:45:42,537 - INFO - <module> : Clicked
2023-01-04 16:45:42,537 - INFO - <module> : Clicked
2023-01-04 16:45:42,537 - INFO - <module> : Clicked
2023-01-04 16:46:02,621 - INFO - <module> : Submit exists
2023-01-04 16:46:02,621 - INFO - <module> : Submit exists
2023-01-04 16:46:02,621 - INFO - <module> : Submit exists
2023-01-04 16:46:02,621 - INFO - <module> : Submit exists
2023-01-04 16:46:06,100 - ERROR - <module> : element is disabled
2023-01-04 16:46:06,100 - ERROR - <module> : element is disabled
2023-01-04 16:46:06,100 - ERROR - <module> : element is disabled
2023-01-04 16:46:06,100 - ERROR - <module> : element is disabled
2023-01-04 16:46:06,169 - INFO - setup : Close Browser
