2022-10-26 10:35:03,437 - INFO - setup : Browser Launched!
2022-10-26 10:35:14,074 - INFO - <module> : Click Meralco logo in header
2022-10-26 10:35:14,074 - INFO - <module> : Click Meralco logo in header
2022-10-26 10:35:14,074 - INFO - <module> : Click Meralco logo in header
2022-10-26 10:35:14,074 - INFO - <module> : Click Meralco logo in header
2022-10-26 10:35:15,444 - INFO - <module> : Opened: https://outage-api.meralco.com.ph/
2022-10-26 10:35:15,444 - INFO - <module> : Opened: https://outage-api.meralco.com.ph/
2022-10-26 10:35:15,444 - INFO - <module> : Opened: https://outage-api.meralco.com.ph/
2022-10-26 10:35:15,444 - INFO - <module> : Opened: https://outage-api.meralco.com.ph/
2022-10-26 10:35:18,316 - INFO - <module> : input: v-lvlgalvez@meralco.com.ph
2022-10-26 10:35:18,316 - INFO - <module> : input: v-lvlgalvez@meralco.com.ph
2022-10-26 10:35:18,316 - INFO - <module> : input: v-lvlgalvez@meralco.com.ph
2022-10-26 10:35:18,316 - INFO - <module> : input: v-lvlgalvez@meralco.com.ph
2022-10-26 10:35:18,411 - INFO - <module> : Clicked
2022-10-26 10:35:18,411 - INFO - <module> : Clicked
2022-10-26 10:35:18,411 - INFO - <module> : Clicked
2022-10-26 10:35:18,411 - INFO - <module> : Clicked
2022-10-26 10:35:19,575 - INFO - <module> : input: Mecopass@@!!129
2022-10-26 10:35:19,575 - INFO - <module> : input: Mecopass@@!!129
2022-10-26 10:35:19,575 - INFO - <module> : input: Mecopass@@!!129
2022-10-26 10:35:19,575 - INFO - <module> : input: Mecopass@@!!129
2022-10-26 10:35:20,093 - INFO - <module> : Clicked
2022-10-26 10:35:20,093 - INFO - <module> : Clicked
2022-10-26 10:35:20,093 - INFO - <module> : Clicked
2022-10-26 10:35:20,093 - INFO - <module> : Clicked
2022-10-26 10:35:20,746 - INFO - <module> : Clicked
2022-10-26 10:35:20,746 - INFO - <module> : Clicked
2022-10-26 10:35:20,746 - INFO - <module> : Clicked
2022-10-26 10:35:20,746 - INFO - <module> : Clicked
2022-10-26 10:35:49,073 - INFO - <module> : Clicked
2022-10-26 10:35:49,073 - INFO - <module> : Clicked
2022-10-26 10:35:49,073 - INFO - <module> : Clicked
2022-10-26 10:35:49,073 - INFO - <module> : Clicked
2022-10-26 10:35:53,306 - INFO - <module> : Clicked
2022-10-26 10:35:53,306 - INFO - <module> : Clicked
2022-10-26 10:35:53,306 - INFO - <module> : Clicked
2022-10-26 10:35:53,306 - INFO - <module> : Clicked
2022-10-26 10:35:55,708 - INFO - setup : Close Browser
