2023-01-03 15:52:17,485 - INFO - setup : Browser Launched!
2023-01-03 15:52:50,900 - INFO - <module> : Opened: https://fuat-meralco.cs73.force.com/customers/s/cxe-apply
2023-01-03 15:52:50,900 - INFO - <module> : Opened: https://fuat-meralco.cs73.force.com/customers/s/cxe-apply
2023-01-03 15:52:50,900 - INFO - <module> : Opened: https://fuat-meralco.cs73.force.com/customers/s/cxe-apply
2023-01-03 15:52:50,900 - INFO - <module> : Opened: https://fuat-meralco.cs73.force.com/customers/s/cxe-apply
2023-01-03 15:52:57,016 - INFO - <module> : Service Application exists
2023-01-03 15:52:57,016 - INFO - <module> : Service Application exists
2023-01-03 15:52:57,016 - INFO - <module> : Service Application exists
2023-01-03 15:52:57,016 - INFO - <module> : Service Application exists
2023-01-03 15:53:00,364 - INFO - <module> : Clicked
2023-01-03 15:53:00,364 - INFO - <module> : Clicked
2023-01-03 15:53:00,364 - INFO - <module> : Clicked
2023-01-03 15:53:00,364 - INFO - <module> : Clicked
2023-01-03 15:53:03,621 - INFO - <module> : Clicked
2023-01-03 15:53:03,621 - INFO - <module> : Clicked
2023-01-03 15:53:03,621 - INFO - <module> : Clicked
2023-01-03 15:53:03,621 - INFO - <module> : Clicked
2023-01-03 15:53:12,500 - INFO - <module> : Clicked
2023-01-03 15:53:12,500 - INFO - <module> : Clicked
2023-01-03 15:53:12,500 - INFO - <module> : Clicked
2023-01-03 15:53:12,500 - INFO - <module> : Clicked
2023-01-03 15:53:17,990 - INFO - <module> : input: EarlArcebido@yopmail.com
2023-01-03 15:53:17,990 - INFO - <module> : input: EarlArcebido@yopmail.com
2023-01-03 15:53:17,990 - INFO - <module> : input: EarlArcebido@yopmail.com
2023-01-03 15:53:17,990 - INFO - <module> : input: EarlArcebido@yopmail.com
2023-01-03 15:53:18,094 - INFO - <module> : input: atfirst1
2023-01-03 15:53:18,094 - INFO - <module> : input: atfirst1
2023-01-03 15:53:18,094 - INFO - <module> : input: atfirst1
2023-01-03 15:53:18,094 - INFO - <module> : input: atfirst1
2023-01-03 15:53:18,221 - INFO - <module> : input: atlast1
2023-01-03 15:53:18,221 - INFO - <module> : input: atlast1
2023-01-03 15:53:18,221 - INFO - <module> : input: atlast1
2023-01-03 15:53:18,221 - INFO - <module> : input: atlast1
2023-01-03 15:53:18,301 - INFO - <module> : input: 9234567891
2023-01-03 15:53:18,301 - INFO - <module> : input: 9234567891
2023-01-03 15:53:18,301 - INFO - <module> : input: 9234567891
2023-01-03 15:53:18,301 - INFO - <module> : input: 9234567891
2023-01-03 15:53:18,959 - INFO - <module> : Clicked
2023-01-03 15:53:18,959 - INFO - <module> : Clicked
2023-01-03 15:53:18,959 - INFO - <module> : Clicked
2023-01-03 15:53:18,959 - INFO - <module> : Clicked
2023-01-03 15:53:19,957 - INFO - <module> : Clicked
2023-01-03 15:53:19,957 - INFO - <module> : Clicked
2023-01-03 15:53:19,957 - INFO - <module> : Clicked
2023-01-03 15:53:19,957 - INFO - <module> : Clicked
2023-01-03 15:53:34,253 - INFO - <module> : Opened: https://yopmail.com/en/
2023-01-03 15:53:34,253 - INFO - <module> : Opened: https://yopmail.com/en/
2023-01-03 15:53:34,253 - INFO - <module> : Opened: https://yopmail.com/en/
2023-01-03 15:53:34,253 - INFO - <module> : Opened: https://yopmail.com/en/
2023-01-03 15:53:35,140 - INFO - <module> : input: EarlArcebido@yopmail.com
2023-01-03 15:53:35,140 - INFO - <module> : input: EarlArcebido@yopmail.com
2023-01-03 15:53:35,140 - INFO - <module> : input: EarlArcebido@yopmail.com
2023-01-03 15:53:35,140 - INFO - <module> : input: EarlArcebido@yopmail.com
2023-01-03 15:53:37,026 - INFO - <module> : Clicked
2023-01-03 15:53:37,026 - INFO - <module> : Clicked
2023-01-03 15:53:37,026 - INFO - <module> : Clicked
2023-01-03 15:53:37,026 - INFO - <module> : Clicked
2023-01-03 15:53:53,124 - INFO - <module> : input: Meralco01
2023-01-03 15:53:53,124 - INFO - <module> : input: Meralco01
2023-01-03 15:53:53,124 - INFO - <module> : input: Meralco01
2023-01-03 15:53:53,124 - INFO - <module> : input: Meralco01
2023-01-03 15:53:53,521 - INFO - <module> : input: Meralco01
2023-01-03 15:53:53,521 - INFO - <module> : input: Meralco01
2023-01-03 15:53:53,521 - INFO - <module> : input: Meralco01
2023-01-03 15:53:53,521 - INFO - <module> : input: Meralco01
2023-01-03 15:53:54,256 - INFO - <module> : Clicked
2023-01-03 15:53:54,256 - INFO - <module> : Clicked
2023-01-03 15:53:54,256 - INFO - <module> : Clicked
2023-01-03 15:53:54,256 - INFO - <module> : Clicked
2023-01-03 15:53:59,315 - INFO - setup : Close Browser
