2023-01-05 12:31:52,652 - INFO - setup : Browser Launched!
2023-01-05 12:32:24,078 - INFO - <module> : Opened: https://fuat-meralco.cs73.force.com/customers/s/cxe-apply
2023-01-05 12:32:24,078 - INFO - <module> : Opened: https://fuat-meralco.cs73.force.com/customers/s/cxe-apply
2023-01-05 12:32:24,078 - INFO - <module> : Opened: https://fuat-meralco.cs73.force.com/customers/s/cxe-apply
2023-01-05 12:32:24,078 - INFO - <module> : Opened: https://fuat-meralco.cs73.force.com/customers/s/cxe-apply
2023-01-05 12:32:30,220 - INFO - <module> : Service Application exists
2023-01-05 12:32:30,220 - INFO - <module> : Service Application exists
2023-01-05 12:32:30,220 - INFO - <module> : Service Application exists
2023-01-05 12:32:30,220 - INFO - <module> : Service Application exists
2023-01-05 12:32:33,587 - INFO - <module> : Clicked
2023-01-05 12:32:33,587 - INFO - <module> : Clicked
2023-01-05 12:32:33,587 - INFO - <module> : Clicked
2023-01-05 12:32:33,587 - INFO - <module> : Clicked
2023-01-05 12:32:41,600 - INFO - <module> : Clicked
2023-01-05 12:32:41,600 - INFO - <module> : Clicked
2023-01-05 12:32:41,600 - INFO - <module> : Clicked
2023-01-05 12:32:41,600 - INFO - <module> : Clicked
2023-01-05 12:32:45,320 - INFO - <module> : input: 0104248103
2023-01-05 12:32:45,320 - INFO - <module> : input: 0104248103
2023-01-05 12:32:45,320 - INFO - <module> : input: 0104248103
2023-01-05 12:32:45,320 - INFO - <module> : input: 0104248103
2023-01-05 12:32:46,007 - INFO - <module> : Clicked
2023-01-05 12:32:46,007 - INFO - <module> : Clicked
2023-01-05 12:32:46,007 - INFO - <module> : Clicked
2023-01-05 12:32:46,007 - INFO - <module> : Clicked
2023-01-05 12:32:46,177 - INFO - <module> : Clicked
2023-01-05 12:32:46,177 - INFO - <module> : Clicked
2023-01-05 12:32:46,177 - INFO - <module> : Clicked
2023-01-05 12:32:46,177 - INFO - <module> : Clicked
2023-01-05 12:32:48,559 - INFO - setup : Close Browser
