2022-10-20 15:49:10,500 - INFO - setup : Browser Launched!
2022-10-20 15:49:21,800 - INFO - <module> : Access outage reporting form for Guest users.
2022-10-20 15:49:21,800 - INFO - <module> : Access outage reporting form for Guest users.
2022-10-20 15:49:21,800 - INFO - <module> : Access outage reporting form for Guest users.
2022-10-20 15:49:21,800 - INFO - <module> : Access outage reporting form for Guest users.
2022-10-20 15:49:25,171 - INFO - <module> : Opened: https://fuat-meralco.cs73.force.com/customers/s/outagemap
2022-10-20 15:49:25,171 - INFO - <module> : Opened: https://fuat-meralco.cs73.force.com/customers/s/outagemap
2022-10-20 15:49:25,171 - INFO - <module> : Opened: https://fuat-meralco.cs73.force.com/customers/s/outagemap
2022-10-20 15:49:25,171 - INFO - <module> : Opened: https://fuat-meralco.cs73.force.com/customers/s/outagemap
2022-10-20 15:49:30,646 - INFO - <module> : Meralco would like to access your location to identify if your area is affected by an outage. exists
2022-10-20 15:49:30,646 - INFO - <module> : Meralco would like to access your location to identify if your area is affected by an outage. exists
2022-10-20 15:49:30,646 - INFO - <module> : Meralco would like to access your location to identify if your area is affected by an outage. exists
2022-10-20 15:49:30,646 - INFO - <module> : Meralco would like to access your location to identify if your area is affected by an outage. exists
2022-10-20 15:49:32,732 - INFO - <module> : Clicked
2022-10-20 15:49:32,732 - INFO - <module> : Clicked
2022-10-20 15:49:32,732 - INFO - <module> : Clicked
2022-10-20 15:49:32,732 - INFO - <module> : Clicked
2022-10-20 15:49:36,831 - INFO - <module> : Clicked
2022-10-20 15:49:36,831 - INFO - <module> : Clicked
2022-10-20 15:49:36,831 - INFO - <module> : Clicked
2022-10-20 15:49:36,831 - INFO - <module> : Clicked
2022-10-20 15:49:44,889 - INFO - <module> : Report an Outage or Incident exists
2022-10-20 15:49:44,889 - INFO - <module> : Report an Outage or Incident exists
2022-10-20 15:49:44,889 - INFO - <module> : Report an Outage or Incident exists
2022-10-20 15:49:44,889 - INFO - <module> : Report an Outage or Incident exists
2022-10-20 15:49:47,699 - INFO - <module> : Choose 'Streetlight Concern' from the 'What are you reporting?' option.
2022-10-20 15:49:47,699 - INFO - <module> : Choose 'Streetlight Concern' from the 'What are you reporting?' option.
2022-10-20 15:49:47,699 - INFO - <module> : Choose 'Streetlight Concern' from the 'What are you reporting?' option.
2022-10-20 15:49:47,699 - INFO - <module> : Choose 'Streetlight Concern' from the 'What are you reporting?' option.
2022-10-20 15:49:47,778 - INFO - <module> : Clicked
2022-10-20 15:49:47,778 - INFO - <module> : Clicked
2022-10-20 15:49:47,778 - INFO - <module> : Clicked
2022-10-20 15:49:47,778 - INFO - <module> : Clicked
2022-10-20 15:49:50,626 - INFO - <module> : Choose 'Yes' from the options.
2022-10-20 15:49:50,626 - INFO - <module> : Choose 'Yes' from the options.
2022-10-20 15:49:50,626 - INFO - <module> : Choose 'Yes' from the options.
2022-10-20 15:49:50,626 - INFO - <module> : Choose 'Yes' from the options.
2022-10-20 15:49:50,693 - INFO - <module> : Clicked
2022-10-20 15:49:50,693 - INFO - <module> : Clicked
2022-10-20 15:49:50,693 - INFO - <module> : Clicked
2022-10-20 15:49:50,693 - INFO - <module> : Clicked
2022-10-20 15:49:53,542 - INFO - <module> : Click the dropdown field for Q2.
2022-10-20 15:49:53,542 - INFO - <module> : Click the dropdown field for Q2.
2022-10-20 15:49:53,542 - INFO - <module> : Click the dropdown field for Q2.
2022-10-20 15:49:53,542 - INFO - <module> : Click the dropdown field for Q2.
2022-10-20 15:49:53,623 - INFO - <module> : Clicked
2022-10-20 15:49:53,623 - INFO - <module> : Clicked
2022-10-20 15:49:53,623 - INFO - <module> : Clicked
2022-10-20 15:49:53,623 - INFO - <module> : Clicked
2022-10-20 15:49:56,457 - INFO - <module> : Choose 'Streetlight is always on, even during daytime' from the option.
2022-10-20 15:49:56,457 - INFO - <module> : Choose 'Streetlight is always on, even during daytime' from the option.
2022-10-20 15:49:56,457 - INFO - <module> : Choose 'Streetlight is always on, even during daytime' from the option.
2022-10-20 15:49:56,457 - INFO - <module> : Choose 'Streetlight is always on, even during daytime' from the option.
2022-10-20 15:49:56,521 - INFO - <module> : Clicked
2022-10-20 15:49:56,521 - INFO - <module> : Clicked
2022-10-20 15:49:56,521 - INFO - <module> : Clicked
2022-10-20 15:49:56,521 - INFO - <module> : Clicked
2022-10-20 15:49:59,452 - INFO - <module> : Populate the following fields by selecting from one of the picklist values, as applicable:
- Province
- City/Municipality
- Barangay
- Subdivision
- Street
- House/Unit No./ Floor/ Building
2022-10-20 15:49:59,452 - INFO - <module> : Populate the following fields by selecting from one of the picklist values, as applicable:
- Province
- City/Municipality
- Barangay
- Subdivision
- Street
- House/Unit No./ Floor/ Building
2022-10-20 15:49:59,452 - INFO - <module> : Populate the following fields by selecting from one of the picklist values, as applicable:
- Province
- City/Municipality
- Barangay
- Subdivision
- Street
- House/Unit No./ Floor/ Building
2022-10-20 15:49:59,452 - INFO - <module> : Populate the following fields by selecting from one of the picklist values, as applicable:
- Province
- City/Municipality
- Barangay
- Subdivision
- Street
- House/Unit No./ Floor/ Building
2022-10-20 15:49:59,532 - INFO - <module> : Clicked
2022-10-20 15:49:59,532 - INFO - <module> : Clicked
2022-10-20 15:49:59,532 - INFO - <module> : Clicked
2022-10-20 15:49:59,532 - INFO - <module> : Clicked
2022-10-20 15:50:00,102 - INFO - <module> : Clicked
2022-10-20 15:50:00,102 - INFO - <module> : Clicked
2022-10-20 15:50:00,102 - INFO - <module> : Clicked
2022-10-20 15:50:00,102 - INFO - <module> : Clicked
2022-10-20 15:50:00,661 - INFO - <module> : Clicked
2022-10-20 15:50:00,661 - INFO - <module> : Clicked
2022-10-20 15:50:00,661 - INFO - <module> : Clicked
2022-10-20 15:50:00,661 - INFO - <module> : Clicked
2022-10-20 15:50:01,774 - INFO - <module> : Clicked
2022-10-20 15:50:01,774 - INFO - <module> : Clicked
2022-10-20 15:50:01,774 - INFO - <module> : Clicked
2022-10-20 15:50:01,774 - INFO - <module> : Clicked
2022-10-20 15:50:02,350 - INFO - <module> : Clicked
2022-10-20 15:50:02,350 - INFO - <module> : Clicked
2022-10-20 15:50:02,350 - INFO - <module> : Clicked
2022-10-20 15:50:02,350 - INFO - <module> : Clicked
2022-10-20 15:50:02,421 - INFO - <module> : input: 123
2022-10-20 15:50:02,421 - INFO - <module> : input: 123
2022-10-20 15:50:02,421 - INFO - <module> : input: 123
2022-10-20 15:50:02,421 - INFO - <module> : input: 123
2022-10-20 15:50:05,192 - INFO - <module> : Populate 'Pole Number' field.
Note: There should be no pending case associated to the encoded Pole Number.
2022-10-20 15:50:05,192 - INFO - <module> : Populate 'Pole Number' field.
Note: There should be no pending case associated to the encoded Pole Number.
2022-10-20 15:50:05,192 - INFO - <module> : Populate 'Pole Number' field.
Note: There should be no pending case associated to the encoded Pole Number.
2022-10-20 15:50:05,192 - INFO - <module> : Populate 'Pole Number' field.
Note: There should be no pending case associated to the encoded Pole Number.
2022-10-20 15:50:05,317 - INFO - <module> : input: 46
2022-10-20 15:50:05,317 - INFO - <module> : input: 46
2022-10-20 15:50:05,317 - INFO - <module> : input: 46
2022-10-20 15:50:05,317 - INFO - <module> : input: 46
2022-10-20 15:50:08,234 - INFO - <module> : Select the 'Landmarks/Directions' option and input values in the text box.
2022-10-20 15:50:08,234 - INFO - <module> : Select the 'Landmarks/Directions' option and input values in the text box.
2022-10-20 15:50:08,234 - INFO - <module> : Select the 'Landmarks/Directions' option and input values in the text box.
2022-10-20 15:50:08,234 - INFO - <module> : Select the 'Landmarks/Directions' option and input values in the text box.
2022-10-20 15:50:08,326 - INFO - <module> : Clicked
2022-10-20 15:50:08,326 - INFO - <module> : Clicked
2022-10-20 15:50:08,326 - INFO - <module> : Clicked
2022-10-20 15:50:08,326 - INFO - <module> : Clicked
2022-10-20 15:50:08,555 - INFO - <module> : Clicked
2022-10-20 15:50:08,555 - INFO - <module> : Clicked
2022-10-20 15:50:08,555 - INFO - <module> : Clicked
2022-10-20 15:50:08,555 - INFO - <module> : Clicked
2022-10-20 15:50:08,642 - INFO - <module> : input: Sample Text
2022-10-20 15:50:08,642 - INFO - <module> : input: Sample Text
2022-10-20 15:50:08,642 - INFO - <module> : input: Sample Text
2022-10-20 15:50:08,642 - INFO - <module> : input: Sample Text
2022-10-20 15:50:16,537 - INFO - <module> : Populate the following fields:
a) First Name
b) Middle Name
c) Last Name
d) Mobile Number
e) Landline
f) Email
2022-10-20 15:50:16,537 - INFO - <module> : Populate the following fields:
a) First Name
b) Middle Name
c) Last Name
d) Mobile Number
e) Landline
f) Email
2022-10-20 15:50:16,537 - INFO - <module> : Populate the following fields:
a) First Name
b) Middle Name
c) Last Name
d) Mobile Number
e) Landline
f) Email
2022-10-20 15:50:16,537 - INFO - <module> : Populate the following fields:
a) First Name
b) Middle Name
c) Last Name
d) Mobile Number
e) Landline
f) Email
2022-10-20 15:50:16,677 - INFO - <module> : input: sample
2022-10-20 15:50:16,677 - INFO - <module> : input: sample
2022-10-20 15:50:16,677 - INFO - <module> : input: sample
2022-10-20 15:50:16,677 - INFO - <module> : input: sample
2022-10-20 15:50:16,748 - INFO - <module> : input: middle
2022-10-20 15:50:16,748 - INFO - <module> : input: middle
2022-10-20 15:50:16,748 - INFO - <module> : input: middle
2022-10-20 15:50:16,748 - INFO - <module> : input: middle
2022-10-20 15:50:16,811 - INFO - <module> : input: report
2022-10-20 15:50:16,811 - INFO - <module> : input: report
2022-10-20 15:50:16,811 - INFO - <module> : input: report
2022-10-20 15:50:16,811 - INFO - <module> : input: report
2022-10-20 15:50:16,879 - INFO - <module> : input: +639758880793
2022-10-20 15:50:16,879 - INFO - <module> : input: +639758880793
2022-10-20 15:50:16,879 - INFO - <module> : input: +639758880793
2022-10-20 15:50:16,879 - INFO - <module> : input: +639758880793
2022-10-20 15:50:16,937 - INFO - <module> : input: 
2022-10-20 15:50:16,937 - INFO - <module> : input: 
2022-10-20 15:50:16,937 - INFO - <module> : input: 
2022-10-20 15:50:16,937 - INFO - <module> : input: 
2022-10-20 15:50:17,015 - INFO - <module> : input: testautomationoutage@yopmail.com
2022-10-20 15:50:17,015 - INFO - <module> : input: testautomationoutage@yopmail.com
2022-10-20 15:50:17,015 - INFO - <module> : input: testautomationoutage@yopmail.com
2022-10-20 15:50:17,015 - INFO - <module> : input: testautomationoutage@yopmail.com
2022-10-20 15:50:19,858 - INFO - <module> : Verify if 'Yes' is selected from the options under 'Do you want to receive updates related to this report?'
2022-10-20 15:50:19,858 - INFO - <module> : Verify if 'Yes' is selected from the options under 'Do you want to receive updates related to this report?'
2022-10-20 15:50:19,858 - INFO - <module> : Verify if 'Yes' is selected from the options under 'Do you want to receive updates related to this report?'
2022-10-20 15:50:19,858 - INFO - <module> : Verify if 'Yes' is selected from the options under 'Do you want to receive updates related to this report?'
2022-10-20 15:50:22,778 - INFO - <module> : Select SMS and Email as preferred Case Notification Channel.
Note: Ensure that 'Email' field has valid value if Email has been selected as preferred Case Notification Channel.
2022-10-20 15:50:22,778 - INFO - <module> : Select SMS and Email as preferred Case Notification Channel.
Note: Ensure that 'Email' field has valid value if Email has been selected as preferred Case Notification Channel.
2022-10-20 15:50:22,778 - INFO - <module> : Select SMS and Email as preferred Case Notification Channel.
Note: Ensure that 'Email' field has valid value if Email has been selected as preferred Case Notification Channel.
2022-10-20 15:50:22,778 - INFO - <module> : Select SMS and Email as preferred Case Notification Channel.
Note: Ensure that 'Email' field has valid value if Email has been selected as preferred Case Notification Channel.
2022-10-20 15:50:22,873 - INFO - <module> : Clicked
2022-10-20 15:50:22,873 - INFO - <module> : Clicked
2022-10-20 15:50:22,873 - INFO - <module> : Clicked
2022-10-20 15:50:22,873 - INFO - <module> : Clicked
2022-10-20 15:50:22,939 - INFO - <module> : Clicked
2022-10-20 15:50:22,939 - INFO - <module> : Clicked
2022-10-20 15:50:22,939 - INFO - <module> : Clicked
2022-10-20 15:50:22,939 - INFO - <module> : Clicked
2022-10-20 15:50:25,824 - INFO - <module> : Select the checkbox for:
I have read and agree to the Meralco Online Terms & Conditions and consent to the processing of my personal data in accordance with the Privacy Policy.
2022-10-20 15:50:25,824 - INFO - <module> : Select the checkbox for:
I have read and agree to the Meralco Online Terms & Conditions and consent to the processing of my personal data in accordance with the Privacy Policy.
2022-10-20 15:50:25,824 - INFO - <module> : Select the checkbox for:
I have read and agree to the Meralco Online Terms & Conditions and consent to the processing of my personal data in accordance with the Privacy Policy.
2022-10-20 15:50:25,824 - INFO - <module> : Select the checkbox for:
I have read and agree to the Meralco Online Terms & Conditions and consent to the processing of my personal data in accordance with the Privacy Policy.
2022-10-20 15:50:25,920 - INFO - <module> : Clicked
2022-10-20 15:50:25,920 - INFO - <module> : Clicked
2022-10-20 15:50:25,920 - INFO - <module> : Clicked
2022-10-20 15:50:25,920 - INFO - <module> : Clicked
2022-10-20 15:50:28,809 - INFO - <module> : Click ‘Submit’ button.
2022-10-20 15:50:28,809 - INFO - <module> : Click ‘Submit’ button.
2022-10-20 15:50:28,809 - INFO - <module> : Click ‘Submit’ button.
2022-10-20 15:50:28,809 - INFO - <module> : Click ‘Submit’ button.
2022-10-20 15:50:28,906 - INFO - <module> : Clicked
2022-10-20 15:50:28,906 - INFO - <module> : Clicked
2022-10-20 15:50:28,906 - INFO - <module> : Clicked
2022-10-20 15:50:28,906 - INFO - <module> : Clicked
2022-10-20 15:50:46,850 - INFO - <module> : Verify received SMS notification.
2022-10-20 15:50:46,850 - INFO - <module> : Verify received SMS notification.
2022-10-20 15:50:46,850 - INFO - <module> : Verify received SMS notification.
2022-10-20 15:50:46,850 - INFO - <module> : Verify received SMS notification.
2022-10-20 15:50:47,648 - INFO - <module> : Verify received Email notification.
2022-10-20 15:50:47,648 - INFO - <module> : Verify received Email notification.
2022-10-20 15:50:47,648 - INFO - <module> : Verify received Email notification.
2022-10-20 15:50:47,648 - INFO - <module> : Verify received Email notification.
2022-10-20 15:50:54,727 - INFO - <module> : Opened: https://yopmail.com/en/
2022-10-20 15:50:54,727 - INFO - <module> : Opened: https://yopmail.com/en/
2022-10-20 15:50:54,727 - INFO - <module> : Opened: https://yopmail.com/en/
2022-10-20 15:50:54,727 - INFO - <module> : Opened: https://yopmail.com/en/
2022-10-20 15:50:54,888 - INFO - <module> : input: testautomationoutage@yopmail.com
2022-10-20 15:50:54,888 - INFO - <module> : input: testautomationoutage@yopmail.com
2022-10-20 15:50:54,888 - INFO - <module> : input: testautomationoutage@yopmail.com
2022-10-20 15:50:54,888 - INFO - <module> : input: testautomationoutage@yopmail.com
2022-10-20 15:50:56,379 - INFO - <module> : Clicked
2022-10-20 15:50:56,379 - INFO - <module> : Clicked
2022-10-20 15:50:56,379 - INFO - <module> : Clicked
2022-10-20 15:50:56,379 - INFO - <module> : Clicked
2022-10-20 15:50:59,338 - INFO - <module> : Access outage reporting form for Guest users.
2022-10-20 15:50:59,338 - INFO - <module> : Access outage reporting form for Guest users.
2022-10-20 15:50:59,338 - INFO - <module> : Access outage reporting form for Guest users.
2022-10-20 15:50:59,338 - INFO - <module> : Access outage reporting form for Guest users.
2022-10-20 15:51:01,620 - INFO - <module> : Opened: https://fuat-meralco.cs73.force.com/customers/s/outagemap
2022-10-20 15:51:01,620 - INFO - <module> : Opened: https://fuat-meralco.cs73.force.com/customers/s/outagemap
2022-10-20 15:51:01,620 - INFO - <module> : Opened: https://fuat-meralco.cs73.force.com/customers/s/outagemap
2022-10-20 15:51:01,620 - INFO - <module> : Opened: https://fuat-meralco.cs73.force.com/customers/s/outagemap
2022-10-20 15:51:04,417 - INFO - <module> : Meralco would like to access your location to identify if your area is affected by an outage. exists
2022-10-20 15:51:04,417 - INFO - <module> : Meralco would like to access your location to identify if your area is affected by an outage. exists
2022-10-20 15:51:04,417 - INFO - <module> : Meralco would like to access your location to identify if your area is affected by an outage. exists
2022-10-20 15:51:04,417 - INFO - <module> : Meralco would like to access your location to identify if your area is affected by an outage. exists
2022-10-20 15:51:06,508 - INFO - <module> : Clicked
2022-10-20 15:51:06,508 - INFO - <module> : Clicked
2022-10-20 15:51:06,508 - INFO - <module> : Clicked
2022-10-20 15:51:06,508 - INFO - <module> : Clicked
2022-10-20 15:51:10,594 - INFO - <module> : Clicked
2022-10-20 15:51:10,594 - INFO - <module> : Clicked
2022-10-20 15:51:10,594 - INFO - <module> : Clicked
2022-10-20 15:51:10,594 - INFO - <module> : Clicked
2022-10-20 15:51:18,650 - INFO - <module> : Report an Outage or Incident exists
2022-10-20 15:51:18,650 - INFO - <module> : Report an Outage or Incident exists
2022-10-20 15:51:18,650 - INFO - <module> : Report an Outage or Incident exists
2022-10-20 15:51:18,650 - INFO - <module> : Report an Outage or Incident exists
2022-10-20 15:51:21,592 - INFO - <module> : Choose 'Streetlight Concern' from the 'What are you reporting?' option.
2022-10-20 15:51:21,592 - INFO - <module> : Choose 'Streetlight Concern' from the 'What are you reporting?' option.
2022-10-20 15:51:21,592 - INFO - <module> : Choose 'Streetlight Concern' from the 'What are you reporting?' option.
2022-10-20 15:51:21,592 - INFO - <module> : Choose 'Streetlight Concern' from the 'What are you reporting?' option.
2022-10-20 15:51:21,719 - INFO - <module> : Clicked
2022-10-20 15:51:21,719 - INFO - <module> : Clicked
2022-10-20 15:51:21,719 - INFO - <module> : Clicked
2022-10-20 15:51:21,719 - INFO - <module> : Clicked
2022-10-20 15:51:24,690 - INFO - <module> : Choose 'Yes' from the options.
2022-10-20 15:51:24,690 - INFO - <module> : Choose 'Yes' from the options.
2022-10-20 15:51:24,690 - INFO - <module> : Choose 'Yes' from the options.
2022-10-20 15:51:24,690 - INFO - <module> : Choose 'Yes' from the options.
2022-10-20 15:51:24,804 - INFO - <module> : Clicked
2022-10-20 15:51:24,804 - INFO - <module> : Clicked
2022-10-20 15:51:24,804 - INFO - <module> : Clicked
2022-10-20 15:51:24,804 - INFO - <module> : Clicked
2022-10-20 15:51:27,775 - INFO - <module> : Click the dropdown field for Q2.
2022-10-20 15:51:27,775 - INFO - <module> : Click the dropdown field for Q2.
2022-10-20 15:51:27,775 - INFO - <module> : Click the dropdown field for Q2.
2022-10-20 15:51:27,775 - INFO - <module> : Click the dropdown field for Q2.
2022-10-20 15:51:27,894 - INFO - <module> : Clicked
2022-10-20 15:51:27,894 - INFO - <module> : Clicked
2022-10-20 15:51:27,894 - INFO - <module> : Clicked
2022-10-20 15:51:27,894 - INFO - <module> : Clicked
2022-10-20 15:51:30,821 - INFO - <module> : Choose 'Streetlight is flickering' from the option.
2022-10-20 15:51:30,821 - INFO - <module> : Choose 'Streetlight is flickering' from the option.
2022-10-20 15:51:30,821 - INFO - <module> : Choose 'Streetlight is flickering' from the option.
2022-10-20 15:51:30,821 - INFO - <module> : Choose 'Streetlight is flickering' from the option.
2022-10-20 15:51:30,930 - INFO - <module> : Clicked
2022-10-20 15:51:30,930 - INFO - <module> : Clicked
2022-10-20 15:51:30,930 - INFO - <module> : Clicked
2022-10-20 15:51:30,930 - INFO - <module> : Clicked
2022-10-20 15:51:33,900 - INFO - <module> : Populate the following fields by selecting from one of the picklist values, as applicable:
- Province
- City/Municipality
- Barangay
- Subdivision
- Street
- House/Unit No./ Floor/ Building
2022-10-20 15:51:33,900 - INFO - <module> : Populate the following fields by selecting from one of the picklist values, as applicable:
- Province
- City/Municipality
- Barangay
- Subdivision
- Street
- House/Unit No./ Floor/ Building
2022-10-20 15:51:33,900 - INFO - <module> : Populate the following fields by selecting from one of the picklist values, as applicable:
- Province
- City/Municipality
- Barangay
- Subdivision
- Street
- House/Unit No./ Floor/ Building
2022-10-20 15:51:33,900 - INFO - <module> : Populate the following fields by selecting from one of the picklist values, as applicable:
- Province
- City/Municipality
- Barangay
- Subdivision
- Street
- House/Unit No./ Floor/ Building
2022-10-20 15:51:34,021 - INFO - <module> : Clicked
2022-10-20 15:51:34,021 - INFO - <module> : Clicked
2022-10-20 15:51:34,021 - INFO - <module> : Clicked
2022-10-20 15:51:34,021 - INFO - <module> : Clicked
2022-10-20 15:51:34,578 - INFO - <module> : Clicked
2022-10-20 15:51:34,578 - INFO - <module> : Clicked
2022-10-20 15:51:34,578 - INFO - <module> : Clicked
2022-10-20 15:51:34,578 - INFO - <module> : Clicked
2022-10-20 15:51:35,137 - INFO - <module> : Clicked
2022-10-20 15:51:35,137 - INFO - <module> : Clicked
2022-10-20 15:51:35,137 - INFO - <module> : Clicked
2022-10-20 15:51:35,137 - INFO - <module> : Clicked
2022-10-20 15:51:35,701 - INFO - <module> : Clicked
2022-10-20 15:51:35,701 - INFO - <module> : Clicked
2022-10-20 15:51:35,701 - INFO - <module> : Clicked
2022-10-20 15:51:35,701 - INFO - <module> : Clicked
2022-10-20 15:51:36,271 - INFO - <module> : Clicked
2022-10-20 15:51:36,271 - INFO - <module> : Clicked
2022-10-20 15:51:36,271 - INFO - <module> : Clicked
2022-10-20 15:51:36,271 - INFO - <module> : Clicked
2022-10-20 15:51:36,349 - INFO - <module> : input: 123
2022-10-20 15:51:36,349 - INFO - <module> : input: 123
2022-10-20 15:51:36,349 - INFO - <module> : input: 123
2022-10-20 15:51:36,349 - INFO - <module> : input: 123
2022-10-20 15:51:39,243 - INFO - <module> : Populate 'Pole Number' field using the values encoded in the prior report.
2022-10-20 15:51:39,243 - INFO - <module> : Populate 'Pole Number' field using the values encoded in the prior report.
2022-10-20 15:51:39,243 - INFO - <module> : Populate 'Pole Number' field using the values encoded in the prior report.
2022-10-20 15:51:39,243 - INFO - <module> : Populate 'Pole Number' field using the values encoded in the prior report.
2022-10-20 15:51:39,373 - INFO - <module> : input: 46
2022-10-20 15:51:39,373 - INFO - <module> : input: 46
2022-10-20 15:51:39,373 - INFO - <module> : input: 46
2022-10-20 15:51:39,373 - INFO - <module> : input: 46
2022-10-20 15:51:42,258 - INFO - <module> : Select any other field in the form.
2022-10-20 15:51:42,258 - INFO - <module> : Select any other field in the form.
2022-10-20 15:51:42,258 - INFO - <module> : Select any other field in the form.
2022-10-20 15:51:42,258 - INFO - <module> : Select any other field in the form.
2022-10-20 15:51:42,356 - INFO - <module> : Clicked
2022-10-20 15:51:42,356 - INFO - <module> : Clicked
2022-10-20 15:51:42,356 - INFO - <module> : Clicked
2022-10-20 15:51:42,356 - INFO - <module> : Clicked
2022-10-20 15:51:49,266 - INFO - <module> : Select 'No' from the options.
2022-10-20 15:51:49,266 - INFO - <module> : Select 'No' from the options.
2022-10-20 15:51:49,266 - INFO - <module> : Select 'No' from the options.
2022-10-20 15:51:49,266 - INFO - <module> : Select 'No' from the options.
2022-10-20 15:51:49,362 - INFO - <module> :  clicked
2022-10-20 15:51:49,362 - INFO - <module> :  clicked
2022-10-20 15:51:49,362 - INFO - <module> :  clicked
2022-10-20 15:51:49,362 - INFO - <module> :  clicked
2022-10-20 15:51:52,207 - INFO - <module> : Access outage reporting form for Guest users.
2022-10-20 15:51:52,207 - INFO - <module> : Access outage reporting form for Guest users.
2022-10-20 15:51:52,207 - INFO - <module> : Access outage reporting form for Guest users.
2022-10-20 15:51:52,207 - INFO - <module> : Access outage reporting form for Guest users.
2022-10-20 15:51:53,884 - INFO - <module> : Opened: https://fuat-meralco.cs73.force.com/customers/s/outagemap
2022-10-20 15:51:53,884 - INFO - <module> : Opened: https://fuat-meralco.cs73.force.com/customers/s/outagemap
2022-10-20 15:51:53,884 - INFO - <module> : Opened: https://fuat-meralco.cs73.force.com/customers/s/outagemap
2022-10-20 15:51:53,884 - INFO - <module> : Opened: https://fuat-meralco.cs73.force.com/customers/s/outagemap
2022-10-20 15:51:56,846 - INFO - <module> : Meralco would like to access your location to identify if your area is affected by an outage. exists
2022-10-20 15:51:56,846 - INFO - <module> : Meralco would like to access your location to identify if your area is affected by an outage. exists
2022-10-20 15:51:56,846 - INFO - <module> : Meralco would like to access your location to identify if your area is affected by an outage. exists
2022-10-20 15:51:56,846 - INFO - <module> : Meralco would like to access your location to identify if your area is affected by an outage. exists
2022-10-20 15:51:58,955 - INFO - <module> : Clicked
2022-10-20 15:51:58,955 - INFO - <module> : Clicked
2022-10-20 15:51:58,955 - INFO - <module> : Clicked
2022-10-20 15:51:58,955 - INFO - <module> : Clicked
2022-10-20 15:52:03,027 - INFO - <module> : Clicked
2022-10-20 15:52:03,027 - INFO - <module> : Clicked
2022-10-20 15:52:03,027 - INFO - <module> : Clicked
2022-10-20 15:52:03,027 - INFO - <module> : Clicked
2022-10-20 15:52:11,100 - INFO - <module> : Report an Outage or Incident exists
2022-10-20 15:52:11,100 - INFO - <module> : Report an Outage or Incident exists
2022-10-20 15:52:11,100 - INFO - <module> : Report an Outage or Incident exists
2022-10-20 15:52:11,100 - INFO - <module> : Report an Outage or Incident exists
2022-10-20 15:52:14,032 - INFO - <module> : Choose 'Streetlight Concern' from the 'What are you reporting?' option.
2022-10-20 15:52:14,032 - INFO - <module> : Choose 'Streetlight Concern' from the 'What are you reporting?' option.
2022-10-20 15:52:14,032 - INFO - <module> : Choose 'Streetlight Concern' from the 'What are you reporting?' option.
2022-10-20 15:52:14,032 - INFO - <module> : Choose 'Streetlight Concern' from the 'What are you reporting?' option.
2022-10-20 15:52:14,150 - INFO - <module> : Clicked
2022-10-20 15:52:14,150 - INFO - <module> : Clicked
2022-10-20 15:52:14,150 - INFO - <module> : Clicked
2022-10-20 15:52:14,150 - INFO - <module> : Clicked
2022-10-20 15:52:17,086 - INFO - <module> : Choose 'Yes' from the options.
2022-10-20 15:52:17,086 - INFO - <module> : Choose 'Yes' from the options.
2022-10-20 15:52:17,086 - INFO - <module> : Choose 'Yes' from the options.
2022-10-20 15:52:17,086 - INFO - <module> : Choose 'Yes' from the options.
2022-10-20 15:52:17,197 - INFO - <module> : Clicked
2022-10-20 15:52:17,197 - INFO - <module> : Clicked
2022-10-20 15:52:17,197 - INFO - <module> : Clicked
2022-10-20 15:52:17,197 - INFO - <module> : Clicked
2022-10-20 15:52:20,147 - INFO - <module> : Click the dropdown field for Q2.
2022-10-20 15:52:20,147 - INFO - <module> : Click the dropdown field for Q2.
2022-10-20 15:52:20,147 - INFO - <module> : Click the dropdown field for Q2.
2022-10-20 15:52:20,147 - INFO - <module> : Click the dropdown field for Q2.
2022-10-20 15:52:20,263 - INFO - <module> : Clicked
2022-10-20 15:52:20,263 - INFO - <module> : Clicked
2022-10-20 15:52:20,263 - INFO - <module> : Clicked
2022-10-20 15:52:20,263 - INFO - <module> : Clicked
2022-10-20 15:52:23,234 - INFO - <module> : Choose 'Streetlight is not on or has no power' from the option.
2022-10-20 15:52:23,234 - INFO - <module> : Choose 'Streetlight is not on or has no power' from the option.
2022-10-20 15:52:23,234 - INFO - <module> : Choose 'Streetlight is not on or has no power' from the option.
2022-10-20 15:52:23,234 - INFO - <module> : Choose 'Streetlight is not on or has no power' from the option.
2022-10-20 15:52:23,346 - INFO - <module> : Clicked
2022-10-20 15:52:23,346 - INFO - <module> : Clicked
2022-10-20 15:52:23,346 - INFO - <module> : Clicked
2022-10-20 15:52:23,346 - INFO - <module> : Clicked
2022-10-20 15:52:26,260 - INFO - <module> : Populate the following fields by selecting from one of the picklist values, as applicable:
- Province
- City/Municipality
- Barangay
- Subdivision
- Street
- House/Unit No./ Floor/ Building
2022-10-20 15:52:26,260 - INFO - <module> : Populate the following fields by selecting from one of the picklist values, as applicable:
- Province
- City/Municipality
- Barangay
- Subdivision
- Street
- House/Unit No./ Floor/ Building
2022-10-20 15:52:26,260 - INFO - <module> : Populate the following fields by selecting from one of the picklist values, as applicable:
- Province
- City/Municipality
- Barangay
- Subdivision
- Street
- House/Unit No./ Floor/ Building
2022-10-20 15:52:26,260 - INFO - <module> : Populate the following fields by selecting from one of the picklist values, as applicable:
- Province
- City/Municipality
- Barangay
- Subdivision
- Street
- House/Unit No./ Floor/ Building
2022-10-20 15:52:26,368 - INFO - <module> : Clicked
2022-10-20 15:52:26,368 - INFO - <module> : Clicked
2022-10-20 15:52:26,368 - INFO - <module> : Clicked
2022-10-20 15:52:26,368 - INFO - <module> : Clicked
2022-10-20 15:52:26,944 - INFO - <module> : Clicked
2022-10-20 15:52:26,944 - INFO - <module> : Clicked
2022-10-20 15:52:26,944 - INFO - <module> : Clicked
2022-10-20 15:52:26,944 - INFO - <module> : Clicked
2022-10-20 15:52:27,528 - INFO - <module> : Clicked
2022-10-20 15:52:27,528 - INFO - <module> : Clicked
2022-10-20 15:52:27,528 - INFO - <module> : Clicked
2022-10-20 15:52:27,528 - INFO - <module> : Clicked
2022-10-20 15:52:28,105 - INFO - <module> : Clicked
2022-10-20 15:52:28,105 - INFO - <module> : Clicked
2022-10-20 15:52:28,105 - INFO - <module> : Clicked
2022-10-20 15:52:28,105 - INFO - <module> : Clicked
2022-10-20 15:52:28,673 - INFO - <module> : Clicked
2022-10-20 15:52:28,673 - INFO - <module> : Clicked
2022-10-20 15:52:28,673 - INFO - <module> : Clicked
2022-10-20 15:52:28,673 - INFO - <module> : Clicked
2022-10-20 15:52:28,738 - INFO - <module> : input: 123
2022-10-20 15:52:28,738 - INFO - <module> : input: 123
2022-10-20 15:52:28,738 - INFO - <module> : input: 123
2022-10-20 15:52:28,738 - INFO - <module> : input: 123
2022-10-20 15:52:31,547 - INFO - <module> : Populate 'Pole Number' field using the values encoded in the prior report.
2022-10-20 15:52:31,547 - INFO - <module> : Populate 'Pole Number' field using the values encoded in the prior report.
2022-10-20 15:52:31,547 - INFO - <module> : Populate 'Pole Number' field using the values encoded in the prior report.
2022-10-20 15:52:31,547 - INFO - <module> : Populate 'Pole Number' field using the values encoded in the prior report.
2022-10-20 15:52:31,683 - INFO - <module> : input: 46
2022-10-20 15:52:31,683 - INFO - <module> : input: 46
2022-10-20 15:52:31,683 - INFO - <module> : input: 46
2022-10-20 15:52:31,683 - INFO - <module> : input: 46
2022-10-20 15:52:34,565 - INFO - <module> : Select any other field in the form.
2022-10-20 15:52:34,565 - INFO - <module> : Select any other field in the form.
2022-10-20 15:52:34,565 - INFO - <module> : Select any other field in the form.
2022-10-20 15:52:34,565 - INFO - <module> : Select any other field in the form.
2022-10-20 15:52:34,664 - INFO - <module> : Clicked
2022-10-20 15:52:34,664 - INFO - <module> : Clicked
2022-10-20 15:52:34,664 - INFO - <module> : Clicked
2022-10-20 15:52:34,664 - INFO - <module> : Clicked
2022-10-20 15:52:37,584 - INFO - <module> : Select 'Yes' from the options.
2022-10-20 15:52:37,584 - INFO - <module> : Select 'Yes' from the options.
2022-10-20 15:52:37,584 - INFO - <module> : Select 'Yes' from the options.
2022-10-20 15:52:37,584 - INFO - <module> : Select 'Yes' from the options.
2022-10-20 15:52:37,682 - INFO - <module> :  clicked
2022-10-20 15:52:37,682 - INFO - <module> :  clicked
2022-10-20 15:52:37,682 - INFO - <module> :  clicked
2022-10-20 15:52:37,682 - INFO - <module> :  clicked
2022-10-20 15:52:44,661 - INFO - <module> : Select the 'Landmarks/Directions' option and input values in the text box.
2022-10-20 15:52:44,661 - INFO - <module> : Select the 'Landmarks/Directions' option and input values in the text box.
2022-10-20 15:52:44,661 - INFO - <module> : Select the 'Landmarks/Directions' option and input values in the text box.
2022-10-20 15:52:44,661 - INFO - <module> : Select the 'Landmarks/Directions' option and input values in the text box.
2022-10-20 15:52:44,760 - INFO - <module> : Clicked
2022-10-20 15:52:44,760 - INFO - <module> : Clicked
2022-10-20 15:52:44,760 - INFO - <module> : Clicked
2022-10-20 15:52:44,760 - INFO - <module> : Clicked
2022-10-20 15:52:45,979 - INFO - setup : Close Browser
