2022-10-19 12:14:32,633 - INFO - setup : Browser Launched!
2022-10-19 12:14:45,772 - INFO - <module> : Access outage reporting form for Guest users.
2022-10-19 12:14:45,772 - INFO - <module> : Access outage reporting form for Guest users.
2022-10-19 12:14:45,772 - INFO - <module> : Access outage reporting form for Guest users.
2022-10-19 12:14:45,772 - INFO - <module> : Access outage reporting form for Guest users.
2022-10-19 12:14:51,925 - INFO - <module> : Opened: https://fuat-meralco.cs73.force.com/customers/s/outagemap
2022-10-19 12:14:51,925 - INFO - <module> : Opened: https://fuat-meralco.cs73.force.com/customers/s/outagemap
2022-10-19 12:14:51,925 - INFO - <module> : Opened: https://fuat-meralco.cs73.force.com/customers/s/outagemap
2022-10-19 12:14:51,925 - INFO - <module> : Opened: https://fuat-meralco.cs73.force.com/customers/s/outagemap
2022-10-19 12:14:56,017 - INFO - <module> : Meralco would like to access your location to identify if your area is affected by an outage. exists
2022-10-19 12:14:56,017 - INFO - <module> : Meralco would like to access your location to identify if your area is affected by an outage. exists
2022-10-19 12:14:56,017 - INFO - <module> : Meralco would like to access your location to identify if your area is affected by an outage. exists
2022-10-19 12:14:56,017 - INFO - <module> : Meralco would like to access your location to identify if your area is affected by an outage. exists
2022-10-19 12:14:56,294 - INFO - <module> : Clicked
2022-10-19 12:14:56,294 - INFO - <module> : Clicked
2022-10-19 12:14:56,294 - INFO - <module> : Clicked
2022-10-19 12:14:56,294 - INFO - <module> : Clicked
2022-10-19 12:15:00,550 - INFO - <module> : Clicked
2022-10-19 12:15:00,550 - INFO - <module> : Clicked
2022-10-19 12:15:00,550 - INFO - <module> : Clicked
2022-10-19 12:15:00,550 - INFO - <module> : Clicked
2022-10-19 12:15:08,692 - INFO - <module> : Report an Outage or Incident exists
2022-10-19 12:15:08,692 - INFO - <module> : Report an Outage or Incident exists
2022-10-19 12:15:08,692 - INFO - <module> : Report an Outage or Incident exists
2022-10-19 12:15:08,692 - INFO - <module> : Report an Outage or Incident exists
2022-10-19 12:15:14,292 - INFO - <module> : Choose 'Streetlight Concern' from the 'What are you reporting?' option.
2022-10-19 12:15:14,292 - INFO - <module> : Choose 'Streetlight Concern' from the 'What are you reporting?' option.
2022-10-19 12:15:14,292 - INFO - <module> : Choose 'Streetlight Concern' from the 'What are you reporting?' option.
2022-10-19 12:15:14,292 - INFO - <module> : Choose 'Streetlight Concern' from the 'What are you reporting?' option.
2022-10-19 12:15:14,562 - INFO - <module> : Clicked
2022-10-19 12:15:14,562 - INFO - <module> : Clicked
2022-10-19 12:15:14,562 - INFO - <module> : Clicked
2022-10-19 12:15:14,562 - INFO - <module> : Clicked
2022-10-19 12:15:20,385 - INFO - <module> : Choose 'No' from the options.
2022-10-19 12:15:20,385 - INFO - <module> : Choose 'No' from the options.
2022-10-19 12:15:20,385 - INFO - <module> : Choose 'No' from the options.
2022-10-19 12:15:20,385 - INFO - <module> : Choose 'No' from the options.
2022-10-19 12:15:20,662 - INFO - <module> : Clicked
2022-10-19 12:15:20,662 - INFO - <module> : Clicked
2022-10-19 12:15:20,662 - INFO - <module> : Clicked
2022-10-19 12:15:20,662 - INFO - <module> : Clicked
2022-10-19 12:15:26,508 - INFO - <module> : Click 'Learn More'.
2022-10-19 12:15:26,508 - INFO - <module> : Click 'Learn More'.
2022-10-19 12:15:26,508 - INFO - <module> : Click 'Learn More'.
2022-10-19 12:15:26,508 - INFO - <module> : Click 'Learn More'.
2022-10-19 12:15:56,743 - ERROR - <module> : Cannot Locate: learnmore
2022-10-19 12:15:56,743 - ERROR - <module> : Cannot Locate: learnmore
2022-10-19 12:15:56,743 - ERROR - <module> : Cannot Locate: learnmore
2022-10-19 12:15:56,743 - ERROR - <module> : Cannot Locate: learnmore
2022-10-19 12:15:56,970 - INFO - setup : Close Browser
