2022-11-24 14:45:28,671 - INFO - setup : Browser Launched!
2022-11-24 14:45:46,549 - INFO - <module> : Opened: https://meralco--fuat.lightning.force.com/lightning/page/home
2022-11-24 14:45:46,549 - INFO - <module> : Opened: https://meralco--fuat.lightning.force.com/lightning/page/home
2022-11-24 14:45:46,549 - INFO - <module> : Opened: https://meralco--fuat.lightning.force.com/lightning/page/home
2022-11-24 14:45:47,574 - INFO - <module> : Clicked
2022-11-24 14:45:47,574 - INFO - <module> : Clicked
2022-11-24 14:45:47,574 - INFO - <module> : Clicked
2022-11-24 14:45:51,647 - INFO - <module> : input: v-lvlgalvez@meralco.com.ph
2022-11-24 14:45:51,647 - INFO - <module> : input: v-lvlgalvez@meralco.com.ph
2022-11-24 14:45:51,647 - INFO - <module> : input: v-lvlgalvez@meralco.com.ph
2022-11-24 14:45:51,754 - INFO - <module> : Clicked
2022-11-24 14:45:51,754 - INFO - <module> : Clicked
2022-11-24 14:45:51,754 - INFO - <module> : Clicked
2022-11-24 14:45:53,461 - INFO - <module> : input: Mecopass@@!!129
2022-11-24 14:45:53,461 - INFO - <module> : input: Mecopass@@!!129
2022-11-24 14:45:53,461 - INFO - <module> : input: Mecopass@@!!129
2022-11-24 14:45:54,388 - INFO - <module> : Clicked
2022-11-24 14:45:54,388 - INFO - <module> : Clicked
2022-11-24 14:45:54,388 - INFO - <module> : Clicked
2022-11-24 14:46:19,509 - INFO - setup : Close Browser
