2022-10-17 09:54:30,883 - INFO - setup : Browser Launched!
2022-10-17 09:54:39,350 - INFO - <module> : Go to https://fuat-meralco.cs73.force.com/customers/s/outagemap
2022-10-17 09:54:39,350 - INFO - <module> : Go to https://fuat-meralco.cs73.force.com/customers/s/outagemap
2022-10-17 09:54:39,350 - INFO - <module> : Go to https://fuat-meralco.cs73.force.com/customers/s/outagemap
2022-10-17 09:54:39,350 - INFO - <module> : Go to https://fuat-meralco.cs73.force.com/customers/s/outagemap
2022-10-17 09:54:51,588 - INFO - <module> : Opened: https://fuat-meralco.cs73.force.com/customers/s/outagemap
2022-10-17 09:54:51,588 - INFO - <module> : Opened: https://fuat-meralco.cs73.force.com/customers/s/outagemap
2022-10-17 09:54:51,588 - INFO - <module> : Opened: https://fuat-meralco.cs73.force.com/customers/s/outagemap
2022-10-17 09:54:51,588 - INFO - <module> : Opened: https://fuat-meralco.cs73.force.com/customers/s/outagemap
2022-10-17 09:54:54,518 - INFO - <module> : Validate View Outages by
2022-10-17 09:54:54,518 - INFO - <module> : Validate View Outages by
2022-10-17 09:54:54,518 - INFO - <module> : Validate View Outages by
2022-10-17 09:54:54,518 - INFO - <module> : Validate View Outages by
2022-10-17 09:54:56,146 - INFO - <module> : Meralco would like to access your location to identify if your area is affected by an outage. exists
2022-10-17 09:54:56,146 - INFO - <module> : Meralco would like to access your location to identify if your area is affected by an outage. exists
2022-10-17 09:54:56,146 - INFO - <module> : Meralco would like to access your location to identify if your area is affected by an outage. exists
2022-10-17 09:54:56,146 - INFO - <module> : Meralco would like to access your location to identify if your area is affected by an outage. exists
2022-10-17 09:54:56,448 - INFO - <module> : Agree clicked
2022-10-17 09:54:56,448 - INFO - <module> : Agree clicked
2022-10-17 09:54:56,448 - INFO - <module> : Agree clicked
2022-10-17 09:54:56,448 - INFO - <module> : Agree clicked
2022-10-17 09:55:03,284 - INFO - <module> : Tick Other Address
2022-10-17 09:55:03,284 - INFO - <module> : Tick Other Address
2022-10-17 09:55:03,284 - INFO - <module> : Tick Other Address
2022-10-17 09:55:03,284 - INFO - <module> : Tick Other Address
2022-10-17 09:55:03,404 - INFO - <module> :  clicked
2022-10-17 09:55:03,404 - INFO - <module> :  clicked
2022-10-17 09:55:03,404 - INFO - <module> :  clicked
2022-10-17 09:55:03,404 - INFO - <module> :  clicked
2022-10-17 09:55:06,309 - INFO - <module> : Tick Anywhere on the map
2022-10-17 09:55:06,309 - INFO - <module> : Tick Anywhere on the map
2022-10-17 09:55:06,309 - INFO - <module> : Tick Anywhere on the map
2022-10-17 09:55:06,309 - INFO - <module> : Tick Anywhere on the map
2022-10-17 09:55:14,075 - INFO - setup : Close Browser
