2023-01-10 14:29:55,058 - INFO - setup : Browser Launched!
2023-01-10 14:30:19,726 - INFO - <module> : Go to Outages & Incidents > Report Streetlight And Safety Concerns
2023-01-10 14:30:19,726 - INFO - <module> : Go to Outages & Incidents > Report Streetlight And Safety Concerns
2023-01-10 14:30:19,726 - INFO - <module> : Go to Outages & Incidents > Report Streetlight And Safety Concerns
2023-01-10 14:30:19,726 - INFO - <module> : Go to Outages & Incidents > Report Streetlight And Safety Concerns
2023-01-10 14:30:19,726 - INFO - <module> : Go to Outages & Incidents > Report Streetlight And Safety Concerns
2023-01-10 14:31:01,066 - INFO - <module> : Opened: https://fuat-meralco.cs73.force.com/customers/s/outagemap
2023-01-10 14:31:01,066 - INFO - <module> : Opened: https://fuat-meralco.cs73.force.com/customers/s/outagemap
2023-01-10 14:31:01,066 - INFO - <module> : Opened: https://fuat-meralco.cs73.force.com/customers/s/outagemap
2023-01-10 14:31:01,066 - INFO - <module> : Opened: https://fuat-meralco.cs73.force.com/customers/s/outagemap
2023-01-10 14:31:01,066 - INFO - <module> : Opened: https://fuat-meralco.cs73.force.com/customers/s/outagemap
2023-01-10 14:31:01,280 - INFO - <module> : Meralco would like to access your location to identify if your area is affected by an outage. exists
2023-01-10 14:31:01,280 - INFO - <module> : Meralco would like to access your location to identify if your area is affected by an outage. exists
2023-01-10 14:31:01,280 - INFO - <module> : Meralco would like to access your location to identify if your area is affected by an outage. exists
2023-01-10 14:31:01,280 - INFO - <module> : Meralco would like to access your location to identify if your area is affected by an outage. exists
2023-01-10 14:31:01,280 - INFO - <module> : Meralco would like to access your location to identify if your area is affected by an outage. exists
2023-01-10 14:31:03,384 - INFO - <module> : Clicked
2023-01-10 14:31:03,384 - INFO - <module> : Clicked
2023-01-10 14:31:03,384 - INFO - <module> : Clicked
2023-01-10 14:31:03,384 - INFO - <module> : Clicked
2023-01-10 14:31:03,384 - INFO - <module> : Clicked
2023-01-10 14:31:07,484 - INFO - <module> : Clicked
2023-01-10 14:31:07,484 - INFO - <module> : Clicked
2023-01-10 14:31:07,484 - INFO - <module> : Clicked
2023-01-10 14:31:07,484 - INFO - <module> : Clicked
2023-01-10 14:31:07,484 - INFO - <module> : Clicked
2023-01-10 14:31:17,135 - INFO - <module> : Report an Outage or Incident exists
2023-01-10 14:31:17,135 - INFO - <module> : Report an Outage or Incident exists
2023-01-10 14:31:17,135 - INFO - <module> : Report an Outage or Incident exists
2023-01-10 14:31:17,135 - INFO - <module> : Report an Outage or Incident exists
2023-01-10 14:31:17,135 - INFO - <module> : Report an Outage or Incident exists
2023-01-10 14:31:17,254 - INFO - <module> : Clicked
2023-01-10 14:31:17,254 - INFO - <module> : Clicked
2023-01-10 14:31:17,254 - INFO - <module> : Clicked
2023-01-10 14:31:17,254 - INFO - <module> : Clicked
2023-01-10 14:31:17,254 - INFO - <module> : Clicked
2023-01-10 14:31:20,411 - INFO - <module> : Populate required fields > click Submit
2023-01-10 14:31:20,411 - INFO - <module> : Populate required fields > click Submit
2023-01-10 14:31:20,411 - INFO - <module> : Populate required fields > click Submit
2023-01-10 14:31:20,411 - INFO - <module> : Populate required fields > click Submit
2023-01-10 14:31:20,411 - INFO - <module> : Populate required fields > click Submit
2023-01-10 14:31:20,497 - INFO - <module> : Clicked
2023-01-10 14:31:20,497 - INFO - <module> : Clicked
2023-01-10 14:31:20,497 - INFO - <module> : Clicked
2023-01-10 14:31:20,497 - INFO - <module> : Clicked
2023-01-10 14:31:20,497 - INFO - <module> : Clicked
2023-01-10 14:31:50,515 - ERROR - <module> : Cannot Locate: province_metro_manila
2023-01-10 14:31:50,515 - ERROR - <module> : Cannot Locate: province_metro_manila
2023-01-10 14:31:50,515 - ERROR - <module> : Cannot Locate: province_metro_manila
2023-01-10 14:31:50,515 - ERROR - <module> : Cannot Locate: province_metro_manila
2023-01-10 14:31:50,515 - ERROR - <module> : Cannot Locate: province_metro_manila
2023-01-10 14:31:50,574 - INFO - setup : Close Browser
