2022-11-18 16:17:02,115 - INFO - setup : Browser Launched!
2022-11-18 16:17:12,187 - INFO - <module> : Opened: https://outage-api.meralco.com.ph/
2022-11-18 16:17:12,187 - INFO - <module> : Opened: https://outage-api.meralco.com.ph/
2022-11-18 16:17:12,187 - INFO - <module> : Opened: https://outage-api.meralco.com.ph/
2022-11-18 16:17:12,187 - INFO - <module> : Opened: https://outage-api.meralco.com.ph/
2022-11-18 16:17:14,550 - INFO - <module> : input: v-agsealmoy@meralco.com.ph
2022-11-18 16:17:14,550 - INFO - <module> : input: v-agsealmoy@meralco.com.ph
2022-11-18 16:17:14,550 - INFO - <module> : input: v-agsealmoy@meralco.com.ph
2022-11-18 16:17:14,550 - INFO - <module> : input: v-agsealmoy@meralco.com.ph
2022-11-18 16:17:14,636 - INFO - <module> : Clicked
2022-11-18 16:17:14,636 - INFO - <module> : Clicked
2022-11-18 16:17:14,636 - INFO - <module> : Clicked
2022-11-18 16:17:14,636 - INFO - <module> : Clicked
2022-11-18 16:17:16,306 - INFO - <module> : input: Meco@@##00018
2022-11-18 16:17:16,306 - INFO - <module> : input: Meco@@##00018
2022-11-18 16:17:16,306 - INFO - <module> : input: Meco@@##00018
2022-11-18 16:17:16,306 - INFO - <module> : input: Meco@@##00018
2022-11-18 16:17:16,865 - INFO - <module> : Clicked
2022-11-18 16:17:16,865 - INFO - <module> : Clicked
2022-11-18 16:17:16,865 - INFO - <module> : Clicked
2022-11-18 16:17:16,865 - INFO - <module> : Clicked
2022-11-18 16:17:17,519 - INFO - <module> : Clicked
2022-11-18 16:17:17,519 - INFO - <module> : Clicked
2022-11-18 16:17:17,519 - INFO - <module> : Clicked
2022-11-18 16:17:17,519 - INFO - <module> : Clicked
2022-11-18 16:17:54,155 - INFO - <module> : Clicked
2022-11-18 16:17:54,155 - INFO - <module> : Clicked
2022-11-18 16:17:54,155 - INFO - <module> : Clicked
2022-11-18 16:17:54,155 - INFO - <module> : Clicked
2022-11-18 16:18:17,800 - INFO - <module> : Hover over Refresh data button
2022-11-18 16:18:17,800 - INFO - <module> : Hover over Refresh data button
2022-11-18 16:18:17,800 - INFO - <module> : Hover over Refresh data button
2022-11-18 16:18:17,800 - INFO - <module> : Hover over Refresh data button
2022-11-18 16:18:21,985 - INFO - setup : Close Browser
