2023-01-04 16:27:01,877 - INFO - setup : Browser Launched!
2023-01-04 16:27:31,117 - INFO - <module> : Opened: https://fuat-meralco.cs73.force.com/customers/s/cxe-apply
2023-01-04 16:27:31,117 - INFO - <module> : Opened: https://fuat-meralco.cs73.force.com/customers/s/cxe-apply
2023-01-04 16:27:31,117 - INFO - <module> : Opened: https://fuat-meralco.cs73.force.com/customers/s/cxe-apply
2023-01-04 16:27:31,117 - INFO - <module> : Opened: https://fuat-meralco.cs73.force.com/customers/s/cxe-apply
2023-01-04 16:27:37,413 - INFO - <module> : Service Application exists
2023-01-04 16:27:37,413 - INFO - <module> : Service Application exists
2023-01-04 16:27:37,413 - INFO - <module> : Service Application exists
2023-01-04 16:27:37,413 - INFO - <module> : Service Application exists
2023-01-04 16:27:40,743 - INFO - <module> : Clicked
2023-01-04 16:27:40,743 - INFO - <module> : Clicked
2023-01-04 16:27:40,743 - INFO - <module> : Clicked
2023-01-04 16:27:40,743 - INFO - <module> : Clicked
2023-01-04 16:27:44,032 - INFO - <module> : Clicked
2023-01-04 16:27:44,032 - INFO - <module> : Clicked
2023-01-04 16:27:44,032 - INFO - <module> : Clicked
2023-01-04 16:27:44,032 - INFO - <module> : Clicked
2023-01-04 16:27:55,239 - INFO - <module> :  clicked
2023-01-04 16:27:55,239 - INFO - <module> :  clicked
2023-01-04 16:27:55,239 - INFO - <module> :  clicked
2023-01-04 16:27:55,239 - INFO - <module> :  clicked
2023-01-04 16:28:01,366 - INFO - <module> : input: automation1
2023-01-04 16:28:01,366 - INFO - <module> : input: automation1
2023-01-04 16:28:01,366 - INFO - <module> : input: automation1
2023-01-04 16:28:01,366 - INFO - <module> : input: automation1
2023-01-04 16:28:01,499 - INFO - <module> : input: +63945113252
2023-01-04 16:28:01,499 - INFO - <module> : input: +63945113252
2023-01-04 16:28:01,499 - INFO - <module> : input: +63945113252
2023-01-04 16:28:01,499 - INFO - <module> : input: +63945113252
2023-01-04 16:28:01,731 - INFO - <module> : input: automation5
2023-01-04 16:28:01,731 - INFO - <module> : input: automation5
2023-01-04 16:28:01,731 - INFO - <module> : input: automation5
2023-01-04 16:28:01,731 - INFO - <module> : input: automation5
2023-01-04 16:28:01,843 - INFO - <module> : input: automation6
2023-01-04 16:28:01,843 - INFO - <module> : input: automation6
2023-01-04 16:28:01,843 - INFO - <module> : input: automation6
2023-01-04 16:28:01,843 - INFO - <module> : input: automation6
2023-01-04 16:28:01,958 - INFO - <module> : input: automation2@yopmail.com
2023-01-04 16:28:01,958 - INFO - <module> : input: automation2@yopmail.com
2023-01-04 16:28:01,958 - INFO - <module> : input: automation2@yopmail.com
2023-01-04 16:28:01,958 - INFO - <module> : input: automation2@yopmail.com
2023-01-04 16:28:02,076 - INFO - <module> : input: +639234567891
2023-01-04 16:28:02,076 - INFO - <module> : input: +639234567891
2023-01-04 16:28:02,076 - INFO - <module> : input: +639234567891
2023-01-04 16:28:02,076 - INFO - <module> : input: +639234567891
2023-01-04 16:28:02,146 - INFO - <module> : input: manager
2023-01-04 16:28:02,146 - INFO - <module> : input: manager
2023-01-04 16:28:02,146 - INFO - <module> : input: manager
2023-01-04 16:28:02,146 - INFO - <module> : input: manager
2023-01-04 16:28:05,249 - INFO - <module> : Clicked
2023-01-04 16:28:05,249 - INFO - <module> : Clicked
2023-01-04 16:28:05,249 - INFO - <module> : Clicked
2023-01-04 16:28:05,249 - INFO - <module> : Clicked
2023-01-04 16:28:13,009 - INFO - <module> : input: atsrviceadd
2023-01-04 16:28:13,009 - INFO - <module> : input: atsrviceadd
2023-01-04 16:28:13,009 - INFO - <module> : input: atsrviceadd
2023-01-04 16:28:13,009 - INFO - <module> : input: atsrviceadd
2023-01-04 16:28:13,295 - INFO - <module> : Clicked
2023-01-04 16:28:13,295 - INFO - <module> : Clicked
2023-01-04 16:28:13,295 - INFO - <module> : Clicked
2023-01-04 16:28:13,295 - INFO - <module> : Clicked
2023-01-04 16:28:13,731 - INFO - <module> : Clicked
2023-01-04 16:28:13,731 - INFO - <module> : Clicked
2023-01-04 16:28:13,731 - INFO - <module> : Clicked
2023-01-04 16:28:13,731 - INFO - <module> : Clicked
2023-01-04 16:28:14,107 - INFO - <module> : Clicked
2023-01-04 16:28:14,107 - INFO - <module> : Clicked
2023-01-04 16:28:14,107 - INFO - <module> : Clicked
2023-01-04 16:28:14,107 - INFO - <module> : Clicked
2023-01-04 16:28:14,478 - INFO - <module> : Clicked
2023-01-04 16:28:14,478 - INFO - <module> : Clicked
2023-01-04 16:28:14,478 - INFO - <module> : Clicked
2023-01-04 16:28:14,478 - INFO - <module> : Clicked
2023-01-04 16:28:14,779 - INFO - <module> : Clicked
2023-01-04 16:28:14,779 - INFO - <module> : Clicked
2023-01-04 16:28:14,779 - INFO - <module> : Clicked
2023-01-04 16:28:14,779 - INFO - <module> : Clicked
2023-01-04 16:28:14,846 - INFO - setup : Close Browser
