2022-11-18 14:28:55,764 - INFO - setup : Browser Launched!
2022-11-18 14:29:05,846 - INFO - <module> : Go to lower right of Internal Map
2022-11-18 14:29:05,846 - INFO - <module> : Go to lower right of Internal Map
2022-11-18 14:29:05,846 - INFO - <module> : Go to lower right of Internal Map
2022-11-18 14:29:05,846 - INFO - <module> : Go to lower right of Internal Map
2022-11-18 14:29:08,264 - INFO - <module> : Opened: https://outage-api.meralco.com.ph/
2022-11-18 14:29:08,264 - INFO - <module> : Opened: https://outage-api.meralco.com.ph/
2022-11-18 14:29:08,264 - INFO - <module> : Opened: https://outage-api.meralco.com.ph/
2022-11-18 14:29:08,264 - INFO - <module> : Opened: https://outage-api.meralco.com.ph/
2022-11-18 14:29:10,306 - INFO - <module> : input: v-agsealmoy@meralco.com.ph
2022-11-18 14:29:10,306 - INFO - <module> : input: v-agsealmoy@meralco.com.ph
2022-11-18 14:29:10,306 - INFO - <module> : input: v-agsealmoy@meralco.com.ph
2022-11-18 14:29:10,306 - INFO - <module> : input: v-agsealmoy@meralco.com.ph
2022-11-18 14:29:10,452 - INFO - <module> : Clicked
2022-11-18 14:29:10,452 - INFO - <module> : Clicked
2022-11-18 14:29:10,452 - INFO - <module> : Clicked
2022-11-18 14:29:10,452 - INFO - <module> : Clicked
2022-11-18 14:29:11,614 - INFO - <module> : input: Meco@@##00018
2022-11-18 14:29:11,614 - INFO - <module> : input: Meco@@##00018
2022-11-18 14:29:11,614 - INFO - <module> : input: Meco@@##00018
2022-11-18 14:29:11,614 - INFO - <module> : input: Meco@@##00018
2022-11-18 14:29:12,196 - INFO - <module> : Clicked
2022-11-18 14:29:12,196 - INFO - <module> : Clicked
2022-11-18 14:29:12,196 - INFO - <module> : Clicked
2022-11-18 14:29:12,196 - INFO - <module> : Clicked
2022-11-18 14:29:12,917 - INFO - <module> : Clicked
2022-11-18 14:29:12,917 - INFO - <module> : Clicked
2022-11-18 14:29:12,917 - INFO - <module> : Clicked
2022-11-18 14:29:12,917 - INFO - <module> : Clicked
2022-11-18 14:29:41,775 - INFO - <module> : Clicked
2022-11-18 14:29:41,775 - INFO - <module> : Clicked
2022-11-18 14:29:41,775 - INFO - <module> : Clicked
2022-11-18 14:29:41,775 - INFO - <module> : Clicked
2022-11-18 14:30:15,592 - INFO - <module> : Go to lower right of Internal Map
2022-11-18 14:30:15,592 - INFO - <module> : Go to lower right of Internal Map
2022-11-18 14:30:15,592 - INFO - <module> : Go to lower right of Internal Map
2022-11-18 14:30:15,592 - INFO - <module> : Go to lower right of Internal Map
2022-11-18 14:30:19,186 - INFO - <module> : Click Street View icon
2022-11-18 14:30:19,186 - INFO - <module> : Click Street View icon
2022-11-18 14:30:19,186 - INFO - <module> : Click Street View icon
2022-11-18 14:30:19,186 - INFO - <module> : Click Street View icon
2022-11-18 14:30:19,785 - INFO - setup : Close Browser
