2022-10-14 14:40:20,660 - INFO - setup : Browser Launched!
2022-10-14 14:40:33,114 - INFO - <module> : Go to https://fuat-meralco.cs73.force.com/customers/s/outagemap
2022-10-14 14:40:33,114 - INFO - <module> : Go to https://fuat-meralco.cs73.force.com/customers/s/outagemap
2022-10-14 14:40:33,114 - INFO - <module> : Go to https://fuat-meralco.cs73.force.com/customers/s/outagemap
2022-10-14 14:40:33,114 - INFO - <module> : Go to https://fuat-meralco.cs73.force.com/customers/s/outagemap
2022-10-14 14:40:38,335 - INFO - <module> : Opened: https://fuat-meralco.cs73.force.com/customers/s/outagemap
2022-10-14 14:40:38,335 - INFO - <module> : Opened: https://fuat-meralco.cs73.force.com/customers/s/outagemap
2022-10-14 14:40:38,335 - INFO - <module> : Opened: https://fuat-meralco.cs73.force.com/customers/s/outagemap
2022-10-14 14:40:38,335 - INFO - <module> : Opened: https://fuat-meralco.cs73.force.com/customers/s/outagemap
2022-10-14 14:40:41,576 - INFO - <module> : Click on Map Views button > Select Default on Map Type 
2022-10-14 14:40:41,576 - INFO - <module> : Click on Map Views button > Select Default on Map Type 
2022-10-14 14:40:41,576 - INFO - <module> : Click on Map Views button > Select Default on Map Type 
2022-10-14 14:40:41,576 - INFO - <module> : Click on Map Views button > Select Default on Map Type 
2022-10-14 14:40:41,703 - INFO - <module> : Meralco would like to access your location to identify if your area is affected by an outage. exists
2022-10-14 14:40:41,703 - INFO - <module> : Meralco would like to access your location to identify if your area is affected by an outage. exists
2022-10-14 14:40:41,703 - INFO - <module> : Meralco would like to access your location to identify if your area is affected by an outage. exists
2022-10-14 14:40:41,703 - INFO - <module> : Meralco would like to access your location to identify if your area is affected by an outage. exists
2022-10-14 14:40:41,807 - INFO - <module> : Disagree clicked
2022-10-14 14:40:41,807 - INFO - <module> : Disagree clicked
2022-10-14 14:40:41,807 - INFO - <module> : Disagree clicked
2022-10-14 14:40:41,807 - INFO - <module> : Disagree clicked
2022-10-14 14:40:47,015 - INFO - setup : Close Browser
