2022-10-20 10:18:49,836 - INFO - setup : Browser Launched!
2022-10-20 10:19:01,252 - INFO - <module> : Access outage reporting form for Guest users.
2022-10-20 10:19:01,252 - INFO - <module> : Access outage reporting form for Guest users.
2022-10-20 10:19:01,252 - INFO - <module> : Access outage reporting form for Guest users.
2022-10-20 10:19:01,252 - INFO - <module> : Access outage reporting form for Guest users.
2022-10-20 10:19:05,559 - INFO - <module> : Opened: https://fuat-meralco.cs73.force.com/customers/s/outagemap
2022-10-20 10:19:05,559 - INFO - <module> : Opened: https://fuat-meralco.cs73.force.com/customers/s/outagemap
2022-10-20 10:19:05,559 - INFO - <module> : Opened: https://fuat-meralco.cs73.force.com/customers/s/outagemap
2022-10-20 10:19:05,559 - INFO - <module> : Opened: https://fuat-meralco.cs73.force.com/customers/s/outagemap
2022-10-20 10:19:08,469 - INFO - <module> : Meralco would like to access your location to identify if your area is affected by an outage. exists
2022-10-20 10:19:08,469 - INFO - <module> : Meralco would like to access your location to identify if your area is affected by an outage. exists
2022-10-20 10:19:08,469 - INFO - <module> : Meralco would like to access your location to identify if your area is affected by an outage. exists
2022-10-20 10:19:08,469 - INFO - <module> : Meralco would like to access your location to identify if your area is affected by an outage. exists
2022-10-20 10:19:10,558 - INFO - <module> : Clicked
2022-10-20 10:19:10,558 - INFO - <module> : Clicked
2022-10-20 10:19:10,558 - INFO - <module> : Clicked
2022-10-20 10:19:10,558 - INFO - <module> : Clicked
2022-10-20 10:19:14,653 - INFO - <module> : Clicked
2022-10-20 10:19:14,653 - INFO - <module> : Clicked
2022-10-20 10:19:14,653 - INFO - <module> : Clicked
2022-10-20 10:19:14,653 - INFO - <module> : Clicked
2022-10-20 10:19:22,727 - INFO - <module> : Report an Outage or Incident exists
2022-10-20 10:19:22,727 - INFO - <module> : Report an Outage or Incident exists
2022-10-20 10:19:22,727 - INFO - <module> : Report an Outage or Incident exists
2022-10-20 10:19:22,727 - INFO - <module> : Report an Outage or Incident exists
2022-10-20 10:19:25,836 - INFO - <module> : Choose 'Streetlight Concern' from the 'What are you reporting?' option.
2022-10-20 10:19:25,836 - INFO - <module> : Choose 'Streetlight Concern' from the 'What are you reporting?' option.
2022-10-20 10:19:25,836 - INFO - <module> : Choose 'Streetlight Concern' from the 'What are you reporting?' option.
2022-10-20 10:19:25,836 - INFO - <module> : Choose 'Streetlight Concern' from the 'What are you reporting?' option.
2022-10-20 10:19:25,915 - INFO - <module> : Clicked
2022-10-20 10:19:25,915 - INFO - <module> : Clicked
2022-10-20 10:19:25,915 - INFO - <module> : Clicked
2022-10-20 10:19:25,915 - INFO - <module> : Clicked
2022-10-20 10:19:28,776 - INFO - <module> : Choose 'Yes' from the options.
2022-10-20 10:19:28,776 - INFO - <module> : Choose 'Yes' from the options.
2022-10-20 10:19:28,776 - INFO - <module> : Choose 'Yes' from the options.
2022-10-20 10:19:28,776 - INFO - <module> : Choose 'Yes' from the options.
2022-10-20 10:19:28,844 - INFO - <module> : Clicked
2022-10-20 10:19:28,844 - INFO - <module> : Clicked
2022-10-20 10:19:28,844 - INFO - <module> : Clicked
2022-10-20 10:19:28,844 - INFO - <module> : Clicked
2022-10-20 10:19:31,724 - INFO - <module> : Click the dropdown field for Q2.
2022-10-20 10:19:31,724 - INFO - <module> : Click the dropdown field for Q2.
2022-10-20 10:19:31,724 - INFO - <module> : Click the dropdown field for Q2.
2022-10-20 10:19:31,724 - INFO - <module> : Click the dropdown field for Q2.
2022-10-20 10:19:31,819 - INFO - <module> : Clicked
2022-10-20 10:19:31,819 - INFO - <module> : Clicked
2022-10-20 10:19:31,819 - INFO - <module> : Clicked
2022-10-20 10:19:31,819 - INFO - <module> : Clicked
2022-10-20 10:19:34,813 - INFO - <module> : Choose 'Streetlight is always on, even during daytime' from the option.
2022-10-20 10:19:34,813 - INFO - <module> : Choose 'Streetlight is always on, even during daytime' from the option.
2022-10-20 10:19:34,813 - INFO - <module> : Choose 'Streetlight is always on, even during daytime' from the option.
2022-10-20 10:19:34,813 - INFO - <module> : Choose 'Streetlight is always on, even during daytime' from the option.
2022-10-20 10:19:34,915 - INFO - <module> : Clicked
2022-10-20 10:19:34,915 - INFO - <module> : Clicked
2022-10-20 10:19:34,915 - INFO - <module> : Clicked
2022-10-20 10:19:34,915 - INFO - <module> : Clicked
2022-10-20 10:19:37,940 - INFO - <module> : Populate the following fields by selecting from one of the picklist values, as applicable:
- Province
- City/Municipality
- Barangay
- Subdivision
- Street
- House/Unit No./ Floor/ Building
2022-10-20 10:19:37,940 - INFO - <module> : Populate the following fields by selecting from one of the picklist values, as applicable:
- Province
- City/Municipality
- Barangay
- Subdivision
- Street
- House/Unit No./ Floor/ Building
2022-10-20 10:19:37,940 - INFO - <module> : Populate the following fields by selecting from one of the picklist values, as applicable:
- Province
- City/Municipality
- Barangay
- Subdivision
- Street
- House/Unit No./ Floor/ Building
2022-10-20 10:19:37,940 - INFO - <module> : Populate the following fields by selecting from one of the picklist values, as applicable:
- Province
- City/Municipality
- Barangay
- Subdivision
- Street
- House/Unit No./ Floor/ Building
2022-10-20 10:19:38,048 - INFO - <module> : Clicked
2022-10-20 10:19:38,048 - INFO - <module> : Clicked
2022-10-20 10:19:38,048 - INFO - <module> : Clicked
2022-10-20 10:19:38,048 - INFO - <module> : Clicked
2022-10-20 10:19:38,607 - INFO - <module> : Clicked
2022-10-20 10:19:38,607 - INFO - <module> : Clicked
2022-10-20 10:19:38,607 - INFO - <module> : Clicked
2022-10-20 10:19:38,607 - INFO - <module> : Clicked
2022-10-20 10:19:39,175 - INFO - <module> : Clicked
2022-10-20 10:19:39,175 - INFO - <module> : Clicked
2022-10-20 10:19:39,175 - INFO - <module> : Clicked
2022-10-20 10:19:39,175 - INFO - <module> : Clicked
2022-10-20 10:19:39,748 - INFO - <module> : Clicked
2022-10-20 10:19:39,748 - INFO - <module> : Clicked
2022-10-20 10:19:39,748 - INFO - <module> : Clicked
2022-10-20 10:19:39,748 - INFO - <module> : Clicked
2022-10-20 10:19:40,331 - INFO - <module> : Clicked
2022-10-20 10:19:40,331 - INFO - <module> : Clicked
2022-10-20 10:19:40,331 - INFO - <module> : Clicked
2022-10-20 10:19:40,331 - INFO - <module> : Clicked
2022-10-20 10:19:40,417 - INFO - <module> : input: 123
2022-10-20 10:19:40,417 - INFO - <module> : input: 123
2022-10-20 10:19:40,417 - INFO - <module> : input: 123
2022-10-20 10:19:40,417 - INFO - <module> : input: 123
2022-10-20 10:19:43,214 - INFO - <module> : Populate 'Pole Number' field.
Note: There should be no pending case associated to the encoded Pole Number.
2022-10-20 10:19:43,214 - INFO - <module> : Populate 'Pole Number' field.
Note: There should be no pending case associated to the encoded Pole Number.
2022-10-20 10:19:43,214 - INFO - <module> : Populate 'Pole Number' field.
Note: There should be no pending case associated to the encoded Pole Number.
2022-10-20 10:19:43,214 - INFO - <module> : Populate 'Pole Number' field.
Note: There should be no pending case associated to the encoded Pole Number.
2022-10-20 10:19:43,359 - INFO - <module> : input: 28
2022-10-20 10:19:43,359 - INFO - <module> : input: 28
2022-10-20 10:19:43,359 - INFO - <module> : input: 28
2022-10-20 10:19:43,359 - INFO - <module> : input: 28
2022-10-20 10:19:46,229 - INFO - <module> : Select the 'Landmarks/Directions' option and input values in the text box.
2022-10-20 10:19:46,229 - INFO - <module> : Select the 'Landmarks/Directions' option and input values in the text box.
2022-10-20 10:19:46,229 - INFO - <module> : Select the 'Landmarks/Directions' option and input values in the text box.
2022-10-20 10:19:46,229 - INFO - <module> : Select the 'Landmarks/Directions' option and input values in the text box.
2022-10-20 10:19:46,326 - INFO - <module> : Clicked
2022-10-20 10:19:46,326 - INFO - <module> : Clicked
2022-10-20 10:19:46,326 - INFO - <module> : Clicked
2022-10-20 10:19:46,326 - INFO - <module> : Clicked
2022-10-20 10:19:46,571 - INFO - <module> : Clicked
2022-10-20 10:19:46,571 - INFO - <module> : Clicked
2022-10-20 10:19:46,571 - INFO - <module> : Clicked
2022-10-20 10:19:46,571 - INFO - <module> : Clicked
2022-10-20 10:19:46,681 - INFO - <module> : input: Sample Text
2022-10-20 10:19:46,681 - INFO - <module> : input: Sample Text
2022-10-20 10:19:46,681 - INFO - <module> : input: Sample Text
2022-10-20 10:19:46,681 - INFO - <module> : input: Sample Text
2022-10-20 10:19:54,688 - INFO - <module> : Populate the following fields:
a) First Name
b) Middle Name
c) Last Name
d) Mobile Number
e) Landline
f) Email
2022-10-20 10:19:54,688 - INFO - <module> : Populate the following fields:
a) First Name
b) Middle Name
c) Last Name
d) Mobile Number
e) Landline
f) Email
2022-10-20 10:19:54,688 - INFO - <module> : Populate the following fields:
a) First Name
b) Middle Name
c) Last Name
d) Mobile Number
e) Landline
f) Email
2022-10-20 10:19:54,688 - INFO - <module> : Populate the following fields:
a) First Name
b) Middle Name
c) Last Name
d) Mobile Number
e) Landline
f) Email
2022-10-20 10:19:54,808 - INFO - <module> : input: sample
2022-10-20 10:19:54,808 - INFO - <module> : input: sample
2022-10-20 10:19:54,808 - INFO - <module> : input: sample
2022-10-20 10:19:54,808 - INFO - <module> : input: sample
2022-10-20 10:19:54,876 - INFO - <module> : input: middle
2022-10-20 10:19:54,876 - INFO - <module> : input: middle
2022-10-20 10:19:54,876 - INFO - <module> : input: middle
2022-10-20 10:19:54,876 - INFO - <module> : input: middle
2022-10-20 10:19:54,939 - INFO - <module> : input: report
2022-10-20 10:19:54,939 - INFO - <module> : input: report
2022-10-20 10:19:54,939 - INFO - <module> : input: report
2022-10-20 10:19:54,939 - INFO - <module> : input: report
2022-10-20 10:19:55,014 - INFO - <module> : input: +639758880793
2022-10-20 10:19:55,014 - INFO - <module> : input: +639758880793
2022-10-20 10:19:55,014 - INFO - <module> : input: +639758880793
2022-10-20 10:19:55,014 - INFO - <module> : input: +639758880793
2022-10-20 10:19:55,078 - INFO - <module> : input: 
2022-10-20 10:19:55,078 - INFO - <module> : input: 
2022-10-20 10:19:55,078 - INFO - <module> : input: 
2022-10-20 10:19:55,078 - INFO - <module> : input: 
2022-10-20 10:19:55,158 - INFO - <module> : input: testautomationoutage@yopmail.com
2022-10-20 10:19:55,158 - INFO - <module> : input: testautomationoutage@yopmail.com
2022-10-20 10:19:55,158 - INFO - <module> : input: testautomationoutage@yopmail.com
2022-10-20 10:19:55,158 - INFO - <module> : input: testautomationoutage@yopmail.com
2022-10-20 10:19:58,115 - INFO - <module> : Verify if 'Yes' is selected from the options under 'Do you want to receive updates related to this report?'
2022-10-20 10:19:58,115 - INFO - <module> : Verify if 'Yes' is selected from the options under 'Do you want to receive updates related to this report?'
2022-10-20 10:19:58,115 - INFO - <module> : Verify if 'Yes' is selected from the options under 'Do you want to receive updates related to this report?'
2022-10-20 10:19:58,115 - INFO - <module> : Verify if 'Yes' is selected from the options under 'Do you want to receive updates related to this report?'
2022-10-20 10:20:01,129 - INFO - <module> : Select SMS and Email as preferred Case Notification Channel.
Note: Ensure that 'Email' field has valid value if Email has been selected as preferred Case Notification Channel.
2022-10-20 10:20:01,129 - INFO - <module> : Select SMS and Email as preferred Case Notification Channel.
Note: Ensure that 'Email' field has valid value if Email has been selected as preferred Case Notification Channel.
2022-10-20 10:20:01,129 - INFO - <module> : Select SMS and Email as preferred Case Notification Channel.
Note: Ensure that 'Email' field has valid value if Email has been selected as preferred Case Notification Channel.
2022-10-20 10:20:01,129 - INFO - <module> : Select SMS and Email as preferred Case Notification Channel.
Note: Ensure that 'Email' field has valid value if Email has been selected as preferred Case Notification Channel.
2022-10-20 10:20:01,224 - INFO - <module> : Clicked
2022-10-20 10:20:01,224 - INFO - <module> : Clicked
2022-10-20 10:20:01,224 - INFO - <module> : Clicked
2022-10-20 10:20:01,224 - INFO - <module> : Clicked
2022-10-20 10:20:01,293 - INFO - <module> : Clicked
2022-10-20 10:20:01,293 - INFO - <module> : Clicked
2022-10-20 10:20:01,293 - INFO - <module> : Clicked
2022-10-20 10:20:01,293 - INFO - <module> : Clicked
2022-10-20 10:20:04,357 - INFO - <module> : Select the checkbox for:
I have read and agree to the Meralco Online Terms & Conditions and consent to the processing of my personal data in accordance with the Privacy Policy.
2022-10-20 10:20:04,357 - INFO - <module> : Select the checkbox for:
I have read and agree to the Meralco Online Terms & Conditions and consent to the processing of my personal data in accordance with the Privacy Policy.
2022-10-20 10:20:04,357 - INFO - <module> : Select the checkbox for:
I have read and agree to the Meralco Online Terms & Conditions and consent to the processing of my personal data in accordance with the Privacy Policy.
2022-10-20 10:20:04,357 - INFO - <module> : Select the checkbox for:
I have read and agree to the Meralco Online Terms & Conditions and consent to the processing of my personal data in accordance with the Privacy Policy.
2022-10-20 10:20:04,487 - INFO - <module> : Clicked
2022-10-20 10:20:04,487 - INFO - <module> : Clicked
2022-10-20 10:20:04,487 - INFO - <module> : Clicked
2022-10-20 10:20:04,487 - INFO - <module> : Clicked
2022-10-20 10:20:07,417 - INFO - <module> : Click ‘Submit’ button.
2022-10-20 10:20:07,417 - INFO - <module> : Click ‘Submit’ button.
2022-10-20 10:20:07,417 - INFO - <module> : Click ‘Submit’ button.
2022-10-20 10:20:07,417 - INFO - <module> : Click ‘Submit’ button.
2022-10-20 10:20:07,541 - INFO - <module> : Clicked
2022-10-20 10:20:07,541 - INFO - <module> : Clicked
2022-10-20 10:20:07,541 - INFO - <module> : Clicked
2022-10-20 10:20:07,541 - INFO - <module> : Clicked
2022-10-20 10:20:25,544 - INFO - <module> : Verify received SMS notification.
2022-10-20 10:20:25,544 - INFO - <module> : Verify received SMS notification.
2022-10-20 10:20:25,544 - INFO - <module> : Verify received SMS notification.
2022-10-20 10:20:25,544 - INFO - <module> : Verify received SMS notification.
2022-10-20 10:20:26,329 - INFO - <module> : Verify received Email notification.
2022-10-20 10:20:26,329 - INFO - <module> : Verify received Email notification.
2022-10-20 10:20:26,329 - INFO - <module> : Verify received Email notification.
2022-10-20 10:20:26,329 - INFO - <module> : Verify received Email notification.
2022-10-20 10:20:35,643 - INFO - <module> : Opened: https://yopmail.com/en/
2022-10-20 10:20:35,643 - INFO - <module> : Opened: https://yopmail.com/en/
2022-10-20 10:20:35,643 - INFO - <module> : Opened: https://yopmail.com/en/
2022-10-20 10:20:35,643 - INFO - <module> : Opened: https://yopmail.com/en/
2022-10-20 10:20:35,876 - INFO - <module> : input: testautomationoutage@yopmail.com
2022-10-20 10:20:35,876 - INFO - <module> : input: testautomationoutage@yopmail.com
2022-10-20 10:20:35,876 - INFO - <module> : input: testautomationoutage@yopmail.com
2022-10-20 10:20:35,876 - INFO - <module> : input: testautomationoutage@yopmail.com
2022-10-20 10:20:37,156 - INFO - <module> : Clicked
2022-10-20 10:20:37,156 - INFO - <module> : Clicked
2022-10-20 10:20:37,156 - INFO - <module> : Clicked
2022-10-20 10:20:37,156 - INFO - <module> : Clicked
2022-10-20 10:20:40,162 - INFO - <module> : Access outage reporting form for Guest users.
2022-10-20 10:20:40,162 - INFO - <module> : Access outage reporting form for Guest users.
2022-10-20 10:20:40,162 - INFO - <module> : Access outage reporting form for Guest users.
2022-10-20 10:20:40,162 - INFO - <module> : Access outage reporting form for Guest users.
2022-10-20 10:20:42,075 - INFO - <module> : Opened: https://fuat-meralco.cs73.force.com/customers/s/outagemap
2022-10-20 10:20:42,075 - INFO - <module> : Opened: https://fuat-meralco.cs73.force.com/customers/s/outagemap
2022-10-20 10:20:42,075 - INFO - <module> : Opened: https://fuat-meralco.cs73.force.com/customers/s/outagemap
2022-10-20 10:20:42,075 - INFO - <module> : Opened: https://fuat-meralco.cs73.force.com/customers/s/outagemap
2022-10-20 10:20:44,924 - INFO - <module> : Meralco would like to access your location to identify if your area is affected by an outage. exists
2022-10-20 10:20:44,924 - INFO - <module> : Meralco would like to access your location to identify if your area is affected by an outage. exists
2022-10-20 10:20:44,924 - INFO - <module> : Meralco would like to access your location to identify if your area is affected by an outage. exists
2022-10-20 10:20:44,924 - INFO - <module> : Meralco would like to access your location to identify if your area is affected by an outage. exists
2022-10-20 10:20:47,024 - INFO - <module> : Clicked
2022-10-20 10:20:47,024 - INFO - <module> : Clicked
2022-10-20 10:20:47,024 - INFO - <module> : Clicked
2022-10-20 10:20:47,024 - INFO - <module> : Clicked
2022-10-20 10:20:51,123 - INFO - <module> : Clicked
2022-10-20 10:20:51,123 - INFO - <module> : Clicked
2022-10-20 10:20:51,123 - INFO - <module> : Clicked
2022-10-20 10:20:51,123 - INFO - <module> : Clicked
2022-10-20 10:20:59,189 - INFO - <module> : Report an Outage or Incident exists
2022-10-20 10:20:59,189 - INFO - <module> : Report an Outage or Incident exists
2022-10-20 10:20:59,189 - INFO - <module> : Report an Outage or Incident exists
2022-10-20 10:20:59,189 - INFO - <module> : Report an Outage or Incident exists
2022-10-20 10:21:02,143 - INFO - <module> : Choose 'Streetlight Concern' from the 'What are you reporting?' option.
2022-10-20 10:21:02,143 - INFO - <module> : Choose 'Streetlight Concern' from the 'What are you reporting?' option.
2022-10-20 10:21:02,143 - INFO - <module> : Choose 'Streetlight Concern' from the 'What are you reporting?' option.
2022-10-20 10:21:02,143 - INFO - <module> : Choose 'Streetlight Concern' from the 'What are you reporting?' option.
2022-10-20 10:21:02,278 - INFO - <module> : Clicked
2022-10-20 10:21:02,278 - INFO - <module> : Clicked
2022-10-20 10:21:02,278 - INFO - <module> : Clicked
2022-10-20 10:21:02,278 - INFO - <module> : Clicked
2022-10-20 10:21:05,279 - INFO - <module> : Choose 'Yes' from the options.
2022-10-20 10:21:05,279 - INFO - <module> : Choose 'Yes' from the options.
2022-10-20 10:21:05,279 - INFO - <module> : Choose 'Yes' from the options.
2022-10-20 10:21:05,279 - INFO - <module> : Choose 'Yes' from the options.
2022-10-20 10:21:05,403 - INFO - <module> : Clicked
2022-10-20 10:21:05,403 - INFO - <module> : Clicked
2022-10-20 10:21:05,403 - INFO - <module> : Clicked
2022-10-20 10:21:05,403 - INFO - <module> : Clicked
2022-10-20 10:21:08,330 - INFO - <module> : Click the dropdown field for Q2.
2022-10-20 10:21:08,330 - INFO - <module> : Click the dropdown field for Q2.
2022-10-20 10:21:08,330 - INFO - <module> : Click the dropdown field for Q2.
2022-10-20 10:21:08,330 - INFO - <module> : Click the dropdown field for Q2.
2022-10-20 10:21:08,464 - INFO - <module> : Clicked
2022-10-20 10:21:08,464 - INFO - <module> : Clicked
2022-10-20 10:21:08,464 - INFO - <module> : Clicked
2022-10-20 10:21:08,464 - INFO - <module> : Clicked
2022-10-20 10:21:11,453 - INFO - <module> : Choose 'Streetlight is flickering' from the option.
2022-10-20 10:21:11,453 - INFO - <module> : Choose 'Streetlight is flickering' from the option.
2022-10-20 10:21:11,453 - INFO - <module> : Choose 'Streetlight is flickering' from the option.
2022-10-20 10:21:11,453 - INFO - <module> : Choose 'Streetlight is flickering' from the option.
2022-10-20 10:21:11,574 - INFO - <module> : Clicked
2022-10-20 10:21:11,574 - INFO - <module> : Clicked
2022-10-20 10:21:11,574 - INFO - <module> : Clicked
2022-10-20 10:21:11,574 - INFO - <module> : Clicked
2022-10-20 10:21:14,655 - INFO - <module> : Populate the following fields by selecting from one of the picklist values, as applicable:
- Province
- City/Municipality
- Barangay
- Subdivision
- Street
- House/Unit No./ Floor/ Building
2022-10-20 10:21:14,655 - INFO - <module> : Populate the following fields by selecting from one of the picklist values, as applicable:
- Province
- City/Municipality
- Barangay
- Subdivision
- Street
- House/Unit No./ Floor/ Building
2022-10-20 10:21:14,655 - INFO - <module> : Populate the following fields by selecting from one of the picklist values, as applicable:
- Province
- City/Municipality
- Barangay
- Subdivision
- Street
- House/Unit No./ Floor/ Building
2022-10-20 10:21:14,655 - INFO - <module> : Populate the following fields by selecting from one of the picklist values, as applicable:
- Province
- City/Municipality
- Barangay
- Subdivision
- Street
- House/Unit No./ Floor/ Building
2022-10-20 10:21:14,783 - INFO - <module> : Clicked
2022-10-20 10:21:14,783 - INFO - <module> : Clicked
2022-10-20 10:21:14,783 - INFO - <module> : Clicked
2022-10-20 10:21:14,783 - INFO - <module> : Clicked
2022-10-20 10:21:15,379 - INFO - <module> : Clicked
2022-10-20 10:21:15,379 - INFO - <module> : Clicked
2022-10-20 10:21:15,379 - INFO - <module> : Clicked
2022-10-20 10:21:15,379 - INFO - <module> : Clicked
2022-10-20 10:21:15,964 - INFO - <module> : Clicked
2022-10-20 10:21:15,964 - INFO - <module> : Clicked
2022-10-20 10:21:15,964 - INFO - <module> : Clicked
2022-10-20 10:21:15,964 - INFO - <module> : Clicked
2022-10-20 10:21:16,563 - INFO - <module> : Clicked
2022-10-20 10:21:16,563 - INFO - <module> : Clicked
2022-10-20 10:21:16,563 - INFO - <module> : Clicked
2022-10-20 10:21:16,563 - INFO - <module> : Clicked
2022-10-20 10:21:17,148 - INFO - <module> : Clicked
2022-10-20 10:21:17,148 - INFO - <module> : Clicked
2022-10-20 10:21:17,148 - INFO - <module> : Clicked
2022-10-20 10:21:17,148 - INFO - <module> : Clicked
2022-10-20 10:21:17,227 - INFO - <module> : input: 123
2022-10-20 10:21:17,227 - INFO - <module> : input: 123
2022-10-20 10:21:17,227 - INFO - <module> : input: 123
2022-10-20 10:21:17,227 - INFO - <module> : input: 123
2022-10-20 10:21:20,256 - INFO - <module> : Populate 'Pole Number' field using the values encoded in the prior report.
2022-10-20 10:21:20,256 - INFO - <module> : Populate 'Pole Number' field using the values encoded in the prior report.
2022-10-20 10:21:20,256 - INFO - <module> : Populate 'Pole Number' field using the values encoded in the prior report.
2022-10-20 10:21:20,256 - INFO - <module> : Populate 'Pole Number' field using the values encoded in the prior report.
2022-10-20 10:21:20,417 - INFO - <module> : input: 28
2022-10-20 10:21:20,417 - INFO - <module> : input: 28
2022-10-20 10:21:20,417 - INFO - <module> : input: 28
2022-10-20 10:21:20,417 - INFO - <module> : input: 28
2022-10-20 10:21:25,131 - INFO - setup : Close Browser
