2023-01-11 10:05:18,841 - INFO - setup : Browser Launched!
2023-01-11 10:05:42,761 - INFO - <module> : Go to Outages & Incidents > Report Streetlight And Safety Concerns
2023-01-11 10:05:42,761 - INFO - <module> : Go to Outages & Incidents > Report Streetlight And Safety Concerns
2023-01-11 10:05:42,761 - INFO - <module> : Go to Outages & Incidents > Report Streetlight And Safety Concerns
2023-01-11 10:05:42,761 - INFO - <module> : Go to Outages & Incidents > Report Streetlight And Safety Concerns
2023-01-11 10:05:42,761 - INFO - <module> : Go to Outages & Incidents > Report Streetlight And Safety Concerns
2023-01-11 10:06:19,406 - INFO - <module> : Opened: https://fuat-meralco.cs73.force.com/customers/s/outagemap
2023-01-11 10:06:19,406 - INFO - <module> : Opened: https://fuat-meralco.cs73.force.com/customers/s/outagemap
2023-01-11 10:06:19,406 - INFO - <module> : Opened: https://fuat-meralco.cs73.force.com/customers/s/outagemap
2023-01-11 10:06:19,406 - INFO - <module> : Opened: https://fuat-meralco.cs73.force.com/customers/s/outagemap
2023-01-11 10:06:19,406 - INFO - <module> : Opened: https://fuat-meralco.cs73.force.com/customers/s/outagemap
2023-01-11 10:06:19,646 - INFO - <module> : Meralco would like to access your location to identify if your area is affected by an outage. exists
2023-01-11 10:06:19,646 - INFO - <module> : Meralco would like to access your location to identify if your area is affected by an outage. exists
2023-01-11 10:06:19,646 - INFO - <module> : Meralco would like to access your location to identify if your area is affected by an outage. exists
2023-01-11 10:06:19,646 - INFO - <module> : Meralco would like to access your location to identify if your area is affected by an outage. exists
2023-01-11 10:06:19,646 - INFO - <module> : Meralco would like to access your location to identify if your area is affected by an outage. exists
2023-01-11 10:06:21,742 - INFO - <module> : Clicked
2023-01-11 10:06:21,742 - INFO - <module> : Clicked
2023-01-11 10:06:21,742 - INFO - <module> : Clicked
2023-01-11 10:06:21,742 - INFO - <module> : Clicked
2023-01-11 10:06:21,742 - INFO - <module> : Clicked
2023-01-11 10:06:25,832 - INFO - <module> : Clicked
2023-01-11 10:06:25,832 - INFO - <module> : Clicked
2023-01-11 10:06:25,832 - INFO - <module> : Clicked
2023-01-11 10:06:25,832 - INFO - <module> : Clicked
2023-01-11 10:06:25,832 - INFO - <module> : Clicked
2023-01-11 10:06:36,853 - INFO - <module> : Report an Outage or Incident exists
2023-01-11 10:06:36,853 - INFO - <module> : Report an Outage or Incident exists
2023-01-11 10:06:36,853 - INFO - <module> : Report an Outage or Incident exists
2023-01-11 10:06:36,853 - INFO - <module> : Report an Outage or Incident exists
2023-01-11 10:06:36,853 - INFO - <module> : Report an Outage or Incident exists
2023-01-11 10:06:36,963 - INFO - <module> : Clicked
2023-01-11 10:06:36,963 - INFO - <module> : Clicked
2023-01-11 10:06:36,963 - INFO - <module> : Clicked
2023-01-11 10:06:36,963 - INFO - <module> : Clicked
2023-01-11 10:06:36,963 - INFO - <module> : Clicked
2023-01-11 10:07:07,464 - ERROR - <module> : Cannot Locate: safety_pole_fallen
2023-01-11 10:07:07,464 - ERROR - <module> : Cannot Locate: safety_pole_fallen
2023-01-11 10:07:07,464 - ERROR - <module> : Cannot Locate: safety_pole_fallen
2023-01-11 10:07:07,464 - ERROR - <module> : Cannot Locate: safety_pole_fallen
2023-01-11 10:07:07,464 - ERROR - <module> : Cannot Locate: safety_pole_fallen
2023-01-11 10:07:07,510 - INFO - setup : Close Browser
