2022-10-11 13:03:28,280 - INFO - setup : Browser Launched!
2022-10-11 13:03:42,603 - INFO - <module> : Go to Registration page
2022-10-11 13:03:42,603 - INFO - <module> : Go to Registration page
2022-10-11 13:03:42,603 - INFO - <module> : Go to Registration page
2022-10-11 13:03:43,358 - INFO - <module> : Clicked
2022-10-11 13:03:43,358 - INFO - <module> : Clicked
2022-10-11 13:03:43,358 - INFO - <module> : Clicked
2022-10-11 13:03:44,498 - INFO - <module> : Create a New Account exists
2022-10-11 13:03:44,498 - INFO - <module> : Create a New Account exists
2022-10-11 13:03:44,498 - INFO - <module> : Create a New Account exists
2022-10-11 13:03:47,042 - INFO - <module> : Click Sign In with Google
2022-10-11 13:03:47,042 - INFO - <module> : Click Sign In with Google
2022-10-11 13:03:47,042 - INFO - <module> : Click Sign In with Google
2022-10-11 13:03:47,125 - INFO - <module> : Log In with Google clicked
2022-10-11 13:03:47,125 - INFO - <module> : Log In with Google clicked
2022-10-11 13:03:47,125 - INFO - <module> : Log In with Google clicked
2022-10-11 13:04:17,572 - INFO - <module> : input: mecoautomationhybrid01@gmail.com
2022-10-11 13:04:17,572 - INFO - <module> : input: mecoautomationhybrid01@gmail.com
2022-10-11 13:04:17,572 - INFO - <module> : input: mecoautomationhybrid01@gmail.com
2022-10-11 13:04:19,904 - INFO - <module> : Populate required credentials > Login
2022-10-11 13:04:19,904 - INFO - <module> : Populate required credentials > Login
2022-10-11 13:04:19,904 - INFO - <module> : Populate required credentials > Login
2022-10-11 13:04:19,999 - INFO - <module> : Susunod clicked
2022-10-11 13:04:19,999 - INFO - <module> : Susunod clicked
2022-10-11 13:04:19,999 - INFO - <module> : Susunod clicked
2022-10-11 13:04:21,113 - INFO - <module> : input: Meralco01
2022-10-11 13:04:21,113 - INFO - <module> : input: Meralco01
2022-10-11 13:04:21,113 - INFO - <module> : input: Meralco01
2022-10-11 13:04:23,364 - INFO - <module> : Susunod clicked
2022-10-11 13:04:23,364 - INFO - <module> : Susunod clicked
2022-10-11 13:04:23,364 - INFO - <module> : Susunod clicked
2022-10-11 13:05:03,606 - INFO - <module> : Upon registration, validate Enroll a Service window prompt
2022-10-11 13:05:03,606 - INFO - <module> : Upon registration, validate Enroll a Service window prompt
2022-10-11 13:05:03,606 - INFO - <module> : Upon registration, validate Enroll a Service window prompt
2022-10-11 13:05:03,668 - INFO - <module> : Help us know more about you! exists
2022-10-11 13:05:03,668 - INFO - <module> : Help us know more about you! exists
2022-10-11 13:05:03,668 - INFO - <module> : Help us know more about you! exists
2022-10-11 13:05:06,077 - INFO - <module> : Populate the following field:
- Mobile Number
- CAN
- Service ID No.
- Bill Deposit
- Payment Date
-Meralco Online Terms and Conditions tick box
2022-10-11 13:05:06,077 - INFO - <module> : Populate the following field:
- Mobile Number
- CAN
- Service ID No.
- Bill Deposit
- Payment Date
-Meralco Online Terms and Conditions tick box
2022-10-11 13:05:06,077 - INFO - <module> : Populate the following field:
- Mobile Number
- CAN
- Service ID No.
- Bill Deposit
- Payment Date
-Meralco Online Terms and Conditions tick box
2022-10-11 13:05:06,148 - INFO - setup : Close Browser
