2022-10-14 12:55:28,427 - INFO - setup : Browser Launched!
2022-10-14 12:55:36,495 - INFO - <module> : Go to https://fuat-meralco.cs73.force.com/customers/s/outagemap
2022-10-14 12:55:36,495 - INFO - <module> : Go to https://fuat-meralco.cs73.force.com/customers/s/outagemap
2022-10-14 12:55:36,495 - INFO - <module> : Go to https://fuat-meralco.cs73.force.com/customers/s/outagemap
2022-10-14 12:55:36,495 - INFO - <module> : Go to https://fuat-meralco.cs73.force.com/customers/s/outagemap
2022-10-14 12:55:41,270 - INFO - <module> : Opened: https://fuat-meralco.cs73.force.com/customers/s/outagemap
2022-10-14 12:55:41,270 - INFO - <module> : Opened: https://fuat-meralco.cs73.force.com/customers/s/outagemap
2022-10-14 12:55:41,270 - INFO - <module> : Opened: https://fuat-meralco.cs73.force.com/customers/s/outagemap
2022-10-14 12:55:41,270 - INFO - <module> : Opened: https://fuat-meralco.cs73.force.com/customers/s/outagemap
2022-10-14 12:55:44,373 - INFO - <module> : Disagree clicked
2022-10-14 12:55:44,373 - INFO - <module> : Disagree clicked
2022-10-14 12:55:44,373 - INFO - <module> : Disagree clicked
2022-10-14 12:55:44,373 - INFO - <module> : Disagree clicked
2022-10-14 12:55:51,388 - INFO - <module> : Click on Refresh button beside label Updated as of <date & time>
2022-10-14 12:55:51,388 - INFO - <module> : Click on Refresh button beside label Updated as of <date & time>
2022-10-14 12:55:51,388 - INFO - <module> : Click on Refresh button beside label Updated as of <date & time>
2022-10-14 12:55:51,388 - INFO - <module> : Click on Refresh button beside label Updated as of <date & time>
2022-10-14 12:55:51,590 - INFO - <module> : refresh clicked
2022-10-14 12:55:51,590 - INFO - <module> : refresh clicked
2022-10-14 12:55:51,590 - INFO - <module> : refresh clicked
2022-10-14 12:55:51,590 - INFO - <module> : refresh clicked
2022-10-14 12:56:01,949 - INFO - <module> : Login to Meralco Online
2022-10-14 12:56:01,949 - INFO - <module> : Login to Meralco Online
2022-10-14 12:56:01,949 - INFO - <module> : Login to Meralco Online
2022-10-14 12:56:01,949 - INFO - <module> : Login to Meralco Online
2022-10-14 12:56:03,286 - INFO - <module> : Opened: https://fuat-meralco.cs73.force.com/customers/s/splash
2022-10-14 12:56:03,286 - INFO - <module> : Opened: https://fuat-meralco.cs73.force.com/customers/s/splash
2022-10-14 12:56:03,286 - INFO - <module> : Opened: https://fuat-meralco.cs73.force.com/customers/s/splash
2022-10-14 12:56:03,286 - INFO - <module> : Opened: https://fuat-meralco.cs73.force.com/customers/s/splash
2022-10-14 12:56:03,548 - INFO - <module> : input: atmooutageaccount@yopmail.com
2022-10-14 12:56:03,548 - INFO - <module> : input: atmooutageaccount@yopmail.com
2022-10-14 12:56:03,548 - INFO - <module> : input: atmooutageaccount@yopmail.com
2022-10-14 12:56:03,548 - INFO - <module> : input: atmooutageaccount@yopmail.com
2022-10-14 12:56:03,638 - INFO - <module> : input: Meralco01
2022-10-14 12:56:03,638 - INFO - <module> : input: Meralco01
2022-10-14 12:56:03,638 - INFO - <module> : input: Meralco01
2022-10-14 12:56:03,638 - INFO - <module> : input: Meralco01
2022-10-14 12:56:03,719 - INFO - <module> : Log in clicked
2022-10-14 12:56:03,719 - INFO - <module> : Log in clicked
2022-10-14 12:56:03,719 - INFO - <module> : Log in clicked
2022-10-14 12:56:03,719 - INFO - <module> : Log in clicked
2022-10-14 12:56:07,361 - INFO - <module> : Hello, exists
2022-10-14 12:56:07,361 - INFO - <module> : Hello, exists
2022-10-14 12:56:07,361 - INFO - <module> : Hello, exists
2022-10-14 12:56:07,361 - INFO - <module> : Hello, exists
2022-10-14 12:56:07,384 - INFO - <module> : Hello, exists
2022-10-14 12:56:07,384 - INFO - <module> : Hello, exists
2022-10-14 12:56:07,384 - INFO - <module> : Hello, exists
2022-10-14 12:56:07,384 - INFO - <module> : Hello, exists
2022-10-14 12:56:10,367 - INFO - <module> : Go to Outages & Incidents > View/Report Outages
2022-10-14 12:56:10,367 - INFO - <module> : Go to Outages & Incidents > View/Report Outages
2022-10-14 12:56:10,367 - INFO - <module> : Go to Outages & Incidents > View/Report Outages
2022-10-14 12:56:10,367 - INFO - <module> : Go to Outages & Incidents > View/Report Outages
2022-10-14 12:56:10,470 - INFO - <module> : Outages & Incidents clicked
2022-10-14 12:56:10,470 - INFO - <module> : Outages & Incidents clicked
2022-10-14 12:56:10,470 - INFO - <module> : Outages & Incidents clicked
2022-10-14 12:56:10,470 - INFO - <module> : Outages & Incidents clicked
2022-10-14 12:56:10,530 - INFO - <module> :  clicked
2022-10-14 12:56:10,530 - INFO - <module> :  clicked
2022-10-14 12:56:10,530 - INFO - <module> :  clicked
2022-10-14 12:56:10,530 - INFO - <module> :  clicked
2022-10-14 12:56:17,243 - INFO - <module> : Okay clicked
2022-10-14 12:56:17,243 - INFO - <module> : Okay clicked
2022-10-14 12:56:17,243 - INFO - <module> : Okay clicked
2022-10-14 12:56:17,243 - INFO - <module> : Okay clicked
2022-10-14 12:56:20,314 - INFO - <module> : Click on Refresh button beside label Updated as of <date & time>
2022-10-14 12:56:20,314 - INFO - <module> : Click on Refresh button beside label Updated as of <date & time>
2022-10-14 12:56:20,314 - INFO - <module> : Click on Refresh button beside label Updated as of <date & time>
2022-10-14 12:56:20,314 - INFO - <module> : Click on Refresh button beside label Updated as of <date & time>
2022-10-14 12:56:20,525 - INFO - <module> : refresh clicked
2022-10-14 12:56:20,525 - INFO - <module> : refresh clicked
2022-10-14 12:56:20,525 - INFO - <module> : refresh clicked
2022-10-14 12:56:20,525 - INFO - <module> : refresh clicked
2022-10-14 12:56:29,926 - INFO - setup : Close Browser
