2023-01-11 11:02:47,653 - INFO - setup : Browser Launched!
2023-01-11 11:03:01,200 - INFO - <module> : Go to Outages & Incidents > Report Streetlight And Safety Concerns
2023-01-11 11:03:01,200 - INFO - <module> : Go to Outages & Incidents > Report Streetlight And Safety Concerns
2023-01-11 11:03:01,200 - INFO - <module> : Go to Outages & Incidents > Report Streetlight And Safety Concerns
2023-01-11 11:03:01,200 - INFO - <module> : Go to Outages & Incidents > Report Streetlight And Safety Concerns
2023-01-11 11:03:01,200 - INFO - <module> : Go to Outages & Incidents > Report Streetlight And Safety Concerns
2023-01-11 11:03:08,283 - INFO - <module> : Opened: https://fuat-meralco.cs73.force.com/customers/s/outagemap
2023-01-11 11:03:08,283 - INFO - <module> : Opened: https://fuat-meralco.cs73.force.com/customers/s/outagemap
2023-01-11 11:03:08,283 - INFO - <module> : Opened: https://fuat-meralco.cs73.force.com/customers/s/outagemap
2023-01-11 11:03:08,283 - INFO - <module> : Opened: https://fuat-meralco.cs73.force.com/customers/s/outagemap
2023-01-11 11:03:08,283 - INFO - <module> : Opened: https://fuat-meralco.cs73.force.com/customers/s/outagemap
2023-01-11 11:03:11,137 - INFO - <module> : Meralco would like to access your location to identify if your area is affected by an outage. exists
2023-01-11 11:03:11,137 - INFO - <module> : Meralco would like to access your location to identify if your area is affected by an outage. exists
2023-01-11 11:03:11,137 - INFO - <module> : Meralco would like to access your location to identify if your area is affected by an outage. exists
2023-01-11 11:03:11,137 - INFO - <module> : Meralco would like to access your location to identify if your area is affected by an outage. exists
2023-01-11 11:03:11,137 - INFO - <module> : Meralco would like to access your location to identify if your area is affected by an outage. exists
2023-01-11 11:03:13,241 - INFO - <module> : Clicked
2023-01-11 11:03:13,241 - INFO - <module> : Clicked
2023-01-11 11:03:13,241 - INFO - <module> : Clicked
2023-01-11 11:03:13,241 - INFO - <module> : Clicked
2023-01-11 11:03:13,241 - INFO - <module> : Clicked
2023-01-11 11:03:17,344 - INFO - <module> : Clicked
2023-01-11 11:03:17,344 - INFO - <module> : Clicked
2023-01-11 11:03:17,344 - INFO - <module> : Clicked
2023-01-11 11:03:17,344 - INFO - <module> : Clicked
2023-01-11 11:03:17,344 - INFO - <module> : Clicked
2023-01-11 11:03:26,409 - INFO - <module> : Report an Outage or Incident exists
2023-01-11 11:03:26,409 - INFO - <module> : Report an Outage or Incident exists
2023-01-11 11:03:26,409 - INFO - <module> : Report an Outage or Incident exists
2023-01-11 11:03:26,409 - INFO - <module> : Report an Outage or Incident exists
2023-01-11 11:03:26,409 - INFO - <module> : Report an Outage or Incident exists
2023-01-11 11:03:26,466 - INFO - <module> : Clicked
2023-01-11 11:03:26,466 - INFO - <module> : Clicked
2023-01-11 11:03:26,466 - INFO - <module> : Clicked
2023-01-11 11:03:26,466 - INFO - <module> : Clicked
2023-01-11 11:03:26,466 - INFO - <module> : Clicked
2023-01-11 11:03:27,044 - INFO - <module> : Clicked
2023-01-11 11:03:27,044 - INFO - <module> : Clicked
2023-01-11 11:03:27,044 - INFO - <module> : Clicked
2023-01-11 11:03:27,044 - INFO - <module> : Clicked
2023-01-11 11:03:27,044 - INFO - <module> : Clicked
2023-01-11 11:03:27,098 - INFO - <module> : Clicked
2023-01-11 11:03:27,098 - INFO - <module> : Clicked
2023-01-11 11:03:27,098 - INFO - <module> : Clicked
2023-01-11 11:03:27,098 - INFO - <module> : Clicked
2023-01-11 11:03:27,098 - INFO - <module> : Clicked
2023-01-11 11:03:30,229 - INFO - <module> : Populate required fields > click Submit
2023-01-11 11:03:30,229 - INFO - <module> : Populate required fields > click Submit
2023-01-11 11:03:30,229 - INFO - <module> : Populate required fields > click Submit
2023-01-11 11:03:30,229 - INFO - <module> : Populate required fields > click Submit
2023-01-11 11:03:30,229 - INFO - <module> : Populate required fields > click Submit
2023-01-11 11:03:30,303 - INFO - <module> : Clicked
2023-01-11 11:03:30,303 - INFO - <module> : Clicked
2023-01-11 11:03:30,303 - INFO - <module> : Clicked
2023-01-11 11:03:30,303 - INFO - <module> : Clicked
2023-01-11 11:03:30,303 - INFO - <module> : Clicked
2023-01-11 11:03:30,889 - INFO - <module> : Clicked
2023-01-11 11:03:30,889 - INFO - <module> : Clicked
2023-01-11 11:03:30,889 - INFO - <module> : Clicked
2023-01-11 11:03:30,889 - INFO - <module> : Clicked
2023-01-11 11:03:30,889 - INFO - <module> : Clicked
2023-01-11 11:03:31,467 - INFO - <module> : Clicked
2023-01-11 11:03:31,467 - INFO - <module> : Clicked
2023-01-11 11:03:31,467 - INFO - <module> : Clicked
2023-01-11 11:03:31,467 - INFO - <module> : Clicked
2023-01-11 11:03:31,467 - INFO - <module> : Clicked
2023-01-11 11:03:32,568 - INFO - <module> : Clicked
2023-01-11 11:03:32,568 - INFO - <module> : Clicked
2023-01-11 11:03:32,568 - INFO - <module> : Clicked
2023-01-11 11:03:32,568 - INFO - <module> : Clicked
2023-01-11 11:03:32,568 - INFO - <module> : Clicked
2023-01-11 11:03:33,660 - INFO - <module> : Clicked
2023-01-11 11:03:33,660 - INFO - <module> : Clicked
2023-01-11 11:03:33,660 - INFO - <module> : Clicked
2023-01-11 11:03:33,660 - INFO - <module> : Clicked
2023-01-11 11:03:33,660 - INFO - <module> : Clicked
2023-01-11 11:03:33,732 - INFO - <module> : input: 123
2023-01-11 11:03:33,732 - INFO - <module> : input: 123
2023-01-11 11:03:33,732 - INFO - <module> : input: 123
2023-01-11 11:03:33,732 - INFO - <module> : input: 123
2023-01-11 11:03:33,732 - INFO - <module> : input: 123
2023-01-11 11:03:54,024 - INFO - <module> : Clicked
2023-01-11 11:03:54,024 - INFO - <module> : Clicked
2023-01-11 11:03:54,024 - INFO - <module> : Clicked
2023-01-11 11:03:54,024 - INFO - <module> : Clicked
2023-01-11 11:03:54,024 - INFO - <module> : Clicked
2023-01-11 11:03:54,069 - INFO - <module> : Clicked
2023-01-11 11:03:54,069 - INFO - <module> : Clicked
2023-01-11 11:03:54,069 - INFO - <module> : Clicked
2023-01-11 11:03:54,069 - INFO - <module> : Clicked
2023-01-11 11:03:54,069 - INFO - <module> : Clicked
2023-01-11 11:03:54,114 - INFO - <module> : Clicked
2023-01-11 11:03:54,114 - INFO - <module> : Clicked
2023-01-11 11:03:54,114 - INFO - <module> : Clicked
2023-01-11 11:03:54,114 - INFO - <module> : Clicked
2023-01-11 11:03:54,114 - INFO - <module> : Clicked
2023-01-11 11:03:58,992 - INFO - setup : Close Browser
