2022-11-17 10:33:27,612 - INFO - setup : Browser Launched!
2022-11-17 10:33:39,389 - INFO - <module> : Go to Map Displays -> tick Scheduled Interruption -> tick Outage Pins
2022-11-17 10:33:39,389 - INFO - <module> : Go to Map Displays -> tick Scheduled Interruption -> tick Outage Pins
2022-11-17 10:33:39,389 - INFO - <module> : Go to Map Displays -> tick Scheduled Interruption -> tick Outage Pins
2022-11-17 10:33:39,389 - INFO - <module> : Go to Map Displays -> tick Scheduled Interruption -> tick Outage Pins
2022-11-17 10:33:41,669 - INFO - <module> : Opened: https://outage-api.meralco.com.ph/
2022-11-17 10:33:41,669 - INFO - <module> : Opened: https://outage-api.meralco.com.ph/
2022-11-17 10:33:41,669 - INFO - <module> : Opened: https://outage-api.meralco.com.ph/
2022-11-17 10:33:41,669 - INFO - <module> : Opened: https://outage-api.meralco.com.ph/
2022-11-17 10:33:44,689 - INFO - <module> : input: v-lvlgalvez@meralco.com.ph
2022-11-17 10:33:44,689 - INFO - <module> : input: v-lvlgalvez@meralco.com.ph
2022-11-17 10:33:44,689 - INFO - <module> : input: v-lvlgalvez@meralco.com.ph
2022-11-17 10:33:44,689 - INFO - <module> : input: v-lvlgalvez@meralco.com.ph
2022-11-17 10:33:44,801 - INFO - <module> : Clicked
2022-11-17 10:33:44,801 - INFO - <module> : Clicked
2022-11-17 10:33:44,801 - INFO - <module> : Clicked
2022-11-17 10:33:44,801 - INFO - <module> : Clicked
2022-11-17 10:33:45,903 - INFO - <module> : input: Mecopass@@!!121
2022-11-17 10:33:45,903 - INFO - <module> : input: Mecopass@@!!121
2022-11-17 10:33:45,903 - INFO - <module> : input: Mecopass@@!!121
2022-11-17 10:33:45,903 - INFO - <module> : input: Mecopass@@!!121
2022-11-17 10:33:46,471 - INFO - <module> : Clicked
2022-11-17 10:33:46,471 - INFO - <module> : Clicked
2022-11-17 10:33:46,471 - INFO - <module> : Clicked
2022-11-17 10:33:46,471 - INFO - <module> : Clicked
2022-11-17 10:33:47,106 - INFO - <module> : Clicked
2022-11-17 10:33:47,106 - INFO - <module> : Clicked
2022-11-17 10:33:47,106 - INFO - <module> : Clicked
2022-11-17 10:33:47,106 - INFO - <module> : Clicked
2022-11-17 10:34:42,765 - INFO - setup : Close Browser
