2023-01-11 14:13:19,192 - INFO - setup : Browser Launched!
2023-01-11 14:13:50,511 - INFO - <module> : Opened: https://fuat-meralco.cs73.force.com/customers/s/cxe-apply
2023-01-11 14:13:50,511 - INFO - <module> : Opened: https://fuat-meralco.cs73.force.com/customers/s/cxe-apply
2023-01-11 14:13:50,511 - INFO - <module> : Opened: https://fuat-meralco.cs73.force.com/customers/s/cxe-apply
2023-01-11 14:13:50,511 - INFO - <module> : Opened: https://fuat-meralco.cs73.force.com/customers/s/cxe-apply
2023-01-11 14:13:50,511 - INFO - <module> : Opened: https://fuat-meralco.cs73.force.com/customers/s/cxe-apply
2023-01-11 14:13:51,420 - INFO - <module> : Service Application exists
2023-01-11 14:13:51,420 - INFO - <module> : Service Application exists
2023-01-11 14:13:51,420 - INFO - <module> : Service Application exists
2023-01-11 14:13:51,420 - INFO - <module> : Service Application exists
2023-01-11 14:13:51,420 - INFO - <module> : Service Application exists
2023-01-11 14:13:54,629 - INFO - <module> : Clicked
2023-01-11 14:13:54,629 - INFO - <module> : Clicked
2023-01-11 14:13:54,629 - INFO - <module> : Clicked
2023-01-11 14:13:54,629 - INFO - <module> : Clicked
2023-01-11 14:13:54,629 - INFO - <module> : Clicked
2023-01-11 14:13:57,700 - INFO - <module> : Clicked
2023-01-11 14:13:57,700 - INFO - <module> : Clicked
2023-01-11 14:13:57,700 - INFO - <module> : Clicked
2023-01-11 14:13:57,700 - INFO - <module> : Clicked
2023-01-11 14:13:57,700 - INFO - <module> : Clicked
2023-01-11 14:14:10,804 - INFO - setup : Close Browser
