2022-10-26 11:34:52,224 - INFO - setup : Browser Launched!
2022-10-26 11:34:58,986 - INFO - <module> : Click Refresh Data button in header
2022-10-26 11:34:58,986 - INFO - <module> : Click Refresh Data button in header
2022-10-26 11:34:58,986 - INFO - <module> : Click Refresh Data button in header
2022-10-26 11:34:58,986 - INFO - <module> : Click Refresh Data button in header
2022-10-26 11:35:00,976 - INFO - <module> : Opened: https://outage-api.meralco.com.ph/
2022-10-26 11:35:00,976 - INFO - <module> : Opened: https://outage-api.meralco.com.ph/
2022-10-26 11:35:00,976 - INFO - <module> : Opened: https://outage-api.meralco.com.ph/
2022-10-26 11:35:00,976 - INFO - <module> : Opened: https://outage-api.meralco.com.ph/
2022-10-26 11:35:03,211 - INFO - <module> : input: v-lvlgalvez@meralco.com.ph
2022-10-26 11:35:03,211 - INFO - <module> : input: v-lvlgalvez@meralco.com.ph
2022-10-26 11:35:03,211 - INFO - <module> : input: v-lvlgalvez@meralco.com.ph
2022-10-26 11:35:03,211 - INFO - <module> : input: v-lvlgalvez@meralco.com.ph
2022-10-26 11:35:03,263 - INFO - <module> : Clicked
2022-10-26 11:35:03,263 - INFO - <module> : Clicked
2022-10-26 11:35:03,263 - INFO - <module> : Clicked
2022-10-26 11:35:03,263 - INFO - <module> : Clicked
2022-10-26 11:35:04,853 - INFO - <module> : input: Mecopass@@!!129
2022-10-26 11:35:04,853 - INFO - <module> : input: Mecopass@@!!129
2022-10-26 11:35:04,853 - INFO - <module> : input: Mecopass@@!!129
2022-10-26 11:35:04,853 - INFO - <module> : input: Mecopass@@!!129
2022-10-26 11:35:05,388 - INFO - <module> : Clicked
2022-10-26 11:35:05,388 - INFO - <module> : Clicked
2022-10-26 11:35:05,388 - INFO - <module> : Clicked
2022-10-26 11:35:05,388 - INFO - <module> : Clicked
2022-10-26 11:35:05,964 - INFO - <module> : Clicked
2022-10-26 11:35:05,964 - INFO - <module> : Clicked
2022-10-26 11:35:05,964 - INFO - <module> : Clicked
2022-10-26 11:35:05,964 - INFO - <module> : Clicked
2022-10-26 11:35:35,605 - INFO - <module> : Clicked
2022-10-26 11:35:35,605 - INFO - <module> : Clicked
2022-10-26 11:35:35,605 - INFO - <module> : Clicked
2022-10-26 11:35:35,605 - INFO - <module> : Clicked
2022-10-26 11:36:09,749 - ERROR - <module> : Cannot Locate: refresh_button
2022-10-26 11:36:09,749 - ERROR - <module> : Cannot Locate: refresh_button
2022-10-26 11:36:09,749 - ERROR - <module> : Cannot Locate: refresh_button
2022-10-26 11:36:09,749 - ERROR - <module> : Cannot Locate: refresh_button
2022-10-26 11:36:09,830 - INFO - setup : Close Browser
