2023-01-12 12:22:45,156 - INFO - setup : Browser Launched!
2023-01-12 12:23:30,262 - INFO - <module> : Clicked
2023-01-12 12:23:30,262 - INFO - <module> : Clicked
2023-01-12 12:23:30,262 - INFO - <module> : Clicked
2023-01-12 12:23:30,262 - INFO - <module> : Clicked
2023-01-12 12:23:30,262 - INFO - <module> : Clicked
2023-01-12 12:23:38,123 - INFO - <module> : input: tylertesting006@gmail.com
2023-01-12 12:23:38,123 - INFO - <module> : input: tylertesting006@gmail.com
2023-01-12 12:23:38,123 - INFO - <module> : input: tylertesting006@gmail.com
2023-01-12 12:23:38,123 - INFO - <module> : input: tylertesting006@gmail.com
2023-01-12 12:23:38,123 - INFO - <module> : input: tylertesting006@gmail.com
2023-01-12 12:23:38,541 - INFO - <module> : Clicked
2023-01-12 12:23:38,541 - INFO - <module> : Clicked
2023-01-12 12:23:38,541 - INFO - <module> : Clicked
2023-01-12 12:23:38,541 - INFO - <module> : Clicked
2023-01-12 12:23:38,541 - INFO - <module> : Clicked
2023-01-12 12:23:39,983 - INFO - <module> : input: @Dahmer006
2023-01-12 12:23:39,983 - INFO - <module> : input: @Dahmer006
2023-01-12 12:23:39,983 - INFO - <module> : input: @Dahmer006
2023-01-12 12:23:39,983 - INFO - <module> : input: @Dahmer006
2023-01-12 12:23:39,983 - INFO - <module> : input: @Dahmer006
2023-01-12 12:23:40,158 - INFO - <module> : Clicked
2023-01-12 12:23:40,158 - INFO - <module> : Clicked
2023-01-12 12:23:40,158 - INFO - <module> : Clicked
2023-01-12 12:23:40,158 - INFO - <module> : Clicked
2023-01-12 12:23:40,158 - INFO - <module> : Clicked
2023-01-12 12:23:42,832 - INFO - setup : Close Browser
