2022-10-13 08:09:39,904 - INFO - setup : Browser Launched!
2022-10-13 08:09:47,535 - INFO - <module> : Go to External Map 
2022-10-13 08:09:47,535 - INFO - <module> : Go to External Map 
2022-10-13 08:09:47,535 - INFO - <module> : Go to External Map 
2022-10-13 08:09:50,232 - INFO - <module> : Opened: https://fuat-meralco.cs73.force.com/customers/s/outagemap
2022-10-13 08:09:50,232 - INFO - <module> : Opened: https://fuat-meralco.cs73.force.com/customers/s/outagemap
2022-10-13 08:09:50,232 - INFO - <module> : Opened: https://fuat-meralco.cs73.force.com/customers/s/outagemap
2022-10-13 08:09:55,711 - INFO - <module> : Meralco would like to access your location to identify if your area is affected by an outage. exists
2022-10-13 08:09:55,711 - INFO - <module> : Meralco would like to access your location to identify if your area is affected by an outage. exists
2022-10-13 08:09:55,711 - INFO - <module> : Meralco would like to access your location to identify if your area is affected by an outage. exists
2022-10-13 08:09:58,746 - INFO - <module> : Select weather information to be displayed
2022-10-13 08:09:58,746 - INFO - <module> : Select weather information to be displayed
2022-10-13 08:09:58,746 - INFO - <module> : Select weather information to be displayed
2022-10-13 08:09:58,905 - INFO - <module> : Disagree clicked
2022-10-13 08:09:58,905 - INFO - <module> : Disagree clicked
2022-10-13 08:09:58,905 - INFO - <module> : Disagree clicked
2022-10-13 08:09:59,379 - INFO - <module> :  clicked
2022-10-13 08:09:59,379 - INFO - <module> :  clicked
2022-10-13 08:09:59,379 - INFO - <module> :  clicked
2022-10-13 08:10:01,728 - INFO - <module> :  clicked
2022-10-13 08:10:01,728 - INFO - <module> :  clicked
2022-10-13 08:10:01,728 - INFO - <module> :  clicked
2022-10-13 08:10:02,291 - INFO - <module> : close clicked
2022-10-13 08:10:02,291 - INFO - <module> : close clicked
2022-10-13 08:10:02,291 - INFO - <module> : close clicked
2022-10-13 08:10:15,189 - INFO - <module> : Adjust outage map zoom level to greater than 8
2022-10-13 08:10:15,189 - INFO - <module> : Adjust outage map zoom level to greater than 8
2022-10-13 08:10:15,189 - INFO - <module> : Adjust outage map zoom level to greater than 8
2022-10-13 08:10:15,302 - INFO - <module> :  clicked
2022-10-13 08:10:15,302 - INFO - <module> :  clicked
2022-10-13 08:10:15,302 - INFO - <module> :  clicked
2022-10-13 08:10:15,452 - INFO - <module> : remove clicked
2022-10-13 08:10:15,452 - INFO - <module> : remove clicked
2022-10-13 08:10:15,452 - INFO - <module> : remove clicked
2022-10-13 08:10:18,286 - INFO - <module> : Validate weather icons in Internal Map
2022-10-13 08:10:18,286 - INFO - <module> : Validate weather icons in Internal Map
2022-10-13 08:10:18,286 - INFO - <module> : Validate weather icons in Internal Map
2022-10-13 08:10:20,678 - INFO - setup : Close Browser
