2022-10-26 16:01:26,603 - INFO - setup : Browser Launched!
2022-10-26 16:01:38,195 - INFO - <module> : Click on burger menu > Search Locations > Select Service ID No. > Search SIN
2022-10-26 16:01:38,195 - INFO - <module> : Click on burger menu > Search Locations > Select Service ID No. > Search SIN
2022-10-26 16:01:38,195 - INFO - <module> : Click on burger menu > Search Locations > Select Service ID No. > Search SIN
2022-10-26 16:01:38,195 - INFO - <module> : Click on burger menu > Search Locations > Select Service ID No. > Search SIN
2022-10-26 16:01:40,721 - INFO - <module> : Opened: https://outage-api.meralco.com.ph/
2022-10-26 16:01:40,721 - INFO - <module> : Opened: https://outage-api.meralco.com.ph/
2022-10-26 16:01:40,721 - INFO - <module> : Opened: https://outage-api.meralco.com.ph/
2022-10-26 16:01:40,721 - INFO - <module> : Opened: https://outage-api.meralco.com.ph/
2022-10-26 16:01:44,026 - INFO - <module> : input: v-lvlgalvez@meralco.com.ph
2022-10-26 16:01:44,026 - INFO - <module> : input: v-lvlgalvez@meralco.com.ph
2022-10-26 16:01:44,026 - INFO - <module> : input: v-lvlgalvez@meralco.com.ph
2022-10-26 16:01:44,026 - INFO - <module> : input: v-lvlgalvez@meralco.com.ph
2022-10-26 16:01:44,101 - INFO - <module> : Clicked
2022-10-26 16:01:44,101 - INFO - <module> : Clicked
2022-10-26 16:01:44,101 - INFO - <module> : Clicked
2022-10-26 16:01:44,101 - INFO - <module> : Clicked
2022-10-26 16:01:45,186 - INFO - <module> : input: Mecopass@@!!129
2022-10-26 16:01:45,186 - INFO - <module> : input: Mecopass@@!!129
2022-10-26 16:01:45,186 - INFO - <module> : input: Mecopass@@!!129
2022-10-26 16:01:45,186 - INFO - <module> : input: Mecopass@@!!129
2022-10-26 16:01:45,744 - INFO - <module> : Clicked
2022-10-26 16:01:45,744 - INFO - <module> : Clicked
2022-10-26 16:01:45,744 - INFO - <module> : Clicked
2022-10-26 16:01:45,744 - INFO - <module> : Clicked
2022-10-26 16:01:46,331 - INFO - <module> : Clicked
2022-10-26 16:01:46,331 - INFO - <module> : Clicked
2022-10-26 16:01:46,331 - INFO - <module> : Clicked
2022-10-26 16:01:46,331 - INFO - <module> : Clicked
2022-10-26 16:02:15,134 - INFO - <module> : Clicked
2022-10-26 16:02:15,134 - INFO - <module> : Clicked
2022-10-26 16:02:15,134 - INFO - <module> : Clicked
2022-10-26 16:02:15,134 - INFO - <module> : Clicked
2022-10-26 16:02:19,231 - INFO - <module> :  clicked
2022-10-26 16:02:19,231 - INFO - <module> :  clicked
2022-10-26 16:02:19,231 - INFO - <module> :  clicked
2022-10-26 16:02:19,231 - INFO - <module> :  clicked
2022-10-26 16:02:19,330 - INFO - <module> : Search Locations clicked
2022-10-26 16:02:19,330 - INFO - <module> : Search Locations clicked
2022-10-26 16:02:19,330 - INFO - <module> : Search Locations clicked
2022-10-26 16:02:19,330 - INFO - <module> : Search Locations clicked
2022-10-26 16:02:19,385 - INFO - <module> : Service ID No.
arrow_drop_down clicked
2022-10-26 16:02:19,385 - INFO - <module> : Service ID No.
arrow_drop_down clicked
2022-10-26 16:02:19,385 - INFO - <module> : Service ID No.
arrow_drop_down clicked
2022-10-26 16:02:19,385 - INFO - <module> : Service ID No.
arrow_drop_down clicked
2022-10-26 16:02:19,435 - INFO - <module> : Service ID No. clicked
2022-10-26 16:02:19,435 - INFO - <module> : Service ID No. clicked
2022-10-26 16:02:19,435 - INFO - <module> : Service ID No. clicked
2022-10-26 16:02:19,435 - INFO - <module> : Service ID No. clicked
2022-10-26 16:02:19,572 - INFO - <module> : input: 200102850101
2022-10-26 16:02:19,572 - INFO - <module> : input: 200102850101
2022-10-26 16:02:19,572 - INFO - <module> : input: 200102850101
2022-10-26 16:02:19,572 - INFO - <module> : input: 200102850101
2022-10-26 16:02:19,630 - INFO - <module> : Enter: 
2022-10-26 16:02:19,630 - INFO - <module> : Enter: 
2022-10-26 16:02:19,630 - INFO - <module> : Enter: 
2022-10-26 16:02:19,630 - INFO - <module> : Enter: 
2022-10-26 16:02:29,669 - INFO - <module> :  clicked
2022-10-26 16:02:29,669 - INFO - <module> :  clicked
2022-10-26 16:02:29,669 - INFO - <module> :  clicked
2022-10-26 16:02:29,669 - INFO - <module> :  clicked
2022-10-26 16:02:32,144 - INFO - setup : Close Browser
