2023-01-12 10:00:23,925 - INFO - setup : Browser Launched!
2023-01-12 10:00:53,532 - INFO - <module> : Login to Meralco Online
2023-01-12 10:00:53,532 - INFO - <module> : Login to Meralco Online
2023-01-12 10:00:53,532 - INFO - <module> : Login to Meralco Online
2023-01-12 10:00:53,532 - INFO - <module> : Login to Meralco Online
2023-01-12 10:00:53,682 - INFO - <module> : input: ATNewSAMObiz@yopmail.com
2023-01-12 10:00:53,682 - INFO - <module> : input: ATNewSAMObiz@yopmail.com
2023-01-12 10:00:53,682 - INFO - <module> : input: ATNewSAMObiz@yopmail.com
2023-01-12 10:00:53,682 - INFO - <module> : input: ATNewSAMObiz@yopmail.com
2023-01-12 10:00:53,764 - INFO - <module> : input: Meralco01
2023-01-12 10:00:53,764 - INFO - <module> : input: Meralco01
2023-01-12 10:00:53,764 - INFO - <module> : input: Meralco01
2023-01-12 10:00:53,764 - INFO - <module> : input: Meralco01
2023-01-12 10:00:53,824 - INFO - <module> : Clicked
2023-01-12 10:00:53,824 - INFO - <module> : Clicked
2023-01-12 10:00:53,824 - INFO - <module> : Clicked
2023-01-12 10:00:53,824 - INFO - <module> : Clicked
2023-01-12 10:01:24,003 - ERROR - <module> : Cannot Locate: hello_message
2023-01-12 10:01:24,003 - ERROR - <module> : Cannot Locate: hello_message
2023-01-12 10:01:24,003 - ERROR - <module> : Cannot Locate: hello_message
2023-01-12 10:01:24,003 - ERROR - <module> : Cannot Locate: hello_message
2023-01-12 10:01:24,171 - INFO - setup : Close Browser
