2022-10-26 12:56:33,008 - INFO - setup : Browser Launched!
2022-10-26 12:56:46,454 - INFO - <module> : In Outage Map for Internal users, click on  Admin option in the menu
2022-10-26 12:56:46,454 - INFO - <module> : In Outage Map for Internal users, click on  Admin option in the menu
2022-10-26 12:56:46,454 - INFO - <module> : In Outage Map for Internal users, click on  Admin option in the menu
2022-10-26 12:56:46,454 - INFO - <module> : In Outage Map for Internal users, click on  Admin option in the menu
2022-10-26 12:56:51,458 - INFO - <module> : Opened: https://outage-api.meralco.com.ph/
2022-10-26 12:56:51,458 - INFO - <module> : Opened: https://outage-api.meralco.com.ph/
2022-10-26 12:56:51,458 - INFO - <module> : Opened: https://outage-api.meralco.com.ph/
2022-10-26 12:56:51,458 - INFO - <module> : Opened: https://outage-api.meralco.com.ph/
2022-10-26 12:56:53,547 - INFO - <module> : input: v-lvlgalvez@meralco.com.ph
2022-10-26 12:56:53,547 - INFO - <module> : input: v-lvlgalvez@meralco.com.ph
2022-10-26 12:56:53,547 - INFO - <module> : input: v-lvlgalvez@meralco.com.ph
2022-10-26 12:56:53,547 - INFO - <module> : input: v-lvlgalvez@meralco.com.ph
2022-10-26 12:56:53,729 - INFO - <module> : Clicked
2022-10-26 12:56:53,729 - INFO - <module> : Clicked
2022-10-26 12:56:53,729 - INFO - <module> : Clicked
2022-10-26 12:56:53,729 - INFO - <module> : Clicked
2022-10-26 12:56:55,530 - INFO - <module> : input: Mecopass@@!!129
2022-10-26 12:56:55,530 - INFO - <module> : input: Mecopass@@!!129
2022-10-26 12:56:55,530 - INFO - <module> : input: Mecopass@@!!129
2022-10-26 12:56:55,530 - INFO - <module> : input: Mecopass@@!!129
2022-10-26 12:56:56,292 - INFO - <module> : Clicked
2022-10-26 12:56:56,292 - INFO - <module> : Clicked
2022-10-26 12:56:56,292 - INFO - <module> : Clicked
2022-10-26 12:56:56,292 - INFO - <module> : Clicked
2022-10-26 12:56:57,067 - INFO - <module> : Clicked
2022-10-26 12:56:57,067 - INFO - <module> : Clicked
2022-10-26 12:56:57,067 - INFO - <module> : Clicked
2022-10-26 12:56:57,067 - INFO - <module> : Clicked
2022-10-26 12:57:34,136 - INFO - <module> : Clicked
2022-10-26 12:57:34,136 - INFO - <module> : Clicked
2022-10-26 12:57:34,136 - INFO - <module> : Clicked
2022-10-26 12:57:34,136 - INFO - <module> : Clicked
2022-10-26 12:57:38,369 - INFO - <module> :  clicked
2022-10-26 12:57:38,369 - INFO - <module> :  clicked
2022-10-26 12:57:38,369 - INFO - <module> :  clicked
2022-10-26 12:57:38,369 - INFO - <module> :  clicked
2022-10-26 12:57:40,231 - INFO - <module> : Clicked
2022-10-26 12:57:40,231 - INFO - <module> : Clicked
2022-10-26 12:57:40,231 - INFO - <module> : Clicked
2022-10-26 12:57:40,231 - INFO - <module> : Clicked
2022-10-26 12:57:44,638 - INFO - setup : Close Browser
