2022-10-19 15:30:10,013 - INFO - setup : Browser Launched!
2022-10-19 15:30:17,800 - INFO - <module> : Access outage reporting form for Guest users.
2022-10-19 15:30:17,800 - INFO - <module> : Access outage reporting form for Guest users.
2022-10-19 15:30:17,800 - INFO - <module> : Access outage reporting form for Guest users.
2022-10-19 15:30:17,800 - INFO - <module> : Access outage reporting form for Guest users.
2022-10-19 15:30:31,806 - INFO - <module> : Opened: https://fuat-meralco.cs73.force.com/customers/s/outagemap
2022-10-19 15:30:31,806 - INFO - <module> : Opened: https://fuat-meralco.cs73.force.com/customers/s/outagemap
2022-10-19 15:30:31,806 - INFO - <module> : Opened: https://fuat-meralco.cs73.force.com/customers/s/outagemap
2022-10-19 15:30:31,806 - INFO - <module> : Opened: https://fuat-meralco.cs73.force.com/customers/s/outagemap
2022-10-19 15:30:38,330 - INFO - <module> : Meralco would like to access your location to identify if your area is affected by an outage. exists
2022-10-19 15:30:38,330 - INFO - <module> : Meralco would like to access your location to identify if your area is affected by an outage. exists
2022-10-19 15:30:38,330 - INFO - <module> : Meralco would like to access your location to identify if your area is affected by an outage. exists
2022-10-19 15:30:38,330 - INFO - <module> : Meralco would like to access your location to identify if your area is affected by an outage. exists
2022-10-19 15:30:40,426 - INFO - <module> : Clicked
2022-10-19 15:30:40,426 - INFO - <module> : Clicked
2022-10-19 15:30:40,426 - INFO - <module> : Clicked
2022-10-19 15:30:40,426 - INFO - <module> : Clicked
2022-10-19 15:30:44,509 - INFO - <module> : Clicked
2022-10-19 15:30:44,509 - INFO - <module> : Clicked
2022-10-19 15:30:44,509 - INFO - <module> : Clicked
2022-10-19 15:30:44,509 - INFO - <module> : Clicked
2022-10-19 15:30:52,560 - INFO - <module> : Report an Outage or Incident exists
2022-10-19 15:30:52,560 - INFO - <module> : Report an Outage or Incident exists
2022-10-19 15:30:52,560 - INFO - <module> : Report an Outage or Incident exists
2022-10-19 15:30:52,560 - INFO - <module> : Report an Outage or Incident exists
2022-10-19 15:30:55,328 - INFO - <module> : Choose 'Streetlight Concern' from the 'What are you reporting?' option.
2022-10-19 15:30:55,328 - INFO - <module> : Choose 'Streetlight Concern' from the 'What are you reporting?' option.
2022-10-19 15:30:55,328 - INFO - <module> : Choose 'Streetlight Concern' from the 'What are you reporting?' option.
2022-10-19 15:30:55,328 - INFO - <module> : Choose 'Streetlight Concern' from the 'What are you reporting?' option.
2022-10-19 15:30:55,397 - INFO - <module> : Clicked
2022-10-19 15:30:55,397 - INFO - <module> : Clicked
2022-10-19 15:30:55,397 - INFO - <module> : Clicked
2022-10-19 15:30:55,397 - INFO - <module> : Clicked
2022-10-19 15:30:58,161 - INFO - <module> : Choose 'Yes' from the options.
2022-10-19 15:30:58,161 - INFO - <module> : Choose 'Yes' from the options.
2022-10-19 15:30:58,161 - INFO - <module> : Choose 'Yes' from the options.
2022-10-19 15:30:58,161 - INFO - <module> : Choose 'Yes' from the options.
2022-10-19 15:30:58,229 - INFO - <module> : Clicked
2022-10-19 15:30:58,229 - INFO - <module> : Clicked
2022-10-19 15:30:58,229 - INFO - <module> : Clicked
2022-10-19 15:30:58,229 - INFO - <module> : Clicked
2022-10-19 15:31:01,085 - INFO - <module> : Click the dropdown field for Q2.
2022-10-19 15:31:01,085 - INFO - <module> : Click the dropdown field for Q2.
2022-10-19 15:31:01,085 - INFO - <module> : Click the dropdown field for Q2.
2022-10-19 15:31:01,085 - INFO - <module> : Click the dropdown field for Q2.
2022-10-19 15:31:01,173 - INFO - <module> : Clicked
2022-10-19 15:31:01,173 - INFO - <module> : Clicked
2022-10-19 15:31:01,173 - INFO - <module> : Clicked
2022-10-19 15:31:01,173 - INFO - <module> : Clicked
2022-10-19 15:31:04,070 - INFO - <module> : Choose 'Streetlight is always on, even during daytime' from the option.
2022-10-19 15:31:04,070 - INFO - <module> : Choose 'Streetlight is always on, even during daytime' from the option.
2022-10-19 15:31:04,070 - INFO - <module> : Choose 'Streetlight is always on, even during daytime' from the option.
2022-10-19 15:31:04,070 - INFO - <module> : Choose 'Streetlight is always on, even during daytime' from the option.
2022-10-19 15:31:04,152 - INFO - <module> : Clicked
2022-10-19 15:31:04,152 - INFO - <module> : Clicked
2022-10-19 15:31:04,152 - INFO - <module> : Clicked
2022-10-19 15:31:04,152 - INFO - <module> : Clicked
2022-10-19 15:31:06,987 - INFO - <module> : Populate the following fields by selecting from one of the picklist values, as applicable:
- Province
- City/Municipality
- Barangay
- Subdivision
- Street
- House/Unit No./ Floor/ Building
2022-10-19 15:31:06,987 - INFO - <module> : Populate the following fields by selecting from one of the picklist values, as applicable:
- Province
- City/Municipality
- Barangay
- Subdivision
- Street
- House/Unit No./ Floor/ Building
2022-10-19 15:31:06,987 - INFO - <module> : Populate the following fields by selecting from one of the picklist values, as applicable:
- Province
- City/Municipality
- Barangay
- Subdivision
- Street
- House/Unit No./ Floor/ Building
2022-10-19 15:31:06,987 - INFO - <module> : Populate the following fields by selecting from one of the picklist values, as applicable:
- Province
- City/Municipality
- Barangay
- Subdivision
- Street
- House/Unit No./ Floor/ Building
2022-10-19 15:31:07,066 - INFO - <module> : Clicked
2022-10-19 15:31:07,066 - INFO - <module> : Clicked
2022-10-19 15:31:07,066 - INFO - <module> : Clicked
2022-10-19 15:31:07,066 - INFO - <module> : Clicked
2022-10-19 15:31:07,629 - INFO - <module> : Clicked
2022-10-19 15:31:07,629 - INFO - <module> : Clicked
2022-10-19 15:31:07,629 - INFO - <module> : Clicked
2022-10-19 15:31:07,629 - INFO - <module> : Clicked
2022-10-19 15:31:08,184 - INFO - <module> : Clicked
2022-10-19 15:31:08,184 - INFO - <module> : Clicked
2022-10-19 15:31:08,184 - INFO - <module> : Clicked
2022-10-19 15:31:08,184 - INFO - <module> : Clicked
2022-10-19 15:31:08,211 - INFO - <module> : Clicked
2022-10-19 15:31:08,211 - INFO - <module> : Clicked
2022-10-19 15:31:08,211 - INFO - <module> : Clicked
2022-10-19 15:31:08,211 - INFO - <module> : Clicked
2022-10-19 15:31:38,534 - ERROR - <module> : Cannot Locate: street_kabutihan
2022-10-19 15:31:38,534 - ERROR - <module> : Cannot Locate: street_kabutihan
2022-10-19 15:31:38,534 - ERROR - <module> : Cannot Locate: street_kabutihan
2022-10-19 15:31:38,534 - ERROR - <module> : Cannot Locate: street_kabutihan
2022-10-19 15:31:38,603 - INFO - setup : Close Browser
