2023-01-12 15:19:33,069 - INFO - setup : Browser Launched!
2023-01-12 15:20:16,732 - INFO - <module> : Clicked
2023-01-12 15:20:16,732 - INFO - <module> : Clicked
2023-01-12 15:20:16,732 - INFO - <module> : Clicked
2023-01-12 15:20:16,732 - INFO - <module> : Clicked
2023-01-12 15:20:26,876 - INFO - <module> : input: arcebido.earljohn@gmail.com
2023-01-12 15:20:26,876 - INFO - <module> : input: arcebido.earljohn@gmail.com
2023-01-12 15:20:26,876 - INFO - <module> : input: arcebido.earljohn@gmail.com
2023-01-12 15:20:26,876 - INFO - <module> : input: arcebido.earljohn@gmail.com
2023-01-12 15:20:27,860 - INFO - <module> : Clicked
2023-01-12 15:20:27,860 - INFO - <module> : Clicked
2023-01-12 15:20:27,860 - INFO - <module> : Clicked
2023-01-12 15:20:27,860 - INFO - <module> : Clicked
2023-01-12 15:20:29,414 - INFO - <module> : input: Eja09202903164!
2023-01-12 15:20:29,414 - INFO - <module> : input: Eja09202903164!
2023-01-12 15:20:29,414 - INFO - <module> : input: Eja09202903164!
2023-01-12 15:20:29,414 - INFO - <module> : input: Eja09202903164!
2023-01-12 15:20:31,853 - INFO - <module> : Clicked
2023-01-12 15:20:31,853 - INFO - <module> : Clicked
2023-01-12 15:20:31,853 - INFO - <module> : Clicked
2023-01-12 15:20:31,853 - INFO - <module> : Clicked
2023-01-12 15:21:09,194 - INFO - setup : Close Browser
