2023-01-12 10:09:59,768 - INFO - setup : Browser Launched!
2023-01-12 10:10:13,799 - INFO - <module> : Login to Meralco Online
2023-01-12 10:10:13,799 - INFO - <module> : Login to Meralco Online
2023-01-12 10:10:13,799 - INFO - <module> : Login to Meralco Online
2023-01-12 10:10:13,799 - INFO - <module> : Login to Meralco Online
2023-01-12 10:10:13,993 - INFO - <module> : input: ATNewSAMObiz@yopmail.com
2023-01-12 10:10:13,993 - INFO - <module> : input: ATNewSAMObiz@yopmail.com
2023-01-12 10:10:13,993 - INFO - <module> : input: ATNewSAMObiz@yopmail.com
2023-01-12 10:10:13,993 - INFO - <module> : input: ATNewSAMObiz@yopmail.com
2023-01-12 10:10:14,074 - INFO - <module> : input: Meralco01
2023-01-12 10:10:14,074 - INFO - <module> : input: Meralco01
2023-01-12 10:10:14,074 - INFO - <module> : input: Meralco01
2023-01-12 10:10:14,074 - INFO - <module> : input: Meralco01
2023-01-12 10:10:14,132 - INFO - <module> : Clicked
2023-01-12 10:10:14,132 - INFO - <module> : Clicked
2023-01-12 10:10:14,132 - INFO - <module> : Clicked
2023-01-12 10:10:14,132 - INFO - <module> : Clicked
2023-01-12 10:10:44,529 - ERROR - <module> : Cannot Locate: hello_message
2023-01-12 10:10:44,529 - ERROR - <module> : Cannot Locate: hello_message
2023-01-12 10:10:44,529 - ERROR - <module> : Cannot Locate: hello_message
2023-01-12 10:10:44,529 - ERROR - <module> : Cannot Locate: hello_message
2023-01-12 10:10:44,649 - INFO - setup : Close Browser
