2023-01-12 13:47:11,238 - INFO - setup : Browser Launched!
2023-01-12 13:47:50,236 - INFO - <module> : Clicked
2023-01-12 13:47:50,236 - INFO - <module> : Clicked
2023-01-12 13:47:50,236 - INFO - <module> : Clicked
2023-01-12 13:47:50,236 - INFO - <module> : Clicked
2023-01-12 13:47:50,236 - INFO - <module> : Clicked
2023-01-12 13:48:00,118 - INFO - <module> : input: arcebido.earljohn@gmail.com
2023-01-12 13:48:00,118 - INFO - <module> : input: arcebido.earljohn@gmail.com
2023-01-12 13:48:00,118 - INFO - <module> : input: arcebido.earljohn@gmail.com
2023-01-12 13:48:00,118 - INFO - <module> : input: arcebido.earljohn@gmail.com
2023-01-12 13:48:00,118 - INFO - <module> : input: arcebido.earljohn@gmail.com
2023-01-12 13:48:01,434 - INFO - <module> : Clicked
2023-01-12 13:48:01,434 - INFO - <module> : Clicked
2023-01-12 13:48:01,434 - INFO - <module> : Clicked
2023-01-12 13:48:01,434 - INFO - <module> : Clicked
2023-01-12 13:48:01,434 - INFO - <module> : Clicked
2023-01-12 13:48:03,169 - INFO - <module> : input: Eja09202903164!
2023-01-12 13:48:03,169 - INFO - <module> : input: Eja09202903164!
2023-01-12 13:48:03,169 - INFO - <module> : input: Eja09202903164!
2023-01-12 13:48:03,169 - INFO - <module> : input: Eja09202903164!
2023-01-12 13:48:03,169 - INFO - <module> : input: Eja09202903164!
2023-01-12 13:48:05,627 - INFO - <module> : Clicked
2023-01-12 13:48:05,627 - INFO - <module> : Clicked
2023-01-12 13:48:05,627 - INFO - <module> : Clicked
2023-01-12 13:48:05,627 - INFO - <module> : Clicked
2023-01-12 13:48:05,627 - INFO - <module> : Clicked
2023-01-12 13:48:34,952 - INFO - <module> : input: 9234567891
2023-01-12 13:48:34,952 - INFO - <module> : input: 9234567891
2023-01-12 13:48:34,952 - INFO - <module> : input: 9234567891
2023-01-12 13:48:34,952 - INFO - <module> : input: 9234567891
2023-01-12 13:48:34,952 - INFO - <module> : input: 9234567891
2023-01-12 13:48:35,257 - INFO - <module> : input: 3534057721
2023-01-12 13:48:35,257 - INFO - <module> : input: 3534057721
2023-01-12 13:48:35,257 - INFO - <module> : input: 3534057721
2023-01-12 13:48:35,257 - INFO - <module> : input: 3534057721
2023-01-12 13:48:35,257 - INFO - <module> : input: 3534057721
2023-01-12 13:48:35,384 - INFO - <module> : input: 400
2023-01-12 13:48:35,384 - INFO - <module> : input: 400
2023-01-12 13:48:35,384 - INFO - <module> : input: 400
2023-01-12 13:48:35,384 - INFO - <module> : input: 400
2023-01-12 13:48:35,384 - INFO - <module> : input: 400
2023-01-12 13:48:36,441 - INFO - <module> : input: 12/13/2022
2023-01-12 13:48:36,441 - INFO - <module> : input: 12/13/2022
2023-01-12 13:48:36,441 - INFO - <module> : input: 12/13/2022
2023-01-12 13:48:36,441 - INFO - <module> : input: 12/13/2022
2023-01-12 13:48:36,441 - INFO - <module> : input: 12/13/2022
2023-01-12 13:48:39,754 - INFO - <module> :  clicked
2023-01-12 13:48:39,754 - INFO - <module> :  clicked
2023-01-12 13:48:39,754 - INFO - <module> :  clicked
2023-01-12 13:48:39,754 - INFO - <module> :  clicked
2023-01-12 13:48:39,754 - INFO - <module> :  clicked
2023-01-12 13:48:42,193 - INFO - <module> : Submit clicked
2023-01-12 13:48:42,193 - INFO - <module> : Submit clicked
2023-01-12 13:48:42,193 - INFO - <module> : Submit clicked
2023-01-12 13:48:42,193 - INFO - <module> : Submit clicked
2023-01-12 13:48:42,193 - INFO - <module> : Submit clicked
2023-01-12 13:48:49,646 - INFO - setup : Close Browser
