2023-01-10 11:02:22,119 - INFO - setup : Browser Launched!
2023-01-10 11:02:30,398 - INFO - <module> : Go to Outages & Incidents > Report Streetlight And Safety Concerns
2023-01-10 11:02:30,398 - INFO - <module> : Go to Outages & Incidents > Report Streetlight And Safety Concerns
2023-01-10 11:02:30,398 - INFO - <module> : Go to Outages & Incidents > Report Streetlight And Safety Concerns
2023-01-10 11:02:30,398 - INFO - <module> : Go to Outages & Incidents > Report Streetlight And Safety Concerns
2023-01-10 11:02:30,398 - INFO - <module> : Go to Outages & Incidents > Report Streetlight And Safety Concerns
2023-01-10 11:02:31,434 - INFO - <module> : Opened: https://fuat-meralco.cs73.force.com/customers/s/outagemap
2023-01-10 11:02:31,434 - INFO - <module> : Opened: https://fuat-meralco.cs73.force.com/customers/s/outagemap
2023-01-10 11:02:31,434 - INFO - <module> : Opened: https://fuat-meralco.cs73.force.com/customers/s/outagemap
2023-01-10 11:02:31,434 - INFO - <module> : Opened: https://fuat-meralco.cs73.force.com/customers/s/outagemap
2023-01-10 11:02:31,434 - INFO - <module> : Opened: https://fuat-meralco.cs73.force.com/customers/s/outagemap
2023-01-10 11:02:36,407 - INFO - <module> : Meralco would like to access your location to identify if your area is affected by an outage. exists
2023-01-10 11:02:36,407 - INFO - <module> : Meralco would like to access your location to identify if your area is affected by an outage. exists
2023-01-10 11:02:36,407 - INFO - <module> : Meralco would like to access your location to identify if your area is affected by an outage. exists
2023-01-10 11:02:36,407 - INFO - <module> : Meralco would like to access your location to identify if your area is affected by an outage. exists
2023-01-10 11:02:36,407 - INFO - <module> : Meralco would like to access your location to identify if your area is affected by an outage. exists
2023-01-10 11:02:38,508 - INFO - <module> : Clicked
2023-01-10 11:02:38,508 - INFO - <module> : Clicked
2023-01-10 11:02:38,508 - INFO - <module> : Clicked
2023-01-10 11:02:38,508 - INFO - <module> : Clicked
2023-01-10 11:02:38,508 - INFO - <module> : Clicked
2023-01-10 11:02:42,609 - INFO - <module> : Clicked
2023-01-10 11:02:42,609 - INFO - <module> : Clicked
2023-01-10 11:02:42,609 - INFO - <module> : Clicked
2023-01-10 11:02:42,609 - INFO - <module> : Clicked
2023-01-10 11:02:42,609 - INFO - <module> : Clicked
2023-01-10 11:02:50,696 - INFO - <module> : Report an Outage or Incident exists
2023-01-10 11:02:50,696 - INFO - <module> : Report an Outage or Incident exists
2023-01-10 11:02:50,696 - INFO - <module> : Report an Outage or Incident exists
2023-01-10 11:02:50,696 - INFO - <module> : Report an Outage or Incident exists
2023-01-10 11:02:50,696 - INFO - <module> : Report an Outage or Incident exists
2023-01-10 11:02:53,551 - INFO - <module> : Populate required fields > click Submit
2023-01-10 11:02:53,551 - INFO - <module> : Populate required fields > click Submit
2023-01-10 11:02:53,551 - INFO - <module> : Populate required fields > click Submit
2023-01-10 11:02:53,551 - INFO - <module> : Populate required fields > click Submit
2023-01-10 11:02:53,551 - INFO - <module> : Populate required fields > click Submit
2023-01-10 11:03:23,780 - ERROR - <module> : Cannot Locate: address
2023-01-10 11:03:23,780 - ERROR - <module> : Cannot Locate: address
2023-01-10 11:03:23,780 - ERROR - <module> : Cannot Locate: address
2023-01-10 11:03:23,780 - ERROR - <module> : Cannot Locate: address
2023-01-10 11:03:23,780 - ERROR - <module> : Cannot Locate: address
2023-01-10 11:03:23,807 - INFO - setup : Close Browser
