2022-10-27 10:26:52,227 - INFO - setup : Browser Launched!
2022-10-27 10:27:07,242 - INFO - <module> : Click on burger menu > Outages by Area
2022-10-27 10:27:07,242 - INFO - <module> : Click on burger menu > Outages by Area
2022-10-27 10:27:07,242 - INFO - <module> : Click on burger menu > Outages by Area
2022-10-27 10:27:07,242 - INFO - <module> : Click on burger menu > Outages by Area
2022-10-27 10:27:09,015 - INFO - <module> : Opened: https://outage-api.meralco.com.ph/
2022-10-27 10:27:09,015 - INFO - <module> : Opened: https://outage-api.meralco.com.ph/
2022-10-27 10:27:09,015 - INFO - <module> : Opened: https://outage-api.meralco.com.ph/
2022-10-27 10:27:09,015 - INFO - <module> : Opened: https://outage-api.meralco.com.ph/
2022-10-27 10:27:12,124 - INFO - <module> : input: v-lvlgalvez@meralco.com.ph
2022-10-27 10:27:12,124 - INFO - <module> : input: v-lvlgalvez@meralco.com.ph
2022-10-27 10:27:12,124 - INFO - <module> : input: v-lvlgalvez@meralco.com.ph
2022-10-27 10:27:12,124 - INFO - <module> : input: v-lvlgalvez@meralco.com.ph
2022-10-27 10:27:12,277 - INFO - <module> : Clicked
2022-10-27 10:27:12,277 - INFO - <module> : Clicked
2022-10-27 10:27:12,277 - INFO - <module> : Clicked
2022-10-27 10:27:12,277 - INFO - <module> : Clicked
2022-10-27 10:27:14,525 - INFO - <module> : input: Mecopass@@!!129
2022-10-27 10:27:14,525 - INFO - <module> : input: Mecopass@@!!129
2022-10-27 10:27:14,525 - INFO - <module> : input: Mecopass@@!!129
2022-10-27 10:27:14,525 - INFO - <module> : input: Mecopass@@!!129
2022-10-27 10:27:15,282 - INFO - <module> : Clicked
2022-10-27 10:27:15,282 - INFO - <module> : Clicked
2022-10-27 10:27:15,282 - INFO - <module> : Clicked
2022-10-27 10:27:15,282 - INFO - <module> : Clicked
2022-10-27 10:27:16,096 - INFO - <module> : Clicked
2022-10-27 10:27:16,096 - INFO - <module> : Clicked
2022-10-27 10:27:16,096 - INFO - <module> : Clicked
2022-10-27 10:27:16,096 - INFO - <module> : Clicked
2022-10-27 10:27:45,573 - INFO - <module> : Clicked
2022-10-27 10:27:45,573 - INFO - <module> : Clicked
2022-10-27 10:27:45,573 - INFO - <module> : Clicked
2022-10-27 10:27:45,573 - INFO - <module> : Clicked
2022-10-27 10:27:50,357 - INFO - <module> :  clicked
2022-10-27 10:27:50,357 - INFO - <module> :  clicked
2022-10-27 10:27:50,357 - INFO - <module> :  clicked
2022-10-27 10:27:50,357 - INFO - <module> :  clicked
2022-10-27 10:27:50,877 - INFO - <module> : Outages by Area clicked
2022-10-27 10:27:50,877 - INFO - <module> : Outages by Area clicked
2022-10-27 10:27:50,877 - INFO - <module> : Outages by Area clicked
2022-10-27 10:27:50,877 - INFO - <module> : Outages by Area clicked
2022-10-27 10:27:51,075 - INFO - <module> : arrow_drop_down clicked
2022-10-27 10:27:51,075 - INFO - <module> : arrow_drop_down clicked
2022-10-27 10:27:51,075 - INFO - <module> : arrow_drop_down clicked
2022-10-27 10:27:51,075 - INFO - <module> : arrow_drop_down clicked
2022-10-27 10:27:52,925 - INFO - <module> :  clicked
2022-10-27 10:27:52,925 - INFO - <module> :  clicked
2022-10-27 10:27:52,925 - INFO - <module> :  clicked
2022-10-27 10:27:52,925 - INFO - <module> :  clicked
2022-10-27 10:27:55,941 - INFO - setup : Close Browser
