2022-10-18 13:11:18,451 - INFO - setup : Browser Launched!
2022-10-18 13:11:26,890 - INFO - <module> : Go to https://fuat-meralco.cs73.force.com/customers/s/outagemap
2022-10-18 13:11:26,890 - INFO - <module> : Go to https://fuat-meralco.cs73.force.com/customers/s/outagemap
2022-10-18 13:11:26,890 - INFO - <module> : Go to https://fuat-meralco.cs73.force.com/customers/s/outagemap
2022-10-18 13:11:26,890 - INFO - <module> : Go to https://fuat-meralco.cs73.force.com/customers/s/outagemap
2022-10-18 13:11:30,633 - INFO - <module> : Opened: https://fuat-meralco.cs73.force.com/customers/s/outagemap
2022-10-18 13:11:30,633 - INFO - <module> : Opened: https://fuat-meralco.cs73.force.com/customers/s/outagemap
2022-10-18 13:11:30,633 - INFO - <module> : Opened: https://fuat-meralco.cs73.force.com/customers/s/outagemap
2022-10-18 13:11:30,633 - INFO - <module> : Opened: https://fuat-meralco.cs73.force.com/customers/s/outagemap
2022-10-18 13:11:33,945 - INFO - <module> : On the left side, hover on tooltip beside Other Address
2022-10-18 13:11:33,945 - INFO - <module> : On the left side, hover on tooltip beside Other Address
2022-10-18 13:11:33,945 - INFO - <module> : On the left side, hover on tooltip beside Other Address
2022-10-18 13:11:33,945 - INFO - <module> : On the left side, hover on tooltip beside Other Address
2022-10-18 13:11:38,826 - INFO - <module> : Meralco would like to access your location to identify if your area is affected by an outage. exists
2022-10-18 13:11:38,826 - INFO - <module> : Meralco would like to access your location to identify if your area is affected by an outage. exists
2022-10-18 13:11:38,826 - INFO - <module> : Meralco would like to access your location to identify if your area is affected by an outage. exists
2022-10-18 13:11:38,826 - INFO - <module> : Meralco would like to access your location to identify if your area is affected by an outage. exists
2022-10-18 13:11:39,328 - INFO - <module> : Clicked
2022-10-18 13:11:39,328 - INFO - <module> : Clicked
2022-10-18 13:11:39,328 - INFO - <module> : Clicked
2022-10-18 13:11:39,328 - INFO - <module> : Clicked
2022-10-18 13:11:43,389 - INFO - setup : Close Browser
