2022-10-27 09:32:46,314 - INFO - setup : Browser Launched!
2022-10-27 09:33:00,201 - INFO - <module> : Click on burger menu > Search Locations > Select Service ID No. > Search SIN
2022-10-27 09:33:00,201 - INFO - <module> : Click on burger menu > Search Locations > Select Service ID No. > Search SIN
2022-10-27 09:33:00,201 - INFO - <module> : Click on burger menu > Search Locations > Select Service ID No. > Search SIN
2022-10-27 09:33:00,201 - INFO - <module> : Click on burger menu > Search Locations > Select Service ID No. > Search SIN
2022-10-27 09:33:03,125 - INFO - <module> : Opened: https://outage-api.meralco.com.ph/
2022-10-27 09:33:03,125 - INFO - <module> : Opened: https://outage-api.meralco.com.ph/
2022-10-27 09:33:03,125 - INFO - <module> : Opened: https://outage-api.meralco.com.ph/
2022-10-27 09:33:03,125 - INFO - <module> : Opened: https://outage-api.meralco.com.ph/
2022-10-27 09:33:06,981 - INFO - <module> : input: v-lvlgalvez@meralco.com.ph
2022-10-27 09:33:06,981 - INFO - <module> : input: v-lvlgalvez@meralco.com.ph
2022-10-27 09:33:06,981 - INFO - <module> : input: v-lvlgalvez@meralco.com.ph
2022-10-27 09:33:06,981 - INFO - <module> : input: v-lvlgalvez@meralco.com.ph
2022-10-27 09:33:07,031 - INFO - <module> : Clicked
2022-10-27 09:33:07,031 - INFO - <module> : Clicked
2022-10-27 09:33:07,031 - INFO - <module> : Clicked
2022-10-27 09:33:07,031 - INFO - <module> : Clicked
2022-10-27 09:33:08,646 - INFO - <module> : input: Mecopass@@!!129
2022-10-27 09:33:08,646 - INFO - <module> : input: Mecopass@@!!129
2022-10-27 09:33:08,646 - INFO - <module> : input: Mecopass@@!!129
2022-10-27 09:33:08,646 - INFO - <module> : input: Mecopass@@!!129
2022-10-27 09:33:09,058 - INFO - <module> : Clicked
2022-10-27 09:33:09,058 - INFO - <module> : Clicked
2022-10-27 09:33:09,058 - INFO - <module> : Clicked
2022-10-27 09:33:09,058 - INFO - <module> : Clicked
2022-10-27 09:33:09,654 - INFO - <module> : Clicked
2022-10-27 09:33:09,654 - INFO - <module> : Clicked
2022-10-27 09:33:09,654 - INFO - <module> : Clicked
2022-10-27 09:33:09,654 - INFO - <module> : Clicked
2022-10-27 09:33:39,257 - INFO - <module> : Clicked
2022-10-27 09:33:39,257 - INFO - <module> : Clicked
2022-10-27 09:33:39,257 - INFO - <module> : Clicked
2022-10-27 09:33:39,257 - INFO - <module> : Clicked
2022-10-27 09:33:43,324 - INFO - <module> :  clicked
2022-10-27 09:33:43,324 - INFO - <module> :  clicked
2022-10-27 09:33:43,324 - INFO - <module> :  clicked
2022-10-27 09:33:43,324 - INFO - <module> :  clicked
2022-10-27 09:33:43,942 - INFO - <module> : Search Locations clicked
2022-10-27 09:33:43,942 - INFO - <module> : Search Locations clicked
2022-10-27 09:33:43,942 - INFO - <module> : Search Locations clicked
2022-10-27 09:33:43,942 - INFO - <module> : Search Locations clicked
2022-10-27 09:33:43,998 - INFO - <module> : Service ID No.
arrow_drop_down clicked
2022-10-27 09:33:43,998 - INFO - <module> : Service ID No.
arrow_drop_down clicked
2022-10-27 09:33:43,998 - INFO - <module> : Service ID No.
arrow_drop_down clicked
2022-10-27 09:33:43,998 - INFO - <module> : Service ID No.
arrow_drop_down clicked
2022-10-27 09:33:44,041 - INFO - <module> : Service ID No. clicked
2022-10-27 09:33:44,041 - INFO - <module> : Service ID No. clicked
2022-10-27 09:33:44,041 - INFO - <module> : Service ID No. clicked
2022-10-27 09:33:44,041 - INFO - <module> : Service ID No. clicked
2022-10-27 09:33:44,142 - INFO - <module> : input: 200102850101
2022-10-27 09:33:44,142 - INFO - <module> : input: 200102850101
2022-10-27 09:33:44,142 - INFO - <module> : input: 200102850101
2022-10-27 09:33:44,142 - INFO - <module> : input: 200102850101
2022-10-27 09:33:44,169 - INFO - <module> : Enter: 
2022-10-27 09:33:44,169 - INFO - <module> : Enter: 
2022-10-27 09:33:44,169 - INFO - <module> : Enter: 
2022-10-27 09:33:44,169 - INFO - <module> : Enter: 
2022-10-27 09:33:47,232 - INFO - <module> :  clicked
2022-10-27 09:33:47,232 - INFO - <module> :  clicked
2022-10-27 09:33:47,232 - INFO - <module> :  clicked
2022-10-27 09:33:47,232 - INFO - <module> :  clicked
2022-10-27 09:33:47,285 - INFO - <module> : input: 200102850101
2022-10-27 09:33:47,285 - INFO - <module> : input: 200102850101
2022-10-27 09:33:47,285 - INFO - <module> : input: 200102850101
2022-10-27 09:33:47,285 - INFO - <module> : input: 200102850101
2022-10-27 09:33:56,657 - INFO - setup : Close Browser
