2023-01-11 09:46:19,742 - INFO - setup : Browser Launched!
2023-01-11 09:46:35,611 - INFO - <module> : Go to Outages & Incidents > Report Streetlight And Safety Concerns
2023-01-11 09:46:35,611 - INFO - <module> : Go to Outages & Incidents > Report Streetlight And Safety Concerns
2023-01-11 09:46:35,611 - INFO - <module> : Go to Outages & Incidents > Report Streetlight And Safety Concerns
2023-01-11 09:46:35,611 - INFO - <module> : Go to Outages & Incidents > Report Streetlight And Safety Concerns
2023-01-11 09:46:35,611 - INFO - <module> : Go to Outages & Incidents > Report Streetlight And Safety Concerns
2023-01-11 09:46:44,875 - INFO - <module> : Opened: https://fuat-meralco.cs73.force.com/customers/s/outagemap
2023-01-11 09:46:44,875 - INFO - <module> : Opened: https://fuat-meralco.cs73.force.com/customers/s/outagemap
2023-01-11 09:46:44,875 - INFO - <module> : Opened: https://fuat-meralco.cs73.force.com/customers/s/outagemap
2023-01-11 09:46:44,875 - INFO - <module> : Opened: https://fuat-meralco.cs73.force.com/customers/s/outagemap
2023-01-11 09:46:44,875 - INFO - <module> : Opened: https://fuat-meralco.cs73.force.com/customers/s/outagemap
2023-01-11 09:46:48,256 - INFO - <module> : Meralco would like to access your location to identify if your area is affected by an outage. exists
2023-01-11 09:46:48,256 - INFO - <module> : Meralco would like to access your location to identify if your area is affected by an outage. exists
2023-01-11 09:46:48,256 - INFO - <module> : Meralco would like to access your location to identify if your area is affected by an outage. exists
2023-01-11 09:46:48,256 - INFO - <module> : Meralco would like to access your location to identify if your area is affected by an outage. exists
2023-01-11 09:46:48,256 - INFO - <module> : Meralco would like to access your location to identify if your area is affected by an outage. exists
2023-01-11 09:46:51,059 - INFO - <module> : Clicked
2023-01-11 09:46:51,059 - INFO - <module> : Clicked
2023-01-11 09:46:51,059 - INFO - <module> : Clicked
2023-01-11 09:46:51,059 - INFO - <module> : Clicked
2023-01-11 09:46:51,059 - INFO - <module> : Clicked
2023-01-11 09:46:55,162 - INFO - <module> : Clicked
2023-01-11 09:46:55,162 - INFO - <module> : Clicked
2023-01-11 09:46:55,162 - INFO - <module> : Clicked
2023-01-11 09:46:55,162 - INFO - <module> : Clicked
2023-01-11 09:46:55,162 - INFO - <module> : Clicked
2023-01-11 09:47:04,526 - INFO - <module> : Report an Outage or Incident exists
2023-01-11 09:47:04,526 - INFO - <module> : Report an Outage or Incident exists
2023-01-11 09:47:04,526 - INFO - <module> : Report an Outage or Incident exists
2023-01-11 09:47:04,526 - INFO - <module> : Report an Outage or Incident exists
2023-01-11 09:47:04,526 - INFO - <module> : Report an Outage or Incident exists
2023-01-11 09:47:04,592 - INFO - <module> : Clicked
2023-01-11 09:47:04,592 - INFO - <module> : Clicked
2023-01-11 09:47:04,592 - INFO - <module> : Clicked
2023-01-11 09:47:04,592 - INFO - <module> : Clicked
2023-01-11 09:47:04,592 - INFO - <module> : Clicked
2023-01-11 09:47:34,781 - ERROR - <module> : Cannot Locate: safety_pole_broken
2023-01-11 09:47:34,781 - ERROR - <module> : Cannot Locate: safety_pole_broken
2023-01-11 09:47:34,781 - ERROR - <module> : Cannot Locate: safety_pole_broken
2023-01-11 09:47:34,781 - ERROR - <module> : Cannot Locate: safety_pole_broken
2023-01-11 09:47:34,781 - ERROR - <module> : Cannot Locate: safety_pole_broken
2023-01-11 09:47:34,821 - INFO - setup : Close Browser
