2023-01-06 12:22:29,459 - INFO - setup : Browser Launched!
2023-01-06 12:22:37,234 - INFO - <module> : Login to Meralco Online
2023-01-06 12:22:37,234 - INFO - <module> : Login to Meralco Online
2023-01-06 12:22:37,234 - INFO - <module> : Login to Meralco Online
2023-01-06 12:22:37,234 - INFO - <module> : Login to Meralco Online
2023-01-06 12:22:38,767 - INFO - <module> : Opened: https://fuat-meralco.cs73.force.com/customers/s/cxe-apply
2023-01-06 12:22:38,767 - INFO - <module> : Opened: https://fuat-meralco.cs73.force.com/customers/s/cxe-apply
2023-01-06 12:22:38,767 - INFO - <module> : Opened: https://fuat-meralco.cs73.force.com/customers/s/cxe-apply
2023-01-06 12:22:38,767 - INFO - <module> : Opened: https://fuat-meralco.cs73.force.com/customers/s/cxe-apply
2023-01-06 12:22:39,541 - INFO - <module> : Service Application exists
2023-01-06 12:22:39,541 - INFO - <module> : Service Application exists
2023-01-06 12:22:39,541 - INFO - <module> : Service Application exists
2023-01-06 12:22:39,541 - INFO - <module> : Service Application exists
2023-01-06 12:22:42,803 - INFO - <module> : Go to Accounts> Manage Accounts
2023-01-06 12:22:42,803 - INFO - <module> : Go to Accounts> Manage Accounts
2023-01-06 12:22:42,803 - INFO - <module> : Go to Accounts> Manage Accounts
2023-01-06 12:22:42,803 - INFO - <module> : Go to Accounts> Manage Accounts
2023-01-06 12:22:42,905 - INFO - <module> : Clicked
2023-01-06 12:22:42,905 - INFO - <module> : Clicked
2023-01-06 12:22:42,905 - INFO - <module> : Clicked
2023-01-06 12:22:42,905 - INFO - <module> : Clicked
2023-01-06 12:22:46,203 - INFO - <module> : Search then Select Account > Click Change Service Details button
2023-01-06 12:22:46,203 - INFO - <module> : Search then Select Account > Click Change Service Details button
2023-01-06 12:22:46,203 - INFO - <module> : Search then Select Account > Click Change Service Details button
2023-01-06 12:22:46,203 - INFO - <module> : Search then Select Account > Click Change Service Details button
2023-01-06 12:22:46,721 - INFO - <module> : Clicked
2023-01-06 12:22:46,721 - INFO - <module> : Clicked
2023-01-06 12:22:46,721 - INFO - <module> : Clicked
2023-01-06 12:22:46,721 - INFO - <module> : Clicked
2023-01-06 12:22:46,825 - INFO - <module> : Requests exists
2023-01-06 12:22:46,825 - INFO - <module> : Requests exists
2023-01-06 12:22:46,825 - INFO - <module> : Requests exists
2023-01-06 12:22:46,825 - INFO - <module> : Requests exists
2023-01-06 12:22:49,940 - INFO - <module> : Select Change Service Details request options then click Next
2023-01-06 12:22:49,940 - INFO - <module> : Select Change Service Details request options then click Next
2023-01-06 12:22:49,940 - INFO - <module> : Select Change Service Details request options then click Next
2023-01-06 12:22:49,940 - INFO - <module> : Select Change Service Details request options then click Next
2023-01-06 12:22:50,020 - INFO - <module> :  exists
2023-01-06 12:22:50,020 - INFO - <module> :  exists
2023-01-06 12:22:50,020 - INFO - <module> :  exists
2023-01-06 12:22:50,020 - INFO - <module> :  exists
2023-01-06 12:22:53,439 - INFO - <module> : Populate the following:
Notification indicator
AMC indicator
> Attach documents
> Click Next
2023-01-06 12:22:53,439 - INFO - <module> : Populate the following:
Notification indicator
AMC indicator
> Attach documents
> Click Next
2023-01-06 12:22:53,439 - INFO - <module> : Populate the following:
Notification indicator
AMC indicator
> Attach documents
> Click Next
2023-01-06 12:22:53,439 - INFO - <module> : Populate the following:
Notification indicator
AMC indicator
> Attach documents
> Click Next
2023-01-06 12:22:53,688 - INFO - <module> : input: 3535069832
2023-01-06 12:22:53,688 - INFO - <module> : input: 3535069832
2023-01-06 12:22:53,688 - INFO - <module> : input: 3535069832
2023-01-06 12:22:53,688 - INFO - <module> : input: 3535069832
2023-01-06 12:22:57,331 - INFO - <module> : Tick on I have read and agree to the Meralco Online Terms & Conditions and consent to the processing of my personal data in accordance with the Privacy Policy
2023-01-06 12:22:57,331 - INFO - <module> : Tick on I have read and agree to the Meralco Online Terms & Conditions and consent to the processing of my personal data in accordance with the Privacy Policy
2023-01-06 12:22:57,331 - INFO - <module> : Tick on I have read and agree to the Meralco Online Terms & Conditions and consent to the processing of my personal data in accordance with the Privacy Policy
2023-01-06 12:22:57,331 - INFO - <module> : Tick on I have read and agree to the Meralco Online Terms & Conditions and consent to the processing of my personal data in accordance with the Privacy Policy
2023-01-06 12:23:00,733 - INFO - <module> : Click Submit
2023-01-06 12:23:00,733 - INFO - <module> : Click Submit
2023-01-06 12:23:00,733 - INFO - <module> : Click Submit
2023-01-06 12:23:00,733 - INFO - <module> : Click Submit
2023-01-06 12:23:00,883 - INFO - <module> : Clicked
2023-01-06 12:23:00,883 - INFO - <module> : Clicked
2023-01-06 12:23:00,883 - INFO - <module> : Clicked
2023-01-06 12:23:00,883 - INFO - <module> : Clicked
2023-01-06 12:23:00,986 - INFO - <module> : Clicked
2023-01-06 12:23:00,986 - INFO - <module> : Clicked
2023-01-06 12:23:00,986 - INFO - <module> : Clicked
2023-01-06 12:23:00,986 - INFO - <module> : Clicked
2023-01-06 12:23:04,281 - INFO - <module> : input: atfirst1
2023-01-06 12:23:04,281 - INFO - <module> : input: atfirst1
2023-01-06 12:23:04,281 - INFO - <module> : input: atfirst1
2023-01-06 12:23:04,281 - INFO - <module> : input: atfirst1
2023-01-06 12:23:04,400 - INFO - <module> : input: atlast1
2023-01-06 12:23:04,400 - INFO - <module> : input: atlast1
2023-01-06 12:23:04,400 - INFO - <module> : input: atlast1
2023-01-06 12:23:04,400 - INFO - <module> : input: atlast1
2023-01-06 12:23:04,505 - INFO - <module> : input: aaaaa@yopmail.com
2023-01-06 12:23:04,505 - INFO - <module> : input: aaaaa@yopmail.com
2023-01-06 12:23:04,505 - INFO - <module> : input: aaaaa@yopmail.com
2023-01-06 12:23:04,505 - INFO - <module> : input: aaaaa@yopmail.com
2023-01-06 12:23:04,605 - INFO - <module> : input: +639234567891
2023-01-06 12:23:04,605 - INFO - <module> : input: +639234567891
2023-01-06 12:23:04,605 - INFO - <module> : input: +639234567891
2023-01-06 12:23:04,605 - INFO - <module> : input: +639234567891
2023-01-06 12:23:37,374 - INFO - setup : Close Browser
