2023-01-10 15:27:21,019 - INFO - setup : Browser Launched!
2023-01-10 15:27:41,072 - INFO - <module> : Go to Outages & Incidents > Report Streetlight And Safety Concerns
2023-01-10 15:27:41,072 - INFO - <module> : Go to Outages & Incidents > Report Streetlight And Safety Concerns
2023-01-10 15:27:41,072 - INFO - <module> : Go to Outages & Incidents > Report Streetlight And Safety Concerns
2023-01-10 15:27:41,072 - INFO - <module> : Go to Outages & Incidents > Report Streetlight And Safety Concerns
2023-01-10 15:27:41,072 - INFO - <module> : Go to Outages & Incidents > Report Streetlight And Safety Concerns
2023-01-10 15:27:53,139 - INFO - <module> : Opened: https://fuat-meralco.cs73.force.com/customers/s/outagemap
2023-01-10 15:27:53,139 - INFO - <module> : Opened: https://fuat-meralco.cs73.force.com/customers/s/outagemap
2023-01-10 15:27:53,139 - INFO - <module> : Opened: https://fuat-meralco.cs73.force.com/customers/s/outagemap
2023-01-10 15:27:53,139 - INFO - <module> : Opened: https://fuat-meralco.cs73.force.com/customers/s/outagemap
2023-01-10 15:27:53,139 - INFO - <module> : Opened: https://fuat-meralco.cs73.force.com/customers/s/outagemap
2023-01-10 15:27:53,325 - INFO - <module> : Meralco would like to access your location to identify if your area is affected by an outage. exists
2023-01-10 15:27:53,325 - INFO - <module> : Meralco would like to access your location to identify if your area is affected by an outage. exists
2023-01-10 15:27:53,325 - INFO - <module> : Meralco would like to access your location to identify if your area is affected by an outage. exists
2023-01-10 15:27:53,325 - INFO - <module> : Meralco would like to access your location to identify if your area is affected by an outage. exists
2023-01-10 15:27:53,325 - INFO - <module> : Meralco would like to access your location to identify if your area is affected by an outage. exists
2023-01-10 15:27:55,433 - INFO - <module> : Clicked
2023-01-10 15:27:55,433 - INFO - <module> : Clicked
2023-01-10 15:27:55,433 - INFO - <module> : Clicked
2023-01-10 15:27:55,433 - INFO - <module> : Clicked
2023-01-10 15:27:55,433 - INFO - <module> : Clicked
2023-01-10 15:27:59,549 - INFO - <module> : Clicked
2023-01-10 15:27:59,549 - INFO - <module> : Clicked
2023-01-10 15:27:59,549 - INFO - <module> : Clicked
2023-01-10 15:27:59,549 - INFO - <module> : Clicked
2023-01-10 15:27:59,549 - INFO - <module> : Clicked
2023-01-10 15:28:08,269 - INFO - <module> : Report an Outage or Incident exists
2023-01-10 15:28:08,269 - INFO - <module> : Report an Outage or Incident exists
2023-01-10 15:28:08,269 - INFO - <module> : Report an Outage or Incident exists
2023-01-10 15:28:08,269 - INFO - <module> : Report an Outage or Incident exists
2023-01-10 15:28:08,269 - INFO - <module> : Report an Outage or Incident exists
2023-01-10 15:28:08,347 - INFO - <module> : Clicked
2023-01-10 15:28:08,347 - INFO - <module> : Clicked
2023-01-10 15:28:08,347 - INFO - <module> : Clicked
2023-01-10 15:28:08,347 - INFO - <module> : Clicked
2023-01-10 15:28:08,347 - INFO - <module> : Clicked
2023-01-10 15:28:08,412 - INFO - <module> : Clicked
2023-01-10 15:28:08,412 - INFO - <module> : Clicked
2023-01-10 15:28:08,412 - INFO - <module> : Clicked
2023-01-10 15:28:08,412 - INFO - <module> : Clicked
2023-01-10 15:28:08,412 - INFO - <module> : Clicked
2023-01-10 15:28:08,987 - INFO - <module> : Clicked
2023-01-10 15:28:08,987 - INFO - <module> : Clicked
2023-01-10 15:28:08,987 - INFO - <module> : Clicked
2023-01-10 15:28:08,987 - INFO - <module> : Clicked
2023-01-10 15:28:08,987 - INFO - <module> : Clicked
2023-01-10 15:28:12,087 - INFO - <module> : Populate required fields > click Submit
2023-01-10 15:28:12,087 - INFO - <module> : Populate required fields > click Submit
2023-01-10 15:28:12,087 - INFO - <module> : Populate required fields > click Submit
2023-01-10 15:28:12,087 - INFO - <module> : Populate required fields > click Submit
2023-01-10 15:28:12,087 - INFO - <module> : Populate required fields > click Submit
2023-01-10 15:28:12,164 - INFO - <module> : Clicked
2023-01-10 15:28:12,164 - INFO - <module> : Clicked
2023-01-10 15:28:12,164 - INFO - <module> : Clicked
2023-01-10 15:28:12,164 - INFO - <module> : Clicked
2023-01-10 15:28:12,164 - INFO - <module> : Clicked
2023-01-10 15:28:13,774 - INFO - <module> : Clicked
2023-01-10 15:28:13,774 - INFO - <module> : Clicked
2023-01-10 15:28:13,774 - INFO - <module> : Clicked
2023-01-10 15:28:13,774 - INFO - <module> : Clicked
2023-01-10 15:28:13,774 - INFO - <module> : Clicked
2023-01-10 15:28:43,841 - ERROR - <module> : Cannot Locate: barangay_bagong_ilog
2023-01-10 15:28:43,841 - ERROR - <module> : Cannot Locate: barangay_bagong_ilog
2023-01-10 15:28:43,841 - ERROR - <module> : Cannot Locate: barangay_bagong_ilog
2023-01-10 15:28:43,841 - ERROR - <module> : Cannot Locate: barangay_bagong_ilog
2023-01-10 15:28:43,841 - ERROR - <module> : Cannot Locate: barangay_bagong_ilog
2023-01-10 15:28:43,873 - INFO - setup : Close Browser
