2022-10-12 16:51:29,514 - INFO - setup : Browser Launched!
2022-10-12 16:51:36,016 - INFO - <module> : Go to External Map 
2022-10-12 16:51:36,016 - INFO - <module> : Go to External Map 
2022-10-12 16:51:36,016 - INFO - <module> : Go to External Map 
2022-10-12 16:51:37,118 - INFO - <module> : Opened: https://fuat-meralco.cs73.force.com/customers/s/outagemap
2022-10-12 16:51:37,118 - INFO - <module> : Opened: https://fuat-meralco.cs73.force.com/customers/s/outagemap
2022-10-12 16:51:37,118 - INFO - <module> : Opened: https://fuat-meralco.cs73.force.com/customers/s/outagemap
2022-10-12 16:51:42,190 - INFO - <module> : Meralco would like to access your location to identify if your area is affected by an outage. exists
2022-10-12 16:51:42,190 - INFO - <module> : Meralco would like to access your location to identify if your area is affected by an outage. exists
2022-10-12 16:51:42,190 - INFO - <module> : Meralco would like to access your location to identify if your area is affected by an outage. exists
2022-10-12 16:51:45,141 - INFO - <module> : Select weather information to be displayed
2022-10-12 16:51:45,141 - INFO - <module> : Select weather information to be displayed
2022-10-12 16:51:45,141 - INFO - <module> : Select weather information to be displayed
2022-10-12 16:51:45,266 - INFO - <module> : Disagree clicked
2022-10-12 16:51:45,266 - INFO - <module> : Disagree clicked
2022-10-12 16:51:45,266 - INFO - <module> : Disagree clicked
2022-10-12 16:51:45,745 - INFO - <module> :  clicked
2022-10-12 16:51:45,745 - INFO - <module> :  clicked
2022-10-12 16:51:45,745 - INFO - <module> :  clicked
2022-10-12 16:51:48,114 - INFO - <module> :  clicked
2022-10-12 16:51:48,114 - INFO - <module> :  clicked
2022-10-12 16:51:48,114 - INFO - <module> :  clicked
2022-10-12 16:51:48,683 - INFO - <module> : close clicked
2022-10-12 16:51:48,683 - INFO - <module> : close clicked
2022-10-12 16:51:48,683 - INFO - <module> : close clicked
2022-10-12 16:51:51,904 - INFO - <module> : Adjust outage map zoom level to greater than 8
2022-10-12 16:51:51,904 - INFO - <module> : Adjust outage map zoom level to greater than 8
2022-10-12 16:51:51,904 - INFO - <module> : Adjust outage map zoom level to greater than 8
2022-10-12 16:51:58,084 - INFO - setup : Close Browser
