2023-01-12 18:09:13,173 - INFO - setup : Browser Launched!
2023-01-12 18:09:48,416 - INFO - <module> : Opened: https://fuat-meralco.cs73.force.com/customers/s/cxe-apply
2023-01-12 18:09:48,416 - INFO - <module> : Opened: https://fuat-meralco.cs73.force.com/customers/s/cxe-apply
2023-01-12 18:09:48,416 - INFO - <module> : Opened: https://fuat-meralco.cs73.force.com/customers/s/cxe-apply
2023-01-12 18:09:48,416 - INFO - <module> : Opened: https://fuat-meralco.cs73.force.com/customers/s/cxe-apply
2023-01-12 18:09:51,764 - INFO - <module> : Service Application exists
2023-01-12 18:09:51,764 - INFO - <module> : Service Application exists
2023-01-12 18:09:51,764 - INFO - <module> : Service Application exists
2023-01-12 18:09:51,764 - INFO - <module> : Service Application exists
2023-01-12 18:09:54,926 - INFO - <module> : Clicked
2023-01-12 18:09:54,926 - INFO - <module> : Clicked
2023-01-12 18:09:54,926 - INFO - <module> : Clicked
2023-01-12 18:09:54,926 - INFO - <module> : Clicked
2023-01-12 18:09:57,965 - INFO - <module> : Clicked
2023-01-12 18:09:57,965 - INFO - <module> : Clicked
2023-01-12 18:09:57,965 - INFO - <module> : Clicked
2023-01-12 18:09:57,965 - INFO - <module> : Clicked
2023-01-12 18:10:03,850 - INFO - <module> : Clicked
2023-01-12 18:10:03,850 - INFO - <module> : Clicked
2023-01-12 18:10:03,850 - INFO - <module> : Clicked
2023-01-12 18:10:03,850 - INFO - <module> : Clicked
2023-01-12 18:10:07,397 - INFO - <module> : input: aaaaa5@yopmail.com
2023-01-12 18:10:07,397 - INFO - <module> : input: aaaaa5@yopmail.com
2023-01-12 18:10:07,397 - INFO - <module> : input: aaaaa5@yopmail.com
2023-01-12 18:10:07,397 - INFO - <module> : input: aaaaa5@yopmail.com
2023-01-12 18:10:07,548 - INFO - <module> : input: Zero Eleven
2023-01-12 18:10:07,548 - INFO - <module> : input: Zero Eleven
2023-01-12 18:10:07,548 - INFO - <module> : input: Zero Eleven
2023-01-12 18:10:07,548 - INFO - <module> : input: Zero Eleven
2023-01-12 18:10:07,619 - INFO - <module> : input: TS
2023-01-12 18:10:07,619 - INFO - <module> : input: TS
2023-01-12 18:10:07,619 - INFO - <module> : input: TS
2023-01-12 18:10:07,619 - INFO - <module> : input: TS
2023-01-12 18:10:07,687 - INFO - <module> : input: 9272437214
2023-01-12 18:10:07,687 - INFO - <module> : input: 9272437214
2023-01-12 18:10:07,687 - INFO - <module> : input: 9272437214
2023-01-12 18:10:07,687 - INFO - <module> : input: 9272437214
2023-01-12 18:10:08,179 - INFO - <module> : Clicked
2023-01-12 18:10:08,179 - INFO - <module> : Clicked
2023-01-12 18:10:08,179 - INFO - <module> : Clicked
2023-01-12 18:10:08,179 - INFO - <module> : Clicked
2023-01-12 18:10:11,854 - INFO - <module> : Clicked
2023-01-12 18:10:11,854 - INFO - <module> : Clicked
2023-01-12 18:10:11,854 - INFO - <module> : Clicked
2023-01-12 18:10:11,854 - INFO - <module> : Clicked
2023-01-12 18:10:23,643 - INFO - <module> : Opened: https://yopmail.com/en/
2023-01-12 18:10:23,643 - INFO - <module> : Opened: https://yopmail.com/en/
2023-01-12 18:10:23,643 - INFO - <module> : Opened: https://yopmail.com/en/
2023-01-12 18:10:23,643 - INFO - <module> : Opened: https://yopmail.com/en/
2023-01-12 18:10:27,606 - INFO - setup : Close Browser
