2022-10-20 15:09:28,309 - INFO - setup : Browser Launched!
2022-10-20 15:09:40,905 - INFO - <module> : Access outage reporting form for Guest users.
2022-10-20 15:09:40,905 - INFO - <module> : Access outage reporting form for Guest users.
2022-10-20 15:09:40,905 - INFO - <module> : Access outage reporting form for Guest users.
2022-10-20 15:09:40,905 - INFO - <module> : Access outage reporting form for Guest users.
2022-10-20 15:09:46,896 - INFO - <module> : Opened: https://fuat-meralco.cs73.force.com/customers/s/outagemap
2022-10-20 15:09:46,896 - INFO - <module> : Opened: https://fuat-meralco.cs73.force.com/customers/s/outagemap
2022-10-20 15:09:46,896 - INFO - <module> : Opened: https://fuat-meralco.cs73.force.com/customers/s/outagemap
2022-10-20 15:09:46,896 - INFO - <module> : Opened: https://fuat-meralco.cs73.force.com/customers/s/outagemap
2022-10-20 15:09:50,899 - INFO - <module> : Meralco would like to access your location to identify if your area is affected by an outage. exists
2022-10-20 15:09:50,899 - INFO - <module> : Meralco would like to access your location to identify if your area is affected by an outage. exists
2022-10-20 15:09:50,899 - INFO - <module> : Meralco would like to access your location to identify if your area is affected by an outage. exists
2022-10-20 15:09:50,899 - INFO - <module> : Meralco would like to access your location to identify if your area is affected by an outage. exists
2022-10-20 15:09:53,007 - INFO - <module> : Clicked
2022-10-20 15:09:53,007 - INFO - <module> : Clicked
2022-10-20 15:09:53,007 - INFO - <module> : Clicked
2022-10-20 15:09:53,007 - INFO - <module> : Clicked
2022-10-20 15:09:57,107 - INFO - <module> : Clicked
2022-10-20 15:09:57,107 - INFO - <module> : Clicked
2022-10-20 15:09:57,107 - INFO - <module> : Clicked
2022-10-20 15:09:57,107 - INFO - <module> : Clicked
2022-10-20 15:10:05,179 - INFO - <module> : Report an Outage or Incident exists
2022-10-20 15:10:05,179 - INFO - <module> : Report an Outage or Incident exists
2022-10-20 15:10:05,179 - INFO - <module> : Report an Outage or Incident exists
2022-10-20 15:10:05,179 - INFO - <module> : Report an Outage or Incident exists
2022-10-20 15:10:08,036 - INFO - <module> : Choose 'Streetlight Concern' from the 'What are you reporting?' option.
2022-10-20 15:10:08,036 - INFO - <module> : Choose 'Streetlight Concern' from the 'What are you reporting?' option.
2022-10-20 15:10:08,036 - INFO - <module> : Choose 'Streetlight Concern' from the 'What are you reporting?' option.
2022-10-20 15:10:08,036 - INFO - <module> : Choose 'Streetlight Concern' from the 'What are you reporting?' option.
2022-10-20 15:10:08,111 - INFO - <module> : Clicked
2022-10-20 15:10:08,111 - INFO - <module> : Clicked
2022-10-20 15:10:08,111 - INFO - <module> : Clicked
2022-10-20 15:10:08,111 - INFO - <module> : Clicked
2022-10-20 15:10:11,086 - INFO - <module> : Choose 'Yes' from the options.
2022-10-20 15:10:11,086 - INFO - <module> : Choose 'Yes' from the options.
2022-10-20 15:10:11,086 - INFO - <module> : Choose 'Yes' from the options.
2022-10-20 15:10:11,086 - INFO - <module> : Choose 'Yes' from the options.
2022-10-20 15:10:11,152 - INFO - <module> : Clicked
2022-10-20 15:10:11,152 - INFO - <module> : Clicked
2022-10-20 15:10:11,152 - INFO - <module> : Clicked
2022-10-20 15:10:11,152 - INFO - <module> : Clicked
2022-10-20 15:10:14,162 - INFO - <module> : Click the dropdown field for Q2.
2022-10-20 15:10:14,162 - INFO - <module> : Click the dropdown field for Q2.
2022-10-20 15:10:14,162 - INFO - <module> : Click the dropdown field for Q2.
2022-10-20 15:10:14,162 - INFO - <module> : Click the dropdown field for Q2.
2022-10-20 15:10:14,260 - INFO - <module> : Clicked
2022-10-20 15:10:14,260 - INFO - <module> : Clicked
2022-10-20 15:10:14,260 - INFO - <module> : Clicked
2022-10-20 15:10:14,260 - INFO - <module> : Clicked
2022-10-20 15:10:17,231 - INFO - <module> : Choose 'Streetlight is always on, even during daytime' from the option.
2022-10-20 15:10:17,231 - INFO - <module> : Choose 'Streetlight is always on, even during daytime' from the option.
2022-10-20 15:10:17,231 - INFO - <module> : Choose 'Streetlight is always on, even during daytime' from the option.
2022-10-20 15:10:17,231 - INFO - <module> : Choose 'Streetlight is always on, even during daytime' from the option.
2022-10-20 15:10:17,316 - INFO - <module> : Clicked
2022-10-20 15:10:17,316 - INFO - <module> : Clicked
2022-10-20 15:10:17,316 - INFO - <module> : Clicked
2022-10-20 15:10:17,316 - INFO - <module> : Clicked
2022-10-20 15:10:20,337 - INFO - <module> : Populate the following fields by selecting from one of the picklist values, as applicable:
- Province
- City/Municipality
- Barangay
- Subdivision
- Street
- House/Unit No./ Floor/ Building
2022-10-20 15:10:20,337 - INFO - <module> : Populate the following fields by selecting from one of the picklist values, as applicable:
- Province
- City/Municipality
- Barangay
- Subdivision
- Street
- House/Unit No./ Floor/ Building
2022-10-20 15:10:20,337 - INFO - <module> : Populate the following fields by selecting from one of the picklist values, as applicable:
- Province
- City/Municipality
- Barangay
- Subdivision
- Street
- House/Unit No./ Floor/ Building
2022-10-20 15:10:20,337 - INFO - <module> : Populate the following fields by selecting from one of the picklist values, as applicable:
- Province
- City/Municipality
- Barangay
- Subdivision
- Street
- House/Unit No./ Floor/ Building
2022-10-20 15:10:20,436 - INFO - <module> : Clicked
2022-10-20 15:10:20,436 - INFO - <module> : Clicked
2022-10-20 15:10:20,436 - INFO - <module> : Clicked
2022-10-20 15:10:20,436 - INFO - <module> : Clicked
2022-10-20 15:10:21,000 - INFO - <module> : Clicked
2022-10-20 15:10:21,000 - INFO - <module> : Clicked
2022-10-20 15:10:21,000 - INFO - <module> : Clicked
2022-10-20 15:10:21,000 - INFO - <module> : Clicked
2022-10-20 15:10:21,560 - INFO - <module> : Clicked
2022-10-20 15:10:21,560 - INFO - <module> : Clicked
2022-10-20 15:10:21,560 - INFO - <module> : Clicked
2022-10-20 15:10:21,560 - INFO - <module> : Clicked
2022-10-20 15:10:22,114 - INFO - <module> : Clicked
2022-10-20 15:10:22,114 - INFO - <module> : Clicked
2022-10-20 15:10:22,114 - INFO - <module> : Clicked
2022-10-20 15:10:22,114 - INFO - <module> : Clicked
2022-10-20 15:10:22,689 - INFO - <module> : Clicked
2022-10-20 15:10:22,689 - INFO - <module> : Clicked
2022-10-20 15:10:22,689 - INFO - <module> : Clicked
2022-10-20 15:10:22,689 - INFO - <module> : Clicked
2022-10-20 15:10:22,778 - INFO - <module> : input: 123
2022-10-20 15:10:22,778 - INFO - <module> : input: 123
2022-10-20 15:10:22,778 - INFO - <module> : input: 123
2022-10-20 15:10:22,778 - INFO - <module> : input: 123
2022-10-20 15:10:25,654 - INFO - <module> : Populate 'Pole Number' field.
Note: There should be no pending case associated to the encoded Pole Number.
2022-10-20 15:10:25,654 - INFO - <module> : Populate 'Pole Number' field.
Note: There should be no pending case associated to the encoded Pole Number.
2022-10-20 15:10:25,654 - INFO - <module> : Populate 'Pole Number' field.
Note: There should be no pending case associated to the encoded Pole Number.
2022-10-20 15:10:25,654 - INFO - <module> : Populate 'Pole Number' field.
Note: There should be no pending case associated to the encoded Pole Number.
2022-10-20 15:10:25,783 - INFO - <module> : input: 41
2022-10-20 15:10:25,783 - INFO - <module> : input: 41
2022-10-20 15:10:25,783 - INFO - <module> : input: 41
2022-10-20 15:10:25,783 - INFO - <module> : input: 41
2022-10-20 15:10:28,759 - INFO - <module> : Select the 'Landmarks/Directions' option and input values in the text box.
2022-10-20 15:10:28,759 - INFO - <module> : Select the 'Landmarks/Directions' option and input values in the text box.
2022-10-20 15:10:28,759 - INFO - <module> : Select the 'Landmarks/Directions' option and input values in the text box.
2022-10-20 15:10:28,759 - INFO - <module> : Select the 'Landmarks/Directions' option and input values in the text box.
2022-10-20 15:10:28,851 - INFO - <module> : Clicked
2022-10-20 15:10:28,851 - INFO - <module> : Clicked
2022-10-20 15:10:28,851 - INFO - <module> : Clicked
2022-10-20 15:10:28,851 - INFO - <module> : Clicked
2022-10-20 15:10:29,135 - INFO - <module> : Clicked
2022-10-20 15:10:29,135 - INFO - <module> : Clicked
2022-10-20 15:10:29,135 - INFO - <module> : Clicked
2022-10-20 15:10:29,135 - INFO - <module> : Clicked
2022-10-20 15:10:29,223 - INFO - <module> : input: Sample Text
2022-10-20 15:10:29,223 - INFO - <module> : input: Sample Text
2022-10-20 15:10:29,223 - INFO - <module> : input: Sample Text
2022-10-20 15:10:29,223 - INFO - <module> : input: Sample Text
2022-10-20 15:10:37,095 - INFO - <module> : Populate the following fields:
a) First Name
b) Middle Name
c) Last Name
d) Mobile Number
e) Landline
f) Email
2022-10-20 15:10:37,095 - INFO - <module> : Populate the following fields:
a) First Name
b) Middle Name
c) Last Name
d) Mobile Number
e) Landline
f) Email
2022-10-20 15:10:37,095 - INFO - <module> : Populate the following fields:
a) First Name
b) Middle Name
c) Last Name
d) Mobile Number
e) Landline
f) Email
2022-10-20 15:10:37,095 - INFO - <module> : Populate the following fields:
a) First Name
b) Middle Name
c) Last Name
d) Mobile Number
e) Landline
f) Email
2022-10-20 15:10:37,199 - INFO - <module> : input: sample
2022-10-20 15:10:37,199 - INFO - <module> : input: sample
2022-10-20 15:10:37,199 - INFO - <module> : input: sample
2022-10-20 15:10:37,199 - INFO - <module> : input: sample
2022-10-20 15:10:37,267 - INFO - <module> : input: middle
2022-10-20 15:10:37,267 - INFO - <module> : input: middle
2022-10-20 15:10:37,267 - INFO - <module> : input: middle
2022-10-20 15:10:37,267 - INFO - <module> : input: middle
2022-10-20 15:10:37,327 - INFO - <module> : input: report
2022-10-20 15:10:37,327 - INFO - <module> : input: report
2022-10-20 15:10:37,327 - INFO - <module> : input: report
2022-10-20 15:10:37,327 - INFO - <module> : input: report
2022-10-20 15:10:37,393 - INFO - <module> : input: +639758880793
2022-10-20 15:10:37,393 - INFO - <module> : input: +639758880793
2022-10-20 15:10:37,393 - INFO - <module> : input: +639758880793
2022-10-20 15:10:37,393 - INFO - <module> : input: +639758880793
2022-10-20 15:10:37,458 - INFO - <module> : input: 
2022-10-20 15:10:37,458 - INFO - <module> : input: 
2022-10-20 15:10:37,458 - INFO - <module> : input: 
2022-10-20 15:10:37,458 - INFO - <module> : input: 
2022-10-20 15:10:37,536 - INFO - <module> : input: testautomationoutage@yopmail.com
2022-10-20 15:10:37,536 - INFO - <module> : input: testautomationoutage@yopmail.com
2022-10-20 15:10:37,536 - INFO - <module> : input: testautomationoutage@yopmail.com
2022-10-20 15:10:37,536 - INFO - <module> : input: testautomationoutage@yopmail.com
2022-10-20 15:10:40,553 - INFO - <module> : Verify if 'Yes' is selected from the options under 'Do you want to receive updates related to this report?'
2022-10-20 15:10:40,553 - INFO - <module> : Verify if 'Yes' is selected from the options under 'Do you want to receive updates related to this report?'
2022-10-20 15:10:40,553 - INFO - <module> : Verify if 'Yes' is selected from the options under 'Do you want to receive updates related to this report?'
2022-10-20 15:10:40,553 - INFO - <module> : Verify if 'Yes' is selected from the options under 'Do you want to receive updates related to this report?'
2022-10-20 15:10:43,602 - INFO - <module> : Select SMS and Email as preferred Case Notification Channel.
Note: Ensure that 'Email' field has valid value if Email has been selected as preferred Case Notification Channel.
2022-10-20 15:10:43,602 - INFO - <module> : Select SMS and Email as preferred Case Notification Channel.
Note: Ensure that 'Email' field has valid value if Email has been selected as preferred Case Notification Channel.
2022-10-20 15:10:43,602 - INFO - <module> : Select SMS and Email as preferred Case Notification Channel.
Note: Ensure that 'Email' field has valid value if Email has been selected as preferred Case Notification Channel.
2022-10-20 15:10:43,602 - INFO - <module> : Select SMS and Email as preferred Case Notification Channel.
Note: Ensure that 'Email' field has valid value if Email has been selected as preferred Case Notification Channel.
2022-10-20 15:10:43,700 - INFO - <module> : Clicked
2022-10-20 15:10:43,700 - INFO - <module> : Clicked
2022-10-20 15:10:43,700 - INFO - <module> : Clicked
2022-10-20 15:10:43,700 - INFO - <module> : Clicked
2022-10-20 15:10:43,763 - INFO - <module> : Clicked
2022-10-20 15:10:43,763 - INFO - <module> : Clicked
2022-10-20 15:10:43,763 - INFO - <module> : Clicked
2022-10-20 15:10:43,763 - INFO - <module> : Clicked
2022-10-20 15:10:46,762 - INFO - <module> : Select the checkbox for:
I have read and agree to the Meralco Online Terms & Conditions and consent to the processing of my personal data in accordance with the Privacy Policy.
2022-10-20 15:10:46,762 - INFO - <module> : Select the checkbox for:
I have read and agree to the Meralco Online Terms & Conditions and consent to the processing of my personal data in accordance with the Privacy Policy.
2022-10-20 15:10:46,762 - INFO - <module> : Select the checkbox for:
I have read and agree to the Meralco Online Terms & Conditions and consent to the processing of my personal data in accordance with the Privacy Policy.
2022-10-20 15:10:46,762 - INFO - <module> : Select the checkbox for:
I have read and agree to the Meralco Online Terms & Conditions and consent to the processing of my personal data in accordance with the Privacy Policy.
2022-10-20 15:10:46,867 - INFO - <module> : Clicked
2022-10-20 15:10:46,867 - INFO - <module> : Clicked
2022-10-20 15:10:46,867 - INFO - <module> : Clicked
2022-10-20 15:10:46,867 - INFO - <module> : Clicked
2022-10-20 15:10:49,907 - INFO - <module> : Click ‘Submit’ button.
2022-10-20 15:10:49,907 - INFO - <module> : Click ‘Submit’ button.
2022-10-20 15:10:49,907 - INFO - <module> : Click ‘Submit’ button.
2022-10-20 15:10:49,907 - INFO - <module> : Click ‘Submit’ button.
2022-10-20 15:10:50,011 - INFO - <module> : Clicked
2022-10-20 15:10:50,011 - INFO - <module> : Clicked
2022-10-20 15:10:50,011 - INFO - <module> : Clicked
2022-10-20 15:10:50,011 - INFO - <module> : Clicked
2022-10-20 15:11:08,070 - INFO - <module> : Verify received SMS notification.
2022-10-20 15:11:08,070 - INFO - <module> : Verify received SMS notification.
2022-10-20 15:11:08,070 - INFO - <module> : Verify received SMS notification.
2022-10-20 15:11:08,070 - INFO - <module> : Verify received SMS notification.
2022-10-20 15:11:08,789 - INFO - <module> : Verify received Email notification.
2022-10-20 15:11:08,789 - INFO - <module> : Verify received Email notification.
2022-10-20 15:11:08,789 - INFO - <module> : Verify received Email notification.
2022-10-20 15:11:08,789 - INFO - <module> : Verify received Email notification.
2022-10-20 15:11:15,463 - INFO - <module> : Opened: https://yopmail.com/en/
2022-10-20 15:11:15,463 - INFO - <module> : Opened: https://yopmail.com/en/
2022-10-20 15:11:15,463 - INFO - <module> : Opened: https://yopmail.com/en/
2022-10-20 15:11:15,463 - INFO - <module> : Opened: https://yopmail.com/en/
2022-10-20 15:11:15,608 - INFO - <module> : input: testautomationoutage@yopmail.com
2022-10-20 15:11:15,608 - INFO - <module> : input: testautomationoutage@yopmail.com
2022-10-20 15:11:15,608 - INFO - <module> : input: testautomationoutage@yopmail.com
2022-10-20 15:11:15,608 - INFO - <module> : input: testautomationoutage@yopmail.com
2022-10-20 15:11:16,816 - INFO - <module> : Clicked
2022-10-20 15:11:16,816 - INFO - <module> : Clicked
2022-10-20 15:11:16,816 - INFO - <module> : Clicked
2022-10-20 15:11:16,816 - INFO - <module> : Clicked
2022-10-20 15:11:19,792 - INFO - <module> : Access outage reporting form for Guest users.
2022-10-20 15:11:19,792 - INFO - <module> : Access outage reporting form for Guest users.
2022-10-20 15:11:19,792 - INFO - <module> : Access outage reporting form for Guest users.
2022-10-20 15:11:19,792 - INFO - <module> : Access outage reporting form for Guest users.
2022-10-20 15:11:21,803 - INFO - <module> : Opened: https://fuat-meralco.cs73.force.com/customers/s/outagemap
2022-10-20 15:11:21,803 - INFO - <module> : Opened: https://fuat-meralco.cs73.force.com/customers/s/outagemap
2022-10-20 15:11:21,803 - INFO - <module> : Opened: https://fuat-meralco.cs73.force.com/customers/s/outagemap
2022-10-20 15:11:21,803 - INFO - <module> : Opened: https://fuat-meralco.cs73.force.com/customers/s/outagemap
2022-10-20 15:11:24,640 - INFO - <module> : Meralco would like to access your location to identify if your area is affected by an outage. exists
2022-10-20 15:11:24,640 - INFO - <module> : Meralco would like to access your location to identify if your area is affected by an outage. exists
2022-10-20 15:11:24,640 - INFO - <module> : Meralco would like to access your location to identify if your area is affected by an outage. exists
2022-10-20 15:11:24,640 - INFO - <module> : Meralco would like to access your location to identify if your area is affected by an outage. exists
2022-10-20 15:11:26,730 - INFO - <module> : Clicked
2022-10-20 15:11:26,730 - INFO - <module> : Clicked
2022-10-20 15:11:26,730 - INFO - <module> : Clicked
2022-10-20 15:11:26,730 - INFO - <module> : Clicked
2022-10-20 15:11:30,814 - INFO - <module> : Clicked
2022-10-20 15:11:30,814 - INFO - <module> : Clicked
2022-10-20 15:11:30,814 - INFO - <module> : Clicked
2022-10-20 15:11:30,814 - INFO - <module> : Clicked
2022-10-20 15:11:38,899 - INFO - <module> : Report an Outage or Incident exists
2022-10-20 15:11:38,899 - INFO - <module> : Report an Outage or Incident exists
2022-10-20 15:11:38,899 - INFO - <module> : Report an Outage or Incident exists
2022-10-20 15:11:38,899 - INFO - <module> : Report an Outage or Incident exists
2022-10-20 15:11:41,916 - INFO - <module> : Choose 'Streetlight Concern' from the 'What are you reporting?' option.
2022-10-20 15:11:41,916 - INFO - <module> : Choose 'Streetlight Concern' from the 'What are you reporting?' option.
2022-10-20 15:11:41,916 - INFO - <module> : Choose 'Streetlight Concern' from the 'What are you reporting?' option.
2022-10-20 15:11:41,916 - INFO - <module> : Choose 'Streetlight Concern' from the 'What are you reporting?' option.
2022-10-20 15:11:42,060 - INFO - <module> : Clicked
2022-10-20 15:11:42,060 - INFO - <module> : Clicked
2022-10-20 15:11:42,060 - INFO - <module> : Clicked
2022-10-20 15:11:42,060 - INFO - <module> : Clicked
2022-10-20 15:11:45,118 - INFO - <module> : Choose 'Yes' from the options.
2022-10-20 15:11:45,118 - INFO - <module> : Choose 'Yes' from the options.
2022-10-20 15:11:45,118 - INFO - <module> : Choose 'Yes' from the options.
2022-10-20 15:11:45,118 - INFO - <module> : Choose 'Yes' from the options.
2022-10-20 15:11:45,265 - INFO - <module> : Clicked
2022-10-20 15:11:45,265 - INFO - <module> : Clicked
2022-10-20 15:11:45,265 - INFO - <module> : Clicked
2022-10-20 15:11:45,265 - INFO - <module> : Clicked
2022-10-20 15:11:48,167 - INFO - <module> : Click the dropdown field for Q2.
2022-10-20 15:11:48,167 - INFO - <module> : Click the dropdown field for Q2.
2022-10-20 15:11:48,167 - INFO - <module> : Click the dropdown field for Q2.
2022-10-20 15:11:48,167 - INFO - <module> : Click the dropdown field for Q2.
2022-10-20 15:11:48,283 - INFO - <module> : Clicked
2022-10-20 15:11:48,283 - INFO - <module> : Clicked
2022-10-20 15:11:48,283 - INFO - <module> : Clicked
2022-10-20 15:11:48,283 - INFO - <module> : Clicked
2022-10-20 15:11:51,222 - INFO - <module> : Choose 'Streetlight is flickering' from the option.
2022-10-20 15:11:51,222 - INFO - <module> : Choose 'Streetlight is flickering' from the option.
2022-10-20 15:11:51,222 - INFO - <module> : Choose 'Streetlight is flickering' from the option.
2022-10-20 15:11:51,222 - INFO - <module> : Choose 'Streetlight is flickering' from the option.
2022-10-20 15:11:51,340 - INFO - <module> : Clicked
2022-10-20 15:11:51,340 - INFO - <module> : Clicked
2022-10-20 15:11:51,340 - INFO - <module> : Clicked
2022-10-20 15:11:51,340 - INFO - <module> : Clicked
2022-10-20 15:11:54,349 - INFO - <module> : Populate the following fields by selecting from one of the picklist values, as applicable:
- Province
- City/Municipality
- Barangay
- Subdivision
- Street
- House/Unit No./ Floor/ Building
2022-10-20 15:11:54,349 - INFO - <module> : Populate the following fields by selecting from one of the picklist values, as applicable:
- Province
- City/Municipality
- Barangay
- Subdivision
- Street
- House/Unit No./ Floor/ Building
2022-10-20 15:11:54,349 - INFO - <module> : Populate the following fields by selecting from one of the picklist values, as applicable:
- Province
- City/Municipality
- Barangay
- Subdivision
- Street
- House/Unit No./ Floor/ Building
2022-10-20 15:11:54,349 - INFO - <module> : Populate the following fields by selecting from one of the picklist values, as applicable:
- Province
- City/Municipality
- Barangay
- Subdivision
- Street
- House/Unit No./ Floor/ Building
2022-10-20 15:11:54,452 - INFO - <module> : Clicked
2022-10-20 15:11:54,452 - INFO - <module> : Clicked
2022-10-20 15:11:54,452 - INFO - <module> : Clicked
2022-10-20 15:11:54,452 - INFO - <module> : Clicked
2022-10-20 15:11:55,034 - INFO - <module> : Clicked
2022-10-20 15:11:55,034 - INFO - <module> : Clicked
2022-10-20 15:11:55,034 - INFO - <module> : Clicked
2022-10-20 15:11:55,034 - INFO - <module> : Clicked
2022-10-20 15:11:55,609 - INFO - <module> : Clicked
2022-10-20 15:11:55,609 - INFO - <module> : Clicked
2022-10-20 15:11:55,609 - INFO - <module> : Clicked
2022-10-20 15:11:55,609 - INFO - <module> : Clicked
2022-10-20 15:11:56,190 - INFO - <module> : Clicked
2022-10-20 15:11:56,190 - INFO - <module> : Clicked
2022-10-20 15:11:56,190 - INFO - <module> : Clicked
2022-10-20 15:11:56,190 - INFO - <module> : Clicked
2022-10-20 15:11:56,756 - INFO - <module> : Clicked
2022-10-20 15:11:56,756 - INFO - <module> : Clicked
2022-10-20 15:11:56,756 - INFO - <module> : Clicked
2022-10-20 15:11:56,756 - INFO - <module> : Clicked
2022-10-20 15:11:56,833 - INFO - <module> : input: 123
2022-10-20 15:11:56,833 - INFO - <module> : input: 123
2022-10-20 15:11:56,833 - INFO - <module> : input: 123
2022-10-20 15:11:56,833 - INFO - <module> : input: 123
2022-10-20 15:11:59,839 - INFO - <module> : Populate 'Pole Number' field using the values encoded in the prior report.
2022-10-20 15:11:59,839 - INFO - <module> : Populate 'Pole Number' field using the values encoded in the prior report.
2022-10-20 15:11:59,839 - INFO - <module> : Populate 'Pole Number' field using the values encoded in the prior report.
2022-10-20 15:11:59,839 - INFO - <module> : Populate 'Pole Number' field using the values encoded in the prior report.
2022-10-20 15:12:00,015 - INFO - <module> : input: 41
2022-10-20 15:12:00,015 - INFO - <module> : input: 41
2022-10-20 15:12:00,015 - INFO - <module> : input: 41
2022-10-20 15:12:00,015 - INFO - <module> : input: 41
2022-10-20 15:12:03,062 - INFO - <module> : Select any other field in the form.
2022-10-20 15:12:03,062 - INFO - <module> : Select any other field in the form.
2022-10-20 15:12:03,062 - INFO - <module> : Select any other field in the form.
2022-10-20 15:12:03,062 - INFO - <module> : Select any other field in the form.
2022-10-20 15:12:03,171 - INFO - <module> : Clicked
2022-10-20 15:12:03,171 - INFO - <module> : Clicked
2022-10-20 15:12:03,171 - INFO - <module> : Clicked
2022-10-20 15:12:03,171 - INFO - <module> : Clicked
2022-10-20 15:12:11,697 - INFO - setup : Close Browser
