2022-10-20 15:37:11,684 - INFO - setup : Browser Launched!
2022-10-20 15:37:20,639 - INFO - <module> : Access outage reporting form for Guest users.
2022-10-20 15:37:20,639 - INFO - <module> : Access outage reporting form for Guest users.
2022-10-20 15:37:20,639 - INFO - <module> : Access outage reporting form for Guest users.
2022-10-20 15:37:20,639 - INFO - <module> : Access outage reporting form for Guest users.
2022-10-20 15:37:26,549 - INFO - <module> : Opened: https://fuat-meralco.cs73.force.com/customers/s/outagemap
2022-10-20 15:37:26,549 - INFO - <module> : Opened: https://fuat-meralco.cs73.force.com/customers/s/outagemap
2022-10-20 15:37:26,549 - INFO - <module> : Opened: https://fuat-meralco.cs73.force.com/customers/s/outagemap
2022-10-20 15:37:26,549 - INFO - <module> : Opened: https://fuat-meralco.cs73.force.com/customers/s/outagemap
2022-10-20 15:37:29,513 - INFO - <module> : Meralco would like to access your location to identify if your area is affected by an outage. exists
2022-10-20 15:37:29,513 - INFO - <module> : Meralco would like to access your location to identify if your area is affected by an outage. exists
2022-10-20 15:37:29,513 - INFO - <module> : Meralco would like to access your location to identify if your area is affected by an outage. exists
2022-10-20 15:37:29,513 - INFO - <module> : Meralco would like to access your location to identify if your area is affected by an outage. exists
2022-10-20 15:37:31,618 - INFO - <module> : Clicked
2022-10-20 15:37:31,618 - INFO - <module> : Clicked
2022-10-20 15:37:31,618 - INFO - <module> : Clicked
2022-10-20 15:37:31,618 - INFO - <module> : Clicked
2022-10-20 15:37:35,704 - INFO - <module> : Clicked
2022-10-20 15:37:35,704 - INFO - <module> : Clicked
2022-10-20 15:37:35,704 - INFO - <module> : Clicked
2022-10-20 15:37:35,704 - INFO - <module> : Clicked
2022-10-20 15:37:43,762 - INFO - <module> : Report an Outage or Incident exists
2022-10-20 15:37:43,762 - INFO - <module> : Report an Outage or Incident exists
2022-10-20 15:37:43,762 - INFO - <module> : Report an Outage or Incident exists
2022-10-20 15:37:43,762 - INFO - <module> : Report an Outage or Incident exists
2022-10-20 15:37:46,582 - INFO - <module> : Choose 'Streetlight Concern' from the 'What are you reporting?' option.
2022-10-20 15:37:46,582 - INFO - <module> : Choose 'Streetlight Concern' from the 'What are you reporting?' option.
2022-10-20 15:37:46,582 - INFO - <module> : Choose 'Streetlight Concern' from the 'What are you reporting?' option.
2022-10-20 15:37:46,582 - INFO - <module> : Choose 'Streetlight Concern' from the 'What are you reporting?' option.
2022-10-20 15:37:46,668 - INFO - <module> : Clicked
2022-10-20 15:37:46,668 - INFO - <module> : Clicked
2022-10-20 15:37:46,668 - INFO - <module> : Clicked
2022-10-20 15:37:46,668 - INFO - <module> : Clicked
2022-10-20 15:37:49,569 - INFO - <module> : Choose 'Yes' from the options.
2022-10-20 15:37:49,569 - INFO - <module> : Choose 'Yes' from the options.
2022-10-20 15:37:49,569 - INFO - <module> : Choose 'Yes' from the options.
2022-10-20 15:37:49,569 - INFO - <module> : Choose 'Yes' from the options.
2022-10-20 15:37:49,654 - INFO - <module> : Clicked
2022-10-20 15:37:49,654 - INFO - <module> : Clicked
2022-10-20 15:37:49,654 - INFO - <module> : Clicked
2022-10-20 15:37:49,654 - INFO - <module> : Clicked
2022-10-20 15:37:52,629 - INFO - <module> : Click the dropdown field for Q2.
2022-10-20 15:37:52,629 - INFO - <module> : Click the dropdown field for Q2.
2022-10-20 15:37:52,629 - INFO - <module> : Click the dropdown field for Q2.
2022-10-20 15:37:52,629 - INFO - <module> : Click the dropdown field for Q2.
2022-10-20 15:37:52,731 - INFO - <module> : Clicked
2022-10-20 15:37:52,731 - INFO - <module> : Clicked
2022-10-20 15:37:52,731 - INFO - <module> : Clicked
2022-10-20 15:37:52,731 - INFO - <module> : Clicked
2022-10-20 15:37:55,790 - INFO - <module> : Choose 'Streetlight is always on, even during daytime' from the option.
2022-10-20 15:37:55,790 - INFO - <module> : Choose 'Streetlight is always on, even during daytime' from the option.
2022-10-20 15:37:55,790 - INFO - <module> : Choose 'Streetlight is always on, even during daytime' from the option.
2022-10-20 15:37:55,790 - INFO - <module> : Choose 'Streetlight is always on, even during daytime' from the option.
2022-10-20 15:37:55,895 - INFO - <module> : Clicked
2022-10-20 15:37:55,895 - INFO - <module> : Clicked
2022-10-20 15:37:55,895 - INFO - <module> : Clicked
2022-10-20 15:37:55,895 - INFO - <module> : Clicked
2022-10-20 15:37:58,793 - INFO - <module> : Populate the following fields by selecting from one of the picklist values, as applicable:
- Province
- City/Municipality
- Barangay
- Subdivision
- Street
- House/Unit No./ Floor/ Building
2022-10-20 15:37:58,793 - INFO - <module> : Populate the following fields by selecting from one of the picklist values, as applicable:
- Province
- City/Municipality
- Barangay
- Subdivision
- Street
- House/Unit No./ Floor/ Building
2022-10-20 15:37:58,793 - INFO - <module> : Populate the following fields by selecting from one of the picklist values, as applicable:
- Province
- City/Municipality
- Barangay
- Subdivision
- Street
- House/Unit No./ Floor/ Building
2022-10-20 15:37:58,793 - INFO - <module> : Populate the following fields by selecting from one of the picklist values, as applicable:
- Province
- City/Municipality
- Barangay
- Subdivision
- Street
- House/Unit No./ Floor/ Building
2022-10-20 15:37:58,905 - INFO - <module> : Clicked
2022-10-20 15:37:58,905 - INFO - <module> : Clicked
2022-10-20 15:37:58,905 - INFO - <module> : Clicked
2022-10-20 15:37:58,905 - INFO - <module> : Clicked
2022-10-20 15:38:01,055 - INFO - <module> : Clicked
2022-10-20 15:38:01,055 - INFO - <module> : Clicked
2022-10-20 15:38:01,055 - INFO - <module> : Clicked
2022-10-20 15:38:01,055 - INFO - <module> : Clicked
2022-10-20 15:38:01,641 - INFO - <module> : Clicked
2022-10-20 15:38:01,641 - INFO - <module> : Clicked
2022-10-20 15:38:01,641 - INFO - <module> : Clicked
2022-10-20 15:38:01,641 - INFO - <module> : Clicked
2022-10-20 15:38:02,211 - INFO - <module> : Clicked
2022-10-20 15:38:02,211 - INFO - <module> : Clicked
2022-10-20 15:38:02,211 - INFO - <module> : Clicked
2022-10-20 15:38:02,211 - INFO - <module> : Clicked
2022-10-20 15:38:02,785 - INFO - <module> : Clicked
2022-10-20 15:38:02,785 - INFO - <module> : Clicked
2022-10-20 15:38:02,785 - INFO - <module> : Clicked
2022-10-20 15:38:02,785 - INFO - <module> : Clicked
2022-10-20 15:38:02,861 - INFO - <module> : input: 123
2022-10-20 15:38:02,861 - INFO - <module> : input: 123
2022-10-20 15:38:02,861 - INFO - <module> : input: 123
2022-10-20 15:38:02,861 - INFO - <module> : input: 123
2022-10-20 15:38:05,718 - INFO - <module> : Populate 'Pole Number' field.
Note: There should be no pending case associated to the encoded Pole Number.
2022-10-20 15:38:05,718 - INFO - <module> : Populate 'Pole Number' field.
Note: There should be no pending case associated to the encoded Pole Number.
2022-10-20 15:38:05,718 - INFO - <module> : Populate 'Pole Number' field.
Note: There should be no pending case associated to the encoded Pole Number.
2022-10-20 15:38:05,718 - INFO - <module> : Populate 'Pole Number' field.
Note: There should be no pending case associated to the encoded Pole Number.
2022-10-20 15:38:05,836 - INFO - <module> : input: 44
2022-10-20 15:38:05,836 - INFO - <module> : input: 44
2022-10-20 15:38:05,836 - INFO - <module> : input: 44
2022-10-20 15:38:05,836 - INFO - <module> : input: 44
2022-10-20 15:38:08,807 - INFO - <module> : Select the 'Landmarks/Directions' option and input values in the text box.
2022-10-20 15:38:08,807 - INFO - <module> : Select the 'Landmarks/Directions' option and input values in the text box.
2022-10-20 15:38:08,807 - INFO - <module> : Select the 'Landmarks/Directions' option and input values in the text box.
2022-10-20 15:38:08,807 - INFO - <module> : Select the 'Landmarks/Directions' option and input values in the text box.
2022-10-20 15:38:08,925 - INFO - <module> : Clicked
2022-10-20 15:38:08,925 - INFO - <module> : Clicked
2022-10-20 15:38:08,925 - INFO - <module> : Clicked
2022-10-20 15:38:08,925 - INFO - <module> : Clicked
2022-10-20 15:38:09,163 - INFO - <module> : Clicked
2022-10-20 15:38:09,163 - INFO - <module> : Clicked
2022-10-20 15:38:09,163 - INFO - <module> : Clicked
2022-10-20 15:38:09,163 - INFO - <module> : Clicked
2022-10-20 15:38:09,280 - INFO - <module> : input: Sample Text
2022-10-20 15:38:09,280 - INFO - <module> : input: Sample Text
2022-10-20 15:38:09,280 - INFO - <module> : input: Sample Text
2022-10-20 15:38:09,280 - INFO - <module> : input: Sample Text
2022-10-20 15:38:17,139 - INFO - <module> : Populate the following fields:
a) First Name
b) Middle Name
c) Last Name
d) Mobile Number
e) Landline
f) Email
2022-10-20 15:38:17,139 - INFO - <module> : Populate the following fields:
a) First Name
b) Middle Name
c) Last Name
d) Mobile Number
e) Landline
f) Email
2022-10-20 15:38:17,139 - INFO - <module> : Populate the following fields:
a) First Name
b) Middle Name
c) Last Name
d) Mobile Number
e) Landline
f) Email
2022-10-20 15:38:17,139 - INFO - <module> : Populate the following fields:
a) First Name
b) Middle Name
c) Last Name
d) Mobile Number
e) Landline
f) Email
2022-10-20 15:38:17,252 - INFO - <module> : input: sample
2022-10-20 15:38:17,252 - INFO - <module> : input: sample
2022-10-20 15:38:17,252 - INFO - <module> : input: sample
2022-10-20 15:38:17,252 - INFO - <module> : input: sample
2022-10-20 15:38:17,324 - INFO - <module> : input: middle
2022-10-20 15:38:17,324 - INFO - <module> : input: middle
2022-10-20 15:38:17,324 - INFO - <module> : input: middle
2022-10-20 15:38:17,324 - INFO - <module> : input: middle
2022-10-20 15:38:17,389 - INFO - <module> : input: report
2022-10-20 15:38:17,389 - INFO - <module> : input: report
2022-10-20 15:38:17,389 - INFO - <module> : input: report
2022-10-20 15:38:17,389 - INFO - <module> : input: report
2022-10-20 15:38:17,463 - INFO - <module> : input: +639758880793
2022-10-20 15:38:17,463 - INFO - <module> : input: +639758880793
2022-10-20 15:38:17,463 - INFO - <module> : input: +639758880793
2022-10-20 15:38:17,463 - INFO - <module> : input: +639758880793
2022-10-20 15:38:17,521 - INFO - <module> : input: 
2022-10-20 15:38:17,521 - INFO - <module> : input: 
2022-10-20 15:38:17,521 - INFO - <module> : input: 
2022-10-20 15:38:17,521 - INFO - <module> : input: 
2022-10-20 15:38:17,608 - INFO - <module> : input: testautomationoutage@yopmail.com
2022-10-20 15:38:17,608 - INFO - <module> : input: testautomationoutage@yopmail.com
2022-10-20 15:38:17,608 - INFO - <module> : input: testautomationoutage@yopmail.com
2022-10-20 15:38:17,608 - INFO - <module> : input: testautomationoutage@yopmail.com
2022-10-20 15:38:20,540 - INFO - <module> : Verify if 'Yes' is selected from the options under 'Do you want to receive updates related to this report?'
2022-10-20 15:38:20,540 - INFO - <module> : Verify if 'Yes' is selected from the options under 'Do you want to receive updates related to this report?'
2022-10-20 15:38:20,540 - INFO - <module> : Verify if 'Yes' is selected from the options under 'Do you want to receive updates related to this report?'
2022-10-20 15:38:20,540 - INFO - <module> : Verify if 'Yes' is selected from the options under 'Do you want to receive updates related to this report?'
2022-10-20 15:38:23,753 - INFO - <module> : Select SMS and Email as preferred Case Notification Channel.
Note: Ensure that 'Email' field has valid value if Email has been selected as preferred Case Notification Channel.
2022-10-20 15:38:23,753 - INFO - <module> : Select SMS and Email as preferred Case Notification Channel.
Note: Ensure that 'Email' field has valid value if Email has been selected as preferred Case Notification Channel.
2022-10-20 15:38:23,753 - INFO - <module> : Select SMS and Email as preferred Case Notification Channel.
Note: Ensure that 'Email' field has valid value if Email has been selected as preferred Case Notification Channel.
2022-10-20 15:38:23,753 - INFO - <module> : Select SMS and Email as preferred Case Notification Channel.
Note: Ensure that 'Email' field has valid value if Email has been selected as preferred Case Notification Channel.
2022-10-20 15:38:23,866 - INFO - <module> : Clicked
2022-10-20 15:38:23,866 - INFO - <module> : Clicked
2022-10-20 15:38:23,866 - INFO - <module> : Clicked
2022-10-20 15:38:23,866 - INFO - <module> : Clicked
2022-10-20 15:38:23,934 - INFO - <module> : Clicked
2022-10-20 15:38:23,934 - INFO - <module> : Clicked
2022-10-20 15:38:23,934 - INFO - <module> : Clicked
2022-10-20 15:38:23,934 - INFO - <module> : Clicked
2022-10-20 15:38:26,858 - INFO - <module> : Select the checkbox for:
I have read and agree to the Meralco Online Terms & Conditions and consent to the processing of my personal data in accordance with the Privacy Policy.
2022-10-20 15:38:26,858 - INFO - <module> : Select the checkbox for:
I have read and agree to the Meralco Online Terms & Conditions and consent to the processing of my personal data in accordance with the Privacy Policy.
2022-10-20 15:38:26,858 - INFO - <module> : Select the checkbox for:
I have read and agree to the Meralco Online Terms & Conditions and consent to the processing of my personal data in accordance with the Privacy Policy.
2022-10-20 15:38:26,858 - INFO - <module> : Select the checkbox for:
I have read and agree to the Meralco Online Terms & Conditions and consent to the processing of my personal data in accordance with the Privacy Policy.
2022-10-20 15:38:26,967 - INFO - <module> : Clicked
2022-10-20 15:38:26,967 - INFO - <module> : Clicked
2022-10-20 15:38:26,967 - INFO - <module> : Clicked
2022-10-20 15:38:26,967 - INFO - <module> : Clicked
2022-10-20 15:38:29,807 - INFO - <module> : Click ‘Submit’ button.
2022-10-20 15:38:29,807 - INFO - <module> : Click ‘Submit’ button.
2022-10-20 15:38:29,807 - INFO - <module> : Click ‘Submit’ button.
2022-10-20 15:38:29,807 - INFO - <module> : Click ‘Submit’ button.
2022-10-20 15:38:29,917 - INFO - <module> : Clicked
2022-10-20 15:38:29,917 - INFO - <module> : Clicked
2022-10-20 15:38:29,917 - INFO - <module> : Clicked
2022-10-20 15:38:29,917 - INFO - <module> : Clicked
2022-10-20 15:38:47,982 - INFO - <module> : Verify received SMS notification.
2022-10-20 15:38:47,982 - INFO - <module> : Verify received SMS notification.
2022-10-20 15:38:47,982 - INFO - <module> : Verify received SMS notification.
2022-10-20 15:38:47,982 - INFO - <module> : Verify received SMS notification.
2022-10-20 15:38:48,709 - INFO - <module> : Verify received Email notification.
2022-10-20 15:38:48,709 - INFO - <module> : Verify received Email notification.
2022-10-20 15:38:48,709 - INFO - <module> : Verify received Email notification.
2022-10-20 15:38:48,709 - INFO - <module> : Verify received Email notification.
2022-10-20 15:38:51,870 - INFO - <module> : Opened: https://yopmail.com/en/
2022-10-20 15:38:51,870 - INFO - <module> : Opened: https://yopmail.com/en/
2022-10-20 15:38:51,870 - INFO - <module> : Opened: https://yopmail.com/en/
2022-10-20 15:38:51,870 - INFO - <module> : Opened: https://yopmail.com/en/
2022-10-20 15:38:52,059 - INFO - <module> : input: testautomationoutage@yopmail.com
2022-10-20 15:38:52,059 - INFO - <module> : input: testautomationoutage@yopmail.com
2022-10-20 15:38:52,059 - INFO - <module> : input: testautomationoutage@yopmail.com
2022-10-20 15:38:52,059 - INFO - <module> : input: testautomationoutage@yopmail.com
2022-10-20 15:38:53,345 - INFO - <module> : Clicked
2022-10-20 15:38:53,345 - INFO - <module> : Clicked
2022-10-20 15:38:53,345 - INFO - <module> : Clicked
2022-10-20 15:38:53,345 - INFO - <module> : Clicked
2022-10-20 15:38:56,360 - INFO - <module> : Access outage reporting form for Guest users.
2022-10-20 15:38:56,360 - INFO - <module> : Access outage reporting form for Guest users.
2022-10-20 15:38:56,360 - INFO - <module> : Access outage reporting form for Guest users.
2022-10-20 15:38:56,360 - INFO - <module> : Access outage reporting form for Guest users.
2022-10-20 15:39:02,668 - INFO - <module> : Opened: https://fuat-meralco.cs73.force.com/customers/s/outagemap
2022-10-20 15:39:02,668 - INFO - <module> : Opened: https://fuat-meralco.cs73.force.com/customers/s/outagemap
2022-10-20 15:39:02,668 - INFO - <module> : Opened: https://fuat-meralco.cs73.force.com/customers/s/outagemap
2022-10-20 15:39:02,668 - INFO - <module> : Opened: https://fuat-meralco.cs73.force.com/customers/s/outagemap
2022-10-20 15:39:05,492 - INFO - <module> : Meralco would like to access your location to identify if your area is affected by an outage. exists
2022-10-20 15:39:05,492 - INFO - <module> : Meralco would like to access your location to identify if your area is affected by an outage. exists
2022-10-20 15:39:05,492 - INFO - <module> : Meralco would like to access your location to identify if your area is affected by an outage. exists
2022-10-20 15:39:05,492 - INFO - <module> : Meralco would like to access your location to identify if your area is affected by an outage. exists
2022-10-20 15:39:07,610 - INFO - <module> : Clicked
2022-10-20 15:39:07,610 - INFO - <module> : Clicked
2022-10-20 15:39:07,610 - INFO - <module> : Clicked
2022-10-20 15:39:07,610 - INFO - <module> : Clicked
2022-10-20 15:39:11,711 - INFO - <module> : Clicked
2022-10-20 15:39:11,711 - INFO - <module> : Clicked
2022-10-20 15:39:11,711 - INFO - <module> : Clicked
2022-10-20 15:39:11,711 - INFO - <module> : Clicked
2022-10-20 15:39:19,784 - INFO - <module> : Report an Outage or Incident exists
2022-10-20 15:39:19,784 - INFO - <module> : Report an Outage or Incident exists
2022-10-20 15:39:19,784 - INFO - <module> : Report an Outage or Incident exists
2022-10-20 15:39:19,784 - INFO - <module> : Report an Outage or Incident exists
2022-10-20 15:39:22,805 - INFO - <module> : Choose 'Streetlight Concern' from the 'What are you reporting?' option.
2022-10-20 15:39:22,805 - INFO - <module> : Choose 'Streetlight Concern' from the 'What are you reporting?' option.
2022-10-20 15:39:22,805 - INFO - <module> : Choose 'Streetlight Concern' from the 'What are you reporting?' option.
2022-10-20 15:39:22,805 - INFO - <module> : Choose 'Streetlight Concern' from the 'What are you reporting?' option.
2022-10-20 15:39:22,945 - INFO - <module> : Clicked
2022-10-20 15:39:22,945 - INFO - <module> : Clicked
2022-10-20 15:39:22,945 - INFO - <module> : Clicked
2022-10-20 15:39:22,945 - INFO - <module> : Clicked
2022-10-20 15:39:25,831 - INFO - <module> : Choose 'Yes' from the options.
2022-10-20 15:39:25,831 - INFO - <module> : Choose 'Yes' from the options.
2022-10-20 15:39:25,831 - INFO - <module> : Choose 'Yes' from the options.
2022-10-20 15:39:25,831 - INFO - <module> : Choose 'Yes' from the options.
2022-10-20 15:39:25,959 - INFO - <module> : Clicked
2022-10-20 15:39:25,959 - INFO - <module> : Clicked
2022-10-20 15:39:25,959 - INFO - <module> : Clicked
2022-10-20 15:39:25,959 - INFO - <module> : Clicked
2022-10-20 15:39:28,849 - INFO - <module> : Click the dropdown field for Q2.
2022-10-20 15:39:28,849 - INFO - <module> : Click the dropdown field for Q2.
2022-10-20 15:39:28,849 - INFO - <module> : Click the dropdown field for Q2.
2022-10-20 15:39:28,849 - INFO - <module> : Click the dropdown field for Q2.
2022-10-20 15:39:28,983 - INFO - <module> : Clicked
2022-10-20 15:39:28,983 - INFO - <module> : Clicked
2022-10-20 15:39:28,983 - INFO - <module> : Clicked
2022-10-20 15:39:28,983 - INFO - <module> : Clicked
2022-10-20 15:39:32,013 - INFO - <module> : Choose 'Streetlight is flickering' from the option.
2022-10-20 15:39:32,013 - INFO - <module> : Choose 'Streetlight is flickering' from the option.
2022-10-20 15:39:32,013 - INFO - <module> : Choose 'Streetlight is flickering' from the option.
2022-10-20 15:39:32,013 - INFO - <module> : Choose 'Streetlight is flickering' from the option.
2022-10-20 15:39:32,156 - INFO - <module> : Clicked
2022-10-20 15:39:32,156 - INFO - <module> : Clicked
2022-10-20 15:39:32,156 - INFO - <module> : Clicked
2022-10-20 15:39:32,156 - INFO - <module> : Clicked
2022-10-20 15:39:35,140 - INFO - <module> : Populate the following fields by selecting from one of the picklist values, as applicable:
- Province
- City/Municipality
- Barangay
- Subdivision
- Street
- House/Unit No./ Floor/ Building
2022-10-20 15:39:35,140 - INFO - <module> : Populate the following fields by selecting from one of the picklist values, as applicable:
- Province
- City/Municipality
- Barangay
- Subdivision
- Street
- House/Unit No./ Floor/ Building
2022-10-20 15:39:35,140 - INFO - <module> : Populate the following fields by selecting from one of the picklist values, as applicable:
- Province
- City/Municipality
- Barangay
- Subdivision
- Street
- House/Unit No./ Floor/ Building
2022-10-20 15:39:35,140 - INFO - <module> : Populate the following fields by selecting from one of the picklist values, as applicable:
- Province
- City/Municipality
- Barangay
- Subdivision
- Street
- House/Unit No./ Floor/ Building
2022-10-20 15:39:35,270 - INFO - <module> : Clicked
2022-10-20 15:39:35,270 - INFO - <module> : Clicked
2022-10-20 15:39:35,270 - INFO - <module> : Clicked
2022-10-20 15:39:35,270 - INFO - <module> : Clicked
2022-10-20 15:39:35,844 - INFO - <module> : Clicked
2022-10-20 15:39:35,844 - INFO - <module> : Clicked
2022-10-20 15:39:35,844 - INFO - <module> : Clicked
2022-10-20 15:39:35,844 - INFO - <module> : Clicked
2022-10-20 15:39:36,418 - INFO - <module> : Clicked
2022-10-20 15:39:36,418 - INFO - <module> : Clicked
2022-10-20 15:39:36,418 - INFO - <module> : Clicked
2022-10-20 15:39:36,418 - INFO - <module> : Clicked
2022-10-20 15:39:36,997 - INFO - <module> : Clicked
2022-10-20 15:39:36,997 - INFO - <module> : Clicked
2022-10-20 15:39:36,997 - INFO - <module> : Clicked
2022-10-20 15:39:36,997 - INFO - <module> : Clicked
2022-10-20 15:39:37,585 - INFO - <module> : Clicked
2022-10-20 15:39:37,585 - INFO - <module> : Clicked
2022-10-20 15:39:37,585 - INFO - <module> : Clicked
2022-10-20 15:39:37,585 - INFO - <module> : Clicked
2022-10-20 15:39:37,674 - INFO - <module> : input: 123
2022-10-20 15:39:37,674 - INFO - <module> : input: 123
2022-10-20 15:39:37,674 - INFO - <module> : input: 123
2022-10-20 15:39:37,674 - INFO - <module> : input: 123
2022-10-20 15:39:40,567 - INFO - <module> : Populate 'Pole Number' field using the values encoded in the prior report.
2022-10-20 15:39:40,567 - INFO - <module> : Populate 'Pole Number' field using the values encoded in the prior report.
2022-10-20 15:39:40,567 - INFO - <module> : Populate 'Pole Number' field using the values encoded in the prior report.
2022-10-20 15:39:40,567 - INFO - <module> : Populate 'Pole Number' field using the values encoded in the prior report.
2022-10-20 15:39:40,714 - INFO - <module> : input: 44
2022-10-20 15:39:40,714 - INFO - <module> : input: 44
2022-10-20 15:39:40,714 - INFO - <module> : input: 44
2022-10-20 15:39:40,714 - INFO - <module> : input: 44
2022-10-20 15:39:40,755 - INFO - <module> : Clicked
2022-10-20 15:39:40,755 - INFO - <module> : Clicked
2022-10-20 15:39:40,755 - INFO - <module> : Clicked
2022-10-20 15:39:40,755 - INFO - <module> : Clicked
2022-10-20 15:39:43,711 - INFO - <module> : Select any other field in the form.
2022-10-20 15:39:43,711 - INFO - <module> : Select any other field in the form.
2022-10-20 15:39:43,711 - INFO - <module> : Select any other field in the form.
2022-10-20 15:39:43,711 - INFO - <module> : Select any other field in the form.
2022-10-20 15:39:52,275 - INFO - <module> :  clicked
2022-10-20 15:39:52,275 - INFO - <module> :  clicked
2022-10-20 15:39:52,275 - INFO - <module> :  clicked
2022-10-20 15:39:52,275 - INFO - <module> :  clicked
2022-10-20 15:39:55,252 - INFO - <module> : Access outage reporting form for Guest users.
2022-10-20 15:39:55,252 - INFO - <module> : Access outage reporting form for Guest users.
2022-10-20 15:39:55,252 - INFO - <module> : Access outage reporting form for Guest users.
2022-10-20 15:39:55,252 - INFO - <module> : Access outage reporting form for Guest users.
2022-10-20 15:39:56,968 - INFO - <module> : Opened: https://fuat-meralco.cs73.force.com/customers/s/outagemap
2022-10-20 15:39:56,968 - INFO - <module> : Opened: https://fuat-meralco.cs73.force.com/customers/s/outagemap
2022-10-20 15:39:56,968 - INFO - <module> : Opened: https://fuat-meralco.cs73.force.com/customers/s/outagemap
2022-10-20 15:39:56,968 - INFO - <module> : Opened: https://fuat-meralco.cs73.force.com/customers/s/outagemap
2022-10-20 15:40:00,171 - INFO - setup : Close Browser
