2022-10-19 10:40:54,161 - INFO - setup : Browser Launched!
2022-10-19 10:41:08,165 - INFO - <module> : Login to Meralco Online
2022-10-19 10:41:08,165 - INFO - <module> : Login to Meralco Online
2022-10-19 10:41:08,165 - INFO - <module> : Login to Meralco Online
2022-10-19 10:41:08,165 - INFO - <module> : Login to Meralco Online
2022-10-19 10:41:08,418 - INFO - <module> : input: atmooutageaccount@yopmail.com
2022-10-19 10:41:08,418 - INFO - <module> : input: atmooutageaccount@yopmail.com
2022-10-19 10:41:08,418 - INFO - <module> : input: atmooutageaccount@yopmail.com
2022-10-19 10:41:08,418 - INFO - <module> : input: atmooutageaccount@yopmail.com
2022-10-19 10:41:08,531 - INFO - <module> : input: Meralco01
2022-10-19 10:41:08,531 - INFO - <module> : input: Meralco01
2022-10-19 10:41:08,531 - INFO - <module> : input: Meralco01
2022-10-19 10:41:08,531 - INFO - <module> : input: Meralco01
2022-10-19 10:41:08,611 - INFO - <module> : Clicked
2022-10-19 10:41:08,611 - INFO - <module> : Clicked
2022-10-19 10:41:08,611 - INFO - <module> : Clicked
2022-10-19 10:41:08,611 - INFO - <module> : Clicked
2022-10-19 10:41:12,181 - INFO - <module> : Hello, exists
2022-10-19 10:41:12,181 - INFO - <module> : Hello, exists
2022-10-19 10:41:12,181 - INFO - <module> : Hello, exists
2022-10-19 10:41:12,181 - INFO - <module> : Hello, exists
2022-10-19 10:41:12,206 - INFO - <module> : Hello, exists
2022-10-19 10:41:12,206 - INFO - <module> : Hello, exists
2022-10-19 10:41:12,206 - INFO - <module> : Hello, exists
2022-10-19 10:41:12,206 - INFO - <module> : Hello, exists
2022-10-19 10:41:15,413 - INFO - <module> : Go to Outages & Incidents > View/Report Outages
2022-10-19 10:41:15,413 - INFO - <module> : Go to Outages & Incidents > View/Report Outages
2022-10-19 10:41:15,413 - INFO - <module> : Go to Outages & Incidents > View/Report Outages
2022-10-19 10:41:15,413 - INFO - <module> : Go to Outages & Incidents > View/Report Outages
2022-10-19 10:41:15,513 - INFO - <module> : Clicked
2022-10-19 10:41:15,513 - INFO - <module> : Clicked
2022-10-19 10:41:15,513 - INFO - <module> : Clicked
2022-10-19 10:41:15,513 - INFO - <module> : Clicked
2022-10-19 10:41:15,601 - INFO - <module> :  clicked
2022-10-19 10:41:15,601 - INFO - <module> :  clicked
2022-10-19 10:41:15,601 - INFO - <module> :  clicked
2022-10-19 10:41:15,601 - INFO - <module> :  clicked
2022-10-19 10:41:31,981 - INFO - <module> : Okay clicked
2022-10-19 10:41:31,981 - INFO - <module> : Okay clicked
2022-10-19 10:41:31,981 - INFO - <module> : Okay clicked
2022-10-19 10:41:31,981 - INFO - <module> : Okay clicked
2022-10-19 10:41:35,709 - INFO - <module> : Click on Map Views button > Click Meralco Business Center under Map Layers
2022-10-19 10:41:35,709 - INFO - <module> : Click on Map Views button > Click Meralco Business Center under Map Layers
2022-10-19 10:41:35,709 - INFO - <module> : Click on Map Views button > Click Meralco Business Center under Map Layers
2022-10-19 10:41:35,709 - INFO - <module> : Click on Map Views button > Click Meralco Business Center under Map Layers
2022-10-19 10:41:35,888 - INFO - <module> : Clicked
2022-10-19 10:41:35,888 - INFO - <module> : Clicked
2022-10-19 10:41:35,888 - INFO - <module> : Clicked
2022-10-19 10:41:35,888 - INFO - <module> : Clicked
2022-10-19 10:41:38,394 - INFO - <module> : Clicked
2022-10-19 10:41:38,394 - INFO - <module> : Clicked
2022-10-19 10:41:38,394 - INFO - <module> : Clicked
2022-10-19 10:41:38,394 - INFO - <module> : Clicked
2022-10-19 10:41:41,911 - INFO - <module> : Click x
2022-10-19 10:41:41,911 - INFO - <module> : Click x
2022-10-19 10:41:41,911 - INFO - <module> : Click x
2022-10-19 10:41:41,911 - INFO - <module> : Click x
2022-10-19 10:41:42,055 - INFO - <module> :  clicked
2022-10-19 10:41:42,055 - INFO - <module> :  clicked
2022-10-19 10:41:42,055 - INFO - <module> :  clicked
2022-10-19 10:41:42,055 - INFO - <module> :  clicked
2022-10-19 10:41:59,948 - INFO - setup : Close Browser
