2023-01-04 14:37:47,009 - INFO - setup : Browser Launched!
2023-01-04 14:38:16,457 - INFO - <module> : Opened: https://fuat-meralco.cs73.force.com/customers/s/cxe-apply
2023-01-04 14:38:16,457 - INFO - <module> : Opened: https://fuat-meralco.cs73.force.com/customers/s/cxe-apply
2023-01-04 14:38:16,457 - INFO - <module> : Opened: https://fuat-meralco.cs73.force.com/customers/s/cxe-apply
2023-01-04 14:38:16,457 - INFO - <module> : Opened: https://fuat-meralco.cs73.force.com/customers/s/cxe-apply
2023-01-04 14:38:22,645 - INFO - <module> : Service Application exists
2023-01-04 14:38:22,645 - INFO - <module> : Service Application exists
2023-01-04 14:38:22,645 - INFO - <module> : Service Application exists
2023-01-04 14:38:22,645 - INFO - <module> : Service Application exists
2023-01-04 14:38:26,030 - INFO - <module> : Clicked
2023-01-04 14:38:26,030 - INFO - <module> : Clicked
2023-01-04 14:38:26,030 - INFO - <module> : Clicked
2023-01-04 14:38:26,030 - INFO - <module> : Clicked
2023-01-04 14:38:29,281 - INFO - <module> : Clicked
2023-01-04 14:38:29,281 - INFO - <module> : Clicked
2023-01-04 14:38:29,281 - INFO - <module> : Clicked
2023-01-04 14:38:29,281 - INFO - <module> : Clicked
2023-01-04 14:38:40,322 - INFO - <module> :  clicked
2023-01-04 14:38:40,322 - INFO - <module> :  clicked
2023-01-04 14:38:40,322 - INFO - <module> :  clicked
2023-01-04 14:38:40,322 - INFO - <module> :  clicked
2023-01-04 14:38:45,409 - INFO - setup : Close Browser
