2022-11-18 15:25:39,361 - INFO - setup : Browser Launched!
2022-11-18 15:25:47,218 - INFO - <module> : Opened: https://outage-api.meralco.com.ph/
2022-11-18 15:25:47,218 - INFO - <module> : Opened: https://outage-api.meralco.com.ph/
2022-11-18 15:25:47,218 - INFO - <module> : Opened: https://outage-api.meralco.com.ph/
2022-11-18 15:25:47,218 - INFO - <module> : Opened: https://outage-api.meralco.com.ph/
2022-11-18 15:25:49,469 - INFO - <module> : input: v-agsealmoy@meralco.com.ph
2022-11-18 15:25:49,469 - INFO - <module> : input: v-agsealmoy@meralco.com.ph
2022-11-18 15:25:49,469 - INFO - <module> : input: v-agsealmoy@meralco.com.ph
2022-11-18 15:25:49,469 - INFO - <module> : input: v-agsealmoy@meralco.com.ph
2022-11-18 15:25:49,528 - INFO - <module> : Clicked
2022-11-18 15:25:49,528 - INFO - <module> : Clicked
2022-11-18 15:25:49,528 - INFO - <module> : Clicked
2022-11-18 15:25:49,528 - INFO - <module> : Clicked
2022-11-18 15:25:51,173 - INFO - <module> : input: Meco@@##00018
2022-11-18 15:25:51,173 - INFO - <module> : input: Meco@@##00018
2022-11-18 15:25:51,173 - INFO - <module> : input: Meco@@##00018
2022-11-18 15:25:51,173 - INFO - <module> : input: Meco@@##00018
2022-11-18 15:25:51,661 - INFO - <module> : Clicked
2022-11-18 15:25:51,661 - INFO - <module> : Clicked
2022-11-18 15:25:51,661 - INFO - <module> : Clicked
2022-11-18 15:25:51,661 - INFO - <module> : Clicked
2022-11-18 15:25:52,268 - INFO - <module> : Clicked
2022-11-18 15:25:52,268 - INFO - <module> : Clicked
2022-11-18 15:25:52,268 - INFO - <module> : Clicked
2022-11-18 15:25:52,268 - INFO - <module> : Clicked
2022-11-18 15:26:20,620 - INFO - <module> : Clicked
2022-11-18 15:26:20,620 - INFO - <module> : Clicked
2022-11-18 15:26:20,620 - INFO - <module> : Clicked
2022-11-18 15:26:20,620 - INFO - <module> : Clicked
2022-11-18 15:26:53,732 - INFO - <module> : Zoom in using scroll wheel
2022-11-18 15:26:53,732 - INFO - <module> : Zoom in using scroll wheel
2022-11-18 15:26:53,732 - INFO - <module> : Zoom in using scroll wheel
2022-11-18 15:26:53,732 - INFO - <module> : Zoom in using scroll wheel
2022-11-18 15:26:53,905 - INFO - setup : Close Browser
