2023-01-10 19:20:20,345 - INFO - setup : Browser Launched!
2023-01-10 19:20:47,275 - INFO - <module> : input: atconcernsingle@yopmail.com
2023-01-10 19:20:47,275 - INFO - <module> : input: atconcernsingle@yopmail.com
2023-01-10 19:20:47,275 - INFO - <module> : input: atconcernsingle@yopmail.com
2023-01-10 19:20:47,275 - INFO - <module> : input: atconcernsingle@yopmail.com
2023-01-10 19:20:47,723 - INFO - <module> : input: Meralco01
2023-01-10 19:20:47,723 - INFO - <module> : input: Meralco01
2023-01-10 19:20:47,723 - INFO - <module> : input: Meralco01
2023-01-10 19:20:47,723 - INFO - <module> : input: Meralco01
2023-01-10 19:20:48,504 - INFO - <module> : Clicked
2023-01-10 19:20:48,504 - INFO - <module> : Clicked
2023-01-10 19:20:48,504 - INFO - <module> : Clicked
2023-01-10 19:20:48,504 - INFO - <module> : Clicked
2023-01-10 19:20:53,778 - INFO - <module> : Hello, exists
2023-01-10 19:20:53,778 - INFO - <module> : Hello, exists
2023-01-10 19:20:53,778 - INFO - <module> : Hello, exists
2023-01-10 19:20:53,778 - INFO - <module> : Hello, exists
2023-01-10 19:20:53,933 - INFO - <module> : AT SINGLE clicked
2023-01-10 19:20:53,933 - INFO - <module> : AT SINGLE clicked
2023-01-10 19:20:53,933 - INFO - <module> : AT SINGLE clicked
2023-01-10 19:20:53,933 - INFO - <module> : AT SINGLE clicked
2023-01-10 19:20:54,113 - INFO - <module> :  clicked
2023-01-10 19:20:54,113 - INFO - <module> :  clicked
2023-01-10 19:20:54,113 - INFO - <module> :  clicked
2023-01-10 19:20:54,113 - INFO - <module> :  clicked
2023-01-10 19:20:59,818 - INFO - <module> : Clicked
2023-01-10 19:20:59,818 - INFO - <module> : Clicked
2023-01-10 19:20:59,818 - INFO - <module> : Clicked
2023-01-10 19:20:59,818 - INFO - <module> : Clicked
2023-01-10 19:21:02,290 - INFO - <module> : input: 6321234543
2023-01-10 19:21:02,290 - INFO - <module> : input: 6321234543
2023-01-10 19:21:02,290 - INFO - <module> : input: 6321234543
2023-01-10 19:21:02,290 - INFO - <module> : input: 6321234543
2023-01-10 19:21:02,327 - INFO - <module> : Clicked
2023-01-10 19:21:02,327 - INFO - <module> : Clicked
2023-01-10 19:21:02,327 - INFO - <module> : Clicked
2023-01-10 19:21:02,327 - INFO - <module> : Clicked
2023-01-10 19:21:04,639 - INFO - setup : Close Browser
