2023-01-04 14:41:50,315 - INFO - setup : Browser Launched!
2023-01-04 14:42:02,020 - INFO - <module> : Go tohttps://fuat-meralco.cs73.force.com/customers/s/cxe-apply
2023-01-04 14:42:02,020 - INFO - <module> : Go tohttps://fuat-meralco.cs73.force.com/customers/s/cxe-apply
2023-01-04 14:42:02,020 - INFO - <module> : Go tohttps://fuat-meralco.cs73.force.com/customers/s/cxe-apply
2023-01-04 14:42:02,020 - INFO - <module> : Go tohttps://fuat-meralco.cs73.force.com/customers/s/cxe-apply
2023-01-04 14:42:03,414 - INFO - <module> : Opened: https://fuat-meralco.cs73.force.com/customers/s/cxe-apply
2023-01-04 14:42:03,414 - INFO - <module> : Opened: https://fuat-meralco.cs73.force.com/customers/s/cxe-apply
2023-01-04 14:42:03,414 - INFO - <module> : Opened: https://fuat-meralco.cs73.force.com/customers/s/cxe-apply
2023-01-04 14:42:03,414 - INFO - <module> : Opened: https://fuat-meralco.cs73.force.com/customers/s/cxe-apply
2023-01-04 14:42:03,936 - INFO - <module> : Service Application exists
2023-01-04 14:42:03,936 - INFO - <module> : Service Application exists
2023-01-04 14:42:03,936 - INFO - <module> : Service Application exists
2023-01-04 14:42:03,936 - INFO - <module> : Service Application exists
2023-01-04 14:42:06,918 - INFO - <module> : Click on Business
2023-01-04 14:42:06,918 - INFO - <module> : Click on Business
2023-01-04 14:42:06,918 - INFO - <module> : Click on Business
2023-01-04 14:42:06,918 - INFO - <module> : Click on Business
2023-01-04 14:42:07,002 - INFO - <module> : Clicked
2023-01-04 14:42:07,002 - INFO - <module> : Clicked
2023-01-04 14:42:07,002 - INFO - <module> : Clicked
2023-01-04 14:42:07,002 - INFO - <module> : Clicked
2023-01-04 14:42:07,042 - INFO - <module> : Start Service exists
2023-01-04 14:42:07,042 - INFO - <module> : Start Service exists
2023-01-04 14:42:07,042 - INFO - <module> : Start Service exists
2023-01-04 14:42:07,042 - INFO - <module> : Start Service exists
2023-01-04 14:42:07,094 - INFO - <module> : Modify Service exists
2023-01-04 14:42:07,094 - INFO - <module> : Modify Service exists
2023-01-04 14:42:07,094 - INFO - <module> : Modify Service exists
2023-01-04 14:42:07,094 - INFO - <module> : Modify Service exists
2023-01-04 14:42:07,142 - INFO - <module> : Reactivate Service exists
2023-01-04 14:42:07,142 - INFO - <module> : Reactivate Service exists
2023-01-04 14:42:07,142 - INFO - <module> : Reactivate Service exists
2023-01-04 14:42:07,142 - INFO - <module> : Reactivate Service exists
2023-01-04 14:42:07,182 - INFO - <module> : Stop Service exists
2023-01-04 14:42:07,182 - INFO - <module> : Stop Service exists
2023-01-04 14:42:07,182 - INFO - <module> : Stop Service exists
2023-01-04 14:42:07,182 - INFO - <module> : Stop Service exists
2023-01-04 14:42:10,219 - INFO - <module> : Click on Reactivate Service
2023-01-04 14:42:10,219 - INFO - <module> : Click on Reactivate Service
2023-01-04 14:42:10,219 - INFO - <module> : Click on Reactivate Service
2023-01-04 14:42:10,219 - INFO - <module> : Click on Reactivate Service
2023-01-04 14:42:10,613 - INFO - <module> : Clicked
2023-01-04 14:42:10,613 - INFO - <module> : Clicked
2023-01-04 14:42:10,613 - INFO - <module> : Clicked
2023-01-04 14:42:10,613 - INFO - <module> : Clicked
2023-01-04 14:42:10,734 - INFO - <module> : Reactivate a Service exists
2023-01-04 14:42:10,734 - INFO - <module> : Reactivate a Service exists
2023-01-04 14:42:10,734 - INFO - <module> : Reactivate a Service exists
2023-01-04 14:42:10,734 - INFO - <module> : Reactivate a Service exists
2023-01-04 14:42:11,418 - INFO - setup : Close Browser
