2023-01-04 14:50:31,313 - INFO - setup : Browser Launched!
2023-01-04 14:50:39,846 - INFO - <module> : Opened: https://fuat-meralco.cs73.force.com/customers/s/cxe-apply
2023-01-04 14:50:39,846 - INFO - <module> : Opened: https://fuat-meralco.cs73.force.com/customers/s/cxe-apply
2023-01-04 14:50:39,846 - INFO - <module> : Opened: https://fuat-meralco.cs73.force.com/customers/s/cxe-apply
2023-01-04 14:50:39,846 - INFO - <module> : Opened: https://fuat-meralco.cs73.force.com/customers/s/cxe-apply
2023-01-04 14:50:40,076 - INFO - <module> : Service Application exists
2023-01-04 14:50:40,076 - INFO - <module> : Service Application exists
2023-01-04 14:50:40,076 - INFO - <module> : Service Application exists
2023-01-04 14:50:40,076 - INFO - <module> : Service Application exists
2023-01-04 14:50:43,466 - INFO - <module> : Clicked
2023-01-04 14:50:43,466 - INFO - <module> : Clicked
2023-01-04 14:50:43,466 - INFO - <module> : Clicked
2023-01-04 14:50:43,466 - INFO - <module> : Clicked
2023-01-04 14:50:43,507 - INFO - <module> : Start Service exists
2023-01-04 14:50:43,507 - INFO - <module> : Start Service exists
2023-01-04 14:50:43,507 - INFO - <module> : Start Service exists
2023-01-04 14:50:43,507 - INFO - <module> : Start Service exists
2023-01-04 14:50:43,549 - INFO - <module> : Modify Service exists
2023-01-04 14:50:43,549 - INFO - <module> : Modify Service exists
2023-01-04 14:50:43,549 - INFO - <module> : Modify Service exists
2023-01-04 14:50:43,549 - INFO - <module> : Modify Service exists
2023-01-04 14:50:43,589 - INFO - <module> : Reactivate Service exists
2023-01-04 14:50:43,589 - INFO - <module> : Reactivate Service exists
2023-01-04 14:50:43,589 - INFO - <module> : Reactivate Service exists
2023-01-04 14:50:43,589 - INFO - <module> : Reactivate Service exists
2023-01-04 14:50:43,643 - INFO - <module> : Stop Service exists
2023-01-04 14:50:43,643 - INFO - <module> : Stop Service exists
2023-01-04 14:50:43,643 - INFO - <module> : Stop Service exists
2023-01-04 14:50:43,643 - INFO - <module> : Stop Service exists
2023-01-04 14:50:48,640 - INFO - <module> : Clicked
2023-01-04 14:50:48,640 - INFO - <module> : Clicked
2023-01-04 14:50:48,640 - INFO - <module> : Clicked
2023-01-04 14:50:48,640 - INFO - <module> : Clicked
2023-01-04 14:51:19,038 - INFO - setup : Close Browser
