2022-11-17 11:03:27,710 - INFO - setup : Browser Launched!
2022-11-17 11:03:37,324 - INFO - <module> : Go to Map Displays -> tick Scheduled Interruption -> tick Outage Pins
2022-11-17 11:03:37,324 - INFO - <module> : Go to Map Displays -> tick Scheduled Interruption -> tick Outage Pins
2022-11-17 11:03:37,324 - INFO - <module> : Go to Map Displays -> tick Scheduled Interruption -> tick Outage Pins
2022-11-17 11:03:37,324 - INFO - <module> : Go to Map Displays -> tick Scheduled Interruption -> tick Outage Pins
2022-11-17 11:03:39,649 - INFO - <module> : Opened: https://outage-api.meralco.com.ph/
2022-11-17 11:03:39,649 - INFO - <module> : Opened: https://outage-api.meralco.com.ph/
2022-11-17 11:03:39,649 - INFO - <module> : Opened: https://outage-api.meralco.com.ph/
2022-11-17 11:03:39,649 - INFO - <module> : Opened: https://outage-api.meralco.com.ph/
2022-11-17 11:03:43,448 - INFO - <module> : input: v-lvlgalvez@meralco.com.ph
2022-11-17 11:03:43,448 - INFO - <module> : input: v-lvlgalvez@meralco.com.ph
2022-11-17 11:03:43,448 - INFO - <module> : input: v-lvlgalvez@meralco.com.ph
2022-11-17 11:03:43,448 - INFO - <module> : input: v-lvlgalvez@meralco.com.ph
2022-11-17 11:03:44,024 - INFO - <module> : Clicked
2022-11-17 11:03:44,024 - INFO - <module> : Clicked
2022-11-17 11:03:44,024 - INFO - <module> : Clicked
2022-11-17 11:03:44,024 - INFO - <module> : Clicked
2022-11-17 11:03:45,626 - INFO - <module> : input: Mecopass@@!!121
2022-11-17 11:03:45,626 - INFO - <module> : input: Mecopass@@!!121
2022-11-17 11:03:45,626 - INFO - <module> : input: Mecopass@@!!121
2022-11-17 11:03:45,626 - INFO - <module> : input: Mecopass@@!!121
2022-11-17 11:03:46,257 - INFO - <module> : Clicked
2022-11-17 11:03:46,257 - INFO - <module> : Clicked
2022-11-17 11:03:46,257 - INFO - <module> : Clicked
2022-11-17 11:03:46,257 - INFO - <module> : Clicked
2022-11-17 11:03:46,831 - INFO - <module> : Clicked
2022-11-17 11:03:46,831 - INFO - <module> : Clicked
2022-11-17 11:03:46,831 - INFO - <module> : Clicked
2022-11-17 11:03:46,831 - INFO - <module> : Clicked
2022-11-17 11:04:15,695 - INFO - <module> : Clicked
2022-11-17 11:04:15,695 - INFO - <module> : Clicked
2022-11-17 11:04:15,695 - INFO - <module> : Clicked
2022-11-17 11:04:15,695 - INFO - <module> : Clicked
2022-11-17 11:04:47,788 - INFO - <module> : Clicked
2022-11-17 11:04:47,788 - INFO - <module> : Clicked
2022-11-17 11:04:47,788 - INFO - <module> : Clicked
2022-11-17 11:04:47,788 - INFO - <module> : Clicked
2022-11-17 11:04:49,863 - INFO - <module> : Clicked
2022-11-17 11:04:49,863 - INFO - <module> : Clicked
2022-11-17 11:04:49,863 - INFO - <module> : Clicked
2022-11-17 11:04:49,863 - INFO - <module> : Clicked
2022-11-17 11:04:51,937 - INFO - <module> : Clicked
2022-11-17 11:04:51,937 - INFO - <module> : Clicked
2022-11-17 11:04:51,937 - INFO - <module> : Clicked
2022-11-17 11:04:51,937 - INFO - <module> : Clicked
2022-11-17 11:04:55,568 - INFO - <module> : Go to Map Displays -> tick Scheduled Interruptions -> tick Outage pins
2022-11-17 11:04:55,568 - INFO - <module> : Go to Map Displays -> tick Scheduled Interruptions -> tick Outage pins
2022-11-17 11:04:55,568 - INFO - <module> : Go to Map Displays -> tick Scheduled Interruptions -> tick Outage pins
2022-11-17 11:04:55,568 - INFO - <module> : Go to Map Displays -> tick Scheduled Interruptions -> tick Outage pins
2022-11-17 11:04:59,057 - INFO - <module> : Go to Map Displays -> tick Scheduled Interruptions -> tick Outage pins
2022-11-17 11:04:59,057 - INFO - <module> : Go to Map Displays -> tick Scheduled Interruptions -> tick Outage pins
2022-11-17 11:04:59,057 - INFO - <module> : Go to Map Displays -> tick Scheduled Interruptions -> tick Outage pins
2022-11-17 11:04:59,057 - INFO - <module> : Go to Map Displays -> tick Scheduled Interruptions -> tick Outage pins
2022-11-17 11:04:59,193 - INFO - setup : Close Browser
