2022-10-25 15:13:40,781 - INFO - setup : Browser Launched!
2022-10-25 15:13:54,633 - INFO - <module> : Go to Internal Map 
2022-10-25 15:13:54,633 - INFO - <module> : Go to Internal Map 
2022-10-25 15:13:54,633 - INFO - <module> : Go to Internal Map 
2022-10-25 15:13:54,633 - INFO - <module> : Go to Internal Map 
2022-10-25 15:13:56,206 - INFO - <module> : Opened: https://outage-api.meralco.com.ph/
2022-10-25 15:13:56,206 - INFO - <module> : Opened: https://outage-api.meralco.com.ph/
2022-10-25 15:13:56,206 - INFO - <module> : Opened: https://outage-api.meralco.com.ph/
2022-10-25 15:13:56,206 - INFO - <module> : Opened: https://outage-api.meralco.com.ph/
2022-10-25 15:13:57,695 - INFO - <module> : input: v-lvlgalvez@meralco.com.ph
2022-10-25 15:13:57,695 - INFO - <module> : input: v-lvlgalvez@meralco.com.ph
2022-10-25 15:13:57,695 - INFO - <module> : input: v-lvlgalvez@meralco.com.ph
2022-10-25 15:13:57,695 - INFO - <module> : input: v-lvlgalvez@meralco.com.ph
2022-10-25 15:13:57,846 - INFO - <module> : Clicked
2022-10-25 15:13:57,846 - INFO - <module> : Clicked
2022-10-25 15:13:57,846 - INFO - <module> : Clicked
2022-10-25 15:13:57,846 - INFO - <module> : Clicked
2022-10-25 15:13:59,105 - INFO - <module> : input: Mecopass@@!!129
2022-10-25 15:13:59,105 - INFO - <module> : input: Mecopass@@!!129
2022-10-25 15:13:59,105 - INFO - <module> : input: Mecopass@@!!129
2022-10-25 15:13:59,105 - INFO - <module> : input: Mecopass@@!!129
2022-10-25 15:13:59,935 - INFO - <module> : Clicked
2022-10-25 15:13:59,935 - INFO - <module> : Clicked
2022-10-25 15:13:59,935 - INFO - <module> : Clicked
2022-10-25 15:13:59,935 - INFO - <module> : Clicked
2022-10-25 15:14:00,684 - INFO - <module> : Clicked
2022-10-25 15:14:00,684 - INFO - <module> : Clicked
2022-10-25 15:14:00,684 - INFO - <module> : Clicked
2022-10-25 15:14:00,684 - INFO - <module> : Clicked
2022-10-25 15:14:29,674 - INFO - <module> : Clicked
2022-10-25 15:14:29,674 - INFO - <module> : Clicked
2022-10-25 15:14:29,674 - INFO - <module> : Clicked
2022-10-25 15:14:29,674 - INFO - <module> : Clicked
2022-10-25 15:14:35,705 - INFO - <module> : Open Menu -> Map Displays -> tick weather
2022-10-25 15:14:35,705 - INFO - <module> : Open Menu -> Map Displays -> tick weather
2022-10-25 15:14:35,705 - INFO - <module> : Open Menu -> Map Displays -> tick weather
2022-10-25 15:14:35,705 - INFO - <module> : Open Menu -> Map Displays -> tick weather
2022-10-25 15:14:35,898 - INFO - setup : Close Browser
