2022-11-22 14:35:22,578 - INFO - setup : Browser Launched!
2022-11-22 14:35:31,017 - INFO - <module> : Opened: https://fuat-meralco.cs73.force.com/customers/s/contact
2022-11-22 14:35:31,017 - INFO - <module> : Opened: https://fuat-meralco.cs73.force.com/customers/s/contact
2022-11-22 14:35:31,017 - INFO - <module> : Opened: https://fuat-meralco.cs73.force.com/customers/s/contact
2022-11-22 14:35:31,017 - INFO - <module> : Opened: https://fuat-meralco.cs73.force.com/customers/s/contact
2022-11-22 14:35:31,310 - INFO - <module> : Clicked
2022-11-22 14:35:31,310 - INFO - <module> : Clicked
2022-11-22 14:35:31,310 - INFO - <module> : Clicked
2022-11-22 14:35:31,310 - INFO - <module> : Clicked
2022-11-22 14:35:35,706 - INFO - <module> : input: 3535100272
2022-11-22 14:35:35,706 - INFO - <module> : input: 3535100272
2022-11-22 14:35:35,706 - INFO - <module> : input: 3535100272
2022-11-22 14:35:35,706 - INFO - <module> : input: 3535100272
2022-11-22 14:35:35,767 - INFO - <module> :  exists
2022-11-22 14:35:35,767 - INFO - <module> :  exists
2022-11-22 14:35:35,767 - INFO - <module> :  exists
2022-11-22 14:35:35,767 - INFO - <module> :  exists
2022-11-22 14:35:36,338 - INFO - <module> :  exists
2022-11-22 14:35:36,338 - INFO - <module> :  exists
2022-11-22 14:35:36,338 - INFO - <module> :  exists
2022-11-22 14:35:36,338 - INFO - <module> :  exists
2022-11-22 14:35:40,260 - INFO - <module> : input: 3535100272
2022-11-22 14:35:40,260 - INFO - <module> : input: 3535100272
2022-11-22 14:35:40,260 - INFO - <module> : input: 3535100272
2022-11-22 14:35:40,260 - INFO - <module> : input: 3535100272
2022-11-22 14:35:40,335 - INFO - <module> : input: 334653870101
2022-11-22 14:35:40,335 - INFO - <module> : input: 334653870101
2022-11-22 14:35:40,335 - INFO - <module> : input: 334653870101
2022-11-22 14:35:40,335 - INFO - <module> : input: 334653870101
2022-11-22 14:35:40,403 - INFO - <module> : input: automation
2022-11-22 14:35:40,403 - INFO - <module> : input: automation
2022-11-22 14:35:40,403 - INFO - <module> : input: automation
2022-11-22 14:35:40,403 - INFO - <module> : input: automation
2022-11-22 14:35:40,468 - INFO - <module> : input: outage
2022-11-22 14:35:40,468 - INFO - <module> : input: outage
2022-11-22 14:35:40,468 - INFO - <module> : input: outage
2022-11-22 14:35:40,468 - INFO - <module> : input: outage
2022-11-22 14:35:40,545 - INFO - <module> : input: atconcernsingle@yopmail.com
2022-11-22 14:35:40,545 - INFO - <module> : input: atconcernsingle@yopmail.com
2022-11-22 14:35:40,545 - INFO - <module> : input: atconcernsingle@yopmail.com
2022-11-22 14:35:40,545 - INFO - <module> : input: atconcernsingle@yopmail.com
2022-11-22 14:35:40,618 - INFO - <module> : input: +639758880795
2022-11-22 14:35:40,618 - INFO - <module> : input: +639758880795
2022-11-22 14:35:40,618 - INFO - <module> : input: +639758880795
2022-11-22 14:35:40,618 - INFO - <module> : input: +639758880795
2022-11-22 14:35:40,703 - INFO - <module> : input: Sample Remarks
2022-11-22 14:35:40,703 - INFO - <module> : input: Sample Remarks
2022-11-22 14:35:40,703 - INFO - <module> : input: Sample Remarks
2022-11-22 14:35:40,703 - INFO - <module> : input: Sample Remarks
2022-11-22 14:35:40,772 - INFO - <module> : input: Sample Remarks
2022-11-22 14:35:40,772 - INFO - <module> : input: Sample Remarks
2022-11-22 14:35:40,772 - INFO - <module> : input: Sample Remarks
2022-11-22 14:35:40,772 - INFO - <module> : input: Sample Remarks
2022-11-22 14:35:43,835 - INFO - <module> : Clicked
2022-11-22 14:35:43,835 - INFO - <module> : Clicked
2022-11-22 14:35:43,835 - INFO - <module> : Clicked
2022-11-22 14:35:43,835 - INFO - <module> : Clicked
2022-11-22 14:35:53,125 - INFO - <module> : Opened: https://fuat-meralco.cs73.force.com/customers/s/concernstatus
2022-11-22 14:35:53,125 - INFO - <module> : Opened: https://fuat-meralco.cs73.force.com/customers/s/concernstatus
2022-11-22 14:35:53,125 - INFO - <module> : Opened: https://fuat-meralco.cs73.force.com/customers/s/concernstatus
2022-11-22 14:35:53,125 - INFO - <module> : Opened: https://fuat-meralco.cs73.force.com/customers/s/concernstatus
2022-11-22 14:35:53,291 - INFO - <module> : input: 22112251408
2022-11-22 14:35:53,291 - INFO - <module> : input: 22112251408
2022-11-22 14:35:53,291 - INFO - <module> : input: 22112251408
2022-11-22 14:35:53,291 - INFO - <module> : input: 22112251408
2022-11-22 14:35:53,373 - INFO - <module> : input: outage
2022-11-22 14:35:53,373 - INFO - <module> : input: outage
2022-11-22 14:35:53,373 - INFO - <module> : input: outage
2022-11-22 14:35:53,373 - INFO - <module> : input: outage
2022-11-22 14:35:53,436 - INFO - <module> : Clicked
2022-11-22 14:35:53,436 - INFO - <module> : Clicked
2022-11-22 14:35:53,436 - INFO - <module> : Clicked
2022-11-22 14:35:53,436 - INFO - <module> : Clicked
2022-11-22 14:36:02,181 - INFO - <module> : Opened: https://yopmail.com/en/
2022-11-22 14:36:02,181 - INFO - <module> : Opened: https://yopmail.com/en/
2022-11-22 14:36:02,181 - INFO - <module> : Opened: https://yopmail.com/en/
2022-11-22 14:36:02,181 - INFO - <module> : Opened: https://yopmail.com/en/
2022-11-22 14:36:02,375 - INFO - <module> : input: atconcernsingle@yopmail.com
2022-11-22 14:36:02,375 - INFO - <module> : input: atconcernsingle@yopmail.com
2022-11-22 14:36:02,375 - INFO - <module> : input: atconcernsingle@yopmail.com
2022-11-22 14:36:02,375 - INFO - <module> : input: atconcernsingle@yopmail.com
2022-11-22 14:36:03,587 - INFO - <module> : Clicked
2022-11-22 14:36:03,587 - INFO - <module> : Clicked
2022-11-22 14:36:03,587 - INFO - <module> : Clicked
2022-11-22 14:36:03,587 - INFO - <module> : Clicked
2022-11-22 14:36:05,840 - INFO - setup : Close Browser
