2022-10-14 14:43:35,999 - INFO - setup : Browser Launched!
2022-10-14 14:43:43,801 - INFO - <module> : Go to https://fuat-meralco.cs73.force.com/customers/s/outagemap
2022-10-14 14:43:43,801 - INFO - <module> : Go to https://fuat-meralco.cs73.force.com/customers/s/outagemap
2022-10-14 14:43:43,801 - INFO - <module> : Go to https://fuat-meralco.cs73.force.com/customers/s/outagemap
2022-10-14 14:43:43,801 - INFO - <module> : Go to https://fuat-meralco.cs73.force.com/customers/s/outagemap
2022-10-14 14:43:46,148 - INFO - <module> : Opened: https://fuat-meralco.cs73.force.com/customers/s/outagemap
2022-10-14 14:43:46,148 - INFO - <module> : Opened: https://fuat-meralco.cs73.force.com/customers/s/outagemap
2022-10-14 14:43:46,148 - INFO - <module> : Opened: https://fuat-meralco.cs73.force.com/customers/s/outagemap
2022-10-14 14:43:46,148 - INFO - <module> : Opened: https://fuat-meralco.cs73.force.com/customers/s/outagemap
2022-10-14 14:43:50,127 - INFO - <module> : Click on Map Views button > Select Default on Map Type 
2022-10-14 14:43:50,127 - INFO - <module> : Click on Map Views button > Select Default on Map Type 
2022-10-14 14:43:50,127 - INFO - <module> : Click on Map Views button > Select Default on Map Type 
2022-10-14 14:43:50,127 - INFO - <module> : Click on Map Views button > Select Default on Map Type 
2022-10-14 14:43:51,297 - INFO - <module> : Meralco would like to access your location to identify if your area is affected by an outage. exists
2022-10-14 14:43:51,297 - INFO - <module> : Meralco would like to access your location to identify if your area is affected by an outage. exists
2022-10-14 14:43:51,297 - INFO - <module> : Meralco would like to access your location to identify if your area is affected by an outage. exists
2022-10-14 14:43:51,297 - INFO - <module> : Meralco would like to access your location to identify if your area is affected by an outage. exists
2022-10-14 14:43:51,440 - INFO - <module> : Disagree clicked
2022-10-14 14:43:51,440 - INFO - <module> : Disagree clicked
2022-10-14 14:43:51,440 - INFO - <module> : Disagree clicked
2022-10-14 14:43:51,440 - INFO - <module> : Disagree clicked
2022-10-14 14:43:55,577 - INFO - <module> :  clicked
2022-10-14 14:43:55,577 - INFO - <module> :  clicked
2022-10-14 14:43:55,577 - INFO - <module> :  clicked
2022-10-14 14:43:55,577 - INFO - <module> :  clicked
2022-10-14 14:43:58,025 - INFO - <module> :  clicked
2022-10-14 14:43:58,025 - INFO - <module> :  clicked
2022-10-14 14:43:58,025 - INFO - <module> :  clicked
2022-10-14 14:43:58,025 - INFO - <module> :  clicked
2022-10-14 14:44:13,215 - INFO - <module> :  clicked
2022-10-14 14:44:13,215 - INFO - <module> :  clicked
2022-10-14 14:44:13,215 - INFO - <module> :  clicked
2022-10-14 14:44:13,215 - INFO - <module> :  clicked
2022-10-14 14:44:16,633 - INFO - <module> : Go to https://fuat-meralco.cs73.force.com/customers/s/outagemap
2022-10-14 14:44:16,633 - INFO - <module> : Go to https://fuat-meralco.cs73.force.com/customers/s/outagemap
2022-10-14 14:44:16,633 - INFO - <module> : Go to https://fuat-meralco.cs73.force.com/customers/s/outagemap
2022-10-14 14:44:16,633 - INFO - <module> : Go to https://fuat-meralco.cs73.force.com/customers/s/outagemap
2022-10-14 14:44:22,510 - INFO - <module> : Opened: https://fuat-meralco.cs73.force.com/customers/s/outagemap
2022-10-14 14:44:22,510 - INFO - <module> : Opened: https://fuat-meralco.cs73.force.com/customers/s/outagemap
2022-10-14 14:44:22,510 - INFO - <module> : Opened: https://fuat-meralco.cs73.force.com/customers/s/outagemap
2022-10-14 14:44:22,510 - INFO - <module> : Opened: https://fuat-meralco.cs73.force.com/customers/s/outagemap
2022-10-14 14:44:25,866 - INFO - <module> : Click on Map Views button > Select Satellite on Map Type 
2022-10-14 14:44:25,866 - INFO - <module> : Click on Map Views button > Select Satellite on Map Type 
2022-10-14 14:44:25,866 - INFO - <module> : Click on Map Views button > Select Satellite on Map Type 
2022-10-14 14:44:25,866 - INFO - <module> : Click on Map Views button > Select Satellite on Map Type 
2022-10-14 14:44:26,586 - INFO - <module> : Meralco would like to access your location to identify if your area is affected by an outage. exists
2022-10-14 14:44:26,586 - INFO - <module> : Meralco would like to access your location to identify if your area is affected by an outage. exists
2022-10-14 14:44:26,586 - INFO - <module> : Meralco would like to access your location to identify if your area is affected by an outage. exists
2022-10-14 14:44:26,586 - INFO - <module> : Meralco would like to access your location to identify if your area is affected by an outage. exists
2022-10-14 14:44:26,897 - INFO - <module> : Disagree clicked
2022-10-14 14:44:26,897 - INFO - <module> : Disagree clicked
2022-10-14 14:44:26,897 - INFO - <module> : Disagree clicked
2022-10-14 14:44:26,897 - INFO - <module> : Disagree clicked
2022-10-14 14:44:31,011 - INFO - <module> :  clicked
2022-10-14 14:44:31,011 - INFO - <module> :  clicked
2022-10-14 14:44:31,011 - INFO - <module> :  clicked
2022-10-14 14:44:31,011 - INFO - <module> :  clicked
2022-10-14 14:44:33,543 - INFO - <module> :  clicked
2022-10-14 14:44:33,543 - INFO - <module> :  clicked
2022-10-14 14:44:33,543 - INFO - <module> :  clicked
2022-10-14 14:44:33,543 - INFO - <module> :  clicked
2022-10-14 14:44:48,637 - INFO - <module> :  clicked
2022-10-14 14:44:48,637 - INFO - <module> :  clicked
2022-10-14 14:44:48,637 - INFO - <module> :  clicked
2022-10-14 14:44:48,637 - INFO - <module> :  clicked
2022-10-14 14:44:52,453 - INFO - <module> : Go to https://fuat-meralco.cs73.force.com/customers/s/outagemap
2022-10-14 14:44:52,453 - INFO - <module> : Go to https://fuat-meralco.cs73.force.com/customers/s/outagemap
2022-10-14 14:44:52,453 - INFO - <module> : Go to https://fuat-meralco.cs73.force.com/customers/s/outagemap
2022-10-14 14:44:52,453 - INFO - <module> : Go to https://fuat-meralco.cs73.force.com/customers/s/outagemap
2022-10-14 14:44:54,693 - INFO - <module> : Opened: https://fuat-meralco.cs73.force.com/customers/s/outagemap
2022-10-14 14:44:54,693 - INFO - <module> : Opened: https://fuat-meralco.cs73.force.com/customers/s/outagemap
2022-10-14 14:44:54,693 - INFO - <module> : Opened: https://fuat-meralco.cs73.force.com/customers/s/outagemap
2022-10-14 14:44:54,693 - INFO - <module> : Opened: https://fuat-meralco.cs73.force.com/customers/s/outagemap
2022-10-14 14:44:58,121 - INFO - <module> : Click on Map Views button > Select Terrain on Map Type 
2022-10-14 14:44:58,121 - INFO - <module> : Click on Map Views button > Select Terrain on Map Type 
2022-10-14 14:44:58,121 - INFO - <module> : Click on Map Views button > Select Terrain on Map Type 
2022-10-14 14:44:58,121 - INFO - <module> : Click on Map Views button > Select Terrain on Map Type 
2022-10-14 14:44:58,290 - INFO - <module> : Meralco would like to access your location to identify if your area is affected by an outage. exists
2022-10-14 14:44:58,290 - INFO - <module> : Meralco would like to access your location to identify if your area is affected by an outage. exists
2022-10-14 14:44:58,290 - INFO - <module> : Meralco would like to access your location to identify if your area is affected by an outage. exists
2022-10-14 14:44:58,290 - INFO - <module> : Meralco would like to access your location to identify if your area is affected by an outage. exists
2022-10-14 14:44:58,396 - INFO - <module> : Disagree clicked
2022-10-14 14:44:58,396 - INFO - <module> : Disagree clicked
2022-10-14 14:44:58,396 - INFO - <module> : Disagree clicked
2022-10-14 14:44:58,396 - INFO - <module> : Disagree clicked
2022-10-14 14:45:02,518 - INFO - <module> :  clicked
2022-10-14 14:45:02,518 - INFO - <module> :  clicked
2022-10-14 14:45:02,518 - INFO - <module> :  clicked
2022-10-14 14:45:02,518 - INFO - <module> :  clicked
2022-10-14 14:45:05,105 - INFO - <module> :  clicked
2022-10-14 14:45:05,105 - INFO - <module> :  clicked
2022-10-14 14:45:05,105 - INFO - <module> :  clicked
2022-10-14 14:45:05,105 - INFO - <module> :  clicked
2022-10-14 14:45:20,225 - INFO - <module> :  clicked
2022-10-14 14:45:20,225 - INFO - <module> :  clicked
2022-10-14 14:45:20,225 - INFO - <module> :  clicked
2022-10-14 14:45:20,225 - INFO - <module> :  clicked
2022-10-14 14:45:22,941 - INFO - setup : Close Browser
