2022-11-18 14:27:04,616 - INFO - setup : Browser Launched!
2022-11-18 14:27:11,810 - INFO - <module> : Go to lower right of Internal Map
2022-11-18 14:27:11,810 - INFO - <module> : Go to lower right of Internal Map
2022-11-18 14:27:11,810 - INFO - <module> : Go to lower right of Internal Map
2022-11-18 14:27:11,810 - INFO - <module> : Go to lower right of Internal Map
2022-11-18 14:27:12,956 - INFO - <module> : Opened: https://outage-api.meralco.com.ph/
2022-11-18 14:27:12,956 - INFO - <module> : Opened: https://outage-api.meralco.com.ph/
2022-11-18 14:27:12,956 - INFO - <module> : Opened: https://outage-api.meralco.com.ph/
2022-11-18 14:27:12,956 - INFO - <module> : Opened: https://outage-api.meralco.com.ph/
2022-11-18 14:27:14,844 - INFO - <module> : input: v-agsealmoy@meralco.com.ph
2022-11-18 14:27:14,844 - INFO - <module> : input: v-agsealmoy@meralco.com.ph
2022-11-18 14:27:14,844 - INFO - <module> : input: v-agsealmoy@meralco.com.ph
2022-11-18 14:27:14,844 - INFO - <module> : input: v-agsealmoy@meralco.com.ph
2022-11-18 14:27:14,914 - INFO - <module> : Clicked
2022-11-18 14:27:14,914 - INFO - <module> : Clicked
2022-11-18 14:27:14,914 - INFO - <module> : Clicked
2022-11-18 14:27:14,914 - INFO - <module> : Clicked
2022-11-18 14:27:16,028 - INFO - <module> : input: Meco@@##00018
2022-11-18 14:27:16,028 - INFO - <module> : input: Meco@@##00018
2022-11-18 14:27:16,028 - INFO - <module> : input: Meco@@##00018
2022-11-18 14:27:16,028 - INFO - <module> : input: Meco@@##00018
2022-11-18 14:27:16,527 - INFO - <module> : Clicked
2022-11-18 14:27:16,527 - INFO - <module> : Clicked
2022-11-18 14:27:16,527 - INFO - <module> : Clicked
2022-11-18 14:27:16,527 - INFO - <module> : Clicked
2022-11-18 14:27:17,163 - INFO - <module> : Clicked
2022-11-18 14:27:17,163 - INFO - <module> : Clicked
2022-11-18 14:27:17,163 - INFO - <module> : Clicked
2022-11-18 14:27:17,163 - INFO - <module> : Clicked
2022-11-18 14:27:53,331 - INFO - <module> : Clicked
2022-11-18 14:27:53,331 - INFO - <module> : Clicked
2022-11-18 14:27:53,331 - INFO - <module> : Clicked
2022-11-18 14:27:53,331 - INFO - <module> : Clicked
2022-11-18 14:28:27,649 - INFO - <module> : Go to lower right of Internal Map
2022-11-18 14:28:27,649 - INFO - <module> : Go to lower right of Internal Map
2022-11-18 14:28:27,649 - INFO - <module> : Go to lower right of Internal Map
2022-11-18 14:28:27,649 - INFO - <module> : Go to lower right of Internal Map
2022-11-18 14:28:31,782 - INFO - <module> : Click Street View icon
2022-11-18 14:28:31,782 - INFO - <module> : Click Street View icon
2022-11-18 14:28:31,782 - INFO - <module> : Click Street View icon
2022-11-18 14:28:31,782 - INFO - <module> : Click Street View icon
2022-11-18 14:28:32,489 - INFO - setup : Close Browser
