2022-10-25 15:29:12,396 - INFO - setup : Browser Launched!
2022-10-25 15:29:25,954 - INFO - <module> : Go to Internal Map 
2022-10-25 15:29:25,954 - INFO - <module> : Go to Internal Map 
2022-10-25 15:29:25,954 - INFO - <module> : Go to Internal Map 
2022-10-25 15:29:25,954 - INFO - <module> : Go to Internal Map 
2022-10-25 15:29:27,534 - INFO - <module> : Opened: https://outage-api.meralco.com.ph/
2022-10-25 15:29:27,534 - INFO - <module> : Opened: https://outage-api.meralco.com.ph/
2022-10-25 15:29:27,534 - INFO - <module> : Opened: https://outage-api.meralco.com.ph/
2022-10-25 15:29:27,534 - INFO - <module> : Opened: https://outage-api.meralco.com.ph/
2022-10-25 15:29:29,607 - INFO - <module> : input: v-lvlgalvez@meralco.com.ph
2022-10-25 15:29:29,607 - INFO - <module> : input: v-lvlgalvez@meralco.com.ph
2022-10-25 15:29:29,607 - INFO - <module> : input: v-lvlgalvez@meralco.com.ph
2022-10-25 15:29:29,607 - INFO - <module> : input: v-lvlgalvez@meralco.com.ph
2022-10-25 15:29:29,742 - INFO - <module> : Clicked
2022-10-25 15:29:29,742 - INFO - <module> : Clicked
2022-10-25 15:29:29,742 - INFO - <module> : Clicked
2022-10-25 15:29:29,742 - INFO - <module> : Clicked
2022-10-25 15:29:31,436 - INFO - <module> : input: Mecopass@@!!129
2022-10-25 15:29:31,436 - INFO - <module> : input: Mecopass@@!!129
2022-10-25 15:29:31,436 - INFO - <module> : input: Mecopass@@!!129
2022-10-25 15:29:31,436 - INFO - <module> : input: Mecopass@@!!129
2022-10-25 15:29:32,138 - INFO - <module> : Clicked
2022-10-25 15:29:32,138 - INFO - <module> : Clicked
2022-10-25 15:29:32,138 - INFO - <module> : Clicked
2022-10-25 15:29:32,138 - INFO - <module> : Clicked
2022-10-25 15:29:32,771 - INFO - <module> : Clicked
2022-10-25 15:29:32,771 - INFO - <module> : Clicked
2022-10-25 15:29:32,771 - INFO - <module> : Clicked
2022-10-25 15:29:32,771 - INFO - <module> : Clicked
2022-10-25 15:30:01,916 - INFO - <module> : Clicked
2022-10-25 15:30:01,916 - INFO - <module> : Clicked
2022-10-25 15:30:01,916 - INFO - <module> : Clicked
2022-10-25 15:30:01,916 - INFO - <module> : Clicked
2022-10-25 15:30:10,402 - INFO - <module> : Open Menu -> Map Displays -> tick weather
2022-10-25 15:30:10,402 - INFO - <module> : Open Menu -> Map Displays -> tick weather
2022-10-25 15:30:10,402 - INFO - <module> : Open Menu -> Map Displays -> tick weather
2022-10-25 15:30:10,402 - INFO - <module> : Open Menu -> Map Displays -> tick weather
2022-10-25 15:30:40,768 - ERROR - <module> : Cannot Locate: menu
2022-10-25 15:30:40,768 - ERROR - <module> : Cannot Locate: menu
2022-10-25 15:30:40,768 - ERROR - <module> : Cannot Locate: menu
2022-10-25 15:30:40,768 - ERROR - <module> : Cannot Locate: menu
2022-10-25 15:30:40,957 - INFO - setup : Close Browser
