2023-01-11 13:35:30,493 - INFO - setup : Browser Launched!
2023-01-11 13:35:59,953 - INFO - <module> : Opened: https://fuat-meralco.cs73.force.com/customers/s/cxe-apply
2023-01-11 13:35:59,953 - INFO - <module> : Opened: https://fuat-meralco.cs73.force.com/customers/s/cxe-apply
2023-01-11 13:35:59,953 - INFO - <module> : Opened: https://fuat-meralco.cs73.force.com/customers/s/cxe-apply
2023-01-11 13:35:59,953 - INFO - <module> : Opened: https://fuat-meralco.cs73.force.com/customers/s/cxe-apply
2023-01-11 13:35:59,953 - INFO - <module> : Opened: https://fuat-meralco.cs73.force.com/customers/s/cxe-apply
2023-01-11 13:36:02,649 - INFO - <module> : Service Application exists
2023-01-11 13:36:02,649 - INFO - <module> : Service Application exists
2023-01-11 13:36:02,649 - INFO - <module> : Service Application exists
2023-01-11 13:36:02,649 - INFO - <module> : Service Application exists
2023-01-11 13:36:02,649 - INFO - <module> : Service Application exists
2023-01-11 13:36:05,851 - INFO - <module> : Clicked
2023-01-11 13:36:05,851 - INFO - <module> : Clicked
2023-01-11 13:36:05,851 - INFO - <module> : Clicked
2023-01-11 13:36:05,851 - INFO - <module> : Clicked
2023-01-11 13:36:05,851 - INFO - <module> : Clicked
2023-01-11 13:36:06,395 - INFO - <module> : Clicked
2023-01-11 13:36:06,395 - INFO - <module> : Clicked
2023-01-11 13:36:06,395 - INFO - <module> : Clicked
2023-01-11 13:36:06,395 - INFO - <module> : Clicked
2023-01-11 13:36:06,395 - INFO - <module> : Clicked
2023-01-11 13:36:07,980 - INFO - <module> : Clicked
2023-01-11 13:36:07,980 - INFO - <module> : Clicked
2023-01-11 13:36:07,980 - INFO - <module> : Clicked
2023-01-11 13:36:07,980 - INFO - <module> : Clicked
2023-01-11 13:36:07,980 - INFO - <module> : Clicked
2023-01-11 13:36:13,621 - INFO - setup : Close Browser
