2022-10-27 09:46:43,887 - INFO - setup : Browser Launched!
2022-10-27 09:46:57,678 - INFO - <module> : Click on burger menu > Search Locations
2022-10-27 09:46:57,678 - INFO - <module> : Click on burger menu > Search Locations
2022-10-27 09:46:57,678 - INFO - <module> : Click on burger menu > Search Locations
2022-10-27 09:46:57,678 - INFO - <module> : Click on burger menu > Search Locations
2022-10-27 09:47:00,279 - INFO - <module> : Opened: https://outage-api.meralco.com.ph/
2022-10-27 09:47:00,279 - INFO - <module> : Opened: https://outage-api.meralco.com.ph/
2022-10-27 09:47:00,279 - INFO - <module> : Opened: https://outage-api.meralco.com.ph/
2022-10-27 09:47:00,279 - INFO - <module> : Opened: https://outage-api.meralco.com.ph/
2022-10-27 09:47:03,055 - INFO - <module> : input: v-lvlgalvez@meralco.com.ph
2022-10-27 09:47:03,055 - INFO - <module> : input: v-lvlgalvez@meralco.com.ph
2022-10-27 09:47:03,055 - INFO - <module> : input: v-lvlgalvez@meralco.com.ph
2022-10-27 09:47:03,055 - INFO - <module> : input: v-lvlgalvez@meralco.com.ph
2022-10-27 09:47:03,111 - INFO - <module> : Clicked
2022-10-27 09:47:03,111 - INFO - <module> : Clicked
2022-10-27 09:47:03,111 - INFO - <module> : Clicked
2022-10-27 09:47:03,111 - INFO - <module> : Clicked
2022-10-27 09:47:04,223 - INFO - <module> : input: Mecopass@@!!129
2022-10-27 09:47:04,223 - INFO - <module> : input: Mecopass@@!!129
2022-10-27 09:47:04,223 - INFO - <module> : input: Mecopass@@!!129
2022-10-27 09:47:04,223 - INFO - <module> : input: Mecopass@@!!129
2022-10-27 09:47:04,665 - INFO - <module> : Clicked
2022-10-27 09:47:04,665 - INFO - <module> : Clicked
2022-10-27 09:47:04,665 - INFO - <module> : Clicked
2022-10-27 09:47:04,665 - INFO - <module> : Clicked
2022-10-27 09:47:05,267 - INFO - <module> : Clicked
2022-10-27 09:47:05,267 - INFO - <module> : Clicked
2022-10-27 09:47:05,267 - INFO - <module> : Clicked
2022-10-27 09:47:05,267 - INFO - <module> : Clicked
2022-10-27 09:47:34,092 - INFO - <module> : Clicked
2022-10-27 09:47:34,092 - INFO - <module> : Clicked
2022-10-27 09:47:34,092 - INFO - <module> : Clicked
2022-10-27 09:47:34,092 - INFO - <module> : Clicked
2022-10-27 09:47:38,195 - INFO - <module> :  clicked
2022-10-27 09:47:38,195 - INFO - <module> :  clicked
2022-10-27 09:47:38,195 - INFO - <module> :  clicked
2022-10-27 09:47:38,195 - INFO - <module> :  clicked
2022-10-27 09:47:38,267 - INFO - <module> : Search Locations clicked
2022-10-27 09:47:38,267 - INFO - <module> : Search Locations clicked
2022-10-27 09:47:38,267 - INFO - <module> : Search Locations clicked
2022-10-27 09:47:38,267 - INFO - <module> : Search Locations clicked
2022-10-27 09:47:38,328 - INFO - <module> : Service ID No.
arrow_drop_down clicked
2022-10-27 09:47:38,328 - INFO - <module> : Service ID No.
arrow_drop_down clicked
2022-10-27 09:47:38,328 - INFO - <module> : Service ID No.
arrow_drop_down clicked
2022-10-27 09:47:38,328 - INFO - <module> : Service ID No.
arrow_drop_down clicked
2022-10-27 09:47:38,381 - INFO - <module> : Service ID No. clicked
2022-10-27 09:47:38,381 - INFO - <module> : Service ID No. clicked
2022-10-27 09:47:38,381 - INFO - <module> : Service ID No. clicked
2022-10-27 09:47:38,381 - INFO - <module> : Service ID No. clicked
2022-10-27 09:47:38,517 - INFO - <module> : input: 200102850101
2022-10-27 09:47:38,517 - INFO - <module> : input: 200102850101
2022-10-27 09:47:38,517 - INFO - <module> : input: 200102850101
2022-10-27 09:47:38,517 - INFO - <module> : input: 200102850101
2022-10-27 09:47:38,574 - INFO - <module> : Enter: 
2022-10-27 09:47:38,574 - INFO - <module> : Enter: 
2022-10-27 09:47:38,574 - INFO - <module> : Enter: 
2022-10-27 09:47:38,574 - INFO - <module> : Enter: 
2022-10-27 09:47:41,638 - INFO - <module> :  clicked
2022-10-27 09:47:41,638 - INFO - <module> :  clicked
2022-10-27 09:47:41,638 - INFO - <module> :  clicked
2022-10-27 09:47:41,638 - INFO - <module> :  clicked
2022-10-27 09:47:41,700 - INFO - <module> : input: 200102850101
2022-10-27 09:47:41,700 - INFO - <module> : input: 200102850101
2022-10-27 09:47:41,700 - INFO - <module> : input: 200102850101
2022-10-27 09:47:41,700 - INFO - <module> : input: 200102850101
2022-10-27 09:47:46,734 - INFO - <module> : ArrowDown: 
2022-10-27 09:47:46,734 - INFO - <module> : ArrowDown: 
2022-10-27 09:47:46,734 - INFO - <module> : ArrowDown: 
2022-10-27 09:47:46,734 - INFO - <module> : ArrowDown: 
2022-10-27 09:47:46,765 - INFO - <module> : Enter: 
2022-10-27 09:47:46,765 - INFO - <module> : Enter: 
2022-10-27 09:47:46,765 - INFO - <module> : Enter: 
2022-10-27 09:47:46,765 - INFO - <module> : Enter: 
2022-10-27 09:47:55,146 - INFO - setup : Close Browser
