2022-10-13 08:21:39,653 - INFO - setup : Browser Launched!
2022-10-13 08:21:46,703 - INFO - <module> : Go to External Map 
2022-10-13 08:21:46,703 - INFO - <module> : Go to External Map 
2022-10-13 08:21:46,703 - INFO - <module> : Go to External Map 
2022-10-13 08:21:51,676 - INFO - <module> : Opened: https://fuat-meralco.cs73.force.com/customers/s/outagemap
2022-10-13 08:21:51,676 - INFO - <module> : Opened: https://fuat-meralco.cs73.force.com/customers/s/outagemap
2022-10-13 08:21:51,676 - INFO - <module> : Opened: https://fuat-meralco.cs73.force.com/customers/s/outagemap
2022-10-13 08:21:55,079 - INFO - <module> : Meralco would like to access your location to identify if your area is affected by an outage. exists
2022-10-13 08:21:55,079 - INFO - <module> : Meralco would like to access your location to identify if your area is affected by an outage. exists
2022-10-13 08:21:55,079 - INFO - <module> : Meralco would like to access your location to identify if your area is affected by an outage. exists
2022-10-13 08:21:57,939 - INFO - <module> : Select weather information to be displayed
2022-10-13 08:21:57,939 - INFO - <module> : Select weather information to be displayed
2022-10-13 08:21:57,939 - INFO - <module> : Select weather information to be displayed
2022-10-13 08:21:58,037 - INFO - <module> : Disagree clicked
2022-10-13 08:21:58,037 - INFO - <module> : Disagree clicked
2022-10-13 08:21:58,037 - INFO - <module> : Disagree clicked
2022-10-13 08:21:58,546 - INFO - <module> :  clicked
2022-10-13 08:21:58,546 - INFO - <module> :  clicked
2022-10-13 08:21:58,546 - INFO - <module> :  clicked
2022-10-13 08:22:00,891 - INFO - <module> :  clicked
2022-10-13 08:22:00,891 - INFO - <module> :  clicked
2022-10-13 08:22:00,891 - INFO - <module> :  clicked
2022-10-13 08:22:01,467 - INFO - <module> : close clicked
2022-10-13 08:22:01,467 - INFO - <module> : close clicked
2022-10-13 08:22:01,467 - INFO - <module> : close clicked
2022-10-13 08:22:14,357 - INFO - <module> : Adjust outage map zoom level to greater than 8
2022-10-13 08:22:14,357 - INFO - <module> : Adjust outage map zoom level to greater than 8
2022-10-13 08:22:14,357 - INFO - <module> : Adjust outage map zoom level to greater than 8
2022-10-13 08:22:14,468 - INFO - <module> :  clicked
2022-10-13 08:22:14,468 - INFO - <module> :  clicked
2022-10-13 08:22:14,468 - INFO - <module> :  clicked
2022-10-13 08:22:14,605 - INFO - <module> : add clicked
2022-10-13 08:22:14,605 - INFO - <module> : add clicked
2022-10-13 08:22:14,605 - INFO - <module> : add clicked
2022-10-13 08:22:14,769 - INFO - <module> : add clicked
2022-10-13 08:22:14,769 - INFO - <module> : add clicked
2022-10-13 08:22:14,769 - INFO - <module> : add clicked
2022-10-13 08:22:14,905 - INFO - <module> : add clicked
2022-10-13 08:22:14,905 - INFO - <module> : add clicked
2022-10-13 08:22:14,905 - INFO - <module> : add clicked
2022-10-13 08:22:15,033 - INFO - <module> : add clicked
2022-10-13 08:22:15,033 - INFO - <module> : add clicked
2022-10-13 08:22:15,033 - INFO - <module> : add clicked
2022-10-13 08:22:15,724 - INFO - <module> : add clicked
2022-10-13 08:22:15,724 - INFO - <module> : add clicked
2022-10-13 08:22:15,724 - INFO - <module> : add clicked
2022-10-13 08:22:15,972 - INFO - <module> : add clicked
2022-10-13 08:22:15,972 - INFO - <module> : add clicked
2022-10-13 08:22:15,972 - INFO - <module> : add clicked
2022-10-13 08:22:16,108 - INFO - <module> : add clicked
2022-10-13 08:22:16,108 - INFO - <module> : add clicked
2022-10-13 08:22:16,108 - INFO - <module> : add clicked
2022-10-13 08:22:19,014 - INFO - <module> : Validate weather icons in Internal Map
2022-10-13 08:22:19,014 - INFO - <module> : Validate weather icons in Internal Map
2022-10-13 08:22:19,014 - INFO - <module> : Validate weather icons in Internal Map
2022-10-13 08:22:21,505 - INFO - setup : Close Browser
