2022-11-17 15:37:55,563 - INFO - setup : Browser Launched!
2022-11-17 15:38:07,537 - INFO - <module> : Go to lower right of Internal Map
2022-11-17 15:38:07,537 - INFO - <module> : Go to lower right of Internal Map
2022-11-17 15:38:07,537 - INFO - <module> : Go to lower right of Internal Map
2022-11-17 15:38:07,537 - INFO - <module> : Go to lower right of Internal Map
2022-11-17 15:38:09,046 - INFO - <module> : Opened: https://outage-api.meralco.com.ph/
2022-11-17 15:38:09,046 - INFO - <module> : Opened: https://outage-api.meralco.com.ph/
2022-11-17 15:38:09,046 - INFO - <module> : Opened: https://outage-api.meralco.com.ph/
2022-11-17 15:38:09,046 - INFO - <module> : Opened: https://outage-api.meralco.com.ph/
2022-11-17 15:38:11,885 - INFO - <module> : input: v-lvlgalvez@meralco.com.ph
2022-11-17 15:38:11,885 - INFO - <module> : input: v-lvlgalvez@meralco.com.ph
2022-11-17 15:38:11,885 - INFO - <module> : input: v-lvlgalvez@meralco.com.ph
2022-11-17 15:38:11,885 - INFO - <module> : input: v-lvlgalvez@meralco.com.ph
2022-11-17 15:38:11,946 - INFO - <module> : Clicked
2022-11-17 15:38:11,946 - INFO - <module> : Clicked
2022-11-17 15:38:11,946 - INFO - <module> : Clicked
2022-11-17 15:38:11,946 - INFO - <module> : Clicked
2022-11-17 15:38:13,036 - INFO - <module> : input: Mecopass@@!!121
2022-11-17 15:38:13,036 - INFO - <module> : input: Mecopass@@!!121
2022-11-17 15:38:13,036 - INFO - <module> : input: Mecopass@@!!121
2022-11-17 15:38:13,036 - INFO - <module> : input: Mecopass@@!!121
2022-11-17 15:38:13,469 - INFO - <module> : Clicked
2022-11-17 15:38:13,469 - INFO - <module> : Clicked
2022-11-17 15:38:13,469 - INFO - <module> : Clicked
2022-11-17 15:38:13,469 - INFO - <module> : Clicked
2022-11-17 15:38:14,094 - INFO - <module> : Clicked
2022-11-17 15:38:14,094 - INFO - <module> : Clicked
2022-11-17 15:38:14,094 - INFO - <module> : Clicked
2022-11-17 15:38:14,094 - INFO - <module> : Clicked
2022-11-17 15:38:45,258 - INFO - <module> : Clicked
2022-11-17 15:38:45,258 - INFO - <module> : Clicked
2022-11-17 15:38:45,258 - INFO - <module> : Clicked
2022-11-17 15:38:45,258 - INFO - <module> : Clicked
2022-11-17 15:39:20,384 - INFO - <module> : Click (+)
2022-11-17 15:39:20,384 - INFO - <module> : Click (+)
2022-11-17 15:39:20,384 - INFO - <module> : Click (+)
2022-11-17 15:39:20,384 - INFO - <module> : Click (+)
2022-11-17 15:39:20,597 - INFO - <module> : Clicked
2022-11-17 15:39:20,597 - INFO - <module> : Clicked
2022-11-17 15:39:20,597 - INFO - <module> : Clicked
2022-11-17 15:39:20,597 - INFO - <module> : Clicked
2022-11-17 15:39:23,665 - INFO - <module> : Click (-)
2022-11-17 15:39:23,665 - INFO - <module> : Click (-)
2022-11-17 15:39:23,665 - INFO - <module> : Click (-)
2022-11-17 15:39:23,665 - INFO - <module> : Click (-)
2022-11-17 15:39:23,819 - INFO - <module> : Clicked
2022-11-17 15:39:23,819 - INFO - <module> : Clicked
2022-11-17 15:39:23,819 - INFO - <module> : Clicked
2022-11-17 15:39:23,819 - INFO - <module> : Clicked
2022-11-17 15:39:27,283 - INFO - <module> : Login to Meralco Online
2022-11-17 15:39:27,283 - INFO - <module> : Login to Meralco Online
2022-11-17 15:39:27,283 - INFO - <module> : Login to Meralco Online
2022-11-17 15:39:27,283 - INFO - <module> : Login to Meralco Online
2022-11-17 15:39:30,418 - INFO - <module> : Go to Outages & Incidents > View/Report Outages
2022-11-17 15:39:30,418 - INFO - <module> : Go to Outages & Incidents > View/Report Outages
2022-11-17 15:39:30,418 - INFO - <module> : Go to Outages & Incidents > View/Report Outages
2022-11-17 15:39:30,418 - INFO - <module> : Go to Outages & Incidents > View/Report Outages
2022-11-17 15:39:30,562 - INFO - <module> : Clicked
2022-11-17 15:39:30,562 - INFO - <module> : Clicked
2022-11-17 15:39:30,562 - INFO - <module> : Clicked
2022-11-17 15:39:30,562 - INFO - <module> : Clicked
2022-11-17 15:39:33,683 - INFO - <module> : Click on Current Location icon under Zoom slider
2022-11-17 15:39:33,683 - INFO - <module> : Click on Current Location icon under Zoom slider
2022-11-17 15:39:33,683 - INFO - <module> : Click on Current Location icon under Zoom slider
2022-11-17 15:39:33,683 - INFO - <module> : Click on Current Location icon under Zoom slider
2022-11-17 15:39:36,335 - INFO - setup : Close Browser
