2022-10-13 11:59:09,031 - INFO - setup : Browser Launched!
2022-10-13 11:59:23,955 - INFO - <module> : Go to External Map 
2022-10-13 11:59:23,955 - INFO - <module> : Go to External Map 
2022-10-13 11:59:23,955 - INFO - <module> : Go to External Map 
2022-10-13 11:59:23,955 - INFO - <module> : Go to External Map 
2022-10-13 11:59:24,135 - INFO - <module> : input: atmooutageaccount@yopmail.com
2022-10-13 11:59:24,135 - INFO - <module> : input: atmooutageaccount@yopmail.com
2022-10-13 11:59:24,135 - INFO - <module> : input: atmooutageaccount@yopmail.com
2022-10-13 11:59:24,135 - INFO - <module> : input: atmooutageaccount@yopmail.com
2022-10-13 11:59:24,202 - INFO - <module> : input: Meralco01
2022-10-13 11:59:24,202 - INFO - <module> : input: Meralco01
2022-10-13 11:59:24,202 - INFO - <module> : input: Meralco01
2022-10-13 11:59:24,202 - INFO - <module> : input: Meralco01
2022-10-13 11:59:24,265 - INFO - <module> : Log in clicked
2022-10-13 11:59:24,265 - INFO - <module> : Log in clicked
2022-10-13 11:59:24,265 - INFO - <module> : Log in clicked
2022-10-13 11:59:24,265 - INFO - <module> : Log in clicked
2022-10-13 11:59:29,830 - INFO - <module> : Hello, exists
2022-10-13 11:59:29,830 - INFO - <module> : Hello, exists
2022-10-13 11:59:29,830 - INFO - <module> : Hello, exists
2022-10-13 11:59:29,830 - INFO - <module> : Hello, exists
2022-10-13 11:59:29,848 - INFO - <module> : Hello, exists
2022-10-13 11:59:29,848 - INFO - <module> : Hello, exists
2022-10-13 11:59:29,848 - INFO - <module> : Hello, exists
2022-10-13 11:59:29,848 - INFO - <module> : Hello, exists
2022-10-13 11:59:32,077 - INFO - <module> : Outages & Incidents clicked
2022-10-13 11:59:32,077 - INFO - <module> : Outages & Incidents clicked
2022-10-13 11:59:32,077 - INFO - <module> : Outages & Incidents clicked
2022-10-13 11:59:32,077 - INFO - <module> : Outages & Incidents clicked
2022-10-13 11:59:32,139 - INFO - <module> :  clicked
2022-10-13 11:59:32,139 - INFO - <module> :  clicked
2022-10-13 11:59:32,139 - INFO - <module> :  clicked
2022-10-13 11:59:32,139 - INFO - <module> :  clicked
2022-10-13 11:59:36,096 - INFO - <module> : Select weather information to be displayed
2022-10-13 11:59:36,096 - INFO - <module> : Select weather information to be displayed
2022-10-13 11:59:36,096 - INFO - <module> : Select weather information to be displayed
2022-10-13 11:59:36,096 - INFO - <module> : Select weather information to be displayed
2022-10-13 12:00:06,396 - ERROR - <module> : Cannot Locate: map_views
2022-10-13 12:00:06,396 - ERROR - <module> : Cannot Locate: map_views
2022-10-13 12:00:06,396 - ERROR - <module> : Cannot Locate: map_views
2022-10-13 12:00:06,396 - ERROR - <module> : Cannot Locate: map_views
2022-10-13 12:00:06,427 - INFO - setup : Close Browser
