2022-10-13 08:18:38,267 - INFO - setup : Browser Launched!
2022-10-13 08:18:48,390 - INFO - <module> : Go to External Map 
2022-10-13 08:18:48,390 - INFO - <module> : Go to External Map 
2022-10-13 08:18:48,390 - INFO - <module> : Go to External Map 
2022-10-13 08:18:52,558 - INFO - <module> : Opened: https://fuat-meralco.cs73.force.com/customers/s/outagemap
2022-10-13 08:18:52,558 - INFO - <module> : Opened: https://fuat-meralco.cs73.force.com/customers/s/outagemap
2022-10-13 08:18:52,558 - INFO - <module> : Opened: https://fuat-meralco.cs73.force.com/customers/s/outagemap
2022-10-13 08:18:56,010 - INFO - <module> : Meralco would like to access your location to identify if your area is affected by an outage. exists
2022-10-13 08:18:56,010 - INFO - <module> : Meralco would like to access your location to identify if your area is affected by an outage. exists
2022-10-13 08:18:56,010 - INFO - <module> : Meralco would like to access your location to identify if your area is affected by an outage. exists
2022-10-13 08:18:58,936 - INFO - <module> : Select weather information to be displayed
2022-10-13 08:18:58,936 - INFO - <module> : Select weather information to be displayed
2022-10-13 08:18:58,936 - INFO - <module> : Select weather information to be displayed
2022-10-13 08:18:59,092 - INFO - <module> : Disagree clicked
2022-10-13 08:18:59,092 - INFO - <module> : Disagree clicked
2022-10-13 08:18:59,092 - INFO - <module> : Disagree clicked
2022-10-13 08:18:59,554 - INFO - <module> :  clicked
2022-10-13 08:18:59,554 - INFO - <module> :  clicked
2022-10-13 08:18:59,554 - INFO - <module> :  clicked
2022-10-13 08:19:02,000 - INFO - <module> :  clicked
2022-10-13 08:19:02,000 - INFO - <module> :  clicked
2022-10-13 08:19:02,000 - INFO - <module> :  clicked
2022-10-13 08:19:02,595 - INFO - <module> : close clicked
2022-10-13 08:19:02,595 - INFO - <module> : close clicked
2022-10-13 08:19:02,595 - INFO - <module> : close clicked
2022-10-13 08:19:15,526 - INFO - <module> : Adjust outage map zoom level to greater than 8
2022-10-13 08:19:15,526 - INFO - <module> : Adjust outage map zoom level to greater than 8
2022-10-13 08:19:15,526 - INFO - <module> : Adjust outage map zoom level to greater than 8
2022-10-13 08:19:15,652 - INFO - <module> :  clicked
2022-10-13 08:19:15,652 - INFO - <module> :  clicked
2022-10-13 08:19:15,652 - INFO - <module> :  clicked
2022-10-13 08:19:15,820 - INFO - <module> : add clicked
2022-10-13 08:19:15,820 - INFO - <module> : add clicked
2022-10-13 08:19:15,820 - INFO - <module> : add clicked
2022-10-13 08:19:15,997 - INFO - <module> : add clicked
2022-10-13 08:19:15,997 - INFO - <module> : add clicked
2022-10-13 08:19:15,997 - INFO - <module> : add clicked
2022-10-13 08:19:18,976 - INFO - <module> : Validate weather icons in Internal Map
2022-10-13 08:19:18,976 - INFO - <module> : Validate weather icons in Internal Map
2022-10-13 08:19:18,976 - INFO - <module> : Validate weather icons in Internal Map
2022-10-13 08:19:21,451 - INFO - setup : Close Browser
