2022-10-26 11:39:16,475 - INFO - setup : Browser Launched!
2022-10-26 11:39:24,258 - INFO - <module> : Click Refresh Data button in header
2022-10-26 11:39:24,258 - INFO - <module> : Click Refresh Data button in header
2022-10-26 11:39:24,258 - INFO - <module> : Click Refresh Data button in header
2022-10-26 11:39:24,258 - INFO - <module> : Click Refresh Data button in header
2022-10-26 11:39:25,718 - INFO - <module> : Opened: https://outage-api.meralco.com.ph/
2022-10-26 11:39:25,718 - INFO - <module> : Opened: https://outage-api.meralco.com.ph/
2022-10-26 11:39:25,718 - INFO - <module> : Opened: https://outage-api.meralco.com.ph/
2022-10-26 11:39:25,718 - INFO - <module> : Opened: https://outage-api.meralco.com.ph/
2022-10-26 11:39:27,219 - INFO - <module> : input: v-lvlgalvez@meralco.com.ph
2022-10-26 11:39:27,219 - INFO - <module> : input: v-lvlgalvez@meralco.com.ph
2022-10-26 11:39:27,219 - INFO - <module> : input: v-lvlgalvez@meralco.com.ph
2022-10-26 11:39:27,219 - INFO - <module> : input: v-lvlgalvez@meralco.com.ph
2022-10-26 11:39:27,337 - INFO - <module> : Clicked
2022-10-26 11:39:27,337 - INFO - <module> : Clicked
2022-10-26 11:39:27,337 - INFO - <module> : Clicked
2022-10-26 11:39:27,337 - INFO - <module> : Clicked
2022-10-26 11:39:28,972 - INFO - <module> : input: Mecopass@@!!129
2022-10-26 11:39:28,972 - INFO - <module> : input: Mecopass@@!!129
2022-10-26 11:39:28,972 - INFO - <module> : input: Mecopass@@!!129
2022-10-26 11:39:28,972 - INFO - <module> : input: Mecopass@@!!129
2022-10-26 11:39:29,423 - INFO - <module> : Clicked
2022-10-26 11:39:29,423 - INFO - <module> : Clicked
2022-10-26 11:39:29,423 - INFO - <module> : Clicked
2022-10-26 11:39:29,423 - INFO - <module> : Clicked
2022-10-26 11:39:30,052 - INFO - <module> : Clicked
2022-10-26 11:39:30,052 - INFO - <module> : Clicked
2022-10-26 11:39:30,052 - INFO - <module> : Clicked
2022-10-26 11:39:30,052 - INFO - <module> : Clicked
2022-10-26 11:39:58,837 - INFO - <module> : Clicked
2022-10-26 11:39:58,837 - INFO - <module> : Clicked
2022-10-26 11:39:58,837 - INFO - <module> : Clicked
2022-10-26 11:39:58,837 - INFO - <module> : Clicked
2022-10-26 11:40:04,140 - INFO - setup : Close Browser
