2022-10-26 15:58:39,721 - INFO - setup : Browser Launched!
2022-10-26 15:58:51,720 - INFO - <module> : Click on burger menu > Search Locations > Select Service ID No. > Search SIN
2022-10-26 15:58:51,720 - INFO - <module> : Click on burger menu > Search Locations > Select Service ID No. > Search SIN
2022-10-26 15:58:51,720 - INFO - <module> : Click on burger menu > Search Locations > Select Service ID No. > Search SIN
2022-10-26 15:58:51,720 - INFO - <module> : Click on burger menu > Search Locations > Select Service ID No. > Search SIN
2022-10-26 15:58:54,414 - INFO - <module> : Opened: https://outage-api.meralco.com.ph/
2022-10-26 15:58:54,414 - INFO - <module> : Opened: https://outage-api.meralco.com.ph/
2022-10-26 15:58:54,414 - INFO - <module> : Opened: https://outage-api.meralco.com.ph/
2022-10-26 15:58:54,414 - INFO - <module> : Opened: https://outage-api.meralco.com.ph/
2022-10-26 15:58:57,218 - INFO - <module> : input: v-lvlgalvez@meralco.com.ph
2022-10-26 15:58:57,218 - INFO - <module> : input: v-lvlgalvez@meralco.com.ph
2022-10-26 15:58:57,218 - INFO - <module> : input: v-lvlgalvez@meralco.com.ph
2022-10-26 15:58:57,218 - INFO - <module> : input: v-lvlgalvez@meralco.com.ph
2022-10-26 15:58:57,298 - INFO - <module> : Clicked
2022-10-26 15:58:57,298 - INFO - <module> : Clicked
2022-10-26 15:58:57,298 - INFO - <module> : Clicked
2022-10-26 15:58:57,298 - INFO - <module> : Clicked
2022-10-26 15:58:58,404 - INFO - <module> : input: Mecopass@@!!129
2022-10-26 15:58:58,404 - INFO - <module> : input: Mecopass@@!!129
2022-10-26 15:58:58,404 - INFO - <module> : input: Mecopass@@!!129
2022-10-26 15:58:58,404 - INFO - <module> : input: Mecopass@@!!129
2022-10-26 15:58:59,088 - INFO - <module> : Clicked
2022-10-26 15:58:59,088 - INFO - <module> : Clicked
2022-10-26 15:58:59,088 - INFO - <module> : Clicked
2022-10-26 15:58:59,088 - INFO - <module> : Clicked
2022-10-26 15:58:59,713 - INFO - <module> : Clicked
2022-10-26 15:58:59,713 - INFO - <module> : Clicked
2022-10-26 15:58:59,713 - INFO - <module> : Clicked
2022-10-26 15:58:59,713 - INFO - <module> : Clicked
2022-10-26 15:59:28,274 - INFO - <module> : Clicked
2022-10-26 15:59:28,274 - INFO - <module> : Clicked
2022-10-26 15:59:28,274 - INFO - <module> : Clicked
2022-10-26 15:59:28,274 - INFO - <module> : Clicked
2022-10-26 15:59:32,353 - INFO - <module> :  clicked
2022-10-26 15:59:32,353 - INFO - <module> :  clicked
2022-10-26 15:59:32,353 - INFO - <module> :  clicked
2022-10-26 15:59:32,353 - INFO - <module> :  clicked
2022-10-26 15:59:32,449 - INFO - <module> : Search Locations clicked
2022-10-26 15:59:32,449 - INFO - <module> : Search Locations clicked
2022-10-26 15:59:32,449 - INFO - <module> : Search Locations clicked
2022-10-26 15:59:32,449 - INFO - <module> : Search Locations clicked
2022-10-26 15:59:32,516 - INFO - <module> : Service ID No.
arrow_drop_down clicked
2022-10-26 15:59:32,516 - INFO - <module> : Service ID No.
arrow_drop_down clicked
2022-10-26 15:59:32,516 - INFO - <module> : Service ID No.
arrow_drop_down clicked
2022-10-26 15:59:32,516 - INFO - <module> : Service ID No.
arrow_drop_down clicked
2022-10-26 15:59:32,582 - INFO - <module> : Service ID No. clicked
2022-10-26 15:59:32,582 - INFO - <module> : Service ID No. clicked
2022-10-26 15:59:32,582 - INFO - <module> : Service ID No. clicked
2022-10-26 15:59:32,582 - INFO - <module> : Service ID No. clicked
2022-10-26 15:59:32,738 - INFO - <module> : input: 200102850101
2022-10-26 15:59:32,738 - INFO - <module> : input: 200102850101
2022-10-26 15:59:32,738 - INFO - <module> : input: 200102850101
2022-10-26 15:59:32,738 - INFO - <module> : input: 200102850101
2022-10-26 15:59:32,799 - INFO - <module> : Enter: 
2022-10-26 15:59:32,799 - INFO - <module> : Enter: 
2022-10-26 15:59:32,799 - INFO - <module> : Enter: 
2022-10-26 15:59:32,799 - INFO - <module> : Enter: 
2022-10-26 15:59:34,090 - INFO - <module> : Opened: https://outage-api.meralco.com.ph/
2022-10-26 15:59:34,090 - INFO - <module> : Opened: https://outage-api.meralco.com.ph/
2022-10-26 15:59:34,090 - INFO - <module> : Opened: https://outage-api.meralco.com.ph/
2022-10-26 15:59:34,090 - INFO - <module> : Opened: https://outage-api.meralco.com.ph/
2022-10-26 15:59:52,897 - INFO - <module> :  clicked
2022-10-26 15:59:52,897 - INFO - <module> :  clicked
2022-10-26 15:59:52,897 - INFO - <module> :  clicked
2022-10-26 15:59:52,897 - INFO - <module> :  clicked
2022-10-26 15:59:52,963 - INFO - <module> : Search Locations clicked
2022-10-26 15:59:52,963 - INFO - <module> : Search Locations clicked
2022-10-26 15:59:52,963 - INFO - <module> : Search Locations clicked
2022-10-26 15:59:52,963 - INFO - <module> : Search Locations clicked
2022-10-26 15:59:53,022 - INFO - <module> : Service ID No.
arrow_drop_down clicked
2022-10-26 15:59:53,022 - INFO - <module> : Service ID No.
arrow_drop_down clicked
2022-10-26 15:59:53,022 - INFO - <module> : Service ID No.
arrow_drop_down clicked
2022-10-26 15:59:53,022 - INFO - <module> : Service ID No.
arrow_drop_down clicked
2022-10-26 15:59:53,083 - INFO - <module> : Service ID No. clicked
2022-10-26 15:59:53,083 - INFO - <module> : Service ID No. clicked
2022-10-26 15:59:53,083 - INFO - <module> : Service ID No. clicked
2022-10-26 15:59:53,083 - INFO - <module> : Service ID No. clicked
2022-10-26 15:59:53,280 - INFO - <module> : input: 200102850101
2022-10-26 15:59:53,280 - INFO - <module> : input: 200102850101
2022-10-26 15:59:53,280 - INFO - <module> : input: 200102850101
2022-10-26 15:59:53,280 - INFO - <module> : input: 200102850101
2022-10-26 15:59:55,677 - INFO - setup : Close Browser
