2023-01-09 15:59:06,279 - INFO - setup : Browser Launched!
2023-01-09 15:59:12,529 - INFO - <module> : Go to https://fuat-meralco.cs73.force.com/customers/s/cxe-apply
2023-01-09 15:59:12,529 - INFO - <module> : Go to https://fuat-meralco.cs73.force.com/customers/s/cxe-apply
2023-01-09 15:59:12,529 - INFO - <module> : Go to https://fuat-meralco.cs73.force.com/customers/s/cxe-apply
2023-01-09 15:59:12,529 - INFO - <module> : Go to https://fuat-meralco.cs73.force.com/customers/s/cxe-apply
2023-01-09 15:59:12,529 - INFO - <module> : Go to https://fuat-meralco.cs73.force.com/customers/s/cxe-apply
2023-01-09 15:59:13,808 - INFO - <module> : Opened: https://fuat-meralco.cs73.force.com/customers/s/cxe-apply
2023-01-09 15:59:13,808 - INFO - <module> : Opened: https://fuat-meralco.cs73.force.com/customers/s/cxe-apply
2023-01-09 15:59:13,808 - INFO - <module> : Opened: https://fuat-meralco.cs73.force.com/customers/s/cxe-apply
2023-01-09 15:59:13,808 - INFO - <module> : Opened: https://fuat-meralco.cs73.force.com/customers/s/cxe-apply
2023-01-09 15:59:13,808 - INFO - <module> : Opened: https://fuat-meralco.cs73.force.com/customers/s/cxe-apply
2023-01-09 15:59:15,026 - INFO - <module> : Service Application exists
2023-01-09 15:59:15,026 - INFO - <module> : Service Application exists
2023-01-09 15:59:15,026 - INFO - <module> : Service Application exists
2023-01-09 15:59:15,026 - INFO - <module> : Service Application exists
2023-01-09 15:59:15,026 - INFO - <module> : Service Application exists
2023-01-09 15:59:18,040 - INFO - <module> : Click on Business
2023-01-09 15:59:18,040 - INFO - <module> : Click on Business
2023-01-09 15:59:18,040 - INFO - <module> : Click on Business
2023-01-09 15:59:18,040 - INFO - <module> : Click on Business
2023-01-09 15:59:18,040 - INFO - <module> : Click on Business
2023-01-09 15:59:18,114 - INFO - <module> : Clicked
2023-01-09 15:59:18,114 - INFO - <module> : Clicked
2023-01-09 15:59:18,114 - INFO - <module> : Clicked
2023-01-09 15:59:18,114 - INFO - <module> : Clicked
2023-01-09 15:59:18,114 - INFO - <module> : Clicked
2023-01-09 15:59:18,160 - INFO - <module> : INDIVIDUAL
Are you applying for your home or microbusiness? Get started by clicking an option below. exists
2023-01-09 15:59:18,160 - INFO - <module> : INDIVIDUAL
Are you applying for your home or microbusiness? Get started by clicking an option below. exists
2023-01-09 15:59:18,160 - INFO - <module> : INDIVIDUAL
Are you applying for your home or microbusiness? Get started by clicking an option below. exists
2023-01-09 15:59:18,160 - INFO - <module> : INDIVIDUAL
Are you applying for your home or microbusiness? Get started by clicking an option below. exists
2023-01-09 15:59:18,160 - INFO - <module> : INDIVIDUAL
Are you applying for your home or microbusiness? Get started by clicking an option below. exists
2023-01-09 15:59:18,200 - INFO - <module> : Start Service exists
2023-01-09 15:59:18,200 - INFO - <module> : Start Service exists
2023-01-09 15:59:18,200 - INFO - <module> : Start Service exists
2023-01-09 15:59:18,200 - INFO - <module> : Start Service exists
2023-01-09 15:59:18,200 - INFO - <module> : Start Service exists
2023-01-09 15:59:18,224 - INFO - <module> : Start Service exists
2023-01-09 15:59:18,224 - INFO - <module> : Start Service exists
2023-01-09 15:59:18,224 - INFO - <module> : Start Service exists
2023-01-09 15:59:18,224 - INFO - <module> : Start Service exists
2023-01-09 15:59:18,224 - INFO - <module> : Start Service exists
2023-01-09 15:59:18,258 - INFO - <module> : Start Service exists
2023-01-09 15:59:18,258 - INFO - <module> : Start Service exists
2023-01-09 15:59:18,258 - INFO - <module> : Start Service exists
2023-01-09 15:59:18,258 - INFO - <module> : Start Service exists
2023-01-09 15:59:18,258 - INFO - <module> : Start Service exists
2023-01-09 15:59:21,116 - INFO - <module> : Click on Start a Service
2023-01-09 15:59:21,116 - INFO - <module> : Click on Start a Service
2023-01-09 15:59:21,116 - INFO - <module> : Click on Start a Service
2023-01-09 15:59:21,116 - INFO - <module> : Click on Start a Service
2023-01-09 15:59:21,116 - INFO - <module> : Click on Start a Service
2023-01-09 15:59:21,183 - INFO - <module> : Clicked
2023-01-09 15:59:21,183 - INFO - <module> : Clicked
2023-01-09 15:59:21,183 - INFO - <module> : Clicked
2023-01-09 15:59:21,183 - INFO - <module> : Clicked
2023-01-09 15:59:21,183 - INFO - <module> : Clicked
2023-01-09 15:59:21,366 - INFO - <module> : Clicked
2023-01-09 15:59:21,366 - INFO - <module> : Clicked
2023-01-09 15:59:21,366 - INFO - <module> : Clicked
2023-01-09 15:59:21,366 - INFO - <module> : Clicked
2023-01-09 15:59:21,366 - INFO - <module> : Clicked
2023-01-09 15:59:23,594 - INFO - <module> : Start a Service exists
2023-01-09 15:59:23,594 - INFO - <module> : Start a Service exists
2023-01-09 15:59:23,594 - INFO - <module> : Start a Service exists
2023-01-09 15:59:23,594 - INFO - <module> : Start a Service exists
2023-01-09 15:59:23,594 - INFO - <module> : Start a Service exists
2023-01-09 15:59:26,489 - INFO - <module> : Populate the following fields:
- Company Name
- Trade Name (Optional)
- Company Email Address (Optional)
- Company Landline
- First Name
- Last Name
- Email Address
- Mobile Number
- Designation

> Click Next
2023-01-09 15:59:26,489 - INFO - <module> : Populate the following fields:
- Company Name
- Trade Name (Optional)
- Company Email Address (Optional)
- Company Landline
- First Name
- Last Name
- Email Address
- Mobile Number
- Designation

> Click Next
2023-01-09 15:59:26,489 - INFO - <module> : Populate the following fields:
- Company Name
- Trade Name (Optional)
- Company Email Address (Optional)
- Company Landline
- First Name
- Last Name
- Email Address
- Mobile Number
- Designation

> Click Next
2023-01-09 15:59:26,489 - INFO - <module> : Populate the following fields:
- Company Name
- Trade Name (Optional)
- Company Email Address (Optional)
- Company Landline
- First Name
- Last Name
- Email Address
- Mobile Number
- Designation

> Click Next
2023-01-09 15:59:26,489 - INFO - <module> : Populate the following fields:
- Company Name
- Trade Name (Optional)
- Company Email Address (Optional)
- Company Landline
- First Name
- Last Name
- Email Address
- Mobile Number
- Designation

> Click Next
2023-01-09 15:59:26,625 - INFO - <module> : input: automation1
2023-01-09 15:59:26,625 - INFO - <module> : input: automation1
2023-01-09 15:59:26,625 - INFO - <module> : input: automation1
2023-01-09 15:59:26,625 - INFO - <module> : input: automation1
2023-01-09 15:59:26,625 - INFO - <module> : input: automation1
2023-01-09 15:59:26,698 - INFO - <module> : input: automation2
2023-01-09 15:59:26,698 - INFO - <module> : input: automation2
2023-01-09 15:59:26,698 - INFO - <module> : input: automation2
2023-01-09 15:59:26,698 - INFO - <module> : input: automation2
2023-01-09 15:59:26,698 - INFO - <module> : input: automation2
2023-01-09 15:59:26,735 - INFO - <module> : input: automation3
2023-01-09 15:59:26,735 - INFO - <module> : input: automation3
2023-01-09 15:59:26,735 - INFO - <module> : input: automation3
2023-01-09 15:59:26,735 - INFO - <module> : input: automation3
2023-01-09 15:59:26,735 - INFO - <module> : input: automation3
2023-01-09 15:59:26,807 - INFO - <module> : input: +63945113252
2023-01-09 15:59:26,807 - INFO - <module> : input: +63945113252
2023-01-09 15:59:26,807 - INFO - <module> : input: +63945113252
2023-01-09 15:59:26,807 - INFO - <module> : input: +63945113252
2023-01-09 15:59:26,807 - INFO - <module> : input: +63945113252
2023-01-09 15:59:26,872 - INFO - <module> : input: automation5
2023-01-09 15:59:26,872 - INFO - <module> : input: automation5
2023-01-09 15:59:26,872 - INFO - <module> : input: automation5
2023-01-09 15:59:26,872 - INFO - <module> : input: automation5
2023-01-09 15:59:26,872 - INFO - <module> : input: automation5
2023-01-09 15:59:26,939 - INFO - <module> : input: automation6
2023-01-09 15:59:26,939 - INFO - <module> : input: automation6
2023-01-09 15:59:26,939 - INFO - <module> : input: automation6
2023-01-09 15:59:26,939 - INFO - <module> : input: automation6
2023-01-09 15:59:26,939 - INFO - <module> : input: automation6
2023-01-09 15:59:27,013 - INFO - <module> : input: automation2@yopmail.com
2023-01-09 15:59:27,013 - INFO - <module> : input: automation2@yopmail.com
2023-01-09 15:59:27,013 - INFO - <module> : input: automation2@yopmail.com
2023-01-09 15:59:27,013 - INFO - <module> : input: automation2@yopmail.com
2023-01-09 15:59:27,013 - INFO - <module> : input: automation2@yopmail.com
2023-01-09 15:59:27,095 - INFO - <module> : input: +639234567891
2023-01-09 15:59:27,095 - INFO - <module> : input: +639234567891
2023-01-09 15:59:27,095 - INFO - <module> : input: +639234567891
2023-01-09 15:59:27,095 - INFO - <module> : input: +639234567891
2023-01-09 15:59:27,095 - INFO - <module> : input: +639234567891
2023-01-09 15:59:27,166 - INFO - <module> : input: manager
2023-01-09 15:59:27,166 - INFO - <module> : input: manager
2023-01-09 15:59:27,166 - INFO - <module> : input: manager
2023-01-09 15:59:27,166 - INFO - <module> : input: manager
2023-01-09 15:59:27,166 - INFO - <module> : input: manager
2023-01-09 15:59:29,472 - INFO - <module> : Clicked
2023-01-09 15:59:29,472 - INFO - <module> : Clicked
2023-01-09 15:59:29,472 - INFO - <module> : Clicked
2023-01-09 15:59:29,472 - INFO - <module> : Clicked
2023-01-09 15:59:29,472 - INFO - <module> : Clicked
2023-01-09 15:59:29,531 - INFO - <module> : 2NEW ADDRESS exists
2023-01-09 15:59:29,531 - INFO - <module> : 2NEW ADDRESS exists
2023-01-09 15:59:29,531 - INFO - <module> : 2NEW ADDRESS exists
2023-01-09 15:59:29,531 - INFO - <module> : 2NEW ADDRESS exists
2023-01-09 15:59:29,531 - INFO - <module> : 2NEW ADDRESS exists
2023-01-09 15:59:32,486 - INFO - <module> : Populate the following:
Service Address
Province
City / Municipality
Home Ownership
Billing Address Indicator

> Click Next
2023-01-09 15:59:32,486 - INFO - <module> : Populate the following:
Service Address
Province
City / Municipality
Home Ownership
Billing Address Indicator

> Click Next
2023-01-09 15:59:32,486 - INFO - <module> : Populate the following:
Service Address
Province
City / Municipality
Home Ownership
Billing Address Indicator

> Click Next
2023-01-09 15:59:32,486 - INFO - <module> : Populate the following:
Service Address
Province
City / Municipality
Home Ownership
Billing Address Indicator

> Click Next
2023-01-09 15:59:32,486 - INFO - <module> : Populate the following:
Service Address
Province
City / Municipality
Home Ownership
Billing Address Indicator

> Click Next
2023-01-09 15:59:32,600 - INFO - <module> : input: atsrviceadd
2023-01-09 15:59:32,600 - INFO - <module> : input: atsrviceadd
2023-01-09 15:59:32,600 - INFO - <module> : input: atsrviceadd
2023-01-09 15:59:32,600 - INFO - <module> : input: atsrviceadd
2023-01-09 15:59:32,600 - INFO - <module> : input: atsrviceadd
2023-01-09 15:59:32,668 - INFO - <module> : Clicked
2023-01-09 15:59:32,668 - INFO - <module> : Clicked
2023-01-09 15:59:32,668 - INFO - <module> : Clicked
2023-01-09 15:59:32,668 - INFO - <module> : Clicked
2023-01-09 15:59:32,668 - INFO - <module> : Clicked
2023-01-09 15:59:32,735 - INFO - <module> : Clicked
2023-01-09 15:59:32,735 - INFO - <module> : Clicked
2023-01-09 15:59:32,735 - INFO - <module> : Clicked
2023-01-09 15:59:32,735 - INFO - <module> : Clicked
2023-01-09 15:59:32,735 - INFO - <module> : Clicked
2023-01-09 15:59:32,803 - INFO - <module> : Clicked
2023-01-09 15:59:32,803 - INFO - <module> : Clicked
2023-01-09 15:59:32,803 - INFO - <module> : Clicked
2023-01-09 15:59:32,803 - INFO - <module> : Clicked
2023-01-09 15:59:32,803 - INFO - <module> : Clicked
2023-01-09 15:59:32,891 - INFO - <module> : Clicked
2023-01-09 15:59:32,891 - INFO - <module> : Clicked
2023-01-09 15:59:32,891 - INFO - <module> : Clicked
2023-01-09 15:59:32,891 - INFO - <module> : Clicked
2023-01-09 15:59:32,891 - INFO - <module> : Clicked
2023-01-09 15:59:32,952 - INFO - <module> : Clicked
2023-01-09 15:59:32,952 - INFO - <module> : Clicked
2023-01-09 15:59:32,952 - INFO - <module> : Clicked
2023-01-09 15:59:32,952 - INFO - <module> : Clicked
2023-01-09 15:59:32,952 - INFO - <module> : Clicked
2023-01-09 15:59:33,003 - INFO - <module> : Clicked
2023-01-09 15:59:33,003 - INFO - <module> : Clicked
2023-01-09 15:59:33,003 - INFO - <module> : Clicked
2023-01-09 15:59:33,003 - INFO - <module> : Clicked
2023-01-09 15:59:33,003 - INFO - <module> : Clicked
2023-01-09 15:59:35,230 - INFO - <module> : 3VALUE ADDED SERVICES exists
2023-01-09 15:59:35,230 - INFO - <module> : 3VALUE ADDED SERVICES exists
2023-01-09 15:59:35,230 - INFO - <module> : 3VALUE ADDED SERVICES exists
2023-01-09 15:59:35,230 - INFO - <module> : 3VALUE ADDED SERVICES exists
2023-01-09 15:59:35,230 - INFO - <module> : 3VALUE ADDED SERVICES exists
2023-01-09 15:59:38,216 - INFO - <module> : Clicked
2023-01-09 15:59:38,216 - INFO - <module> : Clicked
2023-01-09 15:59:38,216 - INFO - <module> : Clicked
2023-01-09 15:59:38,216 - INFO - <module> : Clicked
2023-01-09 15:59:38,216 - INFO - <module> : Clicked
2023-01-09 15:59:41,238 - INFO - <module> : Clicked
2023-01-09 15:59:41,238 - INFO - <module> : Clicked
2023-01-09 15:59:41,238 - INFO - <module> : Clicked
2023-01-09 15:59:41,238 - INFO - <module> : Clicked
2023-01-09 15:59:41,238 - INFO - <module> : Clicked
2023-01-09 16:00:01,291 - INFO - <module> : Submit exists
2023-01-09 16:00:01,291 - INFO - <module> : Submit exists
2023-01-09 16:00:01,291 - INFO - <module> : Submit exists
2023-01-09 16:00:01,291 - INFO - <module> : Submit exists
2023-01-09 16:00:01,291 - INFO - <module> : Submit exists
2023-01-09 16:00:07,797 - INFO - setup : Close Browser
