2023-01-05 10:50:02,037 - INFO - setup : Browser Launched!
2023-01-05 10:50:37,344 - INFO - <module> : Opened: https://fuat-meralco.cs73.force.com/customers/s/cxe-apply
2023-01-05 10:50:37,344 - INFO - <module> : Opened: https://fuat-meralco.cs73.force.com/customers/s/cxe-apply
2023-01-05 10:50:37,344 - INFO - <module> : Opened: https://fuat-meralco.cs73.force.com/customers/s/cxe-apply
2023-01-05 10:50:37,344 - INFO - <module> : Opened: https://fuat-meralco.cs73.force.com/customers/s/cxe-apply
2023-01-05 10:50:43,540 - INFO - <module> : Service Application exists
2023-01-05 10:50:43,540 - INFO - <module> : Service Application exists
2023-01-05 10:50:43,540 - INFO - <module> : Service Application exists
2023-01-05 10:50:43,540 - INFO - <module> : Service Application exists
2023-01-05 10:50:47,051 - INFO - <module> : Clicked
2023-01-05 10:50:47,051 - INFO - <module> : Clicked
2023-01-05 10:50:47,051 - INFO - <module> : Clicked
2023-01-05 10:50:47,051 - INFO - <module> : Clicked
2023-01-05 10:50:50,520 - INFO - <module> : Clicked
2023-01-05 10:50:50,520 - INFO - <module> : Clicked
2023-01-05 10:50:50,520 - INFO - <module> : Clicked
2023-01-05 10:50:50,520 - INFO - <module> : Clicked
2023-01-05 10:51:07,978 - INFO - <module> : Clicked
2023-01-05 10:51:07,978 - INFO - <module> : Clicked
2023-01-05 10:51:07,978 - INFO - <module> : Clicked
2023-01-05 10:51:07,978 - INFO - <module> : Clicked
2023-01-05 10:51:14,516 - INFO - <module> : input: atcontFname
2023-01-05 10:51:14,516 - INFO - <module> : input: atcontFname
2023-01-05 10:51:14,516 - INFO - <module> : input: atcontFname
2023-01-05 10:51:14,516 - INFO - <module> : input: atcontFname
2023-01-05 10:51:14,834 - INFO - <module> : input: atcontLname
2023-01-05 10:51:14,834 - INFO - <module> : input: atcontLname
2023-01-05 10:51:14,834 - INFO - <module> : input: atcontLname
2023-01-05 10:51:14,834 - INFO - <module> : input: atcontLname
2023-01-05 10:51:14,960 - INFO - <module> : input: atcontbusinessName
2023-01-05 10:51:14,960 - INFO - <module> : input: atcontbusinessName
2023-01-05 10:51:14,960 - INFO - <module> : input: atcontbusinessName
2023-01-05 10:51:14,960 - INFO - <module> : input: atcontbusinessName
2023-01-05 10:51:15,115 - INFO - <module> : input: atcontEmailAddress@yopmail.com
2023-01-05 10:51:15,115 - INFO - <module> : input: atcontEmailAddress@yopmail.com
2023-01-05 10:51:15,115 - INFO - <module> : input: atcontEmailAddress@yopmail.com
2023-01-05 10:51:15,115 - INFO - <module> : input: atcontEmailAddress@yopmail.com
2023-01-05 10:51:15,332 - INFO - <module> : input: +639234567891
2023-01-05 10:51:15,332 - INFO - <module> : input: +639234567891
2023-01-05 10:51:15,332 - INFO - <module> : input: +639234567891
2023-01-05 10:51:15,332 - INFO - <module> : input: +639234567891
2023-01-05 10:51:19,053 - INFO - <module> : Clicked
2023-01-05 10:51:19,053 - INFO - <module> : Clicked
2023-01-05 10:51:19,053 - INFO - <module> : Clicked
2023-01-05 10:51:19,053 - INFO - <module> : Clicked
2023-01-05 10:51:27,051 - INFO - <module> : input: atfirst1
2023-01-05 10:51:27,051 - INFO - <module> : input: atfirst1
2023-01-05 10:51:27,051 - INFO - <module> : input: atfirst1
2023-01-05 10:51:27,051 - INFO - <module> : input: atfirst1
2023-01-05 10:51:27,173 - INFO - <module> : input: atlast1
2023-01-05 10:51:27,173 - INFO - <module> : input: atlast1
2023-01-05 10:51:27,173 - INFO - <module> : input: atlast1
2023-01-05 10:51:27,173 - INFO - <module> : input: atlast1
2023-01-05 10:51:27,257 - INFO - <module> : input: aaaaa@yopmail.com
2023-01-05 10:51:27,257 - INFO - <module> : input: aaaaa@yopmail.com
2023-01-05 10:51:27,257 - INFO - <module> : input: aaaaa@yopmail.com
2023-01-05 10:51:27,257 - INFO - <module> : input: aaaaa@yopmail.com
2023-01-05 10:51:27,332 - INFO - <module> : input: 10/04/1993
2023-01-05 10:51:27,332 - INFO - <module> : input: 10/04/1993
2023-01-05 10:51:27,332 - INFO - <module> : input: 10/04/1993
2023-01-05 10:51:27,332 - INFO - <module> : input: 10/04/1993
2023-01-05 10:51:27,879 - INFO - <module> : input: +639272222235
2023-01-05 10:51:27,879 - INFO - <module> : input: +639272222235
2023-01-05 10:51:27,879 - INFO - <module> : input: +639272222235
2023-01-05 10:51:27,879 - INFO - <module> : input: +639272222235
2023-01-05 10:51:30,417 - INFO - <module> : Clicked
2023-01-05 10:51:30,417 - INFO - <module> : Clicked
2023-01-05 10:51:30,417 - INFO - <module> : Clicked
2023-01-05 10:51:30,417 - INFO - <module> : Clicked
2023-01-05 10:51:37,853 - INFO - setup : Close Browser
