2022-10-12 16:19:00,867 - INFO - setup : Browser Launched!
2022-10-12 16:19:07,127 - INFO - <module> : Go to External Map 
2022-10-12 16:19:07,127 - INFO - <module> : Go to External Map 
2022-10-12 16:19:07,127 - INFO - <module> : Go to External Map 
2022-10-12 16:19:08,154 - INFO - <module> : Opened: https://fuat-meralco.cs73.force.com/customers/s/outagemap
2022-10-12 16:19:08,154 - INFO - <module> : Opened: https://fuat-meralco.cs73.force.com/customers/s/outagemap
2022-10-12 16:19:08,154 - INFO - <module> : Opened: https://fuat-meralco.cs73.force.com/customers/s/outagemap
2022-10-12 16:19:13,193 - INFO - <module> : Meralco would like to access your location to identify if your area is affected by an outage. exists
2022-10-12 16:19:13,193 - INFO - <module> : Meralco would like to access your location to identify if your area is affected by an outage. exists
2022-10-12 16:19:13,193 - INFO - <module> : Meralco would like to access your location to identify if your area is affected by an outage. exists
2022-10-12 16:19:13,524 - INFO - <module> : Disagree clicked
2022-10-12 16:19:13,524 - INFO - <module> : Disagree clicked
2022-10-12 16:19:13,524 - INFO - <module> : Disagree clicked
2022-10-12 16:19:14,504 - INFO - <module> :  clicked
2022-10-12 16:19:14,504 - INFO - <module> :  clicked
2022-10-12 16:19:14,504 - INFO - <module> :  clicked
2022-10-12 16:19:14,587 - INFO - <module> :  clicked
2022-10-12 16:19:14,587 - INFO - <module> :  clicked
2022-10-12 16:19:14,587 - INFO - <module> :  clicked
2022-10-12 16:19:14,619 - INFO - setup : Close Browser
