2023-01-10 14:10:53,083 - INFO - setup : Browser Launched!
2023-01-10 14:11:14,055 - INFO - <module> : Go to Outages & Incidents > Report Streetlight And Safety Concerns
2023-01-10 14:11:14,055 - INFO - <module> : Go to Outages & Incidents > Report Streetlight And Safety Concerns
2023-01-10 14:11:14,055 - INFO - <module> : Go to Outages & Incidents > Report Streetlight And Safety Concerns
2023-01-10 14:11:14,055 - INFO - <module> : Go to Outages & Incidents > Report Streetlight And Safety Concerns
2023-01-10 14:11:14,055 - INFO - <module> : Go to Outages & Incidents > Report Streetlight And Safety Concerns
2023-01-10 14:11:23,478 - INFO - <module> : Opened: https://fuat-meralco.cs73.force.com/customers/s/outagemap
2023-01-10 14:11:23,478 - INFO - <module> : Opened: https://fuat-meralco.cs73.force.com/customers/s/outagemap
2023-01-10 14:11:23,478 - INFO - <module> : Opened: https://fuat-meralco.cs73.force.com/customers/s/outagemap
2023-01-10 14:11:23,478 - INFO - <module> : Opened: https://fuat-meralco.cs73.force.com/customers/s/outagemap
2023-01-10 14:11:23,478 - INFO - <module> : Opened: https://fuat-meralco.cs73.force.com/customers/s/outagemap
2023-01-10 14:11:29,557 - INFO - <module> : Meralco would like to access your location to identify if your area is affected by an outage. exists
2023-01-10 14:11:29,557 - INFO - <module> : Meralco would like to access your location to identify if your area is affected by an outage. exists
2023-01-10 14:11:29,557 - INFO - <module> : Meralco would like to access your location to identify if your area is affected by an outage. exists
2023-01-10 14:11:29,557 - INFO - <module> : Meralco would like to access your location to identify if your area is affected by an outage. exists
2023-01-10 14:11:29,557 - INFO - <module> : Meralco would like to access your location to identify if your area is affected by an outage. exists
2023-01-10 14:11:31,666 - INFO - <module> : Clicked
2023-01-10 14:11:31,666 - INFO - <module> : Clicked
2023-01-10 14:11:31,666 - INFO - <module> : Clicked
2023-01-10 14:11:31,666 - INFO - <module> : Clicked
2023-01-10 14:11:31,666 - INFO - <module> : Clicked
2023-01-10 14:11:35,773 - INFO - <module> : Clicked
2023-01-10 14:11:35,773 - INFO - <module> : Clicked
2023-01-10 14:11:35,773 - INFO - <module> : Clicked
2023-01-10 14:11:35,773 - INFO - <module> : Clicked
2023-01-10 14:11:35,773 - INFO - <module> : Clicked
2023-01-10 14:11:46,306 - INFO - <module> : Report an Outage or Incident exists
2023-01-10 14:11:46,306 - INFO - <module> : Report an Outage or Incident exists
2023-01-10 14:11:46,306 - INFO - <module> : Report an Outage or Incident exists
2023-01-10 14:11:46,306 - INFO - <module> : Report an Outage or Incident exists
2023-01-10 14:11:46,306 - INFO - <module> : Report an Outage or Incident exists
2023-01-10 14:11:46,409 - INFO - <module> : Clicked
2023-01-10 14:11:46,409 - INFO - <module> : Clicked
2023-01-10 14:11:46,409 - INFO - <module> : Clicked
2023-01-10 14:11:46,409 - INFO - <module> : Clicked
2023-01-10 14:11:46,409 - INFO - <module> : Clicked
2023-01-10 14:11:49,546 - INFO - <module> : Populate required fields > click Submit
2023-01-10 14:11:49,546 - INFO - <module> : Populate required fields > click Submit
2023-01-10 14:11:49,546 - INFO - <module> : Populate required fields > click Submit
2023-01-10 14:11:49,546 - INFO - <module> : Populate required fields > click Submit
2023-01-10 14:11:49,546 - INFO - <module> : Populate required fields > click Submit
2023-01-10 14:11:49,642 - INFO - <module> : Clicked
2023-01-10 14:11:49,642 - INFO - <module> : Clicked
2023-01-10 14:11:49,642 - INFO - <module> : Clicked
2023-01-10 14:11:49,642 - INFO - <module> : Clicked
2023-01-10 14:11:49,642 - INFO - <module> : Clicked
2023-01-10 14:11:49,692 - INFO - <module> : Clicked
2023-01-10 14:11:49,692 - INFO - <module> : Clicked
2023-01-10 14:11:49,692 - INFO - <module> : Clicked
2023-01-10 14:11:49,692 - INFO - <module> : Clicked
2023-01-10 14:11:49,692 - INFO - <module> : Clicked
2023-01-10 14:11:50,788 - INFO - <module> : Clicked
2023-01-10 14:11:50,788 - INFO - <module> : Clicked
2023-01-10 14:11:50,788 - INFO - <module> : Clicked
2023-01-10 14:11:50,788 - INFO - <module> : Clicked
2023-01-10 14:11:50,788 - INFO - <module> : Clicked
2023-01-10 14:11:51,877 - INFO - <module> : Clicked
2023-01-10 14:11:51,877 - INFO - <module> : Clicked
2023-01-10 14:11:51,877 - INFO - <module> : Clicked
2023-01-10 14:11:51,877 - INFO - <module> : Clicked
2023-01-10 14:11:51,877 - INFO - <module> : Clicked
2023-01-10 14:11:52,460 - INFO - <module> : Clicked
2023-01-10 14:11:52,460 - INFO - <module> : Clicked
2023-01-10 14:11:52,460 - INFO - <module> : Clicked
2023-01-10 14:11:52,460 - INFO - <module> : Clicked
2023-01-10 14:11:52,460 - INFO - <module> : Clicked
2023-01-10 14:11:53,027 - INFO - <module> : Clicked
2023-01-10 14:11:53,027 - INFO - <module> : Clicked
2023-01-10 14:11:53,027 - INFO - <module> : Clicked
2023-01-10 14:11:53,027 - INFO - <module> : Clicked
2023-01-10 14:11:53,027 - INFO - <module> : Clicked
2023-01-10 14:11:53,120 - INFO - <module> : input: 123
2023-01-10 14:11:53,120 - INFO - <module> : input: 123
2023-01-10 14:11:53,120 - INFO - <module> : input: 123
2023-01-10 14:11:53,120 - INFO - <module> : input: 123
2023-01-10 14:11:53,120 - INFO - <module> : input: 123
2023-01-10 14:11:53,183 - INFO - <module> : Clicked
2023-01-10 14:11:53,183 - INFO - <module> : Clicked
2023-01-10 14:11:53,183 - INFO - <module> : Clicked
2023-01-10 14:11:53,183 - INFO - <module> : Clicked
2023-01-10 14:11:53,183 - INFO - <module> : Clicked
2023-01-10 14:11:53,231 - INFO - <module> : Clicked
2023-01-10 14:11:53,231 - INFO - <module> : Clicked
2023-01-10 14:11:53,231 - INFO - <module> : Clicked
2023-01-10 14:11:53,231 - INFO - <module> : Clicked
2023-01-10 14:11:53,231 - INFO - <module> : Clicked
2023-01-10 14:11:53,412 - INFO - <module> : input: Sample Text
2023-01-10 14:11:53,412 - INFO - <module> : input: Sample Text
2023-01-10 14:11:53,412 - INFO - <module> : input: Sample Text
2023-01-10 14:11:53,412 - INFO - <module> : input: Sample Text
2023-01-10 14:11:53,412 - INFO - <module> : input: Sample Text
2023-01-10 14:11:53,496 - INFO - <module> : input: sample
2023-01-10 14:11:53,496 - INFO - <module> : input: sample
2023-01-10 14:11:53,496 - INFO - <module> : input: sample
2023-01-10 14:11:53,496 - INFO - <module> : input: sample
2023-01-10 14:11:53,496 - INFO - <module> : input: sample
2023-01-10 14:11:53,568 - INFO - <module> : input: middle
2023-01-10 14:11:53,568 - INFO - <module> : input: middle
2023-01-10 14:11:53,568 - INFO - <module> : input: middle
2023-01-10 14:11:53,568 - INFO - <module> : input: middle
2023-01-10 14:11:53,568 - INFO - <module> : input: middle
2023-01-10 14:11:53,645 - INFO - <module> : input: report
2023-01-10 14:11:53,645 - INFO - <module> : input: report
2023-01-10 14:11:53,645 - INFO - <module> : input: report
2023-01-10 14:11:53,645 - INFO - <module> : input: report
2023-01-10 14:11:53,645 - INFO - <module> : input: report
2023-01-10 14:11:53,739 - INFO - <module> : input: +639276597262
2023-01-10 14:11:53,739 - INFO - <module> : input: +639276597262
2023-01-10 14:11:53,739 - INFO - <module> : input: +639276597262
2023-01-10 14:11:53,739 - INFO - <module> : input: +639276597262
2023-01-10 14:11:53,739 - INFO - <module> : input: +639276597262
2023-01-10 14:11:53,813 - INFO - <module> : input: 
2023-01-10 14:11:53,813 - INFO - <module> : input: 
2023-01-10 14:11:53,813 - INFO - <module> : input: 
2023-01-10 14:11:53,813 - INFO - <module> : input: 
2023-01-10 14:11:53,813 - INFO - <module> : input: 
2023-01-10 14:11:53,914 - INFO - <module> : input: testautomationoutage@yopmail.com
2023-01-10 14:11:53,914 - INFO - <module> : input: testautomationoutage@yopmail.com
2023-01-10 14:11:53,914 - INFO - <module> : input: testautomationoutage@yopmail.com
2023-01-10 14:11:53,914 - INFO - <module> : input: testautomationoutage@yopmail.com
2023-01-10 14:11:53,914 - INFO - <module> : input: testautomationoutage@yopmail.com
2023-01-10 14:11:53,965 - INFO - <module> : Clicked
2023-01-10 14:11:53,965 - INFO - <module> : Clicked
2023-01-10 14:11:53,965 - INFO - <module> : Clicked
2023-01-10 14:11:53,965 - INFO - <module> : Clicked
2023-01-10 14:11:53,965 - INFO - <module> : Clicked
2023-01-10 14:11:54,017 - INFO - <module> : Clicked
2023-01-10 14:11:54,017 - INFO - <module> : Clicked
2023-01-10 14:11:54,017 - INFO - <module> : Clicked
2023-01-10 14:11:54,017 - INFO - <module> : Clicked
2023-01-10 14:11:54,017 - INFO - <module> : Clicked
2023-01-10 14:11:54,089 - INFO - <module> : Clicked
2023-01-10 14:11:54,089 - INFO - <module> : Clicked
2023-01-10 14:11:54,089 - INFO - <module> : Clicked
2023-01-10 14:11:54,089 - INFO - <module> : Clicked
2023-01-10 14:11:54,089 - INFO - <module> : Clicked
2023-01-10 14:11:56,398 - INFO - <module> : Clicked
2023-01-10 14:11:56,398 - INFO - <module> : Clicked
2023-01-10 14:11:56,398 - INFO - <module> : Clicked
2023-01-10 14:11:56,398 - INFO - <module> : Clicked
2023-01-10 14:11:56,398 - INFO - <module> : Clicked
2023-01-10 14:12:04,720 - INFO - setup : Close Browser
