2022-11-28 12:28:25,295 - INFO - setup : Browser Launched!
2022-11-28 12:28:29,958 - INFO - <module> : Go to Registration page
2022-11-28 12:28:29,958 - INFO - <module> : Go to Registration page
2022-11-28 12:28:29,958 - INFO - <module> : Go to Registration page
2022-11-28 12:28:31,151 - INFO - <module> : Opened: https://fuat-meralco.cs73.force.com/customers/s/splash
2022-11-28 12:28:31,151 - INFO - <module> : Opened: https://fuat-meralco.cs73.force.com/customers/s/splash
2022-11-28 12:28:31,151 - INFO - <module> : Opened: https://fuat-meralco.cs73.force.com/customers/s/splash
2022-11-28 12:28:31,759 - INFO - <module> : Clicked
2022-11-28 12:28:31,759 - INFO - <module> : Clicked
2022-11-28 12:28:31,759 - INFO - <module> : Clicked
2022-11-28 12:28:32,399 - INFO - <module> : Create a New Account exists
2022-11-28 12:28:32,399 - INFO - <module> : Create a New Account exists
2022-11-28 12:28:32,399 - INFO - <module> : Create a New Account exists
2022-11-28 12:28:35,078 - INFO - <module> : Populate the following field:
- Email
- First Name
- Middle Name (optional)
- Last Name
- Mobile Number
Customer Account Number
- Total kWh
- Bill Date

Note: Customer's name should be different from Contract's Account Name 
2022-11-28 12:28:35,078 - INFO - <module> : Populate the following field:
- Email
- First Name
- Middle Name (optional)
- Last Name
- Mobile Number
Customer Account Number
- Total kWh
- Bill Date

Note: Customer's name should be different from Contract's Account Name 
2022-11-28 12:28:35,078 - INFO - <module> : Populate the following field:
- Email
- First Name
- Middle Name (optional)
- Last Name
- Mobile Number
Customer Account Number
- Total kWh
- Bill Date

Note: Customer's name should be different from Contract's Account Name 
2022-11-28 12:28:35,197 - INFO - <module> : input: nonpaysingleservice@yopmail.com
2022-11-28 12:28:35,197 - INFO - <module> : input: nonpaysingleservice@yopmail.com
2022-11-28 12:28:35,197 - INFO - <module> : input: nonpaysingleservice@yopmail.com
2022-11-28 12:28:35,281 - INFO - <module> : input: Non Pay
2022-11-28 12:28:35,281 - INFO - <module> : input: Non Pay
2022-11-28 12:28:35,281 - INFO - <module> : input: Non Pay
2022-11-28 12:28:35,336 - INFO - <module> : input: TS
2022-11-28 12:28:35,336 - INFO - <module> : input: TS
2022-11-28 12:28:35,336 - INFO - <module> : input: TS
2022-11-28 12:28:35,398 - INFO - <module> : input: 9273437214
2022-11-28 12:28:35,398 - INFO - <module> : input: 9273437214
2022-11-28 12:28:35,398 - INFO - <module> : input: 9273437214
2022-11-28 12:28:35,468 - INFO - <module> : input: 3534823912
2022-11-28 12:28:35,468 - INFO - <module> : input: 3534823912
2022-11-28 12:28:35,468 - INFO - <module> : input: 3534823912
2022-11-28 12:28:35,523 - INFO - <module> : input: 224
2022-11-28 12:28:35,523 - INFO - <module> : input: 224
2022-11-28 12:28:35,523 - INFO - <module> : input: 224
2022-11-28 12:28:35,617 - INFO - <module> : input: 08/02/2022
2022-11-28 12:28:35,617 - INFO - <module> : input: 08/02/2022
2022-11-28 12:28:35,617 - INFO - <module> : input: 08/02/2022
2022-11-28 12:28:38,216 - INFO - <module> : Tick on Meralco Online Terms & Conditions > Click Register
2022-11-28 12:28:38,216 - INFO - <module> : Tick on Meralco Online Terms & Conditions > Click Register
2022-11-28 12:28:38,216 - INFO - <module> : Tick on Meralco Online Terms & Conditions > Click Register
2022-11-28 12:28:38,321 - INFO - <module> : Clicked
2022-11-28 12:28:38,321 - INFO - <module> : Clicked
2022-11-28 12:28:38,321 - INFO - <module> : Clicked
2022-11-28 12:28:40,815 - INFO - <module> : Clicked
2022-11-28 12:28:40,815 - INFO - <module> : Clicked
2022-11-28 12:28:40,815 - INFO - <module> : Clicked
2022-11-28 12:28:43,254 - INFO - <module> : Clicked
2022-11-28 12:28:43,254 - INFO - <module> : Clicked
2022-11-28 12:28:43,254 - INFO - <module> : Clicked
2022-11-28 12:28:43,282 - INFO - <module> : Clicked
2022-11-28 12:28:43,282 - INFO - <module> : Clicked
2022-11-28 12:28:43,282 - INFO - <module> : Clicked
2022-11-28 12:29:43,751 - ERROR - <module> : Cannot Locate: confirmation_success
2022-11-28 12:29:43,751 - ERROR - <module> : Cannot Locate: confirmation_success
2022-11-28 12:29:43,751 - ERROR - <module> : Cannot Locate: confirmation_success
2022-11-28 12:29:43,819 - INFO - setup : Close Browser
