2022-12-22 12:13:24,699 - INFO - setup : Browser Launched!
2022-12-22 12:14:04,004 - INFO - <module> : Login to Meralco Online
2022-12-22 12:14:04,004 - INFO - <module> : Login to Meralco Online
2022-12-22 12:14:04,004 - INFO - <module> : Login to Meralco Online
2022-12-22 12:14:04,004 - INFO - <module> : Login to Meralco Online
2022-12-22 12:14:07,696 - INFO - <module> : input: ATNewSAMObiz@yopmail.com
2022-12-22 12:14:07,696 - INFO - <module> : input: ATNewSAMObiz@yopmail.com
2022-12-22 12:14:07,696 - INFO - <module> : input: ATNewSAMObiz@yopmail.com
2022-12-22 12:14:07,696 - INFO - <module> : input: ATNewSAMObiz@yopmail.com
2022-12-22 12:14:08,119 - INFO - <module> : input: Meralco01
2022-12-22 12:14:08,119 - INFO - <module> : input: Meralco01
2022-12-22 12:14:08,119 - INFO - <module> : input: Meralco01
2022-12-22 12:14:08,119 - INFO - <module> : input: Meralco01
2022-12-22 12:14:09,072 - INFO - <module> : Clicked
2022-12-22 12:14:09,072 - INFO - <module> : Clicked
2022-12-22 12:14:09,072 - INFO - <module> : Clicked
2022-12-22 12:14:09,072 - INFO - <module> : Clicked
2022-12-22 12:14:16,587 - INFO - <module> : Hello, Atnew exists
2022-12-22 12:14:16,587 - INFO - <module> : Hello, Atnew exists
2022-12-22 12:14:16,587 - INFO - <module> : Hello, Atnew exists
2022-12-22 12:14:16,587 - INFO - <module> : Hello, Atnew exists
2022-12-22 12:14:29,482 - INFO - <module> : Go to Accounts> Manage Accounts
2022-12-22 12:14:29,482 - INFO - <module> : Go to Accounts> Manage Accounts
2022-12-22 12:14:29,482 - INFO - <module> : Go to Accounts> Manage Accounts
2022-12-22 12:14:29,482 - INFO - <module> : Go to Accounts> Manage Accounts
2022-12-22 12:14:29,605 - INFO - <module> : Accounts clicked
2022-12-22 12:14:29,605 - INFO - <module> : Accounts clicked
2022-12-22 12:14:29,605 - INFO - <module> : Accounts clicked
2022-12-22 12:14:29,605 - INFO - <module> : Accounts clicked
2022-12-22 12:14:29,799 - INFO - <module> :  clicked
2022-12-22 12:14:29,799 - INFO - <module> :  clicked
2022-12-22 12:14:29,799 - INFO - <module> :  clicked
2022-12-22 12:14:29,799 - INFO - <module> :  clicked
2022-12-22 12:14:37,763 - INFO - <module> : Search then Select Account > Click Reactivate Electric Service button
2022-12-22 12:14:37,763 - INFO - <module> : Search then Select Account > Click Reactivate Electric Service button
2022-12-22 12:14:37,763 - INFO - <module> : Search then Select Account > Click Reactivate Electric Service button
2022-12-22 12:14:37,763 - INFO - <module> : Search then Select Account > Click Reactivate Electric Service button
2022-12-22 12:14:38,376 - INFO - <module> : Clicked
2022-12-22 12:14:38,376 - INFO - <module> : Clicked
2022-12-22 12:14:38,376 - INFO - <module> : Clicked
2022-12-22 12:14:38,376 - INFO - <module> : Clicked
2022-12-22 12:14:46,904 - INFO - <module> : Clicked
2022-12-22 12:14:46,904 - INFO - <module> : Clicked
2022-12-22 12:14:46,904 - INFO - <module> : Clicked
2022-12-22 12:14:46,904 - INFO - <module> : Clicked
2022-12-22 12:14:52,465 - INFO - <module> : Populate the following:
SIN
First Name
Middle Name (Optional)
Last Name
Email Address
Mobile Number (optional)
Landline (optional)
Birthday (optional)
Representative indicator
Click Next
2022-12-22 12:14:52,465 - INFO - <module> : Populate the following:
SIN
First Name
Middle Name (Optional)
Last Name
Email Address
Mobile Number (optional)
Landline (optional)
Birthday (optional)
Representative indicator
Click Next
2022-12-22 12:14:52,465 - INFO - <module> : Populate the following:
SIN
First Name
Middle Name (Optional)
Last Name
Email Address
Mobile Number (optional)
Landline (optional)
Birthday (optional)
Representative indicator
Click Next
2022-12-22 12:14:52,465 - INFO - <module> : Populate the following:
SIN
First Name
Middle Name (Optional)
Last Name
Email Address
Mobile Number (optional)
Landline (optional)
Birthday (optional)
Representative indicator
Click Next
2022-12-22 12:14:55,893 - INFO - <module> : Clicked
2022-12-22 12:14:55,893 - INFO - <module> : Clicked
2022-12-22 12:14:55,893 - INFO - <module> : Clicked
2022-12-22 12:14:55,893 - INFO - <module> : Clicked
2022-12-22 12:15:01,474 - INFO - <module> : Populate the following:
Service Address
Province
City / Municipality
Home Ownership
Billing Address Indicator
2022-12-22 12:15:01,474 - INFO - <module> : Populate the following:
Service Address
Province
City / Municipality
Home Ownership
Billing Address Indicator
2022-12-22 12:15:01,474 - INFO - <module> : Populate the following:
Service Address
Province
City / Municipality
Home Ownership
Billing Address Indicator
2022-12-22 12:15:01,474 - INFO - <module> : Populate the following:
Service Address
Province
City / Municipality
Home Ownership
Billing Address Indicator
2022-12-22 12:15:07,395 - INFO - <module> : Clicked
2022-12-22 12:15:07,395 - INFO - <module> : Clicked
2022-12-22 12:15:07,395 - INFO - <module> : Clicked
2022-12-22 12:15:07,395 - INFO - <module> : Clicked
2022-12-22 12:15:13,054 - INFO - <module> : Populate the following:
Notification indicator
AMC indicator
Paperless Billing indicator
APA indicator
> Attach documents
> Click Next
2022-12-22 12:15:13,054 - INFO - <module> : Populate the following:
Notification indicator
AMC indicator
Paperless Billing indicator
APA indicator
> Attach documents
> Click Next
2022-12-22 12:15:13,054 - INFO - <module> : Populate the following:
Notification indicator
AMC indicator
Paperless Billing indicator
APA indicator
> Attach documents
> Click Next
2022-12-22 12:15:13,054 - INFO - <module> : Populate the following:
Notification indicator
AMC indicator
Paperless Billing indicator
APA indicator
> Attach documents
> Click Next
2022-12-22 12:15:14,196 - INFO - <module> : Clicked
2022-12-22 12:15:14,196 - INFO - <module> : Clicked
2022-12-22 12:15:14,196 - INFO - <module> : Clicked
2022-12-22 12:15:14,196 - INFO - <module> : Clicked
2022-12-22 12:15:22,168 - INFO - <module> : Tick on I have read and agree to the Meralco Online Terms & Conditions and consent to the processing of my personal data in accordance with the Privacy Policy
2022-12-22 12:15:22,168 - INFO - <module> : Tick on I have read and agree to the Meralco Online Terms & Conditions and consent to the processing of my personal data in accordance with the Privacy Policy
2022-12-22 12:15:22,168 - INFO - <module> : Tick on I have read and agree to the Meralco Online Terms & Conditions and consent to the processing of my personal data in accordance with the Privacy Policy
2022-12-22 12:15:22,168 - INFO - <module> : Tick on I have read and agree to the Meralco Online Terms & Conditions and consent to the processing of my personal data in accordance with the Privacy Policy
2022-12-22 12:15:35,962 - INFO - setup : Close Browser
