2022-10-20 10:06:07,518 - INFO - setup : Browser Launched!
2022-10-20 10:06:21,096 - INFO - <module> : Access outage reporting form for Guest users.
2022-10-20 10:06:21,096 - INFO - <module> : Access outage reporting form for Guest users.
2022-10-20 10:06:21,096 - INFO - <module> : Access outage reporting form for Guest users.
2022-10-20 10:06:21,096 - INFO - <module> : Access outage reporting form for Guest users.
2022-10-20 10:06:26,103 - INFO - <module> : Opened: https://fuat-meralco.cs73.force.com/customers/s/outagemap
2022-10-20 10:06:26,103 - INFO - <module> : Opened: https://fuat-meralco.cs73.force.com/customers/s/outagemap
2022-10-20 10:06:26,103 - INFO - <module> : Opened: https://fuat-meralco.cs73.force.com/customers/s/outagemap
2022-10-20 10:06:26,103 - INFO - <module> : Opened: https://fuat-meralco.cs73.force.com/customers/s/outagemap
2022-10-20 10:06:46,239 - INFO - <module> : Meralco would like to access your location to identify if your area is affected by an outage. exists
2022-10-20 10:06:46,239 - INFO - <module> : Meralco would like to access your location to identify if your area is affected by an outage. exists
2022-10-20 10:06:46,239 - INFO - <module> : Meralco would like to access your location to identify if your area is affected by an outage. exists
2022-10-20 10:06:46,239 - INFO - <module> : Meralco would like to access your location to identify if your area is affected by an outage. exists
2022-10-20 10:06:48,326 - INFO - <module> : Clicked
2022-10-20 10:06:48,326 - INFO - <module> : Clicked
2022-10-20 10:06:48,326 - INFO - <module> : Clicked
2022-10-20 10:06:48,326 - INFO - <module> : Clicked
2022-10-20 10:06:52,397 - INFO - <module> : Clicked
2022-10-20 10:06:52,397 - INFO - <module> : Clicked
2022-10-20 10:06:52,397 - INFO - <module> : Clicked
2022-10-20 10:06:52,397 - INFO - <module> : Clicked
2022-10-20 10:07:00,462 - INFO - <module> : Report an Outage or Incident exists
2022-10-20 10:07:00,462 - INFO - <module> : Report an Outage or Incident exists
2022-10-20 10:07:00,462 - INFO - <module> : Report an Outage or Incident exists
2022-10-20 10:07:00,462 - INFO - <module> : Report an Outage or Incident exists
2022-10-20 10:07:03,320 - INFO - <module> : Choose 'Streetlight Concern' from the 'What are you reporting?' option.
2022-10-20 10:07:03,320 - INFO - <module> : Choose 'Streetlight Concern' from the 'What are you reporting?' option.
2022-10-20 10:07:03,320 - INFO - <module> : Choose 'Streetlight Concern' from the 'What are you reporting?' option.
2022-10-20 10:07:03,320 - INFO - <module> : Choose 'Streetlight Concern' from the 'What are you reporting?' option.
2022-10-20 10:07:03,405 - INFO - <module> : Clicked
2022-10-20 10:07:03,405 - INFO - <module> : Clicked
2022-10-20 10:07:03,405 - INFO - <module> : Clicked
2022-10-20 10:07:03,405 - INFO - <module> : Clicked
2022-10-20 10:07:06,296 - INFO - <module> : Choose 'Yes' from the options.
2022-10-20 10:07:06,296 - INFO - <module> : Choose 'Yes' from the options.
2022-10-20 10:07:06,296 - INFO - <module> : Choose 'Yes' from the options.
2022-10-20 10:07:06,296 - INFO - <module> : Choose 'Yes' from the options.
2022-10-20 10:07:06,369 - INFO - <module> : Clicked
2022-10-20 10:07:06,369 - INFO - <module> : Clicked
2022-10-20 10:07:06,369 - INFO - <module> : Clicked
2022-10-20 10:07:06,369 - INFO - <module> : Clicked
2022-10-20 10:07:09,373 - INFO - <module> : Click the dropdown field for Q2.
2022-10-20 10:07:09,373 - INFO - <module> : Click the dropdown field for Q2.
2022-10-20 10:07:09,373 - INFO - <module> : Click the dropdown field for Q2.
2022-10-20 10:07:09,373 - INFO - <module> : Click the dropdown field for Q2.
2022-10-20 10:07:09,474 - INFO - <module> : Clicked
2022-10-20 10:07:09,474 - INFO - <module> : Clicked
2022-10-20 10:07:09,474 - INFO - <module> : Clicked
2022-10-20 10:07:09,474 - INFO - <module> : Clicked
2022-10-20 10:07:12,361 - INFO - <module> : Choose 'Streetlight is always on, even during daytime' from the option.
2022-10-20 10:07:12,361 - INFO - <module> : Choose 'Streetlight is always on, even during daytime' from the option.
2022-10-20 10:07:12,361 - INFO - <module> : Choose 'Streetlight is always on, even during daytime' from the option.
2022-10-20 10:07:12,361 - INFO - <module> : Choose 'Streetlight is always on, even during daytime' from the option.
2022-10-20 10:07:12,441 - INFO - <module> : Clicked
2022-10-20 10:07:12,441 - INFO - <module> : Clicked
2022-10-20 10:07:12,441 - INFO - <module> : Clicked
2022-10-20 10:07:12,441 - INFO - <module> : Clicked
2022-10-20 10:07:15,366 - INFO - <module> : Populate the following fields by selecting from one of the picklist values, as applicable:
- Province
- City/Municipality
- Barangay
- Subdivision
- Street
- House/Unit No./ Floor/ Building
2022-10-20 10:07:15,366 - INFO - <module> : Populate the following fields by selecting from one of the picklist values, as applicable:
- Province
- City/Municipality
- Barangay
- Subdivision
- Street
- House/Unit No./ Floor/ Building
2022-10-20 10:07:15,366 - INFO - <module> : Populate the following fields by selecting from one of the picklist values, as applicable:
- Province
- City/Municipality
- Barangay
- Subdivision
- Street
- House/Unit No./ Floor/ Building
2022-10-20 10:07:15,366 - INFO - <module> : Populate the following fields by selecting from one of the picklist values, as applicable:
- Province
- City/Municipality
- Barangay
- Subdivision
- Street
- House/Unit No./ Floor/ Building
2022-10-20 10:07:15,472 - INFO - <module> : Clicked
2022-10-20 10:07:15,472 - INFO - <module> : Clicked
2022-10-20 10:07:15,472 - INFO - <module> : Clicked
2022-10-20 10:07:15,472 - INFO - <module> : Clicked
2022-10-20 10:07:16,544 - INFO - <module> : Clicked
2022-10-20 10:07:16,544 - INFO - <module> : Clicked
2022-10-20 10:07:16,544 - INFO - <module> : Clicked
2022-10-20 10:07:16,544 - INFO - <module> : Clicked
2022-10-20 10:07:17,104 - INFO - <module> : Clicked
2022-10-20 10:07:17,104 - INFO - <module> : Clicked
2022-10-20 10:07:17,104 - INFO - <module> : Clicked
2022-10-20 10:07:17,104 - INFO - <module> : Clicked
2022-10-20 10:07:17,682 - INFO - <module> : Clicked
2022-10-20 10:07:17,682 - INFO - <module> : Clicked
2022-10-20 10:07:17,682 - INFO - <module> : Clicked
2022-10-20 10:07:17,682 - INFO - <module> : Clicked
2022-10-20 10:07:18,246 - INFO - <module> : Clicked
2022-10-20 10:07:18,246 - INFO - <module> : Clicked
2022-10-20 10:07:18,246 - INFO - <module> : Clicked
2022-10-20 10:07:18,246 - INFO - <module> : Clicked
2022-10-20 10:07:18,330 - INFO - <module> : input: 123
2022-10-20 10:07:18,330 - INFO - <module> : input: 123
2022-10-20 10:07:18,330 - INFO - <module> : input: 123
2022-10-20 10:07:18,330 - INFO - <module> : input: 123
2022-10-20 10:07:21,338 - INFO - <module> : Populate 'Pole Number' field.
Note: There should be no pending case associated to the encoded Pole Number.
2022-10-20 10:07:21,338 - INFO - <module> : Populate 'Pole Number' field.
Note: There should be no pending case associated to the encoded Pole Number.
2022-10-20 10:07:21,338 - INFO - <module> : Populate 'Pole Number' field.
Note: There should be no pending case associated to the encoded Pole Number.
2022-10-20 10:07:21,338 - INFO - <module> : Populate 'Pole Number' field.
Note: There should be no pending case associated to the encoded Pole Number.
2022-10-20 10:07:21,471 - INFO - <module> : input: 27
2022-10-20 10:07:21,471 - INFO - <module> : input: 27
2022-10-20 10:07:21,471 - INFO - <module> : input: 27
2022-10-20 10:07:21,471 - INFO - <module> : input: 27
2022-10-20 10:07:24,484 - INFO - <module> : Select the 'Landmarks/Directions' option and input values in the text box.
2022-10-20 10:07:24,484 - INFO - <module> : Select the 'Landmarks/Directions' option and input values in the text box.
2022-10-20 10:07:24,484 - INFO - <module> : Select the 'Landmarks/Directions' option and input values in the text box.
2022-10-20 10:07:24,484 - INFO - <module> : Select the 'Landmarks/Directions' option and input values in the text box.
2022-10-20 10:07:24,587 - INFO - <module> : Clicked
2022-10-20 10:07:24,587 - INFO - <module> : Clicked
2022-10-20 10:07:24,587 - INFO - <module> : Clicked
2022-10-20 10:07:24,587 - INFO - <module> : Clicked
2022-10-20 10:07:25,068 - INFO - <module> : Clicked
2022-10-20 10:07:25,068 - INFO - <module> : Clicked
2022-10-20 10:07:25,068 - INFO - <module> : Clicked
2022-10-20 10:07:25,068 - INFO - <module> : Clicked
2022-10-20 10:07:25,174 - INFO - <module> : input: Sample Text
2022-10-20 10:07:25,174 - INFO - <module> : input: Sample Text
2022-10-20 10:07:25,174 - INFO - <module> : input: Sample Text
2022-10-20 10:07:25,174 - INFO - <module> : input: Sample Text
2022-10-20 10:07:33,058 - INFO - <module> : Populate the following fields:
a) First Name
b) Middle Name
c) Last Name
d) Mobile Number
e) Landline
f) Email
2022-10-20 10:07:33,058 - INFO - <module> : Populate the following fields:
a) First Name
b) Middle Name
c) Last Name
d) Mobile Number
e) Landline
f) Email
2022-10-20 10:07:33,058 - INFO - <module> : Populate the following fields:
a) First Name
b) Middle Name
c) Last Name
d) Mobile Number
e) Landline
f) Email
2022-10-20 10:07:33,058 - INFO - <module> : Populate the following fields:
a) First Name
b) Middle Name
c) Last Name
d) Mobile Number
e) Landline
f) Email
2022-10-20 10:07:33,183 - INFO - <module> : input: sample
2022-10-20 10:07:33,183 - INFO - <module> : input: sample
2022-10-20 10:07:33,183 - INFO - <module> : input: sample
2022-10-20 10:07:33,183 - INFO - <module> : input: sample
2022-10-20 10:07:33,262 - INFO - <module> : input: middle
2022-10-20 10:07:33,262 - INFO - <module> : input: middle
2022-10-20 10:07:33,262 - INFO - <module> : input: middle
2022-10-20 10:07:33,262 - INFO - <module> : input: middle
2022-10-20 10:07:33,326 - INFO - <module> : input: report
2022-10-20 10:07:33,326 - INFO - <module> : input: report
2022-10-20 10:07:33,326 - INFO - <module> : input: report
2022-10-20 10:07:33,326 - INFO - <module> : input: report
2022-10-20 10:07:33,390 - INFO - <module> : input: +639758880793
2022-10-20 10:07:33,390 - INFO - <module> : input: +639758880793
2022-10-20 10:07:33,390 - INFO - <module> : input: +639758880793
2022-10-20 10:07:33,390 - INFO - <module> : input: +639758880793
2022-10-20 10:07:33,442 - INFO - <module> : input: 
2022-10-20 10:07:33,442 - INFO - <module> : input: 
2022-10-20 10:07:33,442 - INFO - <module> : input: 
2022-10-20 10:07:33,442 - INFO - <module> : input: 
2022-10-20 10:07:33,524 - INFO - <module> : input: testautomationoutage@yopmail.com
2022-10-20 10:07:33,524 - INFO - <module> : input: testautomationoutage@yopmail.com
2022-10-20 10:07:33,524 - INFO - <module> : input: testautomationoutage@yopmail.com
2022-10-20 10:07:33,524 - INFO - <module> : input: testautomationoutage@yopmail.com
2022-10-20 10:07:36,502 - INFO - <module> : Verify if 'Yes' is selected from the options under 'Do you want to receive updates related to this report?'
2022-10-20 10:07:36,502 - INFO - <module> : Verify if 'Yes' is selected from the options under 'Do you want to receive updates related to this report?'
2022-10-20 10:07:36,502 - INFO - <module> : Verify if 'Yes' is selected from the options under 'Do you want to receive updates related to this report?'
2022-10-20 10:07:36,502 - INFO - <module> : Verify if 'Yes' is selected from the options under 'Do you want to receive updates related to this report?'
2022-10-20 10:07:39,590 - INFO - <module> : Select SMS and Email as preferred Case Notification Channel.
Note: Ensure that 'Email' field has valid value if Email has been selected as preferred Case Notification Channel.
2022-10-20 10:07:39,590 - INFO - <module> : Select SMS and Email as preferred Case Notification Channel.
Note: Ensure that 'Email' field has valid value if Email has been selected as preferred Case Notification Channel.
2022-10-20 10:07:39,590 - INFO - <module> : Select SMS and Email as preferred Case Notification Channel.
Note: Ensure that 'Email' field has valid value if Email has been selected as preferred Case Notification Channel.
2022-10-20 10:07:39,590 - INFO - <module> : Select SMS and Email as preferred Case Notification Channel.
Note: Ensure that 'Email' field has valid value if Email has been selected as preferred Case Notification Channel.
2022-10-20 10:07:39,684 - INFO - <module> : Clicked
2022-10-20 10:07:39,684 - INFO - <module> : Clicked
2022-10-20 10:07:39,684 - INFO - <module> : Clicked
2022-10-20 10:07:39,684 - INFO - <module> : Clicked
2022-10-20 10:07:39,740 - INFO - <module> : Clicked
2022-10-20 10:07:39,740 - INFO - <module> : Clicked
2022-10-20 10:07:39,740 - INFO - <module> : Clicked
2022-10-20 10:07:39,740 - INFO - <module> : Clicked
2022-10-20 10:07:42,694 - INFO - <module> : Select the checkbox for:
I have read and agree to the Meralco Online Terms & Conditions and consent to the processing of my personal data in accordance with the Privacy Policy.
2022-10-20 10:07:42,694 - INFO - <module> : Select the checkbox for:
I have read and agree to the Meralco Online Terms & Conditions and consent to the processing of my personal data in accordance with the Privacy Policy.
2022-10-20 10:07:42,694 - INFO - <module> : Select the checkbox for:
I have read and agree to the Meralco Online Terms & Conditions and consent to the processing of my personal data in accordance with the Privacy Policy.
2022-10-20 10:07:42,694 - INFO - <module> : Select the checkbox for:
I have read and agree to the Meralco Online Terms & Conditions and consent to the processing of my personal data in accordance with the Privacy Policy.
2022-10-20 10:07:42,800 - INFO - <module> : Clicked
2022-10-20 10:07:42,800 - INFO - <module> : Clicked
2022-10-20 10:07:42,800 - INFO - <module> : Clicked
2022-10-20 10:07:42,800 - INFO - <module> : Clicked
2022-10-20 10:07:45,730 - INFO - <module> : Click ‘Submit’ button.
2022-10-20 10:07:45,730 - INFO - <module> : Click ‘Submit’ button.
2022-10-20 10:07:45,730 - INFO - <module> : Click ‘Submit’ button.
2022-10-20 10:07:45,730 - INFO - <module> : Click ‘Submit’ button.
2022-10-20 10:07:45,838 - INFO - <module> : Clicked
2022-10-20 10:07:45,838 - INFO - <module> : Clicked
2022-10-20 10:07:45,838 - INFO - <module> : Clicked
2022-10-20 10:07:45,838 - INFO - <module> : Clicked
2022-10-20 10:08:03,841 - INFO - <module> : Verify received SMS notification.
2022-10-20 10:08:03,841 - INFO - <module> : Verify received SMS notification.
2022-10-20 10:08:03,841 - INFO - <module> : Verify received SMS notification.
2022-10-20 10:08:03,841 - INFO - <module> : Verify received SMS notification.
2022-10-20 10:08:04,613 - INFO - <module> : Verify received Email notification.
2022-10-20 10:08:04,613 - INFO - <module> : Verify received Email notification.
2022-10-20 10:08:04,613 - INFO - <module> : Verify received Email notification.
2022-10-20 10:08:04,613 - INFO - <module> : Verify received Email notification.
2022-10-20 10:08:08,316 - INFO - <module> : Opened: https://yopmail.com/en/
2022-10-20 10:08:08,316 - INFO - <module> : Opened: https://yopmail.com/en/
2022-10-20 10:08:08,316 - INFO - <module> : Opened: https://yopmail.com/en/
2022-10-20 10:08:08,316 - INFO - <module> : Opened: https://yopmail.com/en/
2022-10-20 10:08:08,465 - INFO - <module> : input: testautomationoutage@yopmail.com
2022-10-20 10:08:08,465 - INFO - <module> : input: testautomationoutage@yopmail.com
2022-10-20 10:08:08,465 - INFO - <module> : input: testautomationoutage@yopmail.com
2022-10-20 10:08:08,465 - INFO - <module> : input: testautomationoutage@yopmail.com
2022-10-20 10:08:10,648 - INFO - <module> : Clicked
2022-10-20 10:08:10,648 - INFO - <module> : Clicked
2022-10-20 10:08:10,648 - INFO - <module> : Clicked
2022-10-20 10:08:10,648 - INFO - <module> : Clicked
2022-10-20 10:08:13,629 - INFO - <module> : Access outage reporting form for Guest users.
2022-10-20 10:08:13,629 - INFO - <module> : Access outage reporting form for Guest users.
2022-10-20 10:08:13,629 - INFO - <module> : Access outage reporting form for Guest users.
2022-10-20 10:08:13,629 - INFO - <module> : Access outage reporting form for Guest users.
2022-10-20 10:08:15,996 - INFO - <module> : Opened: https://fuat-meralco.cs73.force.com/customers/s/outagemap
2022-10-20 10:08:15,996 - INFO - <module> : Opened: https://fuat-meralco.cs73.force.com/customers/s/outagemap
2022-10-20 10:08:15,996 - INFO - <module> : Opened: https://fuat-meralco.cs73.force.com/customers/s/outagemap
2022-10-20 10:08:15,996 - INFO - <module> : Opened: https://fuat-meralco.cs73.force.com/customers/s/outagemap
2022-10-20 10:08:18,884 - INFO - <module> : Meralco would like to access your location to identify if your area is affected by an outage. exists
2022-10-20 10:08:18,884 - INFO - <module> : Meralco would like to access your location to identify if your area is affected by an outage. exists
2022-10-20 10:08:18,884 - INFO - <module> : Meralco would like to access your location to identify if your area is affected by an outage. exists
2022-10-20 10:08:18,884 - INFO - <module> : Meralco would like to access your location to identify if your area is affected by an outage. exists
2022-10-20 10:08:20,963 - INFO - <module> : Clicked
2022-10-20 10:08:20,963 - INFO - <module> : Clicked
2022-10-20 10:08:20,963 - INFO - <module> : Clicked
2022-10-20 10:08:20,963 - INFO - <module> : Clicked
2022-10-20 10:08:25,050 - INFO - <module> : Clicked
2022-10-20 10:08:25,050 - INFO - <module> : Clicked
2022-10-20 10:08:25,050 - INFO - <module> : Clicked
2022-10-20 10:08:25,050 - INFO - <module> : Clicked
2022-10-20 10:08:33,128 - INFO - <module> : Report an Outage or Incident exists
2022-10-20 10:08:33,128 - INFO - <module> : Report an Outage or Incident exists
2022-10-20 10:08:33,128 - INFO - <module> : Report an Outage or Incident exists
2022-10-20 10:08:33,128 - INFO - <module> : Report an Outage or Incident exists
2022-10-20 10:08:36,144 - INFO - <module> : Choose 'Streetlight Concern' from the 'What are you reporting?' option.
2022-10-20 10:08:36,144 - INFO - <module> : Choose 'Streetlight Concern' from the 'What are you reporting?' option.
2022-10-20 10:08:36,144 - INFO - <module> : Choose 'Streetlight Concern' from the 'What are you reporting?' option.
2022-10-20 10:08:36,144 - INFO - <module> : Choose 'Streetlight Concern' from the 'What are you reporting?' option.
2022-10-20 10:08:36,287 - INFO - <module> : Clicked
2022-10-20 10:08:36,287 - INFO - <module> : Clicked
2022-10-20 10:08:36,287 - INFO - <module> : Clicked
2022-10-20 10:08:36,287 - INFO - <module> : Clicked
2022-10-20 10:08:39,277 - INFO - <module> : Choose 'Yes' from the options.
2022-10-20 10:08:39,277 - INFO - <module> : Choose 'Yes' from the options.
2022-10-20 10:08:39,277 - INFO - <module> : Choose 'Yes' from the options.
2022-10-20 10:08:39,277 - INFO - <module> : Choose 'Yes' from the options.
2022-10-20 10:08:39,443 - INFO - <module> : Clicked
2022-10-20 10:08:39,443 - INFO - <module> : Clicked
2022-10-20 10:08:39,443 - INFO - <module> : Clicked
2022-10-20 10:08:39,443 - INFO - <module> : Clicked
2022-10-20 10:08:42,343 - INFO - <module> : Click the dropdown field for Q2.
2022-10-20 10:08:42,343 - INFO - <module> : Click the dropdown field for Q2.
2022-10-20 10:08:42,343 - INFO - <module> : Click the dropdown field for Q2.
2022-10-20 10:08:42,343 - INFO - <module> : Click the dropdown field for Q2.
2022-10-20 10:08:42,465 - INFO - <module> : Clicked
2022-10-20 10:08:42,465 - INFO - <module> : Clicked
2022-10-20 10:08:42,465 - INFO - <module> : Clicked
2022-10-20 10:08:42,465 - INFO - <module> : Clicked
2022-10-20 10:08:45,359 - INFO - <module> : Choose 'Streetlight is flickering' from the option.
2022-10-20 10:08:45,359 - INFO - <module> : Choose 'Streetlight is flickering' from the option.
2022-10-20 10:08:45,359 - INFO - <module> : Choose 'Streetlight is flickering' from the option.
2022-10-20 10:08:45,359 - INFO - <module> : Choose 'Streetlight is flickering' from the option.
2022-10-20 10:08:45,478 - INFO - <module> : Clicked
2022-10-20 10:08:45,478 - INFO - <module> : Clicked
2022-10-20 10:08:45,478 - INFO - <module> : Clicked
2022-10-20 10:08:45,478 - INFO - <module> : Clicked
2022-10-20 10:08:48,510 - INFO - <module> : Populate the following fields by selecting from one of the picklist values, as applicable:
- Province
- City/Municipality
- Barangay
- Subdivision
- Street
- House/Unit No./ Floor/ Building
2022-10-20 10:08:48,510 - INFO - <module> : Populate the following fields by selecting from one of the picklist values, as applicable:
- Province
- City/Municipality
- Barangay
- Subdivision
- Street
- House/Unit No./ Floor/ Building
2022-10-20 10:08:48,510 - INFO - <module> : Populate the following fields by selecting from one of the picklist values, as applicable:
- Province
- City/Municipality
- Barangay
- Subdivision
- Street
- House/Unit No./ Floor/ Building
2022-10-20 10:08:48,510 - INFO - <module> : Populate the following fields by selecting from one of the picklist values, as applicable:
- Province
- City/Municipality
- Barangay
- Subdivision
- Street
- House/Unit No./ Floor/ Building
2022-10-20 10:08:48,646 - INFO - <module> : Clicked
2022-10-20 10:08:48,646 - INFO - <module> : Clicked
2022-10-20 10:08:48,646 - INFO - <module> : Clicked
2022-10-20 10:08:48,646 - INFO - <module> : Clicked
2022-10-20 10:08:49,235 - INFO - <module> : Clicked
2022-10-20 10:08:49,235 - INFO - <module> : Clicked
2022-10-20 10:08:49,235 - INFO - <module> : Clicked
2022-10-20 10:08:49,235 - INFO - <module> : Clicked
2022-10-20 10:08:49,807 - INFO - <module> : Clicked
2022-10-20 10:08:49,807 - INFO - <module> : Clicked
2022-10-20 10:08:49,807 - INFO - <module> : Clicked
2022-10-20 10:08:49,807 - INFO - <module> : Clicked
2022-10-20 10:08:50,393 - INFO - <module> : Clicked
2022-10-20 10:08:50,393 - INFO - <module> : Clicked
2022-10-20 10:08:50,393 - INFO - <module> : Clicked
2022-10-20 10:08:50,393 - INFO - <module> : Clicked
2022-10-20 10:08:50,986 - INFO - <module> : Clicked
2022-10-20 10:08:50,986 - INFO - <module> : Clicked
2022-10-20 10:08:50,986 - INFO - <module> : Clicked
2022-10-20 10:08:50,986 - INFO - <module> : Clicked
2022-10-20 10:08:51,069 - INFO - <module> : input: 123
2022-10-20 10:08:51,069 - INFO - <module> : input: 123
2022-10-20 10:08:51,069 - INFO - <module> : input: 123
2022-10-20 10:08:51,069 - INFO - <module> : input: 123
2022-10-20 10:08:54,014 - INFO - <module> : Populate 'Pole Number' field using the values encoded in the prior report.
2022-10-20 10:08:54,014 - INFO - <module> : Populate 'Pole Number' field using the values encoded in the prior report.
2022-10-20 10:08:54,014 - INFO - <module> : Populate 'Pole Number' field using the values encoded in the prior report.
2022-10-20 10:08:54,014 - INFO - <module> : Populate 'Pole Number' field using the values encoded in the prior report.
2022-10-20 10:08:54,180 - INFO - <module> : input: 25
2022-10-20 10:08:54,180 - INFO - <module> : input: 25
2022-10-20 10:08:54,180 - INFO - <module> : input: 25
2022-10-20 10:08:54,180 - INFO - <module> : input: 25
2022-10-20 10:09:26,917 - ERROR - <module> : Cannot Locate: email
2022-10-20 10:09:26,917 - ERROR - <module> : Cannot Locate: email
2022-10-20 10:09:26,917 - ERROR - <module> : Cannot Locate: email
2022-10-20 10:09:26,917 - ERROR - <module> : Cannot Locate: email
2022-10-20 10:09:27,050 - INFO - setup : Close Browser
