2022-10-13 14:44:27,510 - INFO - setup : Browser Launched!
2022-10-13 14:44:34,500 - INFO - <module> : Go to External Map 
2022-10-13 14:44:34,500 - INFO - <module> : Go to External Map 
2022-10-13 14:44:34,500 - INFO - <module> : Go to External Map 
2022-10-13 14:44:34,500 - INFO - <module> : Go to External Map 
2022-10-13 14:44:34,649 - INFO - <module> : input: atmooutageaccount@yopmail.com
2022-10-13 14:44:34,649 - INFO - <module> : input: atmooutageaccount@yopmail.com
2022-10-13 14:44:34,649 - INFO - <module> : input: atmooutageaccount@yopmail.com
2022-10-13 14:44:34,649 - INFO - <module> : input: atmooutageaccount@yopmail.com
2022-10-13 14:44:34,716 - INFO - <module> : input: Meralco01
2022-10-13 14:44:34,716 - INFO - <module> : input: Meralco01
2022-10-13 14:44:34,716 - INFO - <module> : input: Meralco01
2022-10-13 14:44:34,716 - INFO - <module> : input: Meralco01
2022-10-13 14:44:34,849 - INFO - <module> : Log in clicked
2022-10-13 14:44:34,849 - INFO - <module> : Log in clicked
2022-10-13 14:44:34,849 - INFO - <module> : Log in clicked
2022-10-13 14:44:34,849 - INFO - <module> : Log in clicked
2022-10-13 14:44:39,297 - INFO - <module> : Hello, exists
2022-10-13 14:44:39,297 - INFO - <module> : Hello, exists
2022-10-13 14:44:39,297 - INFO - <module> : Hello, exists
2022-10-13 14:44:39,297 - INFO - <module> : Hello, exists
2022-10-13 14:44:39,314 - INFO - <module> : Hello, exists
2022-10-13 14:44:39,314 - INFO - <module> : Hello, exists
2022-10-13 14:44:39,314 - INFO - <module> : Hello, exists
2022-10-13 14:44:39,314 - INFO - <module> : Hello, exists
2022-10-13 14:44:41,539 - INFO - <module> : Outages & Incidents clicked
2022-10-13 14:44:41,539 - INFO - <module> : Outages & Incidents clicked
2022-10-13 14:44:41,539 - INFO - <module> : Outages & Incidents clicked
2022-10-13 14:44:41,539 - INFO - <module> : Outages & Incidents clicked
2022-10-13 14:44:41,597 - INFO - <module> :  clicked
2022-10-13 14:44:41,597 - INFO - <module> :  clicked
2022-10-13 14:44:41,597 - INFO - <module> :  clicked
2022-10-13 14:44:41,597 - INFO - <module> :  clicked
2022-10-13 14:45:13,367 - INFO - <module> : Okay clicked
2022-10-13 14:45:13,367 - INFO - <module> : Okay clicked
2022-10-13 14:45:13,367 - INFO - <module> : Okay clicked
2022-10-13 14:45:13,367 - INFO - <module> : Okay clicked
2022-10-13 14:45:16,167 - INFO - <module> : Select weather information to be displayed
2022-10-13 14:45:16,167 - INFO - <module> : Select weather information to be displayed
2022-10-13 14:45:16,167 - INFO - <module> : Select weather information to be displayed
2022-10-13 14:45:16,167 - INFO - <module> : Select weather information to be displayed
2022-10-13 14:45:16,278 - INFO - <module> :  clicked
2022-10-13 14:45:16,278 - INFO - <module> :  clicked
2022-10-13 14:45:16,278 - INFO - <module> :  clicked
2022-10-13 14:45:16,278 - INFO - <module> :  clicked
2022-10-13 14:45:18,633 - INFO - <module> :  clicked
2022-10-13 14:45:18,633 - INFO - <module> :  clicked
2022-10-13 14:45:18,633 - INFO - <module> :  clicked
2022-10-13 14:45:18,633 - INFO - <module> :  clicked
2022-10-13 14:45:19,207 - INFO - <module> : close clicked
2022-10-13 14:45:19,207 - INFO - <module> : close clicked
2022-10-13 14:45:19,207 - INFO - <module> : close clicked
2022-10-13 14:45:19,207 - INFO - <module> : close clicked
2022-10-13 14:45:29,305 - INFO - <module> :  clicked
2022-10-13 14:45:29,305 - INFO - <module> :  clicked
2022-10-13 14:45:29,305 - INFO - <module> :  clicked
2022-10-13 14:45:29,305 - INFO - <module> :  clicked
2022-10-13 14:45:32,164 - INFO - <module> : Adjust outage map zoom level to greater than 8
2022-10-13 14:45:32,164 - INFO - <module> : Adjust outage map zoom level to greater than 8
2022-10-13 14:45:32,164 - INFO - <module> : Adjust outage map zoom level to greater than 8
2022-10-13 14:45:32,164 - INFO - <module> : Adjust outage map zoom level to greater than 8
2022-10-13 14:45:32,397 - INFO - <module> : add clicked
2022-10-13 14:45:32,397 - INFO - <module> : add clicked
2022-10-13 14:45:32,397 - INFO - <module> : add clicked
2022-10-13 14:45:32,397 - INFO - <module> : add clicked
2022-10-13 14:45:32,599 - INFO - <module> : add clicked
2022-10-13 14:45:32,599 - INFO - <module> : add clicked
2022-10-13 14:45:32,599 - INFO - <module> : add clicked
2022-10-13 14:45:32,599 - INFO - <module> : add clicked
2022-10-13 14:45:32,741 - INFO - <module> : add clicked
2022-10-13 14:45:32,741 - INFO - <module> : add clicked
2022-10-13 14:45:32,741 - INFO - <module> : add clicked
2022-10-13 14:45:32,741 - INFO - <module> : add clicked
2022-10-13 14:45:33,500 - INFO - <module> : add clicked
2022-10-13 14:45:33,500 - INFO - <module> : add clicked
2022-10-13 14:45:33,500 - INFO - <module> : add clicked
2022-10-13 14:45:33,500 - INFO - <module> : add clicked
2022-10-13 14:45:36,328 - INFO - <module> : Validate weather icons in Internal Map
2022-10-13 14:45:36,328 - INFO - <module> : Validate weather icons in Internal Map
2022-10-13 14:45:36,328 - INFO - <module> : Validate weather icons in Internal Map
2022-10-13 14:45:36,328 - INFO - <module> : Validate weather icons in Internal Map
2022-10-13 14:45:38,749 - INFO - setup : Close Browser
