2022-10-14 14:07:04,052 - INFO - setup : Browser Launched!
2022-10-14 14:07:11,770 - INFO - <module> : Go to https://fuat-meralco.cs73.force.com/customers/s/outagemap
2022-10-14 14:07:11,770 - INFO - <module> : Go to https://fuat-meralco.cs73.force.com/customers/s/outagemap
2022-10-14 14:07:11,770 - INFO - <module> : Go to https://fuat-meralco.cs73.force.com/customers/s/outagemap
2022-10-14 14:07:11,770 - INFO - <module> : Go to https://fuat-meralco.cs73.force.com/customers/s/outagemap
2022-10-14 14:07:14,663 - INFO - <module> : Opened: https://fuat-meralco.cs73.force.com/customers/s/outagemap
2022-10-14 14:07:14,663 - INFO - <module> : Opened: https://fuat-meralco.cs73.force.com/customers/s/outagemap
2022-10-14 14:07:14,663 - INFO - <module> : Opened: https://fuat-meralco.cs73.force.com/customers/s/outagemap
2022-10-14 14:07:14,663 - INFO - <module> : Opened: https://fuat-meralco.cs73.force.com/customers/s/outagemap
2022-10-14 14:07:25,858 - INFO - <module> : Click on Map Views button > Select Terrain on Map Type 
2022-10-14 14:07:25,858 - INFO - <module> : Click on Map Views button > Select Terrain on Map Type 
2022-10-14 14:07:25,858 - INFO - <module> : Click on Map Views button > Select Terrain on Map Type 
2022-10-14 14:07:25,858 - INFO - <module> : Click on Map Views button > Select Terrain on Map Type 
2022-10-14 14:07:27,489 - INFO - <module> : Meralco would like to access your location to identify if your area is affected by an outage. exists
2022-10-14 14:07:27,489 - INFO - <module> : Meralco would like to access your location to identify if your area is affected by an outage. exists
2022-10-14 14:07:27,489 - INFO - <module> : Meralco would like to access your location to identify if your area is affected by an outage. exists
2022-10-14 14:07:27,489 - INFO - <module> : Meralco would like to access your location to identify if your area is affected by an outage. exists
2022-10-14 14:07:27,903 - INFO - <module> : Disagree clicked
2022-10-14 14:07:27,903 - INFO - <module> : Disagree clicked
2022-10-14 14:07:27,903 - INFO - <module> : Disagree clicked
2022-10-14 14:07:27,903 - INFO - <module> : Disagree clicked
2022-10-14 14:07:32,003 - INFO - <module> :  clicked
2022-10-14 14:07:32,003 - INFO - <module> :  clicked
2022-10-14 14:07:32,003 - INFO - <module> :  clicked
2022-10-14 14:07:32,003 - INFO - <module> :  clicked
2022-10-14 14:07:34,392 - INFO - <module> :  clicked
2022-10-14 14:07:34,392 - INFO - <module> :  clicked
2022-10-14 14:07:34,392 - INFO - <module> :  clicked
2022-10-14 14:07:34,392 - INFO - <module> :  clicked
2022-10-14 14:07:50,689 - INFO - setup : Close Browser
