2022-10-27 13:44:31,289 - INFO - setup : Browser Launched!
2022-10-27 13:44:38,403 - INFO - <module> : Go to Map Displays -> Establishment -> Tick Election Centers
2022-10-27 13:44:38,403 - INFO - <module> : Go to Map Displays -> Establishment -> Tick Election Centers
2022-10-27 13:44:38,403 - INFO - <module> : Go to Map Displays -> Establishment -> Tick Election Centers
2022-10-27 13:44:38,403 - INFO - <module> : Go to Map Displays -> Establishment -> Tick Election Centers
2022-10-27 13:45:04,062 - INFO - <module> : Opened: https://outage-api.meralco.com.ph/
2022-10-27 13:45:04,062 - INFO - <module> : Opened: https://outage-api.meralco.com.ph/
2022-10-27 13:45:04,062 - INFO - <module> : Opened: https://outage-api.meralco.com.ph/
2022-10-27 13:45:04,062 - INFO - <module> : Opened: https://outage-api.meralco.com.ph/
2022-10-27 13:45:07,392 - INFO - <module> : input: v-lvlgalvez@meralco.com.ph
2022-10-27 13:45:07,392 - INFO - <module> : input: v-lvlgalvez@meralco.com.ph
2022-10-27 13:45:07,392 - INFO - <module> : input: v-lvlgalvez@meralco.com.ph
2022-10-27 13:45:07,392 - INFO - <module> : input: v-lvlgalvez@meralco.com.ph
2022-10-27 13:45:07,440 - INFO - <module> : Clicked
2022-10-27 13:45:07,440 - INFO - <module> : Clicked
2022-10-27 13:45:07,440 - INFO - <module> : Clicked
2022-10-27 13:45:07,440 - INFO - <module> : Clicked
2022-10-27 13:45:09,064 - INFO - <module> : input: Mecopass@@!!129
2022-10-27 13:45:09,064 - INFO - <module> : input: Mecopass@@!!129
2022-10-27 13:45:09,064 - INFO - <module> : input: Mecopass@@!!129
2022-10-27 13:45:09,064 - INFO - <module> : input: Mecopass@@!!129
2022-10-27 13:45:09,404 - INFO - <module> : Clicked
2022-10-27 13:45:09,404 - INFO - <module> : Clicked
2022-10-27 13:45:09,404 - INFO - <module> : Clicked
2022-10-27 13:45:09,404 - INFO - <module> : Clicked
2022-10-27 13:45:09,980 - INFO - <module> : Clicked
2022-10-27 13:45:09,980 - INFO - <module> : Clicked
2022-10-27 13:45:09,980 - INFO - <module> : Clicked
2022-10-27 13:45:09,980 - INFO - <module> : Clicked
2022-10-27 13:46:05,012 - INFO - <module> : Clicked
2022-10-27 13:46:05,012 - INFO - <module> : Clicked
2022-10-27 13:46:05,012 - INFO - <module> : Clicked
2022-10-27 13:46:05,012 - INFO - <module> : Clicked
2022-10-27 13:46:27,681 - INFO - <module> :  clicked
2022-10-27 13:46:27,681 - INFO - <module> :  clicked
2022-10-27 13:46:27,681 - INFO - <module> :  clicked
2022-10-27 13:46:27,681 - INFO - <module> :  clicked
2022-10-27 13:46:27,752 - INFO - <module> : Search Locations clicked
2022-10-27 13:46:27,752 - INFO - <module> : Search Locations clicked
2022-10-27 13:46:27,752 - INFO - <module> : Search Locations clicked
2022-10-27 13:46:27,752 - INFO - <module> : Search Locations clicked
2022-10-27 13:46:55,498 - INFO - setup : Close Browser
