2023-01-04 11:39:49,088 - INFO - setup : Browser Launched!
2023-01-04 11:39:57,552 - INFO - <module> : Go tohttps://fuat-meralco.cs73.force.com/customers/s/cxe-apply
2023-01-04 11:39:57,552 - INFO - <module> : Go tohttps://fuat-meralco.cs73.force.com/customers/s/cxe-apply
2023-01-04 11:39:57,552 - INFO - <module> : Go tohttps://fuat-meralco.cs73.force.com/customers/s/cxe-apply
2023-01-04 11:39:57,552 - INFO - <module> : Go tohttps://fuat-meralco.cs73.force.com/customers/s/cxe-apply
2023-01-04 11:39:59,241 - INFO - <module> : Opened: https://fuat-meralco.cs73.force.com/customers/s/cxe-apply
2023-01-04 11:39:59,241 - INFO - <module> : Opened: https://fuat-meralco.cs73.force.com/customers/s/cxe-apply
2023-01-04 11:39:59,241 - INFO - <module> : Opened: https://fuat-meralco.cs73.force.com/customers/s/cxe-apply
2023-01-04 11:39:59,241 - INFO - <module> : Opened: https://fuat-meralco.cs73.force.com/customers/s/cxe-apply
2023-01-04 11:39:59,475 - INFO - <module> : Service Application exists
2023-01-04 11:39:59,475 - INFO - <module> : Service Application exists
2023-01-04 11:39:59,475 - INFO - <module> : Service Application exists
2023-01-04 11:39:59,475 - INFO - <module> : Service Application exists
2023-01-04 11:40:02,401 - INFO - <module> : Click on Business
2023-01-04 11:40:02,401 - INFO - <module> : Click on Business
2023-01-04 11:40:02,401 - INFO - <module> : Click on Business
2023-01-04 11:40:02,401 - INFO - <module> : Click on Business
2023-01-04 11:40:02,491 - INFO - <module> : Clicked
2023-01-04 11:40:02,491 - INFO - <module> : Clicked
2023-01-04 11:40:02,491 - INFO - <module> : Clicked
2023-01-04 11:40:02,491 - INFO - <module> : Clicked
2023-01-04 11:40:02,545 - INFO - <module> : Start Service exists
2023-01-04 11:40:02,545 - INFO - <module> : Start Service exists
2023-01-04 11:40:02,545 - INFO - <module> : Start Service exists
2023-01-04 11:40:02,545 - INFO - <module> : Start Service exists
2023-01-04 11:40:02,585 - INFO - <module> : Modify Service exists
2023-01-04 11:40:02,585 - INFO - <module> : Modify Service exists
2023-01-04 11:40:02,585 - INFO - <module> : Modify Service exists
2023-01-04 11:40:02,585 - INFO - <module> : Modify Service exists
2023-01-04 11:40:02,621 - INFO - <module> : Reactivate Service exists
2023-01-04 11:40:02,621 - INFO - <module> : Reactivate Service exists
2023-01-04 11:40:02,621 - INFO - <module> : Reactivate Service exists
2023-01-04 11:40:02,621 - INFO - <module> : Reactivate Service exists
2023-01-04 11:40:02,664 - INFO - <module> : Stop Service exists
2023-01-04 11:40:02,664 - INFO - <module> : Stop Service exists
2023-01-04 11:40:02,664 - INFO - <module> : Stop Service exists
2023-01-04 11:40:02,664 - INFO - <module> : Stop Service exists
2023-01-04 11:40:05,571 - INFO - <module> : Click on Reactivate Service
2023-01-04 11:40:05,571 - INFO - <module> : Click on Reactivate Service
2023-01-04 11:40:05,571 - INFO - <module> : Click on Reactivate Service
2023-01-04 11:40:05,571 - INFO - <module> : Click on Reactivate Service
2023-01-04 11:40:05,809 - INFO - <module> : Clicked
2023-01-04 11:40:05,809 - INFO - <module> : Clicked
2023-01-04 11:40:05,809 - INFO - <module> : Clicked
2023-01-04 11:40:05,809 - INFO - <module> : Clicked
2023-01-04 11:40:05,939 - INFO - <module> : Reactivate a Service exists
2023-01-04 11:40:05,939 - INFO - <module> : Reactivate a Service exists
2023-01-04 11:40:05,939 - INFO - <module> : Reactivate a Service exists
2023-01-04 11:40:05,939 - INFO - <module> : Reactivate a Service exists
2023-01-04 11:40:08,778 - INFO - <module> : Validate if CAN field is visible and enabled
2023-01-04 11:40:08,778 - INFO - <module> : Validate if CAN field is visible and enabled
2023-01-04 11:40:08,778 - INFO - <module> : Validate if CAN field is visible and enabled
2023-01-04 11:40:08,778 - INFO - <module> : Validate if CAN field is visible and enabled
2023-01-04 11:40:08,838 - INFO - <module> :  exists
2023-01-04 11:40:08,838 - INFO - <module> :  exists
2023-01-04 11:40:08,838 - INFO - <module> :  exists
2023-01-04 11:40:08,838 - INFO - <module> :  exists
2023-01-04 11:40:11,719 - INFO - <module> : Populate Customer Account Number field
2023-01-04 11:40:11,719 - INFO - <module> : Populate Customer Account Number field
2023-01-04 11:40:11,719 - INFO - <module> : Populate Customer Account Number field
2023-01-04 11:40:11,719 - INFO - <module> : Populate Customer Account Number field
2023-01-04 11:40:11,860 - INFO - <module> : input: 0460885635
2023-01-04 11:40:11,860 - INFO - <module> : input: 0460885635
2023-01-04 11:40:11,860 - INFO - <module> : input: 0460885635
2023-01-04 11:40:11,860 - INFO - <module> : input: 0460885635
2023-01-04 11:40:14,792 - INFO - <module> : Populate Service ID Number 
2023-01-04 11:40:14,792 - INFO - <module> : Populate Service ID Number 
2023-01-04 11:40:14,792 - INFO - <module> : Populate Service ID Number 
2023-01-04 11:40:14,792 - INFO - <module> : Populate Service ID Number 
2023-01-04 11:40:14,894 - INFO - <module> : input: 502810380101
2023-01-04 11:40:14,894 - INFO - <module> : input: 502810380101
2023-01-04 11:40:14,894 - INFO - <module> : input: 502810380101
2023-01-04 11:40:14,894 - INFO - <module> : input: 502810380101
2023-01-04 11:40:17,757 - INFO - <module> : Populate the following fields:
- Company Name
- Trade Name (Optional)
- Company Email Address (Optional)
- Company Landline
- First Name
- Last Name
- Email Address
- Mobile Number
- Designation
>Click Next
2023-01-04 11:40:17,757 - INFO - <module> : Populate the following fields:
- Company Name
- Trade Name (Optional)
- Company Email Address (Optional)
- Company Landline
- First Name
- Last Name
- Email Address
- Mobile Number
- Designation
>Click Next
2023-01-04 11:40:17,757 - INFO - <module> : Populate the following fields:
- Company Name
- Trade Name (Optional)
- Company Email Address (Optional)
- Company Landline
- First Name
- Last Name
- Email Address
- Mobile Number
- Designation
>Click Next
2023-01-04 11:40:17,757 - INFO - <module> : Populate the following fields:
- Company Name
- Trade Name (Optional)
- Company Email Address (Optional)
- Company Landline
- First Name
- Last Name
- Email Address
- Mobile Number
- Designation
>Click Next
2023-01-04 11:40:17,859 - INFO - <module> : input: atFirstname
2023-01-04 11:40:17,859 - INFO - <module> : input: atFirstname
2023-01-04 11:40:17,859 - INFO - <module> : input: atFirstname
2023-01-04 11:40:17,859 - INFO - <module> : input: atFirstname
2023-01-04 11:40:17,957 - INFO - <module> : input: atLastname
2023-01-04 11:40:17,957 - INFO - <module> : input: atLastname
2023-01-04 11:40:17,957 - INFO - <module> : input: atLastname
2023-01-04 11:40:17,957 - INFO - <module> : input: atLastname
2023-01-04 11:40:18,041 - INFO - <module> : input: automationteam@gmail.com
2023-01-04 11:40:18,041 - INFO - <module> : input: automationteam@gmail.com
2023-01-04 11:40:18,041 - INFO - <module> : input: automationteam@gmail.com
2023-01-04 11:40:18,041 - INFO - <module> : input: automationteam@gmail.com
2023-01-04 11:40:18,120 - INFO - <module> : input: +639234567891
2023-01-04 11:40:18,120 - INFO - <module> : input: +639234567891
2023-01-04 11:40:18,120 - INFO - <module> : input: +639234567891
2023-01-04 11:40:18,120 - INFO - <module> : input: +639234567891
2023-01-04 11:40:20,389 - INFO - <module> : Clicked
2023-01-04 11:40:20,389 - INFO - <module> : Clicked
2023-01-04 11:40:20,389 - INFO - <module> : Clicked
2023-01-04 11:40:20,389 - INFO - <module> : Clicked
2023-01-04 11:40:20,439 - INFO - <module> : 2VALUE ADDED SERVICES exists
2023-01-04 11:40:20,439 - INFO - <module> : 2VALUE ADDED SERVICES exists
2023-01-04 11:40:20,439 - INFO - <module> : 2VALUE ADDED SERVICES exists
2023-01-04 11:40:20,439 - INFO - <module> : 2VALUE ADDED SERVICES exists
2023-01-04 11:40:23,325 - INFO - <module> : Populate the following:
Notification indicator
AMC indicator> Attach documents
> Click Next
2023-01-04 11:40:23,325 - INFO - <module> : Populate the following:
Notification indicator
AMC indicator> Attach documents
> Click Next
2023-01-04 11:40:23,325 - INFO - <module> : Populate the following:
Notification indicator
AMC indicator> Attach documents
> Click Next
2023-01-04 11:40:23,325 - INFO - <module> : Populate the following:
Notification indicator
AMC indicator> Attach documents
> Click Next
2023-01-04 11:40:53,610 - INFO - setup : Close Browser
