2023-01-10 15:28:53,518 - INFO - setup : Browser Launched!
2023-01-10 15:29:06,464 - INFO - <module> : Go to Outages & Incidents > Report Streetlight And Safety Concerns
2023-01-10 15:29:06,464 - INFO - <module> : Go to Outages & Incidents > Report Streetlight And Safety Concerns
2023-01-10 15:29:06,464 - INFO - <module> : Go to Outages & Incidents > Report Streetlight And Safety Concerns
2023-01-10 15:29:06,464 - INFO - <module> : Go to Outages & Incidents > Report Streetlight And Safety Concerns
2023-01-10 15:29:06,464 - INFO - <module> : Go to Outages & Incidents > Report Streetlight And Safety Concerns
2023-01-10 15:29:08,699 - INFO - <module> : Opened: https://fuat-meralco.cs73.force.com/customers/s/outagemap
2023-01-10 15:29:08,699 - INFO - <module> : Opened: https://fuat-meralco.cs73.force.com/customers/s/outagemap
2023-01-10 15:29:08,699 - INFO - <module> : Opened: https://fuat-meralco.cs73.force.com/customers/s/outagemap
2023-01-10 15:29:08,699 - INFO - <module> : Opened: https://fuat-meralco.cs73.force.com/customers/s/outagemap
2023-01-10 15:29:08,699 - INFO - <module> : Opened: https://fuat-meralco.cs73.force.com/customers/s/outagemap
2023-01-10 15:29:14,975 - INFO - <module> : Meralco would like to access your location to identify if your area is affected by an outage. exists
2023-01-10 15:29:14,975 - INFO - <module> : Meralco would like to access your location to identify if your area is affected by an outage. exists
2023-01-10 15:29:14,975 - INFO - <module> : Meralco would like to access your location to identify if your area is affected by an outage. exists
2023-01-10 15:29:14,975 - INFO - <module> : Meralco would like to access your location to identify if your area is affected by an outage. exists
2023-01-10 15:29:14,975 - INFO - <module> : Meralco would like to access your location to identify if your area is affected by an outage. exists
2023-01-10 15:29:17,099 - INFO - <module> : Clicked
2023-01-10 15:29:17,099 - INFO - <module> : Clicked
2023-01-10 15:29:17,099 - INFO - <module> : Clicked
2023-01-10 15:29:17,099 - INFO - <module> : Clicked
2023-01-10 15:29:17,099 - INFO - <module> : Clicked
2023-01-10 15:29:21,198 - INFO - <module> : Clicked
2023-01-10 15:29:21,198 - INFO - <module> : Clicked
2023-01-10 15:29:21,198 - INFO - <module> : Clicked
2023-01-10 15:29:21,198 - INFO - <module> : Clicked
2023-01-10 15:29:21,198 - INFO - <module> : Clicked
2023-01-10 15:29:31,111 - INFO - <module> : Report an Outage or Incident exists
2023-01-10 15:29:31,111 - INFO - <module> : Report an Outage or Incident exists
2023-01-10 15:29:31,111 - INFO - <module> : Report an Outage or Incident exists
2023-01-10 15:29:31,111 - INFO - <module> : Report an Outage or Incident exists
2023-01-10 15:29:31,111 - INFO - <module> : Report an Outage or Incident exists
2023-01-10 15:29:31,178 - INFO - <module> : Clicked
2023-01-10 15:29:31,178 - INFO - <module> : Clicked
2023-01-10 15:29:31,178 - INFO - <module> : Clicked
2023-01-10 15:29:31,178 - INFO - <module> : Clicked
2023-01-10 15:29:31,178 - INFO - <module> : Clicked
2023-01-10 15:29:31,255 - INFO - <module> : Clicked
2023-01-10 15:29:31,255 - INFO - <module> : Clicked
2023-01-10 15:29:31,255 - INFO - <module> : Clicked
2023-01-10 15:29:31,255 - INFO - <module> : Clicked
2023-01-10 15:29:31,255 - INFO - <module> : Clicked
2023-01-10 15:29:31,822 - INFO - <module> : Clicked
2023-01-10 15:29:31,822 - INFO - <module> : Clicked
2023-01-10 15:29:31,822 - INFO - <module> : Clicked
2023-01-10 15:29:31,822 - INFO - <module> : Clicked
2023-01-10 15:29:31,822 - INFO - <module> : Clicked
2023-01-10 15:29:34,880 - INFO - <module> : Populate required fields > click Submit
2023-01-10 15:29:34,880 - INFO - <module> : Populate required fields > click Submit
2023-01-10 15:29:34,880 - INFO - <module> : Populate required fields > click Submit
2023-01-10 15:29:34,880 - INFO - <module> : Populate required fields > click Submit
2023-01-10 15:29:34,880 - INFO - <module> : Populate required fields > click Submit
2023-01-10 15:29:34,945 - INFO - <module> : Clicked
2023-01-10 15:29:34,945 - INFO - <module> : Clicked
2023-01-10 15:29:34,945 - INFO - <module> : Clicked
2023-01-10 15:29:34,945 - INFO - <module> : Clicked
2023-01-10 15:29:34,945 - INFO - <module> : Clicked
2023-01-10 15:29:35,529 - INFO - <module> : Clicked
2023-01-10 15:29:35,529 - INFO - <module> : Clicked
2023-01-10 15:29:35,529 - INFO - <module> : Clicked
2023-01-10 15:29:35,529 - INFO - <module> : Clicked
2023-01-10 15:29:35,529 - INFO - <module> : Clicked
2023-01-10 15:29:35,586 - INFO - <module> : Clicked
2023-01-10 15:29:35,586 - INFO - <module> : Clicked
2023-01-10 15:29:35,586 - INFO - <module> : Clicked
2023-01-10 15:29:35,586 - INFO - <module> : Clicked
2023-01-10 15:29:35,586 - INFO - <module> : Clicked
2023-01-10 15:29:35,633 - INFO - <module> : Clicked
2023-01-10 15:29:35,633 - INFO - <module> : Clicked
2023-01-10 15:29:35,633 - INFO - <module> : Clicked
2023-01-10 15:29:35,633 - INFO - <module> : Clicked
2023-01-10 15:29:35,633 - INFO - <module> : Clicked
2023-01-10 15:29:40,537 - INFO - setup : Close Browser
