2023-01-05 09:45:56,123 - INFO - setup : Browser Launched!
2023-01-05 09:46:32,810 - INFO - <module> : Opened: https://fuat-meralco.cs73.force.com/customers/s/cxe-apply
2023-01-05 09:46:32,810 - INFO - <module> : Opened: https://fuat-meralco.cs73.force.com/customers/s/cxe-apply
2023-01-05 09:46:32,810 - INFO - <module> : Opened: https://fuat-meralco.cs73.force.com/customers/s/cxe-apply
2023-01-05 09:46:32,810 - INFO - <module> : Opened: https://fuat-meralco.cs73.force.com/customers/s/cxe-apply
2023-01-05 09:46:39,121 - INFO - <module> : Service Application exists
2023-01-05 09:46:39,121 - INFO - <module> : Service Application exists
2023-01-05 09:46:39,121 - INFO - <module> : Service Application exists
2023-01-05 09:46:39,121 - INFO - <module> : Service Application exists
2023-01-05 09:46:42,488 - INFO - <module> : Clicked
2023-01-05 09:46:42,488 - INFO - <module> : Clicked
2023-01-05 09:46:42,488 - INFO - <module> : Clicked
2023-01-05 09:46:42,488 - INFO - <module> : Clicked
2023-01-05 09:46:45,815 - INFO - <module> : Clicked
2023-01-05 09:46:45,815 - INFO - <module> : Clicked
2023-01-05 09:46:45,815 - INFO - <module> : Clicked
2023-01-05 09:46:45,815 - INFO - <module> : Clicked
2023-01-05 09:46:54,965 - INFO - <module> : Clicked
2023-01-05 09:46:54,965 - INFO - <module> : Clicked
2023-01-05 09:46:54,965 - INFO - <module> : Clicked
2023-01-05 09:46:54,965 - INFO - <module> : Clicked
2023-01-05 09:47:01,821 - INFO - <module> : input: atcontFname
2023-01-05 09:47:01,821 - INFO - <module> : input: atcontFname
2023-01-05 09:47:01,821 - INFO - <module> : input: atcontFname
2023-01-05 09:47:01,821 - INFO - <module> : input: atcontFname
2023-01-05 09:47:02,016 - INFO - <module> : input: atcontLname
2023-01-05 09:47:02,016 - INFO - <module> : input: atcontLname
2023-01-05 09:47:02,016 - INFO - <module> : input: atcontLname
2023-01-05 09:47:02,016 - INFO - <module> : input: atcontLname
2023-01-05 09:47:32,494 - ERROR - <module> : Cannot Locate: business_name
2023-01-05 09:47:32,494 - ERROR - <module> : Cannot Locate: business_name
2023-01-05 09:47:32,494 - ERROR - <module> : Cannot Locate: business_name
2023-01-05 09:47:32,494 - ERROR - <module> : Cannot Locate: business_name
2023-01-05 09:47:32,701 - INFO - setup : Close Browser
