2022-11-23 12:30:58,536 - INFO - setup : Browser Launched!
2022-11-23 12:31:05,176 - INFO - <module> : input: atconcernmultiple@yopmail.com
2022-11-23 12:31:05,176 - INFO - <module> : input: atconcernmultiple@yopmail.com
2022-11-23 12:31:05,176 - INFO - <module> : input: atconcernmultiple@yopmail.com
2022-11-23 12:31:05,176 - INFO - <module> : input: atconcernmultiple@yopmail.com
2022-11-23 12:31:05,246 - INFO - <module> : input: Meralco01
2022-11-23 12:31:05,246 - INFO - <module> : input: Meralco01
2022-11-23 12:31:05,246 - INFO - <module> : input: Meralco01
2022-11-23 12:31:05,246 - INFO - <module> : input: Meralco01
2022-11-23 12:31:05,306 - INFO - <module> : Clicked
2022-11-23 12:31:05,306 - INFO - <module> : Clicked
2022-11-23 12:31:05,306 - INFO - <module> : Clicked
2022-11-23 12:31:05,306 - INFO - <module> : Clicked
2022-11-23 12:31:07,992 - INFO - <module> : Hello, exists
2022-11-23 12:31:07,992 - INFO - <module> : Hello, exists
2022-11-23 12:31:07,992 - INFO - <module> : Hello, exists
2022-11-23 12:31:07,992 - INFO - <module> : Hello, exists
2022-11-23 12:31:11,227 - INFO - <module> : Clicked
2022-11-23 12:31:11,227 - INFO - <module> : Clicked
2022-11-23 12:31:11,227 - INFO - <module> : Clicked
2022-11-23 12:31:11,227 - INFO - <module> : Clicked
2022-11-23 12:31:14,306 - INFO - <module> : Clicked
2022-11-23 12:31:14,306 - INFO - <module> : Clicked
2022-11-23 12:31:14,306 - INFO - <module> : Clicked
2022-11-23 12:31:14,306 - INFO - <module> : Clicked
2022-11-23 12:31:16,585 - INFO - setup : Close Browser
