2023-01-12 09:52:27,789 - INFO - setup : Browser Launched!
2023-01-12 09:53:05,543 - INFO - <module> : ==========Log in==========
2023-01-12 09:53:05,543 - INFO - <module> : ==========Log in==========
2023-01-12 09:53:05,543 - INFO - <module> : ==========Log in==========
2023-01-12 09:53:05,543 - INFO - <module> : ==========Log in==========
2023-01-12 09:53:06,657 - INFO - <module> : Login to Meralco Online
2023-01-12 09:53:06,657 - INFO - <module> : Login to Meralco Online
2023-01-12 09:53:06,657 - INFO - <module> : Login to Meralco Online
2023-01-12 09:53:06,657 - INFO - <module> : Login to Meralco Online
2023-01-12 09:53:06,848 - INFO - <module> : input: ATNewSAMObiz@yopmail.com
2023-01-12 09:53:06,848 - INFO - <module> : input: ATNewSAMObiz@yopmail.com
2023-01-12 09:53:06,848 - INFO - <module> : input: ATNewSAMObiz@yopmail.com
2023-01-12 09:53:06,848 - INFO - <module> : input: ATNewSAMObiz@yopmail.com
2023-01-12 09:53:06,934 - INFO - <module> : input: Meralco003
2023-01-12 09:53:06,934 - INFO - <module> : input: Meralco003
2023-01-12 09:53:06,934 - INFO - <module> : input: Meralco003
2023-01-12 09:53:06,934 - INFO - <module> : input: Meralco003
2023-01-12 09:53:06,996 - INFO - <module> : Clicked
2023-01-12 09:53:06,996 - INFO - <module> : Clicked
2023-01-12 09:53:06,996 - INFO - <module> : Clicked
2023-01-12 09:53:06,996 - INFO - <module> : Clicked
2023-01-12 09:53:12,250 - INFO - <module> : Hello, exists
2023-01-12 09:53:12,250 - INFO - <module> : Hello, exists
2023-01-12 09:53:12,250 - INFO - <module> : Hello, exists
2023-01-12 09:53:12,250 - INFO - <module> : Hello, exists
2023-01-12 09:53:15,229 - INFO - <module> : Go to Accounts> Manage Accounts
2023-01-12 09:53:15,229 - INFO - <module> : Go to Accounts> Manage Accounts
2023-01-12 09:53:15,229 - INFO - <module> : Go to Accounts> Manage Accounts
2023-01-12 09:53:15,229 - INFO - <module> : Go to Accounts> Manage Accounts
2023-01-12 09:53:15,317 - INFO - <module> : Clicked
2023-01-12 09:53:15,317 - INFO - <module> : Clicked
2023-01-12 09:53:15,317 - INFO - <module> : Clicked
2023-01-12 09:53:15,317 - INFO - <module> : Clicked
2023-01-12 09:53:20,223 - INFO - <module> : Accounts exists
2023-01-12 09:53:20,223 - INFO - <module> : Accounts exists
2023-01-12 09:53:20,223 - INFO - <module> : Accounts exists
2023-01-12 09:53:20,223 - INFO - <module> : Accounts exists
2023-01-12 09:53:23,235 - INFO - <module> : Search then Select Account > Click Change Contract Details button
2023-01-12 09:53:23,235 - INFO - <module> : Search then Select Account > Click Change Contract Details button
2023-01-12 09:53:23,235 - INFO - <module> : Search then Select Account > Click Change Contract Details button
2023-01-12 09:53:23,235 - INFO - <module> : Search then Select Account > Click Change Contract Details button
2023-01-12 09:53:53,517 - INFO - setup : Close Browser
