2022-12-21 16:37:53,808 - INFO - setup : Browser Launched!
2022-12-21 16:38:29,723 - INFO - <module> : Login to Meralco Online
2022-12-21 16:38:29,723 - INFO - <module> : Login to Meralco Online
2022-12-21 16:38:29,723 - INFO - <module> : Login to Meralco Online
2022-12-21 16:38:29,723 - INFO - <module> : Login to Meralco Online
2022-12-21 16:38:33,125 - INFO - <module> : input: atconcernmultiple@yopmail.com
2022-12-21 16:38:33,125 - INFO - <module> : input: atconcernmultiple@yopmail.com
2022-12-21 16:38:33,125 - INFO - <module> : input: atconcernmultiple@yopmail.com
2022-12-21 16:38:33,125 - INFO - <module> : input: atconcernmultiple@yopmail.com
2022-12-21 16:38:33,632 - INFO - <module> : input: Meralco01
2022-12-21 16:38:33,632 - INFO - <module> : input: Meralco01
2022-12-21 16:38:33,632 - INFO - <module> : input: Meralco01
2022-12-21 16:38:33,632 - INFO - <module> : input: Meralco01
2022-12-21 16:38:34,509 - INFO - <module> : Clicked
2022-12-21 16:38:34,509 - INFO - <module> : Clicked
2022-12-21 16:38:34,509 - INFO - <module> : Clicked
2022-12-21 16:38:34,509 - INFO - <module> : Clicked
2022-12-21 16:38:40,144 - INFO - <module> : Hello, exists
2022-12-21 16:38:40,144 - INFO - <module> : Hello, exists
2022-12-21 16:38:40,144 - INFO - <module> : Hello, exists
2022-12-21 16:38:40,144 - INFO - <module> : Hello, exists
2022-12-21 16:38:53,113 - INFO - <module> : Go to Accounts> Manage Accounts
2022-12-21 16:38:53,113 - INFO - <module> : Go to Accounts> Manage Accounts
2022-12-21 16:38:53,113 - INFO - <module> : Go to Accounts> Manage Accounts
2022-12-21 16:38:53,113 - INFO - <module> : Go to Accounts> Manage Accounts
2022-12-21 16:38:53,249 - INFO - <module> : Accounts clicked
2022-12-21 16:38:53,249 - INFO - <module> : Accounts clicked
2022-12-21 16:38:53,249 - INFO - <module> : Accounts clicked
2022-12-21 16:38:53,249 - INFO - <module> : Accounts clicked
2022-12-21 16:38:53,444 - INFO - <module> :  clicked
2022-12-21 16:38:53,444 - INFO - <module> :  clicked
2022-12-21 16:38:53,444 - INFO - <module> :  clicked
2022-12-21 16:38:53,444 - INFO - <module> :  clicked
2022-12-21 16:39:01,420 - INFO - <module> : Search then Select Account > Click Change Service Details button
2022-12-21 16:39:01,420 - INFO - <module> : Search then Select Account > Click Change Service Details button
2022-12-21 16:39:01,420 - INFO - <module> : Search then Select Account > Click Change Service Details button
2022-12-21 16:39:01,420 - INFO - <module> : Search then Select Account > Click Change Service Details button
2022-12-21 16:39:02,755 - INFO - <module> : Clicked
2022-12-21 16:39:02,755 - INFO - <module> : Clicked
2022-12-21 16:39:02,755 - INFO - <module> : Clicked
2022-12-21 16:39:02,755 - INFO - <module> : Clicked
2022-12-21 16:39:07,419 - INFO - <module> : Clicked
2022-12-21 16:39:07,419 - INFO - <module> : Clicked
2022-12-21 16:39:07,419 - INFO - <module> : Clicked
2022-12-21 16:39:07,419 - INFO - <module> : Clicked
2022-12-21 16:39:13,035 - INFO - <module> : Select Change Service Details request options then click Next
2022-12-21 16:39:13,035 - INFO - <module> : Select Change Service Details request options then click Next
2022-12-21 16:39:13,035 - INFO - <module> : Select Change Service Details request options then click Next
2022-12-21 16:39:13,035 - INFO - <module> : Select Change Service Details request options then click Next
2022-12-21 16:39:13,313 - INFO - <module> : Clicked
2022-12-21 16:39:13,313 - INFO - <module> : Clicked
2022-12-21 16:39:13,313 - INFO - <module> : Clicked
2022-12-21 16:39:13,313 - INFO - <module> : Clicked
2022-12-21 16:39:16,288 - INFO - <module> : Clicked
2022-12-21 16:39:16,288 - INFO - <module> : Clicked
2022-12-21 16:39:16,288 - INFO - <module> : Clicked
2022-12-21 16:39:16,288 - INFO - <module> : Clicked
2022-12-21 16:39:20,116 - INFO - <module> : Populate the following:
Notification indicator
AMC indicator
> Attach documents
> Click Next
2022-12-21 16:39:20,116 - INFO - <module> : Populate the following:
Notification indicator
AMC indicator
> Attach documents
> Click Next
2022-12-21 16:39:20,116 - INFO - <module> : Populate the following:
Notification indicator
AMC indicator
> Attach documents
> Click Next
2022-12-21 16:39:20,116 - INFO - <module> : Populate the following:
Notification indicator
AMC indicator
> Attach documents
> Click Next
2022-12-21 16:39:28,330 - INFO - <module> : Clicked
2022-12-21 16:39:28,330 - INFO - <module> : Clicked
2022-12-21 16:39:28,330 - INFO - <module> : Clicked
2022-12-21 16:39:28,330 - INFO - <module> : Clicked
2022-12-21 16:39:28,894 - INFO - <module> : Tick on I have read and agree to the Meralco Online Terms & Conditions and consent to the processing of my personal data in accordance with the Privacy Policy
2022-12-21 16:39:28,894 - INFO - <module> : Tick on I have read and agree to the Meralco Online Terms & Conditions and consent to the processing of my personal data in accordance with the Privacy Policy
2022-12-21 16:39:28,894 - INFO - <module> : Tick on I have read and agree to the Meralco Online Terms & Conditions and consent to the processing of my personal data in accordance with the Privacy Policy
2022-12-21 16:39:28,894 - INFO - <module> : Tick on I have read and agree to the Meralco Online Terms & Conditions and consent to the processing of my personal data in accordance with the Privacy Policy
2022-12-21 16:39:41,771 - INFO - <module> : Clicked
2022-12-21 16:39:41,771 - INFO - <module> : Clicked
2022-12-21 16:39:41,771 - INFO - <module> : Clicked
2022-12-21 16:39:41,771 - INFO - <module> : Clicked
2022-12-21 16:39:42,299 - INFO - <module> : Click Submit
2022-12-21 16:39:42,299 - INFO - <module> : Click Submit
2022-12-21 16:39:42,299 - INFO - <module> : Click Submit
2022-12-21 16:39:42,299 - INFO - <module> : Click Submit
2022-12-21 16:39:49,816 - INFO - <module> : Clicked
2022-12-21 16:39:49,816 - INFO - <module> : Clicked
2022-12-21 16:39:49,816 - INFO - <module> : Clicked
2022-12-21 16:39:49,816 - INFO - <module> : Clicked
2022-12-21 16:39:49,915 - INFO - setup : Close Browser
