2022-10-14 13:55:05,561 - INFO - setup : Browser Launched!
2022-10-14 13:55:22,179 - INFO - <module> : Go to https://fuat-meralco.cs73.force.com/customers/s/outagemap
2022-10-14 13:55:22,179 - INFO - <module> : Go to https://fuat-meralco.cs73.force.com/customers/s/outagemap
2022-10-14 13:55:22,179 - INFO - <module> : Go to https://fuat-meralco.cs73.force.com/customers/s/outagemap
2022-10-14 13:55:22,179 - INFO - <module> : Go to https://fuat-meralco.cs73.force.com/customers/s/outagemap
2022-10-14 13:55:24,085 - INFO - <module> : Opened: https://fuat-meralco.cs73.force.com/customers/s/outagemap
2022-10-14 13:55:24,085 - INFO - <module> : Opened: https://fuat-meralco.cs73.force.com/customers/s/outagemap
2022-10-14 13:55:24,085 - INFO - <module> : Opened: https://fuat-meralco.cs73.force.com/customers/s/outagemap
2022-10-14 13:55:24,085 - INFO - <module> : Opened: https://fuat-meralco.cs73.force.com/customers/s/outagemap
2022-10-14 13:55:27,691 - INFO - <module> : Click on Map Views button > Select Default on Map Type 
2022-10-14 13:55:27,691 - INFO - <module> : Click on Map Views button > Select Default on Map Type 
2022-10-14 13:55:27,691 - INFO - <module> : Click on Map Views button > Select Default on Map Type 
2022-10-14 13:55:27,691 - INFO - <module> : Click on Map Views button > Select Default on Map Type 
2022-10-14 13:55:29,865 - INFO - <module> : Meralco would like to access your location to identify if your area is affected by an outage. exists
2022-10-14 13:55:29,865 - INFO - <module> : Meralco would like to access your location to identify if your area is affected by an outage. exists
2022-10-14 13:55:29,865 - INFO - <module> : Meralco would like to access your location to identify if your area is affected by an outage. exists
2022-10-14 13:55:29,865 - INFO - <module> : Meralco would like to access your location to identify if your area is affected by an outage. exists
2022-10-14 13:55:30,324 - INFO - <module> : Disagree clicked
2022-10-14 13:55:30,324 - INFO - <module> : Disagree clicked
2022-10-14 13:55:30,324 - INFO - <module> : Disagree clicked
2022-10-14 13:55:30,324 - INFO - <module> : Disagree clicked
2022-10-14 13:55:34,401 - INFO - <module> :  clicked
2022-10-14 13:55:34,401 - INFO - <module> :  clicked
2022-10-14 13:55:34,401 - INFO - <module> :  clicked
2022-10-14 13:55:34,401 - INFO - <module> :  clicked
2022-10-14 13:55:36,795 - INFO - <module> :  clicked
2022-10-14 13:55:36,795 - INFO - <module> :  clicked
2022-10-14 13:55:36,795 - INFO - <module> :  clicked
2022-10-14 13:55:36,795 - INFO - <module> :  clicked
2022-10-14 13:56:06,918 - ERROR - <module> : Cannot Locate: weather_modal
2022-10-14 13:56:06,918 - ERROR - <module> : Cannot Locate: weather_modal
2022-10-14 13:56:06,918 - ERROR - <module> : Cannot Locate: weather_modal
2022-10-14 13:56:06,918 - ERROR - <module> : Cannot Locate: weather_modal
2022-10-14 13:56:06,953 - INFO - setup : Close Browser
