2023-01-09 11:26:52,789 - INFO - setup : Browser Launched!
2023-01-09 11:27:20,445 - INFO - <module> : Opened: https://meralco--fuat.lightning.force.com/lightning/page/home
2023-01-09 11:27:20,445 - INFO - <module> : Opened: https://meralco--fuat.lightning.force.com/lightning/page/home
2023-01-09 11:27:20,445 - INFO - <module> : Opened: https://meralco--fuat.lightning.force.com/lightning/page/home
2023-01-09 11:27:20,445 - INFO - <module> : Opened: https://meralco--fuat.lightning.force.com/lightning/page/home
2023-01-09 11:27:21,960 - INFO - <module> : Clicked
2023-01-09 11:27:21,960 - INFO - <module> : Clicked
2023-01-09 11:27:21,960 - INFO - <module> : Clicked
2023-01-09 11:27:21,960 - INFO - <module> : Clicked
2023-01-09 11:27:29,162 - INFO - <module> : input: v-lvlgalvez@meralco.com.ph
2023-01-09 11:27:29,162 - INFO - <module> : input: v-lvlgalvez@meralco.com.ph
2023-01-09 11:27:29,162 - INFO - <module> : input: v-lvlgalvez@meralco.com.ph
2023-01-09 11:27:29,162 - INFO - <module> : input: v-lvlgalvez@meralco.com.ph
2023-01-09 11:27:29,634 - INFO - <module> : Clicked
2023-01-09 11:27:29,634 - INFO - <module> : Clicked
2023-01-09 11:27:29,634 - INFO - <module> : Clicked
2023-01-09 11:27:29,634 - INFO - <module> : Clicked
2023-01-09 11:27:30,910 - INFO - <module> : input: Mecopass@@!!123
2023-01-09 11:27:30,910 - INFO - <module> : input: Mecopass@@!!123
2023-01-09 11:27:30,910 - INFO - <module> : input: Mecopass@@!!123
2023-01-09 11:27:30,910 - INFO - <module> : input: Mecopass@@!!123
2023-01-09 11:27:32,347 - INFO - <module> : Clicked
2023-01-09 11:27:32,347 - INFO - <module> : Clicked
2023-01-09 11:27:32,347 - INFO - <module> : Clicked
2023-01-09 11:27:32,347 - INFO - <module> : Clicked
2023-01-09 11:27:33,863 - INFO - <module> : Clicked
2023-01-09 11:27:33,863 - INFO - <module> : Clicked
2023-01-09 11:27:33,863 - INFO - <module> : Clicked
2023-01-09 11:27:33,863 - INFO - <module> : Clicked
2023-01-09 11:28:09,538 - INFO - setup : Close Browser
