2023-01-05 13:33:16,537 - INFO - setup : Browser Launched!
2023-01-05 13:33:47,119 - INFO - <module> : Opened: https://fuat-meralco.cs73.force.com/customers/s/cxe-apply
2023-01-05 13:33:47,119 - INFO - <module> : Opened: https://fuat-meralco.cs73.force.com/customers/s/cxe-apply
2023-01-05 13:33:47,119 - INFO - <module> : Opened: https://fuat-meralco.cs73.force.com/customers/s/cxe-apply
2023-01-05 13:33:47,119 - INFO - <module> : Opened: https://fuat-meralco.cs73.force.com/customers/s/cxe-apply
2023-01-05 13:33:53,492 - INFO - <module> : Service Application exists
2023-01-05 13:33:53,492 - INFO - <module> : Service Application exists
2023-01-05 13:33:53,492 - INFO - <module> : Service Application exists
2023-01-05 13:33:53,492 - INFO - <module> : Service Application exists
2023-01-05 13:33:56,889 - INFO - <module> : Clicked
2023-01-05 13:33:56,889 - INFO - <module> : Clicked
2023-01-05 13:33:56,889 - INFO - <module> : Clicked
2023-01-05 13:33:56,889 - INFO - <module> : Clicked
2023-01-05 13:34:06,381 - INFO - <module> : Clicked
2023-01-05 13:34:06,381 - INFO - <module> : Clicked
2023-01-05 13:34:06,381 - INFO - <module> : Clicked
2023-01-05 13:34:06,381 - INFO - <module> : Clicked
2023-01-05 13:34:10,344 - INFO - <module> : input: 0104248103
2023-01-05 13:34:10,344 - INFO - <module> : input: 0104248103
2023-01-05 13:34:10,344 - INFO - <module> : input: 0104248103
2023-01-05 13:34:10,344 - INFO - <module> : input: 0104248103
2023-01-05 13:34:10,589 - INFO - <module> : Clicked
2023-01-05 13:34:10,589 - INFO - <module> : Clicked
2023-01-05 13:34:10,589 - INFO - <module> : Clicked
2023-01-05 13:34:10,589 - INFO - <module> : Clicked
2023-01-05 13:34:31,083 - INFO - setup : Close Browser
