2022-10-25 15:43:16,887 - INFO - setup : Browser Launched!
2022-10-25 15:43:33,311 - INFO - <module> : Go to Internal Map 
2022-10-25 15:43:33,311 - INFO - <module> : Go to Internal Map 
2022-10-25 15:43:33,311 - INFO - <module> : Go to Internal Map 
2022-10-25 15:43:33,311 - INFO - <module> : Go to Internal Map 
2022-10-25 15:43:34,702 - INFO - <module> : Opened: https://outage-api.meralco.com.ph/
2022-10-25 15:43:34,702 - INFO - <module> : Opened: https://outage-api.meralco.com.ph/
2022-10-25 15:43:34,702 - INFO - <module> : Opened: https://outage-api.meralco.com.ph/
2022-10-25 15:43:34,702 - INFO - <module> : Opened: https://outage-api.meralco.com.ph/
2022-10-25 15:43:36,614 - INFO - <module> : input: v-lvlgalvez@meralco.com.ph
2022-10-25 15:43:36,614 - INFO - <module> : input: v-lvlgalvez@meralco.com.ph
2022-10-25 15:43:36,614 - INFO - <module> : input: v-lvlgalvez@meralco.com.ph
2022-10-25 15:43:36,614 - INFO - <module> : input: v-lvlgalvez@meralco.com.ph
2022-10-25 15:43:36,764 - INFO - <module> : Clicked
2022-10-25 15:43:36,764 - INFO - <module> : Clicked
2022-10-25 15:43:36,764 - INFO - <module> : Clicked
2022-10-25 15:43:36,764 - INFO - <module> : Clicked
2022-10-25 15:43:37,965 - INFO - <module> : input: Mecopass@@!!129
2022-10-25 15:43:37,965 - INFO - <module> : input: Mecopass@@!!129
2022-10-25 15:43:37,965 - INFO - <module> : input: Mecopass@@!!129
2022-10-25 15:43:37,965 - INFO - <module> : input: Mecopass@@!!129
2022-10-25 15:43:38,593 - INFO - <module> : Clicked
2022-10-25 15:43:38,593 - INFO - <module> : Clicked
2022-10-25 15:43:38,593 - INFO - <module> : Clicked
2022-10-25 15:43:38,593 - INFO - <module> : Clicked
2022-10-25 15:43:39,334 - INFO - <module> : Clicked
2022-10-25 15:43:39,334 - INFO - <module> : Clicked
2022-10-25 15:43:39,334 - INFO - <module> : Clicked
2022-10-25 15:43:39,334 - INFO - <module> : Clicked
2022-10-25 15:44:09,787 - INFO - <module> : Clicked
2022-10-25 15:44:09,787 - INFO - <module> : Clicked
2022-10-25 15:44:09,787 - INFO - <module> : Clicked
2022-10-25 15:44:09,787 - INFO - <module> : Clicked
2022-10-25 15:44:19,903 - INFO - <module> : Open Menu -> Map Displays -> tick weather
2022-10-25 15:44:19,903 - INFO - <module> : Open Menu -> Map Displays -> tick weather
2022-10-25 15:44:19,903 - INFO - <module> : Open Menu -> Map Displays -> tick weather
2022-10-25 15:44:19,903 - INFO - <module> : Open Menu -> Map Displays -> tick weather
2022-10-25 15:44:50,461 - ERROR - <module> : Cannot Locate: menu
2022-10-25 15:44:50,461 - ERROR - <module> : Cannot Locate: menu
2022-10-25 15:44:50,461 - ERROR - <module> : Cannot Locate: menu
2022-10-25 15:44:50,461 - ERROR - <module> : Cannot Locate: menu
2022-10-25 15:44:50,734 - INFO - setup : Close Browser
