2023-01-09 16:07:43,404 - INFO - setup : Browser Launched!
2023-01-09 16:07:52,801 - INFO - <module> : Go to https://fuat-meralco.cs73.force.com/customers/s/cxe-apply
2023-01-09 16:07:52,801 - INFO - <module> : Go to https://fuat-meralco.cs73.force.com/customers/s/cxe-apply
2023-01-09 16:07:52,801 - INFO - <module> : Go to https://fuat-meralco.cs73.force.com/customers/s/cxe-apply
2023-01-09 16:07:52,801 - INFO - <module> : Go to https://fuat-meralco.cs73.force.com/customers/s/cxe-apply
2023-01-09 16:07:52,801 - INFO - <module> : Go to https://fuat-meralco.cs73.force.com/customers/s/cxe-apply
2023-01-09 16:07:54,716 - INFO - <module> : Opened: https://fuat-meralco.cs73.force.com/customers/s/cxe-apply
2023-01-09 16:07:54,716 - INFO - <module> : Opened: https://fuat-meralco.cs73.force.com/customers/s/cxe-apply
2023-01-09 16:07:54,716 - INFO - <module> : Opened: https://fuat-meralco.cs73.force.com/customers/s/cxe-apply
2023-01-09 16:07:54,716 - INFO - <module> : Opened: https://fuat-meralco.cs73.force.com/customers/s/cxe-apply
2023-01-09 16:07:54,716 - INFO - <module> : Opened: https://fuat-meralco.cs73.force.com/customers/s/cxe-apply
2023-01-09 16:07:56,415 - INFO - <module> : Service Application exists
2023-01-09 16:07:56,415 - INFO - <module> : Service Application exists
2023-01-09 16:07:56,415 - INFO - <module> : Service Application exists
2023-01-09 16:07:56,415 - INFO - <module> : Service Application exists
2023-01-09 16:07:56,415 - INFO - <module> : Service Application exists
2023-01-09 16:07:59,296 - INFO - <module> : Click on Business
2023-01-09 16:07:59,296 - INFO - <module> : Click on Business
2023-01-09 16:07:59,296 - INFO - <module> : Click on Business
2023-01-09 16:07:59,296 - INFO - <module> : Click on Business
2023-01-09 16:07:59,296 - INFO - <module> : Click on Business
2023-01-09 16:07:59,360 - INFO - <module> : Clicked
2023-01-09 16:07:59,360 - INFO - <module> : Clicked
2023-01-09 16:07:59,360 - INFO - <module> : Clicked
2023-01-09 16:07:59,360 - INFO - <module> : Clicked
2023-01-09 16:07:59,360 - INFO - <module> : Clicked
2023-01-09 16:07:59,401 - INFO - <module> : INDIVIDUAL
Are you applying for your home or microbusiness? Get started by clicking an option below. exists
2023-01-09 16:07:59,401 - INFO - <module> : INDIVIDUAL
Are you applying for your home or microbusiness? Get started by clicking an option below. exists
2023-01-09 16:07:59,401 - INFO - <module> : INDIVIDUAL
Are you applying for your home or microbusiness? Get started by clicking an option below. exists
2023-01-09 16:07:59,401 - INFO - <module> : INDIVIDUAL
Are you applying for your home or microbusiness? Get started by clicking an option below. exists
2023-01-09 16:07:59,401 - INFO - <module> : INDIVIDUAL
Are you applying for your home or microbusiness? Get started by clicking an option below. exists
2023-01-09 16:07:59,443 - INFO - <module> : Start Service exists
2023-01-09 16:07:59,443 - INFO - <module> : Start Service exists
2023-01-09 16:07:59,443 - INFO - <module> : Start Service exists
2023-01-09 16:07:59,443 - INFO - <module> : Start Service exists
2023-01-09 16:07:59,443 - INFO - <module> : Start Service exists
2023-01-09 16:07:59,467 - INFO - <module> : Start Service exists
2023-01-09 16:07:59,467 - INFO - <module> : Start Service exists
2023-01-09 16:07:59,467 - INFO - <module> : Start Service exists
2023-01-09 16:07:59,467 - INFO - <module> : Start Service exists
2023-01-09 16:07:59,467 - INFO - <module> : Start Service exists
2023-01-09 16:07:59,489 - INFO - <module> : Start Service exists
2023-01-09 16:07:59,489 - INFO - <module> : Start Service exists
2023-01-09 16:07:59,489 - INFO - <module> : Start Service exists
2023-01-09 16:07:59,489 - INFO - <module> : Start Service exists
2023-01-09 16:07:59,489 - INFO - <module> : Start Service exists
2023-01-09 16:08:02,387 - INFO - <module> : Click on Start a Service
2023-01-09 16:08:02,387 - INFO - <module> : Click on Start a Service
2023-01-09 16:08:02,387 - INFO - <module> : Click on Start a Service
2023-01-09 16:08:02,387 - INFO - <module> : Click on Start a Service
2023-01-09 16:08:02,387 - INFO - <module> : Click on Start a Service
2023-01-09 16:08:02,465 - INFO - <module> : Clicked
2023-01-09 16:08:02,465 - INFO - <module> : Clicked
2023-01-09 16:08:02,465 - INFO - <module> : Clicked
2023-01-09 16:08:02,465 - INFO - <module> : Clicked
2023-01-09 16:08:02,465 - INFO - <module> : Clicked
2023-01-09 16:08:02,675 - INFO - <module> : Clicked
2023-01-09 16:08:02,675 - INFO - <module> : Clicked
2023-01-09 16:08:02,675 - INFO - <module> : Clicked
2023-01-09 16:08:02,675 - INFO - <module> : Clicked
2023-01-09 16:08:02,675 - INFO - <module> : Clicked
2023-01-09 16:08:05,669 - INFO - <module> : Click No
2023-01-09 16:08:05,669 - INFO - <module> : Click No
2023-01-09 16:08:05,669 - INFO - <module> : Click No
2023-01-09 16:08:05,669 - INFO - <module> : Click No
2023-01-09 16:08:05,669 - INFO - <module> : Click No
2023-01-09 16:08:05,724 - INFO - <module> : Start a Service exists
2023-01-09 16:08:05,724 - INFO - <module> : Start a Service exists
2023-01-09 16:08:05,724 - INFO - <module> : Start a Service exists
2023-01-09 16:08:05,724 - INFO - <module> : Start a Service exists
2023-01-09 16:08:05,724 - INFO - <module> : Start a Service exists
2023-01-09 16:08:08,600 - INFO - <module> : Populate the following fields:
- Company Name
- Trade Name (Optional)
- Company Email Address (Optional)
- Company Landline
- First Name
- Last Name
- Email Address
- Mobile Number
- Designation

> Click Next
2023-01-09 16:08:08,600 - INFO - <module> : Populate the following fields:
- Company Name
- Trade Name (Optional)
- Company Email Address (Optional)
- Company Landline
- First Name
- Last Name
- Email Address
- Mobile Number
- Designation

> Click Next
2023-01-09 16:08:08,600 - INFO - <module> : Populate the following fields:
- Company Name
- Trade Name (Optional)
- Company Email Address (Optional)
- Company Landline
- First Name
- Last Name
- Email Address
- Mobile Number
- Designation

> Click Next
2023-01-09 16:08:08,600 - INFO - <module> : Populate the following fields:
- Company Name
- Trade Name (Optional)
- Company Email Address (Optional)
- Company Landline
- First Name
- Last Name
- Email Address
- Mobile Number
- Designation

> Click Next
2023-01-09 16:08:08,600 - INFO - <module> : Populate the following fields:
- Company Name
- Trade Name (Optional)
- Company Email Address (Optional)
- Company Landline
- First Name
- Last Name
- Email Address
- Mobile Number
- Designation

> Click Next
2023-01-09 16:08:08,707 - INFO - <module> : input: automation1
2023-01-09 16:08:08,707 - INFO - <module> : input: automation1
2023-01-09 16:08:08,707 - INFO - <module> : input: automation1
2023-01-09 16:08:08,707 - INFO - <module> : input: automation1
2023-01-09 16:08:08,707 - INFO - <module> : input: automation1
2023-01-09 16:08:08,778 - INFO - <module> : input: automation2
2023-01-09 16:08:08,778 - INFO - <module> : input: automation2
2023-01-09 16:08:08,778 - INFO - <module> : input: automation2
2023-01-09 16:08:08,778 - INFO - <module> : input: automation2
2023-01-09 16:08:08,778 - INFO - <module> : input: automation2
2023-01-09 16:08:08,813 - INFO - <module> : input: automation3
2023-01-09 16:08:08,813 - INFO - <module> : input: automation3
2023-01-09 16:08:08,813 - INFO - <module> : input: automation3
2023-01-09 16:08:08,813 - INFO - <module> : input: automation3
2023-01-09 16:08:08,813 - INFO - <module> : input: automation3
2023-01-09 16:08:08,875 - INFO - <module> : input: +63945113252
2023-01-09 16:08:08,875 - INFO - <module> : input: +63945113252
2023-01-09 16:08:08,875 - INFO - <module> : input: +63945113252
2023-01-09 16:08:08,875 - INFO - <module> : input: +63945113252
2023-01-09 16:08:08,875 - INFO - <module> : input: +63945113252
2023-01-09 16:08:08,955 - INFO - <module> : input: automation5
2023-01-09 16:08:08,955 - INFO - <module> : input: automation5
2023-01-09 16:08:08,955 - INFO - <module> : input: automation5
2023-01-09 16:08:08,955 - INFO - <module> : input: automation5
2023-01-09 16:08:08,955 - INFO - <module> : input: automation5
2023-01-09 16:08:09,027 - INFO - <module> : input: automation6
2023-01-09 16:08:09,027 - INFO - <module> : input: automation6
2023-01-09 16:08:09,027 - INFO - <module> : input: automation6
2023-01-09 16:08:09,027 - INFO - <module> : input: automation6
2023-01-09 16:08:09,027 - INFO - <module> : input: automation6
2023-01-09 16:08:09,107 - INFO - <module> : input: automation2@yopmail.com
2023-01-09 16:08:09,107 - INFO - <module> : input: automation2@yopmail.com
2023-01-09 16:08:09,107 - INFO - <module> : input: automation2@yopmail.com
2023-01-09 16:08:09,107 - INFO - <module> : input: automation2@yopmail.com
2023-01-09 16:08:09,107 - INFO - <module> : input: automation2@yopmail.com
2023-01-09 16:08:09,173 - INFO - <module> : input: +639234567891
2023-01-09 16:08:09,173 - INFO - <module> : input: +639234567891
2023-01-09 16:08:09,173 - INFO - <module> : input: +639234567891
2023-01-09 16:08:09,173 - INFO - <module> : input: +639234567891
2023-01-09 16:08:09,173 - INFO - <module> : input: +639234567891
2023-01-09 16:08:09,235 - INFO - <module> : input: manager
2023-01-09 16:08:09,235 - INFO - <module> : input: manager
2023-01-09 16:08:09,235 - INFO - <module> : input: manager
2023-01-09 16:08:09,235 - INFO - <module> : input: manager
2023-01-09 16:08:09,235 - INFO - <module> : input: manager
2023-01-09 16:08:11,498 - INFO - <module> : Clicked
2023-01-09 16:08:11,498 - INFO - <module> : Clicked
2023-01-09 16:08:11,498 - INFO - <module> : Clicked
2023-01-09 16:08:11,498 - INFO - <module> : Clicked
2023-01-09 16:08:11,498 - INFO - <module> : Clicked
2023-01-09 16:08:11,539 - INFO - <module> : 2NEW ADDRESS exists
2023-01-09 16:08:11,539 - INFO - <module> : 2NEW ADDRESS exists
2023-01-09 16:08:11,539 - INFO - <module> : 2NEW ADDRESS exists
2023-01-09 16:08:11,539 - INFO - <module> : 2NEW ADDRESS exists
2023-01-09 16:08:11,539 - INFO - <module> : 2NEW ADDRESS exists
2023-01-09 16:08:14,466 - INFO - <module> : Populate the following:
Service Address
Province
City / Municipality
Home Ownership
Billing Address Indicator

> Click Next
2023-01-09 16:08:14,466 - INFO - <module> : Populate the following:
Service Address
Province
City / Municipality
Home Ownership
Billing Address Indicator

> Click Next
2023-01-09 16:08:14,466 - INFO - <module> : Populate the following:
Service Address
Province
City / Municipality
Home Ownership
Billing Address Indicator

> Click Next
2023-01-09 16:08:14,466 - INFO - <module> : Populate the following:
Service Address
Province
City / Municipality
Home Ownership
Billing Address Indicator

> Click Next
2023-01-09 16:08:14,466 - INFO - <module> : Populate the following:
Service Address
Province
City / Municipality
Home Ownership
Billing Address Indicator

> Click Next
2023-01-09 16:08:14,554 - INFO - <module> : input: atsrviceadd
2023-01-09 16:08:14,554 - INFO - <module> : input: atsrviceadd
2023-01-09 16:08:14,554 - INFO - <module> : input: atsrviceadd
2023-01-09 16:08:14,554 - INFO - <module> : input: atsrviceadd
2023-01-09 16:08:14,554 - INFO - <module> : input: atsrviceadd
2023-01-09 16:08:14,610 - INFO - <module> : Clicked
2023-01-09 16:08:14,610 - INFO - <module> : Clicked
2023-01-09 16:08:14,610 - INFO - <module> : Clicked
2023-01-09 16:08:14,610 - INFO - <module> : Clicked
2023-01-09 16:08:14,610 - INFO - <module> : Clicked
2023-01-09 16:08:14,664 - INFO - <module> : Clicked
2023-01-09 16:08:14,664 - INFO - <module> : Clicked
2023-01-09 16:08:14,664 - INFO - <module> : Clicked
2023-01-09 16:08:14,664 - INFO - <module> : Clicked
2023-01-09 16:08:14,664 - INFO - <module> : Clicked
2023-01-09 16:08:14,727 - INFO - <module> : Clicked
2023-01-09 16:08:14,727 - INFO - <module> : Clicked
2023-01-09 16:08:14,727 - INFO - <module> : Clicked
2023-01-09 16:08:14,727 - INFO - <module> : Clicked
2023-01-09 16:08:14,727 - INFO - <module> : Clicked
2023-01-09 16:08:14,791 - INFO - <module> : Clicked
2023-01-09 16:08:14,791 - INFO - <module> : Clicked
2023-01-09 16:08:14,791 - INFO - <module> : Clicked
2023-01-09 16:08:14,791 - INFO - <module> : Clicked
2023-01-09 16:08:14,791 - INFO - <module> : Clicked
2023-01-09 16:08:14,852 - INFO - <module> : Clicked
2023-01-09 16:08:14,852 - INFO - <module> : Clicked
2023-01-09 16:08:14,852 - INFO - <module> : Clicked
2023-01-09 16:08:14,852 - INFO - <module> : Clicked
2023-01-09 16:08:14,852 - INFO - <module> : Clicked
2023-01-09 16:08:14,921 - INFO - <module> : Clicked
2023-01-09 16:08:14,921 - INFO - <module> : Clicked
2023-01-09 16:08:14,921 - INFO - <module> : Clicked
2023-01-09 16:08:14,921 - INFO - <module> : Clicked
2023-01-09 16:08:14,921 - INFO - <module> : Clicked
2023-01-09 16:08:17,140 - INFO - <module> : 3VALUE ADDED SERVICES exists
2023-01-09 16:08:17,140 - INFO - <module> : 3VALUE ADDED SERVICES exists
2023-01-09 16:08:17,140 - INFO - <module> : 3VALUE ADDED SERVICES exists
2023-01-09 16:08:17,140 - INFO - <module> : 3VALUE ADDED SERVICES exists
2023-01-09 16:08:17,140 - INFO - <module> : 3VALUE ADDED SERVICES exists
2023-01-09 16:08:20,121 - INFO - <module> : Clicked
2023-01-09 16:08:20,121 - INFO - <module> : Clicked
2023-01-09 16:08:20,121 - INFO - <module> : Clicked
2023-01-09 16:08:20,121 - INFO - <module> : Clicked
2023-01-09 16:08:20,121 - INFO - <module> : Clicked
2023-01-09 16:08:23,091 - INFO - <module> : Clicked
2023-01-09 16:08:23,091 - INFO - <module> : Clicked
2023-01-09 16:08:23,091 - INFO - <module> : Clicked
2023-01-09 16:08:23,091 - INFO - <module> : Clicked
2023-01-09 16:08:23,091 - INFO - <module> : Clicked
2023-01-09 16:08:46,084 - INFO - <module> : Submit exists
2023-01-09 16:08:46,084 - INFO - <module> : Submit exists
2023-01-09 16:08:46,084 - INFO - <module> : Submit exists
2023-01-09 16:08:46,084 - INFO - <module> : Submit exists
2023-01-09 16:08:46,084 - INFO - <module> : Submit exists
2023-01-09 16:08:49,064 - INFO - <module> : Clicked
2023-01-09 16:08:49,064 - INFO - <module> : Clicked
2023-01-09 16:08:49,064 - INFO - <module> : Clicked
2023-01-09 16:08:49,064 - INFO - <module> : Clicked
2023-01-09 16:08:49,064 - INFO - <module> : Clicked
2023-01-09 16:08:53,839 - INFO - <module> : Clicked
2023-01-09 16:08:53,839 - INFO - <module> : Clicked
2023-01-09 16:08:53,839 - INFO - <module> : Clicked
2023-01-09 16:08:53,839 - INFO - <module> : Clicked
2023-01-09 16:08:53,839 - INFO - <module> : Clicked
2023-01-09 16:08:56,029 - INFO - <module> : TC051 Passed
2023-01-09 16:08:56,029 - INFO - <module> : TC051 Passed
2023-01-09 16:08:56,029 - INFO - <module> : TC051 Passed
2023-01-09 16:08:56,029 - INFO - <module> : TC051 Passed
2023-01-09 16:08:56,029 - INFO - <module> : TC051 Passed
2023-01-09 16:08:56,094 - INFO - setup : Close Browser
