2022-11-23 09:36:44,724 - INFO - setup : Browser Launched!
2022-11-23 09:36:52,961 - INFO - <module> : Opened: https://fuat-meralco.cs73.force.com/customers/s/contact
2022-11-23 09:36:52,961 - INFO - <module> : Opened: https://fuat-meralco.cs73.force.com/customers/s/contact
2022-11-23 09:36:52,961 - INFO - <module> : Opened: https://fuat-meralco.cs73.force.com/customers/s/contact
2022-11-23 09:36:52,961 - INFO - <module> : Opened: https://fuat-meralco.cs73.force.com/customers/s/contact
2022-11-23 09:36:53,229 - INFO - <module> : Clicked
2022-11-23 09:36:53,229 - INFO - <module> : Clicked
2022-11-23 09:36:53,229 - INFO - <module> : Clicked
2022-11-23 09:36:53,229 - INFO - <module> : Clicked
2022-11-23 09:37:06,657 - INFO - <module> :  exists
2022-11-23 09:37:06,657 - INFO - <module> :  exists
2022-11-23 09:37:06,657 - INFO - <module> :  exists
2022-11-23 09:37:06,657 - INFO - <module> :  exists
2022-11-23 09:37:10,268 - INFO - <module> : input: 3535100272
2022-11-23 09:37:10,268 - INFO - <module> : input: 3535100272
2022-11-23 09:37:10,268 - INFO - <module> : input: 3535100272
2022-11-23 09:37:10,268 - INFO - <module> : input: 3535100272
2022-11-23 09:37:10,330 - INFO - <module> : input: automation
2022-11-23 09:37:10,330 - INFO - <module> : input: automation
2022-11-23 09:37:10,330 - INFO - <module> : input: automation
2022-11-23 09:37:10,330 - INFO - <module> : input: automation
2022-11-23 09:37:10,390 - INFO - <module> : input: outage
2022-11-23 09:37:10,390 - INFO - <module> : input: outage
2022-11-23 09:37:10,390 - INFO - <module> : input: outage
2022-11-23 09:37:10,390 - INFO - <module> : input: outage
2022-11-23 09:37:10,490 - INFO - <module> : input: atconcernsingle@yopmail.com
2022-11-23 09:37:10,490 - INFO - <module> : input: atconcernsingle@yopmail.com
2022-11-23 09:37:10,490 - INFO - <module> : input: atconcernsingle@yopmail.com
2022-11-23 09:37:10,490 - INFO - <module> : input: atconcernsingle@yopmail.com
2022-11-23 09:37:10,557 - INFO - <module> : input: +639758880795
2022-11-23 09:37:10,557 - INFO - <module> : input: +639758880795
2022-11-23 09:37:10,557 - INFO - <module> : input: +639758880795
2022-11-23 09:37:10,557 - INFO - <module> : input: +639758880795
2022-11-23 09:37:10,643 - INFO - <module> : input: Sample Remarks
2022-11-23 09:37:10,643 - INFO - <module> : input: Sample Remarks
2022-11-23 09:37:10,643 - INFO - <module> : input: Sample Remarks
2022-11-23 09:37:10,643 - INFO - <module> : input: Sample Remarks
2022-11-23 09:37:10,696 - INFO - <module> : input: Sample Remarks
2022-11-23 09:37:10,696 - INFO - <module> : input: Sample Remarks
2022-11-23 09:37:10,696 - INFO - <module> : input: Sample Remarks
2022-11-23 09:37:10,696 - INFO - <module> : input: Sample Remarks
2022-11-23 09:37:13,744 - INFO - <module> : Clicked
2022-11-23 09:37:13,744 - INFO - <module> : Clicked
2022-11-23 09:37:13,744 - INFO - <module> : Clicked
2022-11-23 09:37:13,744 - INFO - <module> : Clicked
2022-11-23 09:37:23,195 - INFO - <module> : Opened: https://fuat-meralco.cs73.force.com/customers/s/concernstatus
2022-11-23 09:37:23,195 - INFO - <module> : Opened: https://fuat-meralco.cs73.force.com/customers/s/concernstatus
2022-11-23 09:37:23,195 - INFO - <module> : Opened: https://fuat-meralco.cs73.force.com/customers/s/concernstatus
2022-11-23 09:37:23,195 - INFO - <module> : Opened: https://fuat-meralco.cs73.force.com/customers/s/concernstatus
2022-11-23 09:37:23,393 - INFO - <module> : input: 22112251408
2022-11-23 09:37:23,393 - INFO - <module> : input: 22112251408
2022-11-23 09:37:23,393 - INFO - <module> : input: 22112251408
2022-11-23 09:37:23,393 - INFO - <module> : input: 22112251408
2022-11-23 09:37:23,474 - INFO - <module> : input: outage
2022-11-23 09:37:23,474 - INFO - <module> : input: outage
2022-11-23 09:37:23,474 - INFO - <module> : input: outage
2022-11-23 09:37:23,474 - INFO - <module> : input: outage
2022-11-23 09:37:23,534 - INFO - <module> : Clicked
2022-11-23 09:37:23,534 - INFO - <module> : Clicked
2022-11-23 09:37:23,534 - INFO - <module> : Clicked
2022-11-23 09:37:23,534 - INFO - <module> : Clicked
2022-11-23 09:37:32,811 - INFO - <module> : Opened: https://yopmail.com/en/
2022-11-23 09:37:32,811 - INFO - <module> : Opened: https://yopmail.com/en/
2022-11-23 09:37:32,811 - INFO - <module> : Opened: https://yopmail.com/en/
2022-11-23 09:37:32,811 - INFO - <module> : Opened: https://yopmail.com/en/
2022-11-23 09:37:32,957 - INFO - <module> : input: atconcernsingle@yopmail.com
2022-11-23 09:37:32,957 - INFO - <module> : input: atconcernsingle@yopmail.com
2022-11-23 09:37:32,957 - INFO - <module> : input: atconcernsingle@yopmail.com
2022-11-23 09:37:32,957 - INFO - <module> : input: atconcernsingle@yopmail.com
2022-11-23 09:37:34,536 - INFO - <module> : Clicked
2022-11-23 09:37:34,536 - INFO - <module> : Clicked
2022-11-23 09:37:34,536 - INFO - <module> : Clicked
2022-11-23 09:37:34,536 - INFO - <module> : Clicked
2022-11-23 09:37:36,834 - INFO - setup : Close Browser
