2022-10-19 10:35:49,704 - INFO - setup : Browser Launched!
2022-10-19 10:36:02,829 - INFO - <module> : Login to Meralco Online
2022-10-19 10:36:02,829 - INFO - <module> : Login to Meralco Online
2022-10-19 10:36:02,829 - INFO - <module> : Login to Meralco Online
2022-10-19 10:36:02,829 - INFO - <module> : Login to Meralco Online
2022-10-19 10:36:03,008 - INFO - <module> : input: atmooutageaccount@yopmail.com
2022-10-19 10:36:03,008 - INFO - <module> : input: atmooutageaccount@yopmail.com
2022-10-19 10:36:03,008 - INFO - <module> : input: atmooutageaccount@yopmail.com
2022-10-19 10:36:03,008 - INFO - <module> : input: atmooutageaccount@yopmail.com
2022-10-19 10:36:03,104 - INFO - <module> : input: Meralco01
2022-10-19 10:36:03,104 - INFO - <module> : input: Meralco01
2022-10-19 10:36:03,104 - INFO - <module> : input: Meralco01
2022-10-19 10:36:03,104 - INFO - <module> : input: Meralco01
2022-10-19 10:36:03,186 - INFO - <module> : Clicked
2022-10-19 10:36:03,186 - INFO - <module> : Clicked
2022-10-19 10:36:03,186 - INFO - <module> : Clicked
2022-10-19 10:36:03,186 - INFO - <module> : Clicked
2022-10-19 10:36:06,771 - INFO - <module> : Hello, exists
2022-10-19 10:36:06,771 - INFO - <module> : Hello, exists
2022-10-19 10:36:06,771 - INFO - <module> : Hello, exists
2022-10-19 10:36:06,771 - INFO - <module> : Hello, exists
2022-10-19 10:36:06,798 - INFO - <module> : Hello, exists
2022-10-19 10:36:06,798 - INFO - <module> : Hello, exists
2022-10-19 10:36:06,798 - INFO - <module> : Hello, exists
2022-10-19 10:36:06,798 - INFO - <module> : Hello, exists
2022-10-19 10:36:09,859 - INFO - <module> : Go to Outages & Incidents > View/Report Outages
2022-10-19 10:36:09,859 - INFO - <module> : Go to Outages & Incidents > View/Report Outages
2022-10-19 10:36:09,859 - INFO - <module> : Go to Outages & Incidents > View/Report Outages
2022-10-19 10:36:09,859 - INFO - <module> : Go to Outages & Incidents > View/Report Outages
2022-10-19 10:36:09,935 - INFO - <module> : Clicked
2022-10-19 10:36:09,935 - INFO - <module> : Clicked
2022-10-19 10:36:09,935 - INFO - <module> : Clicked
2022-10-19 10:36:09,935 - INFO - <module> : Clicked
2022-10-19 10:36:10,002 - INFO - <module> :  clicked
2022-10-19 10:36:10,002 - INFO - <module> :  clicked
2022-10-19 10:36:10,002 - INFO - <module> :  clicked
2022-10-19 10:36:10,002 - INFO - <module> :  clicked
2022-10-19 10:36:22,528 - INFO - <module> : Okay clicked
2022-10-19 10:36:22,528 - INFO - <module> : Okay clicked
2022-10-19 10:36:22,528 - INFO - <module> : Okay clicked
2022-10-19 10:36:22,528 - INFO - <module> : Okay clicked
2022-10-19 10:36:25,947 - INFO - <module> : Click on Map Views button > Click Meralco Business Center under Map Layers
2022-10-19 10:36:25,947 - INFO - <module> : Click on Map Views button > Click Meralco Business Center under Map Layers
2022-10-19 10:36:25,947 - INFO - <module> : Click on Map Views button > Click Meralco Business Center under Map Layers
2022-10-19 10:36:25,947 - INFO - <module> : Click on Map Views button > Click Meralco Business Center under Map Layers
2022-10-19 10:36:26,086 - INFO - <module> : Clicked
2022-10-19 10:36:26,086 - INFO - <module> : Clicked
2022-10-19 10:36:26,086 - INFO - <module> : Clicked
2022-10-19 10:36:26,086 - INFO - <module> : Clicked
2022-10-19 10:36:58,875 - ERROR - <module> : Cannot Locate: meralcoicon
2022-10-19 10:36:58,875 - ERROR - <module> : Cannot Locate: meralcoicon
2022-10-19 10:36:58,875 - ERROR - <module> : Cannot Locate: meralcoicon
2022-10-19 10:36:58,875 - ERROR - <module> : Cannot Locate: meralcoicon
2022-10-19 10:36:58,919 - INFO - setup : Close Browser
