2022-10-25 14:52:24,617 - INFO - setup : Browser Launched!
2022-10-25 14:52:41,430 - INFO - <module> : Go to Internal Map 
2022-10-25 14:52:41,430 - INFO - <module> : Go to Internal Map 
2022-10-25 14:52:41,430 - INFO - <module> : Go to Internal Map 
2022-10-25 14:52:41,430 - INFO - <module> : Go to Internal Map 
2022-10-25 14:52:43,383 - INFO - <module> : Opened: https://outage-api.meralco.com.ph/
2022-10-25 14:52:43,383 - INFO - <module> : Opened: https://outage-api.meralco.com.ph/
2022-10-25 14:52:43,383 - INFO - <module> : Opened: https://outage-api.meralco.com.ph/
2022-10-25 14:52:43,383 - INFO - <module> : Opened: https://outage-api.meralco.com.ph/
2022-10-25 14:52:44,946 - INFO - <module> : input: v-lvlgalvez@meralco.com.ph
2022-10-25 14:52:44,946 - INFO - <module> : input: v-lvlgalvez@meralco.com.ph
2022-10-25 14:52:44,946 - INFO - <module> : input: v-lvlgalvez@meralco.com.ph
2022-10-25 14:52:44,946 - INFO - <module> : input: v-lvlgalvez@meralco.com.ph
2022-10-25 14:52:45,081 - INFO - <module> : Clicked
2022-10-25 14:52:45,081 - INFO - <module> : Clicked
2022-10-25 14:52:45,081 - INFO - <module> : Clicked
2022-10-25 14:52:45,081 - INFO - <module> : Clicked
2022-10-25 14:52:46,259 - INFO - <module> : input: Mecopass@@!!129
2022-10-25 14:52:46,259 - INFO - <module> : input: Mecopass@@!!129
2022-10-25 14:52:46,259 - INFO - <module> : input: Mecopass@@!!129
2022-10-25 14:52:46,259 - INFO - <module> : input: Mecopass@@!!129
2022-10-25 14:52:47,127 - INFO - <module> : Clicked
2022-10-25 14:52:47,127 - INFO - <module> : Clicked
2022-10-25 14:52:47,127 - INFO - <module> : Clicked
2022-10-25 14:52:47,127 - INFO - <module> : Clicked
2022-10-25 14:52:47,895 - INFO - <module> : Clicked
2022-10-25 14:52:47,895 - INFO - <module> : Clicked
2022-10-25 14:52:47,895 - INFO - <module> : Clicked
2022-10-25 14:52:47,895 - INFO - <module> : Clicked
2022-10-25 14:53:16,740 - INFO - <module> : Clicked
2022-10-25 14:53:16,740 - INFO - <module> : Clicked
2022-10-25 14:53:16,740 - INFO - <module> : Clicked
2022-10-25 14:53:16,740 - INFO - <module> : Clicked
2022-10-25 14:53:47,175 - INFO - setup : Close Browser
