2022-11-17 11:16:29,065 - INFO - setup : Browser Launched!
2022-11-17 11:16:34,658 - INFO - <module> : Go to Map Displays -> tick Scheduled Interruption -> tick Outage Pins
2022-11-17 11:16:34,658 - INFO - <module> : Go to Map Displays -> tick Scheduled Interruption -> tick Outage Pins
2022-11-17 11:16:34,658 - INFO - <module> : Go to Map Displays -> tick Scheduled Interruption -> tick Outage Pins
2022-11-17 11:16:34,658 - INFO - <module> : Go to Map Displays -> tick Scheduled Interruption -> tick Outage Pins
2022-11-17 11:16:36,172 - INFO - <module> : Opened: https://outage-api.meralco.com.ph/
2022-11-17 11:16:36,172 - INFO - <module> : Opened: https://outage-api.meralco.com.ph/
2022-11-17 11:16:36,172 - INFO - <module> : Opened: https://outage-api.meralco.com.ph/
2022-11-17 11:16:36,172 - INFO - <module> : Opened: https://outage-api.meralco.com.ph/
2022-11-17 11:16:38,903 - INFO - <module> : input: v-lvlgalvez@meralco.com.ph
2022-11-17 11:16:38,903 - INFO - <module> : input: v-lvlgalvez@meralco.com.ph
2022-11-17 11:16:38,903 - INFO - <module> : input: v-lvlgalvez@meralco.com.ph
2022-11-17 11:16:38,903 - INFO - <module> : input: v-lvlgalvez@meralco.com.ph
2022-11-17 11:16:38,949 - INFO - <module> : Clicked
2022-11-17 11:16:38,949 - INFO - <module> : Clicked
2022-11-17 11:16:38,949 - INFO - <module> : Clicked
2022-11-17 11:16:38,949 - INFO - <module> : Clicked
2022-11-17 11:16:40,027 - INFO - <module> : input: Mecopass@@!!121
2022-11-17 11:16:40,027 - INFO - <module> : input: Mecopass@@!!121
2022-11-17 11:16:40,027 - INFO - <module> : input: Mecopass@@!!121
2022-11-17 11:16:40,027 - INFO - <module> : input: Mecopass@@!!121
2022-11-17 11:16:40,387 - INFO - <module> : Clicked
2022-11-17 11:16:40,387 - INFO - <module> : Clicked
2022-11-17 11:16:40,387 - INFO - <module> : Clicked
2022-11-17 11:16:40,387 - INFO - <module> : Clicked
2022-11-17 11:16:40,986 - INFO - <module> : Clicked
2022-11-17 11:16:40,986 - INFO - <module> : Clicked
2022-11-17 11:16:40,986 - INFO - <module> : Clicked
2022-11-17 11:16:40,986 - INFO - <module> : Clicked
2022-11-17 11:17:36,218 - INFO - setup : Close Browser
