2023-01-10 11:05:05,777 - INFO - setup : Browser Launched!
2023-01-10 11:05:14,673 - INFO - <module> : Go to Outages & Incidents > Report Streetlight And Safety Concerns
2023-01-10 11:05:14,673 - INFO - <module> : Go to Outages & Incidents > Report Streetlight And Safety Concerns
2023-01-10 11:05:14,673 - INFO - <module> : Go to Outages & Incidents > Report Streetlight And Safety Concerns
2023-01-10 11:05:14,673 - INFO - <module> : Go to Outages & Incidents > Report Streetlight And Safety Concerns
2023-01-10 11:05:14,673 - INFO - <module> : Go to Outages & Incidents > Report Streetlight And Safety Concerns
2023-01-10 11:05:15,842 - INFO - <module> : Opened: https://fuat-meralco.cs73.force.com/customers/s/outagemap
2023-01-10 11:05:15,842 - INFO - <module> : Opened: https://fuat-meralco.cs73.force.com/customers/s/outagemap
2023-01-10 11:05:15,842 - INFO - <module> : Opened: https://fuat-meralco.cs73.force.com/customers/s/outagemap
2023-01-10 11:05:15,842 - INFO - <module> : Opened: https://fuat-meralco.cs73.force.com/customers/s/outagemap
2023-01-10 11:05:15,842 - INFO - <module> : Opened: https://fuat-meralco.cs73.force.com/customers/s/outagemap
2023-01-10 11:05:37,191 - INFO - <module> : Meralco would like to access your location to identify if your area is affected by an outage. exists
2023-01-10 11:05:37,191 - INFO - <module> : Meralco would like to access your location to identify if your area is affected by an outage. exists
2023-01-10 11:05:37,191 - INFO - <module> : Meralco would like to access your location to identify if your area is affected by an outage. exists
2023-01-10 11:05:37,191 - INFO - <module> : Meralco would like to access your location to identify if your area is affected by an outage. exists
2023-01-10 11:05:37,191 - INFO - <module> : Meralco would like to access your location to identify if your area is affected by an outage. exists
2023-01-10 11:05:39,295 - INFO - <module> : Clicked
2023-01-10 11:05:39,295 - INFO - <module> : Clicked
2023-01-10 11:05:39,295 - INFO - <module> : Clicked
2023-01-10 11:05:39,295 - INFO - <module> : Clicked
2023-01-10 11:05:39,295 - INFO - <module> : Clicked
2023-01-10 11:05:43,384 - INFO - <module> : Clicked
2023-01-10 11:05:43,384 - INFO - <module> : Clicked
2023-01-10 11:05:43,384 - INFO - <module> : Clicked
2023-01-10 11:05:43,384 - INFO - <module> : Clicked
2023-01-10 11:05:43,384 - INFO - <module> : Clicked
2023-01-10 11:05:51,441 - INFO - <module> : Report an Outage or Incident exists
2023-01-10 11:05:51,441 - INFO - <module> : Report an Outage or Incident exists
2023-01-10 11:05:51,441 - INFO - <module> : Report an Outage or Incident exists
2023-01-10 11:05:51,441 - INFO - <module> : Report an Outage or Incident exists
2023-01-10 11:05:51,441 - INFO - <module> : Report an Outage or Incident exists
2023-01-10 11:05:51,496 - INFO - <module> : Clicked
2023-01-10 11:05:51,496 - INFO - <module> : Clicked
2023-01-10 11:05:51,496 - INFO - <module> : Clicked
2023-01-10 11:05:51,496 - INFO - <module> : Clicked
2023-01-10 11:05:51,496 - INFO - <module> : Clicked
2023-01-10 11:05:54,344 - INFO - <module> : Populate required fields > click Submit
2023-01-10 11:05:54,344 - INFO - <module> : Populate required fields > click Submit
2023-01-10 11:05:54,344 - INFO - <module> : Populate required fields > click Submit
2023-01-10 11:05:54,344 - INFO - <module> : Populate required fields > click Submit
2023-01-10 11:05:54,344 - INFO - <module> : Populate required fields > click Submit
2023-01-10 11:05:54,415 - INFO - <module> : Clicked
2023-01-10 11:05:54,415 - INFO - <module> : Clicked
2023-01-10 11:05:54,415 - INFO - <module> : Clicked
2023-01-10 11:05:54,415 - INFO - <module> : Clicked
2023-01-10 11:05:54,415 - INFO - <module> : Clicked
2023-01-10 11:05:54,466 - INFO - <module> : Clicked
2023-01-10 11:05:54,466 - INFO - <module> : Clicked
2023-01-10 11:05:54,466 - INFO - <module> : Clicked
2023-01-10 11:05:54,466 - INFO - <module> : Clicked
2023-01-10 11:05:54,466 - INFO - <module> : Clicked
2023-01-10 11:05:55,034 - INFO - <module> : Clicked
2023-01-10 11:05:55,034 - INFO - <module> : Clicked
2023-01-10 11:05:55,034 - INFO - <module> : Clicked
2023-01-10 11:05:55,034 - INFO - <module> : Clicked
2023-01-10 11:05:55,034 - INFO - <module> : Clicked
2023-01-10 11:05:55,590 - INFO - <module> : Clicked
2023-01-10 11:05:55,590 - INFO - <module> : Clicked
2023-01-10 11:05:55,590 - INFO - <module> : Clicked
2023-01-10 11:05:55,590 - INFO - <module> : Clicked
2023-01-10 11:05:55,590 - INFO - <module> : Clicked
2023-01-10 11:05:56,161 - INFO - <module> : Clicked
2023-01-10 11:05:56,161 - INFO - <module> : Clicked
2023-01-10 11:05:56,161 - INFO - <module> : Clicked
2023-01-10 11:05:56,161 - INFO - <module> : Clicked
2023-01-10 11:05:56,161 - INFO - <module> : Clicked
2023-01-10 11:05:56,734 - INFO - <module> : Clicked
2023-01-10 11:05:56,734 - INFO - <module> : Clicked
2023-01-10 11:05:56,734 - INFO - <module> : Clicked
2023-01-10 11:05:56,734 - INFO - <module> : Clicked
2023-01-10 11:05:56,734 - INFO - <module> : Clicked
2023-01-10 11:05:56,806 - INFO - <module> : input: 123
2023-01-10 11:05:56,806 - INFO - <module> : input: 123
2023-01-10 11:05:56,806 - INFO - <module> : input: 123
2023-01-10 11:05:56,806 - INFO - <module> : input: 123
2023-01-10 11:05:56,806 - INFO - <module> : input: 123
2023-01-10 11:05:56,878 - INFO - <module> : Clicked
2023-01-10 11:05:56,878 - INFO - <module> : Clicked
2023-01-10 11:05:56,878 - INFO - <module> : Clicked
2023-01-10 11:05:56,878 - INFO - <module> : Clicked
2023-01-10 11:05:56,878 - INFO - <module> : Clicked
2023-01-10 11:06:27,236 - ERROR - <module> : Cannot Locate: landmark_text
2023-01-10 11:06:27,236 - ERROR - <module> : Cannot Locate: landmark_text
2023-01-10 11:06:27,236 - ERROR - <module> : Cannot Locate: landmark_text
2023-01-10 11:06:27,236 - ERROR - <module> : Cannot Locate: landmark_text
2023-01-10 11:06:27,236 - ERROR - <module> : Cannot Locate: landmark_text
2023-01-10 11:06:27,256 - INFO - setup : Close Browser
