2023-01-12 13:25:37,000 - INFO - setup : Browser Launched!
2023-01-12 13:26:19,754 - INFO - <module> : Clicked
2023-01-12 13:26:19,754 - INFO - <module> : Clicked
2023-01-12 13:26:19,754 - INFO - <module> : Clicked
2023-01-12 13:26:19,754 - INFO - <module> : Clicked
2023-01-12 13:26:19,754 - INFO - <module> : Clicked
2023-01-12 13:26:29,675 - INFO - <module> : input: arcebido.earljohn@gmail.com
2023-01-12 13:26:29,675 - INFO - <module> : input: arcebido.earljohn@gmail.com
2023-01-12 13:26:29,675 - INFO - <module> : input: arcebido.earljohn@gmail.com
2023-01-12 13:26:29,675 - INFO - <module> : input: arcebido.earljohn@gmail.com
2023-01-12 13:26:29,675 - INFO - <module> : input: arcebido.earljohn@gmail.com
2023-01-12 13:26:30,515 - INFO - <module> : Clicked
2023-01-12 13:26:30,515 - INFO - <module> : Clicked
2023-01-12 13:26:30,515 - INFO - <module> : Clicked
2023-01-12 13:26:30,515 - INFO - <module> : Clicked
2023-01-12 13:26:30,515 - INFO - <module> : Clicked
2023-01-12 13:26:32,324 - INFO - <module> : input: Eja09202903164!
2023-01-12 13:26:32,324 - INFO - <module> : input: Eja09202903164!
2023-01-12 13:26:32,324 - INFO - <module> : input: Eja09202903164!
2023-01-12 13:26:32,324 - INFO - <module> : input: Eja09202903164!
2023-01-12 13:26:32,324 - INFO - <module> : input: Eja09202903164!
2023-01-12 13:26:34,766 - INFO - <module> : Clicked
2023-01-12 13:26:34,766 - INFO - <module> : Clicked
2023-01-12 13:26:34,766 - INFO - <module> : Clicked
2023-01-12 13:26:34,766 - INFO - <module> : Clicked
2023-01-12 13:26:34,766 - INFO - <module> : Clicked
2023-01-12 13:27:17,823 - INFO - <module> : input: 9234567891
2023-01-12 13:27:17,823 - INFO - <module> : input: 9234567891
2023-01-12 13:27:17,823 - INFO - <module> : input: 9234567891
2023-01-12 13:27:17,823 - INFO - <module> : input: 9234567891
2023-01-12 13:27:17,823 - INFO - <module> : input: 9234567891
2023-01-12 13:27:18,351 - INFO - <module> : input: 3534057721
2023-01-12 13:27:18,351 - INFO - <module> : input: 3534057721
2023-01-12 13:27:18,351 - INFO - <module> : input: 3534057721
2023-01-12 13:27:18,351 - INFO - <module> : input: 3534057721
2023-01-12 13:27:18,351 - INFO - <module> : input: 3534057721
2023-01-12 13:27:18,787 - INFO - <module> : input: 400
2023-01-12 13:27:18,787 - INFO - <module> : input: 400
2023-01-12 13:27:18,787 - INFO - <module> : input: 400
2023-01-12 13:27:18,787 - INFO - <module> : input: 400
2023-01-12 13:27:18,787 - INFO - <module> : input: 400
2023-01-12 13:27:20,342 - INFO - <module> : input: 12/13/2022
2023-01-12 13:27:20,342 - INFO - <module> : input: 12/13/2022
2023-01-12 13:27:20,342 - INFO - <module> : input: 12/13/2022
2023-01-12 13:27:20,342 - INFO - <module> : input: 12/13/2022
2023-01-12 13:27:20,342 - INFO - <module> : input: 12/13/2022
2023-01-12 13:27:21,656 - INFO - setup : Close Browser
