2022-11-17 10:52:29,999 - INFO - setup : Browser Launched!
2022-11-17 10:52:40,308 - INFO - <module> : Go to Map Displays -> tick Scheduled Interruption -> tick Outage Pins
2022-11-17 10:52:40,308 - INFO - <module> : Go to Map Displays -> tick Scheduled Interruption -> tick Outage Pins
2022-11-17 10:52:40,308 - INFO - <module> : Go to Map Displays -> tick Scheduled Interruption -> tick Outage Pins
2022-11-17 10:52:40,308 - INFO - <module> : Go to Map Displays -> tick Scheduled Interruption -> tick Outage Pins
2022-11-17 10:52:42,591 - INFO - <module> : Opened: https://outage-api.meralco.com.ph/
2022-11-17 10:52:42,591 - INFO - <module> : Opened: https://outage-api.meralco.com.ph/
2022-11-17 10:52:42,591 - INFO - <module> : Opened: https://outage-api.meralco.com.ph/
2022-11-17 10:52:42,591 - INFO - <module> : Opened: https://outage-api.meralco.com.ph/
2022-11-17 10:52:46,415 - INFO - <module> : input: v-lvlgalvez@meralco.com.ph
2022-11-17 10:52:46,415 - INFO - <module> : input: v-lvlgalvez@meralco.com.ph
2022-11-17 10:52:46,415 - INFO - <module> : input: v-lvlgalvez@meralco.com.ph
2022-11-17 10:52:46,415 - INFO - <module> : input: v-lvlgalvez@meralco.com.ph
2022-11-17 10:52:46,469 - INFO - <module> : Clicked
2022-11-17 10:52:46,469 - INFO - <module> : Clicked
2022-11-17 10:52:46,469 - INFO - <module> : Clicked
2022-11-17 10:52:46,469 - INFO - <module> : Clicked
2022-11-17 10:52:48,094 - INFO - <module> : input: Mecopass@@!!121
2022-11-17 10:52:48,094 - INFO - <module> : input: Mecopass@@!!121
2022-11-17 10:52:48,094 - INFO - <module> : input: Mecopass@@!!121
2022-11-17 10:52:48,094 - INFO - <module> : input: Mecopass@@!!121
2022-11-17 10:52:48,614 - INFO - <module> : Clicked
2022-11-17 10:52:48,614 - INFO - <module> : Clicked
2022-11-17 10:52:48,614 - INFO - <module> : Clicked
2022-11-17 10:52:48,614 - INFO - <module> : Clicked
2022-11-17 10:52:49,221 - INFO - <module> : Clicked
2022-11-17 10:52:49,221 - INFO - <module> : Clicked
2022-11-17 10:52:49,221 - INFO - <module> : Clicked
2022-11-17 10:52:49,221 - INFO - <module> : Clicked
2022-11-17 10:53:17,406 - INFO - <module> : Clicked
2022-11-17 10:53:17,406 - INFO - <module> : Clicked
2022-11-17 10:53:17,406 - INFO - <module> : Clicked
2022-11-17 10:53:17,406 - INFO - <module> : Clicked
2022-11-17 10:53:49,527 - INFO - <module> : Clicked
2022-11-17 10:53:49,527 - INFO - <module> : Clicked
2022-11-17 10:53:49,527 - INFO - <module> : Clicked
2022-11-17 10:53:49,527 - INFO - <module> : Clicked
2022-11-17 10:53:51,599 - INFO - <module> : Clicked
2022-11-17 10:53:51,599 - INFO - <module> : Clicked
2022-11-17 10:53:51,599 - INFO - <module> : Clicked
2022-11-17 10:53:51,599 - INFO - <module> : Clicked
2022-11-17 10:53:53,662 - INFO - <module> : Clicked
2022-11-17 10:53:53,662 - INFO - <module> : Clicked
2022-11-17 10:53:53,662 - INFO - <module> : Clicked
2022-11-17 10:53:53,662 - INFO - <module> : Clicked
2022-11-17 10:53:57,368 - INFO - <module> : Go to Map Displays -> tick Scheduled Interruptions -> tick Outage pins
2022-11-17 10:53:57,368 - INFO - <module> : Go to Map Displays -> tick Scheduled Interruptions -> tick Outage pins
2022-11-17 10:53:57,368 - INFO - <module> : Go to Map Displays -> tick Scheduled Interruptions -> tick Outage pins
2022-11-17 10:53:57,368 - INFO - <module> : Go to Map Displays -> tick Scheduled Interruptions -> tick Outage pins
2022-11-17 10:54:00,907 - INFO - <module> : Go to Map Displays -> tick Scheduled Interruptions -> tick Outage pins
2022-11-17 10:54:00,907 - INFO - <module> : Go to Map Displays -> tick Scheduled Interruptions -> tick Outage pins
2022-11-17 10:54:00,907 - INFO - <module> : Go to Map Displays -> tick Scheduled Interruptions -> tick Outage pins
2022-11-17 10:54:00,907 - INFO - <module> : Go to Map Displays -> tick Scheduled Interruptions -> tick Outage pins
2022-11-17 10:54:31,597 - INFO - setup : Close Browser
