2022-10-19 12:03:39,148 - INFO - setup : Browser Launched!
2022-10-19 12:03:51,219 - INFO - <module> : Access outage reporting form for Guest users.
2022-10-19 12:03:51,219 - INFO - <module> : Access outage reporting form for Guest users.
2022-10-19 12:03:51,219 - INFO - <module> : Access outage reporting form for Guest users.
2022-10-19 12:03:51,219 - INFO - <module> : Access outage reporting form for Guest users.
2022-10-19 12:03:56,747 - INFO - <module> : Opened: https://fuat-meralco.cs73.force.com/customers/s/outagemap
2022-10-19 12:03:56,747 - INFO - <module> : Opened: https://fuat-meralco.cs73.force.com/customers/s/outagemap
2022-10-19 12:03:56,747 - INFO - <module> : Opened: https://fuat-meralco.cs73.force.com/customers/s/outagemap
2022-10-19 12:03:56,747 - INFO - <module> : Opened: https://fuat-meralco.cs73.force.com/customers/s/outagemap
2022-10-19 12:04:03,260 - INFO - <module> : Meralco would like to access your location to identify if your area is affected by an outage. exists
2022-10-19 12:04:03,260 - INFO - <module> : Meralco would like to access your location to identify if your area is affected by an outage. exists
2022-10-19 12:04:03,260 - INFO - <module> : Meralco would like to access your location to identify if your area is affected by an outage. exists
2022-10-19 12:04:03,260 - INFO - <module> : Meralco would like to access your location to identify if your area is affected by an outage. exists
2022-10-19 12:04:03,492 - INFO - <module> : Clicked
2022-10-19 12:04:03,492 - INFO - <module> : Clicked
2022-10-19 12:04:03,492 - INFO - <module> : Clicked
2022-10-19 12:04:03,492 - INFO - <module> : Clicked
2022-10-19 12:04:07,737 - INFO - <module> : Clicked
2022-10-19 12:04:07,737 - INFO - <module> : Clicked
2022-10-19 12:04:07,737 - INFO - <module> : Clicked
2022-10-19 12:04:07,737 - INFO - <module> : Clicked
2022-10-19 12:04:15,908 - INFO - <module> : Report an Outage or Incident exists
2022-10-19 12:04:15,908 - INFO - <module> : Report an Outage or Incident exists
2022-10-19 12:04:15,908 - INFO - <module> : Report an Outage or Incident exists
2022-10-19 12:04:15,908 - INFO - <module> : Report an Outage or Incident exists
2022-10-19 12:04:20,972 - INFO - <module> : Choose 'Streetlight Concern' from the 'What are you reporting?' option.
2022-10-19 12:04:20,972 - INFO - <module> : Choose 'Streetlight Concern' from the 'What are you reporting?' option.
2022-10-19 12:04:20,972 - INFO - <module> : Choose 'Streetlight Concern' from the 'What are you reporting?' option.
2022-10-19 12:04:20,972 - INFO - <module> : Choose 'Streetlight Concern' from the 'What are you reporting?' option.
2022-10-19 12:04:21,196 - INFO - <module> : Clicked
2022-10-19 12:04:21,196 - INFO - <module> : Clicked
2022-10-19 12:04:21,196 - INFO - <module> : Clicked
2022-10-19 12:04:21,196 - INFO - <module> : Clicked
2022-10-19 12:04:26,266 - INFO - <module> : Choose 'No' from the options.
2022-10-19 12:04:26,266 - INFO - <module> : Choose 'No' from the options.
2022-10-19 12:04:26,266 - INFO - <module> : Choose 'No' from the options.
2022-10-19 12:04:26,266 - INFO - <module> : Choose 'No' from the options.
2022-10-19 12:04:28,703 - INFO - setup : Close Browser
