2023-01-03 15:20:25,035 - INFO - setup : Browser Launched!
2023-01-03 15:20:56,426 - INFO - <module> : Opened: https://fuat-meralco.cs73.force.com/customers/s/cxe-apply
2023-01-03 15:20:56,426 - INFO - <module> : Opened: https://fuat-meralco.cs73.force.com/customers/s/cxe-apply
2023-01-03 15:20:56,426 - INFO - <module> : Opened: https://fuat-meralco.cs73.force.com/customers/s/cxe-apply
2023-01-03 15:20:56,426 - INFO - <module> : Opened: https://fuat-meralco.cs73.force.com/customers/s/cxe-apply
2023-01-03 15:21:02,630 - INFO - <module> : Service Application exists
2023-01-03 15:21:02,630 - INFO - <module> : Service Application exists
2023-01-03 15:21:02,630 - INFO - <module> : Service Application exists
2023-01-03 15:21:02,630 - INFO - <module> : Service Application exists
2023-01-03 15:21:06,018 - INFO - <module> : Clicked
2023-01-03 15:21:06,018 - INFO - <module> : Clicked
2023-01-03 15:21:06,018 - INFO - <module> : Clicked
2023-01-03 15:21:06,018 - INFO - <module> : Clicked
2023-01-03 15:21:09,368 - INFO - <module> : Clicked
2023-01-03 15:21:09,368 - INFO - <module> : Clicked
2023-01-03 15:21:09,368 - INFO - <module> : Clicked
2023-01-03 15:21:09,368 - INFO - <module> : Clicked
2023-01-03 15:21:18,423 - INFO - <module> : Clicked
2023-01-03 15:21:18,423 - INFO - <module> : Clicked
2023-01-03 15:21:18,423 - INFO - <module> : Clicked
2023-01-03 15:21:18,423 - INFO - <module> : Clicked
2023-01-03 15:21:25,970 - INFO - <module> : input: EarlMO@yopmail.com
2023-01-03 15:21:25,970 - INFO - <module> : input: EarlMO@yopmail.com
2023-01-03 15:21:25,970 - INFO - <module> : input: EarlMO@yopmail.com
2023-01-03 15:21:25,970 - INFO - <module> : input: EarlMO@yopmail.com
2023-01-03 15:21:26,094 - INFO - <module> : input: atfirst1
2023-01-03 15:21:26,094 - INFO - <module> : input: atfirst1
2023-01-03 15:21:26,094 - INFO - <module> : input: atfirst1
2023-01-03 15:21:26,094 - INFO - <module> : input: atfirst1
2023-01-03 15:21:26,251 - INFO - <module> : input: atlast1
2023-01-03 15:21:26,251 - INFO - <module> : input: atlast1
2023-01-03 15:21:26,251 - INFO - <module> : input: atlast1
2023-01-03 15:21:26,251 - INFO - <module> : input: atlast1
2023-01-03 15:21:26,352 - INFO - <module> : input: 9234567891
2023-01-03 15:21:26,352 - INFO - <module> : input: 9234567891
2023-01-03 15:21:26,352 - INFO - <module> : input: 9234567891
2023-01-03 15:21:26,352 - INFO - <module> : input: 9234567891
2023-01-03 15:21:27,067 - INFO - <module> : Clicked
2023-01-03 15:21:27,067 - INFO - <module> : Clicked
2023-01-03 15:21:27,067 - INFO - <module> : Clicked
2023-01-03 15:21:27,067 - INFO - <module> : Clicked
2023-01-03 15:21:27,528 - INFO - <module> : Clicked
2023-01-03 15:21:27,528 - INFO - <module> : Clicked
2023-01-03 15:21:27,528 - INFO - <module> : Clicked
2023-01-03 15:21:27,528 - INFO - <module> : Clicked
2023-01-03 15:21:38,645 - INFO - <module> : Opened: https://yopmail.com/en/
2023-01-03 15:21:38,645 - INFO - <module> : Opened: https://yopmail.com/en/
2023-01-03 15:21:38,645 - INFO - <module> : Opened: https://yopmail.com/en/
2023-01-03 15:21:38,645 - INFO - <module> : Opened: https://yopmail.com/en/
2023-01-03 15:21:39,846 - INFO - <module> : input: aaaaa@yopmail.com
2023-01-03 15:21:39,846 - INFO - <module> : input: aaaaa@yopmail.com
2023-01-03 15:21:39,846 - INFO - <module> : input: aaaaa@yopmail.com
2023-01-03 15:21:39,846 - INFO - <module> : input: aaaaa@yopmail.com
2023-01-03 15:21:42,420 - INFO - <module> : Clicked
2023-01-03 15:21:42,420 - INFO - <module> : Clicked
2023-01-03 15:21:42,420 - INFO - <module> : Clicked
2023-01-03 15:21:42,420 - INFO - <module> : Clicked
2023-01-03 15:21:42,488 - INFO - setup : Close Browser
