2023-01-04 15:52:23,053 - INFO - setup : Browser Launched!
2023-01-04 15:52:53,788 - INFO - <module> : Opened: https://fuat-meralco.cs73.force.com/customers/s/cxe-apply
2023-01-04 15:52:53,788 - INFO - <module> : Opened: https://fuat-meralco.cs73.force.com/customers/s/cxe-apply
2023-01-04 15:52:53,788 - INFO - <module> : Opened: https://fuat-meralco.cs73.force.com/customers/s/cxe-apply
2023-01-04 15:52:53,788 - INFO - <module> : Opened: https://fuat-meralco.cs73.force.com/customers/s/cxe-apply
2023-01-04 15:52:59,993 - INFO - <module> : Service Application exists
2023-01-04 15:52:59,993 - INFO - <module> : Service Application exists
2023-01-04 15:52:59,993 - INFO - <module> : Service Application exists
2023-01-04 15:52:59,993 - INFO - <module> : Service Application exists
2023-01-04 15:53:03,358 - INFO - <module> : Clicked
2023-01-04 15:53:03,358 - INFO - <module> : Clicked
2023-01-04 15:53:03,358 - INFO - <module> : Clicked
2023-01-04 15:53:03,358 - INFO - <module> : Clicked
2023-01-04 15:53:06,815 - INFO - <module> : Clicked
2023-01-04 15:53:06,815 - INFO - <module> : Clicked
2023-01-04 15:53:06,815 - INFO - <module> : Clicked
2023-01-04 15:53:06,815 - INFO - <module> : Clicked
2023-01-04 15:53:17,897 - INFO - <module> :  clicked
2023-01-04 15:53:17,897 - INFO - <module> :  clicked
2023-01-04 15:53:17,897 - INFO - <module> :  clicked
2023-01-04 15:53:17,897 - INFO - <module> :  clicked
2023-01-04 15:53:23,962 - INFO - <module> : input: automation1
2023-01-04 15:53:23,962 - INFO - <module> : input: automation1
2023-01-04 15:53:23,962 - INFO - <module> : input: automation1
2023-01-04 15:53:23,962 - INFO - <module> : input: automation1
2023-01-04 15:53:24,098 - INFO - <module> : input: +63945113252
2023-01-04 15:53:24,098 - INFO - <module> : input: +63945113252
2023-01-04 15:53:24,098 - INFO - <module> : input: +63945113252
2023-01-04 15:53:24,098 - INFO - <module> : input: +63945113252
2023-01-04 15:53:24,458 - INFO - <module> : input: automation5
2023-01-04 15:53:24,458 - INFO - <module> : input: automation5
2023-01-04 15:53:24,458 - INFO - <module> : input: automation5
2023-01-04 15:53:24,458 - INFO - <module> : input: automation5
2023-01-04 15:53:24,574 - INFO - <module> : input: automation6
2023-01-04 15:53:24,574 - INFO - <module> : input: automation6
2023-01-04 15:53:24,574 - INFO - <module> : input: automation6
2023-01-04 15:53:24,574 - INFO - <module> : input: automation6
2023-01-04 15:53:24,698 - INFO - <module> : input: automation2@yopmail.com
2023-01-04 15:53:24,698 - INFO - <module> : input: automation2@yopmail.com
2023-01-04 15:53:24,698 - INFO - <module> : input: automation2@yopmail.com
2023-01-04 15:53:24,698 - INFO - <module> : input: automation2@yopmail.com
2023-01-04 15:53:24,817 - INFO - <module> : input: +639234567891
2023-01-04 15:53:24,817 - INFO - <module> : input: +639234567891
2023-01-04 15:53:24,817 - INFO - <module> : input: +639234567891
2023-01-04 15:53:24,817 - INFO - <module> : input: +639234567891
2023-01-04 15:53:24,886 - INFO - <module> : input: manager
2023-01-04 15:53:24,886 - INFO - <module> : input: manager
2023-01-04 15:53:24,886 - INFO - <module> : input: manager
2023-01-04 15:53:24,886 - INFO - <module> : input: manager
2023-01-04 15:53:27,928 - INFO - <module> : Clicked
2023-01-04 15:53:27,928 - INFO - <module> : Clicked
2023-01-04 15:53:27,928 - INFO - <module> : Clicked
2023-01-04 15:53:27,928 - INFO - <module> : Clicked
2023-01-04 15:54:05,732 - INFO - setup : Close Browser
