2023-01-05 10:12:05,831 - INFO - setup : Browser Launched!
2023-01-05 10:12:49,861 - INFO - <module> : Opened: https://fuat-meralco.cs73.force.com/customers/s/cxe-apply
2023-01-05 10:12:49,861 - INFO - <module> : Opened: https://fuat-meralco.cs73.force.com/customers/s/cxe-apply
2023-01-05 10:12:49,861 - INFO - <module> : Opened: https://fuat-meralco.cs73.force.com/customers/s/cxe-apply
2023-01-05 10:12:49,861 - INFO - <module> : Opened: https://fuat-meralco.cs73.force.com/customers/s/cxe-apply
2023-01-05 10:12:56,080 - INFO - <module> : Service Application exists
2023-01-05 10:12:56,080 - INFO - <module> : Service Application exists
2023-01-05 10:12:56,080 - INFO - <module> : Service Application exists
2023-01-05 10:12:56,080 - INFO - <module> : Service Application exists
2023-01-05 10:12:59,544 - INFO - <module> : Clicked
2023-01-05 10:12:59,544 - INFO - <module> : Clicked
2023-01-05 10:12:59,544 - INFO - <module> : Clicked
2023-01-05 10:12:59,544 - INFO - <module> : Clicked
2023-01-05 10:13:02,898 - INFO - <module> : Clicked
2023-01-05 10:13:02,898 - INFO - <module> : Clicked
2023-01-05 10:13:02,898 - INFO - <module> : Clicked
2023-01-05 10:13:02,898 - INFO - <module> : Clicked
2023-01-05 10:13:18,875 - INFO - <module> : Clicked
2023-01-05 10:13:18,875 - INFO - <module> : Clicked
2023-01-05 10:13:18,875 - INFO - <module> : Clicked
2023-01-05 10:13:18,875 - INFO - <module> : Clicked
2023-01-05 10:13:25,539 - INFO - <module> : input: atcontFname
2023-01-05 10:13:25,539 - INFO - <module> : input: atcontFname
2023-01-05 10:13:25,539 - INFO - <module> : input: atcontFname
2023-01-05 10:13:25,539 - INFO - <module> : input: atcontFname
2023-01-05 10:13:25,750 - INFO - <module> : input: atcontLname
2023-01-05 10:13:25,750 - INFO - <module> : input: atcontLname
2023-01-05 10:13:25,750 - INFO - <module> : input: atcontLname
2023-01-05 10:13:25,750 - INFO - <module> : input: atcontLname
2023-01-05 10:13:27,857 - INFO - <module> : input: atcontbusinessName
2023-01-05 10:13:27,857 - INFO - <module> : input: atcontbusinessName
2023-01-05 10:13:27,857 - INFO - <module> : input: atcontbusinessName
2023-01-05 10:13:27,857 - INFO - <module> : input: atcontbusinessName
2023-01-05 10:13:28,026 - INFO - <module> : input: atcontEmailAddress@yopmail.com
2023-01-05 10:13:28,026 - INFO - <module> : input: atcontEmailAddress@yopmail.com
2023-01-05 10:13:28,026 - INFO - <module> : input: atcontEmailAddress@yopmail.com
2023-01-05 10:13:28,026 - INFO - <module> : input: atcontEmailAddress@yopmail.com
2023-01-05 10:13:28,152 - INFO - <module> : input: +639234567891
2023-01-05 10:13:28,152 - INFO - <module> : input: +639234567891
2023-01-05 10:13:28,152 - INFO - <module> : input: +639234567891
2023-01-05 10:13:28,152 - INFO - <module> : input: +639234567891
2023-01-05 10:13:31,430 - INFO - <module> : Clicked
2023-01-05 10:13:31,430 - INFO - <module> : Clicked
2023-01-05 10:13:31,430 - INFO - <module> : Clicked
2023-01-05 10:13:31,430 - INFO - <module> : Clicked
2023-01-05 10:13:38,810 - INFO - setup : Close Browser
