2022-10-26 13:00:33,682 - INFO - setup : Browser Launched!
2022-10-26 13:00:51,813 - INFO - <module> : In Outage Map for Internal users, click on  Admin option in the menu
2022-10-26 13:00:51,813 - INFO - <module> : In Outage Map for Internal users, click on  Admin option in the menu
2022-10-26 13:00:51,813 - INFO - <module> : In Outage Map for Internal users, click on  Admin option in the menu
2022-10-26 13:00:51,813 - INFO - <module> : In Outage Map for Internal users, click on  Admin option in the menu
2022-10-26 13:00:56,086 - INFO - <module> : Opened: https://outage-api.meralco.com.ph/
2022-10-26 13:00:56,086 - INFO - <module> : Opened: https://outage-api.meralco.com.ph/
2022-10-26 13:00:56,086 - INFO - <module> : Opened: https://outage-api.meralco.com.ph/
2022-10-26 13:00:56,086 - INFO - <module> : Opened: https://outage-api.meralco.com.ph/
2022-10-26 13:01:00,733 - INFO - <module> : input: v-lvlgalvez@meralco.com.ph
2022-10-26 13:01:00,733 - INFO - <module> : input: v-lvlgalvez@meralco.com.ph
2022-10-26 13:01:00,733 - INFO - <module> : input: v-lvlgalvez@meralco.com.ph
2022-10-26 13:01:00,733 - INFO - <module> : input: v-lvlgalvez@meralco.com.ph
2022-10-26 13:01:00,861 - INFO - <module> : Clicked
2022-10-26 13:01:00,861 - INFO - <module> : Clicked
2022-10-26 13:01:00,861 - INFO - <module> : Clicked
2022-10-26 13:01:00,861 - INFO - <module> : Clicked
2022-10-26 13:01:02,569 - INFO - <module> : input: Mecopass@@!!129
2022-10-26 13:01:02,569 - INFO - <module> : input: Mecopass@@!!129
2022-10-26 13:01:02,569 - INFO - <module> : input: Mecopass@@!!129
2022-10-26 13:01:02,569 - INFO - <module> : input: Mecopass@@!!129
2022-10-26 13:01:03,144 - INFO - <module> : Clicked
2022-10-26 13:01:03,144 - INFO - <module> : Clicked
2022-10-26 13:01:03,144 - INFO - <module> : Clicked
2022-10-26 13:01:03,144 - INFO - <module> : Clicked
2022-10-26 13:01:03,883 - INFO - <module> : Clicked
2022-10-26 13:01:03,883 - INFO - <module> : Clicked
2022-10-26 13:01:03,883 - INFO - <module> : Clicked
2022-10-26 13:01:03,883 - INFO - <module> : Clicked
2022-10-26 13:01:33,001 - INFO - <module> : Clicked
2022-10-26 13:01:33,001 - INFO - <module> : Clicked
2022-10-26 13:01:33,001 - INFO - <module> : Clicked
2022-10-26 13:01:33,001 - INFO - <module> : Clicked
2022-10-26 13:01:37,239 - INFO - <module> :  clicked
2022-10-26 13:01:37,239 - INFO - <module> :  clicked
2022-10-26 13:01:37,239 - INFO - <module> :  clicked
2022-10-26 13:01:37,239 - INFO - <module> :  clicked
2022-10-26 13:01:39,162 - INFO - <module> : Clicked
2022-10-26 13:01:39,162 - INFO - <module> : Clicked
2022-10-26 13:01:39,162 - INFO - <module> : Clicked
2022-10-26 13:01:39,162 - INFO - <module> : Clicked
2022-10-26 13:01:42,122 - INFO - setup : Close Browser
