2022-10-18 13:23:16,799 - INFO - setup : Browser Launched!
2022-10-18 13:23:25,580 - INFO - <module> : Go to https://fuat-meralco.cs73.force.com/customers/s/outagemap
2022-10-18 13:23:25,580 - INFO - <module> : Go to https://fuat-meralco.cs73.force.com/customers/s/outagemap
2022-10-18 13:23:25,580 - INFO - <module> : Go to https://fuat-meralco.cs73.force.com/customers/s/outagemap
2022-10-18 13:23:25,580 - INFO - <module> : Go to https://fuat-meralco.cs73.force.com/customers/s/outagemap
2022-10-18 13:23:27,963 - INFO - <module> : Opened: https://fuat-meralco.cs73.force.com/customers/s/outagemap
2022-10-18 13:23:27,963 - INFO - <module> : Opened: https://fuat-meralco.cs73.force.com/customers/s/outagemap
2022-10-18 13:23:27,963 - INFO - <module> : Opened: https://fuat-meralco.cs73.force.com/customers/s/outagemap
2022-10-18 13:23:27,963 - INFO - <module> : Opened: https://fuat-meralco.cs73.force.com/customers/s/outagemap
2022-10-18 13:23:32,521 - INFO - <module> : On the left side, hover on tooltip beside Other Address
2022-10-18 13:23:32,521 - INFO - <module> : On the left side, hover on tooltip beside Other Address
2022-10-18 13:23:32,521 - INFO - <module> : On the left side, hover on tooltip beside Other Address
2022-10-18 13:23:32,521 - INFO - <module> : On the left side, hover on tooltip beside Other Address
2022-10-18 13:23:35,612 - INFO - <module> : Meralco would like to access your location to identify if your area is affected by an outage. exists
2022-10-18 13:23:35,612 - INFO - <module> : Meralco would like to access your location to identify if your area is affected by an outage. exists
2022-10-18 13:23:35,612 - INFO - <module> : Meralco would like to access your location to identify if your area is affected by an outage. exists
2022-10-18 13:23:35,612 - INFO - <module> : Meralco would like to access your location to identify if your area is affected by an outage. exists
2022-10-18 13:23:35,724 - INFO - <module> : Clicked
2022-10-18 13:23:35,724 - INFO - <module> : Clicked
2022-10-18 13:23:35,724 - INFO - <module> : Clicked
2022-10-18 13:23:35,724 - INFO - <module> : Clicked
2022-10-18 13:23:42,801 - INFO - setup : Close Browser
