2022-12-22 11:50:07,933 - INFO - setup : Browser Launched!
2022-12-22 11:50:45,051 - INFO - <module> : Login to Meralco Online
2022-12-22 11:50:45,051 - INFO - <module> : Login to Meralco Online
2022-12-22 11:50:45,051 - INFO - <module> : Login to Meralco Online
2022-12-22 11:50:45,051 - INFO - <module> : Login to Meralco Online
2022-12-22 11:50:47,737 - INFO - <module> : input: ATNewSAMObiz@yopmail.com
2022-12-22 11:50:47,737 - INFO - <module> : input: ATNewSAMObiz@yopmail.com
2022-12-22 11:50:47,737 - INFO - <module> : input: ATNewSAMObiz@yopmail.com
2022-12-22 11:50:47,737 - INFO - <module> : input: ATNewSAMObiz@yopmail.com
2022-12-22 11:50:48,640 - INFO - <module> : input: Meralco01
2022-12-22 11:50:48,640 - INFO - <module> : input: Meralco01
2022-12-22 11:50:48,640 - INFO - <module> : input: Meralco01
2022-12-22 11:50:48,640 - INFO - <module> : input: Meralco01
2022-12-22 11:50:49,848 - INFO - <module> : Clicked
2022-12-22 11:50:49,848 - INFO - <module> : Clicked
2022-12-22 11:50:49,848 - INFO - <module> : Clicked
2022-12-22 11:50:49,848 - INFO - <module> : Clicked
2022-12-22 11:51:19,990 - ERROR - <module> : Cannot Locate: hello_message
2022-12-22 11:51:19,990 - ERROR - <module> : Cannot Locate: hello_message
2022-12-22 11:51:19,990 - ERROR - <module> : Cannot Locate: hello_message
2022-12-22 11:51:19,990 - ERROR - <module> : Cannot Locate: hello_message
2022-12-22 11:51:20,059 - INFO - setup : Close Browser
