2022-12-21 14:50:55,634 - INFO - setup : Browser Launched!
2022-12-21 14:51:34,661 - INFO - <module> : Login to Meralco Online
2022-12-21 14:51:34,661 - INFO - <module> : Login to Meralco Online
2022-12-21 14:51:34,661 - INFO - <module> : Login to Meralco Online
2022-12-21 14:51:34,661 - INFO - <module> : Login to Meralco Online
2022-12-21 14:51:38,284 - INFO - <module> : input: EarlMO@yopmail.com
2022-12-21 14:51:38,284 - INFO - <module> : input: EarlMO@yopmail.com
2022-12-21 14:51:38,284 - INFO - <module> : input: EarlMO@yopmail.com
2022-12-21 14:51:38,284 - INFO - <module> : input: EarlMO@yopmail.com
2022-12-21 14:51:38,499 - INFO - <module> : input: Meralco01
2022-12-21 14:51:38,499 - INFO - <module> : input: Meralco01
2022-12-21 14:51:38,499 - INFO - <module> : input: Meralco01
2022-12-21 14:51:38,499 - INFO - <module> : input: Meralco01
2022-12-21 14:51:44,407 - INFO - <module> : Clicked
2022-12-21 14:51:44,407 - INFO - <module> : Clicked
2022-12-21 14:51:44,407 - INFO - <module> : Clicked
2022-12-21 14:51:44,407 - INFO - <module> : Clicked
2022-12-21 14:51:45,689 - INFO - <module> : Hello, Earl exists
2022-12-21 14:51:45,689 - INFO - <module> : Hello, Earl exists
2022-12-21 14:51:45,689 - INFO - <module> : Hello, Earl exists
2022-12-21 14:51:45,689 - INFO - <module> : Hello, Earl exists
2022-12-21 14:51:58,629 - INFO - <module> : Click on Request for a Service tile
2022-12-21 14:51:58,629 - INFO - <module> : Click on Request for a Service tile
2022-12-21 14:51:58,629 - INFO - <module> : Click on Request for a Service tile
2022-12-21 14:51:58,629 - INFO - <module> : Click on Request for a Service tile
2022-12-21 14:52:02,034 - INFO - <module> : Clicked
2022-12-21 14:52:02,034 - INFO - <module> : Clicked
2022-12-21 14:52:02,034 - INFO - <module> : Clicked
2022-12-21 14:52:02,034 - INFO - <module> : Clicked
2022-12-21 14:52:07,274 - INFO - <module> :  clicked
2022-12-21 14:52:07,274 - INFO - <module> :  clicked
2022-12-21 14:52:07,274 - INFO - <module> :  clicked
2022-12-21 14:52:07,274 - INFO - <module> :  clicked
2022-12-21 14:52:12,799 - INFO - <module> : Populate all required fields in Contact Information tab > Click Next
2022-12-21 14:52:12,799 - INFO - <module> : Populate all required fields in Contact Information tab > Click Next
2022-12-21 14:52:12,799 - INFO - <module> : Populate all required fields in Contact Information tab > Click Next
2022-12-21 14:52:12,799 - INFO - <module> : Populate all required fields in Contact Information tab > Click Next
2022-12-21 14:52:20,296 - INFO - <module> : Clicked
2022-12-21 14:52:20,296 - INFO - <module> : Clicked
2022-12-21 14:52:20,296 - INFO - <module> : Clicked
2022-12-21 14:52:20,296 - INFO - <module> : Clicked
2022-12-21 14:52:25,839 - INFO - <module> : Populate the following:
Service Address
Province
City / Municipality
Home Ownership
Billing Address Indicator
2022-12-21 14:52:25,839 - INFO - <module> : Populate the following:
Service Address
Province
City / Municipality
Home Ownership
Billing Address Indicator
2022-12-21 14:52:25,839 - INFO - <module> : Populate the following:
Service Address
Province
City / Municipality
Home Ownership
Billing Address Indicator
2022-12-21 14:52:25,839 - INFO - <module> : Populate the following:
Service Address
Province
City / Municipality
Home Ownership
Billing Address Indicator
2022-12-21 14:52:26,180 - INFO - <module> : input: 123 Santo Tomas
2022-12-21 14:52:26,180 - INFO - <module> : input: 123 Santo Tomas
2022-12-21 14:52:26,180 - INFO - <module> : input: 123 Santo Tomas
2022-12-21 14:52:26,180 - INFO - <module> : input: 123 Santo Tomas
2022-12-21 14:52:29,236 - INFO - <module> : Clicked
2022-12-21 14:52:29,236 - INFO - <module> : Clicked
2022-12-21 14:52:29,236 - INFO - <module> : Clicked
2022-12-21 14:52:29,236 - INFO - <module> : Clicked
2022-12-21 14:52:34,783 - INFO - <module> : Populate the following:
Notification indicator
AMC indicator
Paperless Billing indicator
APA indicator
> Attach documents
> Click Next
2022-12-21 14:52:34,783 - INFO - <module> : Populate the following:
Notification indicator
AMC indicator
Paperless Billing indicator
APA indicator
> Attach documents
> Click Next
2022-12-21 14:52:34,783 - INFO - <module> : Populate the following:
Notification indicator
AMC indicator
Paperless Billing indicator
APA indicator
> Attach documents
> Click Next
2022-12-21 14:52:34,783 - INFO - <module> : Populate the following:
Notification indicator
AMC indicator
Paperless Billing indicator
APA indicator
> Attach documents
> Click Next
2022-12-21 14:52:37,565 - INFO - <module> : Clicked
2022-12-21 14:52:37,565 - INFO - <module> : Clicked
2022-12-21 14:52:37,565 - INFO - <module> : Clicked
2022-12-21 14:52:37,565 - INFO - <module> : Clicked
2022-12-21 14:52:43,158 - INFO - <module> : Tick on I have read and agree to the Meralco Online Terms & Conditions and consent to the processing of my personal data in accordance with the Privacy Policy
2022-12-21 14:52:43,158 - INFO - <module> : Tick on I have read and agree to the Meralco Online Terms & Conditions and consent to the processing of my personal data in accordance with the Privacy Policy
2022-12-21 14:52:43,158 - INFO - <module> : Tick on I have read and agree to the Meralco Online Terms & Conditions and consent to the processing of my personal data in accordance with the Privacy Policy
2022-12-21 14:52:43,158 - INFO - <module> : Tick on I have read and agree to the Meralco Online Terms & Conditions and consent to the processing of my personal data in accordance with the Privacy Policy
2022-12-21 14:52:55,953 - INFO - <module> : Clicked
2022-12-21 14:52:55,953 - INFO - <module> : Clicked
2022-12-21 14:52:55,953 - INFO - <module> : Clicked
2022-12-21 14:52:55,953 - INFO - <module> : Clicked
2022-12-21 14:52:56,481 - INFO - <module> : Click Submit
2022-12-21 14:52:56,481 - INFO - <module> : Click Submit
2022-12-21 14:52:56,481 - INFO - <module> : Click Submit
2022-12-21 14:52:56,481 - INFO - <module> : Click Submit
2022-12-21 14:53:02,840 - INFO - <module> : Clicked
2022-12-21 14:53:02,840 - INFO - <module> : Clicked
2022-12-21 14:53:02,840 - INFO - <module> : Clicked
2022-12-21 14:53:02,840 - INFO - <module> : Clicked
2022-12-21 14:53:03,360 - INFO - <module> : Clicked
2022-12-21 14:53:03,360 - INFO - <module> : Clicked
2022-12-21 14:53:03,360 - INFO - <module> : Clicked
2022-12-21 14:53:03,360 - INFO - <module> : Clicked
2022-12-21 14:53:15,784 - INFO - <module> : Clicked
2022-12-21 14:53:15,784 - INFO - <module> : Clicked
2022-12-21 14:53:15,784 - INFO - <module> : Clicked
2022-12-21 14:53:15,784 - INFO - <module> : Clicked
2022-12-21 14:53:19,742 - INFO - <module> : Validate email notification
2022-12-21 14:53:19,742 - INFO - <module> : Validate email notification
2022-12-21 14:53:19,742 - INFO - <module> : Validate email notification
2022-12-21 14:53:19,742 - INFO - <module> : Validate email notification
2022-12-21 14:53:42,918 - INFO - <module> : Opened: https://yopmail.com/en/
2022-12-21 14:53:42,918 - INFO - <module> : Opened: https://yopmail.com/en/
2022-12-21 14:53:42,918 - INFO - <module> : Opened: https://yopmail.com/en/
2022-12-21 14:53:42,918 - INFO - <module> : Opened: https://yopmail.com/en/
2022-12-21 14:53:45,296 - INFO - <module> : input: EarlMO@yopmail.com
2022-12-21 14:53:45,296 - INFO - <module> : input: EarlMO@yopmail.com
2022-12-21 14:53:45,296 - INFO - <module> : input: EarlMO@yopmail.com
2022-12-21 14:53:45,296 - INFO - <module> : input: EarlMO@yopmail.com
2022-12-21 14:53:47,782 - INFO - <module> : Clicked
2022-12-21 14:53:47,782 - INFO - <module> : Clicked
2022-12-21 14:53:47,782 - INFO - <module> : Clicked
2022-12-21 14:53:47,782 - INFO - <module> : Clicked
2022-12-21 14:53:50,494 - INFO - setup : Close Browser
