2022-10-21 13:04:32,840 - INFO - setup : Browser Launched!
2022-10-21 13:04:51,393 - INFO - <module> : Access outage reporting form for Guest users.
2022-10-21 13:04:51,393 - INFO - <module> : Access outage reporting form for Guest users.
2022-10-21 13:04:51,393 - INFO - <module> : Access outage reporting form for Guest users.
2022-10-21 13:04:51,393 - INFO - <module> : Access outage reporting form for Guest users.
2022-10-21 13:04:59,619 - INFO - <module> : Opened: https://fuat-meralco.cs73.force.com/customers/s/outagemap
2022-10-21 13:04:59,619 - INFO - <module> : Opened: https://fuat-meralco.cs73.force.com/customers/s/outagemap
2022-10-21 13:04:59,619 - INFO - <module> : Opened: https://fuat-meralco.cs73.force.com/customers/s/outagemap
2022-10-21 13:04:59,619 - INFO - <module> : Opened: https://fuat-meralco.cs73.force.com/customers/s/outagemap
2022-10-21 13:05:21,736 - INFO - <module> : Meralco would like to access your location to identify if your area is affected by an outage. exists
2022-10-21 13:05:21,736 - INFO - <module> : Meralco would like to access your location to identify if your area is affected by an outage. exists
2022-10-21 13:05:21,736 - INFO - <module> : Meralco would like to access your location to identify if your area is affected by an outage. exists
2022-10-21 13:05:21,736 - INFO - <module> : Meralco would like to access your location to identify if your area is affected by an outage. exists
2022-10-21 13:05:24,073 - INFO - <module> : Clicked
2022-10-21 13:05:24,073 - INFO - <module> : Clicked
2022-10-21 13:05:24,073 - INFO - <module> : Clicked
2022-10-21 13:05:24,073 - INFO - <module> : Clicked
2022-10-21 13:05:28,365 - INFO - <module> : Clicked
2022-10-21 13:05:28,365 - INFO - <module> : Clicked
2022-10-21 13:05:28,365 - INFO - <module> : Clicked
2022-10-21 13:05:28,365 - INFO - <module> : Clicked
2022-10-21 13:05:36,500 - INFO - <module> : Report an Outage or Incident exists
2022-10-21 13:05:36,500 - INFO - <module> : Report an Outage or Incident exists
2022-10-21 13:05:36,500 - INFO - <module> : Report an Outage or Incident exists
2022-10-21 13:05:36,500 - INFO - <module> : Report an Outage or Incident exists
2022-10-21 13:05:41,726 - INFO - <module> : Choose 'No Power - My house/building ' from the 'What are you reporting?' option.
2022-10-21 13:05:41,726 - INFO - <module> : Choose 'No Power - My house/building ' from the 'What are you reporting?' option.
2022-10-21 13:05:41,726 - INFO - <module> : Choose 'No Power - My house/building ' from the 'What are you reporting?' option.
2022-10-21 13:05:41,726 - INFO - <module> : Choose 'No Power - My house/building ' from the 'What are you reporting?' option.
2022-10-21 13:05:41,968 - INFO - <module> : Clicked
2022-10-21 13:05:41,968 - INFO - <module> : Clicked
2022-10-21 13:05:41,968 - INFO - <module> : Clicked
2022-10-21 13:05:41,968 - INFO - <module> : Clicked
2022-10-21 13:05:47,717 - INFO - <module> : Click the dropdown field for Q1.
2022-10-21 13:05:47,717 - INFO - <module> : Click the dropdown field for Q1.
2022-10-21 13:05:47,717 - INFO - <module> : Click the dropdown field for Q1.
2022-10-21 13:05:47,717 - INFO - <module> : Click the dropdown field for Q1.
2022-10-21 13:05:48,027 - INFO - <module> : Clicked
2022-10-21 13:05:48,027 - INFO - <module> : Clicked
2022-10-21 13:05:48,027 - INFO - <module> : Clicked
2022-10-21 13:05:48,027 - INFO - <module> : Clicked
2022-10-21 13:05:53,042 - INFO - <module> : Choose 'None' from the option.
2022-10-21 13:05:53,042 - INFO - <module> : Choose 'None' from the option.
2022-10-21 13:05:53,042 - INFO - <module> : Choose 'None' from the option.
2022-10-21 13:05:53,042 - INFO - <module> : Choose 'None' from the option.
2022-10-21 13:05:53,260 - INFO - <module> : Clicked
2022-10-21 13:05:53,260 - INFO - <module> : Clicked
2022-10-21 13:05:53,260 - INFO - <module> : Clicked
2022-10-21 13:05:53,260 - INFO - <module> : Clicked
2022-10-21 13:05:58,599 - INFO - <module> : Input the SIN with no pending No Power case but with pending incident in ADMS under the 'Where is your concern located?' section.
2022-10-21 13:05:58,599 - INFO - <module> : Input the SIN with no pending No Power case but with pending incident in ADMS under the 'Where is your concern located?' section.
2022-10-21 13:05:58,599 - INFO - <module> : Input the SIN with no pending No Power case but with pending incident in ADMS under the 'Where is your concern located?' section.
2022-10-21 13:05:58,599 - INFO - <module> : Input the SIN with no pending No Power case but with pending incident in ADMS under the 'Where is your concern located?' section.
2022-10-21 13:05:58,943 - INFO - <module> : Clicked
2022-10-21 13:05:58,943 - INFO - <module> : Clicked
2022-10-21 13:05:58,943 - INFO - <module> : Clicked
2022-10-21 13:05:58,943 - INFO - <module> : Clicked
2022-10-21 13:05:59,237 - INFO - <module> : input: 100004470101
2022-10-21 13:05:59,237 - INFO - <module> : input: 100004470101
2022-10-21 13:05:59,237 - INFO - <module> : input: 100004470101
2022-10-21 13:05:59,237 - INFO - <module> : input: 100004470101
2022-10-21 13:05:59,371 - INFO - <module> : Clicked
2022-10-21 13:05:59,371 - INFO - <module> : Clicked
2022-10-21 13:05:59,371 - INFO - <module> : Clicked
2022-10-21 13:05:59,371 - INFO - <module> : Clicked
2022-10-21 13:06:05,093 - INFO - <module> : Select No.
2022-10-21 13:06:05,093 - INFO - <module> : Select No.
2022-10-21 13:06:05,093 - INFO - <module> : Select No.
2022-10-21 13:06:05,093 - INFO - <module> : Select No.
2022-10-21 13:06:11,102 - INFO - <module> : Access outage reporting form for Guest users.
2022-10-21 13:06:11,102 - INFO - <module> : Access outage reporting form for Guest users.
2022-10-21 13:06:11,102 - INFO - <module> : Access outage reporting form for Guest users.
2022-10-21 13:06:11,102 - INFO - <module> : Access outage reporting form for Guest users.
2022-10-21 13:06:15,255 - INFO - <module> : Opened: https://fuat-meralco.cs73.force.com/customers/s/outagemap
2022-10-21 13:06:15,255 - INFO - <module> : Opened: https://fuat-meralco.cs73.force.com/customers/s/outagemap
2022-10-21 13:06:15,255 - INFO - <module> : Opened: https://fuat-meralco.cs73.force.com/customers/s/outagemap
2022-10-21 13:06:15,255 - INFO - <module> : Opened: https://fuat-meralco.cs73.force.com/customers/s/outagemap
2022-10-21 13:06:18,530 - INFO - <module> : Meralco would like to access your location to identify if your area is affected by an outage. exists
2022-10-21 13:06:18,530 - INFO - <module> : Meralco would like to access your location to identify if your area is affected by an outage. exists
2022-10-21 13:06:18,530 - INFO - <module> : Meralco would like to access your location to identify if your area is affected by an outage. exists
2022-10-21 13:06:18,530 - INFO - <module> : Meralco would like to access your location to identify if your area is affected by an outage. exists
2022-10-21 13:06:20,745 - INFO - <module> : Clicked
2022-10-21 13:06:20,745 - INFO - <module> : Clicked
2022-10-21 13:06:20,745 - INFO - <module> : Clicked
2022-10-21 13:06:20,745 - INFO - <module> : Clicked
2022-10-21 13:06:25,066 - INFO - <module> : Clicked
2022-10-21 13:06:25,066 - INFO - <module> : Clicked
2022-10-21 13:06:25,066 - INFO - <module> : Clicked
2022-10-21 13:06:25,066 - INFO - <module> : Clicked
2022-10-21 13:06:33,216 - INFO - <module> : Report an Outage or Incident exists
2022-10-21 13:06:33,216 - INFO - <module> : Report an Outage or Incident exists
2022-10-21 13:06:33,216 - INFO - <module> : Report an Outage or Incident exists
2022-10-21 13:06:33,216 - INFO - <module> : Report an Outage or Incident exists
2022-10-21 13:06:38,835 - INFO - <module> : Choose 'No Power - My house/building ' from the 'What are you reporting?' option.
2022-10-21 13:06:38,835 - INFO - <module> : Choose 'No Power - My house/building ' from the 'What are you reporting?' option.
2022-10-21 13:06:38,835 - INFO - <module> : Choose 'No Power - My house/building ' from the 'What are you reporting?' option.
2022-10-21 13:06:38,835 - INFO - <module> : Choose 'No Power - My house/building ' from the 'What are you reporting?' option.
2022-10-21 13:06:39,058 - INFO - <module> : Clicked
2022-10-21 13:06:39,058 - INFO - <module> : Clicked
2022-10-21 13:06:39,058 - INFO - <module> : Clicked
2022-10-21 13:06:39,058 - INFO - <module> : Clicked
2022-10-21 13:06:44,323 - INFO - <module> : Click the dropdown field for Q1.
2022-10-21 13:06:44,323 - INFO - <module> : Click the dropdown field for Q1.
2022-10-21 13:06:44,323 - INFO - <module> : Click the dropdown field for Q1.
2022-10-21 13:06:44,323 - INFO - <module> : Click the dropdown field for Q1.
2022-10-21 13:06:44,662 - INFO - <module> : Clicked
2022-10-21 13:06:44,662 - INFO - <module> : Clicked
2022-10-21 13:06:44,662 - INFO - <module> : Clicked
2022-10-21 13:06:44,662 - INFO - <module> : Clicked
2022-10-21 13:06:50,393 - INFO - <module> : Choose 'None' from the option.
2022-10-21 13:06:50,393 - INFO - <module> : Choose 'None' from the option.
2022-10-21 13:06:50,393 - INFO - <module> : Choose 'None' from the option.
2022-10-21 13:06:50,393 - INFO - <module> : Choose 'None' from the option.
2022-10-21 13:06:50,665 - INFO - <module> : Clicked
2022-10-21 13:06:50,665 - INFO - <module> : Clicked
2022-10-21 13:06:50,665 - INFO - <module> : Clicked
2022-10-21 13:06:50,665 - INFO - <module> : Clicked
2022-10-21 13:06:56,039 - INFO - <module> : Input the SIN with no pending No Power case but with pending incident in ADMS under the 'Where is your concern located?' section.
2022-10-21 13:06:56,039 - INFO - <module> : Input the SIN with no pending No Power case but with pending incident in ADMS under the 'Where is your concern located?' section.
2022-10-21 13:06:56,039 - INFO - <module> : Input the SIN with no pending No Power case but with pending incident in ADMS under the 'Where is your concern located?' section.
2022-10-21 13:06:56,039 - INFO - <module> : Input the SIN with no pending No Power case but with pending incident in ADMS under the 'Where is your concern located?' section.
2022-10-21 13:06:56,425 - INFO - <module> : Clicked
2022-10-21 13:06:56,425 - INFO - <module> : Clicked
2022-10-21 13:06:56,425 - INFO - <module> : Clicked
2022-10-21 13:06:56,425 - INFO - <module> : Clicked
2022-10-21 13:06:56,665 - INFO - <module> : input: 100004470101
2022-10-21 13:06:56,665 - INFO - <module> : input: 100004470101
2022-10-21 13:06:56,665 - INFO - <module> : input: 100004470101
2022-10-21 13:06:56,665 - INFO - <module> : input: 100004470101
2022-10-21 13:06:56,803 - INFO - <module> : Clicked
2022-10-21 13:06:56,803 - INFO - <module> : Clicked
2022-10-21 13:06:56,803 - INFO - <module> : Clicked
2022-10-21 13:06:56,803 - INFO - <module> : Clicked
2022-10-21 13:07:02,092 - INFO - <module> : Select Yes.
2022-10-21 13:07:02,092 - INFO - <module> : Select Yes.
2022-10-21 13:07:02,092 - INFO - <module> : Select Yes.
2022-10-21 13:07:02,092 - INFO - <module> : Select Yes.
2022-10-21 13:07:07,241 - INFO - <module> : Select the 'Landmarks/Directions' option and input values in the text box.
2022-10-21 13:07:07,241 - INFO - <module> : Select the 'Landmarks/Directions' option and input values in the text box.
2022-10-21 13:07:07,241 - INFO - <module> : Select the 'Landmarks/Directions' option and input values in the text box.
2022-10-21 13:07:07,241 - INFO - <module> : Select the 'Landmarks/Directions' option and input values in the text box.
2022-10-21 13:07:07,471 - INFO - <module> : Clicked
2022-10-21 13:07:07,471 - INFO - <module> : Clicked
2022-10-21 13:07:07,471 - INFO - <module> : Clicked
2022-10-21 13:07:07,471 - INFO - <module> : Clicked
2022-10-21 13:07:07,781 - INFO - <module> : input: Sample Text
2022-10-21 13:07:07,781 - INFO - <module> : input: Sample Text
2022-10-21 13:07:07,781 - INFO - <module> : input: Sample Text
2022-10-21 13:07:07,781 - INFO - <module> : input: Sample Text
2022-10-21 13:07:18,395 - INFO - <module> : Populate the following fields:
a) First Name
b) Middle Name
c) Last Name
d) Mobile Number
e) Landline
f) Email
2022-10-21 13:07:18,395 - INFO - <module> : Populate the following fields:
a) First Name
b) Middle Name
c) Last Name
d) Mobile Number
e) Landline
f) Email
2022-10-21 13:07:18,395 - INFO - <module> : Populate the following fields:
a) First Name
b) Middle Name
c) Last Name
d) Mobile Number
e) Landline
f) Email
2022-10-21 13:07:18,395 - INFO - <module> : Populate the following fields:
a) First Name
b) Middle Name
c) Last Name
d) Mobile Number
e) Landline
f) Email
2022-10-21 13:07:18,736 - INFO - <module> : input: sample
2022-10-21 13:07:18,736 - INFO - <module> : input: sample
2022-10-21 13:07:18,736 - INFO - <module> : input: sample
2022-10-21 13:07:18,736 - INFO - <module> : input: sample
2022-10-21 13:07:18,980 - INFO - <module> : input: middle
2022-10-21 13:07:18,980 - INFO - <module> : input: middle
2022-10-21 13:07:18,980 - INFO - <module> : input: middle
2022-10-21 13:07:18,980 - INFO - <module> : input: middle
2022-10-21 13:07:19,198 - INFO - <module> : input: report
2022-10-21 13:07:19,198 - INFO - <module> : input: report
2022-10-21 13:07:19,198 - INFO - <module> : input: report
2022-10-21 13:07:19,198 - INFO - <module> : input: report
2022-10-21 13:07:19,448 - INFO - <module> : input: +639758880793
2022-10-21 13:07:19,448 - INFO - <module> : input: +639758880793
2022-10-21 13:07:19,448 - INFO - <module> : input: +639758880793
2022-10-21 13:07:19,448 - INFO - <module> : input: +639758880793
2022-10-21 13:07:19,651 - INFO - <module> : input: 
2022-10-21 13:07:19,651 - INFO - <module> : input: 
2022-10-21 13:07:19,651 - INFO - <module> : input: 
2022-10-21 13:07:19,651 - INFO - <module> : input: 
2022-10-21 13:07:19,925 - INFO - <module> : input: testautomationoutage@yopmail.com
2022-10-21 13:07:19,925 - INFO - <module> : input: testautomationoutage@yopmail.com
2022-10-21 13:07:19,925 - INFO - <module> : input: testautomationoutage@yopmail.com
2022-10-21 13:07:19,925 - INFO - <module> : input: testautomationoutage@yopmail.com
2022-10-21 13:07:25,573 - INFO - <module> : Verify if 'Yes' is selected from the options under 'Do you want to receive updates related to this report?'
2022-10-21 13:07:25,573 - INFO - <module> : Verify if 'Yes' is selected from the options under 'Do you want to receive updates related to this report?'
2022-10-21 13:07:25,573 - INFO - <module> : Verify if 'Yes' is selected from the options under 'Do you want to receive updates related to this report?'
2022-10-21 13:07:25,573 - INFO - <module> : Verify if 'Yes' is selected from the options under 'Do you want to receive updates related to this report?'
2022-10-21 13:07:30,786 - INFO - <module> : Select SMS and Email as preferred Case Notification Channel.
Note: Ensure that 'Email' field has valid value if Email has been selected as preferred Case Notification Channel.
2022-10-21 13:07:30,786 - INFO - <module> : Select SMS and Email as preferred Case Notification Channel.
Note: Ensure that 'Email' field has valid value if Email has been selected as preferred Case Notification Channel.
2022-10-21 13:07:30,786 - INFO - <module> : Select SMS and Email as preferred Case Notification Channel.
Note: Ensure that 'Email' field has valid value if Email has been selected as preferred Case Notification Channel.
2022-10-21 13:07:30,786 - INFO - <module> : Select SMS and Email as preferred Case Notification Channel.
Note: Ensure that 'Email' field has valid value if Email has been selected as preferred Case Notification Channel.
2022-10-21 13:07:31,074 - INFO - <module> : Clicked
2022-10-21 13:07:31,074 - INFO - <module> : Clicked
2022-10-21 13:07:31,074 - INFO - <module> : Clicked
2022-10-21 13:07:31,074 - INFO - <module> : Clicked
2022-10-21 13:07:31,258 - INFO - <module> : Clicked
2022-10-21 13:07:31,258 - INFO - <module> : Clicked
2022-10-21 13:07:31,258 - INFO - <module> : Clicked
2022-10-21 13:07:31,258 - INFO - <module> : Clicked
2022-10-21 13:07:36,017 - INFO - <module> : Select the checkbox for:
I have read and agree to the Meralco Online Terms & Conditions and consent to the processing of my personal data in accordance with the Privacy Policy.
2022-10-21 13:07:36,017 - INFO - <module> : Select the checkbox for:
I have read and agree to the Meralco Online Terms & Conditions and consent to the processing of my personal data in accordance with the Privacy Policy.
2022-10-21 13:07:36,017 - INFO - <module> : Select the checkbox for:
I have read and agree to the Meralco Online Terms & Conditions and consent to the processing of my personal data in accordance with the Privacy Policy.
2022-10-21 13:07:36,017 - INFO - <module> : Select the checkbox for:
I have read and agree to the Meralco Online Terms & Conditions and consent to the processing of my personal data in accordance with the Privacy Policy.
2022-10-21 13:07:36,373 - INFO - <module> : Clicked
2022-10-21 13:07:36,373 - INFO - <module> : Clicked
2022-10-21 13:07:36,373 - INFO - <module> : Clicked
2022-10-21 13:07:36,373 - INFO - <module> : Clicked
2022-10-21 13:07:41,867 - INFO - <module> : Click ‘Submit’ button.
2022-10-21 13:07:41,867 - INFO - <module> : Click ‘Submit’ button.
2022-10-21 13:07:41,867 - INFO - <module> : Click ‘Submit’ button.
2022-10-21 13:07:41,867 - INFO - <module> : Click ‘Submit’ button.
2022-10-21 13:07:42,106 - ERROR - <module> : element is disabled
2022-10-21 13:07:42,106 - ERROR - <module> : element is disabled
2022-10-21 13:07:42,106 - ERROR - <module> : element is disabled
2022-10-21 13:07:42,106 - ERROR - <module> : element is disabled
2022-10-21 13:07:42,399 - INFO - setup : Close Browser
