2023-01-10 17:40:54,968 - INFO - setup : Browser Launched!
2023-01-10 17:41:20,412 - INFO - <module> : input: atconcernsingle@yopmail.com
2023-01-10 17:41:20,412 - INFO - <module> : input: atconcernsingle@yopmail.com
2023-01-10 17:41:20,412 - INFO - <module> : input: atconcernsingle@yopmail.com
2023-01-10 17:41:20,412 - INFO - <module> : input: atconcernsingle@yopmail.com
2023-01-10 17:41:20,797 - INFO - <module> : input: Meralco01
2023-01-10 17:41:20,797 - INFO - <module> : input: Meralco01
2023-01-10 17:41:20,797 - INFO - <module> : input: Meralco01
2023-01-10 17:41:20,797 - INFO - <module> : input: Meralco01
2023-01-10 17:41:21,595 - INFO - <module> : Clicked
2023-01-10 17:41:21,595 - INFO - <module> : Clicked
2023-01-10 17:41:21,595 - INFO - <module> : Clicked
2023-01-10 17:41:21,595 - INFO - <module> : Clicked
2023-01-10 17:41:27,839 - INFO - <module> : Hello, exists
2023-01-10 17:41:27,839 - INFO - <module> : Hello, exists
2023-01-10 17:41:27,839 - INFO - <module> : Hello, exists
2023-01-10 17:41:27,839 - INFO - <module> : Hello, exists
2023-01-10 17:41:29,387 - INFO - <module> : VIEW ACCOUNT DETAILS clicked
2023-01-10 17:41:29,387 - INFO - <module> : VIEW ACCOUNT DETAILS clicked
2023-01-10 17:41:29,387 - INFO - <module> : VIEW ACCOUNT DETAILS clicked
2023-01-10 17:41:29,387 - INFO - <module> : VIEW ACCOUNT DETAILS clicked
2023-01-10 17:41:53,103 - INFO - <module> :  clicked
2023-01-10 17:41:53,103 - INFO - <module> :  clicked
2023-01-10 17:41:53,103 - INFO - <module> :  clicked
2023-01-10 17:41:53,103 - INFO - <module> :  clicked
2023-01-10 17:42:01,102 - INFO - <module> : input: 3535100272
2023-01-10 17:42:01,102 - INFO - <module> : input: 3535100272
2023-01-10 17:42:01,102 - INFO - <module> : input: 3535100272
2023-01-10 17:42:01,102 - INFO - <module> : input: 3535100272
2023-01-10 17:42:01,741 - INFO - <module> : input: 502863370101
2023-01-10 17:42:01,741 - INFO - <module> : input: 502863370101
2023-01-10 17:42:01,741 - INFO - <module> : input: 502863370101
2023-01-10 17:42:01,741 - INFO - <module> : input: 502863370101
2023-01-10 17:42:01,889 - INFO - <module> : input: 107
2023-01-10 17:42:01,889 - INFO - <module> : input: 107
2023-01-10 17:42:01,889 - INFO - <module> : input: 107
2023-01-10 17:42:01,889 - INFO - <module> : input: 107
2023-01-10 17:42:02,545 - INFO - <module> : input: 10/20/2021
2023-01-10 17:42:02,545 - INFO - <module> : input: 10/20/2021
2023-01-10 17:42:02,545 - INFO - <module> : input: 10/20/2021
2023-01-10 17:42:02,545 - INFO - <module> : input: 10/20/2021
2023-01-10 17:42:04,933 - INFO - setup : Close Browser
