2022-10-14 15:45:08,045 - INFO - setup : Browser Launched!
2022-10-14 15:45:14,533 - INFO - <module> : Go to https://fuat-meralco.cs73.force.com/customers/s/outagemap
2022-10-14 15:45:14,533 - INFO - <module> : Go to https://fuat-meralco.cs73.force.com/customers/s/outagemap
2022-10-14 15:45:14,533 - INFO - <module> : Go to https://fuat-meralco.cs73.force.com/customers/s/outagemap
2022-10-14 15:45:14,533 - INFO - <module> : Go to https://fuat-meralco.cs73.force.com/customers/s/outagemap
2022-10-14 15:45:18,463 - INFO - <module> : Opened: https://fuat-meralco.cs73.force.com/customers/s/outagemap
2022-10-14 15:45:18,463 - INFO - <module> : Opened: https://fuat-meralco.cs73.force.com/customers/s/outagemap
2022-10-14 15:45:18,463 - INFO - <module> : Opened: https://fuat-meralco.cs73.force.com/customers/s/outagemap
2022-10-14 15:45:18,463 - INFO - <module> : Opened: https://fuat-meralco.cs73.force.com/customers/s/outagemap
2022-10-14 15:45:27,643 - INFO - <module> : Meralco would like to access your location to identify if your area is affected by an outage. exists
2022-10-14 15:45:27,643 - INFO - <module> : Meralco would like to access your location to identify if your area is affected by an outage. exists
2022-10-14 15:45:27,643 - INFO - <module> : Meralco would like to access your location to identify if your area is affected by an outage. exists
2022-10-14 15:45:27,643 - INFO - <module> : Meralco would like to access your location to identify if your area is affected by an outage. exists
2022-10-14 15:45:28,109 - INFO - <module> : Disagree clicked
2022-10-14 15:45:28,109 - INFO - <module> : Disagree clicked
2022-10-14 15:45:28,109 - INFO - <module> : Disagree clicked
2022-10-14 15:45:28,109 - INFO - <module> : Disagree clicked
2022-10-14 15:55:31,427 - INFO - <module> : Clicked
2022-10-14 15:55:31,427 - INFO - <module> : Clicked
2022-10-14 15:55:31,427 - INFO - <module> : Clicked
2022-10-14 15:55:31,427 - INFO - <module> : Clicked
2022-10-14 15:55:41,458 - INFO - setup : Close Browser
