2023-01-10 19:25:38,274 - INFO - setup : Browser Launched!
2023-01-10 19:26:04,965 - INFO - <module> : input: atconcernsingle@yopmail.com
2023-01-10 19:26:04,965 - INFO - <module> : input: atconcernsingle@yopmail.com
2023-01-10 19:26:04,965 - INFO - <module> : input: atconcernsingle@yopmail.com
2023-01-10 19:26:04,965 - INFO - <module> : input: atconcernsingle@yopmail.com
2023-01-10 19:26:05,403 - INFO - <module> : input: Meralco01
2023-01-10 19:26:05,403 - INFO - <module> : input: Meralco01
2023-01-10 19:26:05,403 - INFO - <module> : input: Meralco01
2023-01-10 19:26:05,403 - INFO - <module> : input: Meralco01
2023-01-10 19:26:06,257 - INFO - <module> : Clicked
2023-01-10 19:26:06,257 - INFO - <module> : Clicked
2023-01-10 19:26:06,257 - INFO - <module> : Clicked
2023-01-10 19:26:06,257 - INFO - <module> : Clicked
2023-01-10 19:26:11,696 - INFO - <module> : Hello, exists
2023-01-10 19:26:11,696 - INFO - <module> : Hello, exists
2023-01-10 19:26:11,696 - INFO - <module> : Hello, exists
2023-01-10 19:26:11,696 - INFO - <module> : Hello, exists
2023-01-10 19:26:11,777 - INFO - <module> : AT SINGLE clicked
2023-01-10 19:26:11,777 - INFO - <module> : AT SINGLE clicked
2023-01-10 19:26:11,777 - INFO - <module> : AT SINGLE clicked
2023-01-10 19:26:11,777 - INFO - <module> : AT SINGLE clicked
2023-01-10 19:26:11,933 - INFO - <module> :  clicked
2023-01-10 19:26:11,933 - INFO - <module> :  clicked
2023-01-10 19:26:11,933 - INFO - <module> :  clicked
2023-01-10 19:26:11,933 - INFO - <module> :  clicked
2023-01-10 19:26:17,693 - INFO - <module> : Clicked
2023-01-10 19:26:17,693 - INFO - <module> : Clicked
2023-01-10 19:26:17,693 - INFO - <module> : Clicked
2023-01-10 19:26:17,693 - INFO - <module> : Clicked
2023-01-10 19:26:20,169 - INFO - <module> : input: 6321234543
2023-01-10 19:26:20,169 - INFO - <module> : input: 6321234543
2023-01-10 19:26:20,169 - INFO - <module> : input: 6321234543
2023-01-10 19:26:20,169 - INFO - <module> : input: 6321234543
2023-01-10 19:26:20,294 - INFO - <module> : Clicked
2023-01-10 19:26:20,294 - INFO - <module> : Clicked
2023-01-10 19:26:20,294 - INFO - <module> : Clicked
2023-01-10 19:26:20,294 - INFO - <module> : Clicked
2023-01-10 19:26:22,593 - INFO - setup : Close Browser
