2023-01-06 14:27:09,118 - INFO - setup : Browser Launched!
2023-01-06 14:27:18,266 - INFO - <module> : Opened: https://fuat-meralco.cs73.force.com/customers/s/cxe-apply
2023-01-06 14:27:18,266 - INFO - <module> : Opened: https://fuat-meralco.cs73.force.com/customers/s/cxe-apply
2023-01-06 14:27:18,266 - INFO - <module> : Opened: https://fuat-meralco.cs73.force.com/customers/s/cxe-apply
2023-01-06 14:27:18,266 - INFO - <module> : Opened: https://fuat-meralco.cs73.force.com/customers/s/cxe-apply
2023-01-06 14:27:18,459 - INFO - <module> : Service Application exists
2023-01-06 14:27:18,459 - INFO - <module> : Service Application exists
2023-01-06 14:27:18,459 - INFO - <module> : Service Application exists
2023-01-06 14:27:18,459 - INFO - <module> : Service Application exists
2023-01-06 14:27:22,090 - INFO - <module> : Clicked
2023-01-06 14:27:22,090 - INFO - <module> : Clicked
2023-01-06 14:27:22,090 - INFO - <module> : Clicked
2023-01-06 14:27:22,090 - INFO - <module> : Clicked
2023-01-06 14:27:22,220 - INFO - <module> : Start Service exists
2023-01-06 14:27:22,220 - INFO - <module> : Start Service exists
2023-01-06 14:27:22,220 - INFO - <module> : Start Service exists
2023-01-06 14:27:22,220 - INFO - <module> : Start Service exists
2023-01-06 14:27:22,268 - INFO - <module> : Modify Service exists
2023-01-06 14:27:22,268 - INFO - <module> : Modify Service exists
2023-01-06 14:27:22,268 - INFO - <module> : Modify Service exists
2023-01-06 14:27:22,268 - INFO - <module> : Modify Service exists
2023-01-06 14:27:22,307 - INFO - <module> : Reactivate Service exists
2023-01-06 14:27:22,307 - INFO - <module> : Reactivate Service exists
2023-01-06 14:27:22,307 - INFO - <module> : Reactivate Service exists
2023-01-06 14:27:22,307 - INFO - <module> : Reactivate Service exists
2023-01-06 14:27:22,367 - INFO - <module> : Stop Service exists
2023-01-06 14:27:22,367 - INFO - <module> : Stop Service exists
2023-01-06 14:27:22,367 - INFO - <module> : Stop Service exists
2023-01-06 14:27:22,367 - INFO - <module> : Stop Service exists
2023-01-06 14:27:26,860 - INFO - <module> : Clicked
2023-01-06 14:27:26,860 - INFO - <module> : Clicked
2023-01-06 14:27:26,860 - INFO - <module> : Clicked
2023-01-06 14:27:26,860 - INFO - <module> : Clicked
2023-01-06 14:27:26,918 - INFO - <module> : Reactivate a Service exists
2023-01-06 14:27:26,918 - INFO - <module> : Reactivate a Service exists
2023-01-06 14:27:26,918 - INFO - <module> : Reactivate a Service exists
2023-01-06 14:27:26,918 - INFO - <module> : Reactivate a Service exists
2023-01-06 14:27:30,271 - INFO - <module> : input: atFirstname
2023-01-06 14:27:30,271 - INFO - <module> : input: atFirstname
2023-01-06 14:27:30,271 - INFO - <module> : input: atFirstname
2023-01-06 14:27:30,271 - INFO - <module> : input: atFirstname
2023-01-06 14:27:30,352 - INFO - <module> : input: atLastname
2023-01-06 14:27:30,352 - INFO - <module> : input: atLastname
2023-01-06 14:27:30,352 - INFO - <module> : input: atLastname
2023-01-06 14:27:30,352 - INFO - <module> : input: atLastname
2023-01-06 14:27:30,447 - INFO - <module> : input: automationteam@gmail.com
2023-01-06 14:27:30,447 - INFO - <module> : input: automationteam@gmail.com
2023-01-06 14:27:30,447 - INFO - <module> : input: automationteam@gmail.com
2023-01-06 14:27:30,447 - INFO - <module> : input: automationteam@gmail.com
2023-01-06 14:27:30,618 - INFO - <module> : input: atcontbusinessName
2023-01-06 14:27:30,618 - INFO - <module> : input: atcontbusinessName
2023-01-06 14:27:30,618 - INFO - <module> : input: atcontbusinessName
2023-01-06 14:27:30,618 - INFO - <module> : input: atcontbusinessName
2023-01-06 14:27:30,697 - INFO - <module> : input: +639234567891
2023-01-06 14:27:30,697 - INFO - <module> : input: +639234567891
2023-01-06 14:27:30,697 - INFO - <module> : input: +639234567891
2023-01-06 14:27:30,697 - INFO - <module> : input: +639234567891
2023-01-06 14:27:33,085 - INFO - <module> : Clicked
2023-01-06 14:27:33,085 - INFO - <module> : Clicked
2023-01-06 14:27:33,085 - INFO - <module> : Clicked
2023-01-06 14:27:33,085 - INFO - <module> : Clicked
2023-01-06 14:27:33,213 - INFO - <module> : CUSTOMER INFO exists
2023-01-06 14:27:33,213 - INFO - <module> : CUSTOMER INFO exists
2023-01-06 14:27:33,213 - INFO - <module> : CUSTOMER INFO exists
2023-01-06 14:27:33,213 - INFO - <module> : CUSTOMER INFO exists
2023-01-06 14:27:36,414 - INFO - <module> :  exists
2023-01-06 14:27:36,414 - INFO - <module> :  exists
2023-01-06 14:27:36,414 - INFO - <module> :  exists
2023-01-06 14:27:36,414 - INFO - <module> :  exists
2023-01-06 14:27:39,658 - INFO - <module> : input: 3535070118
2023-01-06 14:27:39,658 - INFO - <module> : input: 3535070118
2023-01-06 14:27:39,658 - INFO - <module> : input: 3535070118
2023-01-06 14:27:39,658 - INFO - <module> : input: 3535070118
2023-01-06 14:27:42,942 - INFO - <module> : input: atFirstname
2023-01-06 14:27:42,942 - INFO - <module> : input: atFirstname
2023-01-06 14:27:42,942 - INFO - <module> : input: atFirstname
2023-01-06 14:27:42,942 - INFO - <module> : input: atFirstname
2023-01-06 14:27:43,041 - INFO - <module> : input: atLastname
2023-01-06 14:27:43,041 - INFO - <module> : input: atLastname
2023-01-06 14:27:43,041 - INFO - <module> : input: atLastname
2023-01-06 14:27:43,041 - INFO - <module> : input: atLastname
2023-01-06 14:27:43,169 - INFO - <module> : input: automationteam@gmail.com
2023-01-06 14:27:43,169 - INFO - <module> : input: automationteam@gmail.com
2023-01-06 14:27:43,169 - INFO - <module> : input: automationteam@gmail.com
2023-01-06 14:27:43,169 - INFO - <module> : input: automationteam@gmail.com
2023-01-06 14:27:43,264 - INFO - <module> : input: +639234567891
2023-01-06 14:27:43,264 - INFO - <module> : input: +639234567891
2023-01-06 14:27:43,264 - INFO - <module> : input: +639234567891
2023-01-06 14:27:43,264 - INFO - <module> : input: +639234567891
2023-01-06 14:27:45,613 - INFO - <module> : Clicked
2023-01-06 14:27:45,613 - INFO - <module> : Clicked
2023-01-06 14:27:45,613 - INFO - <module> : Clicked
2023-01-06 14:27:45,613 - INFO - <module> : Clicked
2023-01-06 14:27:45,659 - INFO - <module> : Where will the electric service be used? exists
2023-01-06 14:27:45,659 - INFO - <module> : Where will the electric service be used? exists
2023-01-06 14:27:45,659 - INFO - <module> : Where will the electric service be used? exists
2023-01-06 14:27:45,659 - INFO - <module> : Where will the electric service be used? exists
2023-01-06 14:27:49,008 - INFO - <module> : Clicked
2023-01-06 14:27:49,008 - INFO - <module> : Clicked
2023-01-06 14:27:49,008 - INFO - <module> : Clicked
2023-01-06 14:27:49,008 - INFO - <module> : Clicked
2023-01-06 14:27:49,091 - INFO - <module> : input: 123 Santo Tomas
2023-01-06 14:27:49,091 - INFO - <module> : input: 123 Santo Tomas
2023-01-06 14:27:49,091 - INFO - <module> : input: 123 Santo Tomas
2023-01-06 14:27:49,091 - INFO - <module> : input: 123 Santo Tomas
2023-01-06 14:27:49,225 - INFO - <module> : Clicked
2023-01-06 14:27:49,225 - INFO - <module> : Clicked
2023-01-06 14:27:49,225 - INFO - <module> : Clicked
2023-01-06 14:27:49,225 - INFO - <module> : Clicked
2023-01-06 14:27:49,800 - INFO - <module> : Clicked
2023-01-06 14:27:49,800 - INFO - <module> : Clicked
2023-01-06 14:27:49,800 - INFO - <module> : Clicked
2023-01-06 14:27:49,800 - INFO - <module> : Clicked
2023-01-06 14:27:49,874 - INFO - <module> : Clicked
2023-01-06 14:27:49,874 - INFO - <module> : Clicked
2023-01-06 14:27:49,874 - INFO - <module> : Clicked
2023-01-06 14:27:49,874 - INFO - <module> : Clicked
2023-01-06 14:27:49,926 - INFO - <module> : Clicked
2023-01-06 14:27:49,926 - INFO - <module> : Clicked
2023-01-06 14:27:49,926 - INFO - <module> : Clicked
2023-01-06 14:27:49,926 - INFO - <module> : Clicked
2023-01-06 14:27:52,324 - INFO - <module> : Clicked
2023-01-06 14:27:52,324 - INFO - <module> : Clicked
2023-01-06 14:27:52,324 - INFO - <module> : Clicked
2023-01-06 14:27:52,324 - INFO - <module> : Clicked
2023-01-06 14:27:53,539 - INFO - <module> : Clicked
2023-01-06 14:27:53,539 - INFO - <module> : Clicked
2023-01-06 14:27:53,539 - INFO - <module> : Clicked
2023-01-06 14:27:53,539 - INFO - <module> : Clicked
2023-01-06 14:28:08,614 - INFO - <module> : Next exists
2023-01-06 14:28:08,614 - INFO - <module> : Next exists
2023-01-06 14:28:08,614 - INFO - <module> : Next exists
2023-01-06 14:28:08,614 - INFO - <module> : Next exists
2023-01-06 14:28:12,035 - INFO - <module> : Clicked
2023-01-06 14:28:12,035 - INFO - <module> : Clicked
2023-01-06 14:28:12,035 - INFO - <module> : Clicked
2023-01-06 14:28:12,035 - INFO - <module> : Clicked
2023-01-06 14:28:24,621 - INFO - <module> : TC017 Passed
2023-01-06 14:28:24,621 - INFO - <module> : TC017 Passed
2023-01-06 14:28:24,621 - INFO - <module> : TC017 Passed
2023-01-06 14:28:24,621 - INFO - <module> : TC017 Passed
2023-01-06 14:28:24,730 - INFO - setup : Close Browser
