2023-01-03 14:41:27,648 - INFO - setup : Browser Launched!
2023-01-03 14:41:59,178 - INFO - <module> : Opened: https://fuat-meralco.cs73.force.com/customers/s/cxe-apply
2023-01-03 14:41:59,178 - INFO - <module> : Opened: https://fuat-meralco.cs73.force.com/customers/s/cxe-apply
2023-01-03 14:41:59,178 - INFO - <module> : Opened: https://fuat-meralco.cs73.force.com/customers/s/cxe-apply
2023-01-03 14:41:59,178 - INFO - <module> : Opened: https://fuat-meralco.cs73.force.com/customers/s/cxe-apply
2023-01-03 14:42:05,320 - INFO - <module> : Service Application exists
2023-01-03 14:42:05,320 - INFO - <module> : Service Application exists
2023-01-03 14:42:05,320 - INFO - <module> : Service Application exists
2023-01-03 14:42:05,320 - INFO - <module> : Service Application exists
2023-01-03 14:42:08,683 - INFO - <module> : Clicked
2023-01-03 14:42:08,683 - INFO - <module> : Clicked
2023-01-03 14:42:08,683 - INFO - <module> : Clicked
2023-01-03 14:42:08,683 - INFO - <module> : Clicked
2023-01-03 14:42:11,933 - INFO - <module> : Clicked
2023-01-03 14:42:11,933 - INFO - <module> : Clicked
2023-01-03 14:42:11,933 - INFO - <module> : Clicked
2023-01-03 14:42:11,933 - INFO - <module> : Clicked
2023-01-03 14:42:20,890 - INFO - <module> : Clicked
2023-01-03 14:42:20,890 - INFO - <module> : Clicked
2023-01-03 14:42:20,890 - INFO - <module> : Clicked
2023-01-03 14:42:20,890 - INFO - <module> : Clicked
2023-01-03 14:42:26,473 - INFO - <module> : input: aaaaa@yopmail.com
2023-01-03 14:42:26,473 - INFO - <module> : input: aaaaa@yopmail.com
2023-01-03 14:42:26,473 - INFO - <module> : input: aaaaa@yopmail.com
2023-01-03 14:42:26,473 - INFO - <module> : input: aaaaa@yopmail.com
2023-01-03 14:42:26,640 - INFO - <module> : input: atfirst1
2023-01-03 14:42:26,640 - INFO - <module> : input: atfirst1
2023-01-03 14:42:26,640 - INFO - <module> : input: atfirst1
2023-01-03 14:42:26,640 - INFO - <module> : input: atfirst1
2023-01-03 14:42:26,755 - INFO - <module> : input: atlast1
2023-01-03 14:42:26,755 - INFO - <module> : input: atlast1
2023-01-03 14:42:26,755 - INFO - <module> : input: atlast1
2023-01-03 14:42:26,755 - INFO - <module> : input: atlast1
2023-01-03 14:42:26,832 - INFO - <module> : input: +639272222235
2023-01-03 14:42:26,832 - INFO - <module> : input: +639272222235
2023-01-03 14:42:26,832 - INFO - <module> : input: +639272222235
2023-01-03 14:42:26,832 - INFO - <module> : input: +639272222235
2023-01-03 14:42:27,526 - INFO - <module> : Clicked
2023-01-03 14:42:27,526 - INFO - <module> : Clicked
2023-01-03 14:42:27,526 - INFO - <module> : Clicked
2023-01-03 14:42:27,526 - INFO - <module> : Clicked
2023-01-03 14:42:28,115 - INFO - <module> : Clicked
2023-01-03 14:42:28,115 - INFO - <module> : Clicked
2023-01-03 14:42:28,115 - INFO - <module> : Clicked
2023-01-03 14:42:28,115 - INFO - <module> : Clicked
2023-01-03 14:42:28,190 - INFO - setup : Close Browser
