2022-10-26 12:53:11,070 - INFO - setup : Browser Launched!
2022-10-26 12:53:30,706 - INFO - <module> : In Outage Map for Internal users, click on  Admin option in the menu
2022-10-26 12:53:30,706 - INFO - <module> : In Outage Map for Internal users, click on  Admin option in the menu
2022-10-26 12:53:30,706 - INFO - <module> : In Outage Map for Internal users, click on  Admin option in the menu
2022-10-26 12:53:30,706 - INFO - <module> : In Outage Map for Internal users, click on  Admin option in the menu
2022-10-26 12:53:35,838 - INFO - <module> : Opened: https://outage-api.meralco.com.ph/
2022-10-26 12:53:35,838 - INFO - <module> : Opened: https://outage-api.meralco.com.ph/
2022-10-26 12:53:35,838 - INFO - <module> : Opened: https://outage-api.meralco.com.ph/
2022-10-26 12:53:35,838 - INFO - <module> : Opened: https://outage-api.meralco.com.ph/
2022-10-26 12:53:38,396 - INFO - <module> : input: v-lvlgalvez@meralco.com.ph
2022-10-26 12:53:38,396 - INFO - <module> : input: v-lvlgalvez@meralco.com.ph
2022-10-26 12:53:38,396 - INFO - <module> : input: v-lvlgalvez@meralco.com.ph
2022-10-26 12:53:38,396 - INFO - <module> : input: v-lvlgalvez@meralco.com.ph
2022-10-26 12:53:38,531 - INFO - <module> : Clicked
2022-10-26 12:53:38,531 - INFO - <module> : Clicked
2022-10-26 12:53:38,531 - INFO - <module> : Clicked
2022-10-26 12:53:38,531 - INFO - <module> : Clicked
2022-10-26 12:53:40,218 - INFO - <module> : input: Mecopass@@!!129
2022-10-26 12:53:40,218 - INFO - <module> : input: Mecopass@@!!129
2022-10-26 12:53:40,218 - INFO - <module> : input: Mecopass@@!!129
2022-10-26 12:53:40,218 - INFO - <module> : input: Mecopass@@!!129
2022-10-26 12:53:40,864 - INFO - <module> : Clicked
2022-10-26 12:53:40,864 - INFO - <module> : Clicked
2022-10-26 12:53:40,864 - INFO - <module> : Clicked
2022-10-26 12:53:40,864 - INFO - <module> : Clicked
2022-10-26 12:53:41,527 - INFO - <module> : Clicked
2022-10-26 12:53:41,527 - INFO - <module> : Clicked
2022-10-26 12:53:41,527 - INFO - <module> : Clicked
2022-10-26 12:53:41,527 - INFO - <module> : Clicked
2022-10-26 12:54:11,358 - INFO - <module> : Clicked
2022-10-26 12:54:11,358 - INFO - <module> : Clicked
2022-10-26 12:54:11,358 - INFO - <module> : Clicked
2022-10-26 12:54:11,358 - INFO - <module> : Clicked
2022-10-26 12:54:15,546 - INFO - <module> :  clicked
2022-10-26 12:54:15,546 - INFO - <module> :  clicked
2022-10-26 12:54:15,546 - INFO - <module> :  clicked
2022-10-26 12:54:15,546 - INFO - <module> :  clicked
2022-10-26 12:54:16,164 - INFO - setup : Close Browser
