2022-10-18 12:38:03,376 - INFO - setup : Browser Launched!
2022-10-18 12:38:15,490 - INFO - <module> : Login to Meralco Online
2022-10-18 12:38:15,490 - INFO - <module> : Login to Meralco Online
2022-10-18 12:38:15,490 - INFO - <module> : Login to Meralco Online
2022-10-18 12:38:15,490 - INFO - <module> : Login to Meralco Online
2022-10-18 12:38:16,111 - INFO - <module> : input: atmooutageaccount@yopmail.com
2022-10-18 12:38:16,111 - INFO - <module> : input: atmooutageaccount@yopmail.com
2022-10-18 12:38:16,111 - INFO - <module> : input: atmooutageaccount@yopmail.com
2022-10-18 12:38:16,111 - INFO - <module> : input: atmooutageaccount@yopmail.com
2022-10-18 12:38:16,304 - INFO - <module> : input: Meralco01
2022-10-18 12:38:16,304 - INFO - <module> : input: Meralco01
2022-10-18 12:38:16,304 - INFO - <module> : input: Meralco01
2022-10-18 12:38:16,304 - INFO - <module> : input: Meralco01
2022-10-18 12:38:16,480 - INFO - <module> : Clicked
2022-10-18 12:38:16,480 - INFO - <module> : Clicked
2022-10-18 12:38:16,480 - INFO - <module> : Clicked
2022-10-18 12:38:16,480 - INFO - <module> : Clicked
2022-10-18 12:38:20,140 - INFO - <module> : Hello, exists
2022-10-18 12:38:20,140 - INFO - <module> : Hello, exists
2022-10-18 12:38:20,140 - INFO - <module> : Hello, exists
2022-10-18 12:38:20,140 - INFO - <module> : Hello, exists
2022-10-18 12:38:20,182 - INFO - <module> : Hello, exists
2022-10-18 12:38:20,182 - INFO - <module> : Hello, exists
2022-10-18 12:38:20,182 - INFO - <module> : Hello, exists
2022-10-18 12:38:20,182 - INFO - <module> : Hello, exists
2022-10-18 12:38:23,826 - INFO - <module> : Go to Outages & Incidents > View/Report Outages
2022-10-18 12:38:23,826 - INFO - <module> : Go to Outages & Incidents > View/Report Outages
2022-10-18 12:38:23,826 - INFO - <module> : Go to Outages & Incidents > View/Report Outages
2022-10-18 12:38:23,826 - INFO - <module> : Go to Outages & Incidents > View/Report Outages
2022-10-18 12:38:23,923 - INFO - <module> : Clicked
2022-10-18 12:38:23,923 - INFO - <module> : Clicked
2022-10-18 12:38:23,923 - INFO - <module> : Clicked
2022-10-18 12:38:23,923 - INFO - <module> : Clicked
2022-10-18 12:38:23,998 - INFO - <module> :  clicked
2022-10-18 12:38:23,998 - INFO - <module> :  clicked
2022-10-18 12:38:23,998 - INFO - <module> :  clicked
2022-10-18 12:38:23,998 - INFO - <module> :  clicked
2022-10-18 12:38:32,538 - INFO - <module> : Okay clicked
2022-10-18 12:38:32,538 - INFO - <module> : Okay clicked
2022-10-18 12:38:32,538 - INFO - <module> : Okay clicked
2022-10-18 12:38:32,538 - INFO - <module> : Okay clicked
2022-10-18 12:38:36,141 - INFO - <module> : Click on Map Views button > Select All under Outage Type
2022-10-18 12:38:36,141 - INFO - <module> : Click on Map Views button > Select All under Outage Type
2022-10-18 12:38:36,141 - INFO - <module> : Click on Map Views button > Select All under Outage Type
2022-10-18 12:38:36,141 - INFO - <module> : Click on Map Views button > Select All under Outage Type
2022-10-18 12:38:36,322 - INFO - <module> : Clicked
2022-10-18 12:38:36,322 - INFO - <module> : Clicked
2022-10-18 12:38:36,322 - INFO - <module> : Clicked
2022-10-18 12:38:36,322 - INFO - <module> : Clicked
2022-10-18 12:38:38,745 - INFO - <module> : Clicked
2022-10-18 12:38:38,745 - INFO - <module> : Clicked
2022-10-18 12:38:38,745 - INFO - <module> : Clicked
2022-10-18 12:38:38,745 - INFO - <module> : Clicked
2022-10-18 12:38:41,136 - INFO - <module> :  clicked
2022-10-18 12:38:41,136 - INFO - <module> :  clicked
2022-10-18 12:38:41,136 - INFO - <module> :  clicked
2022-10-18 12:38:41,136 - INFO - <module> :  clicked
2022-10-18 12:39:16,556 - INFO - setup : Close Browser
