2022-11-18 14:03:00,105 - INFO - setup : Browser Launched!
2022-11-18 14:03:10,382 - INFO - <module> : Go to lower right of Internal Map
2022-11-18 14:03:10,382 - INFO - <module> : Go to lower right of Internal Map
2022-11-18 14:03:10,382 - INFO - <module> : Go to lower right of Internal Map
2022-11-18 14:03:10,382 - INFO - <module> : Go to lower right of Internal Map
2022-11-18 14:03:11,718 - INFO - <module> : Opened: https://outage-api.meralco.com.ph/
2022-11-18 14:03:11,718 - INFO - <module> : Opened: https://outage-api.meralco.com.ph/
2022-11-18 14:03:11,718 - INFO - <module> : Opened: https://outage-api.meralco.com.ph/
2022-11-18 14:03:11,718 - INFO - <module> : Opened: https://outage-api.meralco.com.ph/
2022-11-18 14:03:15,013 - INFO - <module> : input: v-agsealmoy@meralco.com.ph
2022-11-18 14:03:15,013 - INFO - <module> : input: v-agsealmoy@meralco.com.ph
2022-11-18 14:03:15,013 - INFO - <module> : input: v-agsealmoy@meralco.com.ph
2022-11-18 14:03:15,013 - INFO - <module> : input: v-agsealmoy@meralco.com.ph
2022-11-18 14:03:15,074 - INFO - <module> : Clicked
2022-11-18 14:03:15,074 - INFO - <module> : Clicked
2022-11-18 14:03:15,074 - INFO - <module> : Clicked
2022-11-18 14:03:15,074 - INFO - <module> : Clicked
2022-11-18 14:03:16,161 - INFO - <module> : input: Meco@@##00018
2022-11-18 14:03:16,161 - INFO - <module> : input: Meco@@##00018
2022-11-18 14:03:16,161 - INFO - <module> : input: Meco@@##00018
2022-11-18 14:03:16,161 - INFO - <module> : input: Meco@@##00018
2022-11-18 14:03:16,524 - INFO - <module> : Clicked
2022-11-18 14:03:16,524 - INFO - <module> : Clicked
2022-11-18 14:03:16,524 - INFO - <module> : Clicked
2022-11-18 14:03:16,524 - INFO - <module> : Clicked
2022-11-18 14:03:17,132 - INFO - <module> : Clicked
2022-11-18 14:03:17,132 - INFO - <module> : Clicked
2022-11-18 14:03:17,132 - INFO - <module> : Clicked
2022-11-18 14:03:17,132 - INFO - <module> : Clicked
2022-11-18 14:03:53,637 - INFO - <module> : Clicked
2022-11-18 14:03:53,637 - INFO - <module> : Clicked
2022-11-18 14:03:53,637 - INFO - <module> : Clicked
2022-11-18 14:03:53,637 - INFO - <module> : Clicked
2022-11-18 14:04:26,694 - INFO - <module> : Go to lower right of Internal Map
2022-11-18 14:04:26,694 - INFO - <module> : Go to lower right of Internal Map
2022-11-18 14:04:26,694 - INFO - <module> : Go to lower right of Internal Map
2022-11-18 14:04:26,694 - INFO - <module> : Go to lower right of Internal Map
2022-11-18 14:04:30,060 - INFO - <module> : Click Street View icon
2022-11-18 14:04:30,060 - INFO - <module> : Click Street View icon
2022-11-18 14:04:30,060 - INFO - <module> : Click Street View icon
2022-11-18 14:04:30,060 - INFO - <module> : Click Street View icon
2022-11-18 14:04:33,141 - INFO - setup : Close Browser
