2022-10-14 14:40:54,034 - INFO - setup : Browser Launched!
2022-10-14 14:41:03,503 - INFO - <module> : Go to https://fuat-meralco.cs73.force.com/customers/s/outagemap
2022-10-14 14:41:03,503 - INFO - <module> : Go to https://fuat-meralco.cs73.force.com/customers/s/outagemap
2022-10-14 14:41:03,503 - INFO - <module> : Go to https://fuat-meralco.cs73.force.com/customers/s/outagemap
2022-10-14 14:41:03,503 - INFO - <module> : Go to https://fuat-meralco.cs73.force.com/customers/s/outagemap
2022-10-14 14:41:05,881 - INFO - <module> : Opened: https://fuat-meralco.cs73.force.com/customers/s/outagemap
2022-10-14 14:41:05,881 - INFO - <module> : Opened: https://fuat-meralco.cs73.force.com/customers/s/outagemap
2022-10-14 14:41:05,881 - INFO - <module> : Opened: https://fuat-meralco.cs73.force.com/customers/s/outagemap
2022-10-14 14:41:05,881 - INFO - <module> : Opened: https://fuat-meralco.cs73.force.com/customers/s/outagemap
2022-10-14 14:41:19,809 - INFO - <module> : Click on Map Views button > Select Default on Map Type 
2022-10-14 14:41:19,809 - INFO - <module> : Click on Map Views button > Select Default on Map Type 
2022-10-14 14:41:19,809 - INFO - <module> : Click on Map Views button > Select Default on Map Type 
2022-10-14 14:41:19,809 - INFO - <module> : Click on Map Views button > Select Default on Map Type 
2022-10-14 14:41:32,553 - INFO - <module> : Meralco would like to access your location to identify if your area is affected by an outage. exists
2022-10-14 14:41:32,553 - INFO - <module> : Meralco would like to access your location to identify if your area is affected by an outage. exists
2022-10-14 14:41:32,553 - INFO - <module> : Meralco would like to access your location to identify if your area is affected by an outage. exists
2022-10-14 14:41:32,553 - INFO - <module> : Meralco would like to access your location to identify if your area is affected by an outage. exists
2022-10-14 14:41:32,975 - INFO - <module> : Disagree clicked
2022-10-14 14:41:32,975 - INFO - <module> : Disagree clicked
2022-10-14 14:41:32,975 - INFO - <module> : Disagree clicked
2022-10-14 14:41:32,975 - INFO - <module> : Disagree clicked
2022-10-14 14:41:37,096 - INFO - <module> :  clicked
2022-10-14 14:41:37,096 - INFO - <module> :  clicked
2022-10-14 14:41:37,096 - INFO - <module> :  clicked
2022-10-14 14:41:37,096 - INFO - <module> :  clicked
2022-10-14 14:41:39,571 - INFO - <module> :  clicked
2022-10-14 14:41:39,571 - INFO - <module> :  clicked
2022-10-14 14:41:39,571 - INFO - <module> :  clicked
2022-10-14 14:41:39,571 - INFO - <module> :  clicked
2022-10-14 14:41:54,668 - INFO - <module> :  clicked
2022-10-14 14:41:54,668 - INFO - <module> :  clicked
2022-10-14 14:41:54,668 - INFO - <module> :  clicked
2022-10-14 14:41:54,668 - INFO - <module> :  clicked
2022-10-14 14:41:58,219 - INFO - <module> : Go to https://fuat-meralco.cs73.force.com/customers/s/outagemap
2022-10-14 14:41:58,219 - INFO - <module> : Go to https://fuat-meralco.cs73.force.com/customers/s/outagemap
2022-10-14 14:41:58,219 - INFO - <module> : Go to https://fuat-meralco.cs73.force.com/customers/s/outagemap
2022-10-14 14:41:58,219 - INFO - <module> : Go to https://fuat-meralco.cs73.force.com/customers/s/outagemap
2022-10-14 14:41:59,531 - INFO - <module> : Opened: https://fuat-meralco.cs73.force.com/customers/s/outagemap
2022-10-14 14:41:59,531 - INFO - <module> : Opened: https://fuat-meralco.cs73.force.com/customers/s/outagemap
2022-10-14 14:41:59,531 - INFO - <module> : Opened: https://fuat-meralco.cs73.force.com/customers/s/outagemap
2022-10-14 14:41:59,531 - INFO - <module> : Opened: https://fuat-meralco.cs73.force.com/customers/s/outagemap
2022-10-14 14:42:03,505 - INFO - <module> : Click on Map Views button > Select Satellite on Map Type 
2022-10-14 14:42:03,505 - INFO - <module> : Click on Map Views button > Select Satellite on Map Type 
2022-10-14 14:42:03,505 - INFO - <module> : Click on Map Views button > Select Satellite on Map Type 
2022-10-14 14:42:03,505 - INFO - <module> : Click on Map Views button > Select Satellite on Map Type 
2022-10-14 14:42:03,631 - INFO - <module> : Meralco would like to access your location to identify if your area is affected by an outage. exists
2022-10-14 14:42:03,631 - INFO - <module> : Meralco would like to access your location to identify if your area is affected by an outage. exists
2022-10-14 14:42:03,631 - INFO - <module> : Meralco would like to access your location to identify if your area is affected by an outage. exists
2022-10-14 14:42:03,631 - INFO - <module> : Meralco would like to access your location to identify if your area is affected by an outage. exists
2022-10-14 14:42:03,740 - INFO - <module> : Disagree clicked
2022-10-14 14:42:03,740 - INFO - <module> : Disagree clicked
2022-10-14 14:42:03,740 - INFO - <module> : Disagree clicked
2022-10-14 14:42:03,740 - INFO - <module> : Disagree clicked
2022-10-14 14:42:07,847 - INFO - <module> :  clicked
2022-10-14 14:42:07,847 - INFO - <module> :  clicked
2022-10-14 14:42:07,847 - INFO - <module> :  clicked
2022-10-14 14:42:07,847 - INFO - <module> :  clicked
2022-10-14 14:42:10,277 - INFO - <module> :  clicked
2022-10-14 14:42:10,277 - INFO - <module> :  clicked
2022-10-14 14:42:10,277 - INFO - <module> :  clicked
2022-10-14 14:42:10,277 - INFO - <module> :  clicked
2022-10-14 14:42:25,395 - INFO - <module> :  clicked
2022-10-14 14:42:25,395 - INFO - <module> :  clicked
2022-10-14 14:42:25,395 - INFO - <module> :  clicked
2022-10-14 14:42:25,395 - INFO - <module> :  clicked
2022-10-14 14:42:28,866 - INFO - <module> : Go to https://fuat-meralco.cs73.force.com/customers/s/outagemap
2022-10-14 14:42:28,866 - INFO - <module> : Go to https://fuat-meralco.cs73.force.com/customers/s/outagemap
2022-10-14 14:42:28,866 - INFO - <module> : Go to https://fuat-meralco.cs73.force.com/customers/s/outagemap
2022-10-14 14:42:28,866 - INFO - <module> : Go to https://fuat-meralco.cs73.force.com/customers/s/outagemap
2022-10-14 14:42:30,822 - INFO - <module> : Opened: https://fuat-meralco.cs73.force.com/customers/s/outagemap
2022-10-14 14:42:30,822 - INFO - <module> : Opened: https://fuat-meralco.cs73.force.com/customers/s/outagemap
2022-10-14 14:42:30,822 - INFO - <module> : Opened: https://fuat-meralco.cs73.force.com/customers/s/outagemap
2022-10-14 14:42:30,822 - INFO - <module> : Opened: https://fuat-meralco.cs73.force.com/customers/s/outagemap
2022-10-14 14:42:33,971 - INFO - <module> : Click on Map Views button > Select Terrain on Map Type 
2022-10-14 14:42:33,971 - INFO - <module> : Click on Map Views button > Select Terrain on Map Type 
2022-10-14 14:42:33,971 - INFO - <module> : Click on Map Views button > Select Terrain on Map Type 
2022-10-14 14:42:33,971 - INFO - <module> : Click on Map Views button > Select Terrain on Map Type 
2022-10-14 14:42:34,123 - INFO - <module> : Meralco would like to access your location to identify if your area is affected by an outage. exists
2022-10-14 14:42:34,123 - INFO - <module> : Meralco would like to access your location to identify if your area is affected by an outage. exists
2022-10-14 14:42:34,123 - INFO - <module> : Meralco would like to access your location to identify if your area is affected by an outage. exists
2022-10-14 14:42:34,123 - INFO - <module> : Meralco would like to access your location to identify if your area is affected by an outage. exists
2022-10-14 14:42:34,286 - INFO - <module> : Disagree clicked
2022-10-14 14:42:34,286 - INFO - <module> : Disagree clicked
2022-10-14 14:42:34,286 - INFO - <module> : Disagree clicked
2022-10-14 14:42:34,286 - INFO - <module> : Disagree clicked
2022-10-14 14:42:38,386 - INFO - <module> :  clicked
2022-10-14 14:42:38,386 - INFO - <module> :  clicked
2022-10-14 14:42:38,386 - INFO - <module> :  clicked
2022-10-14 14:42:38,386 - INFO - <module> :  clicked
2022-10-14 14:42:43,327 - INFO - setup : Close Browser
