2023-01-12 18:53:41,577 - INFO - setup : Browser Launched!
2023-01-12 18:54:23,729 - INFO - <module> : Opened: https://fuat-meralco.cs73.force.com/customers/s/cxe-apply
2023-01-12 18:54:23,729 - INFO - <module> : Opened: https://fuat-meralco.cs73.force.com/customers/s/cxe-apply
2023-01-12 18:54:23,729 - INFO - <module> : Opened: https://fuat-meralco.cs73.force.com/customers/s/cxe-apply
2023-01-12 18:54:23,729 - INFO - <module> : Opened: https://fuat-meralco.cs73.force.com/customers/s/cxe-apply
2023-01-12 18:54:24,541 - INFO - <module> : Service Application exists
2023-01-12 18:54:24,541 - INFO - <module> : Service Application exists
2023-01-12 18:54:24,541 - INFO - <module> : Service Application exists
2023-01-12 18:54:24,541 - INFO - <module> : Service Application exists
2023-01-12 18:54:27,837 - INFO - <module> : Clicked
2023-01-12 18:54:27,837 - INFO - <module> : Clicked
2023-01-12 18:54:27,837 - INFO - <module> : Clicked
2023-01-12 18:54:27,837 - INFO - <module> : Clicked
2023-01-12 18:54:31,037 - INFO - <module> : Clicked
2023-01-12 18:54:31,037 - INFO - <module> : Clicked
2023-01-12 18:54:31,037 - INFO - <module> : Clicked
2023-01-12 18:54:31,037 - INFO - <module> : Clicked
2023-01-12 18:54:36,566 - INFO - <module> : Clicked
2023-01-12 18:54:36,566 - INFO - <module> : Clicked
2023-01-12 18:54:36,566 - INFO - <module> : Clicked
2023-01-12 18:54:36,566 - INFO - <module> : Clicked
2023-01-12 18:54:40,141 - INFO - <module> : input: aaaa7@yopmail.com
2023-01-12 18:54:40,141 - INFO - <module> : input: aaaa7@yopmail.com
2023-01-12 18:54:40,141 - INFO - <module> : input: aaaa7@yopmail.com
2023-01-12 18:54:40,141 - INFO - <module> : input: aaaa7@yopmail.com
2023-01-12 18:54:40,339 - INFO - <module> : input: Zero Eleven
2023-01-12 18:54:40,339 - INFO - <module> : input: Zero Eleven
2023-01-12 18:54:40,339 - INFO - <module> : input: Zero Eleven
2023-01-12 18:54:40,339 - INFO - <module> : input: Zero Eleven
2023-01-12 18:54:40,421 - INFO - <module> : input: TS
2023-01-12 18:54:40,421 - INFO - <module> : input: TS
2023-01-12 18:54:40,421 - INFO - <module> : input: TS
2023-01-12 18:54:40,421 - INFO - <module> : input: TS
2023-01-12 18:54:40,489 - INFO - <module> : input: 9299437218
2023-01-12 18:54:40,489 - INFO - <module> : input: 9299437218
2023-01-12 18:54:40,489 - INFO - <module> : input: 9299437218
2023-01-12 18:54:40,489 - INFO - <module> : input: 9299437218
2023-01-12 18:54:41,005 - INFO - <module> : Clicked
2023-01-12 18:54:41,005 - INFO - <module> : Clicked
2023-01-12 18:54:41,005 - INFO - <module> : Clicked
2023-01-12 18:54:41,005 - INFO - <module> : Clicked
2023-01-12 18:54:44,108 - INFO - <module> : Clicked
2023-01-12 18:54:44,108 - INFO - <module> : Clicked
2023-01-12 18:54:44,108 - INFO - <module> : Clicked
2023-01-12 18:54:44,108 - INFO - <module> : Clicked
2023-01-12 18:54:58,528 - INFO - <module> : Opened: https://yopmail.com/en/
2023-01-12 18:54:58,528 - INFO - <module> : Opened: https://yopmail.com/en/
2023-01-12 18:54:58,528 - INFO - <module> : Opened: https://yopmail.com/en/
2023-01-12 18:54:58,528 - INFO - <module> : Opened: https://yopmail.com/en/
2023-01-12 18:54:59,346 - INFO - <module> : input: aaaa7@yopmail.com
2023-01-12 18:54:59,346 - INFO - <module> : input: aaaa7@yopmail.com
2023-01-12 18:54:59,346 - INFO - <module> : input: aaaa7@yopmail.com
2023-01-12 18:54:59,346 - INFO - <module> : input: aaaa7@yopmail.com
2023-01-12 18:55:01,486 - INFO - <module> : Clicked
2023-01-12 18:55:01,486 - INFO - <module> : Clicked
2023-01-12 18:55:01,486 - INFO - <module> : Clicked
2023-01-12 18:55:01,486 - INFO - <module> : Clicked
2023-01-12 18:55:14,374 - INFO - setup : Close Browser
