2022-10-25 15:45:39,193 - INFO - setup : Browser Launched!
2022-10-25 15:46:02,028 - INFO - <module> : Go to Internal Map 
2022-10-25 15:46:02,028 - INFO - <module> : Go to Internal Map 
2022-10-25 15:46:02,028 - INFO - <module> : Go to Internal Map 
2022-10-25 15:46:02,028 - INFO - <module> : Go to Internal Map 
2022-10-25 15:46:04,535 - INFO - <module> : Opened: https://outage-api.meralco.com.ph/
2022-10-25 15:46:04,535 - INFO - <module> : Opened: https://outage-api.meralco.com.ph/
2022-10-25 15:46:04,535 - INFO - <module> : Opened: https://outage-api.meralco.com.ph/
2022-10-25 15:46:04,535 - INFO - <module> : Opened: https://outage-api.meralco.com.ph/
2022-10-25 15:46:08,994 - INFO - <module> : input: v-lvlgalvez@meralco.com.ph
2022-10-25 15:46:08,994 - INFO - <module> : input: v-lvlgalvez@meralco.com.ph
2022-10-25 15:46:08,994 - INFO - <module> : input: v-lvlgalvez@meralco.com.ph
2022-10-25 15:46:08,994 - INFO - <module> : input: v-lvlgalvez@meralco.com.ph
2022-10-25 15:46:09,182 - INFO - <module> : Clicked
2022-10-25 15:46:09,182 - INFO - <module> : Clicked
2022-10-25 15:46:09,182 - INFO - <module> : Clicked
2022-10-25 15:46:09,182 - INFO - <module> : Clicked
2022-10-25 15:46:10,562 - INFO - <module> : input: Mecopass@@!!129
2022-10-25 15:46:10,562 - INFO - <module> : input: Mecopass@@!!129
2022-10-25 15:46:10,562 - INFO - <module> : input: Mecopass@@!!129
2022-10-25 15:46:10,562 - INFO - <module> : input: Mecopass@@!!129
2022-10-25 15:46:11,641 - INFO - <module> : Clicked
2022-10-25 15:46:11,641 - INFO - <module> : Clicked
2022-10-25 15:46:11,641 - INFO - <module> : Clicked
2022-10-25 15:46:11,641 - INFO - <module> : Clicked
2022-10-25 15:46:12,396 - INFO - <module> : Clicked
2022-10-25 15:46:12,396 - INFO - <module> : Clicked
2022-10-25 15:46:12,396 - INFO - <module> : Clicked
2022-10-25 15:46:12,396 - INFO - <module> : Clicked
2022-10-25 15:46:41,467 - INFO - <module> : Clicked
2022-10-25 15:46:41,467 - INFO - <module> : Clicked
2022-10-25 15:46:41,467 - INFO - <module> : Clicked
2022-10-25 15:46:41,467 - INFO - <module> : Clicked
2022-10-25 15:46:53,094 - INFO - <module> : Open Menu -> Map Displays -> tick weather
2022-10-25 15:46:53,094 - INFO - <module> : Open Menu -> Map Displays -> tick weather
2022-10-25 15:46:53,094 - INFO - <module> : Open Menu -> Map Displays -> tick weather
2022-10-25 15:46:53,094 - INFO - <module> : Open Menu -> Map Displays -> tick weather
2022-10-25 15:47:23,314 - ERROR - <module> : Cannot Locate: menu
2022-10-25 15:47:23,314 - ERROR - <module> : Cannot Locate: menu
2022-10-25 15:47:23,314 - ERROR - <module> : Cannot Locate: menu
2022-10-25 15:47:23,314 - ERROR - <module> : Cannot Locate: menu
2022-10-25 15:47:23,614 - INFO - setup : Close Browser
