2023-01-06 15:14:21,355 - INFO - setup : Browser Launched!
2023-01-06 15:14:50,016 - INFO - <module> : Opened: https://meralco--fuat.lightning.force.com/lightning/page/home
2023-01-06 15:14:50,016 - INFO - <module> : Opened: https://meralco--fuat.lightning.force.com/lightning/page/home
2023-01-06 15:14:50,016 - INFO - <module> : Opened: https://meralco--fuat.lightning.force.com/lightning/page/home
2023-01-06 15:14:50,016 - INFO - <module> : Opened: https://meralco--fuat.lightning.force.com/lightning/page/home
2023-01-06 15:14:52,160 - INFO - <module> : Clicked
2023-01-06 15:14:52,160 - INFO - <module> : Clicked
2023-01-06 15:14:52,160 - INFO - <module> : Clicked
2023-01-06 15:14:52,160 - INFO - <module> : Clicked
2023-01-06 15:14:59,625 - INFO - <module> : input: v-lvlgalvez@meralco.com.ph
2023-01-06 15:14:59,625 - INFO - <module> : input: v-lvlgalvez@meralco.com.ph
2023-01-06 15:14:59,625 - INFO - <module> : input: v-lvlgalvez@meralco.com.ph
2023-01-06 15:14:59,625 - INFO - <module> : input: v-lvlgalvez@meralco.com.ph
2023-01-06 15:15:00,080 - INFO - <module> : Clicked
2023-01-06 15:15:00,080 - INFO - <module> : Clicked
2023-01-06 15:15:00,080 - INFO - <module> : Clicked
2023-01-06 15:15:00,080 - INFO - <module> : Clicked
2023-01-06 15:15:01,469 - INFO - <module> : input: Mecopass@@!!123
2023-01-06 15:15:01,469 - INFO - <module> : input: Mecopass@@!!123
2023-01-06 15:15:01,469 - INFO - <module> : input: Mecopass@@!!123
2023-01-06 15:15:01,469 - INFO - <module> : input: Mecopass@@!!123
2023-01-06 15:15:02,358 - INFO - <module> : Clicked
2023-01-06 15:15:02,358 - INFO - <module> : Clicked
2023-01-06 15:15:02,358 - INFO - <module> : Clicked
2023-01-06 15:15:02,358 - INFO - <module> : Clicked
2023-01-06 15:15:03,594 - INFO - <module> : Clicked
2023-01-06 15:15:03,594 - INFO - <module> : Clicked
2023-01-06 15:15:03,594 - INFO - <module> : Clicked
2023-01-06 15:15:03,594 - INFO - <module> : Clicked
2023-01-06 15:15:47,262 - INFO - <module> : Clicked
2023-01-06 15:15:47,262 - INFO - <module> : Clicked
2023-01-06 15:15:47,262 - INFO - <module> : Clicked
2023-01-06 15:15:47,262 - INFO - <module> : Clicked
2023-01-06 15:15:47,321 - INFO - setup : Close Browser
