2023-01-12 13:37:08,778 - INFO - setup : Browser Launched!
2023-01-12 13:37:48,550 - INFO - <module> : Clicked
2023-01-12 13:37:48,550 - INFO - <module> : Clicked
2023-01-12 13:37:48,550 - INFO - <module> : Clicked
2023-01-12 13:37:48,550 - INFO - <module> : Clicked
2023-01-12 13:37:48,550 - INFO - <module> : Clicked
2023-01-12 13:37:58,155 - INFO - <module> : input: arcebido.earljohn@gmail.com
2023-01-12 13:37:58,155 - INFO - <module> : input: arcebido.earljohn@gmail.com
2023-01-12 13:37:58,155 - INFO - <module> : input: arcebido.earljohn@gmail.com
2023-01-12 13:37:58,155 - INFO - <module> : input: arcebido.earljohn@gmail.com
2023-01-12 13:37:58,155 - INFO - <module> : input: arcebido.earljohn@gmail.com
2023-01-12 13:37:59,427 - INFO - <module> : Clicked
2023-01-12 13:37:59,427 - INFO - <module> : Clicked
2023-01-12 13:37:59,427 - INFO - <module> : Clicked
2023-01-12 13:37:59,427 - INFO - <module> : Clicked
2023-01-12 13:37:59,427 - INFO - <module> : Clicked
2023-01-12 13:38:01,532 - INFO - <module> : input: Eja09202903164!
2023-01-12 13:38:01,532 - INFO - <module> : input: Eja09202903164!
2023-01-12 13:38:01,532 - INFO - <module> : input: Eja09202903164!
2023-01-12 13:38:01,532 - INFO - <module> : input: Eja09202903164!
2023-01-12 13:38:01,532 - INFO - <module> : input: Eja09202903164!
2023-01-12 13:38:03,984 - INFO - <module> : Clicked
2023-01-12 13:38:03,984 - INFO - <module> : Clicked
2023-01-12 13:38:03,984 - INFO - <module> : Clicked
2023-01-12 13:38:03,984 - INFO - <module> : Clicked
2023-01-12 13:38:03,984 - INFO - <module> : Clicked
2023-01-12 13:38:37,462 - INFO - <module> : input: 9234567891
2023-01-12 13:38:37,462 - INFO - <module> : input: 9234567891
2023-01-12 13:38:37,462 - INFO - <module> : input: 9234567891
2023-01-12 13:38:37,462 - INFO - <module> : input: 9234567891
2023-01-12 13:38:37,462 - INFO - <module> : input: 9234567891
2023-01-12 13:38:37,798 - INFO - <module> : input: 3534057721
2023-01-12 13:38:37,798 - INFO - <module> : input: 3534057721
2023-01-12 13:38:37,798 - INFO - <module> : input: 3534057721
2023-01-12 13:38:37,798 - INFO - <module> : input: 3534057721
2023-01-12 13:38:37,798 - INFO - <module> : input: 3534057721
2023-01-12 13:38:37,899 - INFO - <module> : input: 400
2023-01-12 13:38:37,899 - INFO - <module> : input: 400
2023-01-12 13:38:37,899 - INFO - <module> : input: 400
2023-01-12 13:38:37,899 - INFO - <module> : input: 400
2023-01-12 13:38:37,899 - INFO - <module> : input: 400
2023-01-12 13:38:38,952 - INFO - <module> : input: 12/13/2022
2023-01-12 13:38:38,952 - INFO - <module> : input: 12/13/2022
2023-01-12 13:38:38,952 - INFO - <module> : input: 12/13/2022
2023-01-12 13:38:38,952 - INFO - <module> : input: 12/13/2022
2023-01-12 13:38:38,952 - INFO - <module> : input: 12/13/2022
2023-01-12 13:38:45,560 - INFO - setup : Close Browser
