2023-01-11 14:59:42,651 - INFO - setup : Browser Launched!
2023-01-11 14:59:55,713 - INFO - <module> : ==========Log in==========
2023-01-11 14:59:55,713 - INFO - <module> : ==========Log in==========
2023-01-11 14:59:55,713 - INFO - <module> : ==========Log in==========
2023-01-11 14:59:55,713 - INFO - <module> : ==========Log in==========
2023-01-11 14:59:56,841 - INFO - <module> : Login to Meralco Online
2023-01-11 14:59:56,841 - INFO - <module> : Login to Meralco Online
2023-01-11 14:59:56,841 - INFO - <module> : Login to Meralco Online
2023-01-11 14:59:56,841 - INFO - <module> : Login to Meralco Online
2023-01-11 14:59:57,018 - INFO - <module> : input: ATNewSAMObiz@yopmail.com
2023-01-11 14:59:57,018 - INFO - <module> : input: ATNewSAMObiz@yopmail.com
2023-01-11 14:59:57,018 - INFO - <module> : input: ATNewSAMObiz@yopmail.com
2023-01-11 14:59:57,018 - INFO - <module> : input: ATNewSAMObiz@yopmail.com
2023-01-11 14:59:57,105 - INFO - <module> : input: Meralco003
2023-01-11 14:59:57,105 - INFO - <module> : input: Meralco003
2023-01-11 14:59:57,105 - INFO - <module> : input: Meralco003
2023-01-11 14:59:57,105 - INFO - <module> : input: Meralco003
2023-01-11 14:59:57,177 - INFO - <module> : Clicked
2023-01-11 14:59:57,177 - INFO - <module> : Clicked
2023-01-11 14:59:57,177 - INFO - <module> : Clicked
2023-01-11 14:59:57,177 - INFO - <module> : Clicked
2023-01-11 15:00:02,814 - INFO - <module> : Hello, exists
2023-01-11 15:00:02,814 - INFO - <module> : Hello, exists
2023-01-11 15:00:02,814 - INFO - <module> : Hello, exists
2023-01-11 15:00:02,814 - INFO - <module> : Hello, exists
2023-01-11 15:00:05,910 - INFO - <module> : Go to Accounts> Manage Accounts
2023-01-11 15:00:05,910 - INFO - <module> : Go to Accounts> Manage Accounts
2023-01-11 15:00:05,910 - INFO - <module> : Go to Accounts> Manage Accounts
2023-01-11 15:00:05,910 - INFO - <module> : Go to Accounts> Manage Accounts
2023-01-11 15:00:05,992 - INFO - <module> : Clicked
2023-01-11 15:00:05,992 - INFO - <module> : Clicked
2023-01-11 15:00:05,992 - INFO - <module> : Clicked
2023-01-11 15:00:05,992 - INFO - <module> : Clicked
2023-01-11 15:00:14,891 - INFO - <module> : Accounts exists
2023-01-11 15:00:14,891 - INFO - <module> : Accounts exists
2023-01-11 15:00:14,891 - INFO - <module> : Accounts exists
2023-01-11 15:00:14,891 - INFO - <module> : Accounts exists
2023-01-11 15:00:17,900 - INFO - <module> : Search then Select Account > Click Change Contract Details button
2023-01-11 15:00:17,900 - INFO - <module> : Search then Select Account > Click Change Contract Details button
2023-01-11 15:00:17,900 - INFO - <module> : Search then Select Account > Click Change Contract Details button
2023-01-11 15:00:17,900 - INFO - <module> : Search then Select Account > Click Change Contract Details button
2023-01-11 15:00:48,257 - INFO - setup : Close Browser
