2022-10-13 14:51:54,384 - INFO - setup : Browser Launched!
2022-10-13 14:52:02,523 - INFO - <module> : Go to External Map 
2022-10-13 14:52:02,523 - INFO - <module> : Go to External Map 
2022-10-13 14:52:02,523 - INFO - <module> : Go to External Map 
2022-10-13 14:52:02,523 - INFO - <module> : Go to External Map 
2022-10-13 14:52:02,693 - INFO - <module> : input: atmooutageaccount@yopmail.com
2022-10-13 14:52:02,693 - INFO - <module> : input: atmooutageaccount@yopmail.com
2022-10-13 14:52:02,693 - INFO - <module> : input: atmooutageaccount@yopmail.com
2022-10-13 14:52:02,693 - INFO - <module> : input: atmooutageaccount@yopmail.com
2022-10-13 14:52:02,850 - INFO - <module> : input: Meralco01
2022-10-13 14:52:02,850 - INFO - <module> : input: Meralco01
2022-10-13 14:52:02,850 - INFO - <module> : input: Meralco01
2022-10-13 14:52:02,850 - INFO - <module> : input: Meralco01
2022-10-13 14:52:02,909 - INFO - <module> : Log in clicked
2022-10-13 14:52:02,909 - INFO - <module> : Log in clicked
2022-10-13 14:52:02,909 - INFO - <module> : Log in clicked
2022-10-13 14:52:02,909 - INFO - <module> : Log in clicked
2022-10-13 14:52:07,147 - INFO - <module> : Hello, exists
2022-10-13 14:52:07,147 - INFO - <module> : Hello, exists
2022-10-13 14:52:07,147 - INFO - <module> : Hello, exists
2022-10-13 14:52:07,147 - INFO - <module> : Hello, exists
2022-10-13 14:52:07,168 - INFO - <module> : Hello, exists
2022-10-13 14:52:07,168 - INFO - <module> : Hello, exists
2022-10-13 14:52:07,168 - INFO - <module> : Hello, exists
2022-10-13 14:52:07,168 - INFO - <module> : Hello, exists
2022-10-13 14:52:09,406 - INFO - <module> : Outages & Incidents clicked
2022-10-13 14:52:09,406 - INFO - <module> : Outages & Incidents clicked
2022-10-13 14:52:09,406 - INFO - <module> : Outages & Incidents clicked
2022-10-13 14:52:09,406 - INFO - <module> : Outages & Incidents clicked
2022-10-13 14:52:09,471 - INFO - <module> :  clicked
2022-10-13 14:52:09,471 - INFO - <module> :  clicked
2022-10-13 14:52:09,471 - INFO - <module> :  clicked
2022-10-13 14:52:09,471 - INFO - <module> :  clicked
2022-10-13 14:52:17,189 - INFO - <module> : Okay clicked
2022-10-13 14:52:17,189 - INFO - <module> : Okay clicked
2022-10-13 14:52:17,189 - INFO - <module> : Okay clicked
2022-10-13 14:52:17,189 - INFO - <module> : Okay clicked
2022-10-13 14:52:20,255 - INFO - <module> : Select weather information to be displayed
2022-10-13 14:52:20,255 - INFO - <module> : Select weather information to be displayed
2022-10-13 14:52:20,255 - INFO - <module> : Select weather information to be displayed
2022-10-13 14:52:20,255 - INFO - <module> : Select weather information to be displayed
2022-10-13 14:52:20,409 - INFO - <module> :  clicked
2022-10-13 14:52:20,409 - INFO - <module> :  clicked
2022-10-13 14:52:20,409 - INFO - <module> :  clicked
2022-10-13 14:52:20,409 - INFO - <module> :  clicked
2022-10-13 14:52:22,756 - INFO - <module> :  clicked
2022-10-13 14:52:22,756 - INFO - <module> :  clicked
2022-10-13 14:52:22,756 - INFO - <module> :  clicked
2022-10-13 14:52:22,756 - INFO - <module> :  clicked
2022-10-13 14:52:23,364 - INFO - <module> : close clicked
2022-10-13 14:52:23,364 - INFO - <module> : close clicked
2022-10-13 14:52:23,364 - INFO - <module> : close clicked
2022-10-13 14:52:23,364 - INFO - <module> : close clicked
2022-10-13 14:52:33,459 - INFO - <module> :  clicked
2022-10-13 14:52:33,459 - INFO - <module> :  clicked
2022-10-13 14:52:33,459 - INFO - <module> :  clicked
2022-10-13 14:52:33,459 - INFO - <module> :  clicked
2022-10-13 14:52:36,359 - INFO - <module> : Adjust outage map zoom level to greater than 8
2022-10-13 14:52:36,359 - INFO - <module> : Adjust outage map zoom level to greater than 8
2022-10-13 14:52:36,359 - INFO - <module> : Adjust outage map zoom level to greater than 8
2022-10-13 14:52:36,359 - INFO - <module> : Adjust outage map zoom level to greater than 8
2022-10-13 14:52:36,588 - INFO - <module> : remove clicked
2022-10-13 14:52:36,588 - INFO - <module> : remove clicked
2022-10-13 14:52:36,588 - INFO - <module> : remove clicked
2022-10-13 14:52:36,588 - INFO - <module> : remove clicked
2022-10-13 14:52:39,465 - INFO - <module> : Validate weather icons in Internal Map
2022-10-13 14:52:39,465 - INFO - <module> : Validate weather icons in Internal Map
2022-10-13 14:52:39,465 - INFO - <module> : Validate weather icons in Internal Map
2022-10-13 14:52:39,465 - INFO - <module> : Validate weather icons in Internal Map
2022-10-13 14:52:41,881 - INFO - setup : Close Browser
2022-10-13 14:52:58,146 - INFO - setup : Browser Launched!
2022-10-13 14:52:58,146 - INFO - setup : Browser Launched!
2022-10-13 14:53:07,641 - INFO - <module> : Go to External Map 
2022-10-13 14:53:07,641 - INFO - <module> : Go to External Map 
2022-10-13 14:53:07,641 - INFO - <module> : Go to External Map 
2022-10-13 14:53:07,641 - INFO - <module> : Go to External Map 
2022-10-13 14:53:07,780 - INFO - <module> : input: atmooutageaccount@yopmail.com
2022-10-13 14:53:07,780 - INFO - <module> : input: atmooutageaccount@yopmail.com
2022-10-13 14:53:07,780 - INFO - <module> : input: atmooutageaccount@yopmail.com
2022-10-13 14:53:07,780 - INFO - <module> : input: atmooutageaccount@yopmail.com
2022-10-13 14:53:07,865 - INFO - <module> : input: Meralco01
2022-10-13 14:53:07,865 - INFO - <module> : input: Meralco01
2022-10-13 14:53:07,865 - INFO - <module> : input: Meralco01
2022-10-13 14:53:07,865 - INFO - <module> : input: Meralco01
2022-10-13 14:53:07,943 - INFO - <module> : Log in clicked
2022-10-13 14:53:07,943 - INFO - <module> : Log in clicked
2022-10-13 14:53:07,943 - INFO - <module> : Log in clicked
2022-10-13 14:53:07,943 - INFO - <module> : Log in clicked
2022-10-13 14:53:11,765 - INFO - <module> : Hello, exists
2022-10-13 14:53:11,765 - INFO - <module> : Hello, exists
2022-10-13 14:53:11,765 - INFO - <module> : Hello, exists
2022-10-13 14:53:11,765 - INFO - <module> : Hello, exists
2022-10-13 14:53:11,793 - INFO - <module> : Hello, exists
2022-10-13 14:53:11,793 - INFO - <module> : Hello, exists
2022-10-13 14:53:11,793 - INFO - <module> : Hello, exists
2022-10-13 14:53:11,793 - INFO - <module> : Hello, exists
2022-10-13 14:53:14,072 - INFO - <module> : Outages & Incidents clicked
2022-10-13 14:53:14,072 - INFO - <module> : Outages & Incidents clicked
2022-10-13 14:53:14,072 - INFO - <module> : Outages & Incidents clicked
2022-10-13 14:53:14,072 - INFO - <module> : Outages & Incidents clicked
2022-10-13 14:53:14,141 - INFO - <module> :  clicked
2022-10-13 14:53:14,141 - INFO - <module> :  clicked
2022-10-13 14:53:14,141 - INFO - <module> :  clicked
2022-10-13 14:53:14,141 - INFO - <module> :  clicked
2022-10-13 14:53:22,942 - INFO - <module> : Okay clicked
2022-10-13 14:53:22,942 - INFO - <module> : Okay clicked
2022-10-13 14:53:22,942 - INFO - <module> : Okay clicked
2022-10-13 14:53:22,942 - INFO - <module> : Okay clicked
2022-10-13 14:53:25,936 - INFO - <module> : Select weather information to be displayed
2022-10-13 14:53:25,936 - INFO - <module> : Select weather information to be displayed
2022-10-13 14:53:25,936 - INFO - <module> : Select weather information to be displayed
2022-10-13 14:53:25,936 - INFO - <module> : Select weather information to be displayed
2022-10-13 14:53:26,056 - INFO - <module> :  clicked
2022-10-13 14:53:26,056 - INFO - <module> :  clicked
2022-10-13 14:53:26,056 - INFO - <module> :  clicked
2022-10-13 14:53:26,056 - INFO - <module> :  clicked
2022-10-13 14:53:28,558 - INFO - <module> :  clicked
2022-10-13 14:53:28,558 - INFO - <module> :  clicked
2022-10-13 14:53:28,558 - INFO - <module> :  clicked
2022-10-13 14:53:28,558 - INFO - <module> :  clicked
2022-10-13 14:53:29,152 - INFO - <module> : close clicked
2022-10-13 14:53:29,152 - INFO - <module> : close clicked
2022-10-13 14:53:29,152 - INFO - <module> : close clicked
2022-10-13 14:53:29,152 - INFO - <module> : close clicked
2022-10-13 14:53:39,239 - INFO - <module> :  clicked
2022-10-13 14:53:39,239 - INFO - <module> :  clicked
2022-10-13 14:53:39,239 - INFO - <module> :  clicked
2022-10-13 14:53:39,239 - INFO - <module> :  clicked
2022-10-13 14:53:42,234 - INFO - <module> : Adjust outage map zoom level to greater than 8
2022-10-13 14:53:42,234 - INFO - <module> : Adjust outage map zoom level to greater than 8
2022-10-13 14:53:42,234 - INFO - <module> : Adjust outage map zoom level to greater than 8
2022-10-13 14:53:42,234 - INFO - <module> : Adjust outage map zoom level to greater than 8
2022-10-13 14:53:42,475 - INFO - <module> : add clicked
2022-10-13 14:53:42,475 - INFO - <module> : add clicked
2022-10-13 14:53:42,475 - INFO - <module> : add clicked
2022-10-13 14:53:42,475 - INFO - <module> : add clicked
2022-10-13 14:53:42,683 - INFO - <module> : add clicked
2022-10-13 14:53:42,683 - INFO - <module> : add clicked
2022-10-13 14:53:42,683 - INFO - <module> : add clicked
2022-10-13 14:53:42,683 - INFO - <module> : add clicked
2022-10-13 14:53:42,799 - INFO - <module> : add clicked
2022-10-13 14:53:42,799 - INFO - <module> : add clicked
2022-10-13 14:53:42,799 - INFO - <module> : add clicked
2022-10-13 14:53:42,799 - INFO - <module> : add clicked
2022-10-13 14:53:42,882 - INFO - <module> : add clicked
2022-10-13 14:53:42,882 - INFO - <module> : add clicked
2022-10-13 14:53:42,882 - INFO - <module> : add clicked
2022-10-13 14:53:42,882 - INFO - <module> : add clicked
2022-10-13 14:53:43,552 - INFO - <module> : add clicked
2022-10-13 14:53:43,552 - INFO - <module> : add clicked
2022-10-13 14:53:43,552 - INFO - <module> : add clicked
2022-10-13 14:53:43,552 - INFO - <module> : add clicked
2022-10-13 14:53:43,711 - INFO - <module> : add clicked
2022-10-13 14:53:43,711 - INFO - <module> : add clicked
2022-10-13 14:53:43,711 - INFO - <module> : add clicked
2022-10-13 14:53:43,711 - INFO - <module> : add clicked
2022-10-13 14:53:46,742 - INFO - <module> : Validate weather icons in Internal Map
2022-10-13 14:53:46,742 - INFO - <module> : Validate weather icons in Internal Map
2022-10-13 14:53:46,742 - INFO - <module> : Validate weather icons in Internal Map
2022-10-13 14:53:46,742 - INFO - <module> : Validate weather icons in Internal Map
2022-10-13 14:53:49,434 - INFO - setup : Close Browser
2022-10-13 14:53:49,434 - INFO - setup : Close Browser
2022-10-13 14:53:49,584 - INFO - setup : Browser Launched!
2022-10-13 14:53:49,584 - INFO - setup : Browser Launched!
2022-10-13 14:53:49,584 - INFO - setup : Browser Launched!
2022-10-13 14:53:58,603 - INFO - <module> : Go to External Map 
2022-10-13 14:53:58,603 - INFO - <module> : Go to External Map 
2022-10-13 14:53:58,603 - INFO - <module> : Go to External Map 
2022-10-13 14:53:58,603 - INFO - <module> : Go to External Map 
2022-10-13 14:53:58,740 - INFO - <module> : input: atmooutageaccount@yopmail.com
2022-10-13 14:53:58,740 - INFO - <module> : input: atmooutageaccount@yopmail.com
2022-10-13 14:53:58,740 - INFO - <module> : input: atmooutageaccount@yopmail.com
2022-10-13 14:53:58,740 - INFO - <module> : input: atmooutageaccount@yopmail.com
2022-10-13 14:53:58,843 - INFO - <module> : input: Meralco01
2022-10-13 14:53:58,843 - INFO - <module> : input: Meralco01
2022-10-13 14:53:58,843 - INFO - <module> : input: Meralco01
2022-10-13 14:53:58,843 - INFO - <module> : input: Meralco01
2022-10-13 14:53:58,907 - INFO - <module> : Log in clicked
2022-10-13 14:53:58,907 - INFO - <module> : Log in clicked
2022-10-13 14:53:58,907 - INFO - <module> : Log in clicked
2022-10-13 14:53:58,907 - INFO - <module> : Log in clicked
2022-10-13 14:54:02,893 - INFO - <module> : Hello, exists
2022-10-13 14:54:02,893 - INFO - <module> : Hello, exists
2022-10-13 14:54:02,893 - INFO - <module> : Hello, exists
2022-10-13 14:54:02,893 - INFO - <module> : Hello, exists
2022-10-13 14:54:02,915 - INFO - <module> : Hello, exists
2022-10-13 14:54:02,915 - INFO - <module> : Hello, exists
2022-10-13 14:54:02,915 - INFO - <module> : Hello, exists
2022-10-13 14:54:02,915 - INFO - <module> : Hello, exists
2022-10-13 14:54:05,165 - INFO - <module> : Outages & Incidents clicked
2022-10-13 14:54:05,165 - INFO - <module> : Outages & Incidents clicked
2022-10-13 14:54:05,165 - INFO - <module> : Outages & Incidents clicked
2022-10-13 14:54:05,165 - INFO - <module> : Outages & Incidents clicked
2022-10-13 14:54:05,222 - INFO - <module> :  clicked
2022-10-13 14:54:05,222 - INFO - <module> :  clicked
2022-10-13 14:54:05,222 - INFO - <module> :  clicked
2022-10-13 14:54:05,222 - INFO - <module> :  clicked
2022-10-13 14:54:22,355 - INFO - <module> : Okay clicked
2022-10-13 14:54:22,355 - INFO - <module> : Okay clicked
2022-10-13 14:54:22,355 - INFO - <module> : Okay clicked
2022-10-13 14:54:22,355 - INFO - <module> : Okay clicked
2022-10-13 14:54:25,153 - INFO - <module> : Select weather information to be displayed
2022-10-13 14:54:25,153 - INFO - <module> : Select weather information to be displayed
2022-10-13 14:54:25,153 - INFO - <module> : Select weather information to be displayed
2022-10-13 14:54:25,153 - INFO - <module> : Select weather information to be displayed
2022-10-13 14:54:25,266 - INFO - <module> :  clicked
2022-10-13 14:54:25,266 - INFO - <module> :  clicked
2022-10-13 14:54:25,266 - INFO - <module> :  clicked
2022-10-13 14:54:25,266 - INFO - <module> :  clicked
2022-10-13 14:54:27,595 - INFO - <module> :  clicked
2022-10-13 14:54:27,595 - INFO - <module> :  clicked
2022-10-13 14:54:27,595 - INFO - <module> :  clicked
2022-10-13 14:54:27,595 - INFO - <module> :  clicked
2022-10-13 14:54:28,164 - INFO - <module> : close clicked
2022-10-13 14:54:28,164 - INFO - <module> : close clicked
2022-10-13 14:54:28,164 - INFO - <module> : close clicked
2022-10-13 14:54:28,164 - INFO - <module> : close clicked
2022-10-13 14:54:38,265 - INFO - <module> :  clicked
2022-10-13 14:54:38,265 - INFO - <module> :  clicked
2022-10-13 14:54:38,265 - INFO - <module> :  clicked
2022-10-13 14:54:38,265 - INFO - <module> :  clicked
2022-10-13 14:54:41,128 - INFO - <module> : Adjust outage map zoom level to greater than 8
2022-10-13 14:54:41,128 - INFO - <module> : Adjust outage map zoom level to greater than 8
2022-10-13 14:54:41,128 - INFO - <module> : Adjust outage map zoom level to greater than 8
2022-10-13 14:54:41,128 - INFO - <module> : Adjust outage map zoom level to greater than 8
2022-10-13 14:54:41,327 - INFO - <module> : add clicked
2022-10-13 14:54:41,327 - INFO - <module> : add clicked
2022-10-13 14:54:41,327 - INFO - <module> : add clicked
2022-10-13 14:54:41,327 - INFO - <module> : add clicked
2022-10-13 14:54:41,527 - INFO - <module> : add clicked
2022-10-13 14:54:41,527 - INFO - <module> : add clicked
2022-10-13 14:54:41,527 - INFO - <module> : add clicked
2022-10-13 14:54:41,527 - INFO - <module> : add clicked
2022-10-13 14:54:41,685 - INFO - <module> : add clicked
2022-10-13 14:54:41,685 - INFO - <module> : add clicked
2022-10-13 14:54:41,685 - INFO - <module> : add clicked
2022-10-13 14:54:41,685 - INFO - <module> : add clicked
2022-10-13 14:54:44,549 - INFO - <module> : Validate weather icons in Internal Map
2022-10-13 14:54:44,549 - INFO - <module> : Validate weather icons in Internal Map
2022-10-13 14:54:44,549 - INFO - <module> : Validate weather icons in Internal Map
2022-10-13 14:54:44,549 - INFO - <module> : Validate weather icons in Internal Map
2022-10-13 14:54:46,987 - INFO - setup : Close Browser
2022-10-13 14:54:46,987 - INFO - setup : Close Browser
2022-10-13 14:54:46,987 - INFO - setup : Close Browser
2022-10-13 14:55:03,298 - INFO - setup : Browser Launched!
2022-10-13 14:55:03,298 - INFO - setup : Browser Launched!
2022-10-13 14:55:03,298 - INFO - setup : Browser Launched!
2022-10-13 14:55:03,298 - INFO - setup : Browser Launched!
2022-10-13 14:55:12,032 - INFO - <module> : Go to External Map 
2022-10-13 14:55:12,032 - INFO - <module> : Go to External Map 
2022-10-13 14:55:12,032 - INFO - <module> : Go to External Map 
2022-10-13 14:55:12,032 - INFO - <module> : Go to External Map 
2022-10-13 14:55:12,157 - INFO - <module> : input: atmooutageaccount@yopmail.com
2022-10-13 14:55:12,157 - INFO - <module> : input: atmooutageaccount@yopmail.com
2022-10-13 14:55:12,157 - INFO - <module> : input: atmooutageaccount@yopmail.com
2022-10-13 14:55:12,157 - INFO - <module> : input: atmooutageaccount@yopmail.com
2022-10-13 14:55:12,235 - INFO - <module> : input: Meralco01
2022-10-13 14:55:12,235 - INFO - <module> : input: Meralco01
2022-10-13 14:55:12,235 - INFO - <module> : input: Meralco01
2022-10-13 14:55:12,235 - INFO - <module> : input: Meralco01
2022-10-13 14:55:12,300 - INFO - <module> : Log in clicked
2022-10-13 14:55:12,300 - INFO - <module> : Log in clicked
2022-10-13 14:55:12,300 - INFO - <module> : Log in clicked
2022-10-13 14:55:12,300 - INFO - <module> : Log in clicked
2022-10-13 14:55:17,182 - INFO - <module> : Hello, exists
2022-10-13 14:55:17,182 - INFO - <module> : Hello, exists
2022-10-13 14:55:17,182 - INFO - <module> : Hello, exists
2022-10-13 14:55:17,182 - INFO - <module> : Hello, exists
2022-10-13 14:55:17,201 - INFO - <module> : Hello, exists
2022-10-13 14:55:17,201 - INFO - <module> : Hello, exists
2022-10-13 14:55:17,201 - INFO - <module> : Hello, exists
2022-10-13 14:55:17,201 - INFO - <module> : Hello, exists
2022-10-13 14:55:19,464 - INFO - <module> : Outages & Incidents clicked
2022-10-13 14:55:19,464 - INFO - <module> : Outages & Incidents clicked
2022-10-13 14:55:19,464 - INFO - <module> : Outages & Incidents clicked
2022-10-13 14:55:19,464 - INFO - <module> : Outages & Incidents clicked
2022-10-13 14:55:19,513 - INFO - <module> :  clicked
2022-10-13 14:55:19,513 - INFO - <module> :  clicked
2022-10-13 14:55:19,513 - INFO - <module> :  clicked
2022-10-13 14:55:19,513 - INFO - <module> :  clicked
2022-10-13 14:55:29,393 - INFO - <module> : Okay clicked
2022-10-13 14:55:29,393 - INFO - <module> : Okay clicked
2022-10-13 14:55:29,393 - INFO - <module> : Okay clicked
2022-10-13 14:55:29,393 - INFO - <module> : Okay clicked
2022-10-13 14:55:32,234 - INFO - <module> : Select weather information to be displayed
2022-10-13 14:55:32,234 - INFO - <module> : Select weather information to be displayed
2022-10-13 14:55:32,234 - INFO - <module> : Select weather information to be displayed
2022-10-13 14:55:32,234 - INFO - <module> : Select weather information to be displayed
2022-10-13 14:55:32,360 - INFO - <module> :  clicked
2022-10-13 14:55:32,360 - INFO - <module> :  clicked
2022-10-13 14:55:32,360 - INFO - <module> :  clicked
2022-10-13 14:55:32,360 - INFO - <module> :  clicked
2022-10-13 14:55:34,708 - INFO - <module> :  clicked
2022-10-13 14:55:34,708 - INFO - <module> :  clicked
2022-10-13 14:55:34,708 - INFO - <module> :  clicked
2022-10-13 14:55:34,708 - INFO - <module> :  clicked
2022-10-13 14:55:35,276 - INFO - <module> : close clicked
2022-10-13 14:55:35,276 - INFO - <module> : close clicked
2022-10-13 14:55:35,276 - INFO - <module> : close clicked
2022-10-13 14:55:35,276 - INFO - <module> : close clicked
2022-10-13 14:55:45,379 - INFO - <module> :  clicked
2022-10-13 14:55:45,379 - INFO - <module> :  clicked
2022-10-13 14:55:45,379 - INFO - <module> :  clicked
2022-10-13 14:55:45,379 - INFO - <module> :  clicked
2022-10-13 14:55:48,343 - INFO - <module> : Adjust outage map zoom level to greater than 8
2022-10-13 14:55:48,343 - INFO - <module> : Adjust outage map zoom level to greater than 8
2022-10-13 14:55:48,343 - INFO - <module> : Adjust outage map zoom level to greater than 8
2022-10-13 14:55:48,343 - INFO - <module> : Adjust outage map zoom level to greater than 8
2022-10-13 14:55:48,562 - INFO - <module> : add clicked
2022-10-13 14:55:48,562 - INFO - <module> : add clicked
2022-10-13 14:55:48,562 - INFO - <module> : add clicked
2022-10-13 14:55:48,562 - INFO - <module> : add clicked
2022-10-13 14:55:48,734 - INFO - <module> : add clicked
2022-10-13 14:55:48,734 - INFO - <module> : add clicked
2022-10-13 14:55:48,734 - INFO - <module> : add clicked
2022-10-13 14:55:48,734 - INFO - <module> : add clicked
2022-10-13 14:55:48,894 - INFO - <module> : add clicked
2022-10-13 14:55:48,894 - INFO - <module> : add clicked
2022-10-13 14:55:48,894 - INFO - <module> : add clicked
2022-10-13 14:55:48,894 - INFO - <module> : add clicked
2022-10-13 14:55:49,695 - INFO - <module> : add clicked
2022-10-13 14:55:49,695 - INFO - <module> : add clicked
2022-10-13 14:55:49,695 - INFO - <module> : add clicked
2022-10-13 14:55:49,695 - INFO - <module> : add clicked
2022-10-13 14:55:52,626 - INFO - <module> : Validate weather icons in Internal Map
2022-10-13 14:55:52,626 - INFO - <module> : Validate weather icons in Internal Map
2022-10-13 14:55:52,626 - INFO - <module> : Validate weather icons in Internal Map
2022-10-13 14:55:52,626 - INFO - <module> : Validate weather icons in Internal Map
2022-10-13 14:55:55,133 - INFO - setup : Close Browser
2022-10-13 14:55:55,133 - INFO - setup : Close Browser
2022-10-13 14:55:55,133 - INFO - setup : Close Browser
2022-10-13 14:55:55,133 - INFO - setup : Close Browser
2022-10-13 14:56:11,413 - INFO - setup : Browser Launched!
2022-10-13 14:56:11,413 - INFO - setup : Browser Launched!
2022-10-13 14:56:11,413 - INFO - setup : Browser Launched!
2022-10-13 14:56:11,413 - INFO - setup : Browser Launched!
2022-10-13 14:56:11,413 - INFO - setup : Browser Launched!
2022-10-13 14:56:23,139 - INFO - <module> : Go to External Map 
2022-10-13 14:56:23,139 - INFO - <module> : Go to External Map 
2022-10-13 14:56:23,139 - INFO - <module> : Go to External Map 
2022-10-13 14:56:23,139 - INFO - <module> : Go to External Map 
2022-10-13 14:56:25,648 - INFO - <module> : Opened: https://fuat-meralco.cs73.force.com/customers/s/outagemap
2022-10-13 14:56:25,648 - INFO - <module> : Opened: https://fuat-meralco.cs73.force.com/customers/s/outagemap
2022-10-13 14:56:25,648 - INFO - <module> : Opened: https://fuat-meralco.cs73.force.com/customers/s/outagemap
2022-10-13 14:56:25,648 - INFO - <module> : Opened: https://fuat-meralco.cs73.force.com/customers/s/outagemap
2022-10-13 14:56:29,686 - INFO - <module> : Select weather information to be displayed
2022-10-13 14:56:29,686 - INFO - <module> : Select weather information to be displayed
2022-10-13 14:56:29,686 - INFO - <module> : Select weather information to be displayed
2022-10-13 14:56:29,686 - INFO - <module> : Select weather information to be displayed
2022-10-13 14:56:32,370 - INFO - <module> : Meralco would like to access your location to identify if your area is affected by an outage. exists
2022-10-13 14:56:32,370 - INFO - <module> : Meralco would like to access your location to identify if your area is affected by an outage. exists
2022-10-13 14:56:32,370 - INFO - <module> : Meralco would like to access your location to identify if your area is affected by an outage. exists
2022-10-13 14:56:32,370 - INFO - <module> : Meralco would like to access your location to identify if your area is affected by an outage. exists
2022-10-13 14:56:32,478 - INFO - <module> : Disagree clicked
2022-10-13 14:56:32,478 - INFO - <module> : Disagree clicked
2022-10-13 14:56:32,478 - INFO - <module> : Disagree clicked
2022-10-13 14:56:32,478 - INFO - <module> : Disagree clicked
2022-10-13 14:56:33,463 - INFO - <module> :  clicked
2022-10-13 14:56:33,463 - INFO - <module> :  clicked
2022-10-13 14:56:33,463 - INFO - <module> :  clicked
2022-10-13 14:56:33,463 - INFO - <module> :  clicked
2022-10-13 14:56:35,831 - INFO - <module> :  clicked
2022-10-13 14:56:35,831 - INFO - <module> :  clicked
2022-10-13 14:56:35,831 - INFO - <module> :  clicked
2022-10-13 14:56:35,831 - INFO - <module> :  clicked
2022-10-13 14:56:36,423 - INFO - <module> : close clicked
2022-10-13 14:56:36,423 - INFO - <module> : close clicked
2022-10-13 14:56:36,423 - INFO - <module> : close clicked
2022-10-13 14:56:36,423 - INFO - <module> : close clicked
2022-10-13 14:56:47,672 - INFO - setup : Close Browser
2022-10-13 14:56:47,672 - INFO - setup : Close Browser
2022-10-13 14:56:47,672 - INFO - setup : Close Browser
2022-10-13 14:56:47,672 - INFO - setup : Close Browser
2022-10-13 14:56:47,672 - INFO - setup : Close Browser
2022-10-13 14:57:03,950 - INFO - setup : Browser Launched!
2022-10-13 14:57:03,950 - INFO - setup : Browser Launched!
2022-10-13 14:57:03,950 - INFO - setup : Browser Launched!
2022-10-13 14:57:03,950 - INFO - setup : Browser Launched!
2022-10-13 14:57:03,950 - INFO - setup : Browser Launched!
2022-10-13 14:57:03,950 - INFO - setup : Browser Launched!
2022-10-13 14:57:12,456 - INFO - <module> : Go to External Map 
2022-10-13 14:57:12,456 - INFO - <module> : Go to External Map 
2022-10-13 14:57:12,456 - INFO - <module> : Go to External Map 
2022-10-13 14:57:12,456 - INFO - <module> : Go to External Map 
2022-10-13 14:57:17,154 - INFO - <module> : Opened: https://fuat-meralco.cs73.force.com/customers/s/outagemap
2022-10-13 14:57:17,154 - INFO - <module> : Opened: https://fuat-meralco.cs73.force.com/customers/s/outagemap
2022-10-13 14:57:17,154 - INFO - <module> : Opened: https://fuat-meralco.cs73.force.com/customers/s/outagemap
2022-10-13 14:57:17,154 - INFO - <module> : Opened: https://fuat-meralco.cs73.force.com/customers/s/outagemap
2022-10-13 14:57:20,260 - INFO - <module> : Select weather information to be displayed
2022-10-13 14:57:20,260 - INFO - <module> : Select weather information to be displayed
2022-10-13 14:57:20,260 - INFO - <module> : Select weather information to be displayed
2022-10-13 14:57:20,260 - INFO - <module> : Select weather information to be displayed
2022-10-13 14:57:20,334 - INFO - <module> : Meralco would like to access your location to identify if your area is affected by an outage. exists
2022-10-13 14:57:20,334 - INFO - <module> : Meralco would like to access your location to identify if your area is affected by an outage. exists
2022-10-13 14:57:20,334 - INFO - <module> : Meralco would like to access your location to identify if your area is affected by an outage. exists
2022-10-13 14:57:20,334 - INFO - <module> : Meralco would like to access your location to identify if your area is affected by an outage. exists
2022-10-13 14:57:20,561 - INFO - <module> : Disagree clicked
2022-10-13 14:57:20,561 - INFO - <module> : Disagree clicked
2022-10-13 14:57:20,561 - INFO - <module> : Disagree clicked
2022-10-13 14:57:20,561 - INFO - <module> : Disagree clicked
2022-10-13 14:57:21,701 - INFO - setup : Close Browser
2022-10-13 14:57:21,701 - INFO - setup : Close Browser
2022-10-13 14:57:21,701 - INFO - setup : Close Browser
2022-10-13 14:57:21,701 - INFO - setup : Close Browser
2022-10-13 14:57:21,701 - INFO - setup : Close Browser
2022-10-13 14:57:21,701 - INFO - setup : Close Browser
2022-10-13 14:57:37,927 - INFO - setup : Browser Launched!
2022-10-13 14:57:37,927 - INFO - setup : Browser Launched!
2022-10-13 14:57:37,927 - INFO - setup : Browser Launched!
2022-10-13 14:57:37,927 - INFO - setup : Browser Launched!
2022-10-13 14:57:37,927 - INFO - setup : Browser Launched!
2022-10-13 14:57:37,927 - INFO - setup : Browser Launched!
2022-10-13 14:57:37,927 - INFO - setup : Browser Launched!
2022-10-13 14:57:46,674 - INFO - <module> : Go to External Map 
2022-10-13 14:57:46,674 - INFO - <module> : Go to External Map 
2022-10-13 14:57:46,674 - INFO - <module> : Go to External Map 
2022-10-13 14:57:46,674 - INFO - <module> : Go to External Map 
2022-10-13 14:57:51,102 - INFO - <module> : Opened: https://fuat-meralco.cs73.force.com/customers/s/outagemap
2022-10-13 14:57:51,102 - INFO - <module> : Opened: https://fuat-meralco.cs73.force.com/customers/s/outagemap
2022-10-13 14:57:51,102 - INFO - <module> : Opened: https://fuat-meralco.cs73.force.com/customers/s/outagemap
2022-10-13 14:57:51,102 - INFO - <module> : Opened: https://fuat-meralco.cs73.force.com/customers/s/outagemap
2022-10-13 14:57:54,266 - INFO - <module> : Select weather information to be displayed
2022-10-13 14:57:54,266 - INFO - <module> : Select weather information to be displayed
2022-10-13 14:57:54,266 - INFO - <module> : Select weather information to be displayed
2022-10-13 14:57:54,266 - INFO - <module> : Select weather information to be displayed
2022-10-13 14:57:54,332 - INFO - <module> : Meralco would like to access your location to identify if your area is affected by an outage. exists
2022-10-13 14:57:54,332 - INFO - <module> : Meralco would like to access your location to identify if your area is affected by an outage. exists
2022-10-13 14:57:54,332 - INFO - <module> : Meralco would like to access your location to identify if your area is affected by an outage. exists
2022-10-13 14:57:54,332 - INFO - <module> : Meralco would like to access your location to identify if your area is affected by an outage. exists
2022-10-13 14:57:54,427 - INFO - <module> : Disagree clicked
2022-10-13 14:57:54,427 - INFO - <module> : Disagree clicked
2022-10-13 14:57:54,427 - INFO - <module> : Disagree clicked
2022-10-13 14:57:54,427 - INFO - <module> : Disagree clicked
2022-10-13 14:57:55,526 - INFO - setup : Close Browser
2022-10-13 14:57:55,526 - INFO - setup : Close Browser
2022-10-13 14:57:55,526 - INFO - setup : Close Browser
2022-10-13 14:57:55,526 - INFO - setup : Close Browser
2022-10-13 14:57:55,526 - INFO - setup : Close Browser
2022-10-13 14:57:55,526 - INFO - setup : Close Browser
2022-10-13 14:57:55,526 - INFO - setup : Close Browser
2022-10-13 14:58:11,788 - INFO - setup : Browser Launched!
2022-10-13 14:58:11,788 - INFO - setup : Browser Launched!
2022-10-13 14:58:11,788 - INFO - setup : Browser Launched!
2022-10-13 14:58:11,788 - INFO - setup : Browser Launched!
2022-10-13 14:58:11,788 - INFO - setup : Browser Launched!
2022-10-13 14:58:11,788 - INFO - setup : Browser Launched!
2022-10-13 14:58:11,788 - INFO - setup : Browser Launched!
2022-10-13 14:58:11,788 - INFO - setup : Browser Launched!
2022-10-13 14:58:21,493 - INFO - <module> : Go to External Map 
2022-10-13 14:58:21,493 - INFO - <module> : Go to External Map 
2022-10-13 14:58:21,493 - INFO - <module> : Go to External Map 
2022-10-13 14:58:21,493 - INFO - <module> : Go to External Map 
2022-10-13 14:58:25,640 - INFO - <module> : Opened: https://fuat-meralco.cs73.force.com/customers/s/outagemap
2022-10-13 14:58:25,640 - INFO - <module> : Opened: https://fuat-meralco.cs73.force.com/customers/s/outagemap
2022-10-13 14:58:25,640 - INFO - <module> : Opened: https://fuat-meralco.cs73.force.com/customers/s/outagemap
2022-10-13 14:58:25,640 - INFO - <module> : Opened: https://fuat-meralco.cs73.force.com/customers/s/outagemap
2022-10-13 14:58:28,672 - INFO - <module> : Select weather information to be displayed
2022-10-13 14:58:28,672 - INFO - <module> : Select weather information to be displayed
2022-10-13 14:58:28,672 - INFO - <module> : Select weather information to be displayed
2022-10-13 14:58:28,672 - INFO - <module> : Select weather information to be displayed
2022-10-13 14:58:29,283 - INFO - <module> : Meralco would like to access your location to identify if your area is affected by an outage. exists
2022-10-13 14:58:29,283 - INFO - <module> : Meralco would like to access your location to identify if your area is affected by an outage. exists
2022-10-13 14:58:29,283 - INFO - <module> : Meralco would like to access your location to identify if your area is affected by an outage. exists
2022-10-13 14:58:29,283 - INFO - <module> : Meralco would like to access your location to identify if your area is affected by an outage. exists
2022-10-13 14:58:29,718 - INFO - <module> : Disagree clicked
2022-10-13 14:58:29,718 - INFO - <module> : Disagree clicked
2022-10-13 14:58:29,718 - INFO - <module> : Disagree clicked
2022-10-13 14:58:29,718 - INFO - <module> : Disagree clicked
2022-10-13 14:58:30,673 - INFO - <module> :  clicked
2022-10-13 14:58:30,673 - INFO - <module> :  clicked
2022-10-13 14:58:30,673 - INFO - <module> :  clicked
2022-10-13 14:58:30,673 - INFO - <module> :  clicked
2022-10-13 14:58:33,056 - INFO - <module> :  clicked
2022-10-13 14:58:33,056 - INFO - <module> :  clicked
2022-10-13 14:58:33,056 - INFO - <module> :  clicked
2022-10-13 14:58:33,056 - INFO - <module> :  clicked
2022-10-13 14:58:33,635 - INFO - <module> : close clicked
2022-10-13 14:58:33,635 - INFO - <module> : close clicked
2022-10-13 14:58:33,635 - INFO - <module> : close clicked
2022-10-13 14:58:33,635 - INFO - <module> : close clicked
2022-10-13 14:58:44,781 - INFO - setup : Close Browser
2022-10-13 14:58:44,781 - INFO - setup : Close Browser
2022-10-13 14:58:44,781 - INFO - setup : Close Browser
2022-10-13 14:58:44,781 - INFO - setup : Close Browser
2022-10-13 14:58:44,781 - INFO - setup : Close Browser
2022-10-13 14:58:44,781 - INFO - setup : Close Browser
2022-10-13 14:58:44,781 - INFO - setup : Close Browser
2022-10-13 14:58:44,781 - INFO - setup : Close Browser
