2023-01-10 10:57:44,627 - INFO - setup : Browser Launched!
2023-01-10 10:57:51,580 - INFO - <module> : Go to Outages & Incidents > Report Streetlight And Safety Concerns
2023-01-10 10:57:51,580 - INFO - <module> : Go to Outages & Incidents > Report Streetlight And Safety Concerns
2023-01-10 10:57:51,580 - INFO - <module> : Go to Outages & Incidents > Report Streetlight And Safety Concerns
2023-01-10 10:57:51,580 - INFO - <module> : Go to Outages & Incidents > Report Streetlight And Safety Concerns
2023-01-10 10:57:51,580 - INFO - <module> : Go to Outages & Incidents > Report Streetlight And Safety Concerns
2023-01-10 10:57:52,655 - INFO - <module> : Opened: https://fuat-meralco.cs73.force.com/customers/s/outagemap
2023-01-10 10:57:52,655 - INFO - <module> : Opened: https://fuat-meralco.cs73.force.com/customers/s/outagemap
2023-01-10 10:57:52,655 - INFO - <module> : Opened: https://fuat-meralco.cs73.force.com/customers/s/outagemap
2023-01-10 10:57:52,655 - INFO - <module> : Opened: https://fuat-meralco.cs73.force.com/customers/s/outagemap
2023-01-10 10:57:52,655 - INFO - <module> : Opened: https://fuat-meralco.cs73.force.com/customers/s/outagemap
2023-01-10 10:58:19,942 - INFO - <module> : Meralco would like to access your location to identify if your area is affected by an outage. exists
2023-01-10 10:58:19,942 - INFO - <module> : Meralco would like to access your location to identify if your area is affected by an outage. exists
2023-01-10 10:58:19,942 - INFO - <module> : Meralco would like to access your location to identify if your area is affected by an outage. exists
2023-01-10 10:58:19,942 - INFO - <module> : Meralco would like to access your location to identify if your area is affected by an outage. exists
2023-01-10 10:58:19,942 - INFO - <module> : Meralco would like to access your location to identify if your area is affected by an outage. exists
2023-01-10 10:58:22,032 - INFO - <module> : Clicked
2023-01-10 10:58:22,032 - INFO - <module> : Clicked
2023-01-10 10:58:22,032 - INFO - <module> : Clicked
2023-01-10 10:58:22,032 - INFO - <module> : Clicked
2023-01-10 10:58:22,032 - INFO - <module> : Clicked
2023-01-10 10:58:26,132 - INFO - <module> : Clicked
2023-01-10 10:58:26,132 - INFO - <module> : Clicked
2023-01-10 10:58:26,132 - INFO - <module> : Clicked
2023-01-10 10:58:26,132 - INFO - <module> : Clicked
2023-01-10 10:58:26,132 - INFO - <module> : Clicked
2023-01-10 10:58:34,201 - INFO - <module> : Report an Outage or Incident exists
2023-01-10 10:58:34,201 - INFO - <module> : Report an Outage or Incident exists
2023-01-10 10:58:34,201 - INFO - <module> : Report an Outage or Incident exists
2023-01-10 10:58:34,201 - INFO - <module> : Report an Outage or Incident exists
2023-01-10 10:58:34,201 - INFO - <module> : Report an Outage or Incident exists
2023-01-10 10:58:34,255 - INFO - <module> : Clicked
2023-01-10 10:58:34,255 - INFO - <module> : Clicked
2023-01-10 10:58:34,255 - INFO - <module> : Clicked
2023-01-10 10:58:34,255 - INFO - <module> : Clicked
2023-01-10 10:58:34,255 - INFO - <module> : Clicked
2023-01-10 10:58:37,153 - INFO - <module> : Populate required fields > click Submit
2023-01-10 10:58:37,153 - INFO - <module> : Populate required fields > click Submit
2023-01-10 10:58:37,153 - INFO - <module> : Populate required fields > click Submit
2023-01-10 10:58:37,153 - INFO - <module> : Populate required fields > click Submit
2023-01-10 10:58:37,153 - INFO - <module> : Populate required fields > click Submit
2023-01-10 10:58:37,232 - INFO - <module> : Clicked
2023-01-10 10:58:37,232 - INFO - <module> : Clicked
2023-01-10 10:58:37,232 - INFO - <module> : Clicked
2023-01-10 10:58:37,232 - INFO - <module> : Clicked
2023-01-10 10:58:37,232 - INFO - <module> : Clicked
2023-01-10 10:59:00,722 - INFO - setup : Close Browser
