2023-01-06 13:06:36,438 - INFO - setup : Browser Launched!
2023-01-06 13:06:45,199 - INFO - <module> : ==========Log in==========
2023-01-06 13:06:45,199 - INFO - <module> : ==========Log in==========
2023-01-06 13:06:45,199 - INFO - <module> : ==========Log in==========
2023-01-06 13:06:45,199 - INFO - <module> : ==========Log in==========
2023-01-06 13:06:46,569 - INFO - <module> : Login to Meralco Online
2023-01-06 13:06:46,569 - INFO - <module> : Login to Meralco Online
2023-01-06 13:06:46,569 - INFO - <module> : Login to Meralco Online
2023-01-06 13:06:46,569 - INFO - <module> : Login to Meralco Online
2023-01-06 13:06:46,844 - INFO - <module> : input: ATNewSAMO@yopmail.com
2023-01-06 13:06:46,844 - INFO - <module> : input: ATNewSAMO@yopmail.com
2023-01-06 13:06:46,844 - INFO - <module> : input: ATNewSAMO@yopmail.com
2023-01-06 13:06:46,844 - INFO - <module> : input: ATNewSAMO@yopmail.com
2023-01-06 13:06:46,925 - INFO - <module> : input: Meralco05
2023-01-06 13:06:46,925 - INFO - <module> : input: Meralco05
2023-01-06 13:06:46,925 - INFO - <module> : input: Meralco05
2023-01-06 13:06:46,925 - INFO - <module> : input: Meralco05
2023-01-06 13:06:47,011 - INFO - <module> : Clicked
2023-01-06 13:06:47,011 - INFO - <module> : Clicked
2023-01-06 13:06:47,011 - INFO - <module> : Clicked
2023-01-06 13:06:47,011 - INFO - <module> : Clicked
2023-01-06 13:06:49,483 - INFO - <module> : Hello, exists
2023-01-06 13:06:49,483 - INFO - <module> : Hello, exists
2023-01-06 13:06:49,483 - INFO - <module> : Hello, exists
2023-01-06 13:06:49,483 - INFO - <module> : Hello, exists
2023-01-06 13:06:52,604 - INFO - <module> : Go to Accounts> Manage Accounts
2023-01-06 13:06:52,604 - INFO - <module> : Go to Accounts> Manage Accounts
2023-01-06 13:06:52,604 - INFO - <module> : Go to Accounts> Manage Accounts
2023-01-06 13:06:52,604 - INFO - <module> : Go to Accounts> Manage Accounts
2023-01-06 13:06:52,692 - INFO - <module> : Clicked
2023-01-06 13:06:52,692 - INFO - <module> : Clicked
2023-01-06 13:06:52,692 - INFO - <module> : Clicked
2023-01-06 13:06:52,692 - INFO - <module> : Clicked
2023-01-06 13:06:54,620 - INFO - <module> : Accounts exists
2023-01-06 13:06:54,620 - INFO - <module> : Accounts exists
2023-01-06 13:06:54,620 - INFO - <module> : Accounts exists
2023-01-06 13:06:54,620 - INFO - <module> : Accounts exists
2023-01-06 13:06:57,806 - INFO - <module> : Search then Select Account > Click Reactivate Electric Service button
2023-01-06 13:06:57,806 - INFO - <module> : Search then Select Account > Click Reactivate Electric Service button
2023-01-06 13:06:57,806 - INFO - <module> : Search then Select Account > Click Reactivate Electric Service button
2023-01-06 13:06:57,806 - INFO - <module> : Search then Select Account > Click Reactivate Electric Service button
2023-01-06 13:06:57,936 - INFO - <module> : Clicked
2023-01-06 13:06:57,936 - INFO - <module> : Clicked
2023-01-06 13:06:57,936 - INFO - <module> : Clicked
2023-01-06 13:06:57,936 - INFO - <module> : Clicked
2023-01-06 13:06:58,549 - INFO - <module> : Clicked
2023-01-06 13:06:58,549 - INFO - <module> : Clicked
2023-01-06 13:06:58,549 - INFO - <module> : Clicked
2023-01-06 13:06:58,549 - INFO - <module> : Clicked
2023-01-06 13:06:58,604 - INFO - <module> : Clicked
2023-01-06 13:06:58,604 - INFO - <module> : Clicked
2023-01-06 13:06:58,604 - INFO - <module> : Clicked
2023-01-06 13:06:58,604 - INFO - <module> : Clicked
2023-01-06 13:07:00,860 - INFO - <module> : Reactivate a Service exists
2023-01-06 13:07:00,860 - INFO - <module> : Reactivate a Service exists
2023-01-06 13:07:00,860 - INFO - <module> : Reactivate a Service exists
2023-01-06 13:07:00,860 - INFO - <module> : Reactivate a Service exists
2023-01-06 13:07:03,898 - INFO - <module> : Populate the following:
SIN
First Name
Middle Name (Optional)
Last Name
Email Address
Mobile Number (optional)
Landline (optional)
Birthday (optional)
Representative indicator
Click Next
2023-01-06 13:07:03,898 - INFO - <module> : Populate the following:
SIN
First Name
Middle Name (Optional)
Last Name
Email Address
Mobile Number (optional)
Landline (optional)
Birthday (optional)
Representative indicator
Click Next
2023-01-06 13:07:03,898 - INFO - <module> : Populate the following:
SIN
First Name
Middle Name (Optional)
Last Name
Email Address
Mobile Number (optional)
Landline (optional)
Birthday (optional)
Representative indicator
Click Next
2023-01-06 13:07:03,898 - INFO - <module> : Populate the following:
SIN
First Name
Middle Name (Optional)
Last Name
Email Address
Mobile Number (optional)
Landline (optional)
Birthday (optional)
Representative indicator
Click Next
2023-01-06 13:07:06,258 - INFO - <module> : input: 08/08/1993
2023-01-06 13:07:06,258 - INFO - <module> : input: 08/08/1993
2023-01-06 13:07:06,258 - INFO - <module> : input: 08/08/1993
2023-01-06 13:07:06,258 - INFO - <module> : input: 08/08/1993
2023-01-06 13:07:08,548 - INFO - <module> : Clicked
2023-01-06 13:07:08,548 - INFO - <module> : Clicked
2023-01-06 13:07:08,548 - INFO - <module> : Clicked
2023-01-06 13:07:08,548 - INFO - <module> : Clicked
2023-01-06 13:07:08,607 - INFO - <module> : Reactivate a Service exists
2023-01-06 13:07:08,607 - INFO - <module> : Reactivate a Service exists
2023-01-06 13:07:08,607 - INFO - <module> : Reactivate a Service exists
2023-01-06 13:07:08,607 - INFO - <module> : Reactivate a Service exists
2023-01-06 13:07:11,831 - INFO - <module> : Populate the following:
Service Address
Province
City / Municipality
Home Ownership
Billing Address Indicator
2023-01-06 13:07:11,831 - INFO - <module> : Populate the following:
Service Address
Province
City / Municipality
Home Ownership
Billing Address Indicator
2023-01-06 13:07:11,831 - INFO - <module> : Populate the following:
Service Address
Province
City / Municipality
Home Ownership
Billing Address Indicator
2023-01-06 13:07:11,831 - INFO - <module> : Populate the following:
Service Address
Province
City / Municipality
Home Ownership
Billing Address Indicator
2023-01-06 13:07:11,954 - INFO - <module> : Clicked
2023-01-06 13:07:11,954 - INFO - <module> : Clicked
2023-01-06 13:07:11,954 - INFO - <module> : Clicked
2023-01-06 13:07:11,954 - INFO - <module> : Clicked
2023-01-06 13:07:12,012 - INFO - <module> : Clicked
2023-01-06 13:07:12,012 - INFO - <module> : Clicked
2023-01-06 13:07:12,012 - INFO - <module> : Clicked
2023-01-06 13:07:12,012 - INFO - <module> : Clicked
2023-01-06 13:07:12,108 - INFO - <module> : Clicked
2023-01-06 13:07:12,108 - INFO - <module> : Clicked
2023-01-06 13:07:12,108 - INFO - <module> : Clicked
2023-01-06 13:07:12,108 - INFO - <module> : Clicked
2023-01-06 13:07:14,444 - INFO - <module> : 3VALUE ADDED SERVICES exists
2023-01-06 13:07:14,444 - INFO - <module> : 3VALUE ADDED SERVICES exists
2023-01-06 13:07:14,444 - INFO - <module> : 3VALUE ADDED SERVICES exists
2023-01-06 13:07:14,444 - INFO - <module> : 3VALUE ADDED SERVICES exists
2023-01-06 13:07:17,690 - INFO - <module> : Populate the following:
Notification indicator
AMC indicator
Paperless Billing indicator
APA indicator
> Attach documents
> Click Next
2023-01-06 13:07:17,690 - INFO - <module> : Populate the following:
Notification indicator
AMC indicator
Paperless Billing indicator
APA indicator
> Attach documents
> Click Next
2023-01-06 13:07:17,690 - INFO - <module> : Populate the following:
Notification indicator
AMC indicator
Paperless Billing indicator
APA indicator
> Attach documents
> Click Next
2023-01-06 13:07:17,690 - INFO - <module> : Populate the following:
Notification indicator
AMC indicator
Paperless Billing indicator
APA indicator
> Attach documents
> Click Next
2023-01-06 13:07:20,183 - INFO - <module> : Clicked
2023-01-06 13:07:20,183 - INFO - <module> : Clicked
2023-01-06 13:07:20,183 - INFO - <module> : Clicked
2023-01-06 13:07:20,183 - INFO - <module> : Clicked
2023-01-06 13:07:20,258 - INFO - <module> :  exists
2023-01-06 13:07:20,258 - INFO - <module> :  exists
2023-01-06 13:07:20,258 - INFO - <module> :  exists
2023-01-06 13:07:20,258 - INFO - <module> :  exists
2023-01-06 13:07:23,595 - INFO - <module> : Tick on I have read and agree to the Meralco Online Terms & Conditions and consent to the processing of my personal data in accordance with the Privacy Policy
2023-01-06 13:07:23,595 - INFO - <module> : Tick on I have read and agree to the Meralco Online Terms & Conditions and consent to the processing of my personal data in accordance with the Privacy Policy
2023-01-06 13:07:23,595 - INFO - <module> : Tick on I have read and agree to the Meralco Online Terms & Conditions and consent to the processing of my personal data in accordance with the Privacy Policy
2023-01-06 13:07:23,595 - INFO - <module> : Tick on I have read and agree to the Meralco Online Terms & Conditions and consent to the processing of my personal data in accordance with the Privacy Policy
2023-01-06 13:07:23,701 - INFO - <module> : Clicked
2023-01-06 13:07:23,701 - INFO - <module> : Clicked
2023-01-06 13:07:23,701 - INFO - <module> : Clicked
2023-01-06 13:07:23,701 - INFO - <module> : Clicked
2023-01-06 13:07:38,752 - INFO - <module> : Submit exists
2023-01-06 13:07:38,752 - INFO - <module> : Submit exists
2023-01-06 13:07:38,752 - INFO - <module> : Submit exists
2023-01-06 13:07:38,752 - INFO - <module> : Submit exists
2023-01-06 13:07:42,151 - INFO - <module> : Click Submit
2023-01-06 13:07:42,151 - INFO - <module> : Click Submit
2023-01-06 13:07:42,151 - INFO - <module> : Click Submit
2023-01-06 13:07:42,151 - INFO - <module> : Click Submit
2023-01-06 13:07:42,344 - INFO - <module> : Clicked
2023-01-06 13:07:42,344 - INFO - <module> : Clicked
2023-01-06 13:07:42,344 - INFO - <module> : Clicked
2023-01-06 13:07:42,344 - INFO - <module> : Clicked
2023-01-06 13:07:54,955 - INFO - <module> : TC010 Passed
2023-01-06 13:07:54,955 - INFO - <module> : TC010 Passed
2023-01-06 13:07:54,955 - INFO - <module> : TC010 Passed
2023-01-06 13:07:54,955 - INFO - <module> : TC010 Passed
2023-01-06 13:07:55,077 - INFO - setup : Close Browser
