2023-01-05 10:31:42,085 - INFO - setup : Browser Launched!
2023-01-05 10:31:49,582 - INFO - <module> : Opened: https://fuat-meralco.cs73.force.com/customers/s/cxe-apply
2023-01-05 10:31:49,582 - INFO - <module> : Opened: https://fuat-meralco.cs73.force.com/customers/s/cxe-apply
2023-01-05 10:31:49,582 - INFO - <module> : Opened: https://fuat-meralco.cs73.force.com/customers/s/cxe-apply
2023-01-05 10:31:49,582 - INFO - <module> : Opened: https://fuat-meralco.cs73.force.com/customers/s/cxe-apply
2023-01-05 10:31:49,760 - INFO - <module> : Service Application exists
2023-01-05 10:31:49,760 - INFO - <module> : Service Application exists
2023-01-05 10:31:49,760 - INFO - <module> : Service Application exists
2023-01-05 10:31:49,760 - INFO - <module> : Service Application exists
2023-01-05 10:31:52,749 - INFO - <module> : Click on Contractor
2023-01-05 10:31:52,749 - INFO - <module> : Click on Contractor
2023-01-05 10:31:52,749 - INFO - <module> : Click on Contractor
2023-01-05 10:31:52,749 - INFO - <module> : Click on Contractor
2023-01-05 10:31:52,844 - INFO - <module> : Clicked
2023-01-05 10:31:52,844 - INFO - <module> : Clicked
2023-01-05 10:31:52,844 - INFO - <module> : Clicked
2023-01-05 10:31:52,844 - INFO - <module> : Clicked
2023-01-05 10:31:52,893 - INFO - <module> : Start Service exists
2023-01-05 10:31:52,893 - INFO - <module> : Start Service exists
2023-01-05 10:31:52,893 - INFO - <module> : Start Service exists
2023-01-05 10:31:52,893 - INFO - <module> : Start Service exists
2023-01-05 10:31:52,942 - INFO - <module> : Modify Service exists
2023-01-05 10:31:52,942 - INFO - <module> : Modify Service exists
2023-01-05 10:31:52,942 - INFO - <module> : Modify Service exists
2023-01-05 10:31:52,942 - INFO - <module> : Modify Service exists
2023-01-05 10:31:52,979 - INFO - <module> : Reactivate Service exists
2023-01-05 10:31:52,979 - INFO - <module> : Reactivate Service exists
2023-01-05 10:31:52,979 - INFO - <module> : Reactivate Service exists
2023-01-05 10:31:52,979 - INFO - <module> : Reactivate Service exists
2023-01-05 10:31:53,019 - INFO - <module> : Stop Service exists
2023-01-05 10:31:53,019 - INFO - <module> : Stop Service exists
2023-01-05 10:31:53,019 - INFO - <module> : Stop Service exists
2023-01-05 10:31:53,019 - INFO - <module> : Stop Service exists
2023-01-05 10:31:56,134 - INFO - <module> : Click on Reactivate Service
2023-01-05 10:31:56,134 - INFO - <module> : Click on Reactivate Service
2023-01-05 10:31:56,134 - INFO - <module> : Click on Reactivate Service
2023-01-05 10:31:56,134 - INFO - <module> : Click on Reactivate Service
2023-01-05 10:31:56,855 - INFO - <module> : Clicked
2023-01-05 10:31:56,855 - INFO - <module> : Clicked
2023-01-05 10:31:56,855 - INFO - <module> : Clicked
2023-01-05 10:31:56,855 - INFO - <module> : Clicked
2023-01-05 10:31:57,568 - INFO - <module> : Reactivate a Service exists
2023-01-05 10:31:57,568 - INFO - <module> : Reactivate a Service exists
2023-01-05 10:31:57,568 - INFO - <module> : Reactivate a Service exists
2023-01-05 10:31:57,568 - INFO - <module> : Reactivate a Service exists
2023-01-05 10:32:00,593 - INFO - <module> : Populate the following:
First Name*
Last Name*
Business Name*
Email Address*
Mobile Number*
Relationship to Customer*
>Click Next
2023-01-05 10:32:00,593 - INFO - <module> : Populate the following:
First Name*
Last Name*
Business Name*
Email Address*
Mobile Number*
Relationship to Customer*
>Click Next
2023-01-05 10:32:00,593 - INFO - <module> : Populate the following:
First Name*
Last Name*
Business Name*
Email Address*
Mobile Number*
Relationship to Customer*
>Click Next
2023-01-05 10:32:00,593 - INFO - <module> : Populate the following:
First Name*
Last Name*
Business Name*
Email Address*
Mobile Number*
Relationship to Customer*
>Click Next
2023-01-05 10:32:00,713 - INFO - <module> : input: atFirstname
2023-01-05 10:32:00,713 - INFO - <module> : input: atFirstname
2023-01-05 10:32:00,713 - INFO - <module> : input: atFirstname
2023-01-05 10:32:00,713 - INFO - <module> : input: atFirstname
2023-01-05 10:32:00,791 - INFO - <module> : input: atLastname
2023-01-05 10:32:00,791 - INFO - <module> : input: atLastname
2023-01-05 10:32:00,791 - INFO - <module> : input: atLastname
2023-01-05 10:32:00,791 - INFO - <module> : input: atLastname
2023-01-05 10:32:00,888 - INFO - <module> : input: automationteam@gmail.com
2023-01-05 10:32:00,888 - INFO - <module> : input: automationteam@gmail.com
2023-01-05 10:32:00,888 - INFO - <module> : input: automationteam@gmail.com
2023-01-05 10:32:00,888 - INFO - <module> : input: automationteam@gmail.com
2023-01-05 10:32:00,973 - INFO - <module> : input: atcontbusinessName
2023-01-05 10:32:00,973 - INFO - <module> : input: atcontbusinessName
2023-01-05 10:32:00,973 - INFO - <module> : input: atcontbusinessName
2023-01-05 10:32:00,973 - INFO - <module> : input: atcontbusinessName
2023-01-05 10:32:01,055 - INFO - <module> : input: +639234567891
2023-01-05 10:32:01,055 - INFO - <module> : input: +639234567891
2023-01-05 10:32:01,055 - INFO - <module> : input: +639234567891
2023-01-05 10:32:01,055 - INFO - <module> : input: +639234567891
2023-01-05 10:32:03,354 - INFO - <module> : Clicked
2023-01-05 10:32:03,354 - INFO - <module> : Clicked
2023-01-05 10:32:03,354 - INFO - <module> : Clicked
2023-01-05 10:32:03,354 - INFO - <module> : Clicked
2023-01-05 10:32:03,399 - INFO - <module> : CUSTOMER INFO exists
2023-01-05 10:32:03,399 - INFO - <module> : CUSTOMER INFO exists
2023-01-05 10:32:03,399 - INFO - <module> : CUSTOMER INFO exists
2023-01-05 10:32:03,399 - INFO - <module> : CUSTOMER INFO exists
2023-01-05 10:32:06,461 - INFO - <module> : Validate if CAN field is visible and enabled
2023-01-05 10:32:06,461 - INFO - <module> : Validate if CAN field is visible and enabled
2023-01-05 10:32:06,461 - INFO - <module> : Validate if CAN field is visible and enabled
2023-01-05 10:32:06,461 - INFO - <module> : Validate if CAN field is visible and enabled
2023-01-05 10:32:06,530 - INFO - <module> :  exists
2023-01-05 10:32:06,530 - INFO - <module> :  exists
2023-01-05 10:32:06,530 - INFO - <module> :  exists
2023-01-05 10:32:06,530 - INFO - <module> :  exists
2023-01-05 10:32:09,565 - INFO - <module> : Populate Customer Account Number field
2023-01-05 10:32:09,565 - INFO - <module> : Populate Customer Account Number field
2023-01-05 10:32:09,565 - INFO - <module> : Populate Customer Account Number field
2023-01-05 10:32:09,565 - INFO - <module> : Populate Customer Account Number field
2023-01-05 10:32:09,714 - INFO - <module> : input: 3518724842
2023-01-05 10:32:09,714 - INFO - <module> : input: 3518724842
2023-01-05 10:32:09,714 - INFO - <module> : input: 3518724842
2023-01-05 10:32:09,714 - INFO - <module> : input: 3518724842
2023-01-05 10:32:12,724 - INFO - <module> : Populate Service ID Number 
2023-01-05 10:32:12,724 - INFO - <module> : Populate Service ID Number 
2023-01-05 10:32:12,724 - INFO - <module> : Populate Service ID Number 
2023-01-05 10:32:12,724 - INFO - <module> : Populate Service ID Number 
2023-01-05 10:32:12,844 - INFO - <module> : input: 501027710101
2023-01-05 10:32:12,844 - INFO - <module> : input: 501027710101
2023-01-05 10:32:12,844 - INFO - <module> : input: 501027710101
2023-01-05 10:32:12,844 - INFO - <module> : input: 501027710101
2023-01-05 10:32:15,889 - INFO - <module> : Populate the following field:
First Name*
Last Name*
Email address*
Mobile Number*
Landline (optional)
Birthday (optional)
> Click Next
2023-01-05 10:32:15,889 - INFO - <module> : Populate the following field:
First Name*
Last Name*
Email address*
Mobile Number*
Landline (optional)
Birthday (optional)
> Click Next
2023-01-05 10:32:15,889 - INFO - <module> : Populate the following field:
First Name*
Last Name*
Email address*
Mobile Number*
Landline (optional)
Birthday (optional)
> Click Next
2023-01-05 10:32:15,889 - INFO - <module> : Populate the following field:
First Name*
Last Name*
Email address*
Mobile Number*
Landline (optional)
Birthday (optional)
> Click Next
2023-01-05 10:32:16,007 - INFO - <module> : input: atFirstname
2023-01-05 10:32:16,007 - INFO - <module> : input: atFirstname
2023-01-05 10:32:16,007 - INFO - <module> : input: atFirstname
2023-01-05 10:32:16,007 - INFO - <module> : input: atFirstname
2023-01-05 10:32:16,086 - INFO - <module> : input: atLastname
2023-01-05 10:32:16,086 - INFO - <module> : input: atLastname
2023-01-05 10:32:16,086 - INFO - <module> : input: atLastname
2023-01-05 10:32:16,086 - INFO - <module> : input: atLastname
2023-01-05 10:32:16,173 - INFO - <module> : input: automationteam@gmail.com
2023-01-05 10:32:16,173 - INFO - <module> : input: automationteam@gmail.com
2023-01-05 10:32:16,173 - INFO - <module> : input: automationteam@gmail.com
2023-01-05 10:32:16,173 - INFO - <module> : input: automationteam@gmail.com
2023-01-05 10:32:16,275 - INFO - <module> : input: +639234567891
2023-01-05 10:32:16,275 - INFO - <module> : input: +639234567891
2023-01-05 10:32:16,275 - INFO - <module> : input: +639234567891
2023-01-05 10:32:16,275 - INFO - <module> : input: +639234567891
2023-01-05 10:32:18,598 - INFO - <module> : Clicked
2023-01-05 10:32:18,598 - INFO - <module> : Clicked
2023-01-05 10:32:18,598 - INFO - <module> : Clicked
2023-01-05 10:32:18,598 - INFO - <module> : Clicked
2023-01-05 10:32:18,642 - INFO - <module> : Where will the electric service be used? exists
2023-01-05 10:32:18,642 - INFO - <module> : Where will the electric service be used? exists
2023-01-05 10:32:18,642 - INFO - <module> : Where will the electric service be used? exists
2023-01-05 10:32:18,642 - INFO - <module> : Where will the electric service be used? exists
2023-01-05 10:32:21,691 - INFO - <module> : Populate the following:
Service Address
Province
City / Municipality
Home Ownership
Billing Address indicator
> Attach Documents
> Click Next
2023-01-05 10:32:21,691 - INFO - <module> : Populate the following:
Service Address
Province
City / Municipality
Home Ownership
Billing Address indicator
> Attach Documents
> Click Next
2023-01-05 10:32:21,691 - INFO - <module> : Populate the following:
Service Address
Province
City / Municipality
Home Ownership
Billing Address indicator
> Attach Documents
> Click Next
2023-01-05 10:32:21,691 - INFO - <module> : Populate the following:
Service Address
Province
City / Municipality
Home Ownership
Billing Address indicator
> Attach Documents
> Click Next
2023-01-05 10:32:21,819 - INFO - <module> : Clicked
2023-01-05 10:32:21,819 - INFO - <module> : Clicked
2023-01-05 10:32:21,819 - INFO - <module> : Clicked
2023-01-05 10:32:21,819 - INFO - <module> : Clicked
2023-01-05 10:32:52,307 - INFO - setup : Close Browser
