2023-01-10 18:43:17,351 - INFO - setup : Browser Launched!
2023-01-10 18:43:45,337 - INFO - <module> : input: atconcernsingle@yopmail.com
2023-01-10 18:43:45,337 - INFO - <module> : input: atconcernsingle@yopmail.com
2023-01-10 18:43:45,337 - INFO - <module> : input: atconcernsingle@yopmail.com
2023-01-10 18:43:45,337 - INFO - <module> : input: atconcernsingle@yopmail.com
2023-01-10 18:43:45,938 - INFO - <module> : input: Meralco01
2023-01-10 18:43:45,938 - INFO - <module> : input: Meralco01
2023-01-10 18:43:45,938 - INFO - <module> : input: Meralco01
2023-01-10 18:43:45,938 - INFO - <module> : input: Meralco01
2023-01-10 18:43:46,888 - INFO - <module> : Clicked
2023-01-10 18:43:46,888 - INFO - <module> : Clicked
2023-01-10 18:43:46,888 - INFO - <module> : Clicked
2023-01-10 18:43:46,888 - INFO - <module> : Clicked
2023-01-10 18:43:52,257 - INFO - <module> : Hello, exists
2023-01-10 18:43:52,257 - INFO - <module> : Hello, exists
2023-01-10 18:43:52,257 - INFO - <module> : Hello, exists
2023-01-10 18:43:52,257 - INFO - <module> : Hello, exists
2023-01-10 18:43:52,330 - INFO - <module> : AT SINGLE clicked
2023-01-10 18:43:52,330 - INFO - <module> : AT SINGLE clicked
2023-01-10 18:43:52,330 - INFO - <module> : AT SINGLE clicked
2023-01-10 18:43:52,330 - INFO - <module> : AT SINGLE clicked
2023-01-10 18:43:52,503 - INFO - <module> :  clicked
2023-01-10 18:43:52,503 - INFO - <module> :  clicked
2023-01-10 18:43:52,503 - INFO - <module> :  clicked
2023-01-10 18:43:52,503 - INFO - <module> :  clicked
2023-01-10 18:43:58,210 - INFO - <module> : Clicked
2023-01-10 18:43:58,210 - INFO - <module> : Clicked
2023-01-10 18:43:58,210 - INFO - <module> : Clicked
2023-01-10 18:43:58,210 - INFO - <module> : Clicked
2023-01-10 18:44:08,051 - INFO - setup : Close Browser
