2022-10-18 12:24:07,140 - INFO - setup : Browser Launched!
2022-10-18 12:24:25,667 - INFO - <module> : Login to Meralco Online
2022-10-18 12:24:25,667 - INFO - <module> : Login to Meralco Online
2022-10-18 12:24:25,667 - INFO - <module> : Login to Meralco Online
2022-10-18 12:24:25,667 - INFO - <module> : Login to Meralco Online
2022-10-18 12:24:26,211 - INFO - <module> : input: atmooutageaccount@yopmail.com
2022-10-18 12:24:26,211 - INFO - <module> : input: atmooutageaccount@yopmail.com
2022-10-18 12:24:26,211 - INFO - <module> : input: atmooutageaccount@yopmail.com
2022-10-18 12:24:26,211 - INFO - <module> : input: atmooutageaccount@yopmail.com
2022-10-18 12:24:26,429 - INFO - <module> : input: Meralco01
2022-10-18 12:24:26,429 - INFO - <module> : input: Meralco01
2022-10-18 12:24:26,429 - INFO - <module> : input: Meralco01
2022-10-18 12:24:26,429 - INFO - <module> : input: Meralco01
2022-10-18 12:24:26,591 - INFO - <module> : Clicked
2022-10-18 12:24:26,591 - INFO - <module> : Clicked
2022-10-18 12:24:26,591 - INFO - <module> : Clicked
2022-10-18 12:24:26,591 - INFO - <module> : Clicked
2022-10-18 12:24:32,394 - INFO - <module> : Hello, exists
2022-10-18 12:24:32,394 - INFO - <module> : Hello, exists
2022-10-18 12:24:32,394 - INFO - <module> : Hello, exists
2022-10-18 12:24:32,394 - INFO - <module> : Hello, exists
2022-10-18 12:24:32,458 - INFO - <module> : Hello, exists
2022-10-18 12:24:32,458 - INFO - <module> : Hello, exists
2022-10-18 12:24:32,458 - INFO - <module> : Hello, exists
2022-10-18 12:24:32,458 - INFO - <module> : Hello, exists
2022-10-18 12:24:37,895 - INFO - <module> : Go to Outages & Incidents > View/Report Outages
2022-10-18 12:24:37,895 - INFO - <module> : Go to Outages & Incidents > View/Report Outages
2022-10-18 12:24:37,895 - INFO - <module> : Go to Outages & Incidents > View/Report Outages
2022-10-18 12:24:37,895 - INFO - <module> : Go to Outages & Incidents > View/Report Outages
2022-10-18 12:24:38,095 - INFO - <module> : Clicked
2022-10-18 12:24:38,095 - INFO - <module> : Clicked
2022-10-18 12:24:38,095 - INFO - <module> : Clicked
2022-10-18 12:24:38,095 - INFO - <module> : Clicked
2022-10-18 12:24:38,208 - INFO - <module> :  clicked
2022-10-18 12:24:38,208 - INFO - <module> :  clicked
2022-10-18 12:24:38,208 - INFO - <module> :  clicked
2022-10-18 12:24:38,208 - INFO - <module> :  clicked
2022-10-18 12:24:51,961 - INFO - <module> : Okay clicked
2022-10-18 12:24:51,961 - INFO - <module> : Okay clicked
2022-10-18 12:24:51,961 - INFO - <module> : Okay clicked
2022-10-18 12:24:51,961 - INFO - <module> : Okay clicked
2022-10-18 12:24:57,990 - INFO - <module> : Click on Map Views button > Select All under Outage Type
2022-10-18 12:24:57,990 - INFO - <module> : Click on Map Views button > Select All under Outage Type
2022-10-18 12:24:57,990 - INFO - <module> : Click on Map Views button > Select All under Outage Type
2022-10-18 12:24:57,990 - INFO - <module> : Click on Map Views button > Select All under Outage Type
2022-10-18 12:24:58,430 - INFO - <module> : Clicked
2022-10-18 12:24:58,430 - INFO - <module> : Clicked
2022-10-18 12:24:58,430 - INFO - <module> : Clicked
2022-10-18 12:24:58,430 - INFO - <module> : Clicked
2022-10-18 12:25:01,637 - INFO - setup : Close Browser
