2022-10-19 11:04:05,556 - INFO - setup : Browser Launched!
2022-10-19 11:04:13,072 - INFO - <module> : Login to Meralco Online
2022-10-19 11:04:13,072 - INFO - <module> : Login to Meralco Online
2022-10-19 11:04:13,072 - INFO - <module> : Login to Meralco Online
2022-10-19 11:04:13,072 - INFO - <module> : Login to Meralco Online
2022-10-19 11:04:13,337 - INFO - <module> : input: atmooutageaccount@yopmail.com
2022-10-19 11:04:13,337 - INFO - <module> : input: atmooutageaccount@yopmail.com
2022-10-19 11:04:13,337 - INFO - <module> : input: atmooutageaccount@yopmail.com
2022-10-19 11:04:13,337 - INFO - <module> : input: atmooutageaccount@yopmail.com
2022-10-19 11:04:13,460 - INFO - <module> : input: Meralco01
2022-10-19 11:04:13,460 - INFO - <module> : input: Meralco01
2022-10-19 11:04:13,460 - INFO - <module> : input: Meralco01
2022-10-19 11:04:13,460 - INFO - <module> : input: Meralco01
2022-10-19 11:04:13,505 - INFO - <module> : Clicked
2022-10-19 11:04:13,505 - INFO - <module> : Clicked
2022-10-19 11:04:13,505 - INFO - <module> : Clicked
2022-10-19 11:04:13,505 - INFO - <module> : Clicked
2022-10-19 11:04:18,370 - INFO - <module> : Hello, exists
2022-10-19 11:04:18,370 - INFO - <module> : Hello, exists
2022-10-19 11:04:18,370 - INFO - <module> : Hello, exists
2022-10-19 11:04:18,370 - INFO - <module> : Hello, exists
2022-10-19 11:04:18,390 - INFO - <module> : Hello, exists
2022-10-19 11:04:18,390 - INFO - <module> : Hello, exists
2022-10-19 11:04:18,390 - INFO - <module> : Hello, exists
2022-10-19 11:04:18,390 - INFO - <module> : Hello, exists
2022-10-19 11:04:21,409 - INFO - <module> : Go to Outages & Incidents > View/Report Outages
2022-10-19 11:04:21,409 - INFO - <module> : Go to Outages & Incidents > View/Report Outages
2022-10-19 11:04:21,409 - INFO - <module> : Go to Outages & Incidents > View/Report Outages
2022-10-19 11:04:21,409 - INFO - <module> : Go to Outages & Incidents > View/Report Outages
2022-10-19 11:04:21,484 - INFO - <module> : Clicked
2022-10-19 11:04:21,484 - INFO - <module> : Clicked
2022-10-19 11:04:21,484 - INFO - <module> : Clicked
2022-10-19 11:04:21,484 - INFO - <module> : Clicked
2022-10-19 11:04:21,541 - INFO - <module> :  clicked
2022-10-19 11:04:21,541 - INFO - <module> :  clicked
2022-10-19 11:04:21,541 - INFO - <module> :  clicked
2022-10-19 11:04:21,541 - INFO - <module> :  clicked
2022-10-19 11:04:30,276 - INFO - <module> : Okay clicked
2022-10-19 11:04:30,276 - INFO - <module> : Okay clicked
2022-10-19 11:04:30,276 - INFO - <module> : Okay clicked
2022-10-19 11:04:30,276 - INFO - <module> : Okay clicked
2022-10-19 11:04:33,224 - INFO - <module> : Click on Map Views button > Click Meralco Business Center under Map Layers
2022-10-19 11:04:33,224 - INFO - <module> : Click on Map Views button > Click Meralco Business Center under Map Layers
2022-10-19 11:04:33,224 - INFO - <module> : Click on Map Views button > Click Meralco Business Center under Map Layers
2022-10-19 11:04:33,224 - INFO - <module> : Click on Map Views button > Click Meralco Business Center under Map Layers
2022-10-19 11:04:33,323 - INFO - <module> : Clicked
2022-10-19 11:04:33,323 - INFO - <module> : Clicked
2022-10-19 11:04:33,323 - INFO - <module> : Clicked
2022-10-19 11:04:33,323 - INFO - <module> : Clicked
2022-10-19 11:04:35,692 - INFO - <module> : Clicked
2022-10-19 11:04:35,692 - INFO - <module> : Clicked
2022-10-19 11:04:35,692 - INFO - <module> : Clicked
2022-10-19 11:04:35,692 - INFO - <module> : Clicked
2022-10-19 11:04:38,571 - INFO - <module> : Click x
2022-10-19 11:04:38,571 - INFO - <module> : Click x
2022-10-19 11:04:38,571 - INFO - <module> : Click x
2022-10-19 11:04:38,571 - INFO - <module> : Click x
2022-10-19 11:04:38,656 - INFO - <module> : close clicked
2022-10-19 11:04:38,656 - INFO - <module> : close clicked
2022-10-19 11:04:38,656 - INFO - <module> : close clicked
2022-10-19 11:04:38,656 - INFO - <module> : close clicked
2022-10-19 11:04:56,071 - INFO - setup : Close Browser
