2023-01-09 16:00:10,772 - INFO - setup : Browser Launched!
2023-01-09 16:00:17,810 - INFO - <module> : Go to https://fuat-meralco.cs73.force.com/customers/s/cxe-apply
2023-01-09 16:00:17,810 - INFO - <module> : Go to https://fuat-meralco.cs73.force.com/customers/s/cxe-apply
2023-01-09 16:00:17,810 - INFO - <module> : Go to https://fuat-meralco.cs73.force.com/customers/s/cxe-apply
2023-01-09 16:00:17,810 - INFO - <module> : Go to https://fuat-meralco.cs73.force.com/customers/s/cxe-apply
2023-01-09 16:00:17,810 - INFO - <module> : Go to https://fuat-meralco.cs73.force.com/customers/s/cxe-apply
2023-01-09 16:00:19,044 - INFO - <module> : Opened: https://fuat-meralco.cs73.force.com/customers/s/cxe-apply
2023-01-09 16:00:19,044 - INFO - <module> : Opened: https://fuat-meralco.cs73.force.com/customers/s/cxe-apply
2023-01-09 16:00:19,044 - INFO - <module> : Opened: https://fuat-meralco.cs73.force.com/customers/s/cxe-apply
2023-01-09 16:00:19,044 - INFO - <module> : Opened: https://fuat-meralco.cs73.force.com/customers/s/cxe-apply
2023-01-09 16:00:19,044 - INFO - <module> : Opened: https://fuat-meralco.cs73.force.com/customers/s/cxe-apply
2023-01-09 16:00:19,263 - INFO - <module> : Service Application exists
2023-01-09 16:00:19,263 - INFO - <module> : Service Application exists
2023-01-09 16:00:19,263 - INFO - <module> : Service Application exists
2023-01-09 16:00:19,263 - INFO - <module> : Service Application exists
2023-01-09 16:00:19,263 - INFO - <module> : Service Application exists
2023-01-09 16:00:22,386 - INFO - <module> : Click on Business
2023-01-09 16:00:22,386 - INFO - <module> : Click on Business
2023-01-09 16:00:22,386 - INFO - <module> : Click on Business
2023-01-09 16:00:22,386 - INFO - <module> : Click on Business
2023-01-09 16:00:22,386 - INFO - <module> : Click on Business
2023-01-09 16:00:22,459 - INFO - <module> : Clicked
2023-01-09 16:00:22,459 - INFO - <module> : Clicked
2023-01-09 16:00:22,459 - INFO - <module> : Clicked
2023-01-09 16:00:22,459 - INFO - <module> : Clicked
2023-01-09 16:00:22,459 - INFO - <module> : Clicked
2023-01-09 16:00:22,512 - INFO - <module> : INDIVIDUAL
Are you applying for your home or microbusiness? Get started by clicking an option below. exists
2023-01-09 16:00:22,512 - INFO - <module> : INDIVIDUAL
Are you applying for your home or microbusiness? Get started by clicking an option below. exists
2023-01-09 16:00:22,512 - INFO - <module> : INDIVIDUAL
Are you applying for your home or microbusiness? Get started by clicking an option below. exists
2023-01-09 16:00:22,512 - INFO - <module> : INDIVIDUAL
Are you applying for your home or microbusiness? Get started by clicking an option below. exists
2023-01-09 16:00:22,512 - INFO - <module> : INDIVIDUAL
Are you applying for your home or microbusiness? Get started by clicking an option below. exists
2023-01-09 16:00:22,557 - INFO - <module> : Start Service exists
2023-01-09 16:00:22,557 - INFO - <module> : Start Service exists
2023-01-09 16:00:22,557 - INFO - <module> : Start Service exists
2023-01-09 16:00:22,557 - INFO - <module> : Start Service exists
2023-01-09 16:00:22,557 - INFO - <module> : Start Service exists
2023-01-09 16:00:22,581 - INFO - <module> : Start Service exists
2023-01-09 16:00:22,581 - INFO - <module> : Start Service exists
2023-01-09 16:00:22,581 - INFO - <module> : Start Service exists
2023-01-09 16:00:22,581 - INFO - <module> : Start Service exists
2023-01-09 16:00:22,581 - INFO - <module> : Start Service exists
2023-01-09 16:00:22,607 - INFO - <module> : Start Service exists
2023-01-09 16:00:22,607 - INFO - <module> : Start Service exists
2023-01-09 16:00:22,607 - INFO - <module> : Start Service exists
2023-01-09 16:00:22,607 - INFO - <module> : Start Service exists
2023-01-09 16:00:22,607 - INFO - <module> : Start Service exists
2023-01-09 16:00:25,603 - INFO - <module> : Click on Start a Service
2023-01-09 16:00:25,603 - INFO - <module> : Click on Start a Service
2023-01-09 16:00:25,603 - INFO - <module> : Click on Start a Service
2023-01-09 16:00:25,603 - INFO - <module> : Click on Start a Service
2023-01-09 16:00:25,603 - INFO - <module> : Click on Start a Service
2023-01-09 16:00:25,691 - INFO - <module> : Clicked
2023-01-09 16:00:25,691 - INFO - <module> : Clicked
2023-01-09 16:00:25,691 - INFO - <module> : Clicked
2023-01-09 16:00:25,691 - INFO - <module> : Clicked
2023-01-09 16:00:25,691 - INFO - <module> : Clicked
2023-01-09 16:00:25,920 - INFO - <module> : Clicked
2023-01-09 16:00:25,920 - INFO - <module> : Clicked
2023-01-09 16:00:25,920 - INFO - <module> : Clicked
2023-01-09 16:00:25,920 - INFO - <module> : Clicked
2023-01-09 16:00:25,920 - INFO - <module> : Clicked
2023-01-09 16:00:28,162 - INFO - <module> : Start a Service exists
2023-01-09 16:00:28,162 - INFO - <module> : Start a Service exists
2023-01-09 16:00:28,162 - INFO - <module> : Start a Service exists
2023-01-09 16:00:28,162 - INFO - <module> : Start a Service exists
2023-01-09 16:00:28,162 - INFO - <module> : Start a Service exists
2023-01-09 16:00:31,327 - INFO - <module> : Populate the following fields:
- Company Name
- Trade Name (Optional)
- Company Email Address (Optional)
- Company Landline
- First Name
- Last Name
- Email Address
- Mobile Number
- Designation

> Click Next
2023-01-09 16:00:31,327 - INFO - <module> : Populate the following fields:
- Company Name
- Trade Name (Optional)
- Company Email Address (Optional)
- Company Landline
- First Name
- Last Name
- Email Address
- Mobile Number
- Designation

> Click Next
2023-01-09 16:00:31,327 - INFO - <module> : Populate the following fields:
- Company Name
- Trade Name (Optional)
- Company Email Address (Optional)
- Company Landline
- First Name
- Last Name
- Email Address
- Mobile Number
- Designation

> Click Next
2023-01-09 16:00:31,327 - INFO - <module> : Populate the following fields:
- Company Name
- Trade Name (Optional)
- Company Email Address (Optional)
- Company Landline
- First Name
- Last Name
- Email Address
- Mobile Number
- Designation

> Click Next
2023-01-09 16:00:31,327 - INFO - <module> : Populate the following fields:
- Company Name
- Trade Name (Optional)
- Company Email Address (Optional)
- Company Landline
- First Name
- Last Name
- Email Address
- Mobile Number
- Designation

> Click Next
2023-01-09 16:00:31,452 - INFO - <module> : input: automation1
2023-01-09 16:00:31,452 - INFO - <module> : input: automation1
2023-01-09 16:00:31,452 - INFO - <module> : input: automation1
2023-01-09 16:00:31,452 - INFO - <module> : input: automation1
2023-01-09 16:00:31,452 - INFO - <module> : input: automation1
2023-01-09 16:00:31,523 - INFO - <module> : input: automation2
2023-01-09 16:00:31,523 - INFO - <module> : input: automation2
2023-01-09 16:00:31,523 - INFO - <module> : input: automation2
2023-01-09 16:00:31,523 - INFO - <module> : input: automation2
2023-01-09 16:00:31,523 - INFO - <module> : input: automation2
2023-01-09 16:00:31,564 - INFO - <module> : input: automation3
2023-01-09 16:00:31,564 - INFO - <module> : input: automation3
2023-01-09 16:00:31,564 - INFO - <module> : input: automation3
2023-01-09 16:00:31,564 - INFO - <module> : input: automation3
2023-01-09 16:00:31,564 - INFO - <module> : input: automation3
2023-01-09 16:00:31,639 - INFO - <module> : input: +63945113252
2023-01-09 16:00:31,639 - INFO - <module> : input: +63945113252
2023-01-09 16:00:31,639 - INFO - <module> : input: +63945113252
2023-01-09 16:00:31,639 - INFO - <module> : input: +63945113252
2023-01-09 16:00:31,639 - INFO - <module> : input: +63945113252
2023-01-09 16:00:31,712 - INFO - <module> : input: automation5
2023-01-09 16:00:31,712 - INFO - <module> : input: automation5
2023-01-09 16:00:31,712 - INFO - <module> : input: automation5
2023-01-09 16:00:31,712 - INFO - <module> : input: automation5
2023-01-09 16:00:31,712 - INFO - <module> : input: automation5
2023-01-09 16:00:31,787 - INFO - <module> : input: automation6
2023-01-09 16:00:31,787 - INFO - <module> : input: automation6
2023-01-09 16:00:31,787 - INFO - <module> : input: automation6
2023-01-09 16:00:31,787 - INFO - <module> : input: automation6
2023-01-09 16:00:31,787 - INFO - <module> : input: automation6
2023-01-09 16:00:31,886 - INFO - <module> : input: automation2@yopmail.com
2023-01-09 16:00:31,886 - INFO - <module> : input: automation2@yopmail.com
2023-01-09 16:00:31,886 - INFO - <module> : input: automation2@yopmail.com
2023-01-09 16:00:31,886 - INFO - <module> : input: automation2@yopmail.com
2023-01-09 16:00:31,886 - INFO - <module> : input: automation2@yopmail.com
2023-01-09 16:00:31,964 - INFO - <module> : input: +639234567891
2023-01-09 16:00:31,964 - INFO - <module> : input: +639234567891
2023-01-09 16:00:31,964 - INFO - <module> : input: +639234567891
2023-01-09 16:00:31,964 - INFO - <module> : input: +639234567891
2023-01-09 16:00:31,964 - INFO - <module> : input: +639234567891
2023-01-09 16:00:32,037 - INFO - <module> : input: manager
2023-01-09 16:00:32,037 - INFO - <module> : input: manager
2023-01-09 16:00:32,037 - INFO - <module> : input: manager
2023-01-09 16:00:32,037 - INFO - <module> : input: manager
2023-01-09 16:00:32,037 - INFO - <module> : input: manager
2023-01-09 16:00:34,346 - INFO - <module> : Clicked
2023-01-09 16:00:34,346 - INFO - <module> : Clicked
2023-01-09 16:00:34,346 - INFO - <module> : Clicked
2023-01-09 16:00:34,346 - INFO - <module> : Clicked
2023-01-09 16:00:34,346 - INFO - <module> : Clicked
2023-01-09 16:00:34,412 - INFO - <module> : 2NEW ADDRESS exists
2023-01-09 16:00:34,412 - INFO - <module> : 2NEW ADDRESS exists
2023-01-09 16:00:34,412 - INFO - <module> : 2NEW ADDRESS exists
2023-01-09 16:00:34,412 - INFO - <module> : 2NEW ADDRESS exists
2023-01-09 16:00:34,412 - INFO - <module> : 2NEW ADDRESS exists
2023-01-09 16:00:37,559 - INFO - <module> : Populate the following:
Service Address
Province
City / Municipality
Home Ownership
Billing Address Indicator

> Click Next
2023-01-09 16:00:37,559 - INFO - <module> : Populate the following:
Service Address
Province
City / Municipality
Home Ownership
Billing Address Indicator

> Click Next
2023-01-09 16:00:37,559 - INFO - <module> : Populate the following:
Service Address
Province
City / Municipality
Home Ownership
Billing Address Indicator

> Click Next
2023-01-09 16:00:37,559 - INFO - <module> : Populate the following:
Service Address
Province
City / Municipality
Home Ownership
Billing Address Indicator

> Click Next
2023-01-09 16:00:37,559 - INFO - <module> : Populate the following:
Service Address
Province
City / Municipality
Home Ownership
Billing Address Indicator

> Click Next
2023-01-09 16:00:37,672 - INFO - <module> : input: atsrviceadd
2023-01-09 16:00:37,672 - INFO - <module> : input: atsrviceadd
2023-01-09 16:00:37,672 - INFO - <module> : input: atsrviceadd
2023-01-09 16:00:37,672 - INFO - <module> : input: atsrviceadd
2023-01-09 16:00:37,672 - INFO - <module> : input: atsrviceadd
2023-01-09 16:00:37,745 - INFO - <module> : Clicked
2023-01-09 16:00:37,745 - INFO - <module> : Clicked
2023-01-09 16:00:37,745 - INFO - <module> : Clicked
2023-01-09 16:00:37,745 - INFO - <module> : Clicked
2023-01-09 16:00:37,745 - INFO - <module> : Clicked
2023-01-09 16:00:37,801 - INFO - <module> : Clicked
2023-01-09 16:00:37,801 - INFO - <module> : Clicked
2023-01-09 16:00:37,801 - INFO - <module> : Clicked
2023-01-09 16:00:37,801 - INFO - <module> : Clicked
2023-01-09 16:00:37,801 - INFO - <module> : Clicked
2023-01-09 16:00:37,876 - INFO - <module> : Clicked
2023-01-09 16:00:37,876 - INFO - <module> : Clicked
2023-01-09 16:00:37,876 - INFO - <module> : Clicked
2023-01-09 16:00:37,876 - INFO - <module> : Clicked
2023-01-09 16:00:37,876 - INFO - <module> : Clicked
2023-01-09 16:00:37,930 - INFO - <module> : Clicked
2023-01-09 16:00:37,930 - INFO - <module> : Clicked
2023-01-09 16:00:37,930 - INFO - <module> : Clicked
2023-01-09 16:00:37,930 - INFO - <module> : Clicked
2023-01-09 16:00:37,930 - INFO - <module> : Clicked
2023-01-09 16:00:38,043 - INFO - <module> : Clicked
2023-01-09 16:00:38,043 - INFO - <module> : Clicked
2023-01-09 16:00:38,043 - INFO - <module> : Clicked
2023-01-09 16:00:38,043 - INFO - <module> : Clicked
2023-01-09 16:00:38,043 - INFO - <module> : Clicked
2023-01-09 16:00:38,099 - INFO - <module> : Clicked
2023-01-09 16:00:38,099 - INFO - <module> : Clicked
2023-01-09 16:00:38,099 - INFO - <module> : Clicked
2023-01-09 16:00:38,099 - INFO - <module> : Clicked
2023-01-09 16:00:38,099 - INFO - <module> : Clicked
2023-01-09 16:00:40,346 - INFO - <module> : 3VALUE ADDED SERVICES exists
2023-01-09 16:00:40,346 - INFO - <module> : 3VALUE ADDED SERVICES exists
2023-01-09 16:00:40,346 - INFO - <module> : 3VALUE ADDED SERVICES exists
2023-01-09 16:00:40,346 - INFO - <module> : 3VALUE ADDED SERVICES exists
2023-01-09 16:00:40,346 - INFO - <module> : 3VALUE ADDED SERVICES exists
2023-01-09 16:00:43,585 - INFO - <module> : Clicked
2023-01-09 16:00:43,585 - INFO - <module> : Clicked
2023-01-09 16:00:43,585 - INFO - <module> : Clicked
2023-01-09 16:00:43,585 - INFO - <module> : Clicked
2023-01-09 16:00:43,585 - INFO - <module> : Clicked
2023-01-09 16:00:46,892 - INFO - <module> : Clicked
2023-01-09 16:00:46,892 - INFO - <module> : Clicked
2023-01-09 16:00:46,892 - INFO - <module> : Clicked
2023-01-09 16:00:46,892 - INFO - <module> : Clicked
2023-01-09 16:00:46,892 - INFO - <module> : Clicked
2023-01-09 16:01:06,980 - INFO - <module> : Submit exists
2023-01-09 16:01:06,980 - INFO - <module> : Submit exists
2023-01-09 16:01:06,980 - INFO - <module> : Submit exists
2023-01-09 16:01:06,980 - INFO - <module> : Submit exists
2023-01-09 16:01:06,980 - INFO - <module> : Submit exists
2023-01-09 16:01:13,429 - INFO - <module> : Clicked
2023-01-09 16:01:13,429 - INFO - <module> : Clicked
2023-01-09 16:01:13,429 - INFO - <module> : Clicked
2023-01-09 16:01:13,429 - INFO - <module> : Clicked
2023-01-09 16:01:13,429 - INFO - <module> : Clicked
2023-01-09 16:01:18,285 - INFO - <module> : Clicked
2023-01-09 16:01:18,285 - INFO - <module> : Clicked
2023-01-09 16:01:18,285 - INFO - <module> : Clicked
2023-01-09 16:01:18,285 - INFO - <module> : Clicked
2023-01-09 16:01:18,285 - INFO - <module> : Clicked
2023-01-09 16:01:20,535 - INFO - <module> : TC051 Passed
2023-01-09 16:01:20,535 - INFO - <module> : TC051 Passed
2023-01-09 16:01:20,535 - INFO - <module> : TC051 Passed
2023-01-09 16:01:20,535 - INFO - <module> : TC051 Passed
2023-01-09 16:01:20,535 - INFO - <module> : TC051 Passed
2023-01-09 16:01:20,595 - INFO - setup : Close Browser
