2023-01-10 11:30:02,875 - INFO - setup : Browser Launched!
2023-01-10 11:30:12,103 - INFO - <module> : Go to Outages & Incidents > Report Streetlight And Safety Concerns
2023-01-10 11:30:12,103 - INFO - <module> : Go to Outages & Incidents > Report Streetlight And Safety Concerns
2023-01-10 11:30:12,103 - INFO - <module> : Go to Outages & Incidents > Report Streetlight And Safety Concerns
2023-01-10 11:30:12,103 - INFO - <module> : Go to Outages & Incidents > Report Streetlight And Safety Concerns
2023-01-10 11:30:12,103 - INFO - <module> : Go to Outages & Incidents > Report Streetlight And Safety Concerns
2023-01-10 11:30:13,636 - INFO - <module> : Opened: https://fuat-meralco.cs73.force.com/customers/s/outagemap
2023-01-10 11:30:13,636 - INFO - <module> : Opened: https://fuat-meralco.cs73.force.com/customers/s/outagemap
2023-01-10 11:30:13,636 - INFO - <module> : Opened: https://fuat-meralco.cs73.force.com/customers/s/outagemap
2023-01-10 11:30:13,636 - INFO - <module> : Opened: https://fuat-meralco.cs73.force.com/customers/s/outagemap
2023-01-10 11:30:13,636 - INFO - <module> : Opened: https://fuat-meralco.cs73.force.com/customers/s/outagemap
2023-01-10 11:30:19,371 - INFO - <module> : Meralco would like to access your location to identify if your area is affected by an outage. exists
2023-01-10 11:30:19,371 - INFO - <module> : Meralco would like to access your location to identify if your area is affected by an outage. exists
2023-01-10 11:30:19,371 - INFO - <module> : Meralco would like to access your location to identify if your area is affected by an outage. exists
2023-01-10 11:30:19,371 - INFO - <module> : Meralco would like to access your location to identify if your area is affected by an outage. exists
2023-01-10 11:30:19,371 - INFO - <module> : Meralco would like to access your location to identify if your area is affected by an outage. exists
2023-01-10 11:30:21,472 - INFO - <module> : Clicked
2023-01-10 11:30:21,472 - INFO - <module> : Clicked
2023-01-10 11:30:21,472 - INFO - <module> : Clicked
2023-01-10 11:30:21,472 - INFO - <module> : Clicked
2023-01-10 11:30:21,472 - INFO - <module> : Clicked
2023-01-10 11:30:25,557 - INFO - <module> : Clicked
2023-01-10 11:30:25,557 - INFO - <module> : Clicked
2023-01-10 11:30:25,557 - INFO - <module> : Clicked
2023-01-10 11:30:25,557 - INFO - <module> : Clicked
2023-01-10 11:30:25,557 - INFO - <module> : Clicked
2023-01-10 11:30:33,618 - INFO - <module> : Report an Outage or Incident exists
2023-01-10 11:30:33,618 - INFO - <module> : Report an Outage or Incident exists
2023-01-10 11:30:33,618 - INFO - <module> : Report an Outage or Incident exists
2023-01-10 11:30:33,618 - INFO - <module> : Report an Outage or Incident exists
2023-01-10 11:30:33,618 - INFO - <module> : Report an Outage or Incident exists
2023-01-10 11:30:33,671 - INFO - <module> : Clicked
2023-01-10 11:30:33,671 - INFO - <module> : Clicked
2023-01-10 11:30:33,671 - INFO - <module> : Clicked
2023-01-10 11:30:33,671 - INFO - <module> : Clicked
2023-01-10 11:30:33,671 - INFO - <module> : Clicked
2023-01-10 11:30:36,559 - INFO - <module> : Populate required fields > click Submit
2023-01-10 11:30:36,559 - INFO - <module> : Populate required fields > click Submit
2023-01-10 11:30:36,559 - INFO - <module> : Populate required fields > click Submit
2023-01-10 11:30:36,559 - INFO - <module> : Populate required fields > click Submit
2023-01-10 11:30:36,559 - INFO - <module> : Populate required fields > click Submit
2023-01-10 11:30:36,624 - INFO - <module> : Clicked
2023-01-10 11:30:36,624 - INFO - <module> : Clicked
2023-01-10 11:30:36,624 - INFO - <module> : Clicked
2023-01-10 11:30:36,624 - INFO - <module> : Clicked
2023-01-10 11:30:36,624 - INFO - <module> : Clicked
2023-01-10 11:30:36,675 - INFO - <module> : Clicked
2023-01-10 11:30:36,675 - INFO - <module> : Clicked
2023-01-10 11:30:36,675 - INFO - <module> : Clicked
2023-01-10 11:30:36,675 - INFO - <module> : Clicked
2023-01-10 11:30:36,675 - INFO - <module> : Clicked
2023-01-10 11:30:37,248 - INFO - <module> : Clicked
2023-01-10 11:30:37,248 - INFO - <module> : Clicked
2023-01-10 11:30:37,248 - INFO - <module> : Clicked
2023-01-10 11:30:37,248 - INFO - <module> : Clicked
2023-01-10 11:30:37,248 - INFO - <module> : Clicked
2023-01-10 11:30:37,815 - INFO - <module> : Clicked
2023-01-10 11:30:37,815 - INFO - <module> : Clicked
2023-01-10 11:30:37,815 - INFO - <module> : Clicked
2023-01-10 11:30:37,815 - INFO - <module> : Clicked
2023-01-10 11:30:37,815 - INFO - <module> : Clicked
2023-01-10 11:30:38,392 - INFO - <module> : Clicked
2023-01-10 11:30:38,392 - INFO - <module> : Clicked
2023-01-10 11:30:38,392 - INFO - <module> : Clicked
2023-01-10 11:30:38,392 - INFO - <module> : Clicked
2023-01-10 11:30:38,392 - INFO - <module> : Clicked
2023-01-10 11:30:38,967 - INFO - <module> : Clicked
2023-01-10 11:30:38,967 - INFO - <module> : Clicked
2023-01-10 11:30:38,967 - INFO - <module> : Clicked
2023-01-10 11:30:38,967 - INFO - <module> : Clicked
2023-01-10 11:30:38,967 - INFO - <module> : Clicked
2023-01-10 11:30:39,040 - INFO - <module> : input: 123
2023-01-10 11:30:39,040 - INFO - <module> : input: 123
2023-01-10 11:30:39,040 - INFO - <module> : input: 123
2023-01-10 11:30:39,040 - INFO - <module> : input: 123
2023-01-10 11:30:39,040 - INFO - <module> : input: 123
2023-01-10 11:30:39,097 - INFO - <module> : Clicked
2023-01-10 11:30:39,097 - INFO - <module> : Clicked
2023-01-10 11:30:39,097 - INFO - <module> : Clicked
2023-01-10 11:30:39,097 - INFO - <module> : Clicked
2023-01-10 11:30:39,097 - INFO - <module> : Clicked
2023-01-10 11:30:39,138 - INFO - <module> : Clicked
2023-01-10 11:30:39,138 - INFO - <module> : Clicked
2023-01-10 11:30:39,138 - INFO - <module> : Clicked
2023-01-10 11:30:39,138 - INFO - <module> : Clicked
2023-01-10 11:30:39,138 - INFO - <module> : Clicked
2023-01-10 11:30:39,241 - INFO - <module> : input: Sample Text
2023-01-10 11:30:39,241 - INFO - <module> : input: Sample Text
2023-01-10 11:30:39,241 - INFO - <module> : input: Sample Text
2023-01-10 11:30:39,241 - INFO - <module> : input: Sample Text
2023-01-10 11:30:39,241 - INFO - <module> : input: Sample Text
2023-01-10 11:30:39,326 - INFO - <module> : input: sample
2023-01-10 11:30:39,326 - INFO - <module> : input: sample
2023-01-10 11:30:39,326 - INFO - <module> : input: sample
2023-01-10 11:30:39,326 - INFO - <module> : input: sample
2023-01-10 11:30:39,326 - INFO - <module> : input: sample
2023-01-10 11:30:39,405 - INFO - <module> : input: middle
2023-01-10 11:30:39,405 - INFO - <module> : input: middle
2023-01-10 11:30:39,405 - INFO - <module> : input: middle
2023-01-10 11:30:39,405 - INFO - <module> : input: middle
2023-01-10 11:30:39,405 - INFO - <module> : input: middle
2023-01-10 11:30:39,465 - INFO - <module> : input: report
2023-01-10 11:30:39,465 - INFO - <module> : input: report
2023-01-10 11:30:39,465 - INFO - <module> : input: report
2023-01-10 11:30:39,465 - INFO - <module> : input: report
2023-01-10 11:30:39,465 - INFO - <module> : input: report
2023-01-10 11:30:39,537 - INFO - <module> : input: +639276597262
2023-01-10 11:30:39,537 - INFO - <module> : input: +639276597262
2023-01-10 11:30:39,537 - INFO - <module> : input: +639276597262
2023-01-10 11:30:39,537 - INFO - <module> : input: +639276597262
2023-01-10 11:30:39,537 - INFO - <module> : input: +639276597262
2023-01-10 11:30:39,593 - INFO - <module> : input: 
2023-01-10 11:30:39,593 - INFO - <module> : input: 
2023-01-10 11:30:39,593 - INFO - <module> : input: 
2023-01-10 11:30:39,593 - INFO - <module> : input: 
2023-01-10 11:30:39,593 - INFO - <module> : input: 
2023-01-10 11:30:39,681 - INFO - <module> : input: testautomationoutage@yopmail.com
2023-01-10 11:30:39,681 - INFO - <module> : input: testautomationoutage@yopmail.com
2023-01-10 11:30:39,681 - INFO - <module> : input: testautomationoutage@yopmail.com
2023-01-10 11:30:39,681 - INFO - <module> : input: testautomationoutage@yopmail.com
2023-01-10 11:30:39,681 - INFO - <module> : input: testautomationoutage@yopmail.com
2023-01-10 11:30:39,726 - INFO - <module> : Clicked
2023-01-10 11:30:39,726 - INFO - <module> : Clicked
2023-01-10 11:30:39,726 - INFO - <module> : Clicked
2023-01-10 11:30:39,726 - INFO - <module> : Clicked
2023-01-10 11:30:39,726 - INFO - <module> : Clicked
2023-01-10 11:30:39,783 - INFO - <module> : Clicked
2023-01-10 11:30:39,783 - INFO - <module> : Clicked
2023-01-10 11:30:39,783 - INFO - <module> : Clicked
2023-01-10 11:30:39,783 - INFO - <module> : Clicked
2023-01-10 11:30:39,783 - INFO - <module> : Clicked
2023-01-10 11:30:39,862 - INFO - <module> : Clicked
2023-01-10 11:30:39,862 - INFO - <module> : Clicked
2023-01-10 11:30:39,862 - INFO - <module> : Clicked
2023-01-10 11:30:39,862 - INFO - <module> : Clicked
2023-01-10 11:30:39,862 - INFO - <module> : Clicked
2023-01-10 11:30:39,924 - INFO - <module> : Clicked
2023-01-10 11:30:39,924 - INFO - <module> : Clicked
2023-01-10 11:30:39,924 - INFO - <module> : Clicked
2023-01-10 11:30:39,924 - INFO - <module> : Clicked
2023-01-10 11:30:39,924 - INFO - <module> : Clicked
2023-01-10 11:30:48,172 - INFO - setup : Close Browser
