2022-10-18 16:26:10,442 - INFO - setup : Browser Launched!
2022-10-18 16:26:20,064 - INFO - <module> : Login to Meralco Online
2022-10-18 16:26:20,064 - INFO - <module> : Login to Meralco Online
2022-10-18 16:26:20,064 - INFO - <module> : Login to Meralco Online
2022-10-18 16:26:20,064 - INFO - <module> : Login to Meralco Online
2022-10-18 16:26:20,196 - INFO - <module> : input: atmooutageaccount@yopmail.com
2022-10-18 16:26:20,196 - INFO - <module> : input: atmooutageaccount@yopmail.com
2022-10-18 16:26:20,196 - INFO - <module> : input: atmooutageaccount@yopmail.com
2022-10-18 16:26:20,196 - INFO - <module> : input: atmooutageaccount@yopmail.com
2022-10-18 16:26:20,271 - INFO - <module> : input: Meralco01
2022-10-18 16:26:20,271 - INFO - <module> : input: Meralco01
2022-10-18 16:26:20,271 - INFO - <module> : input: Meralco01
2022-10-18 16:26:20,271 - INFO - <module> : input: Meralco01
2022-10-18 16:26:20,319 - INFO - <module> : Clicked
2022-10-18 16:26:20,319 - INFO - <module> : Clicked
2022-10-18 16:26:20,319 - INFO - <module> : Clicked
2022-10-18 16:26:20,319 - INFO - <module> : Clicked
2022-10-18 16:26:25,439 - INFO - <module> : Hello, exists
2022-10-18 16:26:25,439 - INFO - <module> : Hello, exists
2022-10-18 16:26:25,439 - INFO - <module> : Hello, exists
2022-10-18 16:26:25,439 - INFO - <module> : Hello, exists
2022-10-18 16:26:25,457 - INFO - <module> : Hello, exists
2022-10-18 16:26:25,457 - INFO - <module> : Hello, exists
2022-10-18 16:26:25,457 - INFO - <module> : Hello, exists
2022-10-18 16:26:25,457 - INFO - <module> : Hello, exists
2022-10-18 16:26:28,288 - INFO - <module> : Go to Outages & Incidents > View/Report Outages
2022-10-18 16:26:28,288 - INFO - <module> : Go to Outages & Incidents > View/Report Outages
2022-10-18 16:26:28,288 - INFO - <module> : Go to Outages & Incidents > View/Report Outages
2022-10-18 16:26:28,288 - INFO - <module> : Go to Outages & Incidents > View/Report Outages
2022-10-18 16:26:28,345 - INFO - <module> : Clicked
2022-10-18 16:26:28,345 - INFO - <module> : Clicked
2022-10-18 16:26:28,345 - INFO - <module> : Clicked
2022-10-18 16:26:28,345 - INFO - <module> : Clicked
2022-10-18 16:26:28,405 - INFO - <module> :  clicked
2022-10-18 16:26:28,405 - INFO - <module> :  clicked
2022-10-18 16:26:28,405 - INFO - <module> :  clicked
2022-10-18 16:26:28,405 - INFO - <module> :  clicked
2022-10-18 16:26:37,783 - INFO - <module> : Okay clicked
2022-10-18 16:26:37,783 - INFO - <module> : Okay clicked
2022-10-18 16:26:37,783 - INFO - <module> : Okay clicked
2022-10-18 16:26:37,783 - INFO - <module> : Okay clicked
2022-10-18 16:26:40,901 - INFO - <module> : Tick Address on View Outages by
2022-10-18 16:26:40,901 - INFO - <module> : Tick Address on View Outages by
2022-10-18 16:26:40,901 - INFO - <module> : Tick Address on View Outages by
2022-10-18 16:26:40,901 - INFO - <module> : Tick Address on View Outages by
2022-10-18 16:26:41,038 - INFO - <module> : Clicked
2022-10-18 16:26:41,038 - INFO - <module> : Clicked
2022-10-18 16:26:41,038 - INFO - <module> : Clicked
2022-10-18 16:26:41,038 - INFO - <module> : Clicked
2022-10-18 16:26:43,934 - INFO - <module> : Hover on tooltip beside Other Address
2022-10-18 16:26:43,934 - INFO - <module> : Hover on tooltip beside Other Address
2022-10-18 16:26:43,934 - INFO - <module> : Hover on tooltip beside Other Address
2022-10-18 16:26:43,934 - INFO - <module> : Hover on tooltip beside Other Address
2022-10-18 16:26:47,062 - INFO - <module> : Clicked
2022-10-18 16:26:47,062 - INFO - <module> : Clicked
2022-10-18 16:26:47,062 - INFO - <module> : Clicked
2022-10-18 16:26:47,062 - INFO - <module> : Clicked
2022-10-18 16:26:55,532 - INFO - setup : Close Browser
