2022-10-17 08:55:28,021 - INFO - setup : Browser Launched!
2022-10-17 08:55:37,515 - INFO - <module> : Go to https://fuat-meralco.cs73.force.com/customers/s/outagemap
2022-10-17 08:55:37,515 - INFO - <module> : Go to https://fuat-meralco.cs73.force.com/customers/s/outagemap
2022-10-17 08:55:37,515 - INFO - <module> : Go to https://fuat-meralco.cs73.force.com/customers/s/outagemap
2022-10-17 08:55:37,515 - INFO - <module> : Go to https://fuat-meralco.cs73.force.com/customers/s/outagemap
2022-10-17 08:55:41,874 - INFO - <module> : Opened: https://fuat-meralco.cs73.force.com/customers/s/outagemap
2022-10-17 08:55:41,874 - INFO - <module> : Opened: https://fuat-meralco.cs73.force.com/customers/s/outagemap
2022-10-17 08:55:41,874 - INFO - <module> : Opened: https://fuat-meralco.cs73.force.com/customers/s/outagemap
2022-10-17 08:55:41,874 - INFO - <module> : Opened: https://fuat-meralco.cs73.force.com/customers/s/outagemap
2022-10-17 08:55:45,424 - INFO - <module> : Disagree clicked
2022-10-17 08:55:45,424 - INFO - <module> : Disagree clicked
2022-10-17 08:55:45,424 - INFO - <module> : Disagree clicked
2022-10-17 08:55:45,424 - INFO - <module> : Disagree clicked
2022-10-17 08:55:52,523 - INFO - <module> : Click down button beside Legends
2022-10-17 08:55:52,523 - INFO - <module> : Click down button beside Legends
2022-10-17 08:55:52,523 - INFO - <module> : Click down button beside Legends
2022-10-17 08:55:52,523 - INFO - <module> : Click down button beside Legends
2022-10-17 08:55:52,646 - INFO - <module> : expand_less clicked
2022-10-17 08:55:52,646 - INFO - <module> : expand_less clicked
2022-10-17 08:55:52,646 - INFO - <module> : expand_less clicked
2022-10-17 08:55:52,646 - INFO - <module> : expand_less clicked
2022-10-17 08:55:53,210 - INFO - <module> : Unplanned Outage exists
2022-10-17 08:55:53,210 - INFO - <module> : Unplanned Outage exists
2022-10-17 08:55:53,210 - INFO - <module> : Unplanned Outage exists
2022-10-17 08:55:53,210 - INFO - <module> : Unplanned Outage exists
2022-10-17 08:55:53,255 - INFO - <module> : Planned Outage exists
2022-10-17 08:55:53,255 - INFO - <module> : Planned Outage exists
2022-10-17 08:55:53,255 - INFO - <module> : Planned Outage exists
2022-10-17 08:55:53,255 - INFO - <module> : Planned Outage exists
2022-10-17 08:55:55,969 - INFO - setup : Close Browser
