2022-10-20 13:30:35,573 - INFO - setup : Browser Launched!
2022-10-20 13:30:48,454 - INFO - <module> : Access outage reporting form for Guest users.
2022-10-20 13:30:48,454 - INFO - <module> : Access outage reporting form for Guest users.
2022-10-20 13:30:48,454 - INFO - <module> : Access outage reporting form for Guest users.
2022-10-20 13:30:48,454 - INFO - <module> : Access outage reporting form for Guest users.
2022-10-20 13:30:54,558 - INFO - <module> : Opened: https://fuat-meralco.cs73.force.com/customers/s/outagemap
2022-10-20 13:30:54,558 - INFO - <module> : Opened: https://fuat-meralco.cs73.force.com/customers/s/outagemap
2022-10-20 13:30:54,558 - INFO - <module> : Opened: https://fuat-meralco.cs73.force.com/customers/s/outagemap
2022-10-20 13:30:54,558 - INFO - <module> : Opened: https://fuat-meralco.cs73.force.com/customers/s/outagemap
2022-10-20 13:30:58,281 - INFO - <module> : Meralco would like to access your location to identify if your area is affected by an outage. exists
2022-10-20 13:30:58,281 - INFO - <module> : Meralco would like to access your location to identify if your area is affected by an outage. exists
2022-10-20 13:30:58,281 - INFO - <module> : Meralco would like to access your location to identify if your area is affected by an outage. exists
2022-10-20 13:30:58,281 - INFO - <module> : Meralco would like to access your location to identify if your area is affected by an outage. exists
2022-10-20 13:31:00,547 - INFO - <module> : Clicked
2022-10-20 13:31:00,547 - INFO - <module> : Clicked
2022-10-20 13:31:00,547 - INFO - <module> : Clicked
2022-10-20 13:31:00,547 - INFO - <module> : Clicked
2022-10-20 13:31:04,813 - INFO - <module> : Clicked
2022-10-20 13:31:04,813 - INFO - <module> : Clicked
2022-10-20 13:31:04,813 - INFO - <module> : Clicked
2022-10-20 13:31:04,813 - INFO - <module> : Clicked
2022-10-20 13:31:12,948 - INFO - <module> : Report an Outage or Incident exists
2022-10-20 13:31:12,948 - INFO - <module> : Report an Outage or Incident exists
2022-10-20 13:31:12,948 - INFO - <module> : Report an Outage or Incident exists
2022-10-20 13:31:12,948 - INFO - <module> : Report an Outage or Incident exists
2022-10-20 13:31:18,234 - INFO - <module> : Choose 'Streetlight Concern' from the 'What are you reporting?' option.
2022-10-20 13:31:18,234 - INFO - <module> : Choose 'Streetlight Concern' from the 'What are you reporting?' option.
2022-10-20 13:31:18,234 - INFO - <module> : Choose 'Streetlight Concern' from the 'What are you reporting?' option.
2022-10-20 13:31:18,234 - INFO - <module> : Choose 'Streetlight Concern' from the 'What are you reporting?' option.
2022-10-20 13:31:18,559 - INFO - <module> : Clicked
2022-10-20 13:31:18,559 - INFO - <module> : Clicked
2022-10-20 13:31:18,559 - INFO - <module> : Clicked
2022-10-20 13:31:18,559 - INFO - <module> : Clicked
2022-10-20 13:31:23,863 - INFO - <module> : Choose 'Yes' from the options.
2022-10-20 13:31:23,863 - INFO - <module> : Choose 'Yes' from the options.
2022-10-20 13:31:23,863 - INFO - <module> : Choose 'Yes' from the options.
2022-10-20 13:31:23,863 - INFO - <module> : Choose 'Yes' from the options.
2022-10-20 13:31:24,127 - INFO - <module> : Clicked
2022-10-20 13:31:24,127 - INFO - <module> : Clicked
2022-10-20 13:31:24,127 - INFO - <module> : Clicked
2022-10-20 13:31:24,127 - INFO - <module> : Clicked
2022-10-20 13:31:29,326 - INFO - <module> : Click the dropdown field for Q2.
2022-10-20 13:31:29,326 - INFO - <module> : Click the dropdown field for Q2.
2022-10-20 13:31:29,326 - INFO - <module> : Click the dropdown field for Q2.
2022-10-20 13:31:29,326 - INFO - <module> : Click the dropdown field for Q2.
2022-10-20 13:31:29,619 - INFO - <module> : Clicked
2022-10-20 13:31:29,619 - INFO - <module> : Clicked
2022-10-20 13:31:29,619 - INFO - <module> : Clicked
2022-10-20 13:31:29,619 - INFO - <module> : Clicked
2022-10-20 13:31:34,910 - INFO - <module> : Choose 'Streetlight is always on, even during daytime' from the option.
2022-10-20 13:31:34,910 - INFO - <module> : Choose 'Streetlight is always on, even during daytime' from the option.
2022-10-20 13:31:34,910 - INFO - <module> : Choose 'Streetlight is always on, even during daytime' from the option.
2022-10-20 13:31:34,910 - INFO - <module> : Choose 'Streetlight is always on, even during daytime' from the option.
2022-10-20 13:31:35,184 - INFO - <module> : Clicked
2022-10-20 13:31:35,184 - INFO - <module> : Clicked
2022-10-20 13:31:35,184 - INFO - <module> : Clicked
2022-10-20 13:31:35,184 - INFO - <module> : Clicked
2022-10-20 13:31:40,512 - INFO - <module> : Populate the following fields by selecting from one of the picklist values, as applicable:
- Province
- City/Municipality
- Barangay
- Subdivision
- Street
- House/Unit No./ Floor/ Building
2022-10-20 13:31:40,512 - INFO - <module> : Populate the following fields by selecting from one of the picklist values, as applicable:
- Province
- City/Municipality
- Barangay
- Subdivision
- Street
- House/Unit No./ Floor/ Building
2022-10-20 13:31:40,512 - INFO - <module> : Populate the following fields by selecting from one of the picklist values, as applicable:
- Province
- City/Municipality
- Barangay
- Subdivision
- Street
- House/Unit No./ Floor/ Building
2022-10-20 13:31:40,512 - INFO - <module> : Populate the following fields by selecting from one of the picklist values, as applicable:
- Province
- City/Municipality
- Barangay
- Subdivision
- Street
- House/Unit No./ Floor/ Building
2022-10-20 13:31:40,872 - INFO - <module> : Clicked
2022-10-20 13:31:40,872 - INFO - <module> : Clicked
2022-10-20 13:31:40,872 - INFO - <module> : Clicked
2022-10-20 13:31:40,872 - INFO - <module> : Clicked
2022-10-20 13:31:41,569 - INFO - <module> : Clicked
2022-10-20 13:31:41,569 - INFO - <module> : Clicked
2022-10-20 13:31:41,569 - INFO - <module> : Clicked
2022-10-20 13:31:41,569 - INFO - <module> : Clicked
2022-10-20 13:31:42,261 - INFO - <module> : Clicked
2022-10-20 13:31:42,261 - INFO - <module> : Clicked
2022-10-20 13:31:42,261 - INFO - <module> : Clicked
2022-10-20 13:31:42,261 - INFO - <module> : Clicked
2022-10-20 13:31:42,954 - INFO - <module> : Clicked
2022-10-20 13:31:42,954 - INFO - <module> : Clicked
2022-10-20 13:31:42,954 - INFO - <module> : Clicked
2022-10-20 13:31:42,954 - INFO - <module> : Clicked
2022-10-20 13:31:43,663 - INFO - <module> : Clicked
2022-10-20 13:31:43,663 - INFO - <module> : Clicked
2022-10-20 13:31:43,663 - INFO - <module> : Clicked
2022-10-20 13:31:43,663 - INFO - <module> : Clicked
2022-10-20 13:31:43,945 - INFO - <module> : input: 123
2022-10-20 13:31:43,945 - INFO - <module> : input: 123
2022-10-20 13:31:43,945 - INFO - <module> : input: 123
2022-10-20 13:31:43,945 - INFO - <module> : input: 123
2022-10-20 13:31:48,954 - INFO - <module> : Populate 'Pole Number' field.
Note: There should be no pending case associated to the encoded Pole Number.
2022-10-20 13:31:48,954 - INFO - <module> : Populate 'Pole Number' field.
Note: There should be no pending case associated to the encoded Pole Number.
2022-10-20 13:31:48,954 - INFO - <module> : Populate 'Pole Number' field.
Note: There should be no pending case associated to the encoded Pole Number.
2022-10-20 13:31:48,954 - INFO - <module> : Populate 'Pole Number' field.
Note: There should be no pending case associated to the encoded Pole Number.
2022-10-20 13:31:49,365 - INFO - <module> : input: 33
2022-10-20 13:31:49,365 - INFO - <module> : input: 33
2022-10-20 13:31:49,365 - INFO - <module> : input: 33
2022-10-20 13:31:49,365 - INFO - <module> : input: 33
2022-10-20 13:31:54,528 - INFO - <module> : Select the 'Landmarks/Directions' option and input values in the text box.
2022-10-20 13:31:54,528 - INFO - <module> : Select the 'Landmarks/Directions' option and input values in the text box.
2022-10-20 13:31:54,528 - INFO - <module> : Select the 'Landmarks/Directions' option and input values in the text box.
2022-10-20 13:31:54,528 - INFO - <module> : Select the 'Landmarks/Directions' option and input values in the text box.
2022-10-20 13:31:54,845 - INFO - <module> : Clicked
2022-10-20 13:31:54,845 - INFO - <module> : Clicked
2022-10-20 13:31:54,845 - INFO - <module> : Clicked
2022-10-20 13:31:54,845 - INFO - <module> : Clicked
2022-10-20 13:31:56,353 - INFO - setup : Close Browser
