2022-12-22 11:08:54,748 - INFO - setup : Browser Launched!
2022-12-22 11:09:30,056 - INFO - <module> : Login to Meralco Online
2022-12-22 11:09:30,056 - INFO - <module> : Login to Meralco Online
2022-12-22 11:09:30,056 - INFO - <module> : Login to Meralco Online
2022-12-22 11:09:30,056 - INFO - <module> : Login to Meralco Online
2022-12-22 11:09:33,899 - INFO - <module> : input: ATNewSAMObiz@yopmail.com
2022-12-22 11:09:33,899 - INFO - <module> : input: ATNewSAMObiz@yopmail.com
2022-12-22 11:09:33,899 - INFO - <module> : input: ATNewSAMObiz@yopmail.com
2022-12-22 11:09:33,899 - INFO - <module> : input: ATNewSAMObiz@yopmail.com
2022-12-22 11:09:34,333 - INFO - <module> : input: Meralco01
2022-12-22 11:09:34,333 - INFO - <module> : input: Meralco01
2022-12-22 11:09:34,333 - INFO - <module> : input: Meralco01
2022-12-22 11:09:34,333 - INFO - <module> : input: Meralco01
2022-12-22 11:09:35,212 - INFO - <module> : Clicked
2022-12-22 11:09:35,212 - INFO - <module> : Clicked
2022-12-22 11:09:35,212 - INFO - <module> : Clicked
2022-12-22 11:09:35,212 - INFO - <module> : Clicked
2022-12-22 11:09:41,935 - INFO - <module> : Hello, Atnew exists
2022-12-22 11:09:41,935 - INFO - <module> : Hello, Atnew exists
2022-12-22 11:09:41,935 - INFO - <module> : Hello, Atnew exists
2022-12-22 11:09:41,935 - INFO - <module> : Hello, Atnew exists
2022-12-22 11:09:54,821 - INFO - <module> : Go to Accounts> Manage Accounts
2022-12-22 11:09:54,821 - INFO - <module> : Go to Accounts> Manage Accounts
2022-12-22 11:09:54,821 - INFO - <module> : Go to Accounts> Manage Accounts
2022-12-22 11:09:54,821 - INFO - <module> : Go to Accounts> Manage Accounts
2022-12-22 11:09:54,966 - INFO - <module> : Accounts clicked
2022-12-22 11:09:54,966 - INFO - <module> : Accounts clicked
2022-12-22 11:09:54,966 - INFO - <module> : Accounts clicked
2022-12-22 11:09:54,966 - INFO - <module> : Accounts clicked
2022-12-22 11:09:55,194 - INFO - <module> :  clicked
2022-12-22 11:09:55,194 - INFO - <module> :  clicked
2022-12-22 11:09:55,194 - INFO - <module> :  clicked
2022-12-22 11:09:55,194 - INFO - <module> :  clicked
2022-12-22 11:10:03,311 - INFO - <module> : Search then Select Account > Click Change Contract Details button
2022-12-22 11:10:03,311 - INFO - <module> : Search then Select Account > Click Change Contract Details button
2022-12-22 11:10:03,311 - INFO - <module> : Search then Select Account > Click Change Contract Details button
2022-12-22 11:10:03,311 - INFO - <module> : Search then Select Account > Click Change Contract Details button
2022-12-22 11:10:03,660 - INFO - <module> : Clicked
2022-12-22 11:10:03,660 - INFO - <module> : Clicked
2022-12-22 11:10:03,660 - INFO - <module> : Clicked
2022-12-22 11:10:03,660 - INFO - <module> : Clicked
2022-12-22 11:10:12,290 - INFO - <module> : Clicked
2022-12-22 11:10:12,290 - INFO - <module> : Clicked
2022-12-22 11:10:12,290 - INFO - <module> : Clicked
2022-12-22 11:10:12,290 - INFO - <module> : Clicked
2022-12-22 11:10:17,822 - INFO - <module> : Select Change in Contract Name then populate the following fields:
- Email
- First Name
- Middle Name (Optional)
- Last Name
- Email Address
- Mobile Number
- Telephone Number (Optional)
Click Next
2022-12-22 11:10:17,822 - INFO - <module> : Select Change in Contract Name then populate the following fields:
- Email
- First Name
- Middle Name (Optional)
- Last Name
- Email Address
- Mobile Number
- Telephone Number (Optional)
Click Next
2022-12-22 11:10:17,822 - INFO - <module> : Select Change in Contract Name then populate the following fields:
- Email
- First Name
- Middle Name (Optional)
- Last Name
- Email Address
- Mobile Number
- Telephone Number (Optional)
Click Next
2022-12-22 11:10:17,822 - INFO - <module> : Select Change in Contract Name then populate the following fields:
- Email
- First Name
- Middle Name (Optional)
- Last Name
- Email Address
- Mobile Number
- Telephone Number (Optional)
Click Next
2022-12-22 11:10:18,081 - INFO - <module> : Clicked
2022-12-22 11:10:18,081 - INFO - <module> : Clicked
2022-12-22 11:10:18,081 - INFO - <module> : Clicked
2022-12-22 11:10:18,081 - INFO - <module> : Clicked
2022-12-22 11:10:21,123 - INFO - <module> : Clicked
2022-12-22 11:10:21,123 - INFO - <module> : Clicked
2022-12-22 11:10:21,123 - INFO - <module> : Clicked
2022-12-22 11:10:21,123 - INFO - <module> : Clicked
2022-12-22 11:10:26,668 - INFO - <module> : Populate the following:
Notification indicator
AMC indicator
> Attach documents
> Click Next
2022-12-22 11:10:26,668 - INFO - <module> : Populate the following:
Notification indicator
AMC indicator
> Attach documents
> Click Next
2022-12-22 11:10:26,668 - INFO - <module> : Populate the following:
Notification indicator
AMC indicator
> Attach documents
> Click Next
2022-12-22 11:10:26,668 - INFO - <module> : Populate the following:
Notification indicator
AMC indicator
> Attach documents
> Click Next
2022-12-22 11:10:34,765 - INFO - <module> : Clicked
2022-12-22 11:10:34,765 - INFO - <module> : Clicked
2022-12-22 11:10:34,765 - INFO - <module> : Clicked
2022-12-22 11:10:34,765 - INFO - <module> : Clicked
2022-12-22 11:10:35,348 - INFO - <module> : Tick on I have read and agree to the Meralco Online Terms & Conditions and consent to the processing of my personal data in accordance with the Privacy Policy
2022-12-22 11:10:35,348 - INFO - <module> : Tick on I have read and agree to the Meralco Online Terms & Conditions and consent to the processing of my personal data in accordance with the Privacy Policy
2022-12-22 11:10:35,348 - INFO - <module> : Tick on I have read and agree to the Meralco Online Terms & Conditions and consent to the processing of my personal data in accordance with the Privacy Policy
2022-12-22 11:10:35,348 - INFO - <module> : Tick on I have read and agree to the Meralco Online Terms & Conditions and consent to the processing of my personal data in accordance with the Privacy Policy
2022-12-22 11:10:51,245 - INFO - <module> : Clicked
2022-12-22 11:10:51,245 - INFO - <module> : Clicked
2022-12-22 11:10:51,245 - INFO - <module> : Clicked
2022-12-22 11:10:51,245 - INFO - <module> : Clicked
2022-12-22 11:10:51,803 - INFO - <module> : Click Submit
2022-12-22 11:10:51,803 - INFO - <module> : Click Submit
2022-12-22 11:10:51,803 - INFO - <module> : Click Submit
2022-12-22 11:10:51,803 - INFO - <module> : Click Submit
2022-12-22 11:11:23,829 - INFO - setup : Close Browser
