2022-10-19 10:29:46,814 - INFO - setup : Browser Launched!
2022-10-19 10:29:55,352 - INFO - <module> : Login to Meralco Online
2022-10-19 10:29:55,352 - INFO - <module> : Login to Meralco Online
2022-10-19 10:29:55,352 - INFO - <module> : Login to Meralco Online
2022-10-19 10:29:55,352 - INFO - <module> : Login to Meralco Online
2022-10-19 10:29:55,514 - INFO - <module> : input: atmooutageaccount@yopmail.com
2022-10-19 10:29:55,514 - INFO - <module> : input: atmooutageaccount@yopmail.com
2022-10-19 10:29:55,514 - INFO - <module> : input: atmooutageaccount@yopmail.com
2022-10-19 10:29:55,514 - INFO - <module> : input: atmooutageaccount@yopmail.com
2022-10-19 10:29:55,598 - INFO - <module> : input: Meralco01
2022-10-19 10:29:55,598 - INFO - <module> : input: Meralco01
2022-10-19 10:29:55,598 - INFO - <module> : input: Meralco01
2022-10-19 10:29:55,598 - INFO - <module> : input: Meralco01
2022-10-19 10:29:55,666 - INFO - <module> : Clicked
2022-10-19 10:29:55,666 - INFO - <module> : Clicked
2022-10-19 10:29:55,666 - INFO - <module> : Clicked
2022-10-19 10:29:55,666 - INFO - <module> : Clicked
2022-10-19 10:29:59,734 - INFO - <module> : Hello, exists
2022-10-19 10:29:59,734 - INFO - <module> : Hello, exists
2022-10-19 10:29:59,734 - INFO - <module> : Hello, exists
2022-10-19 10:29:59,734 - INFO - <module> : Hello, exists
2022-10-19 10:29:59,766 - INFO - <module> : Hello, exists
2022-10-19 10:29:59,766 - INFO - <module> : Hello, exists
2022-10-19 10:29:59,766 - INFO - <module> : Hello, exists
2022-10-19 10:29:59,766 - INFO - <module> : Hello, exists
2022-10-19 10:30:02,960 - INFO - <module> : Go to Outages & Incidents > View/Report Outages
2022-10-19 10:30:02,960 - INFO - <module> : Go to Outages & Incidents > View/Report Outages
2022-10-19 10:30:02,960 - INFO - <module> : Go to Outages & Incidents > View/Report Outages
2022-10-19 10:30:02,960 - INFO - <module> : Go to Outages & Incidents > View/Report Outages
2022-10-19 10:30:03,038 - INFO - <module> : Clicked
2022-10-19 10:30:03,038 - INFO - <module> : Clicked
2022-10-19 10:30:03,038 - INFO - <module> : Clicked
2022-10-19 10:30:03,038 - INFO - <module> : Clicked
2022-10-19 10:30:03,108 - INFO - <module> :  clicked
2022-10-19 10:30:03,108 - INFO - <module> :  clicked
2022-10-19 10:30:03,108 - INFO - <module> :  clicked
2022-10-19 10:30:03,108 - INFO - <module> :  clicked
2022-10-19 10:30:20,488 - INFO - <module> : Okay clicked
2022-10-19 10:30:20,488 - INFO - <module> : Okay clicked
2022-10-19 10:30:20,488 - INFO - <module> : Okay clicked
2022-10-19 10:30:20,488 - INFO - <module> : Okay clicked
2022-10-19 10:30:23,701 - INFO - <module> : Click on Map Views button > Click Meralco Business Center under Map Layers
2022-10-19 10:30:23,701 - INFO - <module> : Click on Map Views button > Click Meralco Business Center under Map Layers
2022-10-19 10:30:23,701 - INFO - <module> : Click on Map Views button > Click Meralco Business Center under Map Layers
2022-10-19 10:30:23,701 - INFO - <module> : Click on Map Views button > Click Meralco Business Center under Map Layers
2022-10-19 10:30:23,823 - INFO - <module> : Clicked
2022-10-19 10:30:23,823 - INFO - <module> : Clicked
2022-10-19 10:30:23,823 - INFO - <module> : Clicked
2022-10-19 10:30:23,823 - INFO - <module> : Clicked
2022-10-19 10:30:56,332 - ERROR - <module> : Cannot Locate: meralcoicon
2022-10-19 10:30:56,332 - ERROR - <module> : Cannot Locate: meralcoicon
2022-10-19 10:30:56,332 - ERROR - <module> : Cannot Locate: meralcoicon
2022-10-19 10:30:56,332 - ERROR - <module> : Cannot Locate: meralcoicon
2022-10-19 10:30:56,393 - INFO - setup : Close Browser
