2022-12-21 17:29:02,160 - INFO - setup : Browser Launched!
2022-12-21 17:29:49,191 - INFO - <module> : Login to Meralco Online
2022-12-21 17:29:49,191 - INFO - <module> : Login to Meralco Online
2022-12-21 17:29:49,191 - INFO - <module> : Login to Meralco Online
2022-12-21 17:29:49,191 - INFO - <module> : Login to Meralco Online
2022-12-21 17:29:53,001 - INFO - <module> : input: ATNewSAMObiz@yopmail.com
2022-12-21 17:29:53,001 - INFO - <module> : input: ATNewSAMObiz@yopmail.com
2022-12-21 17:29:53,001 - INFO - <module> : input: ATNewSAMObiz@yopmail.com
2022-12-21 17:29:53,001 - INFO - <module> : input: ATNewSAMObiz@yopmail.com
2022-12-21 17:29:53,403 - INFO - <module> : input: Meralco01
2022-12-21 17:29:53,403 - INFO - <module> : input: Meralco01
2022-12-21 17:29:53,403 - INFO - <module> : input: Meralco01
2022-12-21 17:29:53,403 - INFO - <module> : input: Meralco01
2022-12-21 17:29:54,470 - INFO - <module> : Clicked
2022-12-21 17:29:54,470 - INFO - <module> : Clicked
2022-12-21 17:29:54,470 - INFO - <module> : Clicked
2022-12-21 17:29:54,470 - INFO - <module> : Clicked
2022-12-21 17:30:00,137 - INFO - <module> : Hello, exists
2022-12-21 17:30:00,137 - INFO - <module> : Hello, exists
2022-12-21 17:30:00,137 - INFO - <module> : Hello, exists
2022-12-21 17:30:00,137 - INFO - <module> : Hello, exists
2022-12-21 17:30:13,151 - INFO - <module> : Click on Request for a Service tile
2022-12-21 17:30:13,151 - INFO - <module> : Click on Request for a Service tile
2022-12-21 17:30:13,151 - INFO - <module> : Click on Request for a Service tile
2022-12-21 17:30:13,151 - INFO - <module> : Click on Request for a Service tile
2022-12-21 17:30:16,550 - INFO - <module> : Clicked
2022-12-21 17:30:16,550 - INFO - <module> : Clicked
2022-12-21 17:30:16,550 - INFO - <module> : Clicked
2022-12-21 17:30:16,550 - INFO - <module> : Clicked
2022-12-21 17:30:21,842 - INFO - <module> :  clicked
2022-12-21 17:30:21,842 - INFO - <module> :  clicked
2022-12-21 17:30:21,842 - INFO - <module> :  clicked
2022-12-21 17:30:21,842 - INFO - <module> :  clicked
2022-12-21 17:30:27,419 - INFO - <module> : Populate all required fields in Contact Information tab > Click Next
2022-12-21 17:30:27,419 - INFO - <module> : Populate all required fields in Contact Information tab > Click Next
2022-12-21 17:30:27,419 - INFO - <module> : Populate all required fields in Contact Information tab > Click Next
2022-12-21 17:30:27,419 - INFO - <module> : Populate all required fields in Contact Information tab > Click Next
2022-12-21 17:30:35,354 - INFO - <module> : Clicked
2022-12-21 17:30:35,354 - INFO - <module> : Clicked
2022-12-21 17:30:35,354 - INFO - <module> : Clicked
2022-12-21 17:30:35,354 - INFO - <module> : Clicked
2022-12-21 17:30:41,012 - INFO - <module> : Populate the following:
Service Address
Province
City / Municipality
Home Ownership
Billing Address Indicator
2022-12-21 17:30:41,012 - INFO - <module> : Populate the following:
Service Address
Province
City / Municipality
Home Ownership
Billing Address Indicator
2022-12-21 17:30:41,012 - INFO - <module> : Populate the following:
Service Address
Province
City / Municipality
Home Ownership
Billing Address Indicator
2022-12-21 17:30:41,012 - INFO - <module> : Populate the following:
Service Address
Province
City / Municipality
Home Ownership
Billing Address Indicator
2022-12-21 17:30:41,425 - INFO - <module> : input: 123 Santo Tomas
2022-12-21 17:30:41,425 - INFO - <module> : input: 123 Santo Tomas
2022-12-21 17:30:41,425 - INFO - <module> : input: 123 Santo Tomas
2022-12-21 17:30:41,425 - INFO - <module> : input: 123 Santo Tomas
2022-12-21 17:30:44,609 - INFO - <module> : Clicked
2022-12-21 17:30:44,609 - INFO - <module> : Clicked
2022-12-21 17:30:44,609 - INFO - <module> : Clicked
2022-12-21 17:30:44,609 - INFO - <module> : Clicked
2022-12-21 17:30:50,167 - INFO - <module> : Populate the following:
Notification indicator
AMC indicator
Paperless Billing indicator
APA indicator
> Attach documents
> Click Next
2022-12-21 17:30:50,167 - INFO - <module> : Populate the following:
Notification indicator
AMC indicator
Paperless Billing indicator
APA indicator
> Attach documents
> Click Next
2022-12-21 17:30:50,167 - INFO - <module> : Populate the following:
Notification indicator
AMC indicator
Paperless Billing indicator
APA indicator
> Attach documents
> Click Next
2022-12-21 17:30:50,167 - INFO - <module> : Populate the following:
Notification indicator
AMC indicator
Paperless Billing indicator
APA indicator
> Attach documents
> Click Next
2022-12-21 17:30:52,918 - INFO - <module> : Clicked
2022-12-21 17:30:52,918 - INFO - <module> : Clicked
2022-12-21 17:30:52,918 - INFO - <module> : Clicked
2022-12-21 17:30:52,918 - INFO - <module> : Clicked
2022-12-21 17:30:58,446 - INFO - <module> : Tick on I have read and agree to the Meralco Online Terms & Conditions and consent to the processing of my personal data in accordance with the Privacy Policy
2022-12-21 17:30:58,446 - INFO - <module> : Tick on I have read and agree to the Meralco Online Terms & Conditions and consent to the processing of my personal data in accordance with the Privacy Policy
2022-12-21 17:30:58,446 - INFO - <module> : Tick on I have read and agree to the Meralco Online Terms & Conditions and consent to the processing of my personal data in accordance with the Privacy Policy
2022-12-21 17:30:58,446 - INFO - <module> : Tick on I have read and agree to the Meralco Online Terms & Conditions and consent to the processing of my personal data in accordance with the Privacy Policy
2022-12-21 17:31:06,358 - INFO - setup : Close Browser
