2023-01-09 09:48:43,577 - INFO - setup : Browser Launched!
2023-01-09 09:49:15,156 - INFO - <module> : Opened: https://meralco--fuat.lightning.force.com/lightning/page/home
2023-01-09 09:49:15,156 - INFO - <module> : Opened: https://meralco--fuat.lightning.force.com/lightning/page/home
2023-01-09 09:49:15,156 - INFO - <module> : Opened: https://meralco--fuat.lightning.force.com/lightning/page/home
2023-01-09 09:49:15,156 - INFO - <module> : Opened: https://meralco--fuat.lightning.force.com/lightning/page/home
2023-01-09 09:49:16,111 - INFO - <module> : Clicked
2023-01-09 09:49:16,111 - INFO - <module> : Clicked
2023-01-09 09:49:16,111 - INFO - <module> : Clicked
2023-01-09 09:49:16,111 - INFO - <module> : Clicked
2023-01-09 09:49:24,078 - INFO - <module> : input: v-lvlgalvez@meralco.com.ph
2023-01-09 09:49:24,078 - INFO - <module> : input: v-lvlgalvez@meralco.com.ph
2023-01-09 09:49:24,078 - INFO - <module> : input: v-lvlgalvez@meralco.com.ph
2023-01-09 09:49:24,078 - INFO - <module> : input: v-lvlgalvez@meralco.com.ph
2023-01-09 09:49:24,500 - INFO - <module> : Clicked
2023-01-09 09:49:24,500 - INFO - <module> : Clicked
2023-01-09 09:49:24,500 - INFO - <module> : Clicked
2023-01-09 09:49:24,500 - INFO - <module> : Clicked
2023-01-09 09:49:26,667 - INFO - <module> : input: Mecopass@@!!123
2023-01-09 09:49:26,667 - INFO - <module> : input: Mecopass@@!!123
2023-01-09 09:49:26,667 - INFO - <module> : input: Mecopass@@!!123
2023-01-09 09:49:26,667 - INFO - <module> : input: Mecopass@@!!123
2023-01-09 09:49:29,581 - INFO - <module> : Clicked
2023-01-09 09:49:29,581 - INFO - <module> : Clicked
2023-01-09 09:49:29,581 - INFO - <module> : Clicked
2023-01-09 09:49:29,581 - INFO - <module> : Clicked
2023-01-09 09:49:30,406 - INFO - <module> : Clicked
2023-01-09 09:49:30,406 - INFO - <module> : Clicked
2023-01-09 09:49:30,406 - INFO - <module> : Clicked
2023-01-09 09:49:30,406 - INFO - <module> : Clicked
2023-01-09 09:50:27,261 - INFO - <module> : Clicked
2023-01-09 09:50:27,261 - INFO - <module> : Clicked
2023-01-09 09:50:27,261 - INFO - <module> : Clicked
2023-01-09 09:50:27,261 - INFO - <module> : Clicked
2023-01-09 09:50:39,482 - INFO - <module> : Clicked
2023-01-09 09:50:39,482 - INFO - <module> : Clicked
2023-01-09 09:50:39,482 - INFO - <module> : Clicked
2023-01-09 09:50:39,482 - INFO - <module> : Clicked
2023-01-09 09:50:41,442 - INFO - <module> : input: 22122252189
2023-01-09 09:50:41,442 - INFO - <module> : input: 22122252189
2023-01-09 09:50:41,442 - INFO - <module> : input: 22122252189
2023-01-09 09:50:41,442 - INFO - <module> : input: 22122252189
2023-01-09 09:50:46,335 - INFO - <module> : Clicked
2023-01-09 09:50:46,335 - INFO - <module> : Clicked
2023-01-09 09:50:46,335 - INFO - <module> : Clicked
2023-01-09 09:50:46,335 - INFO - <module> : Clicked
2023-01-09 09:50:47,438 - INFO - <module> : input: Angelo Tafalla
2023-01-09 09:50:47,438 - INFO - <module> : input: Angelo Tafalla
2023-01-09 09:50:47,438 - INFO - <module> : input: Angelo Tafalla
2023-01-09 09:50:47,438 - INFO - <module> : input: Angelo Tafalla
2023-01-09 09:50:47,556 - INFO - setup : Close Browser
