2023-01-04 14:57:51,538 - INFO - setup : Browser Launched!
2023-01-04 14:58:25,530 - INFO - <module> : Opened: https://fuat-meralco.cs73.force.com/customers/s/cxe-apply
2023-01-04 14:58:25,530 - INFO - <module> : Opened: https://fuat-meralco.cs73.force.com/customers/s/cxe-apply
2023-01-04 14:58:25,530 - INFO - <module> : Opened: https://fuat-meralco.cs73.force.com/customers/s/cxe-apply
2023-01-04 14:58:25,530 - INFO - <module> : Opened: https://fuat-meralco.cs73.force.com/customers/s/cxe-apply
2023-01-04 14:58:31,655 - INFO - <module> : Service Application exists
2023-01-04 14:58:31,655 - INFO - <module> : Service Application exists
2023-01-04 14:58:31,655 - INFO - <module> : Service Application exists
2023-01-04 14:58:31,655 - INFO - <module> : Service Application exists
2023-01-04 14:58:35,020 - INFO - <module> : Clicked
2023-01-04 14:58:35,020 - INFO - <module> : Clicked
2023-01-04 14:58:35,020 - INFO - <module> : Clicked
2023-01-04 14:58:35,020 - INFO - <module> : Clicked
2023-01-04 14:58:38,293 - INFO - <module> : Clicked
2023-01-04 14:58:38,293 - INFO - <module> : Clicked
2023-01-04 14:58:38,293 - INFO - <module> : Clicked
2023-01-04 14:58:38,293 - INFO - <module> : Clicked
2023-01-04 14:58:50,840 - INFO - <module> :  clicked
2023-01-04 14:58:50,840 - INFO - <module> :  clicked
2023-01-04 14:58:50,840 - INFO - <module> :  clicked
2023-01-04 14:58:50,840 - INFO - <module> :  clicked
2023-01-04 14:58:56,869 - INFO - <module> : input: automation1
2023-01-04 14:58:56,869 - INFO - <module> : input: automation1
2023-01-04 14:58:56,869 - INFO - <module> : input: automation1
2023-01-04 14:58:56,869 - INFO - <module> : input: automation1
2023-01-04 14:58:57,010 - INFO - <module> : input: +63945113252
2023-01-04 14:58:57,010 - INFO - <module> : input: +63945113252
2023-01-04 14:58:57,010 - INFO - <module> : input: +63945113252
2023-01-04 14:58:57,010 - INFO - <module> : input: +63945113252
2023-01-04 14:58:57,345 - INFO - <module> : input: automation5
2023-01-04 14:58:57,345 - INFO - <module> : input: automation5
2023-01-04 14:58:57,345 - INFO - <module> : input: automation5
2023-01-04 14:58:57,345 - INFO - <module> : input: automation5
2023-01-04 14:58:57,431 - INFO - <module> : input: automation6
2023-01-04 14:58:57,431 - INFO - <module> : input: automation6
2023-01-04 14:58:57,431 - INFO - <module> : input: automation6
2023-01-04 14:58:57,431 - INFO - <module> : input: automation6
2023-01-04 14:58:57,534 - INFO - <module> : input: automation2@yopmail.com
2023-01-04 14:58:57,534 - INFO - <module> : input: automation2@yopmail.com
2023-01-04 14:58:57,534 - INFO - <module> : input: automation2@yopmail.com
2023-01-04 14:58:57,534 - INFO - <module> : input: automation2@yopmail.com
2023-01-04 14:58:57,652 - INFO - <module> : input: +639234567891
2023-01-04 14:58:57,652 - INFO - <module> : input: +639234567891
2023-01-04 14:58:57,652 - INFO - <module> : input: +639234567891
2023-01-04 14:58:57,652 - INFO - <module> : input: +639234567891
2023-01-04 14:58:57,751 - INFO - <module> : input: manager
2023-01-04 14:58:57,751 - INFO - <module> : input: manager
2023-01-04 14:58:57,751 - INFO - <module> : input: manager
2023-01-04 14:58:57,751 - INFO - <module> : input: manager
2023-01-04 14:59:00,109 - INFO - setup : Close Browser
