2022-11-23 15:29:02,319 - INFO - setup : Browser Launched!
2022-11-23 15:29:09,863 - INFO - <module> : Opened: https://fuat-meralco.cs73.force.com/customers/s/cxe-apply
2022-11-23 15:29:09,863 - INFO - <module> : Opened: https://fuat-meralco.cs73.force.com/customers/s/cxe-apply
2022-11-23 15:29:09,863 - INFO - <module> : Opened: https://fuat-meralco.cs73.force.com/customers/s/cxe-apply
2022-11-23 15:29:09,863 - INFO - <module> : Opened: https://fuat-meralco.cs73.force.com/customers/s/cxe-apply
2022-11-23 15:29:11,538 - INFO - <module> : Service Application exists
2022-11-23 15:29:11,538 - INFO - <module> : Service Application exists
2022-11-23 15:29:11,538 - INFO - <module> : Service Application exists
2022-11-23 15:29:11,538 - INFO - <module> : Service Application exists
2022-11-23 15:29:14,644 - INFO - <module> : Clicked
2022-11-23 15:29:14,644 - INFO - <module> : Clicked
2022-11-23 15:29:14,644 - INFO - <module> : Clicked
2022-11-23 15:29:14,644 - INFO - <module> : Clicked
2022-11-23 15:29:14,684 - INFO - <module> : Start Service exists
2022-11-23 15:29:14,684 - INFO - <module> : Start Service exists
2022-11-23 15:29:14,684 - INFO - <module> : Start Service exists
2022-11-23 15:29:14,684 - INFO - <module> : Start Service exists
2022-11-23 15:29:14,729 - INFO - <module> : Modify Service exists
2022-11-23 15:29:14,729 - INFO - <module> : Modify Service exists
2022-11-23 15:29:14,729 - INFO - <module> : Modify Service exists
2022-11-23 15:29:14,729 - INFO - <module> : Modify Service exists
2022-11-23 15:29:14,766 - INFO - <module> : Reactivate Service exists
2022-11-23 15:29:14,766 - INFO - <module> : Reactivate Service exists
2022-11-23 15:29:14,766 - INFO - <module> : Reactivate Service exists
2022-11-23 15:29:14,766 - INFO - <module> : Reactivate Service exists
2022-11-23 15:29:14,809 - INFO - <module> : Stop Service exists
2022-11-23 15:29:14,809 - INFO - <module> : Stop Service exists
2022-11-23 15:29:14,809 - INFO - <module> : Stop Service exists
2022-11-23 15:29:14,809 - INFO - <module> : Stop Service exists
2022-11-23 15:29:17,920 - INFO - <module> : Clicked
2022-11-23 15:29:17,920 - INFO - <module> : Clicked
2022-11-23 15:29:17,920 - INFO - <module> : Clicked
2022-11-23 15:29:17,920 - INFO - <module> : Clicked
2022-11-23 15:29:18,008 - INFO - <module> : Stop Service exists
2022-11-23 15:29:18,008 - INFO - <module> : Stop Service exists
2022-11-23 15:29:18,008 - INFO - <module> : Stop Service exists
2022-11-23 15:29:18,008 - INFO - <module> : Stop Service exists
2022-11-23 15:29:20,958 - INFO - <module> :  exists
2022-11-23 15:29:20,958 - INFO - <module> :  exists
2022-11-23 15:29:20,958 - INFO - <module> :  exists
2022-11-23 15:29:20,958 - INFO - <module> :  exists
2022-11-23 15:29:44,053 - INFO - setup : Close Browser
