2022-10-25 14:49:29,362 - INFO - setup : Browser Launched!
2022-10-25 14:49:45,019 - INFO - <module> : Go to Internal Map 
2022-10-25 14:49:45,019 - INFO - <module> : Go to Internal Map 
2022-10-25 14:49:45,019 - INFO - <module> : Go to Internal Map 
2022-10-25 14:49:45,019 - INFO - <module> : Go to Internal Map 
2022-10-25 14:49:46,926 - INFO - <module> : Opened: https://outage-api.meralco.com.ph/
2022-10-25 14:49:46,926 - INFO - <module> : Opened: https://outage-api.meralco.com.ph/
2022-10-25 14:49:46,926 - INFO - <module> : Opened: https://outage-api.meralco.com.ph/
2022-10-25 14:49:46,926 - INFO - <module> : Opened: https://outage-api.meralco.com.ph/
2022-10-25 14:49:48,331 - INFO - <module> : input: v-lvlgalvez@meralco.com.ph
2022-10-25 14:49:48,331 - INFO - <module> : input: v-lvlgalvez@meralco.com.ph
2022-10-25 14:49:48,331 - INFO - <module> : input: v-lvlgalvez@meralco.com.ph
2022-10-25 14:49:48,331 - INFO - <module> : input: v-lvlgalvez@meralco.com.ph
2022-10-25 14:49:48,505 - INFO - <module> : Clicked
2022-10-25 14:49:48,505 - INFO - <module> : Clicked
2022-10-25 14:49:48,505 - INFO - <module> : Clicked
2022-10-25 14:49:48,505 - INFO - <module> : Clicked
2022-10-25 14:49:50,232 - INFO - <module> : input: Mecopass@@!!129
2022-10-25 14:49:50,232 - INFO - <module> : input: Mecopass@@!!129
2022-10-25 14:49:50,232 - INFO - <module> : input: Mecopass@@!!129
2022-10-25 14:49:50,232 - INFO - <module> : input: Mecopass@@!!129
2022-10-25 14:49:50,958 - INFO - <module> : Clicked
2022-10-25 14:49:50,958 - INFO - <module> : Clicked
2022-10-25 14:49:50,958 - INFO - <module> : Clicked
2022-10-25 14:49:50,958 - INFO - <module> : Clicked
2022-10-25 14:50:19,961 - INFO - <module> : Clicked
2022-10-25 14:50:19,961 - INFO - <module> : Clicked
2022-10-25 14:50:19,961 - INFO - <module> : Clicked
2022-10-25 14:50:19,961 - INFO - <module> : Clicked
2022-10-25 14:50:50,104 - INFO - setup : Close Browser
