2022-10-26 15:46:09,748 - INFO - setup : Browser Launched!
2022-10-26 15:46:17,579 - INFO - <module> : Click on burger menu > Search Locations > Select Service ID No. > Search SIN
2022-10-26 15:46:17,579 - INFO - <module> : Click on burger menu > Search Locations > Select Service ID No. > Search SIN
2022-10-26 15:46:17,579 - INFO - <module> : Click on burger menu > Search Locations > Select Service ID No. > Search SIN
2022-10-26 15:46:17,579 - INFO - <module> : Click on burger menu > Search Locations > Select Service ID No. > Search SIN
2022-10-26 15:46:19,762 - INFO - <module> : Opened: https://outage-api.meralco.com.ph/
2022-10-26 15:46:19,762 - INFO - <module> : Opened: https://outage-api.meralco.com.ph/
2022-10-26 15:46:19,762 - INFO - <module> : Opened: https://outage-api.meralco.com.ph/
2022-10-26 15:46:19,762 - INFO - <module> : Opened: https://outage-api.meralco.com.ph/
2022-10-26 15:46:21,515 - INFO - <module> : input: v-lvlgalvez@meralco.com.ph
2022-10-26 15:46:21,515 - INFO - <module> : input: v-lvlgalvez@meralco.com.ph
2022-10-26 15:46:21,515 - INFO - <module> : input: v-lvlgalvez@meralco.com.ph
2022-10-26 15:46:21,515 - INFO - <module> : input: v-lvlgalvez@meralco.com.ph
2022-10-26 15:46:21,580 - INFO - <module> : Clicked
2022-10-26 15:46:21,580 - INFO - <module> : Clicked
2022-10-26 15:46:21,580 - INFO - <module> : Clicked
2022-10-26 15:46:21,580 - INFO - <module> : Clicked
2022-10-26 15:46:22,678 - INFO - <module> : input: Mecopass@@!!129
2022-10-26 15:46:22,678 - INFO - <module> : input: Mecopass@@!!129
2022-10-26 15:46:22,678 - INFO - <module> : input: Mecopass@@!!129
2022-10-26 15:46:22,678 - INFO - <module> : input: Mecopass@@!!129
2022-10-26 15:46:23,226 - INFO - <module> : Clicked
2022-10-26 15:46:23,226 - INFO - <module> : Clicked
2022-10-26 15:46:23,226 - INFO - <module> : Clicked
2022-10-26 15:46:23,226 - INFO - <module> : Clicked
2022-10-26 15:46:23,837 - INFO - <module> : Clicked
2022-10-26 15:46:23,837 - INFO - <module> : Clicked
2022-10-26 15:46:23,837 - INFO - <module> : Clicked
2022-10-26 15:46:23,837 - INFO - <module> : Clicked
2022-10-26 15:46:53,768 - INFO - <module> : Clicked
2022-10-26 15:46:53,768 - INFO - <module> : Clicked
2022-10-26 15:46:53,768 - INFO - <module> : Clicked
2022-10-26 15:46:53,768 - INFO - <module> : Clicked
2022-10-26 15:46:57,887 - INFO - <module> :  clicked
2022-10-26 15:46:57,887 - INFO - <module> :  clicked
2022-10-26 15:46:57,887 - INFO - <module> :  clicked
2022-10-26 15:46:57,887 - INFO - <module> :  clicked
2022-10-26 15:46:57,947 - INFO - <module> : Search Locations clicked
2022-10-26 15:46:57,947 - INFO - <module> : Search Locations clicked
2022-10-26 15:46:57,947 - INFO - <module> : Search Locations clicked
2022-10-26 15:46:57,947 - INFO - <module> : Search Locations clicked
2022-10-26 15:46:58,001 - INFO - <module> : arrow_drop_down clicked
2022-10-26 15:46:58,001 - INFO - <module> : arrow_drop_down clicked
2022-10-26 15:46:58,001 - INFO - <module> : arrow_drop_down clicked
2022-10-26 15:46:58,001 - INFO - <module> : arrow_drop_down clicked
2022-10-26 15:46:58,047 - INFO - <module> : Service ID No. clicked
2022-10-26 15:46:58,047 - INFO - <module> : Service ID No. clicked
2022-10-26 15:46:58,047 - INFO - <module> : Service ID No. clicked
2022-10-26 15:46:58,047 - INFO - <module> : Service ID No. clicked
2022-10-26 15:46:58,180 - INFO - <module> : input: 200102850101
2022-10-26 15:46:58,180 - INFO - <module> : input: 200102850101
2022-10-26 15:46:58,180 - INFO - <module> : input: 200102850101
2022-10-26 15:46:58,180 - INFO - <module> : input: 200102850101
2022-10-26 15:46:58,237 - INFO - <module> : Enter: 
2022-10-26 15:46:58,237 - INFO - <module> : Enter: 
2022-10-26 15:46:58,237 - INFO - <module> : Enter: 
2022-10-26 15:46:58,237 - INFO - <module> : Enter: 
2022-10-26 15:47:00,601 - INFO - setup : Close Browser
