2023-01-12 12:42:31,659 - INFO - setup : Browser Launched!
2023-01-12 12:43:16,365 - INFO - <module> : Clicked
2023-01-12 12:43:16,365 - INFO - <module> : Clicked
2023-01-12 12:43:16,365 - INFO - <module> : Clicked
2023-01-12 12:43:16,365 - INFO - <module> : Clicked
2023-01-12 12:43:16,365 - INFO - <module> : Clicked
2023-01-12 12:43:23,664 - INFO - <module> : input: tylertesting006@gmail.com
2023-01-12 12:43:23,664 - INFO - <module> : input: tylertesting006@gmail.com
2023-01-12 12:43:23,664 - INFO - <module> : input: tylertesting006@gmail.com
2023-01-12 12:43:23,664 - INFO - <module> : input: tylertesting006@gmail.com
2023-01-12 12:43:23,664 - INFO - <module> : input: tylertesting006@gmail.com
2023-01-12 12:43:24,735 - INFO - <module> : Clicked
2023-01-12 12:43:24,735 - INFO - <module> : Clicked
2023-01-12 12:43:24,735 - INFO - <module> : Clicked
2023-01-12 12:43:24,735 - INFO - <module> : Clicked
2023-01-12 12:43:24,735 - INFO - <module> : Clicked
2023-01-12 12:43:26,461 - INFO - <module> : input: @Dahmer006
2023-01-12 12:43:26,461 - INFO - <module> : input: @Dahmer006
2023-01-12 12:43:26,461 - INFO - <module> : input: @Dahmer006
2023-01-12 12:43:26,461 - INFO - <module> : input: @Dahmer006
2023-01-12 12:43:26,461 - INFO - <module> : input: @Dahmer006
2023-01-12 12:43:26,585 - INFO - <module> : Clicked
2023-01-12 12:43:26,585 - INFO - <module> : Clicked
2023-01-12 12:43:26,585 - INFO - <module> : Clicked
2023-01-12 12:43:26,585 - INFO - <module> : Clicked
2023-01-12 12:43:26,585 - INFO - <module> : Clicked
2023-01-12 12:43:29,661 - INFO - setup : Close Browser
