2022-12-22 14:27:33,503 - INFO - setup : Browser Launched!
2022-12-22 14:27:41,695 - INFO - <module> : Opened: https://fuat-meralco.cs73.force.com/customers/s/cxe-apply
2022-12-22 14:27:41,695 - INFO - <module> : Opened: https://fuat-meralco.cs73.force.com/customers/s/cxe-apply
2022-12-22 14:27:41,695 - INFO - <module> : Opened: https://fuat-meralco.cs73.force.com/customers/s/cxe-apply
2022-12-22 14:27:41,695 - INFO - <module> : Opened: https://fuat-meralco.cs73.force.com/customers/s/cxe-apply
2022-12-22 14:27:43,526 - INFO - <module> : Service Application exists
2022-12-22 14:27:43,526 - INFO - <module> : Service Application exists
2022-12-22 14:27:43,526 - INFO - <module> : Service Application exists
2022-12-22 14:27:43,526 - INFO - <module> : Service Application exists
2022-12-22 14:27:46,837 - INFO - <module> : Clicked
2022-12-22 14:27:46,837 - INFO - <module> : Clicked
2022-12-22 14:27:46,837 - INFO - <module> : Clicked
2022-12-22 14:27:46,837 - INFO - <module> : Clicked
2022-12-22 14:27:46,892 - INFO - <module> : Start Service exists
2022-12-22 14:27:46,892 - INFO - <module> : Start Service exists
2022-12-22 14:27:46,892 - INFO - <module> : Start Service exists
2022-12-22 14:27:46,892 - INFO - <module> : Start Service exists
2022-12-22 14:27:46,946 - INFO - <module> : Modify Service exists
2022-12-22 14:27:46,946 - INFO - <module> : Modify Service exists
2022-12-22 14:27:46,946 - INFO - <module> : Modify Service exists
2022-12-22 14:27:46,946 - INFO - <module> : Modify Service exists
2022-12-22 14:27:46,998 - INFO - <module> : Stop Service exists
2022-12-22 14:27:46,998 - INFO - <module> : Stop Service exists
2022-12-22 14:27:46,998 - INFO - <module> : Stop Service exists
2022-12-22 14:27:46,998 - INFO - <module> : Stop Service exists
2022-12-22 14:27:47,029 - INFO - <module> : Stop Service exists
2022-12-22 14:27:47,029 - INFO - <module> : Stop Service exists
2022-12-22 14:27:47,029 - INFO - <module> : Stop Service exists
2022-12-22 14:27:47,029 - INFO - <module> : Stop Service exists
2022-12-22 14:27:50,326 - INFO - <module> : Clicked
2022-12-22 14:27:50,326 - INFO - <module> : Clicked
2022-12-22 14:27:50,326 - INFO - <module> : Clicked
2022-12-22 14:27:50,326 - INFO - <module> : Clicked
2022-12-22 14:27:50,450 - INFO - <module> : Stop Service exists
2022-12-22 14:27:50,450 - INFO - <module> : Stop Service exists
2022-12-22 14:27:50,450 - INFO - <module> : Stop Service exists
2022-12-22 14:27:50,450 - INFO - <module> : Stop Service exists
2022-12-22 14:28:24,003 - INFO - setup : Close Browser
