2022-10-18 13:45:32,705 - INFO - setup : Browser Launched!
2022-10-18 13:45:51,200 - INFO - <module> : Go to https://fuat-meralco.cs73.force.com/customers/s/outagemap
2022-10-18 13:45:51,200 - INFO - <module> : Go to https://fuat-meralco.cs73.force.com/customers/s/outagemap
2022-10-18 13:45:51,200 - INFO - <module> : Go to https://fuat-meralco.cs73.force.com/customers/s/outagemap
2022-10-18 13:45:51,200 - INFO - <module> : Go to https://fuat-meralco.cs73.force.com/customers/s/outagemap
2022-10-18 13:45:57,146 - INFO - <module> : Opened: https://fuat-meralco.cs73.force.com/customers/s/outagemap
2022-10-18 13:45:57,146 - INFO - <module> : Opened: https://fuat-meralco.cs73.force.com/customers/s/outagemap
2022-10-18 13:45:57,146 - INFO - <module> : Opened: https://fuat-meralco.cs73.force.com/customers/s/outagemap
2022-10-18 13:45:57,146 - INFO - <module> : Opened: https://fuat-meralco.cs73.force.com/customers/s/outagemap
2022-10-18 13:46:03,400 - INFO - <module> : On the left side, hover on tooltip beside Other Address
2022-10-18 13:46:03,400 - INFO - <module> : On the left side, hover on tooltip beside Other Address
2022-10-18 13:46:03,400 - INFO - <module> : On the left side, hover on tooltip beside Other Address
2022-10-18 13:46:03,400 - INFO - <module> : On the left side, hover on tooltip beside Other Address
2022-10-18 13:46:06,692 - INFO - <module> : Meralco would like to access your location to identify if your area is affected by an outage. exists
2022-10-18 13:46:06,692 - INFO - <module> : Meralco would like to access your location to identify if your area is affected by an outage. exists
2022-10-18 13:46:06,692 - INFO - <module> : Meralco would like to access your location to identify if your area is affected by an outage. exists
2022-10-18 13:46:06,692 - INFO - <module> : Meralco would like to access your location to identify if your area is affected by an outage. exists
2022-10-18 13:46:06,921 - INFO - <module> : Clicked
2022-10-18 13:46:06,921 - INFO - <module> : Clicked
2022-10-18 13:46:06,921 - INFO - <module> : Clicked
2022-10-18 13:46:06,921 - INFO - <module> : Clicked
2022-10-18 13:46:14,135 - INFO - setup : Close Browser
