2022-10-13 14:35:57,062 - INFO - setup : Browser Launched!
2022-10-13 14:36:04,284 - INFO - <module> : Go to External Map 
2022-10-13 14:36:04,284 - INFO - <module> : Go to External Map 
2022-10-13 14:36:04,284 - INFO - <module> : Go to External Map 
2022-10-13 14:36:04,284 - INFO - <module> : Go to External Map 
2022-10-13 14:36:04,481 - INFO - <module> : input: atmooutageaccount@yopmail.com
2022-10-13 14:36:04,481 - INFO - <module> : input: atmooutageaccount@yopmail.com
2022-10-13 14:36:04,481 - INFO - <module> : input: atmooutageaccount@yopmail.com
2022-10-13 14:36:04,481 - INFO - <module> : input: atmooutageaccount@yopmail.com
2022-10-13 14:36:04,561 - INFO - <module> : input: Meralco01
2022-10-13 14:36:04,561 - INFO - <module> : input: Meralco01
2022-10-13 14:36:04,561 - INFO - <module> : input: Meralco01
2022-10-13 14:36:04,561 - INFO - <module> : input: Meralco01
2022-10-13 14:36:04,670 - INFO - <module> : Log in clicked
2022-10-13 14:36:04,670 - INFO - <module> : Log in clicked
2022-10-13 14:36:04,670 - INFO - <module> : Log in clicked
2022-10-13 14:36:04,670 - INFO - <module> : Log in clicked
2022-10-13 14:36:08,291 - INFO - <module> : Hello, exists
2022-10-13 14:36:08,291 - INFO - <module> : Hello, exists
2022-10-13 14:36:08,291 - INFO - <module> : Hello, exists
2022-10-13 14:36:08,291 - INFO - <module> : Hello, exists
2022-10-13 14:36:08,310 - INFO - <module> : Hello, exists
2022-10-13 14:36:08,310 - INFO - <module> : Hello, exists
2022-10-13 14:36:08,310 - INFO - <module> : Hello, exists
2022-10-13 14:36:08,310 - INFO - <module> : Hello, exists
2022-10-13 14:36:10,555 - INFO - <module> : Outages & Incidents clicked
2022-10-13 14:36:10,555 - INFO - <module> : Outages & Incidents clicked
2022-10-13 14:36:10,555 - INFO - <module> : Outages & Incidents clicked
2022-10-13 14:36:10,555 - INFO - <module> : Outages & Incidents clicked
2022-10-13 14:36:10,612 - INFO - <module> :  clicked
2022-10-13 14:36:10,612 - INFO - <module> :  clicked
2022-10-13 14:36:10,612 - INFO - <module> :  clicked
2022-10-13 14:36:10,612 - INFO - <module> :  clicked
2022-10-13 14:36:42,274 - INFO - <module> : Okay clicked
2022-10-13 14:36:42,274 - INFO - <module> : Okay clicked
2022-10-13 14:36:42,274 - INFO - <module> : Okay clicked
2022-10-13 14:36:42,274 - INFO - <module> : Okay clicked
2022-10-13 14:36:45,046 - INFO - <module> : Select weather information to be displayed
2022-10-13 14:36:45,046 - INFO - <module> : Select weather information to be displayed
2022-10-13 14:36:45,046 - INFO - <module> : Select weather information to be displayed
2022-10-13 14:36:45,046 - INFO - <module> : Select weather information to be displayed
2022-10-13 14:36:45,167 - INFO - <module> :  clicked
2022-10-13 14:36:45,167 - INFO - <module> :  clicked
2022-10-13 14:36:45,167 - INFO - <module> :  clicked
2022-10-13 14:36:45,167 - INFO - <module> :  clicked
2022-10-13 14:36:47,481 - INFO - <module> :  clicked
2022-10-13 14:36:47,481 - INFO - <module> :  clicked
2022-10-13 14:36:47,481 - INFO - <module> :  clicked
2022-10-13 14:36:47,481 - INFO - <module> :  clicked
2022-10-13 14:36:48,051 - INFO - <module> : close clicked
2022-10-13 14:36:48,051 - INFO - <module> : close clicked
2022-10-13 14:36:48,051 - INFO - <module> : close clicked
2022-10-13 14:36:48,051 - INFO - <module> : close clicked
2022-10-13 14:36:58,153 - INFO - <module> :  clicked
2022-10-13 14:36:58,153 - INFO - <module> :  clicked
2022-10-13 14:36:58,153 - INFO - <module> :  clicked
2022-10-13 14:36:58,153 - INFO - <module> :  clicked
2022-10-13 14:37:01,006 - INFO - <module> : Adjust outage map zoom level to greater than 8
2022-10-13 14:37:01,006 - INFO - <module> : Adjust outage map zoom level to greater than 8
2022-10-13 14:37:01,006 - INFO - <module> : Adjust outage map zoom level to greater than 8
2022-10-13 14:37:01,006 - INFO - <module> : Adjust outage map zoom level to greater than 8
2022-10-13 14:37:01,195 - INFO - <module> : remove clicked
2022-10-13 14:37:01,195 - INFO - <module> : remove clicked
2022-10-13 14:37:01,195 - INFO - <module> : remove clicked
2022-10-13 14:37:01,195 - INFO - <module> : remove clicked
2022-10-13 14:37:01,351 - INFO - <module> : remove clicked
2022-10-13 14:37:01,351 - INFO - <module> : remove clicked
2022-10-13 14:37:01,351 - INFO - <module> : remove clicked
2022-10-13 14:37:01,351 - INFO - <module> : remove clicked
2022-10-13 14:37:01,490 - INFO - <module> : remove clicked
2022-10-13 14:37:01,490 - INFO - <module> : remove clicked
2022-10-13 14:37:01,490 - INFO - <module> : remove clicked
2022-10-13 14:37:01,490 - INFO - <module> : remove clicked
2022-10-13 14:37:01,604 - INFO - <module> : remove clicked
2022-10-13 14:37:01,604 - INFO - <module> : remove clicked
2022-10-13 14:37:01,604 - INFO - <module> : remove clicked
2022-10-13 14:37:01,604 - INFO - <module> : remove clicked
2022-10-13 14:37:01,669 - INFO - <module> : remove clicked
2022-10-13 14:37:01,669 - INFO - <module> : remove clicked
2022-10-13 14:37:01,669 - INFO - <module> : remove clicked
2022-10-13 14:37:01,669 - INFO - <module> : remove clicked
2022-10-13 14:37:01,754 - INFO - <module> : remove clicked
2022-10-13 14:37:01,754 - INFO - <module> : remove clicked
2022-10-13 14:37:01,754 - INFO - <module> : remove clicked
2022-10-13 14:37:01,754 - INFO - <module> : remove clicked
2022-10-13 14:37:02,475 - INFO - <module> : remove clicked
2022-10-13 14:37:02,475 - INFO - <module> : remove clicked
2022-10-13 14:37:02,475 - INFO - <module> : remove clicked
2022-10-13 14:37:02,475 - INFO - <module> : remove clicked
2022-10-13 14:37:02,536 - INFO - <module> : remove clicked
2022-10-13 14:37:02,536 - INFO - <module> : remove clicked
2022-10-13 14:37:02,536 - INFO - <module> : remove clicked
2022-10-13 14:37:02,536 - INFO - <module> : remove clicked
2022-10-13 14:37:05,353 - INFO - <module> : Validate weather icons in Internal Map
2022-10-13 14:37:05,353 - INFO - <module> : Validate weather icons in Internal Map
2022-10-13 14:37:05,353 - INFO - <module> : Validate weather icons in Internal Map
2022-10-13 14:37:05,353 - INFO - <module> : Validate weather icons in Internal Map
2022-10-13 14:37:07,786 - INFO - setup : Close Browser
