2022-11-18 14:16:08,185 - INFO - setup : Browser Launched!
2022-11-18 14:16:17,016 - INFO - <module> : Go to lower right of Internal Map
2022-11-18 14:16:17,016 - INFO - <module> : Go to lower right of Internal Map
2022-11-18 14:16:17,016 - INFO - <module> : Go to lower right of Internal Map
2022-11-18 14:16:17,016 - INFO - <module> : Go to lower right of Internal Map
2022-11-18 14:16:18,324 - INFO - <module> : Opened: https://outage-api.meralco.com.ph/
2022-11-18 14:16:18,324 - INFO - <module> : Opened: https://outage-api.meralco.com.ph/
2022-11-18 14:16:18,324 - INFO - <module> : Opened: https://outage-api.meralco.com.ph/
2022-11-18 14:16:18,324 - INFO - <module> : Opened: https://outage-api.meralco.com.ph/
2022-11-18 14:16:20,084 - INFO - <module> : input: v-agsealmoy@meralco.com.ph
2022-11-18 14:16:20,084 - INFO - <module> : input: v-agsealmoy@meralco.com.ph
2022-11-18 14:16:20,084 - INFO - <module> : input: v-agsealmoy@meralco.com.ph
2022-11-18 14:16:20,084 - INFO - <module> : input: v-agsealmoy@meralco.com.ph
2022-11-18 14:16:20,132 - INFO - <module> : Clicked
2022-11-18 14:16:20,132 - INFO - <module> : Clicked
2022-11-18 14:16:20,132 - INFO - <module> : Clicked
2022-11-18 14:16:20,132 - INFO - <module> : Clicked
2022-11-18 14:16:21,723 - INFO - <module> : input: Meco@@##00018
2022-11-18 14:16:21,723 - INFO - <module> : input: Meco@@##00018
2022-11-18 14:16:21,723 - INFO - <module> : input: Meco@@##00018
2022-11-18 14:16:21,723 - INFO - <module> : input: Meco@@##00018
2022-11-18 14:16:22,164 - INFO - <module> : Clicked
2022-11-18 14:16:22,164 - INFO - <module> : Clicked
2022-11-18 14:16:22,164 - INFO - <module> : Clicked
2022-11-18 14:16:22,164 - INFO - <module> : Clicked
2022-11-18 14:16:22,761 - INFO - <module> : Clicked
2022-11-18 14:16:22,761 - INFO - <module> : Clicked
2022-11-18 14:16:22,761 - INFO - <module> : Clicked
2022-11-18 14:16:22,761 - INFO - <module> : Clicked
2022-11-18 14:16:50,890 - INFO - <module> : Clicked
2022-11-18 14:16:50,890 - INFO - <module> : Clicked
2022-11-18 14:16:50,890 - INFO - <module> : Clicked
2022-11-18 14:16:50,890 - INFO - <module> : Clicked
2022-11-18 14:17:23,727 - INFO - <module> : Go to lower right of Internal Map
2022-11-18 14:17:23,727 - INFO - <module> : Go to lower right of Internal Map
2022-11-18 14:17:23,727 - INFO - <module> : Go to lower right of Internal Map
2022-11-18 14:17:23,727 - INFO - <module> : Go to lower right of Internal Map
2022-11-18 14:17:26,627 - INFO - <module> : Click Street View icon
2022-11-18 14:17:26,627 - INFO - <module> : Click Street View icon
2022-11-18 14:17:26,627 - INFO - <module> : Click Street View icon
2022-11-18 14:17:26,627 - INFO - <module> : Click Street View icon
2022-11-18 14:17:35,695 - INFO - setup : Close Browser
