2023-01-06 15:58:42,764 - INFO - setup : Browser Launched!
2023-01-06 15:59:12,955 - INFO - <module> : Opened: https://meralco--fuat.lightning.force.com/lightning/page/home
2023-01-06 15:59:12,955 - INFO - <module> : Opened: https://meralco--fuat.lightning.force.com/lightning/page/home
2023-01-06 15:59:12,955 - INFO - <module> : Opened: https://meralco--fuat.lightning.force.com/lightning/page/home
2023-01-06 15:59:12,955 - INFO - <module> : Opened: https://meralco--fuat.lightning.force.com/lightning/page/home
2023-01-06 15:59:15,055 - INFO - <module> : Clicked
2023-01-06 15:59:15,055 - INFO - <module> : Clicked
2023-01-06 15:59:15,055 - INFO - <module> : Clicked
2023-01-06 15:59:15,055 - INFO - <module> : Clicked
2023-01-06 15:59:22,446 - INFO - <module> : input: v-lvlgalvez@meralco.com.ph
2023-01-06 15:59:22,446 - INFO - <module> : input: v-lvlgalvez@meralco.com.ph
2023-01-06 15:59:22,446 - INFO - <module> : input: v-lvlgalvez@meralco.com.ph
2023-01-06 15:59:22,446 - INFO - <module> : input: v-lvlgalvez@meralco.com.ph
2023-01-06 15:59:22,886 - INFO - <module> : Clicked
2023-01-06 15:59:22,886 - INFO - <module> : Clicked
2023-01-06 15:59:22,886 - INFO - <module> : Clicked
2023-01-06 15:59:22,886 - INFO - <module> : Clicked
2023-01-06 15:59:24,234 - INFO - <module> : input: Mecopass@@!!123
2023-01-06 15:59:24,234 - INFO - <module> : input: Mecopass@@!!123
2023-01-06 15:59:24,234 - INFO - <module> : input: Mecopass@@!!123
2023-01-06 15:59:24,234 - INFO - <module> : input: Mecopass@@!!123
2023-01-06 15:59:25,213 - INFO - <module> : Clicked
2023-01-06 15:59:25,213 - INFO - <module> : Clicked
2023-01-06 15:59:25,213 - INFO - <module> : Clicked
2023-01-06 15:59:25,213 - INFO - <module> : Clicked
2023-01-06 15:59:26,511 - INFO - <module> : Clicked
2023-01-06 15:59:26,511 - INFO - <module> : Clicked
2023-01-06 15:59:26,511 - INFO - <module> : Clicked
2023-01-06 15:59:26,511 - INFO - <module> : Clicked
2023-01-06 15:59:56,394 - INFO - <module> : Clicked
2023-01-06 15:59:56,394 - INFO - <module> : Clicked
2023-01-06 15:59:56,394 - INFO - <module> : Clicked
2023-01-06 15:59:56,394 - INFO - <module> : Clicked
2023-01-06 16:00:09,311 - INFO - <module> : input: Search...22122252189
2023-01-06 16:00:09,311 - INFO - <module> : input: Search...22122252189
2023-01-06 16:00:09,311 - INFO - <module> : input: Search...22122252189
2023-01-06 16:00:09,311 - INFO - <module> : input: Search...22122252189
2023-01-06 16:00:09,368 - INFO - setup : Close Browser
