2022-10-19 15:07:03,547 - INFO - setup : Browser Launched!
2022-10-19 15:07:21,055 - INFO - <module> : Access outage reporting form for Guest users.
2022-10-19 15:07:21,055 - INFO - <module> : Access outage reporting form for Guest users.
2022-10-19 15:07:21,055 - INFO - <module> : Access outage reporting form for Guest users.
2022-10-19 15:07:21,055 - INFO - <module> : Access outage reporting form for Guest users.
2022-10-19 15:07:23,897 - INFO - <module> : Opened: https://fuat-meralco.cs73.force.com/customers/s/outagemap
2022-10-19 15:07:23,897 - INFO - <module> : Opened: https://fuat-meralco.cs73.force.com/customers/s/outagemap
2022-10-19 15:07:23,897 - INFO - <module> : Opened: https://fuat-meralco.cs73.force.com/customers/s/outagemap
2022-10-19 15:07:23,897 - INFO - <module> : Opened: https://fuat-meralco.cs73.force.com/customers/s/outagemap
2022-10-19 15:07:31,403 - INFO - <module> : Meralco would like to access your location to identify if your area is affected by an outage. exists
2022-10-19 15:07:31,403 - INFO - <module> : Meralco would like to access your location to identify if your area is affected by an outage. exists
2022-10-19 15:07:31,403 - INFO - <module> : Meralco would like to access your location to identify if your area is affected by an outage. exists
2022-10-19 15:07:31,403 - INFO - <module> : Meralco would like to access your location to identify if your area is affected by an outage. exists
2022-10-19 15:07:33,508 - INFO - <module> : Clicked
2022-10-19 15:07:33,508 - INFO - <module> : Clicked
2022-10-19 15:07:33,508 - INFO - <module> : Clicked
2022-10-19 15:07:33,508 - INFO - <module> : Clicked
2022-10-19 15:07:37,586 - INFO - <module> : Clicked
2022-10-19 15:07:37,586 - INFO - <module> : Clicked
2022-10-19 15:07:37,586 - INFO - <module> : Clicked
2022-10-19 15:07:37,586 - INFO - <module> : Clicked
2022-10-19 15:07:45,644 - INFO - <module> : Report an Outage or Incident exists
2022-10-19 15:07:45,644 - INFO - <module> : Report an Outage or Incident exists
2022-10-19 15:07:45,644 - INFO - <module> : Report an Outage or Incident exists
2022-10-19 15:07:45,644 - INFO - <module> : Report an Outage or Incident exists
2022-10-19 15:07:48,515 - INFO - <module> : Choose 'Streetlight Concern' from the 'What are you reporting?' option.
2022-10-19 15:07:48,515 - INFO - <module> : Choose 'Streetlight Concern' from the 'What are you reporting?' option.
2022-10-19 15:07:48,515 - INFO - <module> : Choose 'Streetlight Concern' from the 'What are you reporting?' option.
2022-10-19 15:07:48,515 - INFO - <module> : Choose 'Streetlight Concern' from the 'What are you reporting?' option.
2022-10-19 15:07:48,593 - INFO - <module> : Clicked
2022-10-19 15:07:48,593 - INFO - <module> : Clicked
2022-10-19 15:07:48,593 - INFO - <module> : Clicked
2022-10-19 15:07:48,593 - INFO - <module> : Clicked
2022-10-19 15:07:51,495 - INFO - <module> : Choose 'Yes' from the options.
2022-10-19 15:07:51,495 - INFO - <module> : Choose 'Yes' from the options.
2022-10-19 15:07:51,495 - INFO - <module> : Choose 'Yes' from the options.
2022-10-19 15:07:51,495 - INFO - <module> : Choose 'Yes' from the options.
2022-10-19 15:07:51,572 - INFO - <module> : Clicked
2022-10-19 15:07:51,572 - INFO - <module> : Clicked
2022-10-19 15:07:51,572 - INFO - <module> : Clicked
2022-10-19 15:07:51,572 - INFO - <module> : Clicked
2022-10-19 15:07:54,420 - INFO - <module> : Click the dropdown field for Q2.
2022-10-19 15:07:54,420 - INFO - <module> : Click the dropdown field for Q2.
2022-10-19 15:07:54,420 - INFO - <module> : Click the dropdown field for Q2.
2022-10-19 15:07:54,420 - INFO - <module> : Click the dropdown field for Q2.
2022-10-19 15:07:54,500 - INFO - <module> : Clicked
2022-10-19 15:07:54,500 - INFO - <module> : Clicked
2022-10-19 15:07:54,500 - INFO - <module> : Clicked
2022-10-19 15:07:54,500 - INFO - <module> : Clicked
2022-10-19 15:07:57,418 - INFO - <module> : Choose 'Streetlight is always on, even during daytime' from the option.
2022-10-19 15:07:57,418 - INFO - <module> : Choose 'Streetlight is always on, even during daytime' from the option.
2022-10-19 15:07:57,418 - INFO - <module> : Choose 'Streetlight is always on, even during daytime' from the option.
2022-10-19 15:07:57,418 - INFO - <module> : Choose 'Streetlight is always on, even during daytime' from the option.
2022-10-19 15:07:57,490 - INFO - <module> : Clicked
2022-10-19 15:07:57,490 - INFO - <module> : Clicked
2022-10-19 15:07:57,490 - INFO - <module> : Clicked
2022-10-19 15:07:57,490 - INFO - <module> : Clicked
2022-10-19 15:08:00,398 - INFO - <module> : Populate the following fields by selecting from one of the picklist values, as applicable:
- Province
- City/Municipality
- Barangay
- Subdivision
- Street
- House/Unit No./ Floor/ Building
2022-10-19 15:08:00,398 - INFO - <module> : Populate the following fields by selecting from one of the picklist values, as applicable:
- Province
- City/Municipality
- Barangay
- Subdivision
- Street
- House/Unit No./ Floor/ Building
2022-10-19 15:08:00,398 - INFO - <module> : Populate the following fields by selecting from one of the picklist values, as applicable:
- Province
- City/Municipality
- Barangay
- Subdivision
- Street
- House/Unit No./ Floor/ Building
2022-10-19 15:08:00,398 - INFO - <module> : Populate the following fields by selecting from one of the picklist values, as applicable:
- Province
- City/Municipality
- Barangay
- Subdivision
- Street
- House/Unit No./ Floor/ Building
2022-10-19 15:08:00,482 - INFO - <module> : Clicked
2022-10-19 15:08:00,482 - INFO - <module> : Clicked
2022-10-19 15:08:00,482 - INFO - <module> : Clicked
2022-10-19 15:08:00,482 - INFO - <module> : Clicked
2022-10-19 15:08:01,061 - INFO - <module> : Clicked
2022-10-19 15:08:01,061 - INFO - <module> : Clicked
2022-10-19 15:08:01,061 - INFO - <module> : Clicked
2022-10-19 15:08:01,061 - INFO - <module> : Clicked
2022-10-19 15:08:01,623 - INFO - <module> : Clicked
2022-10-19 15:08:01,623 - INFO - <module> : Clicked
2022-10-19 15:08:01,623 - INFO - <module> : Clicked
2022-10-19 15:08:01,623 - INFO - <module> : Clicked
2022-10-19 15:08:02,192 - INFO - <module> : Clicked
2022-10-19 15:08:02,192 - INFO - <module> : Clicked
2022-10-19 15:08:02,192 - INFO - <module> : Clicked
2022-10-19 15:08:02,192 - INFO - <module> : Clicked
2022-10-19 15:08:02,782 - INFO - <module> : Clicked
2022-10-19 15:08:02,782 - INFO - <module> : Clicked
2022-10-19 15:08:02,782 - INFO - <module> : Clicked
2022-10-19 15:08:02,782 - INFO - <module> : Clicked
2022-10-19 15:08:02,851 - INFO - <module> : input: 123
2022-10-19 15:08:02,851 - INFO - <module> : input: 123
2022-10-19 15:08:02,851 - INFO - <module> : input: 123
2022-10-19 15:08:02,851 - INFO - <module> : input: 123
2022-10-19 15:08:05,784 - INFO - <module> : Populate 'Pole Number' field.
Note: There should be no pending case associated to the encoded Pole Number.
2022-10-19 15:08:05,784 - INFO - <module> : Populate 'Pole Number' field.
Note: There should be no pending case associated to the encoded Pole Number.
2022-10-19 15:08:05,784 - INFO - <module> : Populate 'Pole Number' field.
Note: There should be no pending case associated to the encoded Pole Number.
2022-10-19 15:08:05,784 - INFO - <module> : Populate 'Pole Number' field.
Note: There should be no pending case associated to the encoded Pole Number.
2022-10-19 15:08:05,912 - INFO - <module> : input: 12
2022-10-19 15:08:05,912 - INFO - <module> : input: 12
2022-10-19 15:08:05,912 - INFO - <module> : input: 12
2022-10-19 15:08:05,912 - INFO - <module> : input: 12
2022-10-19 15:08:08,766 - INFO - <module> : Select the 'Landmarks/Directions' option and input values in the text box.
2022-10-19 15:08:08,766 - INFO - <module> : Select the 'Landmarks/Directions' option and input values in the text box.
2022-10-19 15:08:08,766 - INFO - <module> : Select the 'Landmarks/Directions' option and input values in the text box.
2022-10-19 15:08:08,766 - INFO - <module> : Select the 'Landmarks/Directions' option and input values in the text box.
2022-10-19 15:08:08,855 - INFO - <module> : Clicked
2022-10-19 15:08:08,855 - INFO - <module> : Clicked
2022-10-19 15:08:08,855 - INFO - <module> : Clicked
2022-10-19 15:08:08,855 - INFO - <module> : Clicked
2022-10-19 15:08:10,138 - INFO - setup : Close Browser
