2023-01-10 19:48:04,126 - INFO - setup : Browser Launched!
2023-01-10 19:48:32,117 - INFO - <module> : input: atconcernsingle@yopmail.com
2023-01-10 19:48:32,117 - INFO - <module> : input: atconcernsingle@yopmail.com
2023-01-10 19:48:32,117 - INFO - <module> : input: atconcernsingle@yopmail.com
2023-01-10 19:48:32,117 - INFO - <module> : input: atconcernsingle@yopmail.com
2023-01-10 19:48:32,511 - INFO - <module> : input: Meralco01
2023-01-10 19:48:32,511 - INFO - <module> : input: Meralco01
2023-01-10 19:48:32,511 - INFO - <module> : input: Meralco01
2023-01-10 19:48:32,511 - INFO - <module> : input: Meralco01
2023-01-10 19:48:33,405 - INFO - <module> : Clicked
2023-01-10 19:48:33,405 - INFO - <module> : Clicked
2023-01-10 19:48:33,405 - INFO - <module> : Clicked
2023-01-10 19:48:33,405 - INFO - <module> : Clicked
2023-01-10 19:48:38,604 - INFO - <module> : Hello, exists
2023-01-10 19:48:38,604 - INFO - <module> : Hello, exists
2023-01-10 19:48:38,604 - INFO - <module> : Hello, exists
2023-01-10 19:48:38,604 - INFO - <module> : Hello, exists
2023-01-10 19:48:38,734 - INFO - <module> : AT SINGLE clicked
2023-01-10 19:48:38,734 - INFO - <module> : AT SINGLE clicked
2023-01-10 19:48:38,734 - INFO - <module> : AT SINGLE clicked
2023-01-10 19:48:38,734 - INFO - <module> : AT SINGLE clicked
2023-01-10 19:48:38,905 - INFO - <module> :  clicked
2023-01-10 19:48:38,905 - INFO - <module> :  clicked
2023-01-10 19:48:38,905 - INFO - <module> :  clicked
2023-01-10 19:48:38,905 - INFO - <module> :  clicked
2023-01-10 19:48:44,651 - INFO - <module> : Clicked
2023-01-10 19:48:44,651 - INFO - <module> : Clicked
2023-01-10 19:48:44,651 - INFO - <module> : Clicked
2023-01-10 19:48:44,651 - INFO - <module> : Clicked
2023-01-10 19:48:47,102 - INFO - <module> : input: 21345654
2023-01-10 19:48:47,102 - INFO - <module> : input: 21345654
2023-01-10 19:48:47,102 - INFO - <module> : input: 21345654
2023-01-10 19:48:47,102 - INFO - <module> : input: 21345654
2023-01-10 19:48:47,229 - INFO - <module> : Clicked
2023-01-10 19:48:47,229 - INFO - <module> : Clicked
2023-01-10 19:48:47,229 - INFO - <module> : Clicked
2023-01-10 19:48:47,229 - INFO - <module> : Clicked
2023-01-10 19:48:49,563 - INFO - setup : Close Browser
