2022-10-19 11:16:44,801 - INFO - setup : Browser Launched!
2022-10-19 11:16:53,045 - INFO - <module> : Go to https://fuat-meralco.cs73.force.com/customers/s/outagemap
2022-10-19 11:16:53,045 - INFO - <module> : Go to https://fuat-meralco.cs73.force.com/customers/s/outagemap
2022-10-19 11:16:53,045 - INFO - <module> : Go to https://fuat-meralco.cs73.force.com/customers/s/outagemap
2022-10-19 11:16:53,045 - INFO - <module> : Go to https://fuat-meralco.cs73.force.com/customers/s/outagemap
2022-10-19 11:16:54,961 - INFO - <module> : Opened: https://fuat-meralco.cs73.force.com/customers/s/outagemap
2022-10-19 11:16:54,961 - INFO - <module> : Opened: https://fuat-meralco.cs73.force.com/customers/s/outagemap
2022-10-19 11:16:54,961 - INFO - <module> : Opened: https://fuat-meralco.cs73.force.com/customers/s/outagemap
2022-10-19 11:16:54,961 - INFO - <module> : Opened: https://fuat-meralco.cs73.force.com/customers/s/outagemap
2022-10-19 11:16:58,992 - INFO - <module> : Click on Map Views button > Click Meralco Business Center under Map Layers
2022-10-19 11:16:58,992 - INFO - <module> : Click on Map Views button > Click Meralco Business Center under Map Layers
2022-10-19 11:16:58,992 - INFO - <module> : Click on Map Views button > Click Meralco Business Center under Map Layers
2022-10-19 11:16:58,992 - INFO - <module> : Click on Map Views button > Click Meralco Business Center under Map Layers
2022-10-19 11:17:08,324 - INFO - <module> : Meralco would like to access your location to identify if your area is affected by an outage. exists
2022-10-19 11:17:08,324 - INFO - <module> : Meralco would like to access your location to identify if your area is affected by an outage. exists
2022-10-19 11:17:08,324 - INFO - <module> : Meralco would like to access your location to identify if your area is affected by an outage. exists
2022-10-19 11:17:08,324 - INFO - <module> : Meralco would like to access your location to identify if your area is affected by an outage. exists
2022-10-19 11:17:08,570 - INFO - <module> : Clicked
2022-10-19 11:17:08,570 - INFO - <module> : Clicked
2022-10-19 11:17:08,570 - INFO - <module> : Clicked
2022-10-19 11:17:08,570 - INFO - <module> : Clicked
2022-10-19 11:17:14,030 - INFO - setup : Close Browser
