2023-01-09 15:46:32,999 - INFO - setup : Browser Launched!
2023-01-09 15:47:15,688 - INFO - <module> : Go to https://fuat-meralco.cs73.force.com/customers/s/cxe-apply
2023-01-09 15:47:15,688 - INFO - <module> : Go to https://fuat-meralco.cs73.force.com/customers/s/cxe-apply
2023-01-09 15:47:15,688 - INFO - <module> : Go to https://fuat-meralco.cs73.force.com/customers/s/cxe-apply
2023-01-09 15:47:15,688 - INFO - <module> : Go to https://fuat-meralco.cs73.force.com/customers/s/cxe-apply
2023-01-09 15:47:15,688 - INFO - <module> : Go to https://fuat-meralco.cs73.force.com/customers/s/cxe-apply
2023-01-09 15:47:17,076 - INFO - <module> : Opened: https://fuat-meralco.cs73.force.com/customers/s/cxe-apply
2023-01-09 15:47:17,076 - INFO - <module> : Opened: https://fuat-meralco.cs73.force.com/customers/s/cxe-apply
2023-01-09 15:47:17,076 - INFO - <module> : Opened: https://fuat-meralco.cs73.force.com/customers/s/cxe-apply
2023-01-09 15:47:17,076 - INFO - <module> : Opened: https://fuat-meralco.cs73.force.com/customers/s/cxe-apply
2023-01-09 15:47:17,076 - INFO - <module> : Opened: https://fuat-meralco.cs73.force.com/customers/s/cxe-apply
2023-01-09 15:47:17,770 - INFO - <module> : Service Application exists
2023-01-09 15:47:17,770 - INFO - <module> : Service Application exists
2023-01-09 15:47:17,770 - INFO - <module> : Service Application exists
2023-01-09 15:47:17,770 - INFO - <module> : Service Application exists
2023-01-09 15:47:17,770 - INFO - <module> : Service Application exists
2023-01-09 15:47:20,657 - INFO - <module> : Click on Business
2023-01-09 15:47:20,657 - INFO - <module> : Click on Business
2023-01-09 15:47:20,657 - INFO - <module> : Click on Business
2023-01-09 15:47:20,657 - INFO - <module> : Click on Business
2023-01-09 15:47:20,657 - INFO - <module> : Click on Business
2023-01-09 15:47:20,731 - INFO - <module> : Clicked
2023-01-09 15:47:20,731 - INFO - <module> : Clicked
2023-01-09 15:47:20,731 - INFO - <module> : Clicked
2023-01-09 15:47:20,731 - INFO - <module> : Clicked
2023-01-09 15:47:20,731 - INFO - <module> : Clicked
2023-01-09 15:47:20,777 - INFO - <module> : INDIVIDUAL
Are you applying for your home or microbusiness? Get started by clicking an option below. exists
2023-01-09 15:47:20,777 - INFO - <module> : INDIVIDUAL
Are you applying for your home or microbusiness? Get started by clicking an option below. exists
2023-01-09 15:47:20,777 - INFO - <module> : INDIVIDUAL
Are you applying for your home or microbusiness? Get started by clicking an option below. exists
2023-01-09 15:47:20,777 - INFO - <module> : INDIVIDUAL
Are you applying for your home or microbusiness? Get started by clicking an option below. exists
2023-01-09 15:47:20,777 - INFO - <module> : INDIVIDUAL
Are you applying for your home or microbusiness? Get started by clicking an option below. exists
2023-01-09 15:47:20,816 - INFO - <module> : Start Service exists
2023-01-09 15:47:20,816 - INFO - <module> : Start Service exists
2023-01-09 15:47:20,816 - INFO - <module> : Start Service exists
2023-01-09 15:47:20,816 - INFO - <module> : Start Service exists
2023-01-09 15:47:20,816 - INFO - <module> : Start Service exists
2023-01-09 15:47:20,843 - INFO - <module> : Start Service exists
2023-01-09 15:47:20,843 - INFO - <module> : Start Service exists
2023-01-09 15:47:20,843 - INFO - <module> : Start Service exists
2023-01-09 15:47:20,843 - INFO - <module> : Start Service exists
2023-01-09 15:47:20,843 - INFO - <module> : Start Service exists
2023-01-09 15:47:20,866 - INFO - <module> : Start Service exists
2023-01-09 15:47:20,866 - INFO - <module> : Start Service exists
2023-01-09 15:47:20,866 - INFO - <module> : Start Service exists
2023-01-09 15:47:20,866 - INFO - <module> : Start Service exists
2023-01-09 15:47:20,866 - INFO - <module> : Start Service exists
2023-01-09 15:47:23,695 - INFO - <module> : Click on Start a Service
2023-01-09 15:47:23,695 - INFO - <module> : Click on Start a Service
2023-01-09 15:47:23,695 - INFO - <module> : Click on Start a Service
2023-01-09 15:47:23,695 - INFO - <module> : Click on Start a Service
2023-01-09 15:47:23,695 - INFO - <module> : Click on Start a Service
2023-01-09 15:47:23,766 - INFO - <module> : Clicked
2023-01-09 15:47:23,766 - INFO - <module> : Clicked
2023-01-09 15:47:23,766 - INFO - <module> : Clicked
2023-01-09 15:47:23,766 - INFO - <module> : Clicked
2023-01-09 15:47:23,766 - INFO - <module> : Clicked
2023-01-09 15:47:23,968 - INFO - <module> : Clicked
2023-01-09 15:47:23,968 - INFO - <module> : Clicked
2023-01-09 15:47:23,968 - INFO - <module> : Clicked
2023-01-09 15:47:23,968 - INFO - <module> : Clicked
2023-01-09 15:47:23,968 - INFO - <module> : Clicked
2023-01-09 15:47:26,173 - INFO - <module> : Start a Service exists
2023-01-09 15:47:26,173 - INFO - <module> : Start a Service exists
2023-01-09 15:47:26,173 - INFO - <module> : Start a Service exists
2023-01-09 15:47:26,173 - INFO - <module> : Start a Service exists
2023-01-09 15:47:26,173 - INFO - <module> : Start a Service exists
2023-01-09 15:47:29,108 - INFO - <module> : Click No
2023-01-09 15:47:29,108 - INFO - <module> : Click No
2023-01-09 15:47:29,108 - INFO - <module> : Click No
2023-01-09 15:47:29,108 - INFO - <module> : Click No
2023-01-09 15:47:29,108 - INFO - <module> : Click No
2023-01-09 15:47:29,209 - INFO - <module> : input: automation1
2023-01-09 15:47:29,209 - INFO - <module> : input: automation1
2023-01-09 15:47:29,209 - INFO - <module> : input: automation1
2023-01-09 15:47:29,209 - INFO - <module> : input: automation1
2023-01-09 15:47:29,209 - INFO - <module> : input: automation1
2023-01-09 15:47:29,284 - INFO - <module> : input: automation2
2023-01-09 15:47:29,284 - INFO - <module> : input: automation2
2023-01-09 15:47:29,284 - INFO - <module> : input: automation2
2023-01-09 15:47:29,284 - INFO - <module> : input: automation2
2023-01-09 15:47:29,284 - INFO - <module> : input: automation2
2023-01-09 15:47:29,322 - INFO - <module> : input: automation3
2023-01-09 15:47:29,322 - INFO - <module> : input: automation3
2023-01-09 15:47:29,322 - INFO - <module> : input: automation3
2023-01-09 15:47:29,322 - INFO - <module> : input: automation3
2023-01-09 15:47:29,322 - INFO - <module> : input: automation3
2023-01-09 15:47:29,391 - INFO - <module> : input: +63945113252
2023-01-09 15:47:29,391 - INFO - <module> : input: +63945113252
2023-01-09 15:47:29,391 - INFO - <module> : input: +63945113252
2023-01-09 15:47:29,391 - INFO - <module> : input: +63945113252
2023-01-09 15:47:29,391 - INFO - <module> : input: +63945113252
2023-01-09 15:47:29,473 - INFO - <module> : input: automation5
2023-01-09 15:47:29,473 - INFO - <module> : input: automation5
2023-01-09 15:47:29,473 - INFO - <module> : input: automation5
2023-01-09 15:47:29,473 - INFO - <module> : input: automation5
2023-01-09 15:47:29,473 - INFO - <module> : input: automation5
2023-01-09 15:47:29,543 - INFO - <module> : input: automation6
2023-01-09 15:47:29,543 - INFO - <module> : input: automation6
2023-01-09 15:47:29,543 - INFO - <module> : input: automation6
2023-01-09 15:47:29,543 - INFO - <module> : input: automation6
2023-01-09 15:47:29,543 - INFO - <module> : input: automation6
2023-01-09 15:47:29,636 - INFO - <module> : input: automation2@yopmail.com
2023-01-09 15:47:29,636 - INFO - <module> : input: automation2@yopmail.com
2023-01-09 15:47:29,636 - INFO - <module> : input: automation2@yopmail.com
2023-01-09 15:47:29,636 - INFO - <module> : input: automation2@yopmail.com
2023-01-09 15:47:29,636 - INFO - <module> : input: automation2@yopmail.com
2023-01-09 15:47:29,710 - INFO - <module> : input: +639234567891
2023-01-09 15:47:29,710 - INFO - <module> : input: +639234567891
2023-01-09 15:47:29,710 - INFO - <module> : input: +639234567891
2023-01-09 15:47:29,710 - INFO - <module> : input: +639234567891
2023-01-09 15:47:29,710 - INFO - <module> : input: +639234567891
2023-01-09 15:47:29,775 - INFO - <module> : input: manager
2023-01-09 15:47:29,775 - INFO - <module> : input: manager
2023-01-09 15:47:29,775 - INFO - <module> : input: manager
2023-01-09 15:47:29,775 - INFO - <module> : input: manager
2023-01-09 15:47:29,775 - INFO - <module> : input: manager
2023-01-09 15:47:32,031 - INFO - <module> : Clicked
2023-01-09 15:47:32,031 - INFO - <module> : Clicked
2023-01-09 15:47:32,031 - INFO - <module> : Clicked
2023-01-09 15:47:32,031 - INFO - <module> : Clicked
2023-01-09 15:47:32,031 - INFO - <module> : Clicked
2023-01-09 15:47:32,085 - INFO - <module> : 2NEW ADDRESS exists
2023-01-09 15:47:32,085 - INFO - <module> : 2NEW ADDRESS exists
2023-01-09 15:47:32,085 - INFO - <module> : 2NEW ADDRESS exists
2023-01-09 15:47:32,085 - INFO - <module> : 2NEW ADDRESS exists
2023-01-09 15:47:32,085 - INFO - <module> : 2NEW ADDRESS exists
2023-01-09 15:47:34,939 - INFO - <module> : Populate the following fields:
- Company Name
- Trade Name (Optional)
- Company Email Address (Optional)
- Company Landline
- First Name
- Last Name
- Email Address
- Mobile Number
- Designation

> Click Next
2023-01-09 15:47:34,939 - INFO - <module> : Populate the following fields:
- Company Name
- Trade Name (Optional)
- Company Email Address (Optional)
- Company Landline
- First Name
- Last Name
- Email Address
- Mobile Number
- Designation

> Click Next
2023-01-09 15:47:34,939 - INFO - <module> : Populate the following fields:
- Company Name
- Trade Name (Optional)
- Company Email Address (Optional)
- Company Landline
- First Name
- Last Name
- Email Address
- Mobile Number
- Designation

> Click Next
2023-01-09 15:47:34,939 - INFO - <module> : Populate the following fields:
- Company Name
- Trade Name (Optional)
- Company Email Address (Optional)
- Company Landline
- First Name
- Last Name
- Email Address
- Mobile Number
- Designation

> Click Next
2023-01-09 15:47:34,939 - INFO - <module> : Populate the following fields:
- Company Name
- Trade Name (Optional)
- Company Email Address (Optional)
- Company Landline
- First Name
- Last Name
- Email Address
- Mobile Number
- Designation

> Click Next
2023-01-09 15:47:35,034 - INFO - <module> : input: atsrviceadd
2023-01-09 15:47:35,034 - INFO - <module> : input: atsrviceadd
2023-01-09 15:47:35,034 - INFO - <module> : input: atsrviceadd
2023-01-09 15:47:35,034 - INFO - <module> : input: atsrviceadd
2023-01-09 15:47:35,034 - INFO - <module> : input: atsrviceadd
2023-01-09 15:47:35,093 - INFO - <module> : Clicked
2023-01-09 15:47:35,093 - INFO - <module> : Clicked
2023-01-09 15:47:35,093 - INFO - <module> : Clicked
2023-01-09 15:47:35,093 - INFO - <module> : Clicked
2023-01-09 15:47:35,093 - INFO - <module> : Clicked
2023-01-09 15:47:35,165 - INFO - <module> : Clicked
2023-01-09 15:47:35,165 - INFO - <module> : Clicked
2023-01-09 15:47:35,165 - INFO - <module> : Clicked
2023-01-09 15:47:35,165 - INFO - <module> : Clicked
2023-01-09 15:47:35,165 - INFO - <module> : Clicked
2023-01-09 15:47:35,228 - INFO - <module> : Clicked
2023-01-09 15:47:35,228 - INFO - <module> : Clicked
2023-01-09 15:47:35,228 - INFO - <module> : Clicked
2023-01-09 15:47:35,228 - INFO - <module> : Clicked
2023-01-09 15:47:35,228 - INFO - <module> : Clicked
2023-01-09 15:47:35,277 - INFO - <module> : Clicked
2023-01-09 15:47:35,277 - INFO - <module> : Clicked
2023-01-09 15:47:35,277 - INFO - <module> : Clicked
2023-01-09 15:47:35,277 - INFO - <module> : Clicked
2023-01-09 15:47:35,277 - INFO - <module> : Clicked
2023-01-09 15:47:35,347 - INFO - <module> : Clicked
2023-01-09 15:47:35,347 - INFO - <module> : Clicked
2023-01-09 15:47:35,347 - INFO - <module> : Clicked
2023-01-09 15:47:35,347 - INFO - <module> : Clicked
2023-01-09 15:47:35,347 - INFO - <module> : Clicked
2023-01-09 15:47:35,398 - INFO - <module> : Clicked
2023-01-09 15:47:35,398 - INFO - <module> : Clicked
2023-01-09 15:47:35,398 - INFO - <module> : Clicked
2023-01-09 15:47:35,398 - INFO - <module> : Clicked
2023-01-09 15:47:35,398 - INFO - <module> : Clicked
2023-01-09 15:47:37,621 - INFO - <module> : 3VALUE ADDED SERVICES exists
2023-01-09 15:47:37,621 - INFO - <module> : 3VALUE ADDED SERVICES exists
2023-01-09 15:47:37,621 - INFO - <module> : 3VALUE ADDED SERVICES exists
2023-01-09 15:47:37,621 - INFO - <module> : 3VALUE ADDED SERVICES exists
2023-01-09 15:47:37,621 - INFO - <module> : 3VALUE ADDED SERVICES exists
2023-01-09 15:47:40,478 - INFO - <module> : Populate the following:
Service Address
Province
City / Municipality
Home Ownership
Billing Address Indicator

> Click Next
2023-01-09 15:47:40,478 - INFO - <module> : Populate the following:
Service Address
Province
City / Municipality
Home Ownership
Billing Address Indicator

> Click Next
2023-01-09 15:47:40,478 - INFO - <module> : Populate the following:
Service Address
Province
City / Municipality
Home Ownership
Billing Address Indicator

> Click Next
2023-01-09 15:47:40,478 - INFO - <module> : Populate the following:
Service Address
Province
City / Municipality
Home Ownership
Billing Address Indicator

> Click Next
2023-01-09 15:47:40,478 - INFO - <module> : Populate the following:
Service Address
Province
City / Municipality
Home Ownership
Billing Address Indicator

> Click Next
2023-01-09 15:48:10,980 - INFO - setup : Close Browser
