2023-01-12 17:12:07,789 - INFO - setup : Browser Launched!
2023-01-12 17:12:34,956 - INFO - <module> : input: atconcernsingle@yopmail.com
2023-01-12 17:12:34,956 - INFO - <module> : input: atconcernsingle@yopmail.com
2023-01-12 17:12:34,956 - INFO - <module> : input: atconcernsingle@yopmail.com
2023-01-12 17:12:34,956 - INFO - <module> : input: atconcernsingle@yopmail.com
2023-01-12 17:12:35,587 - INFO - <module> : input: Meralco01
2023-01-12 17:12:35,587 - INFO - <module> : input: Meralco01
2023-01-12 17:12:35,587 - INFO - <module> : input: Meralco01
2023-01-12 17:12:35,587 - INFO - <module> : input: Meralco01
2023-01-12 17:12:36,355 - INFO - <module> : Clicked
2023-01-12 17:12:36,355 - INFO - <module> : Clicked
2023-01-12 17:12:36,355 - INFO - <module> : Clicked
2023-01-12 17:12:36,355 - INFO - <module> : Clicked
2023-01-12 17:12:46,995 - INFO - <module> : Hello, AT exists
2023-01-12 17:12:46,995 - INFO - <module> : Hello, AT exists
2023-01-12 17:12:46,995 - INFO - <module> : Hello, AT exists
2023-01-12 17:12:46,995 - INFO - <module> : Hello, AT exists
2023-01-12 17:12:47,681 - INFO - <module> : FAQs clicked
2023-01-12 17:12:47,681 - INFO - <module> : FAQs clicked
2023-01-12 17:12:47,681 - INFO - <module> : FAQs clicked
2023-01-12 17:12:47,681 - INFO - <module> : FAQs clicked
2023-01-12 17:12:55,199 - INFO - setup : Close Browser
