2022-10-13 14:43:22,545 - INFO - setup : Browser Launched!
2022-10-13 14:43:29,771 - INFO - <module> : Go to External Map 
2022-10-13 14:43:29,771 - INFO - <module> : Go to External Map 
2022-10-13 14:43:29,771 - INFO - <module> : Go to External Map 
2022-10-13 14:43:29,771 - INFO - <module> : Go to External Map 
2022-10-13 14:43:29,906 - INFO - <module> : input: atmooutageaccount@yopmail.com
2022-10-13 14:43:29,906 - INFO - <module> : input: atmooutageaccount@yopmail.com
2022-10-13 14:43:29,906 - INFO - <module> : input: atmooutageaccount@yopmail.com
2022-10-13 14:43:29,906 - INFO - <module> : input: atmooutageaccount@yopmail.com
2022-10-13 14:43:29,982 - INFO - <module> : input: Meralco01
2022-10-13 14:43:29,982 - INFO - <module> : input: Meralco01
2022-10-13 14:43:29,982 - INFO - <module> : input: Meralco01
2022-10-13 14:43:29,982 - INFO - <module> : input: Meralco01
2022-10-13 14:43:30,125 - INFO - <module> : Log in clicked
2022-10-13 14:43:30,125 - INFO - <module> : Log in clicked
2022-10-13 14:43:30,125 - INFO - <module> : Log in clicked
2022-10-13 14:43:30,125 - INFO - <module> : Log in clicked
2022-10-13 14:43:34,701 - INFO - <module> : Hello, exists
2022-10-13 14:43:34,701 - INFO - <module> : Hello, exists
2022-10-13 14:43:34,701 - INFO - <module> : Hello, exists
2022-10-13 14:43:34,701 - INFO - <module> : Hello, exists
2022-10-13 14:43:34,721 - INFO - <module> : Hello, exists
2022-10-13 14:43:34,721 - INFO - <module> : Hello, exists
2022-10-13 14:43:34,721 - INFO - <module> : Hello, exists
2022-10-13 14:43:34,721 - INFO - <module> : Hello, exists
2022-10-13 14:43:36,996 - INFO - <module> : Outages & Incidents clicked
2022-10-13 14:43:36,996 - INFO - <module> : Outages & Incidents clicked
2022-10-13 14:43:36,996 - INFO - <module> : Outages & Incidents clicked
2022-10-13 14:43:36,996 - INFO - <module> : Outages & Incidents clicked
2022-10-13 14:43:37,056 - INFO - <module> :  clicked
2022-10-13 14:43:37,056 - INFO - <module> :  clicked
2022-10-13 14:43:37,056 - INFO - <module> :  clicked
2022-10-13 14:43:37,056 - INFO - <module> :  clicked
2022-10-13 14:43:46,876 - INFO - <module> : Okay clicked
2022-10-13 14:43:46,876 - INFO - <module> : Okay clicked
2022-10-13 14:43:46,876 - INFO - <module> : Okay clicked
2022-10-13 14:43:46,876 - INFO - <module> : Okay clicked
2022-10-13 14:43:49,844 - INFO - <module> : Select weather information to be displayed
2022-10-13 14:43:49,844 - INFO - <module> : Select weather information to be displayed
2022-10-13 14:43:49,844 - INFO - <module> : Select weather information to be displayed
2022-10-13 14:43:49,844 - INFO - <module> : Select weather information to be displayed
2022-10-13 14:43:49,965 - INFO - <module> :  clicked
2022-10-13 14:43:49,965 - INFO - <module> :  clicked
2022-10-13 14:43:49,965 - INFO - <module> :  clicked
2022-10-13 14:43:49,965 - INFO - <module> :  clicked
2022-10-13 14:43:52,368 - INFO - <module> :  clicked
2022-10-13 14:43:52,368 - INFO - <module> :  clicked
2022-10-13 14:43:52,368 - INFO - <module> :  clicked
2022-10-13 14:43:52,368 - INFO - <module> :  clicked
2022-10-13 14:43:52,933 - INFO - <module> : close clicked
2022-10-13 14:43:52,933 - INFO - <module> : close clicked
2022-10-13 14:43:52,933 - INFO - <module> : close clicked
2022-10-13 14:43:52,933 - INFO - <module> : close clicked
2022-10-13 14:44:03,038 - INFO - <module> :  clicked
2022-10-13 14:44:03,038 - INFO - <module> :  clicked
2022-10-13 14:44:03,038 - INFO - <module> :  clicked
2022-10-13 14:44:03,038 - INFO - <module> :  clicked
2022-10-13 14:44:05,961 - INFO - <module> : Adjust outage map zoom level to greater than 8
2022-10-13 14:44:05,961 - INFO - <module> : Adjust outage map zoom level to greater than 8
2022-10-13 14:44:05,961 - INFO - <module> : Adjust outage map zoom level to greater than 8
2022-10-13 14:44:05,961 - INFO - <module> : Adjust outage map zoom level to greater than 8
2022-10-13 14:44:06,192 - INFO - <module> : add clicked
2022-10-13 14:44:06,192 - INFO - <module> : add clicked
2022-10-13 14:44:06,192 - INFO - <module> : add clicked
2022-10-13 14:44:06,192 - INFO - <module> : add clicked
2022-10-13 14:44:06,478 - INFO - <module> : add clicked
2022-10-13 14:44:06,478 - INFO - <module> : add clicked
2022-10-13 14:44:06,478 - INFO - <module> : add clicked
2022-10-13 14:44:06,478 - INFO - <module> : add clicked
2022-10-13 14:44:07,347 - INFO - <module> : add clicked
2022-10-13 14:44:07,347 - INFO - <module> : add clicked
2022-10-13 14:44:07,347 - INFO - <module> : add clicked
2022-10-13 14:44:07,347 - INFO - <module> : add clicked
2022-10-13 14:44:10,290 - INFO - <module> : Validate weather icons in Internal Map
2022-10-13 14:44:10,290 - INFO - <module> : Validate weather icons in Internal Map
2022-10-13 14:44:10,290 - INFO - <module> : Validate weather icons in Internal Map
2022-10-13 14:44:10,290 - INFO - <module> : Validate weather icons in Internal Map
2022-10-13 14:44:12,734 - INFO - setup : Close Browser
