2022-10-14 15:44:18,386 - INFO - setup : Browser Launched!
2022-10-14 15:44:25,276 - INFO - <module> : Go to https://fuat-meralco.cs73.force.com/customers/s/outagemap
2022-10-14 15:44:25,276 - INFO - <module> : Go to https://fuat-meralco.cs73.force.com/customers/s/outagemap
2022-10-14 15:44:25,276 - INFO - <module> : Go to https://fuat-meralco.cs73.force.com/customers/s/outagemap
2022-10-14 15:44:25,276 - INFO - <module> : Go to https://fuat-meralco.cs73.force.com/customers/s/outagemap
2022-10-14 15:44:29,818 - INFO - <module> : Opened: https://fuat-meralco.cs73.force.com/customers/s/outagemap
2022-10-14 15:44:29,818 - INFO - <module> : Opened: https://fuat-meralco.cs73.force.com/customers/s/outagemap
2022-10-14 15:44:29,818 - INFO - <module> : Opened: https://fuat-meralco.cs73.force.com/customers/s/outagemap
2022-10-14 15:44:29,818 - INFO - <module> : Opened: https://fuat-meralco.cs73.force.com/customers/s/outagemap
2022-10-14 15:44:32,679 - INFO - <module> : Meralco would like to access your location to identify if your area is affected by an outage. exists
2022-10-14 15:44:32,679 - INFO - <module> : Meralco would like to access your location to identify if your area is affected by an outage. exists
2022-10-14 15:44:32,679 - INFO - <module> : Meralco would like to access your location to identify if your area is affected by an outage. exists
2022-10-14 15:44:32,679 - INFO - <module> : Meralco would like to access your location to identify if your area is affected by an outage. exists
2022-10-14 15:44:32,830 - INFO - <module> : Agree clicked
2022-10-14 15:44:32,830 - INFO - <module> : Agree clicked
2022-10-14 15:44:32,830 - INFO - <module> : Agree clicked
2022-10-14 15:44:32,830 - INFO - <module> : Agree clicked
2022-10-14 15:44:39,242 - INFO - <module> : Report an Outage clicked
2022-10-14 15:44:39,242 - INFO - <module> : Report an Outage clicked
2022-10-14 15:44:39,242 - INFO - <module> : Report an Outage clicked
2022-10-14 15:44:39,242 - INFO - <module> : Report an Outage clicked
2022-10-14 15:44:49,263 - INFO - setup : Close Browser
