2022-11-18 13:45:13,447 - INFO - setup : Browser Launched!
2022-11-18 13:45:20,240 - INFO - <module> : Go to lower right of Internal Map
2022-11-18 13:45:20,240 - INFO - <module> : Go to lower right of Internal Map
2022-11-18 13:45:20,240 - INFO - <module> : Go to lower right of Internal Map
2022-11-18 13:45:20,240 - INFO - <module> : Go to lower right of Internal Map
2022-11-18 13:45:21,659 - INFO - <module> : Opened: https://outage-api.meralco.com.ph/
2022-11-18 13:45:21,659 - INFO - <module> : Opened: https://outage-api.meralco.com.ph/
2022-11-18 13:45:21,659 - INFO - <module> : Opened: https://outage-api.meralco.com.ph/
2022-11-18 13:45:21,659 - INFO - <module> : Opened: https://outage-api.meralco.com.ph/
2022-11-18 13:45:22,847 - INFO - <module> : input: v-agsealmoy@meralco.com.ph
2022-11-18 13:45:22,847 - INFO - <module> : input: v-agsealmoy@meralco.com.ph
2022-11-18 13:45:22,847 - INFO - <module> : input: v-agsealmoy@meralco.com.ph
2022-11-18 13:45:22,847 - INFO - <module> : input: v-agsealmoy@meralco.com.ph
2022-11-18 13:45:22,908 - INFO - <module> : Clicked
2022-11-18 13:45:22,908 - INFO - <module> : Clicked
2022-11-18 13:45:22,908 - INFO - <module> : Clicked
2022-11-18 13:45:22,908 - INFO - <module> : Clicked
2022-11-18 13:45:23,989 - INFO - <module> : input: Meco@@##00018
2022-11-18 13:45:23,989 - INFO - <module> : input: Meco@@##00018
2022-11-18 13:45:23,989 - INFO - <module> : input: Meco@@##00018
2022-11-18 13:45:23,989 - INFO - <module> : input: Meco@@##00018
2022-11-18 13:45:24,441 - INFO - <module> : Clicked
2022-11-18 13:45:24,441 - INFO - <module> : Clicked
2022-11-18 13:45:24,441 - INFO - <module> : Clicked
2022-11-18 13:45:24,441 - INFO - <module> : Clicked
2022-11-18 13:45:25,029 - INFO - <module> : Clicked
2022-11-18 13:45:25,029 - INFO - <module> : Clicked
2022-11-18 13:45:25,029 - INFO - <module> : Clicked
2022-11-18 13:45:25,029 - INFO - <module> : Clicked
2022-11-18 13:45:53,395 - INFO - <module> : Clicked
2022-11-18 13:45:53,395 - INFO - <module> : Clicked
2022-11-18 13:45:53,395 - INFO - <module> : Clicked
2022-11-18 13:45:53,395 - INFO - <module> : Clicked
2022-11-18 13:46:26,257 - INFO - <module> : Go to lower right of Internal Map
2022-11-18 13:46:26,257 - INFO - <module> : Go to lower right of Internal Map
2022-11-18 13:46:26,257 - INFO - <module> : Go to lower right of Internal Map
2022-11-18 13:46:26,257 - INFO - <module> : Go to lower right of Internal Map
2022-11-18 13:46:29,203 - INFO - <module> : Click Street View icon
2022-11-18 13:46:29,203 - INFO - <module> : Click Street View icon
2022-11-18 13:46:29,203 - INFO - <module> : Click Street View icon
2022-11-18 13:46:29,203 - INFO - <module> : Click Street View icon
2022-11-18 13:46:31,623 - INFO - setup : Close Browser
