2022-10-26 09:41:35,872 - INFO - setup : Browser Launched!
2022-10-26 09:41:49,724 - INFO - <module> : Log in to Internal Map using this link:
https://outage-api.meralco.com.ph/
2022-10-26 09:41:49,724 - INFO - <module> : Log in to Internal Map using this link:
https://outage-api.meralco.com.ph/
2022-10-26 09:41:49,724 - INFO - <module> : Log in to Internal Map using this link:
https://outage-api.meralco.com.ph/
2022-10-26 09:41:49,724 - INFO - <module> : Log in to Internal Map using this link:
https://outage-api.meralco.com.ph/
2022-10-26 09:41:51,675 - INFO - <module> : Opened: https://outage-api.meralco.com.ph/
2022-10-26 09:41:51,675 - INFO - <module> : Opened: https://outage-api.meralco.com.ph/
2022-10-26 09:41:51,675 - INFO - <module> : Opened: https://outage-api.meralco.com.ph/
2022-10-26 09:41:51,675 - INFO - <module> : Opened: https://outage-api.meralco.com.ph/
2022-10-26 09:41:52,919 - INFO - <module> : input: v-lvlgalvez@meralco.com.ph
2022-10-26 09:41:52,919 - INFO - <module> : input: v-lvlgalvez@meralco.com.ph
2022-10-26 09:41:52,919 - INFO - <module> : input: v-lvlgalvez@meralco.com.ph
2022-10-26 09:41:52,919 - INFO - <module> : input: v-lvlgalvez@meralco.com.ph
2022-10-26 09:41:52,987 - INFO - <module> : Clicked
2022-10-26 09:41:52,987 - INFO - <module> : Clicked
2022-10-26 09:41:52,987 - INFO - <module> : Clicked
2022-10-26 09:41:52,987 - INFO - <module> : Clicked
2022-10-26 09:41:54,087 - INFO - <module> : input: Mecopass@@!!129
2022-10-26 09:41:54,087 - INFO - <module> : input: Mecopass@@!!129
2022-10-26 09:41:54,087 - INFO - <module> : input: Mecopass@@!!129
2022-10-26 09:41:54,087 - INFO - <module> : input: Mecopass@@!!129
2022-10-26 09:41:54,613 - INFO - <module> : Clicked
2022-10-26 09:41:54,613 - INFO - <module> : Clicked
2022-10-26 09:41:54,613 - INFO - <module> : Clicked
2022-10-26 09:41:54,613 - INFO - <module> : Clicked
2022-10-26 09:41:55,215 - INFO - <module> : Clicked
2022-10-26 09:41:55,215 - INFO - <module> : Clicked
2022-10-26 09:41:55,215 - INFO - <module> : Clicked
2022-10-26 09:41:55,215 - INFO - <module> : Clicked
2022-10-26 09:42:24,343 - INFO - <module> : Clicked
2022-10-26 09:42:24,343 - INFO - <module> : Clicked
2022-10-26 09:42:24,343 - INFO - <module> : Clicked
2022-10-26 09:42:24,343 - INFO - <module> : Clicked
2022-10-26 09:42:31,787 - INFO - <module> : Log in to Internal Map using this link:
https://outage-api.meralco.com.ph/
2022-10-26 09:42:31,787 - INFO - <module> : Log in to Internal Map using this link:
https://outage-api.meralco.com.ph/
2022-10-26 09:42:31,787 - INFO - <module> : Log in to Internal Map using this link:
https://outage-api.meralco.com.ph/
2022-10-26 09:42:31,787 - INFO - <module> : Log in to Internal Map using this link:
https://outage-api.meralco.com.ph/
2022-10-26 09:42:33,087 - INFO - <module> : Opened: https://outage-api.meralco.com.ph/
2022-10-26 09:42:33,087 - INFO - <module> : Opened: https://outage-api.meralco.com.ph/
2022-10-26 09:42:33,087 - INFO - <module> : Opened: https://outage-api.meralco.com.ph/
2022-10-26 09:42:33,087 - INFO - <module> : Opened: https://outage-api.meralco.com.ph/
2022-10-26 09:42:35,441 - INFO - setup : Close Browser
