2022-11-18 14:51:53,613 - INFO - setup : Browser Launched!
2022-11-18 14:52:00,793 - INFO - <module> : Go to lower right of Internal Map
2022-11-18 14:52:00,793 - INFO - <module> : Go to lower right of Internal Map
2022-11-18 14:52:00,793 - INFO - <module> : Go to lower right of Internal Map
2022-11-18 14:52:00,793 - INFO - <module> : Go to lower right of Internal Map
2022-11-18 14:52:05,259 - INFO - <module> : Opened: https://outage-api.meralco.com.ph/
2022-11-18 14:52:05,259 - INFO - <module> : Opened: https://outage-api.meralco.com.ph/
2022-11-18 14:52:05,259 - INFO - <module> : Opened: https://outage-api.meralco.com.ph/
2022-11-18 14:52:05,259 - INFO - <module> : Opened: https://outage-api.meralco.com.ph/
2022-11-18 14:52:06,080 - INFO - <module> : input: v-agsealmoy@meralco.com.ph
2022-11-18 14:52:06,080 - INFO - <module> : input: v-agsealmoy@meralco.com.ph
2022-11-18 14:52:06,080 - INFO - <module> : input: v-agsealmoy@meralco.com.ph
2022-11-18 14:52:06,080 - INFO - <module> : input: v-agsealmoy@meralco.com.ph
2022-11-18 14:52:06,181 - INFO - <module> : Clicked
2022-11-18 14:52:06,181 - INFO - <module> : Clicked
2022-11-18 14:52:06,181 - INFO - <module> : Clicked
2022-11-18 14:52:06,181 - INFO - <module> : Clicked
2022-11-18 14:52:07,281 - INFO - <module> : input: Meco@@##00018
2022-11-18 14:52:07,281 - INFO - <module> : input: Meco@@##00018
2022-11-18 14:52:07,281 - INFO - <module> : input: Meco@@##00018
2022-11-18 14:52:07,281 - INFO - <module> : input: Meco@@##00018
2022-11-18 14:52:08,182 - INFO - <module> : Clicked
2022-11-18 14:52:08,182 - INFO - <module> : Clicked
2022-11-18 14:52:08,182 - INFO - <module> : Clicked
2022-11-18 14:52:08,182 - INFO - <module> : Clicked
2022-11-18 14:52:08,829 - INFO - <module> : Clicked
2022-11-18 14:52:08,829 - INFO - <module> : Clicked
2022-11-18 14:52:08,829 - INFO - <module> : Clicked
2022-11-18 14:52:08,829 - INFO - <module> : Clicked
2022-11-18 14:53:00,570 - INFO - <module> : Clicked
2022-11-18 14:53:00,570 - INFO - <module> : Clicked
2022-11-18 14:53:00,570 - INFO - <module> : Clicked
2022-11-18 14:53:00,570 - INFO - <module> : Clicked
2022-11-18 14:53:33,728 - INFO - <module> : Go to lower right of Internal Map
2022-11-18 14:53:33,728 - INFO - <module> : Go to lower right of Internal Map
2022-11-18 14:53:33,728 - INFO - <module> : Go to lower right of Internal Map
2022-11-18 14:53:33,728 - INFO - <module> : Go to lower right of Internal Map
2022-11-18 14:53:37,017 - INFO - <module> : Click Street View icon
2022-11-18 14:53:37,017 - INFO - <module> : Click Street View icon
2022-11-18 14:53:37,017 - INFO - <module> : Click Street View icon
2022-11-18 14:53:37,017 - INFO - <module> : Click Street View icon
2022-11-18 14:54:07,544 - ERROR - <module> : Cannot Locate: int_cluster
2022-11-18 14:54:07,544 - ERROR - <module> : Cannot Locate: int_cluster
2022-11-18 14:54:07,544 - ERROR - <module> : Cannot Locate: int_cluster
2022-11-18 14:54:07,544 - ERROR - <module> : Cannot Locate: int_cluster
2022-11-18 14:54:07,619 - INFO - setup : Close Browser
