2023-01-12 17:10:13,117 - INFO - setup : Browser Launched!
2023-01-12 17:10:46,523 - INFO - <module> : input: atconcernsingle@yopmail.com
2023-01-12 17:10:46,523 - INFO - <module> : input: atconcernsingle@yopmail.com
2023-01-12 17:10:46,523 - INFO - <module> : input: atconcernsingle@yopmail.com
2023-01-12 17:10:46,523 - INFO - <module> : input: atconcernsingle@yopmail.com
2023-01-12 17:10:46,963 - INFO - <module> : input: Meralco01
2023-01-12 17:10:46,963 - INFO - <module> : input: Meralco01
2023-01-12 17:10:46,963 - INFO - <module> : input: Meralco01
2023-01-12 17:10:46,963 - INFO - <module> : input: Meralco01
2023-01-12 17:10:47,781 - INFO - <module> : Clicked
2023-01-12 17:10:47,781 - INFO - <module> : Clicked
2023-01-12 17:10:47,781 - INFO - <module> : Clicked
2023-01-12 17:10:47,781 - INFO - <module> : Clicked
2023-01-12 17:10:53,143 - INFO - <module> : Hello, exists
2023-01-12 17:10:53,143 - INFO - <module> : Hello, exists
2023-01-12 17:10:53,143 - INFO - <module> : Hello, exists
2023-01-12 17:10:53,143 - INFO - <module> : Hello, exists
2023-01-12 17:10:54,456 - INFO - <module> : FAQs clicked
2023-01-12 17:10:54,456 - INFO - <module> : FAQs clicked
2023-01-12 17:10:54,456 - INFO - <module> : FAQs clicked
2023-01-12 17:10:54,456 - INFO - <module> : FAQs clicked
2023-01-12 17:11:01,840 - INFO - setup : Close Browser
