2022-12-21 15:55:32,985 - INFO - setup : Browser Launched!
2022-12-21 15:56:09,184 - INFO - <module> : Login to Meralco Online
2022-12-21 15:56:09,184 - INFO - <module> : Login to Meralco Online
2022-12-21 15:56:09,184 - INFO - <module> : Login to Meralco Online
2022-12-21 15:56:09,184 - INFO - <module> : Login to Meralco Online
2022-12-21 15:56:12,931 - INFO - <module> : input: atconcernmultiple@yopmail.com
2022-12-21 15:56:12,931 - INFO - <module> : input: atconcernmultiple@yopmail.com
2022-12-21 15:56:12,931 - INFO - <module> : input: atconcernmultiple@yopmail.com
2022-12-21 15:56:12,931 - INFO - <module> : input: atconcernmultiple@yopmail.com
2022-12-21 15:56:13,430 - INFO - <module> : input: Meralco01
2022-12-21 15:56:13,430 - INFO - <module> : input: Meralco01
2022-12-21 15:56:13,430 - INFO - <module> : input: Meralco01
2022-12-21 15:56:13,430 - INFO - <module> : input: Meralco01
2022-12-21 15:56:14,149 - INFO - <module> : Clicked
2022-12-21 15:56:14,149 - INFO - <module> : Clicked
2022-12-21 15:56:14,149 - INFO - <module> : Clicked
2022-12-21 15:56:14,149 - INFO - <module> : Clicked
2022-12-21 15:56:19,004 - INFO - <module> : Hello, exists
2022-12-21 15:56:19,004 - INFO - <module> : Hello, exists
2022-12-21 15:56:19,004 - INFO - <module> : Hello, exists
2022-12-21 15:56:19,004 - INFO - <module> : Hello, exists
2022-12-21 15:56:31,932 - INFO - <module> : Go to Accounts> Manage Accounts
2022-12-21 15:56:31,932 - INFO - <module> : Go to Accounts> Manage Accounts
2022-12-21 15:56:31,932 - INFO - <module> : Go to Accounts> Manage Accounts
2022-12-21 15:56:31,932 - INFO - <module> : Go to Accounts> Manage Accounts
2022-12-21 15:56:32,040 - INFO - <module> : Accounts clicked
2022-12-21 15:56:32,040 - INFO - <module> : Accounts clicked
2022-12-21 15:56:32,040 - INFO - <module> : Accounts clicked
2022-12-21 15:56:32,040 - INFO - <module> : Accounts clicked
2022-12-21 15:56:32,190 - INFO - <module> :  clicked
2022-12-21 15:56:32,190 - INFO - <module> :  clicked
2022-12-21 15:56:32,190 - INFO - <module> :  clicked
2022-12-21 15:56:32,190 - INFO - <module> :  clicked
2022-12-21 15:56:40,172 - INFO - <module> : Search then Select Account > Click Change Service Details button
2022-12-21 15:56:40,172 - INFO - <module> : Search then Select Account > Click Change Service Details button
2022-12-21 15:56:40,172 - INFO - <module> : Search then Select Account > Click Change Service Details button
2022-12-21 15:56:40,172 - INFO - <module> : Search then Select Account > Click Change Service Details button
2022-12-21 15:56:41,320 - INFO - <module> : Clicked
2022-12-21 15:56:41,320 - INFO - <module> : Clicked
2022-12-21 15:56:41,320 - INFO - <module> : Clicked
2022-12-21 15:56:41,320 - INFO - <module> : Clicked
2022-12-21 15:56:49,507 - INFO - <module> : Clicked
2022-12-21 15:56:49,507 - INFO - <module> : Clicked
2022-12-21 15:56:49,507 - INFO - <module> : Clicked
2022-12-21 15:56:49,507 - INFO - <module> : Clicked
2022-12-21 15:56:55,036 - INFO - <module> : Select Change Service Details request options then click Next
2022-12-21 15:56:55,036 - INFO - <module> : Select Change Service Details request options then click Next
2022-12-21 15:56:55,036 - INFO - <module> : Select Change Service Details request options then click Next
2022-12-21 15:56:55,036 - INFO - <module> : Select Change Service Details request options then click Next
2022-12-21 15:56:55,515 - INFO - <module> : Clicked
2022-12-21 15:56:55,515 - INFO - <module> : Clicked
2022-12-21 15:56:55,515 - INFO - <module> : Clicked
2022-12-21 15:56:55,515 - INFO - <module> : Clicked
2022-12-21 15:56:58,228 - INFO - <module> : Clicked
2022-12-21 15:56:58,228 - INFO - <module> : Clicked
2022-12-21 15:56:58,228 - INFO - <module> : Clicked
2022-12-21 15:56:58,228 - INFO - <module> : Clicked
2022-12-21 15:57:02,075 - INFO - <module> : Populate the following:
Notification indicator
AMC indicator
> Attach documents
> Click Next
2022-12-21 15:57:02,075 - INFO - <module> : Populate the following:
Notification indicator
AMC indicator
> Attach documents
> Click Next
2022-12-21 15:57:02,075 - INFO - <module> : Populate the following:
Notification indicator
AMC indicator
> Attach documents
> Click Next
2022-12-21 15:57:02,075 - INFO - <module> : Populate the following:
Notification indicator
AMC indicator
> Attach documents
> Click Next
2022-12-21 15:57:10,128 - INFO - <module> : Clicked
2022-12-21 15:57:10,128 - INFO - <module> : Clicked
2022-12-21 15:57:10,128 - INFO - <module> : Clicked
2022-12-21 15:57:10,128 - INFO - <module> : Clicked
2022-12-21 15:57:10,668 - INFO - <module> : Tick on I have read and agree to the Meralco Online Terms & Conditions and consent to the processing of my personal data in accordance with the Privacy Policy
2022-12-21 15:57:10,668 - INFO - <module> : Tick on I have read and agree to the Meralco Online Terms & Conditions and consent to the processing of my personal data in accordance with the Privacy Policy
2022-12-21 15:57:10,668 - INFO - <module> : Tick on I have read and agree to the Meralco Online Terms & Conditions and consent to the processing of my personal data in accordance with the Privacy Policy
2022-12-21 15:57:10,668 - INFO - <module> : Tick on I have read and agree to the Meralco Online Terms & Conditions and consent to the processing of my personal data in accordance with the Privacy Policy
2022-12-21 15:57:23,516 - INFO - <module> : Clicked
2022-12-21 15:57:23,516 - INFO - <module> : Clicked
2022-12-21 15:57:23,516 - INFO - <module> : Clicked
2022-12-21 15:57:23,516 - INFO - <module> : Clicked
2022-12-21 15:57:24,056 - INFO - <module> : Click Submit
2022-12-21 15:57:24,056 - INFO - <module> : Click Submit
2022-12-21 15:57:24,056 - INFO - <module> : Click Submit
2022-12-21 15:57:24,056 - INFO - <module> : Click Submit
2022-12-21 15:57:30,262 - INFO - <module> : Clicked
2022-12-21 15:57:30,262 - INFO - <module> : Clicked
2022-12-21 15:57:30,262 - INFO - <module> : Clicked
2022-12-21 15:57:30,262 - INFO - <module> : Clicked
2022-12-21 15:57:32,841 - INFO - <module> : Overview clicked
2022-12-21 15:57:32,841 - INFO - <module> : Overview clicked
2022-12-21 15:57:32,841 - INFO - <module> : Overview clicked
2022-12-21 15:57:32,841 - INFO - <module> : Overview clicked
2022-12-21 15:57:38,692 - INFO - <module> : Go to Activity Tracker page
2022-12-21 15:57:38,692 - INFO - <module> : Go to Activity Tracker page
2022-12-21 15:57:38,692 - INFO - <module> : Go to Activity Tracker page
2022-12-21 15:57:38,692 - INFO - <module> : Go to Activity Tracker page
2022-12-21 15:57:43,378 - INFO - <module> : Clicked
2022-12-21 15:57:43,378 - INFO - <module> : Clicked
2022-12-21 15:57:43,378 - INFO - <module> : Clicked
2022-12-21 15:57:43,378 - INFO - <module> : Clicked
2022-12-21 15:57:43,879 - INFO - <module> : Check if created case is included in activity tracker page
2022-12-21 15:57:43,879 - INFO - <module> : Check if created case is included in activity tracker page
2022-12-21 15:57:43,879 - INFO - <module> : Check if created case is included in activity tracker page
2022-12-21 15:57:43,879 - INFO - <module> : Check if created case is included in activity tracker page
2022-12-21 15:57:47,365 - INFO - <module> : Validate email notification
2022-12-21 15:57:47,365 - INFO - <module> : Validate email notification
2022-12-21 15:57:47,365 - INFO - <module> : Validate email notification
2022-12-21 15:57:47,365 - INFO - <module> : Validate email notification
2022-12-21 15:57:59,658 - INFO - <module> : Opened: https://yopmail.com/en/
2022-12-21 15:57:59,658 - INFO - <module> : Opened: https://yopmail.com/en/
2022-12-21 15:57:59,658 - INFO - <module> : Opened: https://yopmail.com/en/
2022-12-21 15:57:59,658 - INFO - <module> : Opened: https://yopmail.com/en/
2022-12-21 15:58:00,381 - INFO - <module> : input: atconcernmultiple@yopmail.com
2022-12-21 15:58:00,381 - INFO - <module> : input: atconcernmultiple@yopmail.com
2022-12-21 15:58:00,381 - INFO - <module> : input: atconcernmultiple@yopmail.com
2022-12-21 15:58:00,381 - INFO - <module> : input: atconcernmultiple@yopmail.com
2022-12-21 15:58:02,155 - INFO - <module> : Clicked
2022-12-21 15:58:02,155 - INFO - <module> : Clicked
2022-12-21 15:58:02,155 - INFO - <module> : Clicked
2022-12-21 15:58:02,155 - INFO - <module> : Clicked
2022-12-21 15:58:04,744 - INFO - setup : Close Browser
