2023-01-12 18:48:24,786 - INFO - setup : Browser Launched!
2023-01-12 18:48:59,251 - INFO - <module> : Opened: https://fuat-meralco.cs73.force.com/customers/s/cxe-apply
2023-01-12 18:48:59,251 - INFO - <module> : Opened: https://fuat-meralco.cs73.force.com/customers/s/cxe-apply
2023-01-12 18:48:59,251 - INFO - <module> : Opened: https://fuat-meralco.cs73.force.com/customers/s/cxe-apply
2023-01-12 18:48:59,251 - INFO - <module> : Opened: https://fuat-meralco.cs73.force.com/customers/s/cxe-apply
2023-01-12 18:49:00,472 - INFO - <module> : Service Application exists
2023-01-12 18:49:00,472 - INFO - <module> : Service Application exists
2023-01-12 18:49:00,472 - INFO - <module> : Service Application exists
2023-01-12 18:49:00,472 - INFO - <module> : Service Application exists
2023-01-12 18:49:03,661 - INFO - <module> : Clicked
2023-01-12 18:49:03,661 - INFO - <module> : Clicked
2023-01-12 18:49:03,661 - INFO - <module> : Clicked
2023-01-12 18:49:03,661 - INFO - <module> : Clicked
2023-01-12 18:49:06,730 - INFO - <module> : Clicked
2023-01-12 18:49:06,730 - INFO - <module> : Clicked
2023-01-12 18:49:06,730 - INFO - <module> : Clicked
2023-01-12 18:49:06,730 - INFO - <module> : Clicked
2023-01-12 18:49:08,508 - INFO - <module> : Clicked
2023-01-12 18:49:08,508 - INFO - <module> : Clicked
2023-01-12 18:49:08,508 - INFO - <module> : Clicked
2023-01-12 18:49:08,508 - INFO - <module> : Clicked
2023-01-12 18:49:15,472 - INFO - <module> : input: aaaaa4@yopmail.com
2023-01-12 18:49:15,472 - INFO - <module> : input: aaaaa4@yopmail.com
2023-01-12 18:49:15,472 - INFO - <module> : input: aaaaa4@yopmail.com
2023-01-12 18:49:15,472 - INFO - <module> : input: aaaaa4@yopmail.com
2023-01-12 18:49:15,642 - INFO - <module> : input: Zero Eleven
2023-01-12 18:49:15,642 - INFO - <module> : input: Zero Eleven
2023-01-12 18:49:15,642 - INFO - <module> : input: Zero Eleven
2023-01-12 18:49:15,642 - INFO - <module> : input: Zero Eleven
2023-01-12 18:49:15,738 - INFO - <module> : input: TS
2023-01-12 18:49:15,738 - INFO - <module> : input: TS
2023-01-12 18:49:15,738 - INFO - <module> : input: TS
2023-01-12 18:49:15,738 - INFO - <module> : input: TS
2023-01-12 18:49:15,806 - INFO - <module> : input: 9299437219
2023-01-12 18:49:15,806 - INFO - <module> : input: 9299437219
2023-01-12 18:49:15,806 - INFO - <module> : input: 9299437219
2023-01-12 18:49:15,806 - INFO - <module> : input: 9299437219
2023-01-12 18:49:16,330 - INFO - <module> : Clicked
2023-01-12 18:49:16,330 - INFO - <module> : Clicked
2023-01-12 18:49:16,330 - INFO - <module> : Clicked
2023-01-12 18:49:16,330 - INFO - <module> : Clicked
2023-01-12 18:49:19,451 - INFO - <module> : Clicked
2023-01-12 18:49:19,451 - INFO - <module> : Clicked
2023-01-12 18:49:19,451 - INFO - <module> : Clicked
2023-01-12 18:49:19,451 - INFO - <module> : Clicked
2023-01-12 18:49:28,405 - INFO - setup : Close Browser
