2022-10-20 09:58:42,489 - INFO - setup : Browser Launched!
2022-10-20 09:58:58,353 - INFO - <module> : Access outage reporting form for Guest users.
2022-10-20 09:58:58,353 - INFO - <module> : Access outage reporting form for Guest users.
2022-10-20 09:58:58,353 - INFO - <module> : Access outage reporting form for Guest users.
2022-10-20 09:58:58,353 - INFO - <module> : Access outage reporting form for Guest users.
2022-10-20 09:59:05,367 - INFO - <module> : Opened: https://fuat-meralco.cs73.force.com/customers/s/outagemap
2022-10-20 09:59:05,367 - INFO - <module> : Opened: https://fuat-meralco.cs73.force.com/customers/s/outagemap
2022-10-20 09:59:05,367 - INFO - <module> : Opened: https://fuat-meralco.cs73.force.com/customers/s/outagemap
2022-10-20 09:59:05,367 - INFO - <module> : Opened: https://fuat-meralco.cs73.force.com/customers/s/outagemap
2022-10-20 09:59:08,286 - INFO - <module> : Meralco would like to access your location to identify if your area is affected by an outage. exists
2022-10-20 09:59:08,286 - INFO - <module> : Meralco would like to access your location to identify if your area is affected by an outage. exists
2022-10-20 09:59:08,286 - INFO - <module> : Meralco would like to access your location to identify if your area is affected by an outage. exists
2022-10-20 09:59:08,286 - INFO - <module> : Meralco would like to access your location to identify if your area is affected by an outage. exists
2022-10-20 09:59:10,394 - INFO - <module> : Clicked
2022-10-20 09:59:10,394 - INFO - <module> : Clicked
2022-10-20 09:59:10,394 - INFO - <module> : Clicked
2022-10-20 09:59:10,394 - INFO - <module> : Clicked
2022-10-20 09:59:14,500 - INFO - <module> : Clicked
2022-10-20 09:59:14,500 - INFO - <module> : Clicked
2022-10-20 09:59:14,500 - INFO - <module> : Clicked
2022-10-20 09:59:14,500 - INFO - <module> : Clicked
2022-10-20 09:59:22,562 - INFO - <module> : Report an Outage or Incident exists
2022-10-20 09:59:22,562 - INFO - <module> : Report an Outage or Incident exists
2022-10-20 09:59:22,562 - INFO - <module> : Report an Outage or Incident exists
2022-10-20 09:59:22,562 - INFO - <module> : Report an Outage or Incident exists
2022-10-20 09:59:25,644 - INFO - <module> : Choose 'Streetlight Concern' from the 'What are you reporting?' option.
2022-10-20 09:59:25,644 - INFO - <module> : Choose 'Streetlight Concern' from the 'What are you reporting?' option.
2022-10-20 09:59:25,644 - INFO - <module> : Choose 'Streetlight Concern' from the 'What are you reporting?' option.
2022-10-20 09:59:25,644 - INFO - <module> : Choose 'Streetlight Concern' from the 'What are you reporting?' option.
2022-10-20 09:59:25,739 - INFO - <module> : Clicked
2022-10-20 09:59:25,739 - INFO - <module> : Clicked
2022-10-20 09:59:25,739 - INFO - <module> : Clicked
2022-10-20 09:59:25,739 - INFO - <module> : Clicked
2022-10-20 09:59:28,708 - INFO - <module> : Choose 'Yes' from the options.
2022-10-20 09:59:28,708 - INFO - <module> : Choose 'Yes' from the options.
2022-10-20 09:59:28,708 - INFO - <module> : Choose 'Yes' from the options.
2022-10-20 09:59:28,708 - INFO - <module> : Choose 'Yes' from the options.
2022-10-20 09:59:28,783 - INFO - <module> : Clicked
2022-10-20 09:59:28,783 - INFO - <module> : Clicked
2022-10-20 09:59:28,783 - INFO - <module> : Clicked
2022-10-20 09:59:28,783 - INFO - <module> : Clicked
2022-10-20 09:59:31,757 - INFO - <module> : Click the dropdown field for Q2.
2022-10-20 09:59:31,757 - INFO - <module> : Click the dropdown field for Q2.
2022-10-20 09:59:31,757 - INFO - <module> : Click the dropdown field for Q2.
2022-10-20 09:59:31,757 - INFO - <module> : Click the dropdown field for Q2.
2022-10-20 09:59:31,869 - INFO - <module> : Clicked
2022-10-20 09:59:31,869 - INFO - <module> : Clicked
2022-10-20 09:59:31,869 - INFO - <module> : Clicked
2022-10-20 09:59:31,869 - INFO - <module> : Clicked
2022-10-20 09:59:34,869 - INFO - <module> : Choose 'Streetlight is always on, even during daytime' from the option.
2022-10-20 09:59:34,869 - INFO - <module> : Choose 'Streetlight is always on, even during daytime' from the option.
2022-10-20 09:59:34,869 - INFO - <module> : Choose 'Streetlight is always on, even during daytime' from the option.
2022-10-20 09:59:34,869 - INFO - <module> : Choose 'Streetlight is always on, even during daytime' from the option.
2022-10-20 09:59:34,960 - INFO - <module> : Clicked
2022-10-20 09:59:34,960 - INFO - <module> : Clicked
2022-10-20 09:59:34,960 - INFO - <module> : Clicked
2022-10-20 09:59:34,960 - INFO - <module> : Clicked
2022-10-20 09:59:37,985 - INFO - <module> : Populate the following fields by selecting from one of the picklist values, as applicable:
- Province
- City/Municipality
- Barangay
- Subdivision
- Street
- House/Unit No./ Floor/ Building
2022-10-20 09:59:37,985 - INFO - <module> : Populate the following fields by selecting from one of the picklist values, as applicable:
- Province
- City/Municipality
- Barangay
- Subdivision
- Street
- House/Unit No./ Floor/ Building
2022-10-20 09:59:37,985 - INFO - <module> : Populate the following fields by selecting from one of the picklist values, as applicable:
- Province
- City/Municipality
- Barangay
- Subdivision
- Street
- House/Unit No./ Floor/ Building
2022-10-20 09:59:37,985 - INFO - <module> : Populate the following fields by selecting from one of the picklist values, as applicable:
- Province
- City/Municipality
- Barangay
- Subdivision
- Street
- House/Unit No./ Floor/ Building
2022-10-20 09:59:38,102 - INFO - <module> : Clicked
2022-10-20 09:59:38,102 - INFO - <module> : Clicked
2022-10-20 09:59:38,102 - INFO - <module> : Clicked
2022-10-20 09:59:38,102 - INFO - <module> : Clicked
2022-10-20 09:59:38,671 - INFO - <module> : Clicked
2022-10-20 09:59:38,671 - INFO - <module> : Clicked
2022-10-20 09:59:38,671 - INFO - <module> : Clicked
2022-10-20 09:59:38,671 - INFO - <module> : Clicked
2022-10-20 09:59:39,244 - INFO - <module> : Clicked
2022-10-20 09:59:39,244 - INFO - <module> : Clicked
2022-10-20 09:59:39,244 - INFO - <module> : Clicked
2022-10-20 09:59:39,244 - INFO - <module> : Clicked
2022-10-20 09:59:39,804 - INFO - <module> : Clicked
2022-10-20 09:59:39,804 - INFO - <module> : Clicked
2022-10-20 09:59:39,804 - INFO - <module> : Clicked
2022-10-20 09:59:39,804 - INFO - <module> : Clicked
2022-10-20 09:59:40,391 - INFO - <module> : Clicked
2022-10-20 09:59:40,391 - INFO - <module> : Clicked
2022-10-20 09:59:40,391 - INFO - <module> : Clicked
2022-10-20 09:59:40,391 - INFO - <module> : Clicked
2022-10-20 09:59:40,485 - INFO - <module> : input: 123
2022-10-20 09:59:40,485 - INFO - <module> : input: 123
2022-10-20 09:59:40,485 - INFO - <module> : input: 123
2022-10-20 09:59:40,485 - INFO - <module> : input: 123
2022-10-20 09:59:43,503 - INFO - <module> : Populate 'Pole Number' field.
Note: There should be no pending case associated to the encoded Pole Number.
2022-10-20 09:59:43,503 - INFO - <module> : Populate 'Pole Number' field.
Note: There should be no pending case associated to the encoded Pole Number.
2022-10-20 09:59:43,503 - INFO - <module> : Populate 'Pole Number' field.
Note: There should be no pending case associated to the encoded Pole Number.
2022-10-20 09:59:43,503 - INFO - <module> : Populate 'Pole Number' field.
Note: There should be no pending case associated to the encoded Pole Number.
2022-10-20 09:59:43,635 - INFO - <module> : input: 20
2022-10-20 09:59:43,635 - INFO - <module> : input: 20
2022-10-20 09:59:43,635 - INFO - <module> : input: 20
2022-10-20 09:59:43,635 - INFO - <module> : input: 20
2022-10-20 09:59:46,598 - INFO - <module> : Select the 'Landmarks/Directions' option and input values in the text box.
2022-10-20 09:59:46,598 - INFO - <module> : Select the 'Landmarks/Directions' option and input values in the text box.
2022-10-20 09:59:46,598 - INFO - <module> : Select the 'Landmarks/Directions' option and input values in the text box.
2022-10-20 09:59:46,598 - INFO - <module> : Select the 'Landmarks/Directions' option and input values in the text box.
2022-10-20 09:59:46,687 - INFO - <module> : Clicked
2022-10-20 09:59:46,687 - INFO - <module> : Clicked
2022-10-20 09:59:46,687 - INFO - <module> : Clicked
2022-10-20 09:59:46,687 - INFO - <module> : Clicked
2022-10-20 09:59:47,937 - INFO - setup : Close Browser
