2022-12-27 11:58:54,378 - INFO - setup : Browser Launched!
2022-12-27 11:59:00,691 - INFO - <module> : Go to Meralco Mobile App > Login using account with expired password
2022-12-27 11:59:00,691 - INFO - <module> : Go to Meralco Mobile App > Login using account with expired password
2022-12-27 11:59:00,691 - INFO - <module> : Go to Meralco Mobile App > Login using account with expired password
2022-12-27 11:59:00,691 - INFO - <module> : Go to Meralco Mobile App > Login using account with expired password
2022-12-27 11:59:02,253 - INFO - <module> : Opened: https://fuat-meralco.cs73.force.com/customers/s/cxe-apply
2022-12-27 11:59:02,253 - INFO - <module> : Opened: https://fuat-meralco.cs73.force.com/customers/s/cxe-apply
2022-12-27 11:59:02,253 - INFO - <module> : Opened: https://fuat-meralco.cs73.force.com/customers/s/cxe-apply
2022-12-27 11:59:02,253 - INFO - <module> : Opened: https://fuat-meralco.cs73.force.com/customers/s/cxe-apply
2022-12-27 11:59:02,964 - INFO - <module> : Service Application exists
2022-12-27 11:59:02,964 - INFO - <module> : Service Application exists
2022-12-27 11:59:02,964 - INFO - <module> : Service Application exists
2022-12-27 11:59:02,964 - INFO - <module> : Service Application exists
2022-12-27 11:59:05,979 - INFO - <module> : Update Password
2022-12-27 11:59:05,979 - INFO - <module> : Update Password
2022-12-27 11:59:05,979 - INFO - <module> : Update Password
2022-12-27 11:59:05,979 - INFO - <module> : Update Password
2022-12-27 11:59:06,067 - INFO - <module> : Clicked
2022-12-27 11:59:06,067 - INFO - <module> : Clicked
2022-12-27 11:59:06,067 - INFO - <module> : Clicked
2022-12-27 11:59:06,067 - INFO - <module> : Clicked
2022-12-27 11:59:36,629 - INFO - setup : Close Browser
