2022-12-22 10:16:11,691 - INFO - setup : Browser Launched!
2022-12-22 10:16:47,377 - INFO - <module> : Login to Meralco Online
2022-12-22 10:16:47,377 - INFO - <module> : Login to Meralco Online
2022-12-22 10:16:47,377 - INFO - <module> : Login to Meralco Online
2022-12-22 10:16:47,377 - INFO - <module> : Login to Meralco Online
2022-12-22 10:16:51,301 - INFO - <module> : input: atconcernmultiple@yopmail.com
2022-12-22 10:16:51,301 - INFO - <module> : input: atconcernmultiple@yopmail.com
2022-12-22 10:16:51,301 - INFO - <module> : input: atconcernmultiple@yopmail.com
2022-12-22 10:16:51,301 - INFO - <module> : input: atconcernmultiple@yopmail.com
2022-12-22 10:16:51,872 - INFO - <module> : input: Meralco01
2022-12-22 10:16:51,872 - INFO - <module> : input: Meralco01
2022-12-22 10:16:51,872 - INFO - <module> : input: Meralco01
2022-12-22 10:16:51,872 - INFO - <module> : input: Meralco01
2022-12-22 10:16:52,767 - INFO - <module> : Clicked
2022-12-22 10:16:52,767 - INFO - <module> : Clicked
2022-12-22 10:16:52,767 - INFO - <module> : Clicked
2022-12-22 10:16:52,767 - INFO - <module> : Clicked
2022-12-22 10:16:58,772 - INFO - <module> : Hello, exists
2022-12-22 10:16:58,772 - INFO - <module> : Hello, exists
2022-12-22 10:16:58,772 - INFO - <module> : Hello, exists
2022-12-22 10:16:58,772 - INFO - <module> : Hello, exists
2022-12-22 10:17:11,780 - INFO - <module> : Go to Accounts> Manage Accounts
2022-12-22 10:17:11,780 - INFO - <module> : Go to Accounts> Manage Accounts
2022-12-22 10:17:11,780 - INFO - <module> : Go to Accounts> Manage Accounts
2022-12-22 10:17:11,780 - INFO - <module> : Go to Accounts> Manage Accounts
2022-12-22 10:17:11,950 - INFO - <module> : Accounts clicked
2022-12-22 10:17:11,950 - INFO - <module> : Accounts clicked
2022-12-22 10:17:11,950 - INFO - <module> : Accounts clicked
2022-12-22 10:17:11,950 - INFO - <module> : Accounts clicked
2022-12-22 10:17:12,292 - INFO - <module> :  clicked
2022-12-22 10:17:12,292 - INFO - <module> :  clicked
2022-12-22 10:17:12,292 - INFO - <module> :  clicked
2022-12-22 10:17:12,292 - INFO - <module> :  clicked
2022-12-22 10:17:20,543 - INFO - <module> : Search then Select Account > Click Change Service Details button
2022-12-22 10:17:20,543 - INFO - <module> : Search then Select Account > Click Change Service Details button
2022-12-22 10:17:20,543 - INFO - <module> : Search then Select Account > Click Change Service Details button
2022-12-22 10:17:20,543 - INFO - <module> : Search then Select Account > Click Change Service Details button
2022-12-22 10:17:20,911 - INFO - <module> : Clicked
2022-12-22 10:17:20,911 - INFO - <module> : Clicked
2022-12-22 10:17:20,911 - INFO - <module> : Clicked
2022-12-22 10:17:20,911 - INFO - <module> : Clicked
2022-12-22 10:17:32,887 - INFO - <module> : Clicked
2022-12-22 10:17:32,887 - INFO - <module> : Clicked
2022-12-22 10:17:32,887 - INFO - <module> : Clicked
2022-12-22 10:17:32,887 - INFO - <module> : Clicked
2022-12-22 10:17:38,446 - INFO - <module> : Select Change Service Details request options then click Next
2022-12-22 10:17:38,446 - INFO - <module> : Select Change Service Details request options then click Next
2022-12-22 10:17:38,446 - INFO - <module> : Select Change Service Details request options then click Next
2022-12-22 10:17:38,446 - INFO - <module> : Select Change Service Details request options then click Next
2022-12-22 10:17:38,735 - INFO - <module> : Clicked
2022-12-22 10:17:38,735 - INFO - <module> : Clicked
2022-12-22 10:17:38,735 - INFO - <module> : Clicked
2022-12-22 10:17:38,735 - INFO - <module> : Clicked
2022-12-22 10:17:41,713 - INFO - <module> : Clicked
2022-12-22 10:17:41,713 - INFO - <module> : Clicked
2022-12-22 10:17:41,713 - INFO - <module> : Clicked
2022-12-22 10:17:41,713 - INFO - <module> : Clicked
2022-12-22 10:17:45,529 - INFO - <module> : Populate the following:
Notification indicator
AMC indicator
> Attach documents
> Click Next
2022-12-22 10:17:45,529 - INFO - <module> : Populate the following:
Notification indicator
AMC indicator
> Attach documents
> Click Next
2022-12-22 10:17:45,529 - INFO - <module> : Populate the following:
Notification indicator
AMC indicator
> Attach documents
> Click Next
2022-12-22 10:17:45,529 - INFO - <module> : Populate the following:
Notification indicator
AMC indicator
> Attach documents
> Click Next
2022-12-22 10:17:53,733 - INFO - <module> : Clicked
2022-12-22 10:17:53,733 - INFO - <module> : Clicked
2022-12-22 10:17:53,733 - INFO - <module> : Clicked
2022-12-22 10:17:53,733 - INFO - <module> : Clicked
2022-12-22 10:17:54,334 - INFO - <module> : Tick on I have read and agree to the Meralco Online Terms & Conditions and consent to the processing of my personal data in accordance with the Privacy Policy
2022-12-22 10:17:54,334 - INFO - <module> : Tick on I have read and agree to the Meralco Online Terms & Conditions and consent to the processing of my personal data in accordance with the Privacy Policy
2022-12-22 10:17:54,334 - INFO - <module> : Tick on I have read and agree to the Meralco Online Terms & Conditions and consent to the processing of my personal data in accordance with the Privacy Policy
2022-12-22 10:17:54,334 - INFO - <module> : Tick on I have read and agree to the Meralco Online Terms & Conditions and consent to the processing of my personal data in accordance with the Privacy Policy
2022-12-22 10:18:07,239 - INFO - <module> : Clicked
2022-12-22 10:18:07,239 - INFO - <module> : Clicked
2022-12-22 10:18:07,239 - INFO - <module> : Clicked
2022-12-22 10:18:07,239 - INFO - <module> : Clicked
2022-12-22 10:18:07,745 - INFO - <module> : Click Submit
2022-12-22 10:18:07,745 - INFO - <module> : Click Submit
2022-12-22 10:18:07,745 - INFO - <module> : Click Submit
2022-12-22 10:18:07,745 - INFO - <module> : Click Submit
2022-12-22 10:18:15,604 - INFO - <module> : Clicked
2022-12-22 10:18:15,604 - INFO - <module> : Clicked
2022-12-22 10:18:15,604 - INFO - <module> : Clicked
2022-12-22 10:18:15,604 - INFO - <module> : Clicked
2022-12-22 10:18:20,759 - INFO - <module> : Overview clicked
2022-12-22 10:18:20,759 - INFO - <module> : Overview clicked
2022-12-22 10:18:20,759 - INFO - <module> : Overview clicked
2022-12-22 10:18:20,759 - INFO - <module> : Overview clicked
2022-12-22 10:18:26,623 - INFO - <module> : Go to Activity Tracker page
2022-12-22 10:18:26,623 - INFO - <module> : Go to Activity Tracker page
2022-12-22 10:18:26,623 - INFO - <module> : Go to Activity Tracker page
2022-12-22 10:18:26,623 - INFO - <module> : Go to Activity Tracker page
2022-12-22 10:18:31,705 - INFO - <module> : Clicked
2022-12-22 10:18:31,705 - INFO - <module> : Clicked
2022-12-22 10:18:31,705 - INFO - <module> : Clicked
2022-12-22 10:18:31,705 - INFO - <module> : Clicked
2022-12-22 10:18:32,327 - INFO - <module> : Check if created case is included in activity tracker page
2022-12-22 10:18:32,327 - INFO - <module> : Check if created case is included in activity tracker page
2022-12-22 10:18:32,327 - INFO - <module> : Check if created case is included in activity tracker page
2022-12-22 10:18:32,327 - INFO - <module> : Check if created case is included in activity tracker page
2022-12-22 10:18:35,711 - INFO - <module> : Validate email notification
2022-12-22 10:18:35,711 - INFO - <module> : Validate email notification
2022-12-22 10:18:35,711 - INFO - <module> : Validate email notification
2022-12-22 10:18:35,711 - INFO - <module> : Validate email notification
2022-12-22 10:18:51,273 - INFO - <module> : Opened: https://yopmail.com/en/
2022-12-22 10:18:51,273 - INFO - <module> : Opened: https://yopmail.com/en/
2022-12-22 10:18:51,273 - INFO - <module> : Opened: https://yopmail.com/en/
2022-12-22 10:18:51,273 - INFO - <module> : Opened: https://yopmail.com/en/
2022-12-22 10:18:52,412 - INFO - <module> : input: atconcernmultiple@yopmail.com
2022-12-22 10:18:52,412 - INFO - <module> : input: atconcernmultiple@yopmail.com
2022-12-22 10:18:52,412 - INFO - <module> : input: atconcernmultiple@yopmail.com
2022-12-22 10:18:52,412 - INFO - <module> : input: atconcernmultiple@yopmail.com
2022-12-22 10:18:54,158 - INFO - <module> : Clicked
2022-12-22 10:18:54,158 - INFO - <module> : Clicked
2022-12-22 10:18:54,158 - INFO - <module> : Clicked
2022-12-22 10:18:54,158 - INFO - <module> : Clicked
2022-12-22 10:19:00,261 - INFO - setup : Close Browser
