2022-10-26 11:27:03,831 - INFO - setup : Browser Launched!
2022-10-26 11:27:17,772 - INFO - <module> : Click Center Map button in header
2022-10-26 11:27:17,772 - INFO - <module> : Click Center Map button in header
2022-10-26 11:27:17,772 - INFO - <module> : Click Center Map button in header
2022-10-26 11:27:17,772 - INFO - <module> : Click Center Map button in header
2022-10-26 11:27:20,044 - INFO - <module> : Opened: https://outage-api.meralco.com.ph/
2022-10-26 11:27:20,044 - INFO - <module> : Opened: https://outage-api.meralco.com.ph/
2022-10-26 11:27:20,044 - INFO - <module> : Opened: https://outage-api.meralco.com.ph/
2022-10-26 11:27:20,044 - INFO - <module> : Opened: https://outage-api.meralco.com.ph/
2022-10-26 11:27:23,376 - INFO - <module> : input: v-lvlgalvez@meralco.com.ph
2022-10-26 11:27:23,376 - INFO - <module> : input: v-lvlgalvez@meralco.com.ph
2022-10-26 11:27:23,376 - INFO - <module> : input: v-lvlgalvez@meralco.com.ph
2022-10-26 11:27:23,376 - INFO - <module> : input: v-lvlgalvez@meralco.com.ph
2022-10-26 11:27:23,425 - INFO - <module> : Clicked
2022-10-26 11:27:23,425 - INFO - <module> : Clicked
2022-10-26 11:27:23,425 - INFO - <module> : Clicked
2022-10-26 11:27:23,425 - INFO - <module> : Clicked
2022-10-26 11:27:24,510 - INFO - <module> : input: Mecopass@@!!129
2022-10-26 11:27:24,510 - INFO - <module> : input: Mecopass@@!!129
2022-10-26 11:27:24,510 - INFO - <module> : input: Mecopass@@!!129
2022-10-26 11:27:24,510 - INFO - <module> : input: Mecopass@@!!129
2022-10-26 11:27:24,918 - INFO - <module> : Clicked
2022-10-26 11:27:24,918 - INFO - <module> : Clicked
2022-10-26 11:27:24,918 - INFO - <module> : Clicked
2022-10-26 11:27:24,918 - INFO - <module> : Clicked
2022-10-26 11:27:25,508 - INFO - <module> : Clicked
2022-10-26 11:27:25,508 - INFO - <module> : Clicked
2022-10-26 11:27:25,508 - INFO - <module> : Clicked
2022-10-26 11:27:25,508 - INFO - <module> : Clicked
2022-10-26 11:27:54,413 - INFO - <module> : Clicked
2022-10-26 11:27:54,413 - INFO - <module> : Clicked
2022-10-26 11:27:54,413 - INFO - <module> : Clicked
2022-10-26 11:27:54,413 - INFO - <module> : Clicked
2022-10-26 11:27:59,341 - INFO - <module> : Clicked
2022-10-26 11:27:59,341 - INFO - <module> : Clicked
2022-10-26 11:27:59,341 - INFO - <module> : Clicked
2022-10-26 11:27:59,341 - INFO - <module> : Clicked
2022-10-26 11:28:01,790 - INFO - setup : Close Browser
