2023-01-11 10:48:32,746 - INFO - setup : Browser Launched!
2023-01-11 10:48:45,402 - INFO - <module> : Go to Outages & Incidents > Report Streetlight And Safety Concerns
2023-01-11 10:48:45,402 - INFO - <module> : Go to Outages & Incidents > Report Streetlight And Safety Concerns
2023-01-11 10:48:45,402 - INFO - <module> : Go to Outages & Incidents > Report Streetlight And Safety Concerns
2023-01-11 10:48:45,402 - INFO - <module> : Go to Outages & Incidents > Report Streetlight And Safety Concerns
2023-01-11 10:48:45,402 - INFO - <module> : Go to Outages & Incidents > Report Streetlight And Safety Concerns
2023-01-11 10:48:52,749 - INFO - <module> : Opened: https://fuat-meralco.cs73.force.com/customers/s/outagemap
2023-01-11 10:48:52,749 - INFO - <module> : Opened: https://fuat-meralco.cs73.force.com/customers/s/outagemap
2023-01-11 10:48:52,749 - INFO - <module> : Opened: https://fuat-meralco.cs73.force.com/customers/s/outagemap
2023-01-11 10:48:52,749 - INFO - <module> : Opened: https://fuat-meralco.cs73.force.com/customers/s/outagemap
2023-01-11 10:48:52,749 - INFO - <module> : Opened: https://fuat-meralco.cs73.force.com/customers/s/outagemap
2023-01-11 10:48:55,616 - INFO - <module> : Meralco would like to access your location to identify if your area is affected by an outage. exists
2023-01-11 10:48:55,616 - INFO - <module> : Meralco would like to access your location to identify if your area is affected by an outage. exists
2023-01-11 10:48:55,616 - INFO - <module> : Meralco would like to access your location to identify if your area is affected by an outage. exists
2023-01-11 10:48:55,616 - INFO - <module> : Meralco would like to access your location to identify if your area is affected by an outage. exists
2023-01-11 10:48:55,616 - INFO - <module> : Meralco would like to access your location to identify if your area is affected by an outage. exists
2023-01-11 10:48:57,718 - INFO - <module> : Clicked
2023-01-11 10:48:57,718 - INFO - <module> : Clicked
2023-01-11 10:48:57,718 - INFO - <module> : Clicked
2023-01-11 10:48:57,718 - INFO - <module> : Clicked
2023-01-11 10:48:57,718 - INFO - <module> : Clicked
2023-01-11 10:49:01,832 - INFO - <module> : Clicked
2023-01-11 10:49:01,832 - INFO - <module> : Clicked
2023-01-11 10:49:01,832 - INFO - <module> : Clicked
2023-01-11 10:49:01,832 - INFO - <module> : Clicked
2023-01-11 10:49:01,832 - INFO - <module> : Clicked
2023-01-11 10:49:12,980 - INFO - <module> : Report an Outage or Incident exists
2023-01-11 10:49:12,980 - INFO - <module> : Report an Outage or Incident exists
2023-01-11 10:49:12,980 - INFO - <module> : Report an Outage or Incident exists
2023-01-11 10:49:12,980 - INFO - <module> : Report an Outage or Incident exists
2023-01-11 10:49:12,980 - INFO - <module> : Report an Outage or Incident exists
2023-01-11 10:49:13,133 - INFO - <module> : Clicked
2023-01-11 10:49:13,133 - INFO - <module> : Clicked
2023-01-11 10:49:13,133 - INFO - <module> : Clicked
2023-01-11 10:49:13,133 - INFO - <module> : Clicked
2023-01-11 10:49:13,133 - INFO - <module> : Clicked
2023-01-11 10:49:14,225 - INFO - <module> : Clicked
2023-01-11 10:49:14,225 - INFO - <module> : Clicked
2023-01-11 10:49:14,225 - INFO - <module> : Clicked
2023-01-11 10:49:14,225 - INFO - <module> : Clicked
2023-01-11 10:49:14,225 - INFO - <module> : Clicked
2023-01-11 10:49:14,283 - INFO - <module> : Clicked
2023-01-11 10:49:14,283 - INFO - <module> : Clicked
2023-01-11 10:49:14,283 - INFO - <module> : Clicked
2023-01-11 10:49:14,283 - INFO - <module> : Clicked
2023-01-11 10:49:14,283 - INFO - <module> : Clicked
2023-01-11 10:49:17,543 - INFO - <module> : Populate required fields > click Submit
2023-01-11 10:49:17,543 - INFO - <module> : Populate required fields > click Submit
2023-01-11 10:49:17,543 - INFO - <module> : Populate required fields > click Submit
2023-01-11 10:49:17,543 - INFO - <module> : Populate required fields > click Submit
2023-01-11 10:49:17,543 - INFO - <module> : Populate required fields > click Submit
2023-01-11 10:49:17,615 - INFO - <module> : Clicked
2023-01-11 10:49:17,615 - INFO - <module> : Clicked
2023-01-11 10:49:17,615 - INFO - <module> : Clicked
2023-01-11 10:49:17,615 - INFO - <module> : Clicked
2023-01-11 10:49:17,615 - INFO - <module> : Clicked
2023-01-11 10:49:18,188 - INFO - <module> : Clicked
2023-01-11 10:49:18,188 - INFO - <module> : Clicked
2023-01-11 10:49:18,188 - INFO - <module> : Clicked
2023-01-11 10:49:18,188 - INFO - <module> : Clicked
2023-01-11 10:49:18,188 - INFO - <module> : Clicked
2023-01-11 10:49:18,757 - INFO - <module> : Clicked
2023-01-11 10:49:18,757 - INFO - <module> : Clicked
2023-01-11 10:49:18,757 - INFO - <module> : Clicked
2023-01-11 10:49:18,757 - INFO - <module> : Clicked
2023-01-11 10:49:18,757 - INFO - <module> : Clicked
2023-01-11 10:49:19,851 - INFO - <module> : Clicked
2023-01-11 10:49:19,851 - INFO - <module> : Clicked
2023-01-11 10:49:19,851 - INFO - <module> : Clicked
2023-01-11 10:49:19,851 - INFO - <module> : Clicked
2023-01-11 10:49:19,851 - INFO - <module> : Clicked
2023-01-11 10:49:20,923 - INFO - <module> : Clicked
2023-01-11 10:49:20,923 - INFO - <module> : Clicked
2023-01-11 10:49:20,923 - INFO - <module> : Clicked
2023-01-11 10:49:20,923 - INFO - <module> : Clicked
2023-01-11 10:49:20,923 - INFO - <module> : Clicked
2023-01-11 10:49:21,005 - INFO - <module> : input: 123
2023-01-11 10:49:21,005 - INFO - <module> : input: 123
2023-01-11 10:49:21,005 - INFO - <module> : input: 123
2023-01-11 10:49:21,005 - INFO - <module> : input: 123
2023-01-11 10:49:21,005 - INFO - <module> : input: 123
2023-01-11 10:49:21,069 - INFO - <module> : Clicked
2023-01-11 10:49:21,069 - INFO - <module> : Clicked
2023-01-11 10:49:21,069 - INFO - <module> : Clicked
2023-01-11 10:49:21,069 - INFO - <module> : Clicked
2023-01-11 10:49:21,069 - INFO - <module> : Clicked
2023-01-11 10:49:22,228 - INFO - setup : Close Browser
