2022-10-12 16:56:14,467 - INFO - setup : Browser Launched!
2022-10-12 16:56:21,195 - INFO - <module> : Go to External Map 
2022-10-12 16:56:21,195 - INFO - <module> : Go to External Map 
2022-10-12 16:56:21,195 - INFO - <module> : Go to External Map 
2022-10-12 16:56:22,289 - INFO - <module> : Opened: https://fuat-meralco.cs73.force.com/customers/s/outagemap
2022-10-12 16:56:22,289 - INFO - <module> : Opened: https://fuat-meralco.cs73.force.com/customers/s/outagemap
2022-10-12 16:56:22,289 - INFO - <module> : Opened: https://fuat-meralco.cs73.force.com/customers/s/outagemap
2022-10-12 16:56:27,351 - INFO - <module> : Meralco would like to access your location to identify if your area is affected by an outage. exists
2022-10-12 16:56:27,351 - INFO - <module> : Meralco would like to access your location to identify if your area is affected by an outage. exists
2022-10-12 16:56:27,351 - INFO - <module> : Meralco would like to access your location to identify if your area is affected by an outage. exists
2022-10-12 16:56:30,218 - INFO - <module> : Select weather information to be displayed
2022-10-12 16:56:30,218 - INFO - <module> : Select weather information to be displayed
2022-10-12 16:56:30,218 - INFO - <module> : Select weather information to be displayed
2022-10-12 16:56:30,345 - INFO - <module> : Disagree clicked
2022-10-12 16:56:30,345 - INFO - <module> : Disagree clicked
2022-10-12 16:56:30,345 - INFO - <module> : Disagree clicked
2022-10-12 16:56:30,830 - INFO - <module> :  clicked
2022-10-12 16:56:30,830 - INFO - <module> :  clicked
2022-10-12 16:56:30,830 - INFO - <module> :  clicked
2022-10-12 16:56:33,198 - INFO - <module> :  clicked
2022-10-12 16:56:33,198 - INFO - <module> :  clicked
2022-10-12 16:56:33,198 - INFO - <module> :  clicked
2022-10-12 16:56:33,806 - INFO - <module> : close clicked
2022-10-12 16:56:33,806 - INFO - <module> : close clicked
2022-10-12 16:56:33,806 - INFO - <module> : close clicked
2022-10-12 16:56:37,367 - INFO - <module> : Adjust outage map zoom level to greater than 8
2022-10-12 16:56:37,367 - INFO - <module> : Adjust outage map zoom level to greater than 8
2022-10-12 16:56:37,367 - INFO - <module> : Adjust outage map zoom level to greater than 8
2022-10-12 16:56:47,538 - INFO - <module> :  clicked
2022-10-12 16:56:47,538 - INFO - <module> :  clicked
2022-10-12 16:56:47,538 - INFO - <module> :  clicked
2022-10-12 16:56:47,546 - INFO - setup : Close Browser
