2022-10-25 14:54:21,479 - INFO - setup : Browser Launched!
2022-10-25 14:54:33,880 - INFO - <module> : Go to Internal Map 
2022-10-25 14:54:33,880 - INFO - <module> : Go to Internal Map 
2022-10-25 14:54:33,880 - INFO - <module> : Go to Internal Map 
2022-10-25 14:54:33,880 - INFO - <module> : Go to Internal Map 
2022-10-25 14:54:35,188 - INFO - <module> : Opened: https://outage-api.meralco.com.ph/
2022-10-25 14:54:35,188 - INFO - <module> : Opened: https://outage-api.meralco.com.ph/
2022-10-25 14:54:35,188 - INFO - <module> : Opened: https://outage-api.meralco.com.ph/
2022-10-25 14:54:35,188 - INFO - <module> : Opened: https://outage-api.meralco.com.ph/
2022-10-25 14:54:37,197 - INFO - <module> : input: v-lvlgalvez@meralco.com.ph
2022-10-25 14:54:37,197 - INFO - <module> : input: v-lvlgalvez@meralco.com.ph
2022-10-25 14:54:37,197 - INFO - <module> : input: v-lvlgalvez@meralco.com.ph
2022-10-25 14:54:37,197 - INFO - <module> : input: v-lvlgalvez@meralco.com.ph
2022-10-25 14:54:37,337 - INFO - <module> : Clicked
2022-10-25 14:54:37,337 - INFO - <module> : Clicked
2022-10-25 14:54:37,337 - INFO - <module> : Clicked
2022-10-25 14:54:37,337 - INFO - <module> : Clicked
2022-10-25 14:54:38,599 - INFO - <module> : input: Mecopass@@!!129
2022-10-25 14:54:38,599 - INFO - <module> : input: Mecopass@@!!129
2022-10-25 14:54:38,599 - INFO - <module> : input: Mecopass@@!!129
2022-10-25 14:54:38,599 - INFO - <module> : input: Mecopass@@!!129
2022-10-25 14:54:39,222 - INFO - <module> : Clicked
2022-10-25 14:54:39,222 - INFO - <module> : Clicked
2022-10-25 14:54:39,222 - INFO - <module> : Clicked
2022-10-25 14:54:39,222 - INFO - <module> : Clicked
2022-10-25 14:54:39,911 - INFO - <module> : Clicked
2022-10-25 14:54:39,911 - INFO - <module> : Clicked
2022-10-25 14:54:39,911 - INFO - <module> : Clicked
2022-10-25 14:54:39,911 - INFO - <module> : Clicked
2022-10-25 14:55:16,182 - INFO - <module> : Clicked
2022-10-25 14:55:16,182 - INFO - <module> : Clicked
2022-10-25 14:55:16,182 - INFO - <module> : Clicked
2022-10-25 14:55:16,182 - INFO - <module> : Clicked
2022-10-25 14:55:46,719 - INFO - setup : Close Browser
