2023-01-09 15:36:40,347 - INFO - setup : Browser Launched!
2023-01-09 15:36:46,829 - INFO - <module> : Go to https://fuat-meralco.cs73.force.com/customers/s/cxe-apply
2023-01-09 15:36:46,829 - INFO - <module> : Go to https://fuat-meralco.cs73.force.com/customers/s/cxe-apply
2023-01-09 15:36:46,829 - INFO - <module> : Go to https://fuat-meralco.cs73.force.com/customers/s/cxe-apply
2023-01-09 15:36:46,829 - INFO - <module> : Go to https://fuat-meralco.cs73.force.com/customers/s/cxe-apply
2023-01-09 15:36:46,829 - INFO - <module> : Go to https://fuat-meralco.cs73.force.com/customers/s/cxe-apply
2023-01-09 15:36:48,461 - INFO - <module> : Opened: https://fuat-meralco.cs73.force.com/customers/s/cxe-apply
2023-01-09 15:36:48,461 - INFO - <module> : Opened: https://fuat-meralco.cs73.force.com/customers/s/cxe-apply
2023-01-09 15:36:48,461 - INFO - <module> : Opened: https://fuat-meralco.cs73.force.com/customers/s/cxe-apply
2023-01-09 15:36:48,461 - INFO - <module> : Opened: https://fuat-meralco.cs73.force.com/customers/s/cxe-apply
2023-01-09 15:36:48,461 - INFO - <module> : Opened: https://fuat-meralco.cs73.force.com/customers/s/cxe-apply
2023-01-09 15:36:49,223 - INFO - <module> : Service Application exists
2023-01-09 15:36:49,223 - INFO - <module> : Service Application exists
2023-01-09 15:36:49,223 - INFO - <module> : Service Application exists
2023-01-09 15:36:49,223 - INFO - <module> : Service Application exists
2023-01-09 15:36:49,223 - INFO - <module> : Service Application exists
2023-01-09 15:36:52,211 - INFO - <module> : Click on Business
2023-01-09 15:36:52,211 - INFO - <module> : Click on Business
2023-01-09 15:36:52,211 - INFO - <module> : Click on Business
2023-01-09 15:36:52,211 - INFO - <module> : Click on Business
2023-01-09 15:36:52,211 - INFO - <module> : Click on Business
2023-01-09 15:36:52,280 - INFO - <module> : Clicked
2023-01-09 15:36:52,280 - INFO - <module> : Clicked
2023-01-09 15:36:52,280 - INFO - <module> : Clicked
2023-01-09 15:36:52,280 - INFO - <module> : Clicked
2023-01-09 15:36:52,280 - INFO - <module> : Clicked
2023-01-09 15:36:52,321 - INFO - <module> : INDIVIDUAL
Are you applying for your home or microbusiness? Get started by clicking an option below. exists
2023-01-09 15:36:52,321 - INFO - <module> : INDIVIDUAL
Are you applying for your home or microbusiness? Get started by clicking an option below. exists
2023-01-09 15:36:52,321 - INFO - <module> : INDIVIDUAL
Are you applying for your home or microbusiness? Get started by clicking an option below. exists
2023-01-09 15:36:52,321 - INFO - <module> : INDIVIDUAL
Are you applying for your home or microbusiness? Get started by clicking an option below. exists
2023-01-09 15:36:52,321 - INFO - <module> : INDIVIDUAL
Are you applying for your home or microbusiness? Get started by clicking an option below. exists
2023-01-09 15:36:52,371 - INFO - <module> : Start Service exists
2023-01-09 15:36:52,371 - INFO - <module> : Start Service exists
2023-01-09 15:36:52,371 - INFO - <module> : Start Service exists
2023-01-09 15:36:52,371 - INFO - <module> : Start Service exists
2023-01-09 15:36:52,371 - INFO - <module> : Start Service exists
2023-01-09 15:36:52,405 - INFO - <module> : Start Service exists
2023-01-09 15:36:52,405 - INFO - <module> : Start Service exists
2023-01-09 15:36:52,405 - INFO - <module> : Start Service exists
2023-01-09 15:36:52,405 - INFO - <module> : Start Service exists
2023-01-09 15:36:52,405 - INFO - <module> : Start Service exists
2023-01-09 15:36:52,433 - INFO - <module> : Start Service exists
2023-01-09 15:36:52,433 - INFO - <module> : Start Service exists
2023-01-09 15:36:52,433 - INFO - <module> : Start Service exists
2023-01-09 15:36:52,433 - INFO - <module> : Start Service exists
2023-01-09 15:36:52,433 - INFO - <module> : Start Service exists
2023-01-09 15:36:55,352 - INFO - <module> : Click on Start a Service
2023-01-09 15:36:55,352 - INFO - <module> : Click on Start a Service
2023-01-09 15:36:55,352 - INFO - <module> : Click on Start a Service
2023-01-09 15:36:55,352 - INFO - <module> : Click on Start a Service
2023-01-09 15:36:55,352 - INFO - <module> : Click on Start a Service
2023-01-09 15:36:55,426 - INFO - <module> : Clicked
2023-01-09 15:36:55,426 - INFO - <module> : Clicked
2023-01-09 15:36:55,426 - INFO - <module> : Clicked
2023-01-09 15:36:55,426 - INFO - <module> : Clicked
2023-01-09 15:36:55,426 - INFO - <module> : Clicked
2023-01-09 15:36:55,632 - INFO - <module> : Clicked
2023-01-09 15:36:55,632 - INFO - <module> : Clicked
2023-01-09 15:36:55,632 - INFO - <module> : Clicked
2023-01-09 15:36:55,632 - INFO - <module> : Clicked
2023-01-09 15:36:55,632 - INFO - <module> : Clicked
2023-01-09 15:36:57,890 - INFO - <module> : Start a Service exists
2023-01-09 15:36:57,890 - INFO - <module> : Start a Service exists
2023-01-09 15:36:57,890 - INFO - <module> : Start a Service exists
2023-01-09 15:36:57,890 - INFO - <module> : Start a Service exists
2023-01-09 15:36:57,890 - INFO - <module> : Start a Service exists
2023-01-09 15:37:00,814 - INFO - <module> : Click No
2023-01-09 15:37:00,814 - INFO - <module> : Click No
2023-01-09 15:37:00,814 - INFO - <module> : Click No
2023-01-09 15:37:00,814 - INFO - <module> : Click No
2023-01-09 15:37:00,814 - INFO - <module> : Click No
2023-01-09 15:37:00,929 - INFO - <module> : input: automation1
2023-01-09 15:37:00,929 - INFO - <module> : input: automation1
2023-01-09 15:37:00,929 - INFO - <module> : input: automation1
2023-01-09 15:37:00,929 - INFO - <module> : input: automation1
2023-01-09 15:37:00,929 - INFO - <module> : input: automation1
2023-01-09 15:37:01,016 - INFO - <module> : input: automation2
2023-01-09 15:37:01,016 - INFO - <module> : input: automation2
2023-01-09 15:37:01,016 - INFO - <module> : input: automation2
2023-01-09 15:37:01,016 - INFO - <module> : input: automation2
2023-01-09 15:37:01,016 - INFO - <module> : input: automation2
2023-01-09 15:37:01,055 - INFO - <module> : input: automation3
2023-01-09 15:37:01,055 - INFO - <module> : input: automation3
2023-01-09 15:37:01,055 - INFO - <module> : input: automation3
2023-01-09 15:37:01,055 - INFO - <module> : input: automation3
2023-01-09 15:37:01,055 - INFO - <module> : input: automation3
2023-01-09 15:37:01,122 - INFO - <module> : input: +63945113252
2023-01-09 15:37:01,122 - INFO - <module> : input: +63945113252
2023-01-09 15:37:01,122 - INFO - <module> : input: +63945113252
2023-01-09 15:37:01,122 - INFO - <module> : input: +63945113252
2023-01-09 15:37:01,122 - INFO - <module> : input: +63945113252
2023-01-09 15:37:01,185 - INFO - <module> : input: automation5
2023-01-09 15:37:01,185 - INFO - <module> : input: automation5
2023-01-09 15:37:01,185 - INFO - <module> : input: automation5
2023-01-09 15:37:01,185 - INFO - <module> : input: automation5
2023-01-09 15:37:01,185 - INFO - <module> : input: automation5
2023-01-09 15:37:01,256 - INFO - <module> : input: automation6
2023-01-09 15:37:01,256 - INFO - <module> : input: automation6
2023-01-09 15:37:01,256 - INFO - <module> : input: automation6
2023-01-09 15:37:01,256 - INFO - <module> : input: automation6
2023-01-09 15:37:01,256 - INFO - <module> : input: automation6
2023-01-09 15:37:01,350 - INFO - <module> : input: automation2@yopmail.com
2023-01-09 15:37:01,350 - INFO - <module> : input: automation2@yopmail.com
2023-01-09 15:37:01,350 - INFO - <module> : input: automation2@yopmail.com
2023-01-09 15:37:01,350 - INFO - <module> : input: automation2@yopmail.com
2023-01-09 15:37:01,350 - INFO - <module> : input: automation2@yopmail.com
2023-01-09 15:37:01,420 - INFO - <module> : input: +639234567891
2023-01-09 15:37:01,420 - INFO - <module> : input: +639234567891
2023-01-09 15:37:01,420 - INFO - <module> : input: +639234567891
2023-01-09 15:37:01,420 - INFO - <module> : input: +639234567891
2023-01-09 15:37:01,420 - INFO - <module> : input: +639234567891
2023-01-09 15:37:01,485 - INFO - <module> : input: manager
2023-01-09 15:37:01,485 - INFO - <module> : input: manager
2023-01-09 15:37:01,485 - INFO - <module> : input: manager
2023-01-09 15:37:01,485 - INFO - <module> : input: manager
2023-01-09 15:37:01,485 - INFO - <module> : input: manager
2023-01-09 15:37:03,752 - INFO - <module> : Clicked
2023-01-09 15:37:03,752 - INFO - <module> : Clicked
2023-01-09 15:37:03,752 - INFO - <module> : Clicked
2023-01-09 15:37:03,752 - INFO - <module> : Clicked
2023-01-09 15:37:03,752 - INFO - <module> : Clicked
2023-01-09 15:37:03,805 - INFO - <module> : 2NEW ADDRESS exists
2023-01-09 15:37:03,805 - INFO - <module> : 2NEW ADDRESS exists
2023-01-09 15:37:03,805 - INFO - <module> : 2NEW ADDRESS exists
2023-01-09 15:37:03,805 - INFO - <module> : 2NEW ADDRESS exists
2023-01-09 15:37:03,805 - INFO - <module> : 2NEW ADDRESS exists
2023-01-09 15:37:06,749 - INFO - <module> : Populate the following fields:
- Company Name
- Trade Name (Optional)
- Company Email Address (Optional)
- Company Landline
- First Name
- Last Name
- Email Address
- Mobile Number
- Designation

> Click Next
2023-01-09 15:37:06,749 - INFO - <module> : Populate the following fields:
- Company Name
- Trade Name (Optional)
- Company Email Address (Optional)
- Company Landline
- First Name
- Last Name
- Email Address
- Mobile Number
- Designation

> Click Next
2023-01-09 15:37:06,749 - INFO - <module> : Populate the following fields:
- Company Name
- Trade Name (Optional)
- Company Email Address (Optional)
- Company Landline
- First Name
- Last Name
- Email Address
- Mobile Number
- Designation

> Click Next
2023-01-09 15:37:06,749 - INFO - <module> : Populate the following fields:
- Company Name
- Trade Name (Optional)
- Company Email Address (Optional)
- Company Landline
- First Name
- Last Name
- Email Address
- Mobile Number
- Designation

> Click Next
2023-01-09 15:37:06,749 - INFO - <module> : Populate the following fields:
- Company Name
- Trade Name (Optional)
- Company Email Address (Optional)
- Company Landline
- First Name
- Last Name
- Email Address
- Mobile Number
- Designation

> Click Next
2023-01-09 15:37:06,843 - INFO - <module> : input: atsrviceadd
2023-01-09 15:37:06,843 - INFO - <module> : input: atsrviceadd
2023-01-09 15:37:06,843 - INFO - <module> : input: atsrviceadd
2023-01-09 15:37:06,843 - INFO - <module> : input: atsrviceadd
2023-01-09 15:37:06,843 - INFO - <module> : input: atsrviceadd
2023-01-09 15:37:06,913 - INFO - <module> : Clicked
2023-01-09 15:37:06,913 - INFO - <module> : Clicked
2023-01-09 15:37:06,913 - INFO - <module> : Clicked
2023-01-09 15:37:06,913 - INFO - <module> : Clicked
2023-01-09 15:37:06,913 - INFO - <module> : Clicked
2023-01-09 15:37:06,968 - INFO - <module> : Clicked
2023-01-09 15:37:06,968 - INFO - <module> : Clicked
2023-01-09 15:37:06,968 - INFO - <module> : Clicked
2023-01-09 15:37:06,968 - INFO - <module> : Clicked
2023-01-09 15:37:06,968 - INFO - <module> : Clicked
2023-01-09 15:37:07,034 - INFO - <module> : Clicked
2023-01-09 15:37:07,034 - INFO - <module> : Clicked
2023-01-09 15:37:07,034 - INFO - <module> : Clicked
2023-01-09 15:37:07,034 - INFO - <module> : Clicked
2023-01-09 15:37:07,034 - INFO - <module> : Clicked
2023-01-09 15:37:07,083 - INFO - <module> : Clicked
2023-01-09 15:37:07,083 - INFO - <module> : Clicked
2023-01-09 15:37:07,083 - INFO - <module> : Clicked
2023-01-09 15:37:07,083 - INFO - <module> : Clicked
2023-01-09 15:37:07,083 - INFO - <module> : Clicked
2023-01-09 15:37:07,151 - INFO - <module> : Clicked
2023-01-09 15:37:07,151 - INFO - <module> : Clicked
2023-01-09 15:37:07,151 - INFO - <module> : Clicked
2023-01-09 15:37:07,151 - INFO - <module> : Clicked
2023-01-09 15:37:07,151 - INFO - <module> : Clicked
2023-01-09 15:37:07,204 - INFO - <module> : Clicked
2023-01-09 15:37:07,204 - INFO - <module> : Clicked
2023-01-09 15:37:07,204 - INFO - <module> : Clicked
2023-01-09 15:37:07,204 - INFO - <module> : Clicked
2023-01-09 15:37:07,204 - INFO - <module> : Clicked
2023-01-09 15:37:07,255 - INFO - <module> : 3VALUE ADDED SERVICES exists
2023-01-09 15:37:07,255 - INFO - <module> : 3VALUE ADDED SERVICES exists
2023-01-09 15:37:07,255 - INFO - <module> : 3VALUE ADDED SERVICES exists
2023-01-09 15:37:07,255 - INFO - <module> : 3VALUE ADDED SERVICES exists
2023-01-09 15:37:07,255 - INFO - <module> : 3VALUE ADDED SERVICES exists
2023-01-09 15:37:10,232 - INFO - <module> : Populate the following:
Service Address
Province
City / Municipality
Home Ownership
Billing Address Indicator

> Click Next
2023-01-09 15:37:10,232 - INFO - <module> : Populate the following:
Service Address
Province
City / Municipality
Home Ownership
Billing Address Indicator

> Click Next
2023-01-09 15:37:10,232 - INFO - <module> : Populate the following:
Service Address
Province
City / Municipality
Home Ownership
Billing Address Indicator

> Click Next
2023-01-09 15:37:10,232 - INFO - <module> : Populate the following:
Service Address
Province
City / Municipality
Home Ownership
Billing Address Indicator

> Click Next
2023-01-09 15:37:10,232 - INFO - <module> : Populate the following:
Service Address
Province
City / Municipality
Home Ownership
Billing Address Indicator

> Click Next
2023-01-09 15:37:10,349 - INFO - <module> : Clicked
2023-01-09 15:37:10,349 - INFO - <module> : Clicked
2023-01-09 15:37:10,349 - INFO - <module> : Clicked
2023-01-09 15:37:10,349 - INFO - <module> : Clicked
2023-01-09 15:37:10,349 - INFO - <module> : Clicked
2023-01-09 15:37:13,350 - INFO - <module> : Clicked
2023-01-09 15:37:13,350 - INFO - <module> : Clicked
2023-01-09 15:37:13,350 - INFO - <module> : Clicked
2023-01-09 15:37:13,350 - INFO - <module> : Clicked
2023-01-09 15:37:13,350 - INFO - <module> : Clicked
2023-01-09 15:37:33,395 - INFO - <module> : Submit exists
2023-01-09 15:37:33,395 - INFO - <module> : Submit exists
2023-01-09 15:37:33,395 - INFO - <module> : Submit exists
2023-01-09 15:37:33,395 - INFO - <module> : Submit exists
2023-01-09 15:37:33,395 - INFO - <module> : Submit exists
2023-01-09 15:37:36,371 - INFO - <module> : Clicked
2023-01-09 15:37:36,371 - INFO - <module> : Clicked
2023-01-09 15:37:36,371 - INFO - <module> : Clicked
2023-01-09 15:37:36,371 - INFO - <module> : Clicked
2023-01-09 15:37:36,371 - INFO - <module> : Clicked
2023-01-09 15:37:47,494 - INFO - <module> : Clicked
2023-01-09 15:37:47,494 - INFO - <module> : Clicked
2023-01-09 15:37:47,494 - INFO - <module> : Clicked
2023-01-09 15:37:47,494 - INFO - <module> : Clicked
2023-01-09 15:37:47,494 - INFO - <module> : Clicked
2023-01-09 15:37:49,739 - INFO - <module> : TC051 Passed
2023-01-09 15:37:49,739 - INFO - <module> : TC051 Passed
2023-01-09 15:37:49,739 - INFO - <module> : TC051 Passed
2023-01-09 15:37:49,739 - INFO - <module> : TC051 Passed
2023-01-09 15:37:49,739 - INFO - <module> : TC051 Passed
2023-01-09 15:37:49,806 - INFO - setup : Close Browser
