2023-01-10 15:29:49,036 - INFO - setup : Browser Launched!
2023-01-10 15:30:00,567 - INFO - <module> : Go to Outages & Incidents > Report Streetlight And Safety Concerns
2023-01-10 15:30:00,567 - INFO - <module> : Go to Outages & Incidents > Report Streetlight And Safety Concerns
2023-01-10 15:30:00,567 - INFO - <module> : Go to Outages & Incidents > Report Streetlight And Safety Concerns
2023-01-10 15:30:00,567 - INFO - <module> : Go to Outages & Incidents > Report Streetlight And Safety Concerns
2023-01-10 15:30:00,567 - INFO - <module> : Go to Outages & Incidents > Report Streetlight And Safety Concerns
2023-01-10 15:30:03,668 - INFO - <module> : Opened: https://fuat-meralco.cs73.force.com/customers/s/outagemap
2023-01-10 15:30:03,668 - INFO - <module> : Opened: https://fuat-meralco.cs73.force.com/customers/s/outagemap
2023-01-10 15:30:03,668 - INFO - <module> : Opened: https://fuat-meralco.cs73.force.com/customers/s/outagemap
2023-01-10 15:30:03,668 - INFO - <module> : Opened: https://fuat-meralco.cs73.force.com/customers/s/outagemap
2023-01-10 15:30:03,668 - INFO - <module> : Opened: https://fuat-meralco.cs73.force.com/customers/s/outagemap
2023-01-10 15:30:13,238 - INFO - <module> : Meralco would like to access your location to identify if your area is affected by an outage. exists
2023-01-10 15:30:13,238 - INFO - <module> : Meralco would like to access your location to identify if your area is affected by an outage. exists
2023-01-10 15:30:13,238 - INFO - <module> : Meralco would like to access your location to identify if your area is affected by an outage. exists
2023-01-10 15:30:13,238 - INFO - <module> : Meralco would like to access your location to identify if your area is affected by an outage. exists
2023-01-10 15:30:13,238 - INFO - <module> : Meralco would like to access your location to identify if your area is affected by an outage. exists
2023-01-10 15:30:15,336 - INFO - <module> : Clicked
2023-01-10 15:30:15,336 - INFO - <module> : Clicked
2023-01-10 15:30:15,336 - INFO - <module> : Clicked
2023-01-10 15:30:15,336 - INFO - <module> : Clicked
2023-01-10 15:30:15,336 - INFO - <module> : Clicked
2023-01-10 15:30:19,437 - INFO - <module> : Clicked
2023-01-10 15:30:19,437 - INFO - <module> : Clicked
2023-01-10 15:30:19,437 - INFO - <module> : Clicked
2023-01-10 15:30:19,437 - INFO - <module> : Clicked
2023-01-10 15:30:19,437 - INFO - <module> : Clicked
2023-01-10 15:30:27,507 - INFO - <module> : Report an Outage or Incident exists
2023-01-10 15:30:27,507 - INFO - <module> : Report an Outage or Incident exists
2023-01-10 15:30:27,507 - INFO - <module> : Report an Outage or Incident exists
2023-01-10 15:30:27,507 - INFO - <module> : Report an Outage or Incident exists
2023-01-10 15:30:27,507 - INFO - <module> : Report an Outage or Incident exists
2023-01-10 15:30:27,570 - INFO - <module> : Clicked
2023-01-10 15:30:27,570 - INFO - <module> : Clicked
2023-01-10 15:30:27,570 - INFO - <module> : Clicked
2023-01-10 15:30:27,570 - INFO - <module> : Clicked
2023-01-10 15:30:27,570 - INFO - <module> : Clicked
2023-01-10 15:30:27,636 - INFO - <module> : Clicked
2023-01-10 15:30:27,636 - INFO - <module> : Clicked
2023-01-10 15:30:27,636 - INFO - <module> : Clicked
2023-01-10 15:30:27,636 - INFO - <module> : Clicked
2023-01-10 15:30:27,636 - INFO - <module> : Clicked
2023-01-10 15:30:28,191 - INFO - <module> : Clicked
2023-01-10 15:30:28,191 - INFO - <module> : Clicked
2023-01-10 15:30:28,191 - INFO - <module> : Clicked
2023-01-10 15:30:28,191 - INFO - <module> : Clicked
2023-01-10 15:30:28,191 - INFO - <module> : Clicked
2023-01-10 15:30:31,148 - INFO - <module> : Populate required fields > click Submit
2023-01-10 15:30:31,148 - INFO - <module> : Populate required fields > click Submit
2023-01-10 15:30:31,148 - INFO - <module> : Populate required fields > click Submit
2023-01-10 15:30:31,148 - INFO - <module> : Populate required fields > click Submit
2023-01-10 15:30:31,148 - INFO - <module> : Populate required fields > click Submit
2023-01-10 15:30:31,213 - INFO - <module> : Clicked
2023-01-10 15:30:31,213 - INFO - <module> : Clicked
2023-01-10 15:30:31,213 - INFO - <module> : Clicked
2023-01-10 15:30:31,213 - INFO - <module> : Clicked
2023-01-10 15:30:31,213 - INFO - <module> : Clicked
2023-01-10 15:30:31,779 - INFO - <module> : Clicked
2023-01-10 15:30:31,779 - INFO - <module> : Clicked
2023-01-10 15:30:31,779 - INFO - <module> : Clicked
2023-01-10 15:30:31,779 - INFO - <module> : Clicked
2023-01-10 15:30:31,779 - INFO - <module> : Clicked
2023-01-10 15:30:32,340 - INFO - <module> : Clicked
2023-01-10 15:30:32,340 - INFO - <module> : Clicked
2023-01-10 15:30:32,340 - INFO - <module> : Clicked
2023-01-10 15:30:32,340 - INFO - <module> : Clicked
2023-01-10 15:30:32,340 - INFO - <module> : Clicked
2023-01-10 15:30:33,414 - INFO - <module> : Clicked
2023-01-10 15:30:33,414 - INFO - <module> : Clicked
2023-01-10 15:30:33,414 - INFO - <module> : Clicked
2023-01-10 15:30:33,414 - INFO - <module> : Clicked
2023-01-10 15:30:33,414 - INFO - <module> : Clicked
2023-01-10 15:30:34,501 - INFO - <module> : Clicked
2023-01-10 15:30:34,501 - INFO - <module> : Clicked
2023-01-10 15:30:34,501 - INFO - <module> : Clicked
2023-01-10 15:30:34,501 - INFO - <module> : Clicked
2023-01-10 15:30:34,501 - INFO - <module> : Clicked
2023-01-10 15:30:34,591 - INFO - <module> : input: 123
2023-01-10 15:30:34,591 - INFO - <module> : input: 123
2023-01-10 15:30:34,591 - INFO - <module> : input: 123
2023-01-10 15:30:34,591 - INFO - <module> : input: 123
2023-01-10 15:30:34,591 - INFO - <module> : input: 123
2023-01-10 15:30:34,659 - INFO - <module> : Clicked
2023-01-10 15:30:34,659 - INFO - <module> : Clicked
2023-01-10 15:30:34,659 - INFO - <module> : Clicked
2023-01-10 15:30:34,659 - INFO - <module> : Clicked
2023-01-10 15:30:34,659 - INFO - <module> : Clicked
2023-01-10 15:30:34,703 - INFO - <module> : Clicked
2023-01-10 15:30:34,703 - INFO - <module> : Clicked
2023-01-10 15:30:34,703 - INFO - <module> : Clicked
2023-01-10 15:30:34,703 - INFO - <module> : Clicked
2023-01-10 15:30:34,703 - INFO - <module> : Clicked
2023-01-10 15:30:34,797 - INFO - <module> : input: Sample Text
2023-01-10 15:30:34,797 - INFO - <module> : input: Sample Text
2023-01-10 15:30:34,797 - INFO - <module> : input: Sample Text
2023-01-10 15:30:34,797 - INFO - <module> : input: Sample Text
2023-01-10 15:30:34,797 - INFO - <module> : input: Sample Text
2023-01-10 15:30:34,872 - INFO - <module> : input: sample
2023-01-10 15:30:34,872 - INFO - <module> : input: sample
2023-01-10 15:30:34,872 - INFO - <module> : input: sample
2023-01-10 15:30:34,872 - INFO - <module> : input: sample
2023-01-10 15:30:34,872 - INFO - <module> : input: sample
2023-01-10 15:30:34,957 - INFO - <module> : input: middle
2023-01-10 15:30:34,957 - INFO - <module> : input: middle
2023-01-10 15:30:34,957 - INFO - <module> : input: middle
2023-01-10 15:30:34,957 - INFO - <module> : input: middle
2023-01-10 15:30:34,957 - INFO - <module> : input: middle
2023-01-10 15:30:35,033 - INFO - <module> : input: report
2023-01-10 15:30:35,033 - INFO - <module> : input: report
2023-01-10 15:30:35,033 - INFO - <module> : input: report
2023-01-10 15:30:35,033 - INFO - <module> : input: report
2023-01-10 15:30:35,033 - INFO - <module> : input: report
2023-01-10 15:30:35,105 - INFO - <module> : input: +639276597262
2023-01-10 15:30:35,105 - INFO - <module> : input: +639276597262
2023-01-10 15:30:35,105 - INFO - <module> : input: +639276597262
2023-01-10 15:30:35,105 - INFO - <module> : input: +639276597262
2023-01-10 15:30:35,105 - INFO - <module> : input: +639276597262
2023-01-10 15:30:35,161 - INFO - <module> : input: 
2023-01-10 15:30:35,161 - INFO - <module> : input: 
2023-01-10 15:30:35,161 - INFO - <module> : input: 
2023-01-10 15:30:35,161 - INFO - <module> : input: 
2023-01-10 15:30:35,161 - INFO - <module> : input: 
2023-01-10 15:30:35,249 - INFO - <module> : input: testautomationoutage@yopmail.com
2023-01-10 15:30:35,249 - INFO - <module> : input: testautomationoutage@yopmail.com
2023-01-10 15:30:35,249 - INFO - <module> : input: testautomationoutage@yopmail.com
2023-01-10 15:30:35,249 - INFO - <module> : input: testautomationoutage@yopmail.com
2023-01-10 15:30:35,249 - INFO - <module> : input: testautomationoutage@yopmail.com
2023-01-10 15:30:35,296 - INFO - <module> : Clicked
2023-01-10 15:30:35,296 - INFO - <module> : Clicked
2023-01-10 15:30:35,296 - INFO - <module> : Clicked
2023-01-10 15:30:35,296 - INFO - <module> : Clicked
2023-01-10 15:30:35,296 - INFO - <module> : Clicked
2023-01-10 15:30:35,346 - INFO - <module> : Clicked
2023-01-10 15:30:35,346 - INFO - <module> : Clicked
2023-01-10 15:30:35,346 - INFO - <module> : Clicked
2023-01-10 15:30:35,346 - INFO - <module> : Clicked
2023-01-10 15:30:35,346 - INFO - <module> : Clicked
2023-01-10 15:30:35,399 - INFO - <module> : Clicked
2023-01-10 15:30:35,399 - INFO - <module> : Clicked
2023-01-10 15:30:35,399 - INFO - <module> : Clicked
2023-01-10 15:30:35,399 - INFO - <module> : Clicked
2023-01-10 15:30:35,399 - INFO - <module> : Clicked
2023-01-10 15:30:37,663 - INFO - <module> : Clicked
2023-01-10 15:30:37,663 - INFO - <module> : Clicked
2023-01-10 15:30:37,663 - INFO - <module> : Clicked
2023-01-10 15:30:37,663 - INFO - <module> : Clicked
2023-01-10 15:30:37,663 - INFO - <module> : Clicked
2023-01-10 15:30:45,922 - INFO - setup : Close Browser
