2022-10-18 14:00:59,483 - INFO - setup : Browser Launched!
2022-10-18 14:01:15,637 - INFO - <module> : Go to https://fuat-meralco.cs73.force.com/customers/s/outagemap
2022-10-18 14:01:15,637 - INFO - <module> : Go to https://fuat-meralco.cs73.force.com/customers/s/outagemap
2022-10-18 14:01:15,637 - INFO - <module> : Go to https://fuat-meralco.cs73.force.com/customers/s/outagemap
2022-10-18 14:01:15,637 - INFO - <module> : Go to https://fuat-meralco.cs73.force.com/customers/s/outagemap
2022-10-18 14:01:23,139 - INFO - <module> : Opened: https://fuat-meralco.cs73.force.com/customers/s/outagemap
2022-10-18 14:01:23,139 - INFO - <module> : Opened: https://fuat-meralco.cs73.force.com/customers/s/outagemap
2022-10-18 14:01:23,139 - INFO - <module> : Opened: https://fuat-meralco.cs73.force.com/customers/s/outagemap
2022-10-18 14:01:23,139 - INFO - <module> : Opened: https://fuat-meralco.cs73.force.com/customers/s/outagemap
2022-10-18 14:01:30,855 - INFO - <module> : On the left side, hover on tooltip beside Other Address
2022-10-18 14:01:30,855 - INFO - <module> : On the left side, hover on tooltip beside Other Address
2022-10-18 14:01:30,855 - INFO - <module> : On the left side, hover on tooltip beside Other Address
2022-10-18 14:01:30,855 - INFO - <module> : On the left side, hover on tooltip beside Other Address
2022-10-18 14:01:34,180 - INFO - <module> : Meralco would like to access your location to identify if your area is affected by an outage. exists
2022-10-18 14:01:34,180 - INFO - <module> : Meralco would like to access your location to identify if your area is affected by an outage. exists
2022-10-18 14:01:34,180 - INFO - <module> : Meralco would like to access your location to identify if your area is affected by an outage. exists
2022-10-18 14:01:34,180 - INFO - <module> : Meralco would like to access your location to identify if your area is affected by an outage. exists
2022-10-18 14:01:34,475 - INFO - <module> : Clicked
2022-10-18 14:01:34,475 - INFO - <module> : Clicked
2022-10-18 14:01:34,475 - INFO - <module> : Clicked
2022-10-18 14:01:34,475 - INFO - <module> : Clicked
2022-10-18 14:01:42,084 - INFO - <module> : Clicked
2022-10-18 14:01:42,084 - INFO - <module> : Clicked
2022-10-18 14:01:42,084 - INFO - <module> : Clicked
2022-10-18 14:01:42,084 - INFO - <module> : Clicked
2022-10-18 14:01:49,943 - INFO - setup : Close Browser
