2022-11-17 11:05:40,377 - INFO - setup : Browser Launched!
2022-11-17 11:05:47,336 - INFO - <module> : Go to Map Displays -> tick Scheduled Interruption -> tick Outage Pins
2022-11-17 11:05:47,336 - INFO - <module> : Go to Map Displays -> tick Scheduled Interruption -> tick Outage Pins
2022-11-17 11:05:47,336 - INFO - <module> : Go to Map Displays -> tick Scheduled Interruption -> tick Outage Pins
2022-11-17 11:05:47,336 - INFO - <module> : Go to Map Displays -> tick Scheduled Interruption -> tick Outage Pins
2022-11-17 11:05:49,007 - INFO - <module> : Opened: https://outage-api.meralco.com.ph/
2022-11-17 11:05:49,007 - INFO - <module> : Opened: https://outage-api.meralco.com.ph/
2022-11-17 11:05:49,007 - INFO - <module> : Opened: https://outage-api.meralco.com.ph/
2022-11-17 11:05:49,007 - INFO - <module> : Opened: https://outage-api.meralco.com.ph/
2022-11-17 11:05:50,712 - INFO - <module> : input: v-lvlgalvez@meralco.com.ph
2022-11-17 11:05:50,712 - INFO - <module> : input: v-lvlgalvez@meralco.com.ph
2022-11-17 11:05:50,712 - INFO - <module> : input: v-lvlgalvez@meralco.com.ph
2022-11-17 11:05:50,712 - INFO - <module> : input: v-lvlgalvez@meralco.com.ph
2022-11-17 11:05:50,769 - INFO - <module> : Clicked
2022-11-17 11:05:50,769 - INFO - <module> : Clicked
2022-11-17 11:05:50,769 - INFO - <module> : Clicked
2022-11-17 11:05:50,769 - INFO - <module> : Clicked
2022-11-17 11:05:52,347 - INFO - <module> : input: Mecopass@@!!121
2022-11-17 11:05:52,347 - INFO - <module> : input: Mecopass@@!!121
2022-11-17 11:05:52,347 - INFO - <module> : input: Mecopass@@!!121
2022-11-17 11:05:52,347 - INFO - <module> : input: Mecopass@@!!121
2022-11-17 11:05:52,854 - INFO - <module> : Clicked
2022-11-17 11:05:52,854 - INFO - <module> : Clicked
2022-11-17 11:05:52,854 - INFO - <module> : Clicked
2022-11-17 11:05:52,854 - INFO - <module> : Clicked
2022-11-17 11:05:53,444 - INFO - <module> : Clicked
2022-11-17 11:05:53,444 - INFO - <module> : Clicked
2022-11-17 11:05:53,444 - INFO - <module> : Clicked
2022-11-17 11:05:53,444 - INFO - <module> : Clicked
2022-11-17 11:06:38,925 - INFO - <module> : Clicked
2022-11-17 11:06:38,925 - INFO - <module> : Clicked
2022-11-17 11:06:38,925 - INFO - <module> : Clicked
2022-11-17 11:06:38,925 - INFO - <module> : Clicked
2022-11-17 11:07:10,999 - INFO - <module> : Clicked
2022-11-17 11:07:10,999 - INFO - <module> : Clicked
2022-11-17 11:07:10,999 - INFO - <module> : Clicked
2022-11-17 11:07:10,999 - INFO - <module> : Clicked
2022-11-17 11:07:13,068 - INFO - <module> : Clicked
2022-11-17 11:07:13,068 - INFO - <module> : Clicked
2022-11-17 11:07:13,068 - INFO - <module> : Clicked
2022-11-17 11:07:13,068 - INFO - <module> : Clicked
2022-11-17 11:07:15,147 - INFO - <module> : Clicked
2022-11-17 11:07:15,147 - INFO - <module> : Clicked
2022-11-17 11:07:15,147 - INFO - <module> : Clicked
2022-11-17 11:07:15,147 - INFO - <module> : Clicked
2022-11-17 11:07:18,763 - INFO - <module> : Go to Map Displays -> tick Scheduled Interruptions -> tick Outage pins
2022-11-17 11:07:18,763 - INFO - <module> : Go to Map Displays -> tick Scheduled Interruptions -> tick Outage pins
2022-11-17 11:07:18,763 - INFO - <module> : Go to Map Displays -> tick Scheduled Interruptions -> tick Outage pins
2022-11-17 11:07:18,763 - INFO - <module> : Go to Map Displays -> tick Scheduled Interruptions -> tick Outage pins
2022-11-17 11:07:22,113 - INFO - <module> : Go to Map Displays -> tick Scheduled Interruptions -> tick Outage pins
2022-11-17 11:07:22,113 - INFO - <module> : Go to Map Displays -> tick Scheduled Interruptions -> tick Outage pins
2022-11-17 11:07:22,113 - INFO - <module> : Go to Map Displays -> tick Scheduled Interruptions -> tick Outage pins
2022-11-17 11:07:22,113 - INFO - <module> : Go to Map Displays -> tick Scheduled Interruptions -> tick Outage pins
2022-11-17 11:07:22,291 - INFO - <module> : Clicked
2022-11-17 11:07:22,291 - INFO - <module> : Clicked
2022-11-17 11:07:22,291 - INFO - <module> : Clicked
2022-11-17 11:07:22,291 - INFO - <module> : Clicked
2022-11-17 11:07:24,778 - INFO - setup : Close Browser
