2022-10-21 12:45:27,985 - INFO - setup : Browser Launched!
2022-10-21 12:45:43,338 - INFO - <module> : Access outage reporting form for Guest users.
2022-10-21 12:45:43,338 - INFO - <module> : Access outage reporting form for Guest users.
2022-10-21 12:45:43,338 - INFO - <module> : Access outage reporting form for Guest users.
2022-10-21 12:45:43,338 - INFO - <module> : Access outage reporting form for Guest users.
2022-10-21 12:45:49,800 - INFO - <module> : Opened: https://fuat-meralco.cs73.force.com/customers/s/outagemap
2022-10-21 12:45:49,800 - INFO - <module> : Opened: https://fuat-meralco.cs73.force.com/customers/s/outagemap
2022-10-21 12:45:49,800 - INFO - <module> : Opened: https://fuat-meralco.cs73.force.com/customers/s/outagemap
2022-10-21 12:45:49,800 - INFO - <module> : Opened: https://fuat-meralco.cs73.force.com/customers/s/outagemap
2022-10-21 12:45:53,037 - INFO - <module> : Meralco would like to access your location to identify if your area is affected by an outage. exists
2022-10-21 12:45:53,037 - INFO - <module> : Meralco would like to access your location to identify if your area is affected by an outage. exists
2022-10-21 12:45:53,037 - INFO - <module> : Meralco would like to access your location to identify if your area is affected by an outage. exists
2022-10-21 12:45:53,037 - INFO - <module> : Meralco would like to access your location to identify if your area is affected by an outage. exists
2022-10-21 12:45:55,283 - INFO - <module> : Clicked
2022-10-21 12:45:55,283 - INFO - <module> : Clicked
2022-10-21 12:45:55,283 - INFO - <module> : Clicked
2022-10-21 12:45:55,283 - INFO - <module> : Clicked
2022-10-21 12:45:59,591 - INFO - <module> : Clicked
2022-10-21 12:45:59,591 - INFO - <module> : Clicked
2022-10-21 12:45:59,591 - INFO - <module> : Clicked
2022-10-21 12:45:59,591 - INFO - <module> : Clicked
2022-10-21 12:46:07,790 - INFO - <module> : Report an Outage or Incident exists
2022-10-21 12:46:07,790 - INFO - <module> : Report an Outage or Incident exists
2022-10-21 12:46:07,790 - INFO - <module> : Report an Outage or Incident exists
2022-10-21 12:46:07,790 - INFO - <module> : Report an Outage or Incident exists
2022-10-21 12:46:13,439 - INFO - <module> : Choose 'No Power - My house/building ' from the 'What are you reporting?' option.
2022-10-21 12:46:13,439 - INFO - <module> : Choose 'No Power - My house/building ' from the 'What are you reporting?' option.
2022-10-21 12:46:13,439 - INFO - <module> : Choose 'No Power - My house/building ' from the 'What are you reporting?' option.
2022-10-21 12:46:13,439 - INFO - <module> : Choose 'No Power - My house/building ' from the 'What are you reporting?' option.
2022-10-21 12:46:13,741 - INFO - <module> : Clicked
2022-10-21 12:46:13,741 - INFO - <module> : Clicked
2022-10-21 12:46:13,741 - INFO - <module> : Clicked
2022-10-21 12:46:13,741 - INFO - <module> : Clicked
2022-10-21 12:46:19,313 - INFO - <module> : Click the dropdown field for Q1.
2022-10-21 12:46:19,313 - INFO - <module> : Click the dropdown field for Q1.
2022-10-21 12:46:19,313 - INFO - <module> : Click the dropdown field for Q1.
2022-10-21 12:46:19,313 - INFO - <module> : Click the dropdown field for Q1.
2022-10-21 12:46:49,665 - ERROR - <module> : Cannot Locate: dropdown
2022-10-21 12:46:49,665 - ERROR - <module> : Cannot Locate: dropdown
2022-10-21 12:46:49,665 - ERROR - <module> : Cannot Locate: dropdown
2022-10-21 12:46:49,665 - ERROR - <module> : Cannot Locate: dropdown
2022-10-21 12:46:49,939 - INFO - setup : Close Browser
