2022-10-13 08:19:30,790 - INFO - setup : Browser Launched!
2022-10-13 08:19:37,651 - INFO - <module> : Go to External Map 
2022-10-13 08:19:37,651 - INFO - <module> : Go to External Map 
2022-10-13 08:19:37,651 - INFO - <module> : Go to External Map 
2022-10-13 08:19:39,616 - INFO - <module> : Opened: https://fuat-meralco.cs73.force.com/customers/s/outagemap
2022-10-13 08:19:39,616 - INFO - <module> : Opened: https://fuat-meralco.cs73.force.com/customers/s/outagemap
2022-10-13 08:19:39,616 - INFO - <module> : Opened: https://fuat-meralco.cs73.force.com/customers/s/outagemap
2022-10-13 08:19:51,480 - INFO - <module> : Meralco would like to access your location to identify if your area is affected by an outage. exists
2022-10-13 08:19:51,480 - INFO - <module> : Meralco would like to access your location to identify if your area is affected by an outage. exists
2022-10-13 08:19:51,480 - INFO - <module> : Meralco would like to access your location to identify if your area is affected by an outage. exists
2022-10-13 08:19:54,476 - INFO - <module> : Select weather information to be displayed
2022-10-13 08:19:54,476 - INFO - <module> : Select weather information to be displayed
2022-10-13 08:19:54,476 - INFO - <module> : Select weather information to be displayed
2022-10-13 08:19:54,598 - INFO - <module> : Disagree clicked
2022-10-13 08:19:54,598 - INFO - <module> : Disagree clicked
2022-10-13 08:19:54,598 - INFO - <module> : Disagree clicked
2022-10-13 08:19:55,114 - INFO - <module> :  clicked
2022-10-13 08:19:55,114 - INFO - <module> :  clicked
2022-10-13 08:19:55,114 - INFO - <module> :  clicked
2022-10-13 08:19:57,450 - INFO - <module> :  clicked
2022-10-13 08:19:57,450 - INFO - <module> :  clicked
2022-10-13 08:19:57,450 - INFO - <module> :  clicked
2022-10-13 08:19:58,018 - INFO - <module> : close clicked
2022-10-13 08:19:58,018 - INFO - <module> : close clicked
2022-10-13 08:19:58,018 - INFO - <module> : close clicked
2022-10-13 08:20:10,984 - INFO - <module> : Adjust outage map zoom level to greater than 8
2022-10-13 08:20:10,984 - INFO - <module> : Adjust outage map zoom level to greater than 8
2022-10-13 08:20:10,984 - INFO - <module> : Adjust outage map zoom level to greater than 8
2022-10-13 08:20:11,117 - INFO - <module> :  clicked
2022-10-13 08:20:11,117 - INFO - <module> :  clicked
2022-10-13 08:20:11,117 - INFO - <module> :  clicked
2022-10-13 08:20:11,289 - INFO - <module> : add clicked
2022-10-13 08:20:11,289 - INFO - <module> : add clicked
2022-10-13 08:20:11,289 - INFO - <module> : add clicked
2022-10-13 08:20:11,505 - INFO - <module> : add clicked
2022-10-13 08:20:11,505 - INFO - <module> : add clicked
2022-10-13 08:20:11,505 - INFO - <module> : add clicked
2022-10-13 08:20:11,705 - INFO - <module> : add clicked
2022-10-13 08:20:11,705 - INFO - <module> : add clicked
2022-10-13 08:20:11,705 - INFO - <module> : add clicked
2022-10-13 08:20:12,412 - INFO - <module> : add clicked
2022-10-13 08:20:12,412 - INFO - <module> : add clicked
2022-10-13 08:20:12,412 - INFO - <module> : add clicked
2022-10-13 08:20:12,601 - INFO - <module> : add clicked
2022-10-13 08:20:12,601 - INFO - <module> : add clicked
2022-10-13 08:20:12,601 - INFO - <module> : add clicked
2022-10-13 08:20:12,778 - INFO - <module> : add clicked
2022-10-13 08:20:12,778 - INFO - <module> : add clicked
2022-10-13 08:20:12,778 - INFO - <module> : add clicked
2022-10-13 08:20:12,945 - INFO - <module> : add clicked
2022-10-13 08:20:12,945 - INFO - <module> : add clicked
2022-10-13 08:20:12,945 - INFO - <module> : add clicked
2022-10-13 08:20:15,896 - INFO - <module> : Validate weather icons in Internal Map
2022-10-13 08:20:15,896 - INFO - <module> : Validate weather icons in Internal Map
2022-10-13 08:20:15,896 - INFO - <module> : Validate weather icons in Internal Map
2022-10-13 08:20:18,586 - INFO - setup : Close Browser
