2022-10-18 14:24:03,075 - INFO - setup : Browser Launched!
2022-10-18 14:24:26,034 - INFO - <module> : Go to https://fuat-meralco.cs73.force.com/customers/s/outagemap
2022-10-18 14:24:26,034 - INFO - <module> : Go to https://fuat-meralco.cs73.force.com/customers/s/outagemap
2022-10-18 14:24:26,034 - INFO - <module> : Go to https://fuat-meralco.cs73.force.com/customers/s/outagemap
2022-10-18 14:24:26,034 - INFO - <module> : Go to https://fuat-meralco.cs73.force.com/customers/s/outagemap
2022-10-18 14:24:36,617 - INFO - <module> : Opened: https://fuat-meralco.cs73.force.com/customers/s/outagemap
2022-10-18 14:24:36,617 - INFO - <module> : Opened: https://fuat-meralco.cs73.force.com/customers/s/outagemap
2022-10-18 14:24:36,617 - INFO - <module> : Opened: https://fuat-meralco.cs73.force.com/customers/s/outagemap
2022-10-18 14:24:36,617 - INFO - <module> : Opened: https://fuat-meralco.cs73.force.com/customers/s/outagemap
2022-10-18 14:24:45,609 - INFO - <module> : On the left side, hover on tooltip beside Other Address
2022-10-18 14:24:45,609 - INFO - <module> : On the left side, hover on tooltip beside Other Address
2022-10-18 14:24:45,609 - INFO - <module> : On the left side, hover on tooltip beside Other Address
2022-10-18 14:24:45,609 - INFO - <module> : On the left side, hover on tooltip beside Other Address
2022-10-18 14:24:48,890 - INFO - <module> : Meralco would like to access your location to identify if your area is affected by an outage. exists
2022-10-18 14:24:48,890 - INFO - <module> : Meralco would like to access your location to identify if your area is affected by an outage. exists
2022-10-18 14:24:48,890 - INFO - <module> : Meralco would like to access your location to identify if your area is affected by an outage. exists
2022-10-18 14:24:48,890 - INFO - <module> : Meralco would like to access your location to identify if your area is affected by an outage. exists
2022-10-18 14:24:49,212 - INFO - <module> : Clicked
2022-10-18 14:24:49,212 - INFO - <module> : Clicked
2022-10-18 14:24:49,212 - INFO - <module> : Clicked
2022-10-18 14:24:49,212 - INFO - <module> : Clicked
2022-10-18 14:24:56,591 - INFO - <module> : Clicked
2022-10-18 14:24:56,591 - INFO - <module> : Clicked
2022-10-18 14:24:56,591 - INFO - <module> : Clicked
2022-10-18 14:24:56,591 - INFO - <module> : Clicked
2022-10-18 14:25:04,977 - INFO - setup : Close Browser
