2023-01-10 19:23:22,445 - INFO - setup : Browser Launched!
2023-01-10 19:23:50,152 - INFO - <module> : input: atconcernsingle@yopmail.com
2023-01-10 19:23:50,152 - INFO - <module> : input: atconcernsingle@yopmail.com
2023-01-10 19:23:50,152 - INFO - <module> : input: atconcernsingle@yopmail.com
2023-01-10 19:23:50,152 - INFO - <module> : input: atconcernsingle@yopmail.com
2023-01-10 19:23:50,495 - INFO - <module> : input: Meralco01
2023-01-10 19:23:50,495 - INFO - <module> : input: Meralco01
2023-01-10 19:23:50,495 - INFO - <module> : input: Meralco01
2023-01-10 19:23:50,495 - INFO - <module> : input: Meralco01
2023-01-10 19:23:51,409 - INFO - <module> : Clicked
2023-01-10 19:23:51,409 - INFO - <module> : Clicked
2023-01-10 19:23:51,409 - INFO - <module> : Clicked
2023-01-10 19:23:51,409 - INFO - <module> : Clicked
2023-01-10 19:23:56,364 - INFO - <module> : Hello, exists
2023-01-10 19:23:56,364 - INFO - <module> : Hello, exists
2023-01-10 19:23:56,364 - INFO - <module> : Hello, exists
2023-01-10 19:23:56,364 - INFO - <module> : Hello, exists
2023-01-10 19:23:56,458 - INFO - <module> : AT SINGLE clicked
2023-01-10 19:23:56,458 - INFO - <module> : AT SINGLE clicked
2023-01-10 19:23:56,458 - INFO - <module> : AT SINGLE clicked
2023-01-10 19:23:56,458 - INFO - <module> : AT SINGLE clicked
2023-01-10 19:23:56,625 - INFO - <module> :  clicked
2023-01-10 19:23:56,625 - INFO - <module> :  clicked
2023-01-10 19:23:56,625 - INFO - <module> :  clicked
2023-01-10 19:23:56,625 - INFO - <module> :  clicked
2023-01-10 19:24:02,316 - INFO - <module> : Clicked
2023-01-10 19:24:02,316 - INFO - <module> : Clicked
2023-01-10 19:24:02,316 - INFO - <module> : Clicked
2023-01-10 19:24:02,316 - INFO - <module> : Clicked
2023-01-10 19:24:04,945 - INFO - <module> : input: 6321234543
2023-01-10 19:24:04,945 - INFO - <module> : input: 6321234543
2023-01-10 19:24:04,945 - INFO - <module> : input: 6321234543
2023-01-10 19:24:04,945 - INFO - <module> : input: 6321234543
2023-01-10 19:24:05,304 - INFO - <module> : Clicked
2023-01-10 19:24:05,304 - INFO - <module> : Clicked
2023-01-10 19:24:05,304 - INFO - <module> : Clicked
2023-01-10 19:24:05,304 - INFO - <module> : Clicked
2023-01-10 19:24:07,591 - INFO - setup : Close Browser
