2023-01-11 13:56:33,997 - INFO - setup : Browser Launched!
2023-01-11 13:57:09,769 - INFO - <module> : Opened: https://fuat-meralco.cs73.force.com/customers/s/cxe-apply
2023-01-11 13:57:09,769 - INFO - <module> : Opened: https://fuat-meralco.cs73.force.com/customers/s/cxe-apply
2023-01-11 13:57:09,769 - INFO - <module> : Opened: https://fuat-meralco.cs73.force.com/customers/s/cxe-apply
2023-01-11 13:57:09,769 - INFO - <module> : Opened: https://fuat-meralco.cs73.force.com/customers/s/cxe-apply
2023-01-11 13:57:09,769 - INFO - <module> : Opened: https://fuat-meralco.cs73.force.com/customers/s/cxe-apply
2023-01-11 13:57:10,534 - INFO - <module> : Service Application exists
2023-01-11 13:57:10,534 - INFO - <module> : Service Application exists
2023-01-11 13:57:10,534 - INFO - <module> : Service Application exists
2023-01-11 13:57:10,534 - INFO - <module> : Service Application exists
2023-01-11 13:57:10,534 - INFO - <module> : Service Application exists
2023-01-11 13:57:13,714 - INFO - <module> : Clicked
2023-01-11 13:57:13,714 - INFO - <module> : Clicked
2023-01-11 13:57:13,714 - INFO - <module> : Clicked
2023-01-11 13:57:13,714 - INFO - <module> : Clicked
2023-01-11 13:57:13,714 - INFO - <module> : Clicked
2023-01-11 13:57:16,367 - INFO - <module> : Clicked
2023-01-11 13:57:16,367 - INFO - <module> : Clicked
2023-01-11 13:57:16,367 - INFO - <module> : Clicked
2023-01-11 13:57:16,367 - INFO - <module> : Clicked
2023-01-11 13:57:16,367 - INFO - <module> : Clicked
2023-01-11 13:57:49,374 - INFO - setup : Close Browser
