2022-12-21 17:32:25,808 - INFO - setup : Browser Launched!
2022-12-21 17:33:01,335 - INFO - <module> : Login to Meralco Online
2022-12-21 17:33:01,335 - INFO - <module> : Login to Meralco Online
2022-12-21 17:33:01,335 - INFO - <module> : Login to Meralco Online
2022-12-21 17:33:01,335 - INFO - <module> : Login to Meralco Online
2022-12-21 17:33:04,956 - INFO - <module> : input: ATNewSAMObiz@yopmail.com
2022-12-21 17:33:04,956 - INFO - <module> : input: ATNewSAMObiz@yopmail.com
2022-12-21 17:33:04,956 - INFO - <module> : input: ATNewSAMObiz@yopmail.com
2022-12-21 17:33:04,956 - INFO - <module> : input: ATNewSAMObiz@yopmail.com
2022-12-21 17:33:05,378 - INFO - <module> : input: Meralco01
2022-12-21 17:33:05,378 - INFO - <module> : input: Meralco01
2022-12-21 17:33:05,378 - INFO - <module> : input: Meralco01
2022-12-21 17:33:05,378 - INFO - <module> : input: Meralco01
2022-12-21 17:33:06,360 - INFO - <module> : Clicked
2022-12-21 17:33:06,360 - INFO - <module> : Clicked
2022-12-21 17:33:06,360 - INFO - <module> : Clicked
2022-12-21 17:33:06,360 - INFO - <module> : Clicked
2022-12-21 17:33:12,152 - INFO - <module> : Hello, exists
2022-12-21 17:33:12,152 - INFO - <module> : Hello, exists
2022-12-21 17:33:12,152 - INFO - <module> : Hello, exists
2022-12-21 17:33:12,152 - INFO - <module> : Hello, exists
2022-12-21 17:33:25,204 - INFO - <module> : Click on Request for a Service tile
2022-12-21 17:33:25,204 - INFO - <module> : Click on Request for a Service tile
2022-12-21 17:33:25,204 - INFO - <module> : Click on Request for a Service tile
2022-12-21 17:33:25,204 - INFO - <module> : Click on Request for a Service tile
2022-12-21 17:33:28,564 - INFO - <module> : Clicked
2022-12-21 17:33:28,564 - INFO - <module> : Clicked
2022-12-21 17:33:28,564 - INFO - <module> : Clicked
2022-12-21 17:33:28,564 - INFO - <module> : Clicked
2022-12-21 17:33:33,827 - INFO - <module> :  clicked
2022-12-21 17:33:33,827 - INFO - <module> :  clicked
2022-12-21 17:33:33,827 - INFO - <module> :  clicked
2022-12-21 17:33:33,827 - INFO - <module> :  clicked
2022-12-21 17:33:39,453 - INFO - <module> : Populate all required fields in Contact Information tab > Click Next
2022-12-21 17:33:39,453 - INFO - <module> : Populate all required fields in Contact Information tab > Click Next
2022-12-21 17:33:39,453 - INFO - <module> : Populate all required fields in Contact Information tab > Click Next
2022-12-21 17:33:39,453 - INFO - <module> : Populate all required fields in Contact Information tab > Click Next
2022-12-21 17:33:47,097 - INFO - <module> : Clicked
2022-12-21 17:33:47,097 - INFO - <module> : Clicked
2022-12-21 17:33:47,097 - INFO - <module> : Clicked
2022-12-21 17:33:47,097 - INFO - <module> : Clicked
2022-12-21 17:33:52,754 - INFO - <module> : Populate the following:
Service Address
Province
City / Municipality
Home Ownership
Billing Address Indicator
2022-12-21 17:33:52,754 - INFO - <module> : Populate the following:
Service Address
Province
City / Municipality
Home Ownership
Billing Address Indicator
2022-12-21 17:33:52,754 - INFO - <module> : Populate the following:
Service Address
Province
City / Municipality
Home Ownership
Billing Address Indicator
2022-12-21 17:33:52,754 - INFO - <module> : Populate the following:
Service Address
Province
City / Municipality
Home Ownership
Billing Address Indicator
2022-12-21 17:33:53,048 - INFO - <module> : input: 123 Santo Tomas
2022-12-21 17:33:53,048 - INFO - <module> : input: 123 Santo Tomas
2022-12-21 17:33:53,048 - INFO - <module> : input: 123 Santo Tomas
2022-12-21 17:33:53,048 - INFO - <module> : input: 123 Santo Tomas
2022-12-21 17:33:56,129 - INFO - <module> : Clicked
2022-12-21 17:33:56,129 - INFO - <module> : Clicked
2022-12-21 17:33:56,129 - INFO - <module> : Clicked
2022-12-21 17:33:56,129 - INFO - <module> : Clicked
2022-12-21 17:34:01,672 - INFO - <module> : Populate the following:
Notification indicator
AMC indicator
Paperless Billing indicator
APA indicator
> Attach documents
> Click Next
2022-12-21 17:34:01,672 - INFO - <module> : Populate the following:
Notification indicator
AMC indicator
Paperless Billing indicator
APA indicator
> Attach documents
> Click Next
2022-12-21 17:34:01,672 - INFO - <module> : Populate the following:
Notification indicator
AMC indicator
Paperless Billing indicator
APA indicator
> Attach documents
> Click Next
2022-12-21 17:34:01,672 - INFO - <module> : Populate the following:
Notification indicator
AMC indicator
Paperless Billing indicator
APA indicator
> Attach documents
> Click Next
2022-12-21 17:34:04,469 - INFO - <module> : Clicked
2022-12-21 17:34:04,469 - INFO - <module> : Clicked
2022-12-21 17:34:04,469 - INFO - <module> : Clicked
2022-12-21 17:34:04,469 - INFO - <module> : Clicked
2022-12-21 17:34:10,046 - INFO - <module> : Tick on I have read and agree to the Meralco Online Terms & Conditions and consent to the processing of my personal data in accordance with the Privacy Policy
2022-12-21 17:34:10,046 - INFO - <module> : Tick on I have read and agree to the Meralco Online Terms & Conditions and consent to the processing of my personal data in accordance with the Privacy Policy
2022-12-21 17:34:10,046 - INFO - <module> : Tick on I have read and agree to the Meralco Online Terms & Conditions and consent to the processing of my personal data in accordance with the Privacy Policy
2022-12-21 17:34:10,046 - INFO - <module> : Tick on I have read and agree to the Meralco Online Terms & Conditions and consent to the processing of my personal data in accordance with the Privacy Policy
2022-12-21 17:34:32,803 - INFO - <module> : Clicked
2022-12-21 17:34:32,803 - INFO - <module> : Clicked
2022-12-21 17:34:32,803 - INFO - <module> : Clicked
2022-12-21 17:34:32,803 - INFO - <module> : Clicked
2022-12-21 17:34:33,334 - INFO - <module> : Click Submit
2022-12-21 17:34:33,334 - INFO - <module> : Click Submit
2022-12-21 17:34:33,334 - INFO - <module> : Click Submit
2022-12-21 17:34:33,334 - INFO - <module> : Click Submit
2022-12-21 17:34:40,717 - INFO - <module> : Clicked
2022-12-21 17:34:40,717 - INFO - <module> : Clicked
2022-12-21 17:34:40,717 - INFO - <module> : Clicked
2022-12-21 17:34:40,717 - INFO - <module> : Clicked
2022-12-21 17:34:41,344 - INFO - <module> : Clicked
2022-12-21 17:34:41,344 - INFO - <module> : Clicked
2022-12-21 17:34:41,344 - INFO - <module> : Clicked
2022-12-21 17:34:41,344 - INFO - <module> : Clicked
2022-12-21 17:34:53,448 - INFO - <module> : Clicked
2022-12-21 17:34:53,448 - INFO - <module> : Clicked
2022-12-21 17:34:53,448 - INFO - <module> : Clicked
2022-12-21 17:34:53,448 - INFO - <module> : Clicked
2022-12-21 17:34:57,349 - INFO - <module> : Validate email notification
2022-12-21 17:34:57,349 - INFO - <module> : Validate email notification
2022-12-21 17:34:57,349 - INFO - <module> : Validate email notification
2022-12-21 17:34:57,349 - INFO - <module> : Validate email notification
2022-12-21 17:35:08,723 - INFO - <module> : Opened: https://yopmail.com/en/
2022-12-21 17:35:08,723 - INFO - <module> : Opened: https://yopmail.com/en/
2022-12-21 17:35:08,723 - INFO - <module> : Opened: https://yopmail.com/en/
2022-12-21 17:35:08,723 - INFO - <module> : Opened: https://yopmail.com/en/
2022-12-21 17:35:09,593 - INFO - <module> : input: ATNewSAMObiz@yopmail.com
2022-12-21 17:35:09,593 - INFO - <module> : input: ATNewSAMObiz@yopmail.com
2022-12-21 17:35:09,593 - INFO - <module> : input: ATNewSAMObiz@yopmail.com
2022-12-21 17:35:09,593 - INFO - <module> : input: ATNewSAMObiz@yopmail.com
2022-12-21 17:35:11,807 - INFO - <module> : Clicked
2022-12-21 17:35:11,807 - INFO - <module> : Clicked
2022-12-21 17:35:11,807 - INFO - <module> : Clicked
2022-12-21 17:35:11,807 - INFO - <module> : Clicked
2022-12-21 17:35:14,412 - INFO - setup : Close Browser
