2022-10-14 12:56:49,454 - INFO - setup : Browser Launched!
2022-10-14 12:56:57,710 - INFO - <module> : Go to https://fuat-meralco.cs73.force.com/customers/s/outagemap
2022-10-14 12:56:57,710 - INFO - <module> : Go to https://fuat-meralco.cs73.force.com/customers/s/outagemap
2022-10-14 12:56:57,710 - INFO - <module> : Go to https://fuat-meralco.cs73.force.com/customers/s/outagemap
2022-10-14 12:56:57,710 - INFO - <module> : Go to https://fuat-meralco.cs73.force.com/customers/s/outagemap
2022-10-14 12:57:01,975 - INFO - <module> : Opened: https://fuat-meralco.cs73.force.com/customers/s/outagemap
2022-10-14 12:57:01,975 - INFO - <module> : Opened: https://fuat-meralco.cs73.force.com/customers/s/outagemap
2022-10-14 12:57:01,975 - INFO - <module> : Opened: https://fuat-meralco.cs73.force.com/customers/s/outagemap
2022-10-14 12:57:01,975 - INFO - <module> : Opened: https://fuat-meralco.cs73.force.com/customers/s/outagemap
2022-10-14 12:57:07,304 - INFO - <module> : Disagree clicked
2022-10-14 12:57:07,304 - INFO - <module> : Disagree clicked
2022-10-14 12:57:07,304 - INFO - <module> : Disagree clicked
2022-10-14 12:57:07,304 - INFO - <module> : Disagree clicked
2022-10-14 12:57:14,355 - INFO - <module> : Click on Refresh button beside label Updated as of <date & time>
2022-10-14 12:57:14,355 - INFO - <module> : Click on Refresh button beside label Updated as of <date & time>
2022-10-14 12:57:14,355 - INFO - <module> : Click on Refresh button beside label Updated as of <date & time>
2022-10-14 12:57:14,355 - INFO - <module> : Click on Refresh button beside label Updated as of <date & time>
2022-10-14 12:57:14,496 - INFO - <module> : refresh clicked
2022-10-14 12:57:14,496 - INFO - <module> : refresh clicked
2022-10-14 12:57:14,496 - INFO - <module> : refresh clicked
2022-10-14 12:57:14,496 - INFO - <module> : refresh clicked
2022-10-14 12:57:26,555 - INFO - <module> : Login to Meralco Online
2022-10-14 12:57:26,555 - INFO - <module> : Login to Meralco Online
2022-10-14 12:57:26,555 - INFO - <module> : Login to Meralco Online
2022-10-14 12:57:26,555 - INFO - <module> : Login to Meralco Online
2022-10-14 12:57:27,754 - INFO - <module> : Opened: https://fuat-meralco.cs73.force.com/customers/s/splash
2022-10-14 12:57:27,754 - INFO - <module> : Opened: https://fuat-meralco.cs73.force.com/customers/s/splash
2022-10-14 12:57:27,754 - INFO - <module> : Opened: https://fuat-meralco.cs73.force.com/customers/s/splash
2022-10-14 12:57:27,754 - INFO - <module> : Opened: https://fuat-meralco.cs73.force.com/customers/s/splash
2022-10-14 12:57:27,963 - INFO - <module> : input: atmooutageaccount@yopmail.com
2022-10-14 12:57:27,963 - INFO - <module> : input: atmooutageaccount@yopmail.com
2022-10-14 12:57:27,963 - INFO - <module> : input: atmooutageaccount@yopmail.com
2022-10-14 12:57:27,963 - INFO - <module> : input: atmooutageaccount@yopmail.com
2022-10-14 12:57:28,029 - INFO - <module> : input: Meralco01
2022-10-14 12:57:28,029 - INFO - <module> : input: Meralco01
2022-10-14 12:57:28,029 - INFO - <module> : input: Meralco01
2022-10-14 12:57:28,029 - INFO - <module> : input: Meralco01
2022-10-14 12:57:28,085 - INFO - <module> : Log in clicked
2022-10-14 12:57:28,085 - INFO - <module> : Log in clicked
2022-10-14 12:57:28,085 - INFO - <module> : Log in clicked
2022-10-14 12:57:28,085 - INFO - <module> : Log in clicked
2022-10-14 12:57:31,549 - INFO - <module> : Hello, exists
2022-10-14 12:57:31,549 - INFO - <module> : Hello, exists
2022-10-14 12:57:31,549 - INFO - <module> : Hello, exists
2022-10-14 12:57:31,549 - INFO - <module> : Hello, exists
2022-10-14 12:57:31,569 - INFO - <module> : Hello, exists
2022-10-14 12:57:31,569 - INFO - <module> : Hello, exists
2022-10-14 12:57:31,569 - INFO - <module> : Hello, exists
2022-10-14 12:57:31,569 - INFO - <module> : Hello, exists
2022-10-14 12:57:34,301 - INFO - <module> : Go to Outages & Incidents > View/Report Outages
2022-10-14 12:57:34,301 - INFO - <module> : Go to Outages & Incidents > View/Report Outages
2022-10-14 12:57:34,301 - INFO - <module> : Go to Outages & Incidents > View/Report Outages
2022-10-14 12:57:34,301 - INFO - <module> : Go to Outages & Incidents > View/Report Outages
2022-10-14 12:57:34,391 - INFO - <module> : Outages & Incidents clicked
2022-10-14 12:57:34,391 - INFO - <module> : Outages & Incidents clicked
2022-10-14 12:57:34,391 - INFO - <module> : Outages & Incidents clicked
2022-10-14 12:57:34,391 - INFO - <module> : Outages & Incidents clicked
2022-10-14 12:57:34,443 - INFO - <module> :  clicked
2022-10-14 12:57:34,443 - INFO - <module> :  clicked
2022-10-14 12:57:34,443 - INFO - <module> :  clicked
2022-10-14 12:57:34,443 - INFO - <module> :  clicked
2022-10-14 12:57:40,597 - INFO - <module> : Okay clicked
2022-10-14 12:57:40,597 - INFO - <module> : Okay clicked
2022-10-14 12:57:40,597 - INFO - <module> : Okay clicked
2022-10-14 12:57:40,597 - INFO - <module> : Okay clicked
2022-10-14 12:57:43,435 - INFO - <module> : Click on Refresh button beside label Updated as of <date & time>
2022-10-14 12:57:43,435 - INFO - <module> : Click on Refresh button beside label Updated as of <date & time>
2022-10-14 12:57:43,435 - INFO - <module> : Click on Refresh button beside label Updated as of <date & time>
2022-10-14 12:57:43,435 - INFO - <module> : Click on Refresh button beside label Updated as of <date & time>
2022-10-14 12:57:43,622 - INFO - <module> : refresh clicked
2022-10-14 12:57:43,622 - INFO - <module> : refresh clicked
2022-10-14 12:57:43,622 - INFO - <module> : refresh clicked
2022-10-14 12:57:43,622 - INFO - <module> : refresh clicked
2022-10-14 12:57:55,022 - INFO - setup : Close Browser
