2023-01-05 09:58:37,603 - INFO - setup : Browser Launched!
2023-01-05 09:59:17,556 - INFO - <module> : Opened: https://fuat-meralco.cs73.force.com/customers/s/cxe-apply
2023-01-05 09:59:17,556 - INFO - <module> : Opened: https://fuat-meralco.cs73.force.com/customers/s/cxe-apply
2023-01-05 09:59:17,556 - INFO - <module> : Opened: https://fuat-meralco.cs73.force.com/customers/s/cxe-apply
2023-01-05 09:59:17,556 - INFO - <module> : Opened: https://fuat-meralco.cs73.force.com/customers/s/cxe-apply
2023-01-05 09:59:23,812 - INFO - <module> : Service Application exists
2023-01-05 09:59:23,812 - INFO - <module> : Service Application exists
2023-01-05 09:59:23,812 - INFO - <module> : Service Application exists
2023-01-05 09:59:23,812 - INFO - <module> : Service Application exists
2023-01-05 09:59:27,173 - INFO - <module> : Clicked
2023-01-05 09:59:27,173 - INFO - <module> : Clicked
2023-01-05 09:59:27,173 - INFO - <module> : Clicked
2023-01-05 09:59:27,173 - INFO - <module> : Clicked
2023-01-05 09:59:30,540 - INFO - <module> : Clicked
2023-01-05 09:59:30,540 - INFO - <module> : Clicked
2023-01-05 09:59:30,540 - INFO - <module> : Clicked
2023-01-05 09:59:30,540 - INFO - <module> : Clicked
2023-01-05 09:59:46,389 - INFO - <module> : Clicked
2023-01-05 09:59:46,389 - INFO - <module> : Clicked
2023-01-05 09:59:46,389 - INFO - <module> : Clicked
2023-01-05 09:59:46,389 - INFO - <module> : Clicked
2023-01-05 09:59:52,648 - INFO - <module> : input: atcontFname
2023-01-05 09:59:52,648 - INFO - <module> : input: atcontFname
2023-01-05 09:59:52,648 - INFO - <module> : input: atcontFname
2023-01-05 09:59:52,648 - INFO - <module> : input: atcontFname
2023-01-05 09:59:52,984 - INFO - <module> : input: atcontLname
2023-01-05 09:59:52,984 - INFO - <module> : input: atcontLname
2023-01-05 09:59:52,984 - INFO - <module> : input: atcontLname
2023-01-05 09:59:52,984 - INFO - <module> : input: atcontLname
2023-01-05 10:00:25,551 - ERROR - <module> : Cannot Locate: business_name
2023-01-05 10:00:25,551 - ERROR - <module> : Cannot Locate: business_name
2023-01-05 10:00:25,551 - ERROR - <module> : Cannot Locate: business_name
2023-01-05 10:00:25,551 - ERROR - <module> : Cannot Locate: business_name
2023-01-05 10:00:25,847 - INFO - setup : Close Browser
