2022-10-26 10:42:22,179 - INFO - setup : Browser Launched!
2022-10-26 10:42:31,546 - INFO - <module> : Go to External Map 
2022-10-26 10:42:31,546 - INFO - <module> : Go to External Map 
2022-10-26 10:42:31,546 - INFO - <module> : Go to External Map 
2022-10-26 10:42:31,546 - INFO - <module> : Go to External Map 
2022-10-26 10:42:31,761 - INFO - <module> : input: atmooutageaccount@yopmail.com
2022-10-26 10:42:31,761 - INFO - <module> : input: atmooutageaccount@yopmail.com
2022-10-26 10:42:31,761 - INFO - <module> : input: atmooutageaccount@yopmail.com
2022-10-26 10:42:31,761 - INFO - <module> : input: atmooutageaccount@yopmail.com
2022-10-26 10:42:31,897 - INFO - <module> : input: Meralco01
2022-10-26 10:42:31,897 - INFO - <module> : input: Meralco01
2022-10-26 10:42:31,897 - INFO - <module> : input: Meralco01
2022-10-26 10:42:31,897 - INFO - <module> : input: Meralco01
2022-10-26 10:42:31,959 - INFO - <module> : Clicked
2022-10-26 10:42:31,959 - INFO - <module> : Clicked
2022-10-26 10:42:31,959 - INFO - <module> : Clicked
2022-10-26 10:42:31,959 - INFO - <module> : Clicked
2022-10-26 10:42:35,908 - INFO - <module> : Hello, exists
2022-10-26 10:42:35,908 - INFO - <module> : Hello, exists
2022-10-26 10:42:35,908 - INFO - <module> : Hello, exists
2022-10-26 10:42:35,908 - INFO - <module> : Hello, exists
2022-10-26 10:42:35,931 - INFO - <module> : Hello, exists
2022-10-26 10:42:35,931 - INFO - <module> : Hello, exists
2022-10-26 10:42:35,931 - INFO - <module> : Hello, exists
2022-10-26 10:42:35,931 - INFO - <module> : Hello, exists
2022-10-26 10:42:38,422 - INFO - <module> : Clicked
2022-10-26 10:42:38,422 - INFO - <module> : Clicked
2022-10-26 10:42:38,422 - INFO - <module> : Clicked
2022-10-26 10:42:38,422 - INFO - <module> : Clicked
2022-10-26 10:42:38,496 - INFO - <module> :  clicked
2022-10-26 10:42:38,496 - INFO - <module> :  clicked
2022-10-26 10:42:38,496 - INFO - <module> :  clicked
2022-10-26 10:42:38,496 - INFO - <module> :  clicked
2022-10-26 10:42:44,933 - INFO - setup : Close Browser
