2022-11-17 11:21:58,965 - INFO - setup : Browser Launched!
2022-11-17 11:22:05,566 - INFO - <module> : Go to Map Displays -> tick Scheduled Interruption -> tick Outage Pins
2022-11-17 11:22:05,566 - INFO - <module> : Go to Map Displays -> tick Scheduled Interruption -> tick Outage Pins
2022-11-17 11:22:05,566 - INFO - <module> : Go to Map Displays -> tick Scheduled Interruption -> tick Outage Pins
2022-11-17 11:22:05,566 - INFO - <module> : Go to Map Displays -> tick Scheduled Interruption -> tick Outage Pins
2022-11-17 11:22:07,127 - INFO - <module> : Opened: https://outage-api.meralco.com.ph/
2022-11-17 11:22:07,127 - INFO - <module> : Opened: https://outage-api.meralco.com.ph/
2022-11-17 11:22:07,127 - INFO - <module> : Opened: https://outage-api.meralco.com.ph/
2022-11-17 11:22:07,127 - INFO - <module> : Opened: https://outage-api.meralco.com.ph/
2022-11-17 11:22:10,362 - INFO - <module> : input: v-lvlgalvez@meralco.com.ph
2022-11-17 11:22:10,362 - INFO - <module> : input: v-lvlgalvez@meralco.com.ph
2022-11-17 11:22:10,362 - INFO - <module> : input: v-lvlgalvez@meralco.com.ph
2022-11-17 11:22:10,362 - INFO - <module> : input: v-lvlgalvez@meralco.com.ph
2022-11-17 11:22:10,412 - INFO - <module> : Clicked
2022-11-17 11:22:10,412 - INFO - <module> : Clicked
2022-11-17 11:22:10,412 - INFO - <module> : Clicked
2022-11-17 11:22:10,412 - INFO - <module> : Clicked
2022-11-17 11:22:12,005 - INFO - <module> : input: Mecopass@@!!121
2022-11-17 11:22:12,005 - INFO - <module> : input: Mecopass@@!!121
2022-11-17 11:22:12,005 - INFO - <module> : input: Mecopass@@!!121
2022-11-17 11:22:12,005 - INFO - <module> : input: Mecopass@@!!121
2022-11-17 11:22:12,468 - INFO - <module> : Clicked
2022-11-17 11:22:12,468 - INFO - <module> : Clicked
2022-11-17 11:22:12,468 - INFO - <module> : Clicked
2022-11-17 11:22:12,468 - INFO - <module> : Clicked
2022-11-17 11:22:13,048 - INFO - <module> : Clicked
2022-11-17 11:22:13,048 - INFO - <module> : Clicked
2022-11-17 11:22:13,048 - INFO - <module> : Clicked
2022-11-17 11:22:13,048 - INFO - <module> : Clicked
2022-11-17 11:22:41,105 - INFO - <module> : Clicked
2022-11-17 11:22:41,105 - INFO - <module> : Clicked
2022-11-17 11:22:41,105 - INFO - <module> : Clicked
2022-11-17 11:22:41,105 - INFO - <module> : Clicked
2022-11-17 11:23:13,199 - INFO - <module> : Clicked
2022-11-17 11:23:13,199 - INFO - <module> : Clicked
2022-11-17 11:23:13,199 - INFO - <module> : Clicked
2022-11-17 11:23:13,199 - INFO - <module> : Clicked
2022-11-17 11:23:15,262 - INFO - <module> : Clicked
2022-11-17 11:23:15,262 - INFO - <module> : Clicked
2022-11-17 11:23:15,262 - INFO - <module> : Clicked
2022-11-17 11:23:15,262 - INFO - <module> : Clicked
2022-11-17 11:23:17,321 - INFO - <module> : Clicked
2022-11-17 11:23:17,321 - INFO - <module> : Clicked
2022-11-17 11:23:17,321 - INFO - <module> : Clicked
2022-11-17 11:23:17,321 - INFO - <module> : Clicked
2022-11-17 11:23:20,699 - INFO - <module> : Go to Map Displays -> tick Scheduled Interruptions -> tick Outage pins
2022-11-17 11:23:20,699 - INFO - <module> : Go to Map Displays -> tick Scheduled Interruptions -> tick Outage pins
2022-11-17 11:23:20,699 - INFO - <module> : Go to Map Displays -> tick Scheduled Interruptions -> tick Outage pins
2022-11-17 11:23:20,699 - INFO - <module> : Go to Map Displays -> tick Scheduled Interruptions -> tick Outage pins
2022-11-17 11:23:23,846 - INFO - <module> : Go to Map Displays -> tick Scheduled Interruptions -> tick Outage pins
2022-11-17 11:23:23,846 - INFO - <module> : Go to Map Displays -> tick Scheduled Interruptions -> tick Outage pins
2022-11-17 11:23:23,846 - INFO - <module> : Go to Map Displays -> tick Scheduled Interruptions -> tick Outage pins
2022-11-17 11:23:23,846 - INFO - <module> : Go to Map Displays -> tick Scheduled Interruptions -> tick Outage pins
2022-11-17 11:23:24,010 - INFO - <module> : Clicked
2022-11-17 11:23:24,010 - INFO - <module> : Clicked
2022-11-17 11:23:24,010 - INFO - <module> : Clicked
2022-11-17 11:23:24,010 - INFO - <module> : Clicked
2022-11-17 11:23:27,111 - INFO - <module> : Go to Map Displays -> tick Affected Areas under Scheduled Interruption
2022-11-17 11:23:27,111 - INFO - <module> : Go to Map Displays -> tick Affected Areas under Scheduled Interruption
2022-11-17 11:23:27,111 - INFO - <module> : Go to Map Displays -> tick Affected Areas under Scheduled Interruption
2022-11-17 11:23:27,111 - INFO - <module> : Go to Map Displays -> tick Affected Areas under Scheduled Interruption
2022-11-17 11:23:27,277 - INFO - setup : Close Browser
