2022-10-13 14:09:40,438 - INFO - setup : Browser Launched!
2022-10-13 14:09:49,656 - INFO - <module> : Go to External Map 
2022-10-13 14:09:49,656 - INFO - <module> : Go to External Map 
2022-10-13 14:09:49,656 - INFO - <module> : Go to External Map 
2022-10-13 14:09:49,656 - INFO - <module> : Go to External Map 
2022-10-13 14:09:49,822 - INFO - <module> : input: atmooutageaccount@yopmail.com
2022-10-13 14:09:49,822 - INFO - <module> : input: atmooutageaccount@yopmail.com
2022-10-13 14:09:49,822 - INFO - <module> : input: atmooutageaccount@yopmail.com
2022-10-13 14:09:49,822 - INFO - <module> : input: atmooutageaccount@yopmail.com
2022-10-13 14:09:49,893 - INFO - <module> : input: Meralco01
2022-10-13 14:09:49,893 - INFO - <module> : input: Meralco01
2022-10-13 14:09:49,893 - INFO - <module> : input: Meralco01
2022-10-13 14:09:49,893 - INFO - <module> : input: Meralco01
2022-10-13 14:09:49,948 - INFO - <module> : Log in clicked
2022-10-13 14:09:49,948 - INFO - <module> : Log in clicked
2022-10-13 14:09:49,948 - INFO - <module> : Log in clicked
2022-10-13 14:09:49,948 - INFO - <module> : Log in clicked
2022-10-13 14:09:54,235 - INFO - <module> : Hello, exists
2022-10-13 14:09:54,235 - INFO - <module> : Hello, exists
2022-10-13 14:09:54,235 - INFO - <module> : Hello, exists
2022-10-13 14:09:54,235 - INFO - <module> : Hello, exists
2022-10-13 14:09:54,253 - INFO - <module> : Hello, exists
2022-10-13 14:09:54,253 - INFO - <module> : Hello, exists
2022-10-13 14:09:54,253 - INFO - <module> : Hello, exists
2022-10-13 14:09:54,253 - INFO - <module> : Hello, exists
2022-10-13 14:09:56,480 - INFO - <module> : Outages & Incidents clicked
2022-10-13 14:09:56,480 - INFO - <module> : Outages & Incidents clicked
2022-10-13 14:09:56,480 - INFO - <module> : Outages & Incidents clicked
2022-10-13 14:09:56,480 - INFO - <module> : Outages & Incidents clicked
2022-10-13 14:09:56,522 - INFO - <module> :  clicked
2022-10-13 14:09:56,522 - INFO - <module> :  clicked
2022-10-13 14:09:56,522 - INFO - <module> :  clicked
2022-10-13 14:09:56,522 - INFO - <module> :  clicked
2022-10-13 14:10:00,301 - INFO - <module> : Select weather information to be displayed
2022-10-13 14:10:00,301 - INFO - <module> : Select weather information to be displayed
2022-10-13 14:10:00,301 - INFO - <module> : Select weather information to be displayed
2022-10-13 14:10:00,301 - INFO - <module> : Select weather information to be displayed
2022-10-13 14:10:00,990 - INFO - <module> :  clicked
2022-10-13 14:10:00,990 - INFO - <module> :  clicked
2022-10-13 14:10:00,990 - INFO - <module> :  clicked
2022-10-13 14:10:00,990 - INFO - <module> :  clicked
2022-10-13 14:10:05,287 - INFO - <module> :  clicked
2022-10-13 14:10:05,287 - INFO - <module> :  clicked
2022-10-13 14:10:05,287 - INFO - <module> :  clicked
2022-10-13 14:10:05,287 - INFO - <module> :  clicked
2022-10-13 14:10:05,854 - INFO - <module> : close clicked
2022-10-13 14:10:05,854 - INFO - <module> : close clicked
2022-10-13 14:10:05,854 - INFO - <module> : close clicked
2022-10-13 14:10:05,854 - INFO - <module> : close clicked
2022-10-13 14:10:17,033 - INFO - setup : Close Browser
