2022-10-27 13:58:18,771 - INFO - setup : Browser Launched!
2022-10-27 13:58:30,404 - INFO - <module> : Go to Map Displays -> Establishment -> Tick Vital Customers
2022-10-27 13:58:30,404 - INFO - <module> : Go to Map Displays -> Establishment -> Tick Vital Customers
2022-10-27 13:58:30,404 - INFO - <module> : Go to Map Displays -> Establishment -> Tick Vital Customers
2022-10-27 13:58:30,404 - INFO - <module> : Go to Map Displays -> Establishment -> Tick Vital Customers
2022-10-27 13:58:33,208 - INFO - <module> : Opened: https://outage-api.meralco.com.ph/
2022-10-27 13:58:33,208 - INFO - <module> : Opened: https://outage-api.meralco.com.ph/
2022-10-27 13:58:33,208 - INFO - <module> : Opened: https://outage-api.meralco.com.ph/
2022-10-27 13:58:33,208 - INFO - <module> : Opened: https://outage-api.meralco.com.ph/
2022-10-27 13:58:36,502 - INFO - <module> : input: v-lvlgalvez@meralco.com.ph
2022-10-27 13:58:36,502 - INFO - <module> : input: v-lvlgalvez@meralco.com.ph
2022-10-27 13:58:36,502 - INFO - <module> : input: v-lvlgalvez@meralco.com.ph
2022-10-27 13:58:36,502 - INFO - <module> : input: v-lvlgalvez@meralco.com.ph
2022-10-27 13:58:36,553 - INFO - <module> : Clicked
2022-10-27 13:58:36,553 - INFO - <module> : Clicked
2022-10-27 13:58:36,553 - INFO - <module> : Clicked
2022-10-27 13:58:36,553 - INFO - <module> : Clicked
2022-10-27 13:58:37,642 - INFO - <module> : input: Mecopass@@!!129
2022-10-27 13:58:37,642 - INFO - <module> : input: Mecopass@@!!129
2022-10-27 13:58:37,642 - INFO - <module> : input: Mecopass@@!!129
2022-10-27 13:58:37,642 - INFO - <module> : input: Mecopass@@!!129
2022-10-27 13:58:38,540 - INFO - <module> : Clicked
2022-10-27 13:58:38,540 - INFO - <module> : Clicked
2022-10-27 13:58:38,540 - INFO - <module> : Clicked
2022-10-27 13:58:38,540 - INFO - <module> : Clicked
2022-10-27 13:58:39,134 - INFO - <module> : Clicked
2022-10-27 13:58:39,134 - INFO - <module> : Clicked
2022-10-27 13:58:39,134 - INFO - <module> : Clicked
2022-10-27 13:58:39,134 - INFO - <module> : Clicked
2022-10-27 13:59:08,325 - INFO - <module> : Clicked
2022-10-27 13:59:08,325 - INFO - <module> : Clicked
2022-10-27 13:59:08,325 - INFO - <module> : Clicked
2022-10-27 13:59:08,325 - INFO - <module> : Clicked
2022-10-27 13:59:12,405 - INFO - <module> :  clicked
2022-10-27 13:59:12,405 - INFO - <module> :  clicked
2022-10-27 13:59:12,405 - INFO - <module> :  clicked
2022-10-27 13:59:12,405 - INFO - <module> :  clicked
2022-10-27 13:59:12,474 - INFO - <module> : Map Displays clicked
2022-10-27 13:59:12,474 - INFO - <module> : Map Displays clicked
2022-10-27 13:59:12,474 - INFO - <module> : Map Displays clicked
2022-10-27 13:59:12,474 - INFO - <module> : Map Displays clicked
2022-10-27 13:59:13,055 - INFO - <module> :  clicked
2022-10-27 13:59:13,055 - INFO - <module> :  clicked
2022-10-27 13:59:13,055 - INFO - <module> :  clicked
2022-10-27 13:59:13,055 - INFO - <module> :  clicked
2022-10-27 13:59:36,010 - INFO - <module> : Click on any Vital Customer pin
2022-10-27 13:59:36,010 - INFO - <module> : Click on any Vital Customer pin
2022-10-27 13:59:36,010 - INFO - <module> : Click on any Vital Customer pin
2022-10-27 13:59:36,010 - INFO - <module> : Click on any Vital Customer pin
2022-10-27 13:59:50,540 - INFO - setup : Close Browser
