2023-01-11 11:04:12,258 - INFO - setup : Browser Launched!
2023-01-11 11:04:26,299 - INFO - <module> : Go to Outages & Incidents > Report Streetlight And Safety Concerns
2023-01-11 11:04:26,299 - INFO - <module> : Go to Outages & Incidents > Report Streetlight And Safety Concerns
2023-01-11 11:04:26,299 - INFO - <module> : Go to Outages & Incidents > Report Streetlight And Safety Concerns
2023-01-11 11:04:26,299 - INFO - <module> : Go to Outages & Incidents > Report Streetlight And Safety Concerns
2023-01-11 11:04:26,299 - INFO - <module> : Go to Outages & Incidents > Report Streetlight And Safety Concerns
2023-01-11 11:04:32,890 - INFO - <module> : Opened: https://fuat-meralco.cs73.force.com/customers/s/outagemap
2023-01-11 11:04:32,890 - INFO - <module> : Opened: https://fuat-meralco.cs73.force.com/customers/s/outagemap
2023-01-11 11:04:32,890 - INFO - <module> : Opened: https://fuat-meralco.cs73.force.com/customers/s/outagemap
2023-01-11 11:04:32,890 - INFO - <module> : Opened: https://fuat-meralco.cs73.force.com/customers/s/outagemap
2023-01-11 11:04:32,890 - INFO - <module> : Opened: https://fuat-meralco.cs73.force.com/customers/s/outagemap
2023-01-11 11:04:35,775 - INFO - <module> : Meralco would like to access your location to identify if your area is affected by an outage. exists
2023-01-11 11:04:35,775 - INFO - <module> : Meralco would like to access your location to identify if your area is affected by an outage. exists
2023-01-11 11:04:35,775 - INFO - <module> : Meralco would like to access your location to identify if your area is affected by an outage. exists
2023-01-11 11:04:35,775 - INFO - <module> : Meralco would like to access your location to identify if your area is affected by an outage. exists
2023-01-11 11:04:35,775 - INFO - <module> : Meralco would like to access your location to identify if your area is affected by an outage. exists
2023-01-11 11:04:37,895 - INFO - <module> : Clicked
2023-01-11 11:04:37,895 - INFO - <module> : Clicked
2023-01-11 11:04:37,895 - INFO - <module> : Clicked
2023-01-11 11:04:37,895 - INFO - <module> : Clicked
2023-01-11 11:04:37,895 - INFO - <module> : Clicked
2023-01-11 11:04:41,977 - INFO - <module> : Clicked
2023-01-11 11:04:41,977 - INFO - <module> : Clicked
2023-01-11 11:04:41,977 - INFO - <module> : Clicked
2023-01-11 11:04:41,977 - INFO - <module> : Clicked
2023-01-11 11:04:41,977 - INFO - <module> : Clicked
2023-01-11 11:04:50,065 - INFO - <module> : Report an Outage or Incident exists
2023-01-11 11:04:50,065 - INFO - <module> : Report an Outage or Incident exists
2023-01-11 11:04:50,065 - INFO - <module> : Report an Outage or Incident exists
2023-01-11 11:04:50,065 - INFO - <module> : Report an Outage or Incident exists
2023-01-11 11:04:50,065 - INFO - <module> : Report an Outage or Incident exists
2023-01-11 11:04:50,209 - INFO - <module> : Clicked
2023-01-11 11:04:50,209 - INFO - <module> : Clicked
2023-01-11 11:04:50,209 - INFO - <module> : Clicked
2023-01-11 11:04:50,209 - INFO - <module> : Clicked
2023-01-11 11:04:50,209 - INFO - <module> : Clicked
2023-01-11 11:04:50,814 - INFO - <module> : Clicked
2023-01-11 11:04:50,814 - INFO - <module> : Clicked
2023-01-11 11:04:50,814 - INFO - <module> : Clicked
2023-01-11 11:04:50,814 - INFO - <module> : Clicked
2023-01-11 11:04:50,814 - INFO - <module> : Clicked
2023-01-11 11:04:50,894 - INFO - <module> : Clicked
2023-01-11 11:04:50,894 - INFO - <module> : Clicked
2023-01-11 11:04:50,894 - INFO - <module> : Clicked
2023-01-11 11:04:50,894 - INFO - <module> : Clicked
2023-01-11 11:04:50,894 - INFO - <module> : Clicked
2023-01-11 11:04:53,794 - INFO - <module> : Populate required fields > click Submit
2023-01-11 11:04:53,794 - INFO - <module> : Populate required fields > click Submit
2023-01-11 11:04:53,794 - INFO - <module> : Populate required fields > click Submit
2023-01-11 11:04:53,794 - INFO - <module> : Populate required fields > click Submit
2023-01-11 11:04:53,794 - INFO - <module> : Populate required fields > click Submit
2023-01-11 11:04:53,857 - INFO - <module> : Clicked
2023-01-11 11:04:53,857 - INFO - <module> : Clicked
2023-01-11 11:04:53,857 - INFO - <module> : Clicked
2023-01-11 11:04:53,857 - INFO - <module> : Clicked
2023-01-11 11:04:53,857 - INFO - <module> : Clicked
2023-01-11 11:04:54,423 - INFO - <module> : Clicked
2023-01-11 11:04:54,423 - INFO - <module> : Clicked
2023-01-11 11:04:54,423 - INFO - <module> : Clicked
2023-01-11 11:04:54,423 - INFO - <module> : Clicked
2023-01-11 11:04:54,423 - INFO - <module> : Clicked
2023-01-11 11:04:54,985 - INFO - <module> : Clicked
2023-01-11 11:04:54,985 - INFO - <module> : Clicked
2023-01-11 11:04:54,985 - INFO - <module> : Clicked
2023-01-11 11:04:54,985 - INFO - <module> : Clicked
2023-01-11 11:04:54,985 - INFO - <module> : Clicked
2023-01-11 11:04:55,548 - INFO - <module> : Clicked
2023-01-11 11:04:55,548 - INFO - <module> : Clicked
2023-01-11 11:04:55,548 - INFO - <module> : Clicked
2023-01-11 11:04:55,548 - INFO - <module> : Clicked
2023-01-11 11:04:55,548 - INFO - <module> : Clicked
2023-01-11 11:04:56,620 - INFO - <module> : Clicked
2023-01-11 11:04:56,620 - INFO - <module> : Clicked
2023-01-11 11:04:56,620 - INFO - <module> : Clicked
2023-01-11 11:04:56,620 - INFO - <module> : Clicked
2023-01-11 11:04:56,620 - INFO - <module> : Clicked
2023-01-11 11:04:56,688 - INFO - <module> : input: 123
2023-01-11 11:04:56,688 - INFO - <module> : input: 123
2023-01-11 11:04:56,688 - INFO - <module> : input: 123
2023-01-11 11:04:56,688 - INFO - <module> : input: 123
2023-01-11 11:04:56,688 - INFO - <module> : input: 123
2023-01-11 11:04:56,745 - INFO - <module> : Clicked
2023-01-11 11:04:56,745 - INFO - <module> : Clicked
2023-01-11 11:04:56,745 - INFO - <module> : Clicked
2023-01-11 11:04:56,745 - INFO - <module> : Clicked
2023-01-11 11:04:56,745 - INFO - <module> : Clicked
2023-01-11 11:04:57,868 - INFO - setup : Close Browser
