2022-11-18 13:22:34,928 - INFO - setup : Browser Launched!
2022-11-18 13:22:44,963 - INFO - <module> : Opened: https://outage-api.meralco.com.ph/
2022-11-18 13:22:44,963 - INFO - <module> : Opened: https://outage-api.meralco.com.ph/
2022-11-18 13:22:44,963 - INFO - <module> : Opened: https://outage-api.meralco.com.ph/
2022-11-18 13:22:44,963 - INFO - <module> : Opened: https://outage-api.meralco.com.ph/
2022-11-18 13:22:46,678 - INFO - <module> : input: v-lvlgalvez@meralco.com.ph
2022-11-18 13:22:46,678 - INFO - <module> : input: v-lvlgalvez@meralco.com.ph
2022-11-18 13:22:46,678 - INFO - <module> : input: v-lvlgalvez@meralco.com.ph
2022-11-18 13:22:46,678 - INFO - <module> : input: v-lvlgalvez@meralco.com.ph
2022-11-18 13:22:46,728 - INFO - <module> : Clicked
2022-11-18 13:22:46,728 - INFO - <module> : Clicked
2022-11-18 13:22:46,728 - INFO - <module> : Clicked
2022-11-18 13:22:46,728 - INFO - <module> : Clicked
2022-11-18 13:22:48,322 - INFO - <module> : input: Mecopass@@!!121
2022-11-18 13:22:48,322 - INFO - <module> : input: Mecopass@@!!121
2022-11-18 13:22:48,322 - INFO - <module> : input: Mecopass@@!!121
2022-11-18 13:22:48,322 - INFO - <module> : input: Mecopass@@!!121
2022-11-18 13:22:48,711 - INFO - <module> : Clicked
2022-11-18 13:22:48,711 - INFO - <module> : Clicked
2022-11-18 13:22:48,711 - INFO - <module> : Clicked
2022-11-18 13:22:48,711 - INFO - <module> : Clicked
2022-11-18 13:22:49,300 - INFO - <module> : Clicked
2022-11-18 13:22:49,300 - INFO - <module> : Clicked
2022-11-18 13:22:49,300 - INFO - <module> : Clicked
2022-11-18 13:22:49,300 - INFO - <module> : Clicked
2022-11-18 13:23:43,089 - INFO - <module> : Clicked
2022-11-18 13:23:43,089 - INFO - <module> : Clicked
2022-11-18 13:23:43,089 - INFO - <module> : Clicked
2022-11-18 13:23:43,089 - INFO - <module> : Clicked
2022-11-18 13:24:15,850 - INFO - <module> : Hover over Refresh data button
2022-11-18 13:24:15,850 - INFO - <module> : Hover over Refresh data button
2022-11-18 13:24:15,850 - INFO - <module> : Hover over Refresh data button
2022-11-18 13:24:15,850 - INFO - <module> : Hover over Refresh data button
2022-11-18 13:24:29,856 - INFO - <module> : Remain idle for 3 minutes in Internal Map and wait for auto refresh
2022-11-18 13:24:29,856 - INFO - <module> : Remain idle for 3 minutes in Internal Map and wait for auto refresh
2022-11-18 13:24:29,856 - INFO - <module> : Remain idle for 3 minutes in Internal Map and wait for auto refresh
2022-11-18 13:24:29,856 - INFO - <module> : Remain idle for 3 minutes in Internal Map and wait for auto refresh
2022-11-18 13:27:37,355 - INFO - setup : Close Browser
