2023-01-10 15:26:15,801 - INFO - setup : Browser Launched!
2023-01-10 15:26:35,269 - INFO - <module> : Go to Outages & Incidents > Report Streetlight And Safety Concerns
2023-01-10 15:26:35,269 - INFO - <module> : Go to Outages & Incidents > Report Streetlight And Safety Concerns
2023-01-10 15:26:35,269 - INFO - <module> : Go to Outages & Incidents > Report Streetlight And Safety Concerns
2023-01-10 15:26:35,269 - INFO - <module> : Go to Outages & Incidents > Report Streetlight And Safety Concerns
2023-01-10 15:26:35,269 - INFO - <module> : Go to Outages & Incidents > Report Streetlight And Safety Concerns
2023-01-10 15:26:40,616 - INFO - <module> : Opened: https://fuat-meralco.cs73.force.com/customers/s/outagemap
2023-01-10 15:26:40,616 - INFO - <module> : Opened: https://fuat-meralco.cs73.force.com/customers/s/outagemap
2023-01-10 15:26:40,616 - INFO - <module> : Opened: https://fuat-meralco.cs73.force.com/customers/s/outagemap
2023-01-10 15:26:40,616 - INFO - <module> : Opened: https://fuat-meralco.cs73.force.com/customers/s/outagemap
2023-01-10 15:26:40,616 - INFO - <module> : Opened: https://fuat-meralco.cs73.force.com/customers/s/outagemap
2023-01-10 15:26:44,561 - INFO - <module> : Meralco would like to access your location to identify if your area is affected by an outage. exists
2023-01-10 15:26:44,561 - INFO - <module> : Meralco would like to access your location to identify if your area is affected by an outage. exists
2023-01-10 15:26:44,561 - INFO - <module> : Meralco would like to access your location to identify if your area is affected by an outage. exists
2023-01-10 15:26:44,561 - INFO - <module> : Meralco would like to access your location to identify if your area is affected by an outage. exists
2023-01-10 15:26:44,561 - INFO - <module> : Meralco would like to access your location to identify if your area is affected by an outage. exists
2023-01-10 15:26:46,838 - INFO - <module> : Clicked
2023-01-10 15:26:46,838 - INFO - <module> : Clicked
2023-01-10 15:26:46,838 - INFO - <module> : Clicked
2023-01-10 15:26:46,838 - INFO - <module> : Clicked
2023-01-10 15:26:46,838 - INFO - <module> : Clicked
2023-01-10 15:26:50,937 - INFO - <module> : Clicked
2023-01-10 15:26:50,937 - INFO - <module> : Clicked
2023-01-10 15:26:50,937 - INFO - <module> : Clicked
2023-01-10 15:26:50,937 - INFO - <module> : Clicked
2023-01-10 15:26:50,937 - INFO - <module> : Clicked
2023-01-10 15:26:59,983 - INFO - <module> : Report an Outage or Incident exists
2023-01-10 15:26:59,983 - INFO - <module> : Report an Outage or Incident exists
2023-01-10 15:26:59,983 - INFO - <module> : Report an Outage or Incident exists
2023-01-10 15:26:59,983 - INFO - <module> : Report an Outage or Incident exists
2023-01-10 15:26:59,983 - INFO - <module> : Report an Outage or Incident exists
2023-01-10 15:27:00,078 - INFO - <module> : Clicked
2023-01-10 15:27:00,078 - INFO - <module> : Clicked
2023-01-10 15:27:00,078 - INFO - <module> : Clicked
2023-01-10 15:27:00,078 - INFO - <module> : Clicked
2023-01-10 15:27:00,078 - INFO - <module> : Clicked
2023-01-10 15:27:00,154 - INFO - <module> : Clicked
2023-01-10 15:27:00,154 - INFO - <module> : Clicked
2023-01-10 15:27:00,154 - INFO - <module> : Clicked
2023-01-10 15:27:00,154 - INFO - <module> : Clicked
2023-01-10 15:27:00,154 - INFO - <module> : Clicked
2023-01-10 15:27:00,730 - INFO - <module> : Clicked
2023-01-10 15:27:00,730 - INFO - <module> : Clicked
2023-01-10 15:27:00,730 - INFO - <module> : Clicked
2023-01-10 15:27:00,730 - INFO - <module> : Clicked
2023-01-10 15:27:00,730 - INFO - <module> : Clicked
2023-01-10 15:27:03,839 - INFO - <module> : Populate required fields > click Submit
2023-01-10 15:27:03,839 - INFO - <module> : Populate required fields > click Submit
2023-01-10 15:27:03,839 - INFO - <module> : Populate required fields > click Submit
2023-01-10 15:27:03,839 - INFO - <module> : Populate required fields > click Submit
2023-01-10 15:27:03,839 - INFO - <module> : Populate required fields > click Submit
2023-01-10 15:27:16,896 - INFO - setup : Close Browser
