2022-10-27 13:12:10,833 - INFO - setup : Browser Launched!
2022-10-27 13:12:19,310 - INFO - <module> : Go to Map Displays -> Establishment -> Tick Sector Offices
2022-10-27 13:12:19,310 - INFO - <module> : Go to Map Displays -> Establishment -> Tick Sector Offices
2022-10-27 13:12:19,310 - INFO - <module> : Go to Map Displays -> Establishment -> Tick Sector Offices
2022-10-27 13:12:19,310 - INFO - <module> : Go to Map Displays -> Establishment -> Tick Sector Offices
2022-10-27 13:12:21,053 - INFO - <module> : Opened: https://outage-api.meralco.com.ph/
2022-10-27 13:12:21,053 - INFO - <module> : Opened: https://outage-api.meralco.com.ph/
2022-10-27 13:12:21,053 - INFO - <module> : Opened: https://outage-api.meralco.com.ph/
2022-10-27 13:12:21,053 - INFO - <module> : Opened: https://outage-api.meralco.com.ph/
2022-10-27 13:12:22,261 - INFO - <module> : input: v-lvlgalvez@meralco.com.ph
2022-10-27 13:12:22,261 - INFO - <module> : input: v-lvlgalvez@meralco.com.ph
2022-10-27 13:12:22,261 - INFO - <module> : input: v-lvlgalvez@meralco.com.ph
2022-10-27 13:12:22,261 - INFO - <module> : input: v-lvlgalvez@meralco.com.ph
2022-10-27 13:12:22,326 - INFO - <module> : Clicked
2022-10-27 13:12:22,326 - INFO - <module> : Clicked
2022-10-27 13:12:22,326 - INFO - <module> : Clicked
2022-10-27 13:12:22,326 - INFO - <module> : Clicked
2022-10-27 13:12:23,419 - INFO - <module> : input: Mecopass@@!!129
2022-10-27 13:12:23,419 - INFO - <module> : input: Mecopass@@!!129
2022-10-27 13:12:23,419 - INFO - <module> : input: Mecopass@@!!129
2022-10-27 13:12:23,419 - INFO - <module> : input: Mecopass@@!!129
2022-10-27 13:12:24,526 - INFO - <module> : Clicked
2022-10-27 13:12:24,526 - INFO - <module> : Clicked
2022-10-27 13:12:24,526 - INFO - <module> : Clicked
2022-10-27 13:12:24,526 - INFO - <module> : Clicked
2022-10-27 13:12:25,124 - INFO - <module> : Clicked
2022-10-27 13:12:25,124 - INFO - <module> : Clicked
2022-10-27 13:12:25,124 - INFO - <module> : Clicked
2022-10-27 13:12:25,124 - INFO - <module> : Clicked
2022-10-27 13:12:53,230 - INFO - <module> : Clicked
2022-10-27 13:12:53,230 - INFO - <module> : Clicked
2022-10-27 13:12:53,230 - INFO - <module> : Clicked
2022-10-27 13:12:53,230 - INFO - <module> : Clicked
2022-10-27 13:12:57,317 - INFO - <module> :  clicked
2022-10-27 13:12:57,317 - INFO - <module> :  clicked
2022-10-27 13:12:57,317 - INFO - <module> :  clicked
2022-10-27 13:12:57,317 - INFO - <module> :  clicked
2022-10-27 13:12:57,392 - INFO - <module> : Map Displays clicked
2022-10-27 13:12:57,392 - INFO - <module> : Map Displays clicked
2022-10-27 13:12:57,392 - INFO - <module> : Map Displays clicked
2022-10-27 13:12:57,392 - INFO - <module> : Map Displays clicked
2022-10-27 13:12:57,978 - INFO - <module> :  clicked
2022-10-27 13:12:57,978 - INFO - <module> :  clicked
2022-10-27 13:12:57,978 - INFO - <module> :  clicked
2022-10-27 13:12:57,978 - INFO - <module> :  clicked
2022-10-27 13:13:21,074 - INFO - <module> : Click on any Sector Office pin
2022-10-27 13:13:21,074 - INFO - <module> : Click on any Sector Office pin
2022-10-27 13:13:21,074 - INFO - <module> : Click on any Sector Office pin
2022-10-27 13:13:21,074 - INFO - <module> : Click on any Sector Office pin
2022-10-27 13:13:21,217 - INFO - <module> : Clicked
2022-10-27 13:13:21,217 - INFO - <module> : Clicked
2022-10-27 13:13:21,217 - INFO - <module> : Clicked
2022-10-27 13:13:21,217 - INFO - <module> : Clicked
2022-10-27 13:13:43,682 - INFO - setup : Close Browser
