2022-10-18 13:52:13,542 - INFO - setup : Browser Launched!
2022-10-18 13:52:29,402 - INFO - <module> : Go to https://fuat-meralco.cs73.force.com/customers/s/outagemap
2022-10-18 13:52:29,402 - INFO - <module> : Go to https://fuat-meralco.cs73.force.com/customers/s/outagemap
2022-10-18 13:52:29,402 - INFO - <module> : Go to https://fuat-meralco.cs73.force.com/customers/s/outagemap
2022-10-18 13:52:29,402 - INFO - <module> : Go to https://fuat-meralco.cs73.force.com/customers/s/outagemap
2022-10-18 13:52:35,345 - INFO - <module> : Opened: https://fuat-meralco.cs73.force.com/customers/s/outagemap
2022-10-18 13:52:35,345 - INFO - <module> : Opened: https://fuat-meralco.cs73.force.com/customers/s/outagemap
2022-10-18 13:52:35,345 - INFO - <module> : Opened: https://fuat-meralco.cs73.force.com/customers/s/outagemap
2022-10-18 13:52:35,345 - INFO - <module> : Opened: https://fuat-meralco.cs73.force.com/customers/s/outagemap
2022-10-18 13:52:40,719 - INFO - <module> : On the left side, hover on tooltip beside Other Address
2022-10-18 13:52:40,719 - INFO - <module> : On the left side, hover on tooltip beside Other Address
2022-10-18 13:52:40,719 - INFO - <module> : On the left side, hover on tooltip beside Other Address
2022-10-18 13:52:40,719 - INFO - <module> : On the left side, hover on tooltip beside Other Address
2022-10-18 13:52:43,935 - INFO - <module> : Meralco would like to access your location to identify if your area is affected by an outage. exists
2022-10-18 13:52:43,935 - INFO - <module> : Meralco would like to access your location to identify if your area is affected by an outage. exists
2022-10-18 13:52:43,935 - INFO - <module> : Meralco would like to access your location to identify if your area is affected by an outage. exists
2022-10-18 13:52:43,935 - INFO - <module> : Meralco would like to access your location to identify if your area is affected by an outage. exists
2022-10-18 13:52:44,204 - INFO - <module> : Clicked
2022-10-18 13:52:44,204 - INFO - <module> : Clicked
2022-10-18 13:52:44,204 - INFO - <module> : Clicked
2022-10-18 13:52:44,204 - INFO - <module> : Clicked
2022-10-18 13:52:59,595 - INFO - setup : Close Browser
