2022-11-18 14:32:38,139 - INFO - setup : Browser Launched!
2022-11-18 14:32:47,617 - INFO - <module> : Go to lower right of Internal Map
2022-11-18 14:32:47,617 - INFO - <module> : Go to lower right of Internal Map
2022-11-18 14:32:47,617 - INFO - <module> : Go to lower right of Internal Map
2022-11-18 14:32:47,617 - INFO - <module> : Go to lower right of Internal Map
2022-11-18 14:32:49,311 - INFO - <module> : Opened: https://outage-api.meralco.com.ph/
2022-11-18 14:32:49,311 - INFO - <module> : Opened: https://outage-api.meralco.com.ph/
2022-11-18 14:32:49,311 - INFO - <module> : Opened: https://outage-api.meralco.com.ph/
2022-11-18 14:32:49,311 - INFO - <module> : Opened: https://outage-api.meralco.com.ph/
2022-11-18 14:32:51,050 - INFO - <module> : input: v-agsealmoy@meralco.com.ph
2022-11-18 14:32:51,050 - INFO - <module> : input: v-agsealmoy@meralco.com.ph
2022-11-18 14:32:51,050 - INFO - <module> : input: v-agsealmoy@meralco.com.ph
2022-11-18 14:32:51,050 - INFO - <module> : input: v-agsealmoy@meralco.com.ph
2022-11-18 14:32:51,183 - INFO - <module> : Clicked
2022-11-18 14:32:51,183 - INFO - <module> : Clicked
2022-11-18 14:32:51,183 - INFO - <module> : Clicked
2022-11-18 14:32:51,183 - INFO - <module> : Clicked
2022-11-18 14:32:52,300 - INFO - <module> : input: Meco@@##00018
2022-11-18 14:32:52,300 - INFO - <module> : input: Meco@@##00018
2022-11-18 14:32:52,300 - INFO - <module> : input: Meco@@##00018
2022-11-18 14:32:52,300 - INFO - <module> : input: Meco@@##00018
2022-11-18 14:32:52,791 - INFO - <module> : Clicked
2022-11-18 14:32:52,791 - INFO - <module> : Clicked
2022-11-18 14:32:52,791 - INFO - <module> : Clicked
2022-11-18 14:32:52,791 - INFO - <module> : Clicked
2022-11-18 14:32:53,447 - INFO - <module> : Clicked
2022-11-18 14:32:53,447 - INFO - <module> : Clicked
2022-11-18 14:32:53,447 - INFO - <module> : Clicked
2022-11-18 14:32:53,447 - INFO - <module> : Clicked
2022-11-18 14:33:31,811 - INFO - setup : Close Browser
