2022-10-13 15:05:02,897 - INFO - setup : Browser Launched!
2022-10-13 15:05:12,228 - INFO - <module> : Go to External Map 
2022-10-13 15:05:12,228 - INFO - <module> : Go to External Map 
2022-10-13 15:05:12,228 - INFO - <module> : Go to External Map 
2022-10-13 15:05:12,228 - INFO - <module> : Go to External Map 
2022-10-13 15:05:23,843 - INFO - <module> : Opened: https://fuat-meralco.cs73.force.com/customers/s/outagemap
2022-10-13 15:05:23,843 - INFO - <module> : Opened: https://fuat-meralco.cs73.force.com/customers/s/outagemap
2022-10-13 15:05:23,843 - INFO - <module> : Opened: https://fuat-meralco.cs73.force.com/customers/s/outagemap
2022-10-13 15:05:23,843 - INFO - <module> : Opened: https://fuat-meralco.cs73.force.com/customers/s/outagemap
2022-10-13 15:05:26,837 - INFO - <module> : Select weather information to be displayed
2022-10-13 15:05:26,837 - INFO - <module> : Select weather information to be displayed
2022-10-13 15:05:26,837 - INFO - <module> : Select weather information to be displayed
2022-10-13 15:05:26,837 - INFO - <module> : Select weather information to be displayed
2022-10-13 15:05:27,457 - INFO - <module> : Meralco would like to access your location to identify if your area is affected by an outage. exists
2022-10-13 15:05:27,457 - INFO - <module> : Meralco would like to access your location to identify if your area is affected by an outage. exists
2022-10-13 15:05:27,457 - INFO - <module> : Meralco would like to access your location to identify if your area is affected by an outage. exists
2022-10-13 15:05:27,457 - INFO - <module> : Meralco would like to access your location to identify if your area is affected by an outage. exists
2022-10-13 15:05:27,830 - INFO - <module> : Disagree clicked
2022-10-13 15:05:27,830 - INFO - <module> : Disagree clicked
2022-10-13 15:05:27,830 - INFO - <module> : Disagree clicked
2022-10-13 15:05:27,830 - INFO - <module> : Disagree clicked
2022-10-13 15:05:31,922 - INFO - <module> :  clicked
2022-10-13 15:05:31,922 - INFO - <module> :  clicked
2022-10-13 15:05:31,922 - INFO - <module> :  clicked
2022-10-13 15:05:31,922 - INFO - <module> :  clicked
2022-10-13 15:05:34,339 - INFO - <module> :  clicked
2022-10-13 15:05:34,339 - INFO - <module> :  clicked
2022-10-13 15:05:34,339 - INFO - <module> :  clicked
2022-10-13 15:05:34,339 - INFO - <module> :  clicked
2022-10-13 15:05:34,902 - INFO - <module> : close clicked
2022-10-13 15:05:34,902 - INFO - <module> : close clicked
2022-10-13 15:05:34,902 - INFO - <module> : close clicked
2022-10-13 15:05:34,902 - INFO - <module> : close clicked
2022-10-13 15:05:49,996 - INFO - <module> :  clicked
2022-10-13 15:05:49,996 - INFO - <module> :  clicked
2022-10-13 15:05:49,996 - INFO - <module> :  clicked
2022-10-13 15:05:49,996 - INFO - <module> :  clicked
2022-10-13 15:05:52,933 - INFO - <module> : Adjust outage map zoom level to greater than 8
2022-10-13 15:05:52,933 - INFO - <module> : Adjust outage map zoom level to greater than 8
2022-10-13 15:05:52,933 - INFO - <module> : Adjust outage map zoom level to greater than 8
2022-10-13 15:05:52,933 - INFO - <module> : Adjust outage map zoom level to greater than 8
2022-10-13 15:05:53,145 - INFO - <module> : remove clicked
2022-10-13 15:05:53,145 - INFO - <module> : remove clicked
2022-10-13 15:05:53,145 - INFO - <module> : remove clicked
2022-10-13 15:05:53,145 - INFO - <module> : remove clicked
2022-10-13 15:05:56,054 - INFO - <module> : Validate weather icons in Internal Map
2022-10-13 15:05:56,054 - INFO - <module> : Validate weather icons in Internal Map
2022-10-13 15:05:56,054 - INFO - <module> : Validate weather icons in Internal Map
2022-10-13 15:05:56,054 - INFO - <module> : Validate weather icons in Internal Map
2022-10-13 15:05:58,473 - INFO - setup : Close Browser
